[INFO] GPU Roofline Tools 
[INFO] Version 1.0.0 (C)2024 Bagus Hanindhito 
[INFO] Built for AMD Instinct MI300X (gfx942) GPUs
[INFO] Detected 8 HIP-capable device(s)
[INFO] +---+------------------------+----+----+-----------+--------------+--------------+
[INFO] |#  |Device Name             |CC  |#CU |Freq. (MHz)|Mem. Size (MB)|Mem. BW (GB/s)|
[INFO] +---+------------------------+----+----+-----------+--------------+--------------+
[INFO] |0  |AMD Instinct MI300X     |9.4 |304 |2100       |196592        |2662.4        |
[INFO] +---+------------------------+----+----+-----------+--------------+--------------+
[INFO] |1  |AMD Instinct MI300X     |9.4 |304 |2100       |196592        |2662.4        |
[INFO] +---+------------------------+----+----+-----------+--------------+--------------+
[INFO] |2  |AMD Instinct MI300X     |9.4 |304 |2100       |196592        |2662.4        |
[INFO] +---+------------------------+----+----+-----------+--------------+--------------+
[INFO] |3  |AMD Instinct MI300X     |9.4 |304 |2100       |196592        |2662.4        |
[INFO] +---+------------------------+----+----+-----------+--------------+--------------+
[INFO] |4  |AMD Instinct MI300X     |9.4 |304 |2100       |196592        |2662.4        |
[INFO] +---+------------------------+----+----+-----------+--------------+--------------+
[INFO] |5  |AMD Instinct MI300X     |9.4 |304 |2100       |196592        |2662.4        |
[INFO] +---+------------------------+----+----+-----------+--------------+--------------+
[INFO] |6  |AMD Instinct MI300X     |9.4 |304 |2100       |196592        |2662.4        |
[INFO] +---+------------------------+----+----+-----------+--------------+--------------+
[INFO] |7  |AMD Instinct MI300X     |9.4 |304 |2100       |196592        |2662.4        |
[INFO] +---+------------------------+----+----+-----------+--------------+--------------+
[WARN] This program does not currently support Multi-GPU run.
[INFO] Set default GPU to GPU index 0
[INFO] (1743210107) Running with 1 wavefront(s) per workgroup and 1 workgroup(s)
[INFO] (1743210110) Running with 2 wavefront(s) per workgroup and 1 workgroup(s)
[INFO] (1743210112) Running with 3 wavefront(s) per workgroup and 1 workgroup(s)
[INFO] (1743210114) Running with 4 wavefront(s) per workgroup and 1 workgroup(s)
[INFO] (1743210116) Running with 5 wavefront(s) per workgroup and 1 workgroup(s)
[INFO] (1743210120) Running with 6 wavefront(s) per workgroup and 1 workgroup(s)
[INFO] (1743210124) Running with 7 wavefront(s) per workgroup and 1 workgroup(s)
[INFO] (1743210128) Running with 8 wavefront(s) per workgroup and 1 workgroup(s)
[INFO] (1743210132) Running with 9 wavefront(s) per workgroup and 1 workgroup(s)
[INFO] (1743210139) Running with 10 wavefront(s) per workgroup and 1 workgroup(s)
[INFO] (1743210145) Running with 11 wavefront(s) per workgroup and 1 workgroup(s)
[INFO] (1743210151) Running with 12 wavefront(s) per workgroup and 1 workgroup(s)
[INFO] (1743210157) Running with 13 wavefront(s) per workgroup and 1 workgroup(s)
[INFO] (1743210165) Running with 14 wavefront(s) per workgroup and 1 workgroup(s)
[INFO] (1743210173) Running with 15 wavefront(s) per workgroup and 1 workgroup(s)
[INFO] (1743210182) Running with 16 wavefront(s) per workgroup and 1 workgroup(s)
Result M_WMMA with tf32/fp32
n_iter, n_thread, n_wg, n_wf, wf_size, wg_size, n_flops, n_bytes, time_ms, gflop/s, avg_clock, max_clock, min_clock, stdev_clock 
268435456, 64, 1, 1, 64, 64, 4398046511104, 4096, 2077.4, 2117.09, 4.30309e+09, 4303086223, 4303086223, 1 
268435456, 128, 1, 2, 64, 128, 8796093022208, 8192, 2067.94, 4253.55, 4.30005e+09, 4300048850, 4300048822, 1 
268435456, 192, 1, 3, 64, 192, 13194139533312, 12288, 2070.52, 6372.38, 4.30103e+09, 4301026094, 4301026044, 1 
268435456, 256, 1, 4, 64, 256, 17592186044416, 16384, 2060.26, 8538.81, 4.29876e+09, 4298759760, 4298759729, 1 
268435456, 320, 1, 5, 64, 320, 21990232555520, 20480, 4108.28, 5352.66, 5.15858e+09, 8594441861, 4299477714, 1.05399 
268435456, 384, 1, 6, 64, 384, 26388279066624, 24576, 4108.09, 6423.5, 5.72977e+09, 8592907956, 4297947892, 1.06059 
268435456, 448, 1, 7, 64, 448, 30786325577728, 28672, 4107.98, 7494.28, 6.13934e+09, 8593380272, 4298419549, 1.05822 
268435456, 512, 1, 8, 64, 512, 35184372088832, 32768, 4107.65, 8565.57, 6.44476e+09, 8592449816, 4297065860, 1.05407 
268435456, 576, 1, 9, 64, 576, 39582418599936, 36864, 6155.73, 6430.17, 7.16027e+09, 12887620217, 4297065536, 1.07699 
268435456, 640, 1, 10, 64, 640, 43980465111040, 40960, 6145.18, 7156.9, 7.73283e+09, 12886474416, 4297065868, 1.08293 
268435456, 704, 1, 11, 64, 704, 48378511622144, 45056, 6156.28, 7858.39, 8.20255e+09, 12887633315, 4298229780, 1.08268 
268435456, 768, 1, 12, 64, 768, 52776558133248, 49152, 6147.19, 8585.47, 8.59186e+09, 12886474468, 4297065492, 1.08008 
268435456, 832, 1, 13, 64, 832, 57174604644352, 53248, 8203.45, 6969.58, 9.2557e+09, 17184505728, 4300135411, 1.09254 
268435456, 896, 1, 14, 64, 896, 61572651155456, 57344, 8206.56, 7502.85, 9.81918e+09, 17182599707, 4297065492, 1.09683 
268435456, 960, 1, 15, 64, 960, 65970697666560, 61440, 8193.55, 8051.54, 1.03099e+10, 17181441656, 4297065784, 1.09709 
268435456, 1024, 1, 16, 64, 1024, 70368744177664, 65536, 8206.23, 8575.04, 1.07396e+10, 17182423758, 4297065384, 1.09541 
