[INFO] GPU Roofline Tools 
[INFO] Version 1.0.0 (C)2024 Bagus Hanindhito 
[INFO] Built for AMD Instinct MI300X (gfx942) GPUs
[INFO] Detected 8 HIP-capable device(s)
[INFO] +---+------------------------+----+----+-----------+--------------+--------------+
[INFO] |#  |Device Name             |CC  |#CU |Freq. (MHz)|Mem. Size (MB)|Mem. BW (GB/s)|
[INFO] +---+------------------------+----+----+-----------+--------------+--------------+
[INFO] |0  |AMD Instinct MI300X     |9.4 |304 |2100       |196592        |2662.4        |
[INFO] +---+------------------------+----+----+-----------+--------------+--------------+
[INFO] |1  |AMD Instinct MI300X     |9.4 |304 |2100       |196592        |2662.4        |
[INFO] +---+------------------------+----+----+-----------+--------------+--------------+
[INFO] |2  |AMD Instinct MI300X     |9.4 |304 |2100       |196592        |2662.4        |
[INFO] +---+------------------------+----+----+-----------+--------------+--------------+
[INFO] |3  |AMD Instinct MI300X     |9.4 |304 |2100       |196592        |2662.4        |
[INFO] +---+------------------------+----+----+-----------+--------------+--------------+
[INFO] |4  |AMD Instinct MI300X     |9.4 |304 |2100       |196592        |2662.4        |
[INFO] +---+------------------------+----+----+-----------+--------------+--------------+
[INFO] |5  |AMD Instinct MI300X     |9.4 |304 |2100       |196592        |2662.4        |
[INFO] +---+------------------------+----+----+-----------+--------------+--------------+
[INFO] |6  |AMD Instinct MI300X     |9.4 |304 |2100       |196592        |2662.4        |
[INFO] +---+------------------------+----+----+-----------+--------------+--------------+
[INFO] |7  |AMD Instinct MI300X     |9.4 |304 |2100       |196592        |2662.4        |
[INFO] +---+------------------------+----+----+-----------+--------------+--------------+
[WARN] This program does not currently support Multi-GPU run.
[INFO] Set default GPU to GPU index 0
[INFO] (1743209942) Running with 1 wavefront(s) per workgroup and 1 workgroup(s)
[INFO] (1743209945) Running with 2 wavefront(s) per workgroup and 1 workgroup(s)
[INFO] (1743209947) Running with 3 wavefront(s) per workgroup and 1 workgroup(s)
[INFO] (1743209949) Running with 4 wavefront(s) per workgroup and 1 workgroup(s)
[INFO] (1743209951) Running with 5 wavefront(s) per workgroup and 1 workgroup(s)
[INFO] (1743209955) Running with 6 wavefront(s) per workgroup and 1 workgroup(s)
[INFO] (1743209959) Running with 7 wavefront(s) per workgroup and 1 workgroup(s)
[INFO] (1743209963) Running with 8 wavefront(s) per workgroup and 1 workgroup(s)
[INFO] (1743209967) Running with 9 wavefront(s) per workgroup and 1 workgroup(s)
[INFO] (1743209974) Running with 10 wavefront(s) per workgroup and 1 workgroup(s)
[INFO] (1743209980) Running with 11 wavefront(s) per workgroup and 1 workgroup(s)
[INFO] (1743209986) Running with 12 wavefront(s) per workgroup and 1 workgroup(s)
[INFO] (1743209992) Running with 13 wavefront(s) per workgroup and 1 workgroup(s)
[INFO] (1743210000) Running with 14 wavefront(s) per workgroup and 1 workgroup(s)
[INFO] (1743210008) Running with 15 wavefront(s) per workgroup and 1 workgroup(s)
[INFO] (1743210017) Running with 16 wavefront(s) per workgroup and 1 workgroup(s)
Result M_WMMA with fp16/fp32
n_iter, n_thread, n_wg, n_wf, wf_size, wg_size, n_flops, n_bytes, time_ms, gflop/s, avg_clock, max_clock, min_clock, stdev_clock 
268435456, 64, 1, 1, 64, 64, 8796093022208, 4096, 2069.48, 4250.39, 4.30037e+09, 4300372047, 4300372047, 1 
268435456, 128, 1, 2, 64, 128, 17592186044416, 8192, 2068.23, 8505.93, 4.29974e+09, 4299742715, 4299742670, 1 
268435456, 192, 1, 3, 64, 192, 26388279066624, 12288, 2070.41, 12745.4, 4.30005e+09, 4300046190, 4300046143, 1 
268435456, 256, 1, 4, 64, 256, 35184372088832, 16384, 2059.5, 17083.9, 4.29804e+09, 4298043186, 4298043171, 1 
268435456, 320, 1, 5, 64, 320, 43980465111040, 20480, 4108.25, 10705.4, 5.15809e+09, 8594058042, 4299097526, 1.05401 
268435456, 384, 1, 6, 64, 384, 52776558133248, 24576, 4108.07, 12847.1, 5.72928e+09, 8592589972, 4297631434, 1.06061 
268435456, 448, 1, 7, 64, 448, 61572651155456, 28672, 4108.52, 14986.6, 6.13853e+09, 8592795067, 4297834495, 1.05825 
268435456, 512, 1, 8, 64, 512, 70368744177664, 32768, 4108.25, 17128.7, 6.44407e+09, 8592128402, 4296017528, 1.05409 
268435456, 576, 1, 9, 64, 576, 79164837199872, 36864, 6157.16, 12857.4, 7.15943e+09, 12886882327, 4296017272, 1.07702 
268435456, 640, 1, 10, 64, 640, 87960930222080, 40960, 6146.5, 14310.7, 7.73199e+09, 12885950708, 4296017568, 1.08296 
268435456, 704, 1, 11, 64, 704, 96757023244288, 45056, 6159.52, 15708.5, 8.20359e+09, 12889010317, 4299082196, 1.08266 
268435456, 768, 1, 12, 64, 768, 105553116266496, 49152, 6148.1, 17168.4, 8.59098e+09, 12885950780, 4296017256, 1.0801 
268435456, 832, 1, 13, 64, 832, 114349209288704, 53248, 8206.79, 13933.5, 9.25354e+09, 17182705899, 4297811509, 1.09259 
268435456, 896, 1, 14, 64, 896, 123145302310912, 57344, 8210.29, 14998.9, 9.81827e+09, 17181961086, 4296017244, 1.09686 
268435456, 960, 1, 15, 64, 960, 131941395333120, 61440, 8196.04, 16098.2, 1.0309e+10, 17180917896, 4296017344, 1.09712 
268435456, 1024, 1, 16, 64, 1024, 140737488355328, 65536, 8205, 17152.7, 1.07392e+10, 17183811292, 4296017020, 1.09545 
