[INFO] GPU Roofline Tools 
[INFO] Version 1.0.0 (C)2024 Bagus Hanindhito 
[INFO] Built for AMD Instinct MI300X (gfx942) GPUs
[INFO] Detected 8 HIP-capable device(s)
[INFO] +---+------------------------+----+----+-----------+--------------+--------------+
[INFO] |#  |Device Name             |CC  |#CU |Freq. (MHz)|Mem. Size (MB)|Mem. BW (GB/s)|
[INFO] +---+------------------------+----+----+-----------+--------------+--------------+
[INFO] |0  |AMD Instinct MI300X     |9.4 |304 |2100       |196592        |2662.4        |
[INFO] +---+------------------------+----+----+-----------+--------------+--------------+
[INFO] |1  |AMD Instinct MI300X     |9.4 |304 |2100       |196592        |2662.4        |
[INFO] +---+------------------------+----+----+-----------+--------------+--------------+
[INFO] |2  |AMD Instinct MI300X     |9.4 |304 |2100       |196592        |2662.4        |
[INFO] +---+------------------------+----+----+-----------+--------------+--------------+
[INFO] |3  |AMD Instinct MI300X     |9.4 |304 |2100       |196592        |2662.4        |
[INFO] +---+------------------------+----+----+-----------+--------------+--------------+
[INFO] |4  |AMD Instinct MI300X     |9.4 |304 |2100       |196592        |2662.4        |
[INFO] +---+------------------------+----+----+-----------+--------------+--------------+
[INFO] |5  |AMD Instinct MI300X     |9.4 |304 |2100       |196592        |2662.4        |
[INFO] +---+------------------------+----+----+-----------+--------------+--------------+
[INFO] |6  |AMD Instinct MI300X     |9.4 |304 |2100       |196592        |2662.4        |
[INFO] +---+------------------------+----+----+-----------+--------------+--------------+
[INFO] |7  |AMD Instinct MI300X     |9.4 |304 |2100       |196592        |2662.4        |
[INFO] +---+------------------------+----+----+-----------+--------------+--------------+
[WARN] This program does not currently support Multi-GPU run.
[INFO] Set default GPU to GPU index 0
[INFO] (1743210272) Running with 1 wavefront(s) per workgroup and 1 workgroup(s)
[INFO] (1743210277) Running with 2 wavefront(s) per workgroup and 1 workgroup(s)
[INFO] (1743210281) Running with 3 wavefront(s) per workgroup and 1 workgroup(s)
[INFO] (1743210285) Running with 4 wavefront(s) per workgroup and 1 workgroup(s)
[INFO] (1743210289) Running with 5 wavefront(s) per workgroup and 1 workgroup(s)
[INFO] (1743210297) Running with 6 wavefront(s) per workgroup and 1 workgroup(s)
[INFO] (1743210306) Running with 7 wavefront(s) per workgroup and 1 workgroup(s)
[INFO] (1743210314) Running with 8 wavefront(s) per workgroup and 1 workgroup(s)
[INFO] (1743210322) Running with 9 wavefront(s) per workgroup and 1 workgroup(s)
[INFO] (1743210334) Running with 10 wavefront(s) per workgroup and 1 workgroup(s)
[INFO] (1743210347) Running with 11 wavefront(s) per workgroup and 1 workgroup(s)
[INFO] (1743210359) Running with 12 wavefront(s) per workgroup and 1 workgroup(s)
[INFO] (1743210371) Running with 13 wavefront(s) per workgroup and 1 workgroup(s)
[INFO] (1743210388) Running with 14 wavefront(s) per workgroup and 1 workgroup(s)
[INFO] (1743210404) Running with 15 wavefront(s) per workgroup and 1 workgroup(s)
[INFO] (1743210420) Running with 16 wavefront(s) per workgroup and 1 workgroup(s)
Result M_WMMA with fp32/fp32
n_iter, n_thread, n_wg, n_wf, wf_size, wg_size, n_flops, n_bytes, time_ms, gflop/s, avg_clock, max_clock, min_clock, stdev_clock 
268435456, 64, 1, 1, 64, 64, 2199023255552, 3072, 4117.04, 534.127, 8.5927e+09, 8592695838, 8592695838, 1 
268435456, 128, 1, 2, 64, 128, 4398046511104, 6144, 4115.64, 1068.62, 8.59563e+09, 8595628784, 8595628759, 1 
268435456, 192, 1, 3, 64, 192, 6597069766656, 9216, 4119.28, 1601.51, 8.59368e+09, 8593676302, 8593676273, 1 
268435456, 256, 1, 4, 64, 256, 8796093022208, 12288, 4107.47, 2141.49, 8.59128e+09, 8591284704, 8591284664, 1 
268435456, 320, 1, 5, 64, 320, 10995116277760, 15360, 8205.11, 1340.03, 1.03094e+10, 17183625580, 8590459836, 1.05411 
268435456, 384, 1, 6, 64, 384, 13194139533312, 18432, 8205.12, 1608.04, 1.14547e+10, 17180803466, 8590872554, 1.06063 
268435456, 448, 1, 7, 64, 448, 15393162788864, 21504, 8203.89, 1876.32, 1.22765e+10, 17184324595, 8594394597, 1.05824 
268435456, 512, 1, 8, 64, 512, 17592186044416, 24576, 8203.18, 2144.56, 1.28878e+10, 17183462817, 8592163520, 1.05409 
268435456, 576, 1, 9, 64, 576, 19791209299968, 27648, 12298, 1609.3, 1.52725e+10, 25771329217, 8592163536, 1.06064 
268435456, 640, 1, 10, 64, 640, 21990232555520, 30720, 12285.9, 1789.88, 1.71814e+10, 25770328664, 8592163576, 1.04879 
268435456, 704, 1, 11, 64, 704, 24189255811072, 33792, 12298.8, 1966.8, 1.8745e+10, 25772115344, 8593950384, 1.03412 
268435456, 768, 1, 12, 64, 768, 26388279066624, 36864, 12297.8, 2145.77, 2.00477e+10, 25773319256, 17184957415, 1.02019 
268435456, 832, 1, 13, 64, 832, 28587302322176, 39936, 16394.1, 1743.75, 2.06329e+10, 34361221919, 13364382964, 1.05002 
268435456, 896, 1, 14, 64, 896, 30786325577728, 43008, 16396.2, 1877.65, 2.1402e+10, 34363549386, 10469002676, 1.07255 
268435456, 960, 1, 15, 64, 960, 32985348833280, 46080, 16399.3, 2011.39, 2.63453e+10, 34361445743, 17183149724, 1.01733 
268435456, 1024, 1, 16, 64, 1024, 35184372088832, 49152, 16398.2, 2145.63, 2.79204e+10, 34361641258, 25773279445, 1.00883 
