[INFO] GPU Roofline Tools 
[INFO] Version 1.0.0 (C)2024 Bagus Hanindhito 
[INFO] Built for AMD Instinct MI300X (gfx942) GPUs
[INFO] Detected 8 HIP-capable device(s)
[INFO] +---+------------------------+----+----+-----------+--------------+--------------+
[INFO] |#  |Device Name             |CC  |#CU |Freq. (MHz)|Mem. Size (MB)|Mem. BW (GB/s)|
[INFO] +---+------------------------+----+----+-----------+--------------+--------------+
[INFO] |0  |AMD Instinct MI300X     |9.4 |304 |2100       |196592        |2662.4        |
[INFO] +---+------------------------+----+----+-----------+--------------+--------------+
[INFO] |1  |AMD Instinct MI300X     |9.4 |304 |2100       |196592        |2662.4        |
[INFO] +---+------------------------+----+----+-----------+--------------+--------------+
[INFO] |2  |AMD Instinct MI300X     |9.4 |304 |2100       |196592        |2662.4        |
[INFO] +---+------------------------+----+----+-----------+--------------+--------------+
[INFO] |3  |AMD Instinct MI300X     |9.4 |304 |2100       |196592        |2662.4        |
[INFO] +---+------------------------+----+----+-----------+--------------+--------------+
[INFO] |4  |AMD Instinct MI300X     |9.4 |304 |2100       |196592        |2662.4        |
[INFO] +---+------------------------+----+----+-----------+--------------+--------------+
[INFO] |5  |AMD Instinct MI300X     |9.4 |304 |2100       |196592        |2662.4        |
[INFO] +---+------------------------+----+----+-----------+--------------+--------------+
[INFO] |6  |AMD Instinct MI300X     |9.4 |304 |2100       |196592        |2662.4        |
[INFO] +---+------------------------+----+----+-----------+--------------+--------------+
[INFO] |7  |AMD Instinct MI300X     |9.4 |304 |2100       |196592        |2662.4        |
[INFO] +---+------------------------+----+----+-----------+--------------+--------------+
[WARN] This program does not currently support Multi-GPU run.
[INFO] Set default GPU to GPU index 0
[INFO] (1743209282) Running with 1 wavefront(s) per workgroup and 1 workgroup(s)
[INFO] (1743209285) Running with 2 wavefront(s) per workgroup and 1 workgroup(s)
[INFO] (1743209287) Running with 3 wavefront(s) per workgroup and 1 workgroup(s)
[INFO] (1743209289) Running with 4 wavefront(s) per workgroup and 1 workgroup(s)
[INFO] (1743209291) Running with 5 wavefront(s) per workgroup and 1 workgroup(s)
[INFO] (1743209295) Running with 6 wavefront(s) per workgroup and 1 workgroup(s)
[INFO] (1743209299) Running with 7 wavefront(s) per workgroup and 1 workgroup(s)
[INFO] (1743209303) Running with 8 wavefront(s) per workgroup and 1 workgroup(s)
[INFO] (1743209307) Running with 9 wavefront(s) per workgroup and 1 workgroup(s)
[INFO] (1743209314) Running with 10 wavefront(s) per workgroup and 1 workgroup(s)
[INFO] (1743209320) Running with 11 wavefront(s) per workgroup and 1 workgroup(s)
[INFO] (1743209326) Running with 12 wavefront(s) per workgroup and 1 workgroup(s)
[INFO] (1743209332) Running with 13 wavefront(s) per workgroup and 1 workgroup(s)
[INFO] (1743209340) Running with 14 wavefront(s) per workgroup and 1 workgroup(s)
[INFO] (1743209348) Running with 15 wavefront(s) per workgroup and 1 workgroup(s)
[INFO] (1743209357) Running with 16 wavefront(s) per workgroup and 1 workgroup(s)
Result M_WMMA with bf8/fp32
n_iter, n_thread, n_wg, n_wf, wf_size, wg_size, n_flops, n_bytes, time_ms, gflop/s, avg_clock, max_clock, min_clock, stdev_clock 
268435456, 64, 1, 1, 64, 64, 17592186044416, 4096, 2069.7, 8499.86, 4.29952e+09, 4299516856, 4299516856, 1 
268435456, 128, 1, 2, 64, 128, 35184372088832, 8192, 2068.45, 17010, 4.3006e+09, 4300602729, 4300602698, 1 
268435456, 192, 1, 3, 64, 192, 52776558133248, 12288, 2071.26, 25480.5, 4.30038e+09, 4300376349, 4300376312, 1 
268435456, 256, 1, 4, 64, 256, 70368744177664, 16384, 2059.5, 34167.8, 4.29695e+09, 4296950695, 4296950664, 1 
268435456, 320, 1, 5, 64, 320, 87960930222080, 20480, 4108.46, 21409.7, 5.15816e+09, 8594123844, 4299164257, 1.05401 
268435456, 384, 1, 6, 64, 384, 105553116266496, 24576, 4108.15, 25693.6, 5.72862e+09, 8591927528, 4296966616, 1.06062 
268435456, 448, 1, 7, 64, 448, 123145302310912, 28672, 4108.21, 29975.4, 6.13754e+09, 8591805553, 4296845492, 1.05827 
268435456, 512, 1, 8, 64, 512, 140737488355328, 32768, 4107.28, 34265.4, 6.44398e+09, 8591943500, 4296016980, 1.05409 
268435456, 576, 1, 9, 64, 576, 158329674399744, 36864, 6157.56, 25713.1, 7.15943e+09, 12886912045, 4296017232, 1.07702 
268435456, 640, 1, 10, 64, 640, 175921860444160, 40960, 6146.64, 28620.8, 7.73199e+09, 12885950704, 4296017108, 1.08296 
268435456, 704, 1, 11, 64, 704, 193514046488576, 45056, 6156.65, 31431.7, 8.20337e+09, 12888784685, 4298855689, 1.08267 
268435456, 768, 1, 12, 64, 768, 211106232532992, 49152, 6145.9, 34349.1, 8.59098e+09, 12885950748, 4296017236, 1.0801 
268435456, 832, 1, 13, 64, 832, 228698418577408, 53248, 8203.13, 27879.4, 9.25289e+09, 17182061359, 4297165740, 1.0926 
268435456, 896, 1, 14, 64, 896, 246290604621824, 57344, 8205.84, 30014.1, 9.81828e+09, 17182066009, 4296017208, 1.09686 
268435456, 960, 1, 15, 64, 960, 263882790666240, 61440, 8193.94, 32204.6, 1.0309e+10, 17180917892, 4296017096, 1.09712 
268435456, 1024, 1, 16, 64, 1024, 281474976710656, 65536, 8205.42, 34303.5, 1.07394e+10, 17184485757, 4296016792, 1.09546 
