[INFO] GPU Roofline Tools 
[INFO] Version 1.0.0 (C)2024 Bagus Hanindhito 
[INFO] Built for AMD Instinct MI300X (gfx942) GPUs
[INFO] Detected 8 HIP-capable device(s)
[INFO] +---+------------------------+----+----+-----------+--------------+--------------+
[INFO] |#  |Device Name             |CC  |#CU |Freq. (MHz)|Mem. Size (MB)|Mem. BW (GB/s)|
[INFO] +---+------------------------+----+----+-----------+--------------+--------------+
[INFO] |0  |AMD Instinct MI300X     |9.4 |304 |2100       |196592        |2662.4        |
[INFO] +---+------------------------+----+----+-----------+--------------+--------------+
[INFO] |1  |AMD Instinct MI300X     |9.4 |304 |2100       |196592        |2662.4        |
[INFO] +---+------------------------+----+----+-----------+--------------+--------------+
[INFO] |2  |AMD Instinct MI300X     |9.4 |304 |2100       |196592        |2662.4        |
[INFO] +---+------------------------+----+----+-----------+--------------+--------------+
[INFO] |3  |AMD Instinct MI300X     |9.4 |304 |2100       |196592        |2662.4        |
[INFO] +---+------------------------+----+----+-----------+--------------+--------------+
[INFO] |4  |AMD Instinct MI300X     |9.4 |304 |2100       |196592        |2662.4        |
[INFO] +---+------------------------+----+----+-----------+--------------+--------------+
[INFO] |5  |AMD Instinct MI300X     |9.4 |304 |2100       |196592        |2662.4        |
[INFO] +---+------------------------+----+----+-----------+--------------+--------------+
[INFO] |6  |AMD Instinct MI300X     |9.4 |304 |2100       |196592        |2662.4        |
[INFO] +---+------------------------+----+----+-----------+--------------+--------------+
[INFO] |7  |AMD Instinct MI300X     |9.4 |304 |2100       |196592        |2662.4        |
[INFO] +---+------------------------+----+----+-----------+--------------+--------------+
[WARN] This program does not currently support Multi-GPU run.
[INFO] Set default GPU to GPU index 0
[INFO] (1743209612) Running with 1 wavefront(s) per workgroup and 1 workgroup(s)
[INFO] (1743209615) Running with 2 wavefront(s) per workgroup and 1 workgroup(s)
[INFO] (1743209617) Running with 3 wavefront(s) per workgroup and 1 workgroup(s)
[INFO] (1743209619) Running with 4 wavefront(s) per workgroup and 1 workgroup(s)
[INFO] (1743209621) Running with 5 wavefront(s) per workgroup and 1 workgroup(s)
[INFO] (1743209625) Running with 6 wavefront(s) per workgroup and 1 workgroup(s)
[INFO] (1743209629) Running with 7 wavefront(s) per workgroup and 1 workgroup(s)
[INFO] (1743209633) Running with 8 wavefront(s) per workgroup and 1 workgroup(s)
[INFO] (1743209637) Running with 9 wavefront(s) per workgroup and 1 workgroup(s)
[INFO] (1743209644) Running with 10 wavefront(s) per workgroup and 1 workgroup(s)
[INFO] (1743209650) Running with 11 wavefront(s) per workgroup and 1 workgroup(s)
[INFO] (1743209656) Running with 12 wavefront(s) per workgroup and 1 workgroup(s)
[INFO] (1743209662) Running with 13 wavefront(s) per workgroup and 1 workgroup(s)
[INFO] (1743209670) Running with 14 wavefront(s) per workgroup and 1 workgroup(s)
[INFO] (1743209678) Running with 15 wavefront(s) per workgroup and 1 workgroup(s)
[INFO] (1743209687) Running with 16 wavefront(s) per workgroup and 1 workgroup(s)
Result M_WMMA with int8/int32
n_iter, n_thread, n_wg, n_wf, wf_size, wg_size, n_flops, n_bytes, time_ms, gflop/s, avg_clock, max_clock, min_clock, stdev_clock 
268435456, 64, 1, 1, 64, 64, 17592186044416, 4096, 2069.79, 8499.5, 4.29804e+09, 4298042450, 4298042450, 1 
268435456, 128, 1, 2, 64, 128, 35184372088832, 8192, 2058.46, 17092.6, 4.29888e+09, 4298876979, 4298876954, 1 
268435456, 192, 1, 3, 64, 192, 52776558133248, 12288, 2059.53, 25625.5, 4.2989e+09, 4298901839, 4298901818, 1 
268435456, 256, 1, 4, 64, 256, 70368744177664, 16384, 2060.14, 34157.3, 4.29697e+09, 4296973857, 4296973847, 1 
268435456, 320, 1, 5, 64, 320, 87960930222080, 20480, 4118.29, 21358.6, 5.15654e+09, 8595176533, 4296883244, 1.05412 
268435456, 384, 1, 6, 64, 384, 105553116266496, 24576, 4108.9, 25688.9, 5.7283e+09, 8592859460, 4296017252, 1.06068 
268435456, 448, 1, 7, 64, 448, 123145302310912, 28672, 4098.19, 30048.7, 6.13672e+09, 8590983648, 4296017364, 1.05828 
268435456, 512, 1, 8, 64, 512, 140737488355328, 32768, 4109.33, 34248.2, 6.44453e+09, 8592007944, 4297048712, 1.05406 
268435456, 576, 1, 9, 64, 576, 158329674399744, 36864, 6157.04, 25715.2, 7.16115e+09, 12889220669, 4296017336, 1.07705 
268435456, 640, 1, 10, 64, 640, 175921860444160, 40960, 6160.25, 28557.6, 7.73218e+09, 12886897652, 4296017112, 1.08297 
268435456, 704, 1, 11, 64, 704, 193514046488576, 45056, 6146.59, 31483.1, 8.20053e+09, 12885950692, 4296017016, 1.08272 
268435456, 768, 1, 12, 64, 768, 211106232532992, 49152, 6158.83, 34277, 8.59274e+09, 12888584732, 4296016944, 1.08012 
268435456, 832, 1, 13, 64, 832, 228698418577408, 53248, 8195, 27907.1, 9.25175e+09, 17180917860, 4296016912, 1.09263 
268435456, 896, 1, 14, 64, 896, 246290604621824, 57344, 8206.07, 30013.2, 9.8191e+09, 17182284951, 4296016812, 1.09685 
268435456, 960, 1, 15, 64, 960, 263882790666240, 61440, 8197.28, 32191.5, 1.0309e+10, 17180917844, 4296016932, 1.09712 
268435456, 1024, 1, 16, 64, 1024, 281474976710656, 65536, 8207.87, 34293.3, 1.07419e+10, 17184343953, 4299449177, 1.09537 
