[INFO] GPU Roofline Tools 
[INFO] Version 1.0.0 (C)2024 Bagus Hanindhito 
[INFO] Built for AMD Instinct MI300X (gfx942) GPUs
[INFO] Detected 8 HIP-capable device(s)
[INFO] +---+------------------------+----+----+-----------+--------------+--------------+
[INFO] |#  |Device Name             |CC  |#CU |Freq. (MHz)|Mem. Size (MB)|Mem. BW (GB/s)|
[INFO] +---+------------------------+----+----+-----------+--------------+--------------+
[INFO] |0  |AMD Instinct MI300X     |9.4 |304 |2100       |196592        |2662.4        |
[INFO] +---+------------------------+----+----+-----------+--------------+--------------+
[INFO] |1  |AMD Instinct MI300X     |9.4 |304 |2100       |196592        |2662.4        |
[INFO] +---+------------------------+----+----+-----------+--------------+--------------+
[INFO] |2  |AMD Instinct MI300X     |9.4 |304 |2100       |196592        |2662.4        |
[INFO] +---+------------------------+----+----+-----------+--------------+--------------+
[INFO] |3  |AMD Instinct MI300X     |9.4 |304 |2100       |196592        |2662.4        |
[INFO] +---+------------------------+----+----+-----------+--------------+--------------+
[INFO] |4  |AMD Instinct MI300X     |9.4 |304 |2100       |196592        |2662.4        |
[INFO] +---+------------------------+----+----+-----------+--------------+--------------+
[INFO] |5  |AMD Instinct MI300X     |9.4 |304 |2100       |196592        |2662.4        |
[INFO] +---+------------------------+----+----+-----------+--------------+--------------+
[INFO] |6  |AMD Instinct MI300X     |9.4 |304 |2100       |196592        |2662.4        |
[INFO] +---+------------------------+----+----+-----------+--------------+--------------+
[INFO] |7  |AMD Instinct MI300X     |9.4 |304 |2100       |196592        |2662.4        |
[INFO] +---+------------------------+----+----+-----------+--------------+--------------+
[WARN] This program does not currently support Multi-GPU run.
[INFO] Set default GPU to GPU index 0
[INFO] (1743209777) Running with 1 wavefront(s) per workgroup and 1 workgroup(s)
[INFO] (1743209780) Running with 2 wavefront(s) per workgroup and 1 workgroup(s)
[INFO] (1743209782) Running with 3 wavefront(s) per workgroup and 1 workgroup(s)
[INFO] (1743209784) Running with 4 wavefront(s) per workgroup and 1 workgroup(s)
[INFO] (1743209786) Running with 5 wavefront(s) per workgroup and 1 workgroup(s)
[INFO] (1743209790) Running with 6 wavefront(s) per workgroup and 1 workgroup(s)
[INFO] (1743209794) Running with 7 wavefront(s) per workgroup and 1 workgroup(s)
[INFO] (1743209798) Running with 8 wavefront(s) per workgroup and 1 workgroup(s)
[INFO] (1743209802) Running with 9 wavefront(s) per workgroup and 1 workgroup(s)
[INFO] (1743209809) Running with 10 wavefront(s) per workgroup and 1 workgroup(s)
[INFO] (1743209815) Running with 11 wavefront(s) per workgroup and 1 workgroup(s)
[INFO] (1743209821) Running with 12 wavefront(s) per workgroup and 1 workgroup(s)
[INFO] (1743209827) Running with 13 wavefront(s) per workgroup and 1 workgroup(s)
[INFO] (1743209835) Running with 14 wavefront(s) per workgroup and 1 workgroup(s)
[INFO] (1743209843) Running with 15 wavefront(s) per workgroup and 1 workgroup(s)
[INFO] (1743209852) Running with 16 wavefront(s) per workgroup and 1 workgroup(s)
Result M_WMMA with bf16/fp32
n_iter, n_thread, n_wg, n_wf, wf_size, wg_size, n_flops, n_bytes, time_ms, gflop/s, avg_clock, max_clock, min_clock, stdev_clock 
268435456, 64, 1, 1, 64, 64, 8796093022208, 4096, 2070.03, 4249.25, 4.29902e+09, 4299019430, 4299019430, 1 
268435456, 128, 1, 2, 64, 128, 17592186044416, 8192, 2057.98, 8548.28, 4.29886e+09, 4298862990, 4298862982, 1 
268435456, 192, 1, 3, 64, 192, 26388279066624, 12288, 2060.13, 12809, 4.29825e+09, 4298251877, 4298251863, 1 
268435456, 256, 1, 4, 64, 256, 35184372088832, 16384, 2060.09, 17079.1, 4.29718e+09, 4297179945, 4297179927, 1 
268435456, 320, 1, 5, 64, 320, 43980465111040, 20480, 4118.89, 10677.7, 5.15664e+09, 8595193733, 4296998984, 1.05412 
268435456, 384, 1, 6, 64, 384, 52776558133248, 24576, 4108.33, 12846.2, 5.72835e+09, 8593011488, 4296017180, 1.06068 
268435456, 448, 1, 7, 64, 448, 61572651155456, 28672, 4096.96, 15028.9, 6.13672e+09, 8590983500, 4296017252, 1.05828 
268435456, 512, 1, 8, 64, 512, 70368744177664, 32768, 4108.27, 17128.6, 6.44633e+09, 8593810314, 4298850666, 1.05403 
268435456, 576, 1, 9, 64, 576, 79164837199872, 36864, 6154.6, 12862.7, 7.1602e+09, 12887510991, 4296017456, 1.07703 
268435456, 640, 1, 10, 64, 640, 87960930222080, 40960, 6156.58, 14287.3, 7.73262e+09, 12889097892, 4296017180, 1.08299 
268435456, 704, 1, 11, 64, 704, 96757023244288, 45056, 6145.24, 15745, 8.20053e+09, 12885950776, 4296017456, 1.08272 
268435456, 768, 1, 12, 64, 768, 105553116266496, 49152, 6156.49, 17145, 8.59311e+09, 12889138949, 4296016964, 1.08012 
268435456, 832, 1, 13, 64, 832, 114349209288704, 53248, 8192.46, 13957.9, 9.25175e+09, 17180917896, 4296017164, 1.09263 
268435456, 896, 1, 14, 64, 896, 123145302310912, 57344, 8202.34, 15013.4, 9.81842e+09, 17181340366, 4296016916, 1.09685 
268435456, 960, 1, 15, 64, 960, 131941395333120, 61440, 8200.19, 16090, 1.0309e+10, 17180917888, 4296017160, 1.09712 
268435456, 1024, 1, 16, 64, 1024, 140737488355328, 65536, 8204.56, 17153.6, 1.07413e+10, 17183777750, 4298883078, 1.09538 
