[INFO] GPU Roofline Tools 
[INFO] Version 1.0.0 (C)2024 Bagus Hanindhito 
[INFO] Built for AMD Instinct MI300X (gfx942) GPUs
[INFO] Detected 8 HIP-capable device(s)
[INFO] +---+------------------------+----+----+-----------+--------------+--------------+
[INFO] |#  |Device Name             |CC  |#CU |Freq. (MHz)|Mem. Size (MB)|Mem. BW (GB/s)|
[INFO] +---+------------------------+----+----+-----------+--------------+--------------+
[INFO] |0  |AMD Instinct MI300X     |9.4 |304 |2100       |196592        |2662.4        |
[INFO] +---+------------------------+----+----+-----------+--------------+--------------+
[INFO] |1  |AMD Instinct MI300X     |9.4 |304 |2100       |196592        |2662.4        |
[INFO] +---+------------------------+----+----+-----------+--------------+--------------+
[INFO] |2  |AMD Instinct MI300X     |9.4 |304 |2100       |196592        |2662.4        |
[INFO] +---+------------------------+----+----+-----------+--------------+--------------+
[INFO] |3  |AMD Instinct MI300X     |9.4 |304 |2100       |196592        |2662.4        |
[INFO] +---+------------------------+----+----+-----------+--------------+--------------+
[INFO] |4  |AMD Instinct MI300X     |9.4 |304 |2100       |196592        |2662.4        |
[INFO] +---+------------------------+----+----+-----------+--------------+--------------+
[INFO] |5  |AMD Instinct MI300X     |9.4 |304 |2100       |196592        |2662.4        |
[INFO] +---+------------------------+----+----+-----------+--------------+--------------+
[INFO] |6  |AMD Instinct MI300X     |9.4 |304 |2100       |196592        |2662.4        |
[INFO] +---+------------------------+----+----+-----------+--------------+--------------+
[INFO] |7  |AMD Instinct MI300X     |9.4 |304 |2100       |196592        |2662.4        |
[INFO] +---+------------------------+----+----+-----------+--------------+--------------+
[WARN] This program does not currently support Multi-GPU run.
[INFO] Set default GPU to GPU index 0
[INFO] (1743210519) Running with 1 wavefront(s) per workgroup and 1 workgroup(s)
[INFO] (1743210524) Running with 2 wavefront(s) per workgroup and 1 workgroup(s)
[INFO] (1743210528) Running with 3 wavefront(s) per workgroup and 1 workgroup(s)
[INFO] (1743210532) Running with 4 wavefront(s) per workgroup and 1 workgroup(s)
[INFO] (1743210536) Running with 5 wavefront(s) per workgroup and 1 workgroup(s)
[INFO] (1743210544) Running with 6 wavefront(s) per workgroup and 1 workgroup(s)
[INFO] (1743210552) Running with 7 wavefront(s) per workgroup and 1 workgroup(s)
[INFO] (1743210560) Running with 8 wavefront(s) per workgroup and 1 workgroup(s)
[INFO] (1743210569) Running with 9 wavefront(s) per workgroup and 1 workgroup(s)
[INFO] (1743210581) Running with 10 wavefront(s) per workgroup and 1 workgroup(s)
[INFO] (1743210593) Running with 11 wavefront(s) per workgroup and 1 workgroup(s)
[INFO] (1743210606) Running with 12 wavefront(s) per workgroup and 1 workgroup(s)
[INFO] (1743210618) Running with 13 wavefront(s) per workgroup and 1 workgroup(s)
[INFO] (1743210633) Running with 14 wavefront(s) per workgroup and 1 workgroup(s)
[INFO] (1743210649) Running with 15 wavefront(s) per workgroup and 1 workgroup(s)
[INFO] (1743210665) Running with 16 wavefront(s) per workgroup and 1 workgroup(s)
Result M_WMMA with fp64/fp64
n_iter, n_thread, n_wg, n_wf, wf_size, wg_size, n_flops, n_bytes, time_ms, gflop/s, avg_clock, max_clock, min_clock, stdev_clock 
268435456, 64, 1, 1, 64, 64, 2199023255552, 6144, 4138.73, 531.328, 8.60212e+09, 8602120905, 8602120905, 1 
268435456, 128, 1, 2, 64, 128, 4398046511104, 12288, 4120.26, 1067.42, 8.60035e+09, 8600352028, 8600351984, 1 
268435456, 192, 1, 3, 64, 192, 6597069766656, 18432, 4121.91, 1600.49, 8.60129e+09, 8601291143, 8601291111, 1 
268435456, 256, 1, 4, 64, 256, 8796093022208, 24576, 4112.15, 2139.05, 8.5983e+09, 8598301213, 8598301173, 1 
268435456, 320, 1, 5, 64, 320, 10995116277760, 30720, 8218.21, 1337.9, 1.11759e+10, 17191273744, 8598818454, 1.04621 
268435456, 384, 1, 6, 64, 384, 13194139533312, 36864, 7904.13, 1669.27, 1.25744e+10, 16553289901, 8597013144, 1.03282 
268435456, 448, 1, 7, 64, 448, 15393162788864, 43008, 8207.94, 1875.4, 1.41204e+10, 17191993464, 8597013212, 1.02244 
268435456, 512, 1, 8, 64, 512, 17592186044416, 49152, 8195.63, 2146.53, 1.50391e+10, 17188389512, 12889883300, 1.01016 
268435456, 576, 1, 9, 64, 576, 19791209299968, 55296, 12304.6, 1608.44, 1.69507e+10, 25783141877, 12892211125, 1.02893 
268435456, 640, 1, 10, 64, 640, 21990232555520, 61440, 12305.8, 1786.98, 1.84768e+10, 25781840346, 12890909412, 1.03089 
268435456, 704, 1, 11, 64, 704, 24189255811072, 67584, 12305.6, 1965.71, 1.97274e+10, 25783890246, 12889883376, 1.02748 
268435456, 768, 1, 12, 64, 768, 26388279066624, 73728, 12306.4, 2144.28, 2.07674e+10, 25781630284, 15037366912, 1.02235 
268435456, 832, 1, 13, 64, 832, 28587302322176, 79872, 15451.4, 1850.15, 2.21624e+10, 32385467021, 15037366960, 1.02964 
268435456, 896, 1, 14, 64, 896, 30786325577728, 86016, 15162.7, 2030.39, 2.32266e+10, 31770219979, 15037366928, 1.03016 
268435456, 960, 1, 15, 64, 960, 32985348833280, 92160, 16401.1, 2011.16, 2.47103e+10, 34374170237, 15037366992, 1.03421 
268435456, 1024, 1, 16, 64, 1024, 35184372088832, 98304, 16409.6, 2144.13, 2.60497e+10, 34376519776, 16111108744, 1.03444 
