TransferBench v1.61.00
===============================================================
[Common]                              (Suppress by setting HIDE_ENV=1)
ALWAYS_VALIDATE      =            0 : Validating after all iterations
BLOCK_BYTES          =          256 : Each CU gets a mulitple of 256 bytes to copy
BYTE_OFFSET          =            0 : Using byte offset of 0
CU_MASK              =            0 : All
FILL_PATTERN         =            0 : Element i = ((i * 517) modulo 383 + 31) * (srcBufferIdx + 1)
GFX_BLOCK_ORDER      =            0 : Thread block ordering: Sequential
GFX_BLOCK_SIZE       =          256 : Threadblock size of 256
GFX_SINGLE_TEAM      =            1 : Combining CUs to work across entire data array
GFX_UNROLL           =            4 : Using GFX unroll factor of 4
GFX_WAVE_ORDER       =            0 : Using GFX wave ordering of Unroll,Wavefront,CU
GFX_WORD_SIZE        =            4 : Using GFX word size of 4 (DWORDx4)
MIN_VAR_SUBEXEC      =            1 : Using at least 1 subexecutor(s) for variable subExec tranfers
MAX_VAR_SUBEXEC      =            0 : Using up to all available subexecutors for variable subExec transfers
NUM_ITERATIONS       =           10 : Running 10  timed iteration(s)
NUM_SUBITERATIONS    =            1 : Running 1 subiterations
NUM_WARMUPS          =            3 : Running 3 warmup iteration(s) per Test
SHOW_ITERATIONS      =            0 : Hiding per-iteration timing
USE_HIP_EVENTS       =            1 : Using HIP events for GFX/DMA Executor timing
USE_HSA_DMA          =            0 : Using hipMemcpyAsync for DMA execution
USE_INTERACTIVE      =            0 : Running in non-interactive mode
USE_SINGLE_STREAM    =            1 : Using single stream per GFX device
VALIDATE_DIRECT      =            0 : Validate GPU destination memory via CPU staging buffer
VALIDATE_SOURCE      =            0 : Do not perform source validation after prep

[P2P Related]
NUM_CPU_DEVICES      =            2 : Using 2 CPUs
NUM_CPU_SE           =            4 : Using 4 CPU threads per Transfer
NUM_GPU_DEVICES      =            8 : Using 8 GPUs
NUM_GPU_SE           =          304 : Using 304 GPU subexecutors/CUs per Transfer
P2P_MODE             =            0 : Running Uni + Bi transfers
USE_FINE_GRAIN       =            0 : Using coarse-grained memory
USE_GPU_DMA          =            0 : Using GPU-GFX as GPU executor
USE_REMOTE_READ      =            0 : Using SRC as executor

Bytes Per Direction 68719476736
Unidirectional copy peak bandwidth GB/s [Local read / Remote write] (GPU-Executor: GFX)
 SRC+EXE\DST    CPU 00    CPU 01       GPU 00    GPU 01    GPU 02    GPU 03    GPU 04    GPU 05    GPU 06    GPU 07
  CPU 00  ->     48.68     51.46        44.84     44.84     44.81     44.85     33.93     33.81     33.78     33.79
  CPU 01  ->     49.11     47.89        33.63     33.82     33.77     33.75     44.22     44.28     44.46     44.73

  GPU 00  ->     55.23     55.13      2080.62     49.08     49.01     49.16     47.85     47.94     48.36     48.05
  GPU 01  ->     55.22     55.17        49.08   2083.18     48.93     49.03     48.13     47.93     48.69     48.51
  GPU 02  ->     55.20     55.16        48.89     49.05   2082.73     49.06     48.60     48.70     49.02     49.00
  GPU 03  ->     55.24     55.17        48.94     48.78     49.13   2082.08     48.49     48.31     49.03     49.04
  GPU 04  ->     55.17     55.20        47.73     48.08     48.65     48.67   2080.58     49.01     48.86     48.59
  GPU 05  ->     55.20     55.20        48.16     48.23     48.54     48.16     48.90   2083.35     48.76     49.11
  GPU 06  ->     55.16     55.17        48.54     48.70     48.72     49.05     49.13     48.86   2081.71     49.18
  GPU 07  ->     55.20     55.22        47.95     48.63     49.01     48.88     48.63     49.01     49.25   2080.51
                           CPU->CPU  CPU->GPU  GPU->CPU  GPU->GPU
Averages (During UniDir):     50.29     39.21     55.19     48.69

Bidirectional copy peak bandwidth GB/s [Local read / Remote write] (GPU-Executor: GFX)
     SRC\DST    CPU 00    CPU 01       GPU 00    GPU 01    GPU 02    GPU 03    GPU 04    GPU 05    GPU 06    GPU 07
  CPU 00  ->       N/A     47.64        41.56     41.64     41.51     41.62     33.21     33.01     33.10     33.17
  CPU 00 <-        N/A     48.34        54.68     54.68     54.15     54.36     27.72     27.72     27.67     27.71
  CPU 00 <->       N/A     95.98        96.24     96.32     95.66     95.98     60.93     60.73     60.77     60.88

  CPU 01  ->     47.35       N/A        32.95     32.94     33.22     33.09     41.59     41.76     41.63     41.49
  CPU 01 <-      47.51       N/A        27.65     27.71     27.77     27.77     54.66     54.70     54.03     54.30
  CPU 01 <->     94.86       N/A        60.60     60.65     60.99     60.87     96.25     96.46     95.66     95.79


  GPU 00  ->     54.66     27.61          N/A     46.36     46.36     46.41     46.11     46.14     46.32     46.24
  GPU 00 <-      41.86     32.92          N/A     46.48     46.42     46.47     46.11     46.21     46.34     46.27
  GPU 00 <->     96.52     60.53          N/A     92.85     92.77     92.88     92.22     92.35     92.66     92.52

  GPU 01  ->     54.71     27.67        46.48       N/A     46.24     46.27     46.23     46.11     46.18     46.25
  GPU 01 <-      41.70     33.00        46.38       N/A     46.32     46.27     46.12     46.14     46.25     46.26
  GPU 01 <->     96.41     60.67        92.86       N/A     92.56     92.54     92.35     92.25     92.42     92.52

  GPU 02  ->     54.09     27.74        46.41     46.33       N/A     46.30     46.29     46.27     46.34     46.31
  GPU 02 <-      41.77     33.13        46.35     46.23       N/A     46.26     46.25     46.23     46.32     46.31
  GPU 02 <->     95.86     60.87        92.76     92.56       N/A     92.56     92.54     92.49     92.66     92.62

  GPU 03  ->     54.36     27.78        46.45     46.25     46.27       N/A     46.27     46.21     46.29     46.36
  GPU 03 <-      41.70     33.03        46.37     46.25     46.36       N/A     46.17     46.27     46.34     46.28
  GPU 03 <->     96.06     60.81        92.82     92.51     92.63       N/A     92.44     92.48     92.62     92.64

  GPU 04  ->     27.77     54.72        46.25     46.17     46.27     46.18       N/A     46.25     46.24     46.21
  GPU 04 <-      33.07     41.62        46.24     46.21     46.28     46.30       N/A     46.32     46.30     46.19
  GPU 04 <->     60.83     96.34        92.50     92.38     92.55     92.48       N/A     92.57     92.54     92.41

  GPU 05  ->     27.63     54.71        46.18     46.14     46.24     46.16     46.30       N/A     46.31     46.24
  GPU 05 <-      33.16     41.54        46.14     46.16     46.21     46.09     46.28       N/A     46.28     46.34
  GPU 05 <->     60.79     96.25        92.32     92.30     92.44     92.25     92.57       N/A     92.59     92.58

  GPU 06  ->     27.69     54.15        46.32     46.27     46.37     46.28     46.33     46.30       N/A     46.31
  GPU 06 <-      32.99     41.54        46.25     46.20     46.38     46.30     46.14     46.33       N/A     46.27
  GPU 06 <->     60.69     95.70        92.57     92.47     92.75     92.58     92.47     92.63       N/A     92.57

  GPU 07  ->     27.71     54.31        46.27     46.24     46.33     46.29     46.25     46.31     46.29       N/A
  GPU 07 <-      33.07     41.65        46.24     46.27     46.32     46.28     46.23     46.37     46.35       N/A
  GPU 07 <->     60.78     95.97        92.51     92.51     92.65     92.57     92.48     92.68     92.64       N/A
                           CPU->CPU  CPU->GPU  GPU->CPU  GPU->GPU
Averages (During  BiDir):     47.71     39.21     39.22     46.27

