Node Binding: Process 0 [(p,q)=(0,0)] GPU: 0, CPU Cores: 40 - {0-78}
Local matrix size       = 2.92577 GiBs
Total device memory use = 3.41645 GiBs
--------------------------------------------------------------------------------------------------------------------------------------------------------------------
   %   | Column    | Step Time (s) ||         DGEMM GFLOPS         || pdfact (s) | pmxswp (s) | Lbcast (s) | laswp (s) | GPU Sync (s) | Step GFLOPS | Overall GFLOPS
       |           |               |  Small   |  First   | Second   |            |            |            |           |              |             |               
--------------------------------------------------------------------------------------------------------------------------------------------------------------------
  3.2% | 000000640 |    0.0239172  | 5.478e+04| 5.873e+04|          |  1.467e-02 |  3.874e-04 |  0.000e+00 | 0.000e+00 |   8.070e-03  |  2.023e+04  |    1.236e+04   
  6.5% | 000001280 |    0.0247500  | 4.317e+04| 5.449e+04|          |  1.521e-02 |  3.869e-04 |  0.000e+00 | 0.000e+00 |   7.997e-03  |  1.828e+04  |    1.465e+04   
  9.7% | 000001920 |    0.0236963  | 4.125e+04| 5.684e+04|          |  1.514e-02 |  3.831e-04 |  0.000e+00 | 0.000e+00 |   7.116e-03  |  1.782e+04  |    1.550e+04   
 13.0% | 000002560 |    0.0233308  | 3.936e+04| 5.612e+04|          |  1.521e-02 |  3.823e-04 |  0.000e+00 | 0.000e+00 |   6.667e-03  |  1.684e+04  |    1.578e+04   
 16.2% | 000003200 |    0.0226395  | 3.915e+04| 5.526e+04|          |  1.495e-02 |  3.822e-04 |  0.000e+00 | 0.000e+00 |   6.289e-03  |  1.611e+04  |    1.584e+04   
 19.4% | 000003840 |    0.0220205  | 3.898e+04| 5.584e+04|          |  1.491e-02 |  3.825e-04 |  0.000e+00 | 0.000e+00 |   5.729e-03  |  1.533e+04  |    1.576e+04   
 22.7% | 000004480 |    0.0217008  | 4.482e+04| 5.290e+04|          |  1.479e-02 |  3.824e-04 |  0.000e+00 | 0.000e+00 |   5.563e-03  |  1.436e+04  |    1.559e+04   
 25.9% | 000005120 |    0.0209274  | 4.531e+04| 5.361e+04|          |  1.456e-02 |  3.819e-04 |  0.000e+00 | 0.000e+00 |   4.932e-03  |  1.369e+04  |    1.539e+04   
 29.1% | 000005760 |    0.0202633  | 3.950e+04| 5.552e+04|          |  1.448e-02 |  3.821e-04 |  0.000e+00 | 0.000e+00 |   4.363e-03  |  1.296e+04  |    1.516e+04   
 32.4% | 000006400 |    0.0193497  | 4.093e+04| 5.975e+04|          |  1.423e-02 |  3.830e-04 |  0.000e+00 | 0.000e+00 |   3.669e-03  |  1.238e+04  |    1.494e+04   
 35.6% | 000007040 |    0.0185618  | 3.346e+04| 5.985e+04|          |  1.379e-02 |  3.831e-04 |  0.000e+00 | 0.000e+00 |   3.318e-03  |  1.173e+04  |    1.470e+04   
 38.9% | 000007680 |    0.0180678  | 3.496e+04| 5.589e+04|          |  1.346e-02 |  3.825e-04 |  0.000e+00 | 0.000e+00 |   3.136e-03  |  1.089e+04  |    1.445e+04   
 42.1% | 000008320 |    0.0176635  | 2.874e+04| 5.926e+04|          |  1.342e-02 |  3.820e-04 |  0.000e+00 | 0.000e+00 |   2.625e-03  |  1.002e+04  |    1.418e+04   
 45.3% | 000008960 |    0.0168239  | 3.444e+04| 6.436e+04|          |  1.336e-02 |  3.833e-04 |  0.000e+00 | 0.000e+00 |   2.003e-03  |  9.410e+03  |    1.392e+04   
 48.6% | 000009600 |    0.0167268  | 2.844e+04| 6.052e+04|          |  1.343e-02 |  3.825e-04 |  0.000e+00 | 0.000e+00 |   1.958e-03  |  8.407e+03  |    1.364e+04   
 51.8% | 000010240 |    0.0162902  | 4.630e+04| 5.962e+04|          |  1.345e-02 |  3.816e-04 |  0.000e+00 | 0.000e+00 |   1.663e-03  |  7.610e+03  |    1.335e+04   
 55.1% | 000010880 |    0.0160356  | 2.652e+04| 5.978e+04|          |  1.335e-02 |  3.825e-04 |  0.000e+00 | 0.000e+00 |   1.364e-03  |  6.759e+03  |    1.306e+04   
 58.3% | 000011520 |    0.0158129  | 3.088e+04| 5.625e+04|          |  1.337e-02 |  3.820e-04 |  0.000e+00 | 0.000e+00 |   1.209e-03  |  5.934e+03  |    1.276e+04   
 61.5% | 000012160 |    0.0152778  | 4.596e+04| 5.712e+04|          |  1.321e-02 |  3.822e-04 |  0.000e+00 | 0.000e+00 |   8.710e-04  |  5.258e+03  |    1.246e+04   
 64.8% | 000012800 |    0.0151606  | 3.887e+04| 5.560e+04|          |  1.326e-02 |  3.900e-04 |  0.000e+00 | 0.000e+00 |   7.719e-04  |  4.477e+03  |    1.216e+04   
 68.0% | 000013440 |    0.0143373  | 4.946e+04| 5.497e+04|          |  1.270e-02 |  3.830e-04 |  0.000e+00 | 0.000e+00 |   5.698e-04  |  3.939e+03  |    1.188e+04   
 71.3% | 000014080 |    0.0142209  | 4.007e+04| 5.508e+04|          |  1.279e-02 |  3.825e-04 |  0.000e+00 | 0.000e+00 |   2.688e-04  |  3.243e+03  |    1.160e+04   
 74.5% | 000014720 |    0.0139648  | 4.256e+04| 5.436e+04|          |  1.272e-02 |  3.824e-04 |  0.000e+00 | 0.000e+00 |   1.779e-04  |  2.636e+03  |    1.132e+04   
 77.7% | 000015360 |    0.0135468  | 4.081e+04| 5.213e+04|          |  1.244e-02 |  3.871e-04 |  0.000e+00 | 0.000e+00 |   6.042e-05  |  2.108e+03  |    1.104e+04   
 81.0% | 000016000 |    0.0132367  | 4.132e+04| 5.426e+04|          |  1.210e-02 |  3.826e-04 |  0.000e+00 | 0.000e+00 |   1.723e-05  |  1.613e+03  |    1.078e+04   
 84.2% | 000016640 |    0.0131818  | 3.733e+04| 5.131e+04|          |  1.208e-02 |  3.839e-04 |  0.000e+00 | 0.000e+00 |   1.793e-05  |  1.152e+03  |    1.052e+04   
 87.4% | 000017280 |    0.0130039  | 4.046e+04| 5.076e+04|          |  1.202e-02 |  3.824e-04 |  0.000e+00 | 0.000e+00 |   1.654e-05  |  7.749e+02  |    1.027e+04   
 90.7% | 000017920 |    0.0131377  | 2.815e+04| 3.260e+04|          |  1.202e-02 |  3.862e-04 |  0.000e+00 | 0.000e+00 |   1.743e-05  |  4.578e+02  |    1.001e+04   
 93.9% | 000018560 |    0.0131006  | 2.453e+04| 2.946e+04|          |  1.204e-02 |  3.828e-04 |  0.000e+00 | 0.000e+00 |   1.653e-05  |  2.290e+02  |    9.771e+03   
 97.2% | 000019200 |    0.0112128  | 1.299e+04|          |          |  1.065e-02 |  3.352e-04 |  0.000e+00 | 0.000e+00 |   1.666e-05  |  7.305e+01  |    9.569e+03   
Final Score:    9.4152e+03 GFLOPS 
Residual value = 0.000184433403253 (0x3f282c8ededaa588)
Residual Check: PASSED 
