Node Binding: Process 0 [(p,q)=(0,0)] GPU: 0, CPU Cores: 40 - {0-78}
Local matrix size       = 0.727947 GiBs
Total device memory use = 0.980509 GiBs
--------------------------------------------------------------------------------------------------------------------------------------------------------------------
   %   | Column    | Step Time (s) ||         DGEMM GFLOPS         || pdfact (s) | pmxswp (s) | Lbcast (s) | laswp (s) | GPU Sync (s) | Step GFLOPS | Overall GFLOPS
       |           |               |  Small   |  First   | Second   |            |            |            |           |              |             |               
--------------------------------------------------------------------------------------------------------------------------------------------------------------------
  6.5% | 000000640 |    0.0149895  | 4.563e+04| 5.923e+04|          |  1.242e-02 |  3.773e-04 |  0.000e+00 | 0.000e+00 |   1.573e-03  |  7.807e+03  |    4.248e+03   
 13.0% | 000001280 |    0.0158225  | 4.568e+04| 5.705e+04|          |  1.331e-02 |  3.784e-04 |  0.000e+00 | 0.000e+00 |   1.314e-03  |  6.439e+03  |    5.045e+03   
 19.4% | 000001920 |    0.0154803  | 4.133e+04| 5.349e+04|          |  1.316e-02 |  3.766e-04 |  0.000e+00 | 0.000e+00 |   1.165e-03  |  5.671e+03  |    5.209e+03   
 25.9% | 000002560 |    0.0145672  | 5.356e+04| 5.634e+04|          |  1.261e-02 |  3.765e-04 |  0.000e+00 | 0.000e+00 |   7.917e-04  |  5.132e+03  |    5.193e+03   
 32.4% | 000003200 |    0.0143766  | 4.473e+04| 5.693e+04|          |  1.263e-02 |  3.768e-04 |  0.000e+00 | 0.000e+00 |   6.621e-04  |  4.365e+03  |    5.057e+03   
 38.9% | 000003840 |    0.0142199  | 4.451e+04| 5.895e+04|          |  1.270e-02 |  3.765e-04 |  0.000e+00 | 0.000e+00 |   4.582e-04  |  3.644e+03  |    4.859e+03   
 45.3% | 000004480 |    0.0137707  | 4.327e+04| 5.574e+04|          |  1.240e-02 |  3.784e-04 |  0.000e+00 | 0.000e+00 |   2.074e-04  |  3.044e+03  |    4.643e+03   
 51.8% | 000005120 |    0.0136011  | 4.184e+04| 5.562e+04|          |  1.245e-02 |  3.755e-04 |  0.000e+00 | 0.000e+00 |   9.713e-05  |  2.432e+03  |    4.411e+03   
 58.3% | 000005760 |    0.0132225  | 3.994e+04| 4.963e+04|          |  1.209e-02 |  3.809e-04 |  0.000e+00 | 0.000e+00 |   1.231e-05  |  1.911e+03  |    4.179e+03   
 64.8% | 000006400 |    0.0128753  | 4.220e+04| 4.889e+04|          |  1.184e-02 |  3.759e-04 |  0.000e+00 | 0.000e+00 |   1.657e-05  |  1.439e+03  |    3.952e+03   
 71.3% | 000007040 |    0.0128158  | 3.724e+04| 4.798e+04|          |  1.174e-02 |  3.760e-04 |  0.000e+00 | 0.000e+00 |   1.775e-05  |  1.001e+03  |    3.727e+03   
 77.7% | 000007680 |    0.0127700  | 3.046e+04| 3.668e+04|          |  1.172e-02 |  3.753e-04 |  0.000e+00 | 0.000e+00 |   1.702e-05  |  6.398e+02  |    3.509e+03   
 84.2% | 000008320 |    0.0128448  | 2.695e+04| 3.212e+04|          |  1.177e-02 |  3.753e-04 |  0.000e+00 | 0.000e+00 |   1.742e-05  |  3.555e+02  |    3.300e+03   
 90.7% | 000008960 |    0.0126165  | 3.241e+04| 1.644e+04|          |  1.155e-02 |  3.758e-04 |  0.000e+00 | 0.000e+00 |   1.720e-05  |  1.594e+02  |    3.108e+03   
 97.2% | 000009600 |    0.0053428  | 2.778e+03|          |          |  4.947e-03 |  1.659e-04 |  0.000e+00 | 0.000e+00 |   1.175e-05  |  1.915e+01  |    3.032e+03   
Final Score:    2.9724e+03 GFLOPS 
Residual value = 0.000216145124020 (0x3f2c54a07a4b33df)
Residual Check: PASSED 
