Node Binding: Process 0 [(p,q)=(0,0)] GPU: 0, CPU Cores: 40 - {0-78}
Local matrix size       = 186.224 GiBs
Total device memory use = 190.011 GiBs
--------------------------------------------------------------------------------------------------------------------------------------------------------------------
   %   | Column    | Step Time (s) ||         DGEMM GFLOPS         || pdfact (s) | pmxswp (s) | Lbcast (s) | laswp (s) | GPU Sync (s) | Step GFLOPS | Overall GFLOPS
       |           |               |  Small   |  First   | Second   |            |            |            |           |              |             |               
--------------------------------------------------------------------------------------------------------------------------------------------------------------------
  0.4% | 000000640 |    0.5085295  | 5.965e+04| 6.720e+04|          |  2.633e-02 |  4.026e-04 |  0.000e+00 | 0.000e+00 |   4.788e-01  |  6.265e+04  |    5.953e+04   
  0.8% | 000001280 |    0.5069708  | 5.850e+04| 6.696e+04|          |  2.677e-02 |  3.899e-04 |  0.000e+00 | 0.000e+00 |   4.765e-01  |  6.233e+04  |    6.089e+04   
  1.2% | 000001920 |    0.5026839  | 5.814e+04| 6.693e+04|          |  2.635e-02 |  3.892e-04 |  0.000e+00 | 0.000e+00 |   4.727e-01  |  6.235e+04  |    6.136e+04   
  1.6% | 000002560 |    0.4995282  | 5.906e+04| 6.674e+04|          |  2.585e-02 |  3.900e-04 |  0.000e+00 | 0.000e+00 |   4.701e-01  |  6.223e+04  |    6.157e+04   
  2.0% | 000003200 |    0.4932238  | 5.990e+04| 6.704e+04|          |  2.556e-02 |  3.884e-04 |  0.000e+00 | 0.000e+00 |   4.642e-01  |  6.251e+04  |    6.176e+04   
  2.4% | 000003840 |    0.4911160  | 5.997e+04| 6.683e+04|          |  2.578e-02 |  3.883e-04 |  0.000e+00 | 0.000e+00 |   4.619e-01  |  6.226e+04  |    6.184e+04   
  2.8% | 000004480 |    0.4854736  | 5.966e+04| 6.706e+04|          |  2.546e-02 |  3.896e-04 |  0.000e+00 | 0.000e+00 |   4.565e-01  |  6.246e+04  |    6.192e+04   
  3.2% | 000005120 |    0.4842250  | 5.787e+04| 6.683e+04|          |  2.639e-02 |  3.884e-04 |  0.000e+00 | 0.000e+00 |   4.543e-01  |  6.211e+04  |    6.195e+04   
  3.6% | 000005760 |    0.4807216  | 5.739e+04| 6.668e+04|          |  2.558e-02 |  3.875e-04 |  0.000e+00 | 0.000e+00 |   4.516e-01  |  6.204e+04  |    6.196e+04   
  4.0% | 000006400 |    0.4748607  | 5.864e+04| 6.705e+04|          |  2.603e-02 |  3.864e-04 |  0.000e+00 | 0.000e+00 |   4.454e-01  |  6.228e+04  |    6.199e+04   
  4.5% | 000007040 |    0.4723758  | 5.890e+04| 6.681e+04|          |  2.582e-02 |  3.894e-04 |  0.000e+00 | 0.000e+00 |   4.431e-01  |  6.208e+04  |    6.199e+04   
  4.9% | 000007680 |    0.4672685  | 5.818e+04| 6.710e+04|          |  2.613e-02 |  3.888e-04 |  0.000e+00 | 0.000e+00 |   4.376e-01  |  6.223e+04  |    6.201e+04   
  5.3% | 000008320 |    0.4624701  | 5.821e+04| 6.713e+04|          |  2.526e-02 |  3.892e-04 |  0.000e+00 | 0.000e+00 |   4.337e-01  |  6.234e+04  |    6.204e+04   
  5.7% | 000008960 |    0.4621559  | 5.844e+04| 6.673e+04|          |  2.610e-02 |  3.887e-04 |  0.000e+00 | 0.000e+00 |   4.326e-01  |  6.185e+04  |    6.202e+04   
  6.1% | 000009600 |    0.4581456  | 5.900e+04| 6.674e+04|          |  2.597e-02 |  3.886e-04 |  0.000e+00 | 0.000e+00 |   4.288e-01  |  6.186e+04  |    6.201e+04   
  6.5% | 000010240 |    0.4531449  | 5.957e+04| 6.699e+04|          |  2.611e-02 |  3.886e-04 |  0.000e+00 | 0.000e+00 |   4.237e-01  |  6.201e+04  |    6.201e+04   
  6.9% | 000010880 |    0.4487232  | 5.885e+04| 6.707e+04|          |  2.584e-02 |  3.931e-04 |  0.000e+00 | 0.000e+00 |   4.195e-01  |  6.208e+04  |    6.202e+04   
  7.3% | 000011520 |    0.4471900  | 5.930e+04| 6.676e+04|          |  2.602e-02 |  3.910e-04 |  0.000e+00 | 0.000e+00 |   4.178e-01  |  6.175e+04  |    6.200e+04   
  7.7% | 000012160 |    0.4415390  | 5.968e+04| 6.710e+04|          |  2.607e-02 |  3.889e-04 |  0.000e+00 | 0.000e+00 |   4.122e-01  |  6.200e+04  |    6.200e+04   
  8.1% | 000012800 |    0.4405162  | 5.783e+04| 6.668e+04|          |  2.599e-02 |  3.890e-04 |  0.000e+00 | 0.000e+00 |   4.111e-01  |  6.160e+04  |    6.198e+04   
  8.5% | 000013440 |    0.4370347  | 5.924e+04| 6.674e+04|          |  2.644e-02 |  3.888e-04 |  0.000e+00 | 0.000e+00 |   4.072e-01  |  6.154e+04  |    6.196e+04   
  8.9% | 000014080 |    0.4315704  | 5.927e+04| 6.699e+04|          |  2.617e-02 |  3.869e-04 |  0.000e+00 | 0.000e+00 |   4.021e-01  |  6.177e+04  |    6.196e+04   
  9.3% | 000014720 |    0.4276592  | 5.802e+04| 6.704e+04|          |  2.612e-02 |  3.904e-04 |  0.000e+00 | 0.000e+00 |   3.981e-01  |  6.179e+04  |    6.195e+04   
  9.7% | 000015360 |    0.4260329  | 5.624e+04| 6.681e+04|          |  2.651e-02 |  3.839e-04 |  0.000e+00 | 0.000e+00 |   3.960e-01  |  6.147e+04  |    6.193e+04   
 10.1% | 000016000 |    0.4209924  | 5.636e+04| 6.694e+04|          |  2.580e-02 |  3.869e-04 |  0.000e+00 | 0.000e+00 |   3.917e-01  |  6.165e+04  |    6.192e+04   
 10.5% | 000016640 |    0.4161115  | 5.699e+04| 6.711e+04|          |  2.544e-02 |  3.903e-04 |  0.000e+00 | 0.000e+00 |   3.872e-01  |  6.182e+04  |    6.192e+04   
 10.9% | 000017280 |    0.4158260  | 4.848e+04| 6.680e+04|          |  2.612e-02 |  3.880e-04 |  0.000e+00 | 0.000e+00 |   3.857e-01  |  6.130e+04  |    6.190e+04   
 11.3% | 000017920 |    0.4109435  | 5.755e+04| 6.680e+04|          |  2.556e-02 |  3.893e-04 |  0.000e+00 | 0.000e+00 |   3.820e-01  |  6.147e+04  |    6.188e+04   
 11.7% | 000018560 |    0.4071776  | 5.647e+04| 6.689e+04|          |  2.561e-02 |  3.896e-04 |  0.000e+00 | 0.000e+00 |   3.781e-01  |  6.147e+04  |    6.187e+04   
 12.1% | 000019200 |    0.4045666  | 5.950e+04| 6.668e+04|          |  2.541e-02 |  3.882e-04 |  0.000e+00 | 0.000e+00 |   3.759e-01  |  6.131e+04  |    6.185e+04   
 12.6% | 000019840 |    0.4024320  | 6.002e+04| 6.657e+04|          |  2.607e-02 |  3.915e-04 |  0.000e+00 | 0.000e+00 |   3.730e-01  |  6.107e+04  |    6.183e+04   
 13.0% | 000020480 |    0.3993631  | 5.800e+04| 6.649e+04|          |  2.609e-02 |  3.913e-04 |  0.000e+00 | 0.000e+00 |   3.700e-01  |  6.097e+04  |    6.181e+04   
 13.4% | 000021120 |    0.3947669  | 5.874e+04| 6.669e+04|          |  2.579e-02 |  3.906e-04 |  0.000e+00 | 0.000e+00 |   3.656e-01  |  6.111e+04  |    6.179e+04   
 13.8% | 000021760 |    0.3915123  | 5.870e+04| 6.661e+04|          |  2.573e-02 |  3.877e-04 |  0.000e+00 | 0.000e+00 |   3.626e-01  |  6.104e+04  |    6.177e+04   
 14.2% | 000022400 |    0.3887686  | 5.800e+04| 6.655e+04|          |  2.595e-02 |  3.978e-04 |  0.000e+00 | 0.000e+00 |   3.595e-01  |  6.090e+04  |    6.175e+04   
 14.6% | 000023040 |    0.3842258  | 5.667e+04| 6.676e+04|          |  2.587e-02 |  3.891e-04 |  0.000e+00 | 0.000e+00 |   3.551e-01  |  6.104e+04  |    6.173e+04   
 15.0% | 000023680 |    0.3829177  | 5.873e+04| 6.633e+04|          |  2.568e-02 |  3.836e-04 |  0.000e+00 | 0.000e+00 |   3.540e-01  |  6.067e+04  |    6.171e+04   
 15.4% | 000024320 |    0.3784915  | 5.827e+04| 6.652e+04|          |  2.572e-02 |  3.869e-04 |  0.000e+00 | 0.000e+00 |   3.495e-01  |  6.080e+04  |    6.168e+04   
 15.8% | 000024960 |    0.3750110  | 5.176e+04| 6.660e+04|          |  2.547e-02 |  3.847e-04 |  0.000e+00 | 0.000e+00 |   3.459e-01  |  6.078e+04  |    6.166e+04   
 16.2% | 000025600 |    0.3734281  | 5.182e+04| 6.635e+04|          |  2.586e-02 |  3.894e-04 |  0.000e+00 | 0.000e+00 |   3.440e-01  |  6.045e+04  |    6.164e+04   
 16.6% | 000026240 |    0.3692064  | 5.828e+04| 6.636e+04|          |  2.536e-02 |  3.902e-04 |  0.000e+00 | 0.000e+00 |   3.406e-01  |  6.055e+04  |    6.162e+04   
 17.0% | 000026880 |    0.3680681  | 5.688e+04| 6.622e+04|          |  2.669e-02 |  3.893e-04 |  0.000e+00 | 0.000e+00 |   3.381e-01  |  6.015e+04  |    6.159e+04   
 17.4% | 000027520 |    0.3619147  | 5.934e+04| 6.646e+04|          |  2.535e-02 |  3.895e-04 |  0.000e+00 | 0.000e+00 |   3.334e-01  |  6.058e+04  |    6.157e+04   
 17.8% | 000028160 |    0.3582317  | 5.857e+04| 6.656e+04|          |  2.531e-02 |  3.854e-04 |  0.000e+00 | 0.000e+00 |   3.298e-01  |  6.061e+04  |    6.155e+04   
 18.2% | 000028800 |    0.3556592  | 5.674e+04| 6.652e+04|          |  2.557e-02 |  3.866e-04 |  0.000e+00 | 0.000e+00 |   3.269e-01  |  6.045e+04  |    6.153e+04   
 18.6% | 000029440 |    0.3535053  | 5.756e+04| 6.622e+04|          |  2.534e-02 |  3.907e-04 |  0.000e+00 | 0.000e+00 |   3.250e-01  |  6.022e+04  |    6.151e+04   
 19.0% | 000030080 |    0.3496111  | 5.799e+04| 6.636e+04|          |  2.529e-02 |  3.879e-04 |  0.000e+00 | 0.000e+00 |   3.212e-01  |  6.029e+04  |    6.148e+04   
 19.4% | 000030720 |    0.3457124  | 5.794e+04| 6.650e+04|          |  2.531e-02 |  3.904e-04 |  0.000e+00 | 0.000e+00 |   3.173e-01  |  6.036e+04  |    6.147e+04   
 19.8% | 000031360 |    0.3426592  | 5.751e+04| 6.647e+04|          |  2.521e-02 |  3.862e-04 |  0.000e+00 | 0.000e+00 |   3.143e-01  |  6.029e+04  |    6.145e+04   
 20.2% | 000032000 |    0.3403301  | 4.820e+04| 6.653e+04|          |  2.555e-02 |  3.862e-04 |  0.000e+00 | 0.000e+00 |   3.109e-01  |  6.009e+04  |    6.142e+04   
 20.6% | 000032640 |    0.3370578  | 5.671e+04| 6.643e+04|          |  2.572e-02 |  3.884e-04 |  0.000e+00 | 0.000e+00 |   3.081e-01  |  6.006e+04  |    6.140e+04   
 21.1% | 000033280 |    0.3325543  | 5.558e+04| 6.667e+04|          |  2.537e-02 |  3.885e-04 |  0.000e+00 | 0.000e+00 |   3.039e-01  |  6.026e+04  |    6.138e+04   
 21.5% | 000033920 |    0.3305370  | 5.735e+04| 6.653e+04|          |  2.556e-02 |  3.911e-04 |  0.000e+00 | 0.000e+00 |   3.015e-01  |  6.001e+04  |    6.136e+04   
 21.9% | 000034560 |    0.3259708  | 5.729e+04| 6.657e+04|          |  2.467e-02 |  3.885e-04 |  0.000e+00 | 0.000e+00 |   2.982e-01  |  6.022e+04  |    6.135e+04   
 22.3% | 000035200 |    0.3234644  | 5.721e+04| 6.673e+04|          |  2.564e-02 |  3.903e-04 |  0.000e+00 | 0.000e+00 |   2.944e-01  |  6.006e+04  |    6.133e+04   
 22.7% | 000035840 |    0.3195102  | 5.782e+04| 6.678e+04|          |  2.524e-02 |  3.851e-04 |  0.000e+00 | 0.000e+00 |   2.912e-01  |  6.018e+04  |    6.131e+04   
 23.1% | 000036480 |    0.3163474  | 5.831e+04| 6.669e+04|          |  2.469e-02 |  3.834e-04 |  0.000e+00 | 0.000e+00 |   2.886e-01  |  6.014e+04  |    6.130e+04   
 23.5% | 000037120 |    0.3145869  | 5.620e+04| 6.648e+04|          |  2.495e-02 |  3.860e-04 |  0.000e+00 | 0.000e+00 |   2.865e-01  |  5.985e+04  |    6.128e+04   
 23.9% | 000037760 |    0.3122284  | 5.740e+04| 6.648e+04|          |  2.556e-02 |  3.845e-04 |  0.000e+00 | 0.000e+00 |   2.836e-01  |  5.966e+04  |    6.126e+04   
 24.3% | 000038400 |    0.3085332  | 5.652e+04| 6.642e+04|          |  2.481e-02 |  3.855e-04 |  0.000e+00 | 0.000e+00 |   2.806e-01  |  5.974e+04  |    6.124e+04   
 24.7% | 000039040 |    0.3053219  | 5.565e+04| 6.653e+04|          |  2.487e-02 |  3.838e-04 |  0.000e+00 | 0.000e+00 |   2.774e-01  |  5.973e+04  |    6.122e+04   
 25.1% | 000039680 |    0.3019974  | 5.650e+04| 6.666e+04|          |  2.500e-02 |  3.904e-04 |  0.000e+00 | 0.000e+00 |   2.739e-01  |  5.974e+04  |    6.120e+04   
 25.5% | 000040320 |    0.2986842  | 5.589e+04| 6.675e+04|          |  2.492e-02 |  3.919e-04 |  0.000e+00 | 0.000e+00 |   2.706e-01  |  5.975e+04  |    6.118e+04   
 25.9% | 000040960 |    0.2958410  | 5.512e+04| 6.676e+04|          |  2.513e-02 |  4.023e-04 |  0.000e+00 | 0.000e+00 |   2.676e-01  |  5.967e+04  |    6.117e+04   
 26.3% | 000041600 |    0.2926813  | 5.762e+04| 6.674e+04|          |  2.478e-02 |  3.853e-04 |  0.000e+00 | 0.000e+00 |   2.649e-01  |  5.966e+04  |    6.115e+04   
 26.7% | 000042240 |    0.2907053  | 5.676e+04| 6.651e+04|          |  2.484e-02 |  3.861e-04 |  0.000e+00 | 0.000e+00 |   2.629e-01  |  5.941e+04  |    6.113e+04   
 27.1% | 000042880 |    0.2879848  | 6.051e+04| 6.644e+04|          |  2.489e-02 |  3.893e-04 |  0.000e+00 | 0.000e+00 |   2.602e-01  |  5.931e+04  |    6.111e+04   
 27.5% | 000043520 |    0.2846732  | 5.771e+04| 6.653e+04|          |  2.471e-02 |  3.894e-04 |  0.000e+00 | 0.000e+00 |   2.571e-01  |  5.934e+04  |    6.109e+04   
 27.9% | 000044160 |    0.2816533  | 5.745e+04| 6.653e+04|          |  2.455e-02 |  3.893e-04 |  0.000e+00 | 0.000e+00 |   2.542e-01  |  5.931e+04  |    6.107e+04   
 28.3% | 000044800 |    0.2774008  | 5.848e+04| 6.687e+04|          |  2.437e-02 |  3.921e-04 |  0.000e+00 | 0.000e+00 |   2.502e-01  |  5.955e+04  |    6.106e+04   
 28.7% | 000045440 |    0.2750030  | 5.758e+04| 6.672e+04|          |  2.428e-02 |  3.880e-04 |  0.000e+00 | 0.000e+00 |   2.478e-01  |  5.939e+04  |    6.104e+04   
 29.1% | 000046080 |    0.2734209  | 5.689e+04| 6.656e+04|          |  2.471e-02 |  3.942e-04 |  0.000e+00 | 0.000e+00 |   2.456e-01  |  5.906e+04  |    6.102e+04   
 29.6% | 000046720 |    0.2705585  | 5.750e+04| 6.651e+04|          |  2.464e-02 |  3.896e-04 |  0.000e+00 | 0.000e+00 |   2.430e-01  |  5.901e+04  |    6.100e+04   
 30.0% | 000047360 |    0.2669052  | 5.774e+04| 6.655e+04|          |  2.388e-02 |  3.878e-04 |  0.000e+00 | 0.000e+00 |   2.402e-01  |  5.913e+04  |    6.098e+04   
 30.4% | 000048000 |    0.2640733  | 5.764e+04| 6.662e+04|          |  2.407e-02 |  3.888e-04 |  0.000e+00 | 0.000e+00 |   2.372e-01  |  5.908e+04  |    6.097e+04   
 30.8% | 000048640 |    0.2617104  | 5.562e+04| 6.656e+04|          |  2.422e-02 |  3.888e-04 |  0.000e+00 | 0.000e+00 |   2.345e-01  |  5.892e+04  |    6.095e+04   
 31.2% | 000049280 |    0.2588882  | 5.777e+04| 6.656e+04|          |  2.443e-02 |  3.880e-04 |  0.000e+00 | 0.000e+00 |   2.315e-01  |  5.887e+04  |    6.093e+04   
 31.6% | 000049920 |    0.2548396  | 5.720e+04| 6.700e+04|          |  2.437e-02 |  3.869e-04 |  0.000e+00 | 0.000e+00 |   2.276e-01  |  5.911e+04  |    6.091e+04   
 32.0% | 000050560 |    0.2527948  | 5.649e+04| 6.688e+04|          |  2.452e-02 |  3.891e-04 |  0.000e+00 | 0.000e+00 |   2.253e-01  |  5.888e+04  |    6.090e+04   
 32.4% | 000051200 |    0.2508868  | 5.736e+04| 6.655e+04|          |  2.442e-02 |  3.913e-04 |  0.000e+00 | 0.000e+00 |   2.237e-01  |  5.863e+04  |    6.088e+04   
 32.8% | 000051840 |    0.2479796  | 5.856e+04| 6.650e+04|          |  2.396e-02 |  3.866e-04 |  0.000e+00 | 0.000e+00 |   2.212e-01  |  5.861e+04  |    6.086e+04   
 33.2% | 000052480 |    0.2456183  | 5.781e+04| 6.660e+04|          |  2.451e-02 |  3.883e-04 |  0.000e+00 | 0.000e+00 |   2.184e-01  |  5.847e+04  |    6.084e+04   
 33.6% | 000053120 |    0.2434464  | 5.799e+04| 6.636e+04|          |  2.427e-02 |  3.878e-04 |  0.000e+00 | 0.000e+00 |   2.164e-01  |  5.828e+04  |    6.082e+04   
 34.0% | 000053760 |    0.2412196  | 5.908e+04| 6.622e+04|          |  2.414e-02 |  3.931e-04 |  0.000e+00 | 0.000e+00 |   2.143e-01  |  5.810e+04  |    6.080e+04   
 34.4% | 000054400 |    0.2368286  | 5.798e+04| 6.673e+04|          |  2.400e-02 |  3.892e-04 |  0.000e+00 | 0.000e+00 |   2.101e-01  |  5.846e+04  |    6.078e+04   
 34.8% | 000055040 |    0.2350668  | 5.648e+04| 6.650e+04|          |  2.414e-02 |  3.906e-04 |  0.000e+00 | 0.000e+00 |   2.082e-01  |  5.817e+04  |    6.076e+04   
 35.2% | 000055680 |    0.2321376  | 5.766e+04| 6.665e+04|          |  2.417e-02 |  4.089e-04 |  0.000e+00 | 0.000e+00 |   2.052e-01  |  5.818e+04  |    6.074e+04   
 35.6% | 000056320 |    0.2294241  | 5.756e+04| 6.661e+04|          |  2.398e-02 |  3.874e-04 |  0.000e+00 | 0.000e+00 |   2.027e-01  |  5.814e+04  |    6.072e+04   
 36.0% | 000056960 |    0.2282846  | 5.858e+04| 6.622e+04|          |  2.421e-02 |  3.907e-04 |  0.000e+00 | 0.000e+00 |   2.013e-01  |  5.770e+04  |    6.070e+04   
 36.4% | 000057600 |    0.2251691  | 5.758e+04| 6.635e+04|          |  2.395e-02 |  3.892e-04 |  0.000e+00 | 0.000e+00 |   1.985e-01  |  5.776e+04  |    6.068e+04   
 36.8% | 000058240 |    0.2221809  | 6.288e+04| 6.654e+04|          |  2.405e-02 |  3.879e-04 |  0.000e+00 | 0.000e+00 |   1.955e-01  |  5.780e+04  |    6.066e+04   
 37.2% | 000058880 |    0.2199121  | 5.767e+04| 6.659e+04|          |  2.434e-02 |  3.893e-04 |  0.000e+00 | 0.000e+00 |   1.929e-01  |  5.765e+04  |    6.064e+04   
 37.7% | 000059520 |    0.2186506  | 5.792e+04| 6.621e+04|          |  2.454e-02 |  3.992e-04 |  0.000e+00 | 0.000e+00 |   1.915e-01  |  5.724e+04  |    6.062e+04   
 38.1% | 000060160 |    0.2143687  | 6.314e+04| 6.676e+04|          |  2.430e-02 |  3.920e-04 |  0.000e+00 | 0.000e+00 |   1.874e-01  |  5.763e+04  |    6.060e+04   
 38.5% | 000060800 |    0.2125877  | 5.956e+04| 6.640e+04|          |  2.395e-02 |  3.994e-04 |  0.000e+00 | 0.000e+00 |   1.860e-01  |  5.735e+04  |    6.058e+04   
 38.9% | 000061440 |    0.2098634  | 5.823e+04| 6.634e+04|          |  2.355e-02 |  4.003e-04 |  0.000e+00 | 0.000e+00 |   1.837e-01  |  5.734e+04  |    6.056e+04   
 39.3% | 000062080 |    0.2071326  | 5.762e+04| 6.653e+04|          |  2.364e-02 |  3.987e-04 |  0.000e+00 | 0.000e+00 |   1.808e-01  |  5.733e+04  |    6.054e+04   
 39.7% | 000062720 |    0.2055953  | 5.661e+04| 6.634e+04|          |  2.399e-02 |  3.995e-04 |  0.000e+00 | 0.000e+00 |   1.789e-01  |  5.700e+04  |    6.052e+04   
 40.1% | 000063360 |    0.2030340  | 5.790e+04| 6.628e+04|          |  2.377e-02 |  3.871e-04 |  0.000e+00 | 0.000e+00 |   1.767e-01  |  5.694e+04  |    6.049e+04   
 40.5% | 000064000 |    0.2012237  | 5.741e+04| 6.598e+04|          |  2.346e-02 |  3.897e-04 |  0.000e+00 | 0.000e+00 |   1.751e-01  |  5.669e+04  |    6.047e+04   
 40.9% | 000064640 |    0.1971836  | 6.058e+04| 6.648e+04|          |  2.313e-02 |  3.899e-04 |  0.000e+00 | 0.000e+00 |   1.715e-01  |  5.707e+04  |    6.045e+04   
 41.3% | 000065280 |    0.1941892  | 5.823e+04| 6.669e+04|          |  2.296e-02 |  3.872e-04 |  0.000e+00 | 0.000e+00 |   1.687e-01  |  5.716e+04  |    6.043e+04   
 41.7% | 000065920 |    0.1930094  | 5.857e+04| 6.622e+04|          |  2.290e-02 |  3.870e-04 |  0.000e+00 | 0.000e+00 |   1.675e-01  |  5.672e+04  |    6.041e+04   
 42.1% | 000066560 |    0.1911005  | 5.726e+04| 6.613e+04|          |  2.305e-02 |  3.865e-04 |  0.000e+00 | 0.000e+00 |   1.654e-01  |  5.650e+04  |    6.039e+04   
 42.5% | 000067200 |    0.1873591  | 6.663e+04| 6.669e+04|          |  2.319e-02 |  3.873e-04 |  0.000e+00 | 0.000e+00 |   1.617e-01  |  5.682e+04  |    6.037e+04   
 42.9% | 000067840 |    0.1858422  | 5.692e+04| 6.635e+04|          |  2.296e-02 |  3.924e-04 |  0.000e+00 | 0.000e+00 |   1.602e-01  |  5.649e+04  |    6.035e+04   
 43.3% | 000068480 |    0.1841323  | 5.941e+04| 6.627e+04|          |  2.336e-02 |  3.925e-04 |  0.000e+00 | 0.000e+00 |   1.582e-01  |  5.621e+04  |    6.033e+04   
 43.7% | 000069120 |    0.1821897  | 5.793e+04| 6.630e+04|          |  2.367e-02 |  3.901e-04 |  0.000e+00 | 0.000e+00 |   1.560e-01  |  5.600e+04  |    6.031e+04   
 44.1% | 000069760 |    0.1812126  | 6.244e+04| 6.575e+04|          |  2.376e-02 |  3.916e-04 |  0.000e+00 | 0.000e+00 |   1.550e-01  |  5.550e+04  |    6.029e+04   
 44.5% | 000070400 |    0.1704827  | 6.370e+04| 6.998e+04|          |  2.431e-02 |  3.895e-04 |  0.000e+00 | 0.000e+00 |   1.436e-01  |  5.814e+04  |    6.027e+04   
 44.9% | 000071040 |    0.1674387  | 5.843e+04| 7.042e+04|          |  2.408e-02 |  3.901e-04 |  0.000e+00 | 0.000e+00 |   1.408e-01  |  5.834e+04  |    6.027e+04   
 45.3% | 000071680 |    0.1660513  | 5.968e+04| 6.988e+04|          |  2.365e-02 |  3.901e-04 |  0.000e+00 | 0.000e+00 |   1.399e-01  |  5.797e+04  |    6.026e+04   
 45.7% | 000072320 |    0.1632328  | 5.954e+04| 7.014e+04|          |  2.345e-02 |  4.008e-04 |  0.000e+00 | 0.000e+00 |   1.372e-01  |  5.810e+04  |    6.025e+04   
 46.2% | 000072960 |    0.1609404  | 5.946e+04| 7.024e+04|          |  2.331e-02 |  3.895e-04 |  0.000e+00 | 0.000e+00 |   1.351e-01  |  5.806e+04  |    6.024e+04   
 46.6% | 000073600 |    0.1587184  | 6.044e+04| 7.014e+04|          |  2.304e-02 |  3.888e-04 |  0.000e+00 | 0.000e+00 |   1.332e-01  |  5.799e+04  |    6.023e+04   
 47.0% | 000074240 |    0.1570230  | 6.197e+04| 7.021e+04|          |  2.340e-02 |  3.892e-04 |  0.000e+00 | 0.000e+00 |   1.311e-01  |  5.774e+04  |    6.022e+04   
 47.4% | 000074880 |    0.1557035  | 6.088e+04| 6.988e+04|          |  2.355e-02 |  3.890e-04 |  0.000e+00 | 0.000e+00 |   1.297e-01  |  5.734e+04  |    6.020e+04   
 47.8% | 000075520 |    0.1532269  | 6.319e+04| 7.021e+04|          |  2.360e-02 |  3.923e-04 |  0.000e+00 | 0.000e+00 |   1.272e-01  |  5.738e+04  |    6.019e+04   
 48.2% | 000076160 |    0.1517879  | 6.488e+04| 6.981e+04|          |  2.345e-02 |  3.889e-04 |  0.000e+00 | 0.000e+00 |   1.260e-01  |  5.703e+04  |    6.018e+04   
 48.6% | 000076800 |    0.1489961  | 6.221e+04| 6.981e+04|          |  2.264e-02 |  3.917e-04 |  0.000e+00 | 0.000e+00 |   1.239e-01  |  5.720e+04  |    6.017e+04   
 49.0% | 000077440 |    0.1473053  | 6.143e+04| 6.976e+04|          |  2.276e-02 |  3.884e-04 |  0.000e+00 | 0.000e+00 |   1.221e-01  |  5.696e+04  |    6.016e+04   
 49.4% | 000078080 |    0.1450959  | 5.948e+04| 6.978e+04|          |  2.246e-02 |  3.888e-04 |  0.000e+00 | 0.000e+00 |   1.202e-01  |  5.691e+04  |    6.014e+04   
 49.8% | 000078720 |    0.1429751  | 4.452e+04| 6.987e+04|          |  2.198e-02 |  3.853e-04 |  0.000e+00 | 0.000e+00 |   1.181e-01  |  5.684e+04  |    6.013e+04   
 50.2% | 000079360 |    0.1404390  | 4.501e+04| 7.026e+04|          |  2.208e-02 |  3.853e-04 |  0.000e+00 | 0.000e+00 |   1.156e-01  |  5.694e+04  |    6.012e+04   
 50.6% | 000080000 |    0.1391250  | 4.379e+04| 6.977e+04|          |  2.174e-02 |  3.830e-04 |  0.000e+00 | 0.000e+00 |   1.146e-01  |  5.655e+04  |    6.011e+04   
 51.0% | 000080640 |    0.1428745  | 4.499e+04| 6.629e+04|          |  2.168e-02 |  3.834e-04 |  0.000e+00 | 0.000e+00 |   1.185e-01  |  5.417e+04  |    6.008e+04   
 51.4% | 000081280 |    0.1401531  | 4.626e+04| 6.654e+04|          |  2.143e-02 |  3.949e-04 |  0.000e+00 | 0.000e+00 |   1.160e-01  |  5.432e+04  |    6.006e+04   
 51.8% | 000081920 |    0.1380510  | 6.278e+04| 6.621e+04|          |  2.101e-02 |  3.901e-04 |  0.000e+00 | 0.000e+00 |   1.147e-01  |  5.423e+04  |    6.004e+04   
 52.2% | 000082560 |    0.1355942  | 6.246e+04| 6.640e+04|          |  2.074e-02 |  3.893e-04 |  0.000e+00 | 0.000e+00 |   1.125e-01  |  5.430e+04  |    6.002e+04   
 52.6% | 000083200 |    0.1344208  | 5.855e+04| 6.575e+04|          |  2.041e-02 |  3.893e-04 |  0.000e+00 | 0.000e+00 |   1.117e-01  |  5.385e+04  |    6.000e+04   
 53.0% | 000083840 |    0.1317509  | 6.148e+04| 6.642e+04|          |  2.067e-02 |  3.895e-04 |  0.000e+00 | 0.000e+00 |   1.087e-01  |  5.401e+04  |    5.998e+04   
 53.4% | 000084480 |    0.1299859  | 6.628e+04| 6.648e+04|          |  2.092e-02 |  3.937e-04 |  0.000e+00 | 0.000e+00 |   1.068e-01  |  5.381e+04  |    5.996e+04   
 53.8% | 000085120 |    0.1283236  | 6.256e+04| 6.601e+04|          |  2.050e-02 |  3.925e-04 |  0.000e+00 | 0.000e+00 |   1.055e-01  |  5.356e+04  |    5.994e+04   
 54.3% | 000085760 |    0.1261276  | 6.055e+04| 6.624e+04|          |  2.046e-02 |  3.895e-04 |  0.000e+00 | 0.000e+00 |   1.034e-01  |  5.355e+04  |    5.992e+04   
 54.7% | 000086400 |    0.1250503  | 6.512e+04| 6.581e+04|          |  2.053e-02 |  3.888e-04 |  0.000e+00 | 0.000e+00 |   1.023e-01  |  5.306e+04  |    5.990e+04   
 55.1% | 000087040 |    0.1234319  | 6.387e+04| 6.614e+04|          |  2.121e-02 |  3.913e-04 |  0.000e+00 | 0.000e+00 |   9.996e-02  |  5.281e+04  |    5.988e+04   
 55.5% | 000087680 |    0.1216225  | 6.147e+04| 6.597e+04|          |  2.098e-02 |  3.912e-04 |  0.000e+00 | 0.000e+00 |   9.840e-02  |  5.264e+04  |    5.985e+04   
 55.9% | 000088320 |    0.1203363  | 6.876e+04| 6.558e+04|          |  2.096e-02 |  3.924e-04 |  0.000e+00 | 0.000e+00 |   9.721e-02  |  5.224e+04  |    5.983e+04   
 56.3% | 000088960 |    0.1174203  | 6.911e+04| 6.619e+04|          |  2.063e-02 |  3.899e-04 |  0.000e+00 | 0.000e+00 |   9.464e-02  |  5.256e+04  |    5.981e+04   
 56.7% | 000089600 |    0.1156425  | 6.618e+04| 6.612e+04|          |  2.042e-02 |  3.869e-04 |  0.000e+00 | 0.000e+00 |   9.301e-02  |  5.239e+04  |    5.979e+04   
 57.1% | 000090240 |    0.1144409  | 6.377e+04| 6.566e+04|          |  2.036e-02 |  3.903e-04 |  0.000e+00 | 0.000e+00 |   9.187e-02  |  5.196e+04  |    5.977e+04   
 57.5% | 000090880 |    0.1127488  | 6.582e+04| 6.580e+04|          |  2.067e-02 |  3.891e-04 |  0.000e+00 | 0.000e+00 |   8.993e-02  |  5.176e+04  |    5.975e+04   
 57.9% | 000091520 |    0.1114594  | 6.275e+04| 6.554e+04|          |  2.066e-02 |  3.898e-04 |  0.000e+00 | 0.000e+00 |   8.858e-02  |  5.137e+04  |    5.972e+04   
 58.3% | 000092160 |    0.1103736  | 6.289e+04| 6.543e+04|          |  2.111e-02 |  3.895e-04 |  0.000e+00 | 0.000e+00 |   8.708e-02  |  5.088e+04  |    5.970e+04   
 58.7% | 000092800 |    0.1094925  | 6.365e+04| 6.540e+04|          |  2.192e-02 |  3.910e-04 |  0.000e+00 | 0.000e+00 |   8.543e-02  |  5.031e+04  |    5.967e+04   
 59.1% | 000093440 |    0.1066479  | 6.369e+04| 6.552e+04|          |  2.092e-02 |  3.906e-04 |  0.000e+00 | 0.000e+00 |   8.360e-02  |  5.065e+04  |    5.965e+04   
 59.5% | 000094080 |    0.1049747  | 6.347e+04| 6.551e+04|          |  2.079e-02 |  3.933e-04 |  0.000e+00 | 0.000e+00 |   8.204e-02  |  5.044e+04  |    5.963e+04   
 59.9% | 000094720 |    0.1023244  | 6.571e+04| 6.622e+04|          |  2.076e-02 |  3.901e-04 |  0.000e+00 | 0.000e+00 |   7.948e-02  |  5.073e+04  |    5.960e+04   
 60.3% | 000095360 |    0.1010767  | 6.445e+04| 6.558e+04|          |  2.030e-02 |  3.908e-04 |  0.000e+00 | 0.000e+00 |   7.867e-02  |  5.033e+04  |    5.958e+04   
 60.7% | 000096000 |    0.0999397  | 6.990e+04| 6.519e+04|          |  2.034e-02 |  3.894e-04 |  0.000e+00 | 0.000e+00 |   7.759e-02  |  4.987e+04  |    5.956e+04   
 61.1% | 000096640 |    0.0979190  | 7.003e+04| 6.562e+04|          |  2.038e-02 |  3.895e-04 |  0.000e+00 | 0.000e+00 |   7.552e-02  |  4.986e+04  |    5.954e+04   
 61.5% | 000097280 |    0.0964779  | 6.739e+04| 6.544e+04|          |  2.031e-02 |  3.889e-04 |  0.000e+00 | 0.000e+00 |   7.411e-02  |  4.956e+04  |    5.951e+04   
 61.9% | 000097920 |    0.0950459  | 7.115e+04| 6.534e+04|          |  2.032e-02 |  3.925e-04 |  0.000e+00 | 0.000e+00 |   7.274e-02  |  4.926e+04  |    5.949e+04   
 62.3% | 000098560 |    0.0930699  | 6.860e+04| 6.540e+04|          |  1.990e-02 |  3.879e-04 |  0.000e+00 | 0.000e+00 |   7.117e-02  |  4.925e+04  |    5.947e+04   
 62.8% | 000099200 |    0.0910972  | 6.717e+04| 6.563e+04|          |  1.962e-02 |  3.887e-04 |  0.000e+00 | 0.000e+00 |   6.946e-02  |  4.924e+04  |    5.944e+04   
 63.2% | 000099840 |    0.0895397  | 6.459e+04| 6.537e+04|          |  1.936e-02 |  3.902e-04 |  0.000e+00 | 0.000e+00 |   6.812e-02  |  4.902e+04  |    5.942e+04   
 63.6% | 000100480 |    0.0884434  | 6.733e+04| 6.492e+04|          |  1.928e-02 |  3.896e-04 |  0.000e+00 | 0.000e+00 |   6.714e-02  |  4.855e+04  |    5.940e+04   
 64.0% | 000101120 |    0.0854236  | 6.693e+04| 6.611e+04|          |  1.898e-02 |  3.883e-04 |  0.000e+00 | 0.000e+00 |   6.445e-02  |  4.916e+04  |    5.938e+04   
 64.4% | 000101760 |    0.0847183  | 6.479e+04| 6.528e+04|          |  1.885e-02 |  3.895e-04 |  0.000e+00 | 0.000e+00 |   6.387e-02  |  4.847e+04  |    5.936e+04   
 64.8% | 000102400 |    0.0833912  | 6.100e+04| 6.524e+04|          |  1.881e-02 |  3.901e-04 |  0.000e+00 | 0.000e+00 |   6.257e-02  |  4.814e+04  |    5.933e+04   
 65.2% | 000103040 |    0.0823282  | 6.166e+04| 6.506e+04|          |  1.908e-02 |  3.923e-04 |  0.000e+00 | 0.000e+00 |   6.123e-02  |  4.765e+04  |    5.931e+04   
 65.6% | 000103680 |    0.0799221  | 6.651e+04| 6.590e+04|          |  1.892e-02 |  3.895e-04 |  0.000e+00 | 0.000e+00 |   5.909e-02  |  4.796e+04  |    5.929e+04   
 66.0% | 000104320 |    0.0789230  | 6.356e+04| 6.558e+04|          |  1.893e-02 |  3.884e-04 |  0.000e+00 | 0.000e+00 |   5.800e-02  |  4.743e+04  |    5.927e+04   
 66.4% | 000104960 |    0.0784896  | 7.035e+04| 6.484e+04|          |  1.932e-02 |  3.887e-04 |  0.000e+00 | 0.000e+00 |   5.724e-02  |  4.657e+04  |    5.925e+04   
 66.8% | 000105600 |    0.0772897  | 6.999e+04| 6.468e+04|          |  1.937e-02 |  3.892e-04 |  0.000e+00 | 0.000e+00 |   5.600e-02  |  4.617e+04  |    5.922e+04   
 67.2% | 000106240 |    0.0754279  | 6.981e+04| 6.512e+04|          |  1.922e-02 |  3.893e-04 |  0.000e+00 | 0.000e+00 |   5.429e-02  |  4.617e+04  |    5.920e+04   
 67.6% | 000106880 |    0.0746392  | 6.783e+04| 6.468e+04|          |  1.937e-02 |  3.898e-04 |  0.000e+00 | 0.000e+00 |   5.335e-02  |  4.552e+04  |    5.917e+04   
 68.0% | 000107520 |    0.0729353  | 6.867e+04| 6.498e+04|          |  1.925e-02 |  3.886e-04 |  0.000e+00 | 0.000e+00 |   5.180e-02  |  4.543e+04  |    5.915e+04   
 68.4% | 000108160 |    0.0717135  | 6.752e+04| 6.468e+04|          |  1.907e-02 |  3.905e-04 |  0.000e+00 | 0.000e+00 |   5.078e-02  |  4.505e+04  |    5.913e+04   
 68.8% | 000108800 |    0.0717123  | 6.702e+04| 6.513e+04|          |  2.074e-02 |  3.928e-04 |  0.000e+00 | 0.000e+00 |   4.913e-02  |  4.391e+04  |    5.910e+04   
 69.2% | 000109440 |    0.0688623  | 6.331e+04| 6.523e+04|          |  1.935e-02 |  3.911e-04 |  0.000e+00 | 0.000e+00 |   4.761e-02  |  4.456e+04  |    5.908e+04   
 69.6% | 000110080 |    0.0683685  | 6.245e+04| 6.424e+04|          |  1.927e-02 |  3.894e-04 |  0.000e+00 | 0.000e+00 |   4.717e-02  |  4.371e+04  |    5.906e+04   
 70.0% | 000110720 |    0.0671984  | 6.416e+04| 6.410e+04|          |  1.936e-02 |  3.888e-04 |  0.000e+00 | 0.000e+00 |   4.598e-02  |  4.330e+04  |    5.903e+04   
 70.4% | 000111360 |    0.0657887  | 6.443e+04| 6.405e+04|          |  1.910e-02 |  3.930e-04 |  0.000e+00 | 0.000e+00 |   4.479e-02  |  4.305e+04  |    5.901e+04   
 70.9% | 000112000 |    0.0644751  | 6.552e+04| 6.386e+04|          |  1.896e-02 |  3.966e-04 |  0.000e+00 | 0.000e+00 |   4.370e-02  |  4.274e+04  |    5.898e+04   
 71.3% | 000112640 |    0.0629021  | 6.796e+04| 6.430e+04|          |  1.883e-02 |  3.923e-04 |  0.000e+00 | 0.000e+00 |   4.223e-02  |  4.261e+04  |    5.896e+04   
 71.7% | 000113280 |    0.0618593  | 6.441e+04| 6.426e+04|          |  1.898e-02 |  3.946e-04 |  0.000e+00 | 0.000e+00 |   4.108e-02  |  4.213e+04  |    5.893e+04   
 72.1% | 000113920 |    0.0605452  | 6.127e+04| 6.438e+04|          |  1.889e-02 |  3.861e-04 |  0.000e+00 | 0.000e+00 |   3.979e-02  |  4.183e+04  |    5.891e+04   
 72.5% | 000114560 |    0.0587999  | 6.500e+04| 6.529e+04|          |  1.877e-02 |  3.869e-04 |  0.000e+00 | 0.000e+00 |   3.816e-02  |  4.184e+04  |    5.889e+04   
 72.9% | 000115200 |    0.0578770  | 6.457e+04| 6.478e+04|          |  1.866e-02 |  3.845e-04 |  0.000e+00 | 0.000e+00 |   3.738e-02  |  4.127e+04  |    5.887e+04   
 73.3% | 000115840 |    0.0566638  | 6.298e+04| 6.461e+04|          |  1.850e-02 |  3.854e-04 |  0.000e+00 | 0.000e+00 |   3.632e-02  |  4.092e+04  |    5.884e+04   
 73.7% | 000116480 |    0.0556630  | 6.331e+04| 6.428e+04|          |  1.841e-02 |  3.857e-04 |  0.000e+00 | 0.000e+00 |   3.549e-02  |  4.041e+04  |    5.882e+04   
 74.1% | 000117120 |    0.0545584  | 6.121e+04| 6.388e+04|          |  1.819e-02 |  3.842e-04 |  0.000e+00 | 0.000e+00 |   3.455e-02  |  3.998e+04  |    5.880e+04   
 74.5% | 000117760 |    0.0537026  | 6.039e+04| 6.391e+04|          |  1.838e-02 |  3.837e-04 |  0.000e+00 | 0.000e+00 |   3.348e-02  |  3.937e+04  |    5.877e+04   
 74.9% | 000118400 |    0.0520908  | 5.823e+04| 6.421e+04|          |  1.797e-02 |  3.860e-04 |  0.000e+00 | 0.000e+00 |   3.230e-02  |  3.932e+04  |    5.875e+04   
 75.3% | 000119040 |    0.0512008  | 5.640e+04| 6.405e+04|          |  1.800e-02 |  3.853e-04 |  0.000e+00 | 0.000e+00 |   3.135e-02  |  3.873e+04  |    5.873e+04   
 75.7% | 000119680 |    0.0501722  | 6.154e+04| 6.346e+04|          |  1.779e-02 |  3.865e-04 |  0.000e+00 | 0.000e+00 |   3.057e-02  |  3.825e+04  |    5.870e+04   
 76.1% | 000120320 |    0.0488883  | 6.357e+04| 6.359e+04|          |  1.760e-02 |  3.863e-04 |  0.000e+00 | 0.000e+00 |   2.951e-02  |  3.797e+04  |    5.868e+04   
 76.5% | 000120960 |    0.0483017  | 6.176e+04| 6.249e+04|          |  1.755e-02 |  3.847e-04 |  0.000e+00 | 0.000e+00 |   2.902e-02  |  3.715e+04  |    5.866e+04   
 76.9% | 000121600 |    0.0473184  | 5.907e+04| 6.239e+04|          |  1.752e-02 |  3.851e-04 |  0.000e+00 | 0.000e+00 |   2.804e-02  |  3.663e+04  |    5.863e+04   
 77.3% | 000122240 |    0.0462070  | 5.948e+04| 6.298e+04|          |  1.760e-02 |  3.891e-04 |  0.000e+00 | 0.000e+00 |   2.685e-02  |  3.622e+04  |    5.861e+04   
 77.7% | 000122880 |    0.0453560  | 6.072e+04| 6.248e+04|          |  1.751e-02 |  3.899e-04 |  0.000e+00 | 0.000e+00 |   2.613e-02  |  3.561e+04  |    5.859e+04   
 78.1% | 000123520 |    0.0447025  | 5.735e+04| 6.176e+04|          |  1.753e-02 |  3.900e-04 |  0.000e+00 | 0.000e+00 |   2.544e-02  |  3.484e+04  |    5.856e+04   
 78.5% | 000124160 |    0.0435336  | 5.685e+04| 6.180e+04|          |  1.723e-02 |  3.893e-04 |  0.000e+00 | 0.000e+00 |   2.453e-02  |  3.447e+04  |    5.854e+04   
 78.9% | 000124800 |    0.0424183  | 5.351e+04| 6.221e+04|          |  1.722e-02 |  3.899e-04 |  0.000e+00 | 0.000e+00 |   2.348e-02  |  3.407e+04  |    5.851e+04   
 79.4% | 000125440 |    0.0410081  | 5.477e+04| 6.170e+04|          |  1.656e-02 |  3.897e-04 |  0.000e+00 | 0.000e+00 |   2.275e-02  |  3.391e+04  |    5.849e+04   
 79.8% | 000126080 |    0.0409119  | 5.193e+04| 6.141e+04|          |  1.725e-02 |  3.941e-04 |  0.000e+00 | 0.000e+00 |   2.196e-02  |  3.268e+04  |    5.847e+04   
 80.2% | 000126720 |    0.0398776  | 4.943e+04| 6.157e+04|          |  1.709e-02 |  3.903e-04 |  0.000e+00 | 0.000e+00 |   2.105e-02  |  3.222e+04  |    5.844e+04   
 80.6% | 000127360 |    0.0392000  | 5.944e+04| 6.104e+04|          |  1.716e-02 |  3.902e-04 |  0.000e+00 | 0.000e+00 |   2.040e-02  |  3.146e+04  |    5.842e+04   
 81.0% | 000128000 |    0.0382417  | 5.988e+04| 6.129e+04|          |  1.714e-02 |  3.914e-04 |  0.000e+00 | 0.000e+00 |   1.941e-02  |  3.093e+04  |    5.840e+04   
 81.4% | 000128640 |    0.0369995  | 5.818e+04| 6.241e+04|          |  1.703e-02 |  3.928e-04 |  0.000e+00 | 0.000e+00 |   1.832e-02  |  3.064e+04  |    5.837e+04   
 81.8% | 000129280 |    0.0360108  | 5.555e+04| 6.161e+04|          |  1.664e-02 |  3.891e-04 |  0.000e+00 | 0.000e+00 |   1.774e-02  |  3.014e+04  |    5.835e+04   
 82.2% | 000129920 |    0.0355925  | 5.607e+04| 6.089e+04|          |  1.680e-02 |  3.886e-04 |  0.000e+00 | 0.000e+00 |   1.717e-02  |  2.917e+04  |    5.833e+04   
 82.6% | 000130560 |    0.0348407  | 5.595e+04| 6.047e+04|          |  1.672e-02 |  3.889e-04 |  0.000e+00 | 0.000e+00 |   1.651e-02  |  2.848e+04  |    5.831e+04   
 83.0% | 000131200 |    0.0341921  | 5.372e+04| 5.967e+04|          |  1.661e-02 |  3.884e-04 |  0.000e+00 | 0.000e+00 |   1.590e-02  |  2.770e+04  |    5.828e+04   
 83.4% | 000131840 |    0.0334062  | 5.279e+04| 6.011e+04|          |  1.676e-02 |  3.881e-04 |  0.000e+00 | 0.000e+00 |   1.499e-02  |  2.703e+04  |    5.826e+04   
 83.8% | 000132480 |    0.0325965  | 4.845e+04| 5.931e+04|          |  1.645e-02 |  3.886e-04 |  0.000e+00 | 0.000e+00 |   1.449e-02  |  2.638e+04  |    5.824e+04   
 84.2% | 000133120 |    0.0317221  | 5.090e+04| 5.908e+04|          |  1.631e-02 |  3.879e-04 |  0.000e+00 | 0.000e+00 |   1.381e-02  |  2.579e+04  |    5.821e+04   
 84.6% | 000133760 |    0.0306409  | 4.752e+04| 6.020e+04|          |  1.623e-02 |  3.875e-04 |  0.000e+00 | 0.000e+00 |   1.277e-02  |  2.536e+04  |    5.819e+04   
 85.0% | 000134400 |    0.0298994  | 4.789e+04| 5.995e+04|          |  1.613e-02 |  3.875e-04 |  0.000e+00 | 0.000e+00 |   1.215e-02  |  2.466e+04  |    5.817e+04   
 85.4% | 000135040 |    0.0293664  | 5.523e+04| 5.898e+04|          |  1.614e-02 |  3.881e-04 |  0.000e+00 | 0.000e+00 |   1.168e-02  |  2.379e+04  |    5.815e+04   
 85.8% | 000135680 |    0.0286544  | 5.654e+04| 5.848e+04|          |  1.605e-02 |  3.878e-04 |  0.000e+00 | 0.000e+00 |   1.109e-02  |  2.306e+04  |    5.812e+04   
 86.2% | 000136320 |    0.0272750  | 5.369e+04| 6.201e+04|          |  1.584e-02 |  3.877e-04 |  0.000e+00 | 0.000e+00 |   9.880e-03  |  2.288e+04  |    5.810e+04   
 86.6% | 000136960 |    0.0272391  | 5.353e+04| 5.864e+04|          |  1.588e-02 |  3.912e-04 |  0.000e+00 | 0.000e+00 |   9.835e-03  |  2.160e+04  |    5.808e+04   
 87.0% | 000137600 |    0.0262131  | 4.549e+04| 6.106e+04|          |  1.576e-02 |  3.912e-04 |  0.000e+00 | 0.000e+00 |   8.882e-03  |  2.113e+04  |    5.806e+04   
 87.4% | 000138240 |    0.0256477  | 4.554e+04| 5.975e+04|          |  1.565e-02 |  3.898e-04 |  0.000e+00 | 0.000e+00 |   8.462e-03  |  2.028e+04  |    5.804e+04   
 87.9% | 000138880 |    0.0255775  | 4.600e+04| 5.643e+04|          |  1.567e-02 |  3.948e-04 |  0.000e+00 | 0.000e+00 |   8.349e-03  |  1.907e+04  |    5.802e+04   
 88.3% | 000139520 |    0.0250236  | 4.306e+04| 5.450e+04|          |  1.544e-02 |  3.943e-04 |  0.000e+00 | 0.000e+00 |   8.053e-03  |  1.823e+04  |    5.799e+04   
 88.7% | 000140160 |    0.0243734  | 4.094e+04| 5.497e+04|          |  1.541e-02 |  3.887e-04 |  0.000e+00 | 0.000e+00 |   7.421e-03  |  1.747e+04  |    5.797e+04   
 89.1% | 000140800 |    0.0239448  | 4.161e+04| 5.624e+04|          |  1.564e-02 |  3.979e-04 |  0.000e+00 | 0.000e+00 |   6.617e-03  |  1.656e+04  |    5.795e+04   
 89.5% | 000141440 |    0.0228734  | 4.052e+04| 5.778e+04|          |  1.531e-02 |  3.892e-04 |  0.000e+00 | 0.000e+00 |   6.110e-03  |  1.610e+04  |    5.793e+04   
 89.9% | 000142080 |    0.0222962  | 3.400e+04| 5.782e+04|          |  1.519e-02 |  3.889e-04 |  0.000e+00 | 0.000e+00 |   5.568e-03  |  1.529e+04  |    5.791e+04   
 90.3% | 000142720 |    0.0219050  | 4.560e+04| 5.544e+04|          |  1.515e-02 |  3.879e-04 |  0.000e+00 | 0.000e+00 |   5.332e-03  |  1.437e+04  |    5.789e+04   
 90.7% | 000143360 |    0.0209873  | 4.340e+04| 5.713e+04|          |  1.483e-02 |  3.883e-04 |  0.000e+00 | 0.000e+00 |   4.602e-03  |  1.380e+04  |    5.787e+04   
 91.1% | 000144000 |    0.0204389  | 3.612e+04| 5.971e+04|          |  1.479e-02 |  3.881e-04 |  0.000e+00 | 0.000e+00 |   4.110e-03  |  1.299e+04  |    5.785e+04   
 91.5% | 000144640 |    0.0195909  | 4.150e+04| 6.315e+04|          |  1.453e-02 |  3.883e-04 |  0.000e+00 | 0.000e+00 |   3.507e-03  |  1.237e+04  |    5.783e+04   
 91.9% | 000145280 |    0.0190179  | 3.054e+04| 6.080e+04|          |  1.409e-02 |  3.873e-04 |  0.000e+00 | 0.000e+00 |   3.233e-03  |  1.159e+04  |    5.781e+04   
 92.3% | 000145920 |    0.0184252  | 3.119e+04| 6.418e+04|          |  1.406e-02 |  3.885e-04 |  0.000e+00 | 0.000e+00 |   2.740e-03  |  1.082e+04  |    5.779e+04   
 92.7% | 000146560 |    0.0177840  | 3.488e+04| 6.198e+04|          |  1.379e-02 |  3.872e-04 |  0.000e+00 | 0.000e+00 |   2.542e-03  |  1.009e+04  |    5.777e+04   
 93.1% | 000147200 |    0.0175123  | 3.278e+04| 6.253e+04|          |  1.377e-02 |  3.873e-04 |  0.000e+00 | 0.000e+00 |   2.215e-03  |  9.171e+03  |    5.775e+04   
 93.5% | 000147840 |    0.0169472  | 2.843e+04| 6.416e+04|          |  1.370e-02 |  3.879e-04 |  0.000e+00 | 0.000e+00 |   1.773e-03  |  8.425e+03  |    5.773e+04   
 93.9% | 000148480 |    0.0167393  | 3.656e+04| 5.886e+04|          |  1.377e-02 |  3.949e-04 |  0.000e+00 | 0.000e+00 |   1.712e-03  |  7.527e+03  |    5.771e+04   
 94.3% | 000149120 |    0.0161987  | 4.591e+04| 5.880e+04|          |  1.358e-02 |  3.877e-04 |  0.000e+00 | 0.000e+00 |   1.422e-03  |  6.807e+03  |    5.770e+04   
 94.7% | 000149760 |    0.0161566  | 4.582e+04| 5.501e+04|          |  1.373e-02 |  3.926e-04 |  0.000e+00 | 0.000e+00 |   1.260e-03  |  5.916e+03  |    5.768e+04   
 95.1% | 000150400 |    0.0153691  | 5.588e+04| 5.679e+04|          |  1.323e-02 |  3.881e-04 |  0.000e+00 | 0.000e+00 |   9.051e-04  |  5.333e+03  |    5.766e+04   
 95.5% | 000151040 |    0.0149702  | 5.668e+04| 5.786e+04|          |  1.306e-02 |  3.875e-04 |  0.000e+00 | 0.000e+00 |   7.715e-04  |  4.634e+03  |    5.764e+04   
 96.0% | 000151680 |    0.0147893  | 4.884e+04| 5.485e+04|          |  1.307e-02 |  3.884e-04 |  0.000e+00 | 0.000e+00 |   6.087e-04  |  3.911e+03  |    5.763e+04   
 96.4% | 000152320 |    0.0145444  | 4.698e+04| 5.438e+04|          |  1.302e-02 |  3.872e-04 |  0.000e+00 | 0.000e+00 |   4.257e-04  |  3.256e+03  |    5.761e+04   
 96.8% | 000152960 |    0.0142630  | 4.435e+04| 5.509e+04|          |  1.292e-02 |  3.872e-04 |  0.000e+00 | 0.000e+00 |   1.642e-04  |  2.659e+03  |    5.759e+04   
 97.2% | 000153600 |    0.0138615  | 4.093e+04| 5.213e+04|          |  1.269e-02 |  3.882e-04 |  0.000e+00 | 0.000e+00 |   1.145e-04  |  2.130e+03  |    5.757e+04   
 97.6% | 000154240 |    0.0140791  | 4.406e+04| 5.497e+04|          |  1.290e-02 |  3.891e-04 |  0.000e+00 | 0.000e+00 |   1.271e-05  |  1.576e+03  |    5.756e+04   
 98.0% | 000154880 |    0.0133453  | 3.681e+04| 5.105e+04|          |  1.231e-02 |  3.879e-04 |  0.000e+00 | 0.000e+00 |   2.042e-05  |  1.192e+03  |    5.754e+04   
 98.4% | 000155520 |    0.0132885  | 4.011e+04| 5.241e+04|          |  1.221e-02 |  3.873e-04 |  0.000e+00 | 0.000e+00 |   1.629e-05  |  8.021e+02  |    5.752e+04   
 98.8% | 000156160 |    0.0134056  | 3.174e+04| 3.483e+04|          |  1.225e-02 |  3.896e-04 |  0.000e+00 | 0.000e+00 |   1.757e-05  |  4.822e+02  |    5.751e+04   
 99.2% | 000156800 |    0.0133979  | 3.099e+04| 3.330e+04|          |  1.233e-02 |  3.877e-04 |  0.000e+00 | 0.000e+00 |   1.711e-05  |  2.478e+02  |    5.749e+04   
 99.6% | 000157440 |    0.0127651  | 2.063e+04| 8.923e+01|          |  1.208e-02 |  3.873e-04 |  0.000e+00 | 0.000e+00 |   1.197e-05  |  9.579e+01  |    5.747e+04   
Final Score:    5.7367e+04 GFLOPS 
Residual value = 0.000043388407185 (0x3f06bf7e51afb710)
Residual Check: PASSED 
