block smBlocks   threads    occ%   |                init       read       scale     triad       3pt        5pt
  16      4864       1    0.8%     |  GB/s:         140         77        124        232        119        118
  32      9728       1    1.6%     |  GB/s:         274        152        246        450        233        230
  48     14592       1    2.3%     |  GB/s:         405        212        341        619        339        335
  64     19456       1    3.1%     |  GB/s:         539        287        465        829        440        434
  80     24320       1    3.9%     |  GB/s:         658        342        542        974        535        524
  96     29184       1    4.7%     |  GB/s:         778        413        640       1146        632        620
 112     34048       1    5.5%     |  GB/s:         906        474        728       1301        724        711
  64     38912       2    6.2%     |  GB/s:        1059        565        862       1520        822        814
 160     48640       1    7.8%     |  GB/s:        1247        660        980       1720        976        955
  96     58368       2    9.4%     |  GB/s:        1526        817       1153       2059       1154       1135
 128     77824       2   12.5%     |  GB/s:        2004       1058       1538       2529       1441       1412
 160     97280       2   15.6%     |  GB/s:        2412       1305       1678       2940       1664       1619
 192    116736       2   18.8%     |  GB/s:        2827       1515       1921       3342       1894       1844
 224    136192       2   21.9%     |  GB/s:        3227       1748       2135       3801       2126       2053
 256    155648       2   25.0%     |  GB/s:        3622       1979       2783       3885       2418       2317
 288    175104       2   28.1%     |  GB/s:        3847       2161       2575       4253       2522       2405
 320    194560       2   31.2%     |  GB/s:        4179       2356       2773       4199       2738       2612
 352    214016       2   34.4%     |  GB/s:        4379       2526       2971       4309       2936       2758
 384    233472       2   37.5%     |  GB/s:        4586       2664       3193       4288       3110       2919
 416    252928       2   40.6%     |  GB/s:        4731       2878       3442       4368       3329       3061
 448    272384       2   43.8%     |  GB/s:        4926       3032       3615       4481       3452       3194
 480    291840       2   46.9%     |  GB/s:        5146       3211       3824       4361       3603       3256
 512    311296       2   50.0%     |  GB/s:        4555       3197       3465       3146       3799       3376
 544    330752       2   53.1%     |  GB/s:        5346       3535       4176       4367       3907       3403
 576    350208       2   56.2%     |  GB/s:        5518       3684       4288       4462       4060       3461
 608    369664       2   59.4%     |  GB/s:        5624       3821       4340       4423       4134       3436
 640    389120       2   62.5%     |  GB/s:        5625       3964       4445       4316       4284       3629
 672    408576       2   65.6%     |  GB/s:        5602       4122       4495       4369       4326       3587
 704    428032       2   68.8%     |  GB/s:        5707       4214       4474       4381       4394       3706
 736    447488       2   71.9%     |  GB/s:        5698       4356       4510       4374       4471       3708
 768    466944       2   75.0%     |  GB/s:        5247       4252       4310       4290       4556       3913
 800    486400       2   78.1%     |  GB/s:        5697       4553       4471       4392       4491       3833
 832    505856       2   81.2%     |  GB/s:        5735       4620       4464       4402       4498       3921
 864    525312       2   84.4%     |  GB/s:        5622       4671       4407       4400       4417       3930
 896    544768       2   87.5%     |  GB/s:        5670       4777       4505       4438       4483       4011
 928    564224       2   90.6%     |  GB/s:        5660       4837       4402       4396       4450       4020
 960    583680       2   93.8%     |  GB/s:        5600       4934       4479       4372       4468       4090
 992    603136       2   96.9%     |  GB/s:        4721       4961       4118       4401       4442       4019
1024    622592       2  100.0%     |  GB/s:        5457       5086       4469       4305       4682       4262
