     data set   exec time     spread       Eff. bw
       512 kB      1536 kB         5ms       4.6%   19475.0 GB/s        0 GB/s      0 GB/s      0 GB/s      0 GB/s 
       512 kB      2048 kB         5ms       0.1%   19494.0 GB/s        0 GB/s      0 GB/s      0 GB/s      0 GB/s 
       512 kB      2560 kB         5ms       0.3%   19555.6 GB/s        0 GB/s      0 GB/s      0 GB/s      0 GB/s 
       512 kB      3072 kB         5ms       0.1%   19566.9 GB/s        0 GB/s      0 GB/s      0 GB/s      0 GB/s 
       512 kB      3584 kB         5ms       0.1%   19562.5 GB/s        0 GB/s      0 GB/s      0 GB/s      0 GB/s 
       512 kB      4096 kB         5ms       0.2%   19563.4 GB/s        0 GB/s      0 GB/s      0 GB/s      0 GB/s 
       512 kB      4608 kB         5ms       3.6%   19472.4 GB/s        0 GB/s      0 GB/s      0 GB/s      0 GB/s 
       512 kB      5120 kB         5ms       0.1%   19552.1 GB/s        0 GB/s      0 GB/s      0 GB/s      0 GB/s 
       512 kB      5632 kB         6ms       3.9%   18815.2 GB/s        0 GB/s      0 GB/s      0 GB/s      0 GB/s 
       512 kB      6144 kB         5ms       0.4%   19563.4 GB/s        0 GB/s      0 GB/s      0 GB/s      0 GB/s 
       512 kB      6656 kB         6ms       0.5%   16866.3 GB/s        0 GB/s      0 GB/s      0 GB/s      0 GB/s 
       512 kB      7168 kB         5ms       0.2%   19552.1 GB/s        0 GB/s      0 GB/s      0 GB/s      0 GB/s 
       512 kB      7680 kB         7ms       0.3%   14583.8 GB/s        0 GB/s      0 GB/s      0 GB/s      0 GB/s 
       512 kB      8192 kB         5ms       0.1%   19562.5 GB/s        0 GB/s      0 GB/s      0 GB/s      0 GB/s 
       512 kB      8704 kB         8ms       0.5%   12635.2 GB/s        0 GB/s      0 GB/s      0 GB/s      0 GB/s 
       512 kB      9216 kB         5ms       1.5%   19439.7 GB/s        0 GB/s      0 GB/s      0 GB/s      0 GB/s 
       512 kB      9728 kB        10ms       2.7%   10692.0 GB/s        0 GB/s      0 GB/s      0 GB/s      0 GB/s 
       512 kB     10240 kB         5ms       0.1%   19563.4 GB/s        0 GB/s      0 GB/s      0 GB/s      0 GB/s 
       512 kB     11264 kB         6ms       4.8%   18934.2 GB/s        0 GB/s      0 GB/s      0 GB/s      0 GB/s 
       512 kB     12288 kB         5ms       0.9%   19559.0 GB/s        0 GB/s      0 GB/s      0 GB/s      0 GB/s 
       512 kB     13312 kB         6ms       1.5%   16734.1 GB/s        0 GB/s      0 GB/s      0 GB/s      0 GB/s 
       512 kB     14336 kB         5ms       0.1%   19559.0 GB/s        0 GB/s      0 GB/s      0 GB/s      0 GB/s 
       512 kB     15360 kB         7ms       0.2%   14282.2 GB/s        0 GB/s      0 GB/s      0 GB/s      0 GB/s 
       512 kB     16896 kB        18ms       4.3%    5743.7 GB/s        0 GB/s      0 GB/s      0 GB/s      0 GB/s 
       512 kB     18432 kB         5ms       3.8%   19563.4 GB/s        0 GB/s      0 GB/s      0 GB/s      0 GB/s 
       512 kB     19968 kB        20ms       1.0%    5280.1 GB/s        0 GB/s      0 GB/s      0 GB/s      0 GB/s 
       512 kB     21504 kB        11ms       3.4%    9272.1 GB/s        0 GB/s      0 GB/s      0 GB/s      0 GB/s 
       512 kB     23552 kB        12ms       3.9%    8409.4 GB/s        0 GB/s      0 GB/s      0 GB/s      0 GB/s 
       512 kB     25600 kB        12ms      12.1%    8802.6 GB/s        0 GB/s      0 GB/s      0 GB/s      0 GB/s 
       512 kB     28160 kB        21ms       0.4%    5052.9 GB/s        0 GB/s      0 GB/s      0 GB/s      0 GB/s 
       512 kB     30720 kB         7ms       0.4%   14466.8 GB/s        0 GB/s      0 GB/s      0 GB/s      0 GB/s 
       512 kB     33792 kB        17ms       5.7%    6014.8 GB/s        0 GB/s      0 GB/s      0 GB/s      0 GB/s 
       512 kB     36864 kB         5ms       2.2%   19566.9 GB/s        0 GB/s      0 GB/s      0 GB/s      0 GB/s 
       512 kB     40448 kB        21ms       0.6%    5034.5 GB/s        0 GB/s      0 GB/s      0 GB/s      0 GB/s 
       512 kB     44032 kB        20ms       0.8%    5214.7 GB/s        0 GB/s      0 GB/s      0 GB/s      0 GB/s 
       512 kB     48128 kB        21ms       0.8%    5055.3 GB/s        0 GB/s      0 GB/s      0 GB/s      0 GB/s 
       512 kB     52736 kB        21ms       0.7%    5072.0 GB/s        0 GB/s      0 GB/s      0 GB/s      0 GB/s 
       512 kB     57856 kB        21ms       0.5%    5020.5 GB/s        0 GB/s      0 GB/s      0 GB/s      0 GB/s 
       512 kB     63488 kB        15ms       9.3%    6889.9 GB/s        0 GB/s      0 GB/s      0 GB/s      0 GB/s 
       512 kB     69632 kB         8ms       1.2%   12353.4 GB/s        0 GB/s      0 GB/s      0 GB/s      0 GB/s 
       512 kB     76288 kB        21ms       0.5%    5034.9 GB/s        0 GB/s      0 GB/s      0 GB/s      0 GB/s 
       512 kB     83456 kB        21ms       0.4%    5060.4 GB/s        0 GB/s      0 GB/s      0 GB/s      0 GB/s 
       512 kB     91648 kB        21ms       0.6%    5018.0 GB/s        0 GB/s      0 GB/s      0 GB/s      0 GB/s 
       512 kB    100352 kB        21ms       0.5%    5077.8 GB/s        0 GB/s      0 GB/s      0 GB/s      0 GB/s 
       512 kB    110080 kB        21ms       0.3%    5026.5 GB/s        0 GB/s      0 GB/s      0 GB/s      0 GB/s 
       512 kB    120832 kB        21ms       0.6%    5019.7 GB/s        0 GB/s      0 GB/s      0 GB/s      0 GB/s 
       512 kB    132608 kB        21ms       0.6%    4984.6 GB/s        0 GB/s      0 GB/s      0 GB/s      0 GB/s 
       512 kB    145408 kB        21ms       0.4%    4997.3 GB/s        0 GB/s      0 GB/s      0 GB/s      0 GB/s 
       512 kB    159744 kB        20ms       0.9%    5270.3 GB/s        0 GB/s      0 GB/s      0 GB/s      0 GB/s 
       512 kB    175616 kB        21ms       0.3%    5022.1 GB/s        0 GB/s      0 GB/s      0 GB/s      0 GB/s 
       512 kB    193024 kB        21ms       0.4%    4991.8 GB/s        0 GB/s      0 GB/s      0 GB/s      0 GB/s 
       512 kB    211968 kB        21ms       0.4%    4975.9 GB/s        0 GB/s      0 GB/s      0 GB/s      0 GB/s 
       512 kB    232960 kB        21ms       0.4%    4986.3 GB/s        0 GB/s      0 GB/s      0 GB/s      0 GB/s 
       512 kB    256000 kB        21ms       0.4%    5000.6 GB/s        0 GB/s      0 GB/s      0 GB/s      0 GB/s 
       512 kB    281600 kB        21ms       1.2%    4991.3 GB/s        0 GB/s      0 GB/s      0 GB/s      0 GB/s 
       512 kB    309760 kB        21ms       1.2%    5072.4 GB/s        0 GB/s      0 GB/s      0 GB/s      0 GB/s 
       512 kB    340480 kB        21ms       2.4%    5098.8 GB/s        0 GB/s      0 GB/s      0 GB/s      0 GB/s 
       512 kB    374272 kB        21ms       2.2%    5043.4 GB/s        0 GB/s      0 GB/s      0 GB/s      0 GB/s 
       512 kB    411648 kB        21ms       5.4%    4963.4 GB/s        0 GB/s      0 GB/s      0 GB/s      0 GB/s 
       512 kB    452608 kB        21ms       8.0%    5064.8 GB/s        0 GB/s      0 GB/s      0 GB/s      0 GB/s 
       512 kB    497664 kB        21ms       4.1%    5036.4 GB/s        0 GB/s      0 GB/s      0 GB/s      0 GB/s 
       512 kB    547328 kB        21ms       5.7%    5010.9 GB/s        0 GB/s      0 GB/s      0 GB/s      0 GB/s 
       512 kB    601600 kB        21ms       4.4%    4909.7 GB/s        0 GB/s      0 GB/s      0 GB/s      0 GB/s 
       512 kB    661504 kB        21ms       4.4%    4904.5 GB/s        0 GB/s      0 GB/s      0 GB/s      0 GB/s 
       512 kB    727552 kB        21ms       7.3%    4880.5 GB/s        0 GB/s      0 GB/s      0 GB/s      0 GB/s 
       512 kB    800256 kB        22ms       6.6%    4829.9 GB/s        0 GB/s      0 GB/s      0 GB/s      0 GB/s 
       512 kB    880128 kB        23ms       6.8%    4659.7 GB/s        0 GB/s      0 GB/s      0 GB/s      0 GB/s 
       512 kB    967680 kB        22ms       7.1%    4707.2 GB/s        0 GB/s      0 GB/s      0 GB/s      0 GB/s 
       512 kB   1064448 kB        23ms       6.6%    4543.0 GB/s        0 GB/s      0 GB/s      0 GB/s      0 GB/s 
       512 kB   1170432 kB        23ms       0.2%    4531.3 GB/s        0 GB/s      0 GB/s      0 GB/s      0 GB/s 
       512 kB   1287168 kB        23ms       0.3%    4558.2 GB/s        0 GB/s      0 GB/s      0 GB/s      0 GB/s 
       512 kB   1415680 kB        23ms       0.3%    4547.8 GB/s        0 GB/s      0 GB/s      0 GB/s      0 GB/s 
       512 kB   1556992 kB        23ms       0.6%    4583.1 GB/s        0 GB/s      0 GB/s      0 GB/s      0 GB/s 
       512 kB   1712640 kB        23ms       1.1%    4588.2 GB/s        0 GB/s      0 GB/s      0 GB/s      0 GB/s 
       512 kB   1883648 kB        24ms       8.3%    4409.5 GB/s        0 GB/s      0 GB/s      0 GB/s      0 GB/s 
       512 kB   2071552 kB        24ms       5.1%    4334.8 GB/s        0 GB/s      0 GB/s      0 GB/s      0 GB/s 
       512 kB   2278400 kB        24ms       6.0%    4354.5 GB/s        0 GB/s      0 GB/s      0 GB/s      0 GB/s 
       512 kB   2506240 kB        24ms       8.0%    4419.5 GB/s        0 GB/s      0 GB/s      0 GB/s      0 GB/s 
       512 kB   2756608 kB        24ms       4.5%    4394.0 GB/s        0 GB/s      0 GB/s      0 GB/s      0 GB/s 
       512 kB   3032064 kB        24ms       8.5%    4452.7 GB/s        0 GB/s      0 GB/s      0 GB/s      0 GB/s 
       512 kB   3335168 kB        23ms       8.1%    4466.2 GB/s        0 GB/s      0 GB/s      0 GB/s      0 GB/s 
       512 kB   3668480 kB        24ms       6.5%    4426.4 GB/s        0 GB/s      0 GB/s      0 GB/s      0 GB/s 
       512 kB   4035072 kB        24ms       4.3%    4403.8 GB/s        0 GB/s      0 GB/s      0 GB/s      0 GB/s 
       512 kB   4438528 kB        24ms       7.1%    4408.8 GB/s        0 GB/s      0 GB/s      0 GB/s      0 GB/s 
       512 kB   4881920 kB        24ms       6.7%    4449.9 GB/s        0 GB/s      0 GB/s      0 GB/s      0 GB/s 
