clock: 1894 1913 1933 1949 1963 1977 1989 1999 2009 2018 2025 2030 2035 2030 2025 2025 2027 2031 2000 2045 2061 
   100000  2061        2      5.7   117.3 114.4 114.3 126.2
   100000  2061      2.4      5.7   117.7 114.4 114.3 126.2
   100000  2061      3.1      5.7   118.3 118.3 114.4 126.2
   100000  2061      3.6      5.7   117.1 114.4 114.3 126.2
   100000  2061      4.0      5.7   117.6 114.4 114.3 126.2
   100000  2061      4.9      5.7   118.3 114.4 114.3 126.2
   100000  2061      5.9      5.8   120.2 118.3 114.3 126.2
   100000  2061      6.1      5.8   118.9 118.3 114.3 126.2
   100000  2061      7.5      5.7   116.9 114.4 114.3 126.2
   100000  2061      9.1      5.7   117.7 118.3 114.3 126.3
   100000  2061     10.1      5.7   118.3 118.3 114.4 126.2
   100000  2061     11.1      5.7   117.1 114.4 114.4 126.2
   100000  2061     12.8      5.7   117.3 114.4 114.4 126.3
   100000  2061     14.1      5.8   119.6 118.3 114.4 126.3
   100000  2061     15.8      5.9   120.6 118.4 114.4 126.3
   100000  2061     17.0      5.7   117.4 114.5 114.4 126.3
   100000  2061     18.1      5.7   116.5 114.5 114.4 126.3
   100000  2061     19.2      5.8   118.6 118.4 114.4 126.3
   100000  2061     20.6      5.7   118.2 118.4 114.5 126.3
   100000  2061     21.5      5.7   116.6 114.5 114.5 126.3
   100000  2061     23.6      5.7   118.4 114.6 114.5 126.3
   100000  2061     25.6      5.8   120.3 118.4 114.5 126.4
   100000  2061     27.4      5.8   119.1 118.4 114.5 126.4
   100000  2061     29.0      5.7   117.9 114.6 114.5 126.4
   100000  2061     31.2      5.7   117.5 114.6 114.5 126.4
   100000  2061     33.9     10.1   208.7 208.8 200.8 216.9
   100000  2061     35.4     10.1   208.5 209.1 198.0 218.2
   100000  2061     37.4     10.1   207.9 207.9 197.9 221.6
   100000  2061     39.6     10.2   210.3 210.2 199.6 225.0
   100000  2061     41.4     10.3   212.0 213.8 198.7 221.6
   100000  2061     43.4     10.1   207.8 207.6 197.7 217.5
   100000  2061     46.5     10.2   209.3 209.0 197.2 221.6
   100000  2061     48.6     10.1   208.0 209.6 198.5 217.1
   100000  2061     51.6     10.2   210.3 210.2 199.6 219.2
   100000  2061     54.0     10.1   207.6 208.0 198.0 221.7
   100000  2061     56.4     10.1   207.4 207.5 198.3 216.3
   100000  2061     58.9     10.3   212.4 212.0 202.4 222.9
   100000  2061     62.0     10.2   210.7 209.8 198.7 220.8
   100000  2061     64.8     10.0   207.0 205.3 197.7 221.4
   100000  2061     68.5     10.2   209.6 209.5 198.3 225.2
   100000  2061     71.8     10.2   209.2 210.1 198.3 217.2
   100000  2061     75.2     10.2   209.5 208.5 200.6 219.2
   100000  2061     79.8     10.0   207.1 206.2 198.2 216.3
   100000  2061     84.2     10.2   210.1 209.4 198.3 225.1
   100000  2061     89.0     10.2   210.8 210.2 202.2 217.1
   100000  2061     93.6     10.2   210.6 210.5 198.5 222.2
   100000  2061     97.6     10.1   207.1 207.6 198.1 216.0
   100000  2061    101.8     10.1   208.8 210.3 198.5 221.6
   100000  2061    107.1     10.2   209.6 210.0 198.5 217.4
   100000  2061    112.2     10.1   208.8 209.3 200.5 220.2
   100000  2061    117.0     10.1   208.3 207.5 197.4 222.0
   100000  2061    122.8     10.1   208.7 209.4 198.3 220.0
   100000  2061    128.0     10.3   212.5 213.2 199.5 223.1
   100000  2061    133.9     10.1   208.4 209.4 197.7 217.4
   100000  2061    140.8     10.1   207.1 205.5 198.0 221.9
   100000  2061    147.5     10.2   209.8 210.1 198.3 217.9
   100000  2061    154.1     10.1   209.1 209.5 197.7 219.0
   100000  2061    161.6     10.1   208.6 208.3 200.4 221.3
   100000  2061    169.6     10.1   207.6 207.5 198.1 219.1
   100000  2061    177.5     10.2   210.9 210.2 198.4 223.0
   100000  2061    186.1     10.2   211.2 211.3 199.6 221.0
   100000  2061    194.0     10.1   207.9 205.7 197.9 221.7
   100000  2061    202.9     10.1   208.5 209.6 198.1 217.6
   100000  2061    212.8     10.1   208.3 209.5 198.0 215.8
   100000  2061    222.5     10.1   209.2 209.8 198.1 219.6
   100000  2061    232.4     10.1   208.3 208.0 198.0 221.3
   100000  2061    243.2     10.2   209.4 209.6 197.8 225.4
   100000  2061    254.4     10.2   210.4 209.9 197.9 221.5
   100000  2061    266.1     10.2   209.9 209.9 199.9 221.7
   100000  2061    278.5     10.1   208.7 209.5 197.9 221.3
   100000  2061    290.5     10.1   207.3 207.9 198.1 217.8
   100000  2061    304.0     10.2   210.8 209.8 198.0 219.7
   100000  2061    317.1     10.1   207.7 205.9 198.0 221.5
   100000  2061    331.8     10.1   208.4 207.9 198.1 221.7
   100000  2061    346.6     10.2   210.3 209.8 198.1 223.6
   100000  2061    362.4     10.2   210.7 209.6 197.9 221.7
   100000  2061    378.2     10.2   209.2 209.7 200.0 217.4
   100000  2061    395.1     10.1   207.7 207.8 198.0 221.4
   100000  2061    412.9     10.1   209.0 209.6 197.8 215.8
   100000  2061    430.5     10.1   209.2 208.0 198.0 219.7
   100000  2061    449.9     10.1   207.7 207.8 197.8 221.3
   100000  2061    469.8     10.2   209.8 209.6 199.9 221.6
   100000  2061    490.2     10.2   210.4 209.7 197.9 223.6
   100000  2061    510.9     10.3   211.3 211.9 197.8 227.5
   100000  2061    532.4     10.1   208.2 207.8 198.0 221.6
   100000  2061    555.4     10.1   209.1 209.7 198.0 217.6
   100000  2061    579.2     10.1   207.9 207.8 198.0 215.8
   100000  2061    603.8     10.1   209.2 209.8 198.0 219.7
   100000  2061    629.5     10.1   208.5 207.8 197.7 221.7
   100000  2061    656.2     10.1   209.1 209.5 200.0 221.4
   100000  2061    684.8     10.3   212.0 213.7 198.0 223.6
   100000  2061    714.9     10.1   207.3 207.2 198.3 221.1
   100000  2061    745.4     10.2   209.3 209.3 198.2 221.9
   100000  2061    777.0     10.1   208.8 210.0 198.2 221.1
   100000  2061    810.6     10.1   209.0 209.3 198.2 217.9
   100000  2061    845.9     10.1   208.3 207.4 198.2 221.1
   100000  2061    882.0     10.1   207.7 208.4 197.5 221.8
   100000  2061    919.6     10.3   212.3 212.3 201.4 224.1
   100000  2061    958.6     10.2   209.8 209.2 197.5 221.2
   100000  2061    999.1     10.1   207.5 209.3 198.3 216.2
   100000  2061   1041.2     10.2   209.6 209.3 200.5 222.0
   100000  2061   1085.5     10.1   209.0 210.1 198.3 215.3
   100000  2061   1131.2     10.1   208.8 208.3 198.3 220.2
   100000  2061   1179.0     10.1   207.8 208.4 198.3 221.9
   100000  2061   1229.0     10.2   210.2 210.1 198.3 225.8
   100000  2061   1281.4     10.2   210.6 210.0 201.5 221.1
   100000  2061   1336.5     10.2   209.3 210.1 198.3 221.2
   100000  2061   1393.8     10.1   207.8 207.3 198.2 221.2
   100000  2061   1452.6     10.1   209.0 209.3 199.4 217.1
   100000  2061   1514.6     10.2   210.1 210.1 197.6 221.2
   100000  2061   1579.5     10.1   207.4 207.4 198.3 218.0
   100000  2061   1646.1     10.2   209.2 209.3 197.5 221.9
   100000  2061   1715.8     10.2   209.6 209.3 198.3 225.8
   100000  2061   1788.6     10.3   212.2 213.4 199.5 224.1
   100000  2061   1863.8     10.1   208.2 208.4 198.4 221.9
   100000  2061   1942.2     10.1   207.1 208.4 198.2 215.3
   100000  2061   2025.0     10.2   210.7 210.0 201.5 221.8
   100000  2061   2110.6     10.2   209.2 209.4 198.3 217.9
   100000  2061   2199.6     10.0   207.1 206.1 198.2 221.9
   100000  2061   2293.4     10.1   209.1 209.2 198.2 221.2
   100000  2061   2390.6     10.2   211.0 211.2 198.2 224.0
   100000  2061   2492.4     10.2   210.8 210.0 200.3 221.8
   100000  2061   2598.0     10.0   207.0 206.1 198.2 216.2
   100000  2061   2708.1     10.2   209.2 209.3 197.5 222.0
   100000  2061   2823.1     10.1   209.0 210.0 201.5 215.2
   100000  2061   2941.9     10.2   209.7 209.3 198.2 221.9
   100000  2061   3066.0     10.0   206.9 207.3 198.2 215.3
   100000  2061   3195.0     10.2   209.8 210.1 198.3 225.2
   100000  2061   3330.0     10.3   211.4 210.1 198.3 222.0
   100000  2061   3470.8     10.2   209.3 210.0 199.5 221.4
   100000  2061   3617.0     10.1   208.3 207.4 197.5 221.9
   100000  2061   3769.6     10.1   207.5 209.3 198.4 215.2
   100000  2061   3929.1     10.2   210.8 209.6 199.5 221.2
   100000  2061   4094.5     10.1   208.2 207.6 197.7 217.5
   100000  2061   4267.2     16.2   334.7 333.2 326.3 349.5
   100000  2061   4446.8     18.8   387.9 386.6 373.7 399.5
   100000  2061   4634.6     18.9   390.5 393.1 377.1 401.4
   100000  2061   4829.8     19.1   394.1 393.7 385.6 407.5
   100000  2061   5033.6     19.4   400.3 401.1 390.6 408.9
   100000  2061   5246.4     19.9   410.2 410.7 399.5 422.6
   100000  2061   5468.0     20.4   419.8 419.7 409.7 427.7
   100000  2061   5698.5     20.7   427.4 426.6 416.2 440.4
   100000  2061   5939.1     21.2   437.2 437.3 425.9 453.1
   100000  2061   6188.8     21.7   447.8 447.4 435.0 459.5
   100000  2061   6450.0     21.9   450.7 449.6 437.4 467.5
   100000  2061   6722.0     21.7   447.9 447.3 437.1 461.1
   100000  2061   7004.6     21.7   446.8 448.2 436.7 459.6
   100000  2061   7299.9     21.5   443.9 444.9 432.2 450.7
   100000  2061   7606.8     21.2   437.2 437.2 428.7 449.9
   100000  2061   7926.9     20.7   426.4 426.5 414.9 440.1
   100000  2061   8260.6     20.1   414.5 413.8 404.1 426.1
   100000  2061   8608.5     19.8   407.6 406.8 394.0 419.2
   100000  2061   8970.4     19.2   396.3 396.0 386.0 409.3
   100000  2061   9347.2     19.1   394.6 394.5 383.8 407.4
   100000  2061   9740.1     19.3   397.8 399.0 387.0 404.9
   100000  2061  10150.5     19.6   404.0 403.1 392.9 416.6
   100000  2061  10577.1     20.0   412.2 412.6 402.8 420.5
   100000  2061  11022.1     20.3   419.2 419.2 409.3 433.1
   100000  2061  11485.1     20.9   431.3 430.0 418.0 443.9
   100000  2061  11968.4     21.3   440.0 439.6 427.1 450.9
   100000  2061  12471.1     21.7   446.8 447.3 437.3 460.6
   103961  2061  12995.1     22.7   449.1 449.2 439.5 461.5
   108328  2061  13541.0     23.5   447.9 447.7 437.8 457.3
   112888  2061  14111.0     24.6   449.3 449.1 437.7 459.1
   117633  2061  14704.1     25.6   448.0 447.6 437.6 461.4
   122580  2061  15322.5     26.7   449.8 449.5 437.6 465.4
   127739  2061  15967.4     27.9   450.0 449.5 437.6 461.3
   133114  2061  16639.2     29.1   450.3 449.5 437.6 467.4
   138714  2061  17339.2     30.2   448.1 447.4 437.5 461.3
   144547  2061  18068.4     31.4   447.8 449.4 439.5 457.3
   150625  2061  18828.1     32.9   449.7 449.5 437.6 457.3
   156961  2061  19620.1     34.0   446.8 445.6 437.6 461.3
   163556  2061  20444.5     35.7   450.1 449.4 437.5 461.8
   170432  2061  21304.0     37.2   449.7 449.3 437.4 461.2
   177601  2061  22200.1     38.8   450.8 449.6 437.6 463.4
   185062  2061  23132.8     40.2   448.1 447.6 437.5 461.2
   192839  2061  24104.9     41.9   447.4 447.6 437.5 461.3
   200949  2061  25118.6     43.9   450.5 449.5 441.4 459.3
   209397  2061  26174.6     45.5   447.9 447.5 437.5 459.4
   218196  2061  27274.5     47.3   447.2 449.4 437.6 455.5
   227363  2061  28420.4     49.7   450.4 449.4 439.6 461.3
   236916  2061  29614.5     51.8   450.4 449.4 437.5 463.4
   246867  2061  30858.4     53.9   449.7 449.4 437.5 461.3
   257240  2061  32155.0     55.8   447.3 447.5 437.5 461.3
   268046  2061  33505.8     58.5   449.5 449.2 437.4 463.8
   279306  2061  34913.2     60.8   448.4 447.8 441.8 455.8
   291038  2061  36379.8     63.3   448.3 449.2 437.8 457.5
   303265  2061  37908.1     65.9   447.6 447.3 437.8 461.2
   316009  2061  39501.1     69.1   450.5 449.6 439.8 465.0
   329284  2061  41160.5     72.2   452.1 453.5 437.7 461.5
   343123  2061  42890.4     74.5   447.3 447.6 437.6 456.9
   357541  2061  44692.6     77.9   448.8 449.1 437.3 461.5
   372559  2061  46569.9     81.0   447.9 449.0 437.6 457.9
   388216  2061  48527.0     84.8   450.1 449.4 439.5 459.3
   404527  2061  50565.9     87.8   447.2 447.4 437.5 461.2
   421523  2061  52690.4     91.5   447.3 447.5 437.4 463.3
   439229  2061  54903.6     96.5   452.7 451.5 441.5 470.9
   457679  2061  57209.9    100.1   450.7 449.4 437.4 461.1
   476905  2061  59613.1    103.3   446.6 445.3 437.4 461.1
   496946  2061  62118.2    108.1   448.3 449.3 437.4 461.1
   517828  2061  64728.5    112.8   448.8 449.4 437.6 457.4
   539587  2061  67448.4    118.3   452.0 450.8 442.2 462.9
   562256  2061  70282.0    123.9   454.2 452.8 444.1 464.9
   585872  2061  73234.0    131.1   461.1 460.4 447.1 477.9
   610483  2061  76310.4    137.8   465.1 465.4 453.8 473.3
   636129  2061  79516.1    144.6   468.4 468.9 452.6 480.7
   662850  2061  82856.2    150.4   467.7 467.4 455.5 481.2
   690698  2061  86337.2    158.4   472.6 474.1 458.3 487.7
   719710  2061  89963.8    166.5   476.7 476.4 460.7 491.0
   749938  2061  93742.2    174.2   478.8 479.8 465.7 494.0
   781446  2061  97680.8    182.6   481.7 479.2 465.1 497.5
   814272  2061 101784.0    190.9   483.1 482.3 468.1 496.4
   848473  2061 106059.1    202.2   491.2 491.3 473.7 506.1
   884117  2061 110514.6    209.5   488.4 489.3 472.1 500.3
   921257  2061 115157.1    218.8   489.5 485.9 473.5 511.7
   959950  2061 119993.8    230.5   494.8 495.6 476.4 509.7
  1100303  2061 137537.9    267.7   501.5 502.5 482.1 518.7
  1261177  2061 157647.1    310.4   507.2 504.1 489.9 525.0
  1445566  2061 180695.8    357.1   509.2 505.5 490.6 531.4
  1656911  2061 207113.9    416.7   518.3 513.2 495.8 539.2
  1899162  2061 237395.2    482.4   523.5 524.2 501.9 541.8
  2176819  2061 272102.4    719.8   681.5 678.9 659.2 704.4
  2495080  2061 311885.0   1007.3   832.0 833.9 809.0 855.1
  2859872  2061 357484.0   1154.5   832.0 830.8 810.9 856.6
  3277994  2061 409749.2   1334.4   839.0 840.3 813.0 862.3
  3757239  2061 469654.9   1528.4   838.4 834.8 815.5 862.8
  4306550  2061 538318.8   1756.3   840.5 837.3 815.9 872.8
  4936177  2061 617022.1   2022.6   844.5 847.7 818.2 868.2
  5657848  2061 707231.0   2320.8   845.4 846.0 822.1 870.9
  6485030  2061 810628.8   2664.5   846.8 849.8 818.3 872.1
  7433149  2061 929143.6   3038.6   842.5 838.9 821.5 870.9
  8519877  2061 1064984.6   3518.8   851.2 851.9 821.8 874.6
  9765486  2061 1220685.8   4009.3   846.2 844.6 822.5 869.7
 11193202  2061 1399150.2   4614.4   849.6 845.7 822.5 876.5
 12829652  2061 1603706.5   5286.5   849.2 852.0 823.8 877.6
 14705353  2061 1838169.1   6075.6   851.5 849.0 824.4 878.0
 16855281  2061 2106910.1   6972.3   852.5 854.5 826.0 873.6

