[INFO] GPU Roofline Tools 
[INFO] Version 1.0.0 (C)2024 Bagus Hanindhito 
[INFO] Built for AMD Instinct MI300X (gfx942) GPUs
[INFO] Detected 8 HIP-capable device(s)
[INFO] +---+------------------------+----+----+-----------+--------------+--------------+
[INFO] |#  |Device Name             |CC  |#CU |Freq. (MHz)|Mem. Size (MB)|Mem. BW (GB/s)|
[INFO] +---+------------------------+----+----+-----------+--------------+--------------+
[INFO] |0  |AMD Instinct MI325X     |9.4 |304 |2100       |262128        |3072          |
[INFO] +---+------------------------+----+----+-----------+--------------+--------------+
[INFO] |1  |AMD Instinct MI325X     |9.4 |304 |2100       |262128        |3072          |
[INFO] +---+------------------------+----+----+-----------+--------------+--------------+
[INFO] |2  |AMD Instinct MI325X     |9.4 |304 |2100       |262128        |3072          |
[INFO] +---+------------------------+----+----+-----------+--------------+--------------+
[INFO] |3  |AMD Instinct MI325X     |9.4 |304 |2100       |262128        |3072          |
[INFO] +---+------------------------+----+----+-----------+--------------+--------------+
[INFO] |4  |AMD Instinct MI325X     |9.4 |304 |2100       |262128        |3072          |
[INFO] +---+------------------------+----+----+-----------+--------------+--------------+
[INFO] |5  |AMD Instinct MI325X     |9.4 |304 |2100       |262128        |3072          |
[INFO] +---+------------------------+----+----+-----------+--------------+--------------+
[INFO] |6  |AMD Instinct MI325X     |9.4 |304 |2100       |262128        |3072          |
[INFO] +---+------------------------+----+----+-----------+--------------+--------------+
[INFO] |7  |AMD Instinct MI325X     |9.4 |304 |2100       |262128        |3072          |
[INFO] +---+------------------------+----+----+-----------+--------------+--------------+
[WARN] This program does not currently support Multi-GPU run.
[INFO] Set default GPU to GPU index 0
[INFO] (1743225821) Running with 16 wavefront(s) per workgroup and 1 workgroup(s)
[INFO] (1743225830) Running with 16 wavefront(s) per workgroup and 2 workgroup(s)
[INFO] (1743225838) Running with 16 wavefront(s) per workgroup and 3 workgroup(s)
[INFO] (1743225846) Running with 16 wavefront(s) per workgroup and 4 workgroup(s)
[INFO] (1743225854) Running with 16 wavefront(s) per workgroup and 5 workgroup(s)
[INFO] (1743225862) Running with 16 wavefront(s) per workgroup and 6 workgroup(s)
[INFO] (1743225871) Running with 16 wavefront(s) per workgroup and 7 workgroup(s)
[INFO] (1743225879) Running with 16 wavefront(s) per workgroup and 8 workgroup(s)
[INFO] (1743225887) Running with 16 wavefront(s) per workgroup and 9 workgroup(s)
[INFO] (1743225895) Running with 16 wavefront(s) per workgroup and 10 workgroup(s)
[INFO] (1743225904) Running with 16 wavefront(s) per workgroup and 11 workgroup(s)
[INFO] (1743225912) Running with 16 wavefront(s) per workgroup and 12 workgroup(s)
[INFO] (1743225920) Running with 16 wavefront(s) per workgroup and 13 workgroup(s)
[INFO] (1743225928) Running with 16 wavefront(s) per workgroup and 14 workgroup(s)
[INFO] (1743225937) Running with 16 wavefront(s) per workgroup and 15 workgroup(s)
[INFO] (1743225945) Running with 16 wavefront(s) per workgroup and 16 workgroup(s)
[INFO] (1743225953) Running with 16 wavefront(s) per workgroup and 17 workgroup(s)
[INFO] (1743225961) Running with 16 wavefront(s) per workgroup and 18 workgroup(s)
[INFO] (1743225970) Running with 16 wavefront(s) per workgroup and 19 workgroup(s)
[INFO] (1743225978) Running with 16 wavefront(s) per workgroup and 20 workgroup(s)
[INFO] (1743225986) Running with 16 wavefront(s) per workgroup and 21 workgroup(s)
[INFO] (1743225994) Running with 16 wavefront(s) per workgroup and 22 workgroup(s)
[INFO] (1743226002) Running with 16 wavefront(s) per workgroup and 23 workgroup(s)
[INFO] (1743226011) Running with 16 wavefront(s) per workgroup and 24 workgroup(s)
[INFO] (1743226019) Running with 16 wavefront(s) per workgroup and 25 workgroup(s)
[INFO] (1743226027) Running with 16 wavefront(s) per workgroup and 26 workgroup(s)
[INFO] (1743226035) Running with 16 wavefront(s) per workgroup and 27 workgroup(s)
[INFO] (1743226044) Running with 16 wavefront(s) per workgroup and 28 workgroup(s)
[INFO] (1743226052) Running with 16 wavefront(s) per workgroup and 29 workgroup(s)
[INFO] (1743226060) Running with 16 wavefront(s) per workgroup and 30 workgroup(s)
[INFO] (1743226068) Running with 16 wavefront(s) per workgroup and 31 workgroup(s)
[INFO] (1743226077) Running with 16 wavefront(s) per workgroup and 32 workgroup(s)
[INFO] (1743226085) Running with 16 wavefront(s) per workgroup and 33 workgroup(s)
[INFO] (1743226093) Running with 16 wavefront(s) per workgroup and 34 workgroup(s)
[INFO] (1743226101) Running with 16 wavefront(s) per workgroup and 35 workgroup(s)
[INFO] (1743226110) Running with 16 wavefront(s) per workgroup and 36 workgroup(s)
[INFO] (1743226118) Running with 16 wavefront(s) per workgroup and 37 workgroup(s)
[INFO] (1743226126) Running with 16 wavefront(s) per workgroup and 38 workgroup(s)
[INFO] (1743226134) Running with 16 wavefront(s) per workgroup and 39 workgroup(s)
[INFO] (1743226142) Running with 16 wavefront(s) per workgroup and 40 workgroup(s)
[INFO] (1743226151) Running with 16 wavefront(s) per workgroup and 41 workgroup(s)
[INFO] (1743226159) Running with 16 wavefront(s) per workgroup and 42 workgroup(s)
[INFO] (1743226167) Running with 16 wavefront(s) per workgroup and 43 workgroup(s)
[INFO] (1743226175) Running with 16 wavefront(s) per workgroup and 44 workgroup(s)
[INFO] (1743226184) Running with 16 wavefront(s) per workgroup and 45 workgroup(s)
[INFO] (1743226192) Running with 16 wavefront(s) per workgroup and 46 workgroup(s)
[INFO] (1743226200) Running with 16 wavefront(s) per workgroup and 47 workgroup(s)
[INFO] (1743226208) Running with 16 wavefront(s) per workgroup and 48 workgroup(s)
[INFO] (1743226217) Running with 16 wavefront(s) per workgroup and 49 workgroup(s)
[INFO] (1743226225) Running with 16 wavefront(s) per workgroup and 50 workgroup(s)
[INFO] (1743226233) Running with 16 wavefront(s) per workgroup and 51 workgroup(s)
[INFO] (1743226241) Running with 16 wavefront(s) per workgroup and 52 workgroup(s)
[INFO] (1743226250) Running with 16 wavefront(s) per workgroup and 53 workgroup(s)
[INFO] (1743226258) Running with 16 wavefront(s) per workgroup and 54 workgroup(s)
[INFO] (1743226266) Running with 16 wavefront(s) per workgroup and 55 workgroup(s)
[INFO] (1743226274) Running with 16 wavefront(s) per workgroup and 56 workgroup(s)
[INFO] (1743226283) Running with 16 wavefront(s) per workgroup and 57 workgroup(s)
[INFO] (1743226291) Running with 16 wavefront(s) per workgroup and 58 workgroup(s)
[INFO] (1743226299) Running with 16 wavefront(s) per workgroup and 59 workgroup(s)
[INFO] (1743226307) Running with 16 wavefront(s) per workgroup and 60 workgroup(s)
[INFO] (1743226316) Running with 16 wavefront(s) per workgroup and 61 workgroup(s)
[INFO] (1743226324) Running with 16 wavefront(s) per workgroup and 62 workgroup(s)
[INFO] (1743226332) Running with 16 wavefront(s) per workgroup and 63 workgroup(s)
[INFO] (1743226341) Running with 16 wavefront(s) per workgroup and 64 workgroup(s)
[INFO] (1743226349) Running with 16 wavefront(s) per workgroup and 65 workgroup(s)
[INFO] (1743226357) Running with 16 wavefront(s) per workgroup and 66 workgroup(s)
[INFO] (1743226365) Running with 16 wavefront(s) per workgroup and 67 workgroup(s)
[INFO] (1743226374) Running with 16 wavefront(s) per workgroup and 68 workgroup(s)
[INFO] (1743226382) Running with 16 wavefront(s) per workgroup and 69 workgroup(s)
[INFO] (1743226390) Running with 16 wavefront(s) per workgroup and 70 workgroup(s)
[INFO] (1743226398) Running with 16 wavefront(s) per workgroup and 71 workgroup(s)
[INFO] (1743226407) Running with 16 wavefront(s) per workgroup and 72 workgroup(s)
[INFO] (1743226415) Running with 16 wavefront(s) per workgroup and 73 workgroup(s)
[INFO] (1743226423) Running with 16 wavefront(s) per workgroup and 74 workgroup(s)
[INFO] (1743226432) Running with 16 wavefront(s) per workgroup and 75 workgroup(s)
[INFO] (1743226440) Running with 16 wavefront(s) per workgroup and 76 workgroup(s)
[INFO] (1743226448) Running with 16 wavefront(s) per workgroup and 77 workgroup(s)
[INFO] (1743226456) Running with 16 wavefront(s) per workgroup and 78 workgroup(s)
[INFO] (1743226465) Running with 16 wavefront(s) per workgroup and 79 workgroup(s)
[INFO] (1743226473) Running with 16 wavefront(s) per workgroup and 80 workgroup(s)
[INFO] (1743226481) Running with 16 wavefront(s) per workgroup and 81 workgroup(s)
[INFO] (1743226490) Running with 16 wavefront(s) per workgroup and 82 workgroup(s)
[INFO] (1743226498) Running with 16 wavefront(s) per workgroup and 83 workgroup(s)
[INFO] (1743226506) Running with 16 wavefront(s) per workgroup and 84 workgroup(s)
[INFO] (1743226514) Running with 16 wavefront(s) per workgroup and 85 workgroup(s)
[INFO] (1743226523) Running with 16 wavefront(s) per workgroup and 86 workgroup(s)
[INFO] (1743226531) Running with 16 wavefront(s) per workgroup and 87 workgroup(s)
[INFO] (1743226539) Running with 16 wavefront(s) per workgroup and 88 workgroup(s)
[INFO] (1743226548) Running with 16 wavefront(s) per workgroup and 89 workgroup(s)
[INFO] (1743226556) Running with 16 wavefront(s) per workgroup and 90 workgroup(s)
[INFO] (1743226564) Running with 16 wavefront(s) per workgroup and 91 workgroup(s)
[INFO] (1743226573) Running with 16 wavefront(s) per workgroup and 92 workgroup(s)
[INFO] (1743226581) Running with 16 wavefront(s) per workgroup and 93 workgroup(s)
[INFO] (1743226589) Running with 16 wavefront(s) per workgroup and 94 workgroup(s)
[INFO] (1743226597) Running with 16 wavefront(s) per workgroup and 95 workgroup(s)
[INFO] (1743226606) Running with 16 wavefront(s) per workgroup and 96 workgroup(s)
[INFO] (1743226614) Running with 16 wavefront(s) per workgroup and 97 workgroup(s)
[INFO] (1743226622) Running with 16 wavefront(s) per workgroup and 98 workgroup(s)
[INFO] (1743226631) Running with 16 wavefront(s) per workgroup and 99 workgroup(s)
[INFO] (1743226639) Running with 16 wavefront(s) per workgroup and 100 workgroup(s)
[INFO] (1743226647) Running with 16 wavefront(s) per workgroup and 101 workgroup(s)
[INFO] (1743226656) Running with 16 wavefront(s) per workgroup and 102 workgroup(s)
[INFO] (1743226664) Running with 16 wavefront(s) per workgroup and 103 workgroup(s)
[INFO] (1743226672) Running with 16 wavefront(s) per workgroup and 104 workgroup(s)
[INFO] (1743226680) Running with 16 wavefront(s) per workgroup and 105 workgroup(s)
[INFO] (1743226689) Running with 16 wavefront(s) per workgroup and 106 workgroup(s)
[INFO] (1743226697) Running with 16 wavefront(s) per workgroup and 107 workgroup(s)
[INFO] (1743226705) Running with 16 wavefront(s) per workgroup and 108 workgroup(s)
[INFO] (1743226714) Running with 16 wavefront(s) per workgroup and 109 workgroup(s)
[INFO] (1743226722) Running with 16 wavefront(s) per workgroup and 110 workgroup(s)
[INFO] (1743226730) Running with 16 wavefront(s) per workgroup and 111 workgroup(s)
[INFO] (1743226739) Running with 16 wavefront(s) per workgroup and 112 workgroup(s)
[INFO] (1743226747) Running with 16 wavefront(s) per workgroup and 113 workgroup(s)
[INFO] (1743226755) Running with 16 wavefront(s) per workgroup and 114 workgroup(s)
[INFO] (1743226764) Running with 16 wavefront(s) per workgroup and 115 workgroup(s)
[INFO] (1743226772) Running with 16 wavefront(s) per workgroup and 116 workgroup(s)
[INFO] (1743226780) Running with 16 wavefront(s) per workgroup and 117 workgroup(s)
[INFO] (1743226789) Running with 16 wavefront(s) per workgroup and 118 workgroup(s)
[INFO] (1743226797) Running with 16 wavefront(s) per workgroup and 119 workgroup(s)
[INFO] (1743226805) Running with 16 wavefront(s) per workgroup and 120 workgroup(s)
[INFO] (1743226814) Running with 16 wavefront(s) per workgroup and 121 workgroup(s)
[INFO] (1743226822) Running with 16 wavefront(s) per workgroup and 122 workgroup(s)
[INFO] (1743226830) Running with 16 wavefront(s) per workgroup and 123 workgroup(s)
[INFO] (1743226839) Running with 16 wavefront(s) per workgroup and 124 workgroup(s)
[INFO] (1743226847) Running with 16 wavefront(s) per workgroup and 125 workgroup(s)
[INFO] (1743226855) Running with 16 wavefront(s) per workgroup and 126 workgroup(s)
[INFO] (1743226864) Running with 16 wavefront(s) per workgroup and 127 workgroup(s)
[INFO] (1743226872) Running with 16 wavefront(s) per workgroup and 128 workgroup(s)
[INFO] (1743226880) Running with 16 wavefront(s) per workgroup and 129 workgroup(s)
[INFO] (1743226889) Running with 16 wavefront(s) per workgroup and 130 workgroup(s)
[INFO] (1743226897) Running with 16 wavefront(s) per workgroup and 131 workgroup(s)
[INFO] (1743226905) Running with 16 wavefront(s) per workgroup and 132 workgroup(s)
[INFO] (1743226914) Running with 16 wavefront(s) per workgroup and 133 workgroup(s)
[INFO] (1743226922) Running with 16 wavefront(s) per workgroup and 134 workgroup(s)
[INFO] (1743226931) Running with 16 wavefront(s) per workgroup and 135 workgroup(s)
[INFO] (1743226939) Running with 16 wavefront(s) per workgroup and 136 workgroup(s)
[INFO] (1743226947) Running with 16 wavefront(s) per workgroup and 137 workgroup(s)
[INFO] (1743226956) Running with 16 wavefront(s) per workgroup and 138 workgroup(s)
[INFO] (1743226964) Running with 16 wavefront(s) per workgroup and 139 workgroup(s)
[INFO] (1743226972) Running with 16 wavefront(s) per workgroup and 140 workgroup(s)
[INFO] (1743226981) Running with 16 wavefront(s) per workgroup and 141 workgroup(s)
[INFO] (1743226989) Running with 16 wavefront(s) per workgroup and 142 workgroup(s)
[INFO] (1743226997) Running with 16 wavefront(s) per workgroup and 143 workgroup(s)
[INFO] (1743227006) Running with 16 wavefront(s) per workgroup and 144 workgroup(s)
[INFO] (1743227014) Running with 16 wavefront(s) per workgroup and 145 workgroup(s)
[INFO] (1743227022) Running with 16 wavefront(s) per workgroup and 146 workgroup(s)
[INFO] (1743227031) Running with 16 wavefront(s) per workgroup and 147 workgroup(s)
[INFO] (1743227039) Running with 16 wavefront(s) per workgroup and 148 workgroup(s)
[INFO] (1743227048) Running with 16 wavefront(s) per workgroup and 149 workgroup(s)
[INFO] (1743227056) Running with 16 wavefront(s) per workgroup and 150 workgroup(s)
[INFO] (1743227064) Running with 16 wavefront(s) per workgroup and 151 workgroup(s)
[INFO] (1743227073) Running with 16 wavefront(s) per workgroup and 152 workgroup(s)
[INFO] (1743227081) Running with 16 wavefront(s) per workgroup and 153 workgroup(s)
[INFO] (1743227089) Running with 16 wavefront(s) per workgroup and 154 workgroup(s)
[INFO] (1743227098) Running with 16 wavefront(s) per workgroup and 155 workgroup(s)
[INFO] (1743227106) Running with 16 wavefront(s) per workgroup and 156 workgroup(s)
[INFO] (1743227115) Running with 16 wavefront(s) per workgroup and 157 workgroup(s)
[INFO] (1743227123) Running with 16 wavefront(s) per workgroup and 158 workgroup(s)
[INFO] (1743227131) Running with 16 wavefront(s) per workgroup and 159 workgroup(s)
[INFO] (1743227140) Running with 16 wavefront(s) per workgroup and 160 workgroup(s)
[INFO] (1743227148) Running with 16 wavefront(s) per workgroup and 161 workgroup(s)
[INFO] (1743227157) Running with 16 wavefront(s) per workgroup and 162 workgroup(s)
[INFO] (1743227165) Running with 16 wavefront(s) per workgroup and 163 workgroup(s)
[INFO] (1743227173) Running with 16 wavefront(s) per workgroup and 164 workgroup(s)
[INFO] (1743227182) Running with 16 wavefront(s) per workgroup and 165 workgroup(s)
[INFO] (1743227190) Running with 16 wavefront(s) per workgroup and 166 workgroup(s)
[INFO] (1743227198) Running with 16 wavefront(s) per workgroup and 167 workgroup(s)
[INFO] (1743227207) Running with 16 wavefront(s) per workgroup and 168 workgroup(s)
[INFO] (1743227215) Running with 16 wavefront(s) per workgroup and 169 workgroup(s)
[INFO] (1743227224) Running with 16 wavefront(s) per workgroup and 170 workgroup(s)
[INFO] (1743227232) Running with 16 wavefront(s) per workgroup and 171 workgroup(s)
[INFO] (1743227240) Running with 16 wavefront(s) per workgroup and 172 workgroup(s)
[INFO] (1743227249) Running with 16 wavefront(s) per workgroup and 173 workgroup(s)
[INFO] (1743227257) Running with 16 wavefront(s) per workgroup and 174 workgroup(s)
[INFO] (1743227266) Running with 16 wavefront(s) per workgroup and 175 workgroup(s)
[INFO] (1743227274) Running with 16 wavefront(s) per workgroup and 176 workgroup(s)
[INFO] (1743227282) Running with 16 wavefront(s) per workgroup and 177 workgroup(s)
[INFO] (1743227291) Running with 16 wavefront(s) per workgroup and 178 workgroup(s)
[INFO] (1743227299) Running with 16 wavefront(s) per workgroup and 179 workgroup(s)
[INFO] (1743227308) Running with 16 wavefront(s) per workgroup and 180 workgroup(s)
[INFO] (1743227316) Running with 16 wavefront(s) per workgroup and 181 workgroup(s)
[INFO] (1743227324) Running with 16 wavefront(s) per workgroup and 182 workgroup(s)
[INFO] (1743227333) Running with 16 wavefront(s) per workgroup and 183 workgroup(s)
[INFO] (1743227341) Running with 16 wavefront(s) per workgroup and 184 workgroup(s)
[INFO] (1743227350) Running with 16 wavefront(s) per workgroup and 185 workgroup(s)
[INFO] (1743227358) Running with 16 wavefront(s) per workgroup and 186 workgroup(s)
[INFO] (1743227367) Running with 16 wavefront(s) per workgroup and 187 workgroup(s)
[INFO] (1743227375) Running with 16 wavefront(s) per workgroup and 188 workgroup(s)
[INFO] (1743227383) Running with 16 wavefront(s) per workgroup and 189 workgroup(s)
[INFO] (1743227392) Running with 16 wavefront(s) per workgroup and 190 workgroup(s)
[INFO] (1743227400) Running with 16 wavefront(s) per workgroup and 191 workgroup(s)
[INFO] (1743227409) Running with 16 wavefront(s) per workgroup and 192 workgroup(s)
[INFO] (1743227417) Running with 16 wavefront(s) per workgroup and 193 workgroup(s)
[INFO] (1743227425) Running with 16 wavefront(s) per workgroup and 194 workgroup(s)
[INFO] (1743227434) Running with 16 wavefront(s) per workgroup and 195 workgroup(s)
[INFO] (1743227442) Running with 16 wavefront(s) per workgroup and 196 workgroup(s)
[INFO] (1743227451) Running with 16 wavefront(s) per workgroup and 197 workgroup(s)
[INFO] (1743227459) Running with 16 wavefront(s) per workgroup and 198 workgroup(s)
[INFO] (1743227468) Running with 16 wavefront(s) per workgroup and 199 workgroup(s)
[INFO] (1743227476) Running with 16 wavefront(s) per workgroup and 200 workgroup(s)
[INFO] (1743227485) Running with 16 wavefront(s) per workgroup and 201 workgroup(s)
[INFO] (1743227493) Running with 16 wavefront(s) per workgroup and 202 workgroup(s)
[INFO] (1743227501) Running with 16 wavefront(s) per workgroup and 203 workgroup(s)
[INFO] (1743227510) Running with 16 wavefront(s) per workgroup and 204 workgroup(s)
[INFO] (1743227518) Running with 16 wavefront(s) per workgroup and 205 workgroup(s)
[INFO] (1743227527) Running with 16 wavefront(s) per workgroup and 206 workgroup(s)
[INFO] (1743227535) Running with 16 wavefront(s) per workgroup and 207 workgroup(s)
[INFO] (1743227544) Running with 16 wavefront(s) per workgroup and 208 workgroup(s)
[INFO] (1743227552) Running with 16 wavefront(s) per workgroup and 209 workgroup(s)
[INFO] (1743227560) Running with 16 wavefront(s) per workgroup and 210 workgroup(s)
[INFO] (1743227569) Running with 16 wavefront(s) per workgroup and 211 workgroup(s)
[INFO] (1743227577) Running with 16 wavefront(s) per workgroup and 212 workgroup(s)
[INFO] (1743227586) Running with 16 wavefront(s) per workgroup and 213 workgroup(s)
[INFO] (1743227594) Running with 16 wavefront(s) per workgroup and 214 workgroup(s)
[INFO] (1743227603) Running with 16 wavefront(s) per workgroup and 215 workgroup(s)
[INFO] (1743227611) Running with 16 wavefront(s) per workgroup and 216 workgroup(s)
[INFO] (1743227620) Running with 16 wavefront(s) per workgroup and 217 workgroup(s)
[INFO] (1743227628) Running with 16 wavefront(s) per workgroup and 218 workgroup(s)
[INFO] (1743227637) Running with 16 wavefront(s) per workgroup and 219 workgroup(s)
[INFO] (1743227645) Running with 16 wavefront(s) per workgroup and 220 workgroup(s)
[INFO] (1743227653) Running with 16 wavefront(s) per workgroup and 221 workgroup(s)
[INFO] (1743227662) Running with 16 wavefront(s) per workgroup and 222 workgroup(s)
[INFO] (1743227670) Running with 16 wavefront(s) per workgroup and 223 workgroup(s)
[INFO] (1743227679) Running with 16 wavefront(s) per workgroup and 224 workgroup(s)
[INFO] (1743227687) Running with 16 wavefront(s) per workgroup and 225 workgroup(s)
[INFO] (1743227696) Running with 16 wavefront(s) per workgroup and 226 workgroup(s)
[INFO] (1743227704) Running with 16 wavefront(s) per workgroup and 227 workgroup(s)
[INFO] (1743227713) Running with 16 wavefront(s) per workgroup and 228 workgroup(s)
[INFO] (1743227721) Running with 16 wavefront(s) per workgroup and 229 workgroup(s)
[INFO] (1743227730) Running with 16 wavefront(s) per workgroup and 230 workgroup(s)
[INFO] (1743227738) Running with 16 wavefront(s) per workgroup and 231 workgroup(s)
[INFO] (1743227747) Running with 16 wavefront(s) per workgroup and 232 workgroup(s)
[INFO] (1743227755) Running with 16 wavefront(s) per workgroup and 233 workgroup(s)
[INFO] (1743227763) Running with 16 wavefront(s) per workgroup and 234 workgroup(s)
[INFO] (1743227772) Running with 16 wavefront(s) per workgroup and 235 workgroup(s)
[INFO] (1743227780) Running with 16 wavefront(s) per workgroup and 236 workgroup(s)
[INFO] (1743227789) Running with 16 wavefront(s) per workgroup and 237 workgroup(s)
[INFO] (1743227797) Running with 16 wavefront(s) per workgroup and 238 workgroup(s)
[INFO] (1743227806) Running with 16 wavefront(s) per workgroup and 239 workgroup(s)
[INFO] (1743227814) Running with 16 wavefront(s) per workgroup and 240 workgroup(s)
[INFO] (1743227823) Running with 16 wavefront(s) per workgroup and 241 workgroup(s)
[INFO] (1743227831) Running with 16 wavefront(s) per workgroup and 242 workgroup(s)
[INFO] (1743227840) Running with 16 wavefront(s) per workgroup and 243 workgroup(s)
[INFO] (1743227848) Running with 16 wavefront(s) per workgroup and 244 workgroup(s)
[INFO] (1743227857) Running with 16 wavefront(s) per workgroup and 245 workgroup(s)
[INFO] (1743227865) Running with 16 wavefront(s) per workgroup and 246 workgroup(s)
[INFO] (1743227874) Running with 16 wavefront(s) per workgroup and 247 workgroup(s)
[INFO] (1743227882) Running with 16 wavefront(s) per workgroup and 248 workgroup(s)
[INFO] (1743227891) Running with 16 wavefront(s) per workgroup and 249 workgroup(s)
[INFO] (1743227899) Running with 16 wavefront(s) per workgroup and 250 workgroup(s)
[INFO] (1743227908) Running with 16 wavefront(s) per workgroup and 251 workgroup(s)
[INFO] (1743227916) Running with 16 wavefront(s) per workgroup and 252 workgroup(s)
[INFO] (1743227925) Running with 16 wavefront(s) per workgroup and 253 workgroup(s)
[INFO] (1743227933) Running with 16 wavefront(s) per workgroup and 254 workgroup(s)
[INFO] (1743227942) Running with 16 wavefront(s) per workgroup and 255 workgroup(s)
[INFO] (1743227950) Running with 16 wavefront(s) per workgroup and 256 workgroup(s)
[INFO] (1743227959) Running with 16 wavefront(s) per workgroup and 257 workgroup(s)
[INFO] (1743227967) Running with 16 wavefront(s) per workgroup and 258 workgroup(s)
[INFO] (1743227976) Running with 16 wavefront(s) per workgroup and 259 workgroup(s)
[INFO] (1743227984) Running with 16 wavefront(s) per workgroup and 260 workgroup(s)
[INFO] (1743227993) Running with 16 wavefront(s) per workgroup and 261 workgroup(s)
[INFO] (1743228001) Running with 16 wavefront(s) per workgroup and 262 workgroup(s)
[INFO] (1743228010) Running with 16 wavefront(s) per workgroup and 263 workgroup(s)
[INFO] (1743228018) Running with 16 wavefront(s) per workgroup and 264 workgroup(s)
[INFO] (1743228027) Running with 16 wavefront(s) per workgroup and 265 workgroup(s)
[INFO] (1743228036) Running with 16 wavefront(s) per workgroup and 266 workgroup(s)
[INFO] (1743228044) Running with 16 wavefront(s) per workgroup and 267 workgroup(s)
[INFO] (1743228053) Running with 16 wavefront(s) per workgroup and 268 workgroup(s)
[INFO] (1743228061) Running with 16 wavefront(s) per workgroup and 269 workgroup(s)
[INFO] (1743228070) Running with 16 wavefront(s) per workgroup and 270 workgroup(s)
[INFO] (1743228078) Running with 16 wavefront(s) per workgroup and 271 workgroup(s)
[INFO] (1743228087) Running with 16 wavefront(s) per workgroup and 272 workgroup(s)
[INFO] (1743228095) Running with 16 wavefront(s) per workgroup and 273 workgroup(s)
[INFO] (1743228104) Running with 16 wavefront(s) per workgroup and 274 workgroup(s)
[INFO] (1743228112) Running with 16 wavefront(s) per workgroup and 275 workgroup(s)
[INFO] (1743228121) Running with 16 wavefront(s) per workgroup and 276 workgroup(s)
[INFO] (1743228129) Running with 16 wavefront(s) per workgroup and 277 workgroup(s)
[INFO] (1743228138) Running with 16 wavefront(s) per workgroup and 278 workgroup(s)
[INFO] (1743228146) Running with 16 wavefront(s) per workgroup and 279 workgroup(s)
[INFO] (1743228155) Running with 16 wavefront(s) per workgroup and 280 workgroup(s)
[INFO] (1743228164) Running with 16 wavefront(s) per workgroup and 281 workgroup(s)
[INFO] (1743228172) Running with 16 wavefront(s) per workgroup and 282 workgroup(s)
[INFO] (1743228181) Running with 16 wavefront(s) per workgroup and 283 workgroup(s)
[INFO] (1743228189) Running with 16 wavefront(s) per workgroup and 284 workgroup(s)
[INFO] (1743228198) Running with 16 wavefront(s) per workgroup and 285 workgroup(s)
[INFO] (1743228206) Running with 16 wavefront(s) per workgroup and 286 workgroup(s)
[INFO] (1743228215) Running with 16 wavefront(s) per workgroup and 287 workgroup(s)
[INFO] (1743228223) Running with 16 wavefront(s) per workgroup and 288 workgroup(s)
[INFO] (1743228232) Running with 16 wavefront(s) per workgroup and 289 workgroup(s)
[INFO] (1743228240) Running with 16 wavefront(s) per workgroup and 290 workgroup(s)
[INFO] (1743228249) Running with 16 wavefront(s) per workgroup and 291 workgroup(s)
[INFO] (1743228258) Running with 16 wavefront(s) per workgroup and 292 workgroup(s)
[INFO] (1743228266) Running with 16 wavefront(s) per workgroup and 293 workgroup(s)
[INFO] (1743228275) Running with 16 wavefront(s) per workgroup and 294 workgroup(s)
[INFO] (1743228283) Running with 16 wavefront(s) per workgroup and 295 workgroup(s)
[INFO] (1743228292) Running with 16 wavefront(s) per workgroup and 296 workgroup(s)
[INFO] (1743228300) Running with 16 wavefront(s) per workgroup and 297 workgroup(s)
[INFO] (1743228309) Running with 16 wavefront(s) per workgroup and 298 workgroup(s)
[INFO] (1743228317) Running with 16 wavefront(s) per workgroup and 299 workgroup(s)
[INFO] (1743228326) Running with 16 wavefront(s) per workgroup and 300 workgroup(s)
[INFO] (1743228335) Running with 16 wavefront(s) per workgroup and 301 workgroup(s)
[INFO] (1743228343) Running with 16 wavefront(s) per workgroup and 302 workgroup(s)
[INFO] (1743228352) Running with 16 wavefront(s) per workgroup and 303 workgroup(s)
[INFO] (1743228360) Running with 16 wavefront(s) per workgroup and 304 workgroup(s)
Result M_WMMA with fp8/fp32
n_iter, n_thread, n_wg, n_wf, wf_size, wg_size, n_flops, n_bytes, time_ms, gflop/s, avg_clock, max_clock, min_clock, stdev_clock 
268435456, 1024, 1, 16, 64, 1024, 281474976710656, 65536, 8206.5, 34299, 1.07385e+10, 17180918628, 4296020312, 1.09543 
268435456, 2048, 2, 16, 64, 1024, 562949953421312, 131072, 8229.02, 68410.3, 1.07385e+10, 17180918324, 4296020140, 1.09543 
268435456, 3072, 3, 16, 64, 1024, 844424930131968, 196608, 8230.23, 102600, 1.07385e+10, 17180918200, 4296016960, 1.09543 
268435456, 4096, 4, 16, 64, 1024, 1125899906842624, 262144, 8228.06, 136837, 1.07385e+10, 17180918320, 4296016616, 1.09543 
268435456, 5120, 5, 16, 64, 1024, 1407374883553280, 327680, 8229.27, 171021, 1.07385e+10, 17180918396, 4296017112, 1.09543 
268435456, 6144, 6, 16, 64, 1024, 1688849860263936, 393216, 8228.38, 205247, 1.07385e+10, 17180918920, 4296017192, 1.09543 
268435456, 7168, 7, 16, 64, 1024, 1970324836974592, 458752, 8227.99, 239466, 1.07385e+10, 17180918876, 4296016792, 1.09543 
268435456, 8192, 8, 16, 64, 1024, 2251799813685248, 524288, 8229.39, 273629, 1.07385e+10, 17180918852, 4296016880, 1.09543 
268435456, 9216, 9, 16, 64, 1024, 2533274790395904, 589824, 8230.52, 307790, 1.07385e+10, 17180919724, 4296016680, 1.09543 
268435456, 10240, 10, 16, 64, 1024, 2814749767106560, 655360, 8235.27, 341792, 1.07385e+10, 17180917980, 4296016388, 1.09543 
268435456, 11264, 11, 16, 64, 1024, 3096224743817216, 720896, 8236.21, 375928, 1.07385e+10, 17180919028, 4296016580, 1.09543 
268435456, 12288, 12, 16, 64, 1024, 3377699720527872, 786432, 8234.8, 410174, 1.07385e+10, 17180918276, 4296016388, 1.09543 
268435456, 13312, 13, 16, 64, 1024, 3659174697238528, 851968, 8238.01, 444182, 1.07385e+10, 17180919024, 4296016692, 1.09543 
268435456, 14336, 14, 16, 64, 1024, 3940649673949184, 917504, 8236.32, 478448, 1.07385e+10, 17180918088, 4296016360, 1.09543 
268435456, 15360, 15, 16, 64, 1024, 4222124650659840, 983040, 8238.6, 512481, 1.07385e+10, 17180918988, 4296016668, 1.09543 
268435456, 16384, 16, 16, 64, 1024, 4503599627370496, 1048576, 8235.84, 546829, 1.07385e+10, 17180918104, 4296016408, 1.09543 
268435456, 17408, 17, 16, 64, 1024, 4785074604081152, 1114112, 8240.04, 580710, 1.07385e+10, 17180919108, 4296016648, 1.09543 
268435456, 18432, 18, 16, 64, 1024, 5066549580791808, 1179648, 8246.28, 614404, 1.07385e+10, 17180918004, 4296016244, 1.09543 
268435456, 19456, 19, 16, 64, 1024, 5348024557502464, 1245184, 8230.49, 649782, 1.07385e+10, 17180918944, 4296016208, 1.09543 
268435456, 20480, 20, 16, 64, 1024, 5629499534213120, 1310720, 8234.08, 683683, 1.07385e+10, 17180918116, 4296016180, 1.09543 
268435456, 21504, 21, 16, 64, 1024, 5910974510923776, 1376256, 8244.3, 716977, 1.07385e+10, 17180919068, 4296016244, 1.09543 
268435456, 22528, 22, 16, 64, 1024, 6192449487634432, 1441792, 8220.81, 753265, 1.07385e+10, 17180918212, 4296016124, 1.09543 
268435456, 23552, 23, 16, 64, 1024, 6473924464345088, 1507328, 8226.59, 786951, 1.07385e+10, 17180918964, 4296016092, 1.09543 
268435456, 24576, 24, 16, 64, 1024, 6755399441055744, 1572864, 8243.21, 819511, 1.07385e+10, 17180918168, 4296016100, 1.09543 
268435456, 25600, 25, 16, 64, 1024, 7036874417766400, 1638400, 8247.83, 853179, 1.07385e+10, 17180918904, 4296016096, 1.09543 
268435456, 26624, 26, 16, 64, 1024, 7318349394477056, 1703936, 8226.94, 889559, 1.07385e+10, 17180918088, 4296016096, 1.09543 
268435456, 27648, 27, 16, 64, 1024, 7599824371187712, 1769472, 8235.66, 922795, 1.07385e+10, 17180918864, 4296016108, 1.09543 
268435456, 28672, 28, 16, 64, 1024, 7881299347898368, 1835008, 8238.25, 956672, 1.07385e+10, 17180918672, 4296016100, 1.09543 
268435456, 29696, 29, 16, 64, 1024, 8162774324609024, 1900544, 8234.92, 991240, 1.07385e+10, 17180918216, 4296016100, 1.09543 
268435456, 30720, 30, 16, 64, 1024, 8444249301319680, 1966080, 8235.91, 1.0253e+06, 1.07385e+10, 17180918184, 4296016100, 1.09543 
268435456, 31744, 31, 16, 64, 1024, 8725724278030336, 2031616, 8232.4, 1.05992e+06, 1.07385e+10, 17180918136, 4296016100, 1.09543 
268435456, 32768, 32, 16, 64, 1024, 9007199254740992, 2097152, 8233.54, 1.09396e+06, 1.07385e+10, 17180918232, 4296016096, 1.09543 
268435456, 33792, 33, 16, 64, 1024, 9288674231451648, 2162688, 8231.4, 1.12844e+06, 1.07385e+10, 17180918092, 4296016092, 1.09543 
268435456, 34816, 34, 16, 64, 1024, 9570149208162304, 2228224, 8238.65, 1.16162e+06, 1.07385e+10, 17180918792, 4296016092, 1.09543 
268435456, 35840, 35, 16, 64, 1024, 9851624184872960, 2293760, 8242.85, 1.19517e+06, 1.07385e+10, 17180917976, 4296016088, 1.09543 
268435456, 36864, 36, 16, 64, 1024, 10133099161583616, 2359296, 8244.45, 1.22908e+06, 1.07385e+10, 17180917964, 4296016096, 1.09543 
268435456, 37888, 37, 16, 64, 1024, 10414574138294272, 2424832, 8244.66, 1.26319e+06, 1.07385e+10, 17180918096, 4296016096, 1.09543 
268435456, 38912, 38, 16, 64, 1024, 10696049115004928, 2490368, 8242.62, 1.29765e+06, 1.07385e+10, 17180918048, 4296016100, 1.09543 
268435456, 39936, 39, 16, 64, 1024, 10977524091715584, 2555904, 8233.26, 1.33331e+06, 1.07385e+10, 17180918220, 4296016084, 1.09543 
268435456, 40960, 40, 16, 64, 1024, 11258999068426240, 2621440, 8242.41, 1.36598e+06, 1.07385e+10, 17180918152, 4296016100, 1.09543 
268435456, 41984, 41, 16, 64, 1024, 11540474045136896, 2686976, 8237.25, 1.40101e+06, 1.07385e+10, 17180918068, 4296016092, 1.09543 
268435456, 43008, 42, 16, 64, 1024, 11821949021847552, 2752512, 8243.62, 1.43407e+06, 1.07385e+10, 17180918036, 4296016092, 1.09543 
268435456, 44032, 43, 16, 64, 1024, 12103423998558208, 2818048, 8247.63, 1.4675e+06, 1.07385e+10, 17180917972, 4296016096, 1.09543 
268435456, 45056, 44, 16, 64, 1024, 12384898975268864, 2883584, 8247.8, 1.5016e+06, 1.07385e+10, 17180917948, 4296016092, 1.09543 
268435456, 46080, 45, 16, 64, 1024, 12666373951979520, 2949120, 8249.6, 1.53539e+06, 1.07385e+10, 17180918008, 4296016104, 1.09543 
268435456, 47104, 46, 16, 64, 1024, 12947848928690176, 3014656, 8246.22, 1.57016e+06, 1.07385e+10, 17180918124, 4296016088, 1.09543 
268435456, 48128, 47, 16, 64, 1024, 13229323905400832, 3080192, 8243.57, 1.60481e+06, 1.07385e+10, 17180917992, 4296016096, 1.09543 
268435456, 49152, 48, 16, 64, 1024, 13510798882111488, 3145728, 8243.39, 1.63899e+06, 1.07385e+10, 17180918056, 4296016088, 1.09543 
268435456, 50176, 49, 16, 64, 1024, 13792273858822144, 3211264, 8246.97, 1.6724e+06, 1.07385e+10, 17180918160, 4296016096, 1.09543 
268435456, 51200, 50, 16, 64, 1024, 14073748835532800, 3276800, 8255.52, 1.70477e+06, 1.07385e+10, 17180918192, 4296016092, 1.09543 
268435456, 52224, 51, 16, 64, 1024, 14355223812243456, 3342336, 8250.94, 1.73983e+06, 1.07385e+10, 17180918052, 4296016104, 1.09543 
268435456, 53248, 52, 16, 64, 1024, 14636698788954112, 3407872, 8256.04, 1.77285e+06, 1.07385e+10, 17180918084, 4296016092, 1.09543 
268435456, 54272, 53, 16, 64, 1024, 14918173765664768, 3473408, 8250.68, 1.80811e+06, 1.07385e+10, 17180917980, 4296016088, 1.09543 
268435456, 55296, 54, 16, 64, 1024, 15199648742375424, 3538944, 8249.72, 1.84244e+06, 1.07385e+10, 17180917976, 4296016092, 1.09543 
268435456, 56320, 55, 16, 64, 1024, 15481123719086080, 3604480, 8255.06, 1.87535e+06, 1.07385e+10, 17180918044, 4296016092, 1.09543 
268435456, 57344, 56, 16, 64, 1024, 15762598695796736, 3670016, 8255.49, 1.90935e+06, 1.07385e+10, 17180918080, 4296016096, 1.09543 
268435456, 58368, 57, 16, 64, 1024, 16044073672507392, 3735552, 8257.15, 1.94305e+06, 1.07385e+10, 17180918128, 4296016088, 1.09543 
268435456, 59392, 58, 16, 64, 1024, 16325548649218048, 3801088, 8264.1, 1.97548e+06, 1.07385e+10, 17180918224, 4296016092, 1.09543 
268435456, 60416, 59, 16, 64, 1024, 16607023625928704, 3866624, 8274.21, 2.00708e+06, 1.07385e+10, 17180918072, 4296016096, 1.09543 
268435456, 61440, 60, 16, 64, 1024, 16888498602639360, 3932160, 8270.61, 2.04199e+06, 1.07385e+10, 17180918088, 4296016088, 1.09543 
268435456, 62464, 61, 16, 64, 1024, 17169973579350016, 3997696, 8267.06, 2.07691e+06, 1.07385e+10, 17180919088, 4296016088, 1.09543 
268435456, 63488, 62, 16, 64, 1024, 17451448556060672, 4063232, 8266.66, 2.11106e+06, 1.07385e+10, 17180918048, 4296016340, 1.09543 
268435456, 64512, 63, 16, 64, 1024, 17732923532771328, 4128768, 8266.37, 2.14519e+06, 1.07385e+10, 17180917884, 4296016164, 1.09543 
268435456, 65536, 64, 16, 64, 1024, 18014398509481984, 4194304, 8270.54, 2.17814e+06, 1.07385e+10, 17180917996, 4296016168, 1.09543 
268435456, 66560, 65, 16, 64, 1024, 18295873486192640, 4259840, 8271.04, 2.21204e+06, 1.07385e+10, 17180917972, 4296016164, 1.09543 
268435456, 67584, 66, 16, 64, 1024, 18577348462903296, 4325376, 8275.32, 2.24491e+06, 1.07385e+10, 17180918048, 4296016096, 1.09543 
268435456, 68608, 67, 16, 64, 1024, 18858823439613952, 4390912, 8272.43, 2.27972e+06, 1.07385e+10, 17180918168, 4296016092, 1.09543 
268435456, 69632, 68, 16, 64, 1024, 19140298416324608, 4456448, 8287.57, 2.30952e+06, 1.07385e+10, 17180918092, 4296016088, 1.09543 
268435456, 70656, 69, 16, 64, 1024, 19421773393035264, 4521984, 8269.89, 2.34849e+06, 1.07385e+10, 17180918048, 4296016088, 1.09543 
268435456, 71680, 70, 16, 64, 1024, 19703248369745920, 4587520, 8276.54, 2.38062e+06, 1.07385e+10, 17180918016, 4296016092, 1.09543 
268435456, 72704, 71, 16, 64, 1024, 19984723346456576, 4653056, 8268.69, 2.41692e+06, 1.07385e+10, 17180918740, 4296016080, 1.09543 
268435456, 73728, 72, 16, 64, 1024, 20266198323167232, 4718592, 8281.82, 2.44707e+06, 1.07385e+10, 17180918116, 4296016092, 1.09543 
268435456, 74752, 73, 16, 64, 1024, 20547673299877888, 4784128, 8281.89, 2.48104e+06, 1.07385e+10, 17180918052, 4296016084, 1.09543 
268435456, 75776, 74, 16, 64, 1024, 20829148276588544, 4849664, 8280.39, 2.51548e+06, 1.07385e+10, 17180918032, 4296016080, 1.09543 
268435456, 76800, 75, 16, 64, 1024, 21110623253299200, 4915200, 8278.35, 2.5501e+06, 1.07385e+10, 17180918916, 4296016092, 1.09543 
268435456, 77824, 76, 16, 64, 1024, 21392098230009856, 4980736, 8286.62, 2.58152e+06, 1.07385e+10, 17180918152, 4296016084, 1.09543 
268435456, 78848, 77, 16, 64, 1024, 21673573206720512, 5046272, 8295.33, 2.61274e+06, 1.07385e+10, 17180917988, 4296016084, 1.09543 
268435456, 79872, 78, 16, 64, 1024, 21955048183431168, 5111808, 8280.82, 2.65131e+06, 1.07385e+10, 17180918584, 4296016092, 1.09543 
268435456, 80896, 79, 16, 64, 1024, 22236523160141824, 5177344, 8279.75, 2.68565e+06, 1.07385e+10, 17180918004, 4296016096, 1.09543 
268435456, 81920, 80, 16, 64, 1024, 22517998136852480, 5242880, 8280.1, 2.71953e+06, 1.07385e+10, 17180918596, 4296016088, 1.09543 
268435456, 82944, 81, 16, 64, 1024, 22799473113563136, 5308416, 8288.61, 2.7507e+06, 1.07385e+10, 17180917884, 4296016088, 1.09543 
268435456, 83968, 82, 16, 64, 1024, 23080948090273792, 5373952, 8289.28, 2.78443e+06, 1.07385e+10, 17180917980, 4296016088, 1.09543 
268435456, 84992, 83, 16, 64, 1024, 23362423066984448, 5439488, 8288.48, 2.81866e+06, 1.07385e+10, 17180918036, 4296016084, 1.09543 
268435456, 86016, 84, 16, 64, 1024, 23643898043695104, 5505024, 8293.16, 2.85101e+06, 1.07385e+10, 17180918068, 4296016080, 1.09543 
268435456, 87040, 85, 16, 64, 1024, 23925373020405760, 5570560, 8290.96, 2.88572e+06, 1.07385e+10, 17180918152, 4296016084, 1.09543 
268435456, 88064, 86, 16, 64, 1024, 24206847997116416, 5636096, 8283.79, 2.92219e+06, 1.07385e+10, 17180918132, 4296016076, 1.09543 
268435456, 89088, 87, 16, 64, 1024, 24488322973827072, 5701632, 8291.42, 2.95345e+06, 1.07385e+10, 17180918052, 4296016364, 1.09543 
268435456, 90112, 88, 16, 64, 1024, 24769797950537728, 5767168, 8297.38, 2.98525e+06, 1.07385e+10, 17180918092, 4296016228, 1.09543 
268435456, 91136, 89, 16, 64, 1024, 25051272927248384, 5832704, 8292.1, 3.0211e+06, 1.07385e+10, 17180918056, 4296016356, 1.09543 
268435456, 92160, 90, 16, 64, 1024, 25332747903959040, 5898240, 8296.59, 3.05339e+06, 1.07385e+10, 17180917992, 4296016268, 1.09543 
268435456, 93184, 91, 16, 64, 1024, 25614222880669696, 5963776, 8294.55, 3.08808e+06, 1.07385e+10, 17180918008, 4296016232, 1.09543 
268435456, 94208, 92, 16, 64, 1024, 25895697857380352, 6029312, 8299.71, 3.12007e+06, 1.07385e+10, 17180918088, 4296016268, 1.09543 
268435456, 95232, 93, 16, 64, 1024, 26177172834091008, 6094848, 8296.59, 3.15517e+06, 1.07385e+10, 17180918172, 4296016264, 1.09543 
268435456, 96256, 94, 16, 64, 1024, 26458647810801664, 6160384, 8294.03, 3.19008e+06, 1.07385e+10, 17180918148, 4296016276, 1.09543 
268435456, 97280, 95, 16, 64, 1024, 26740122787512320, 6225920, 8299.02, 3.22208e+06, 1.07385e+10, 17180918036, 4296016268, 1.09543 
268435456, 98304, 96, 16, 64, 1024, 27021597764222976, 6291456, 8296.8, 3.25687e+06, 1.07385e+10, 17180917996, 4296016220, 1.09543 
268435456, 99328, 97, 16, 64, 1024, 27303072740933632, 6356992, 8301.3, 3.28901e+06, 1.07385e+10, 17180918004, 4296016248, 1.09543 
268435456, 100352, 98, 16, 64, 1024, 27584547717644288, 6422528, 8307.57, 3.32041e+06, 1.07385e+10, 17180918052, 4296016280, 1.09543 
268435456, 101376, 99, 16, 64, 1024, 27866022694354944, 6488064, 8305.89, 3.35497e+06, 1.07385e+10, 17180917980, 4296016212, 1.09543 
268435456, 102400, 100, 16, 64, 1024, 28147497671065600, 6553600, 8308.69, 3.38772e+06, 1.07385e+10, 17180918004, 4296016276, 1.09543 
268435456, 103424, 101, 16, 64, 1024, 28428972647776256, 6619136, 8304.93, 3.42314e+06, 1.07385e+10, 17180918020, 4296016260, 1.09543 
268435456, 104448, 102, 16, 64, 1024, 28710447624486912, 6684672, 8309.78, 3.45502e+06, 1.07385e+10, 17180918024, 4296016268, 1.09543 
268435456, 105472, 103, 16, 64, 1024, 28991922601197568, 6750208, 8308.37, 3.48949e+06, 1.07385e+10, 17180917976, 4296016280, 1.09543 
268435456, 106496, 104, 16, 64, 1024, 29273397577908224, 6815744, 8304.57, 3.52497e+06, 1.07385e+10, 17180917996, 4296016220, 1.09543 
268435456, 107520, 105, 16, 64, 1024, 29554872554618880, 6881280, 8316.02, 3.55397e+06, 1.07385e+10, 17180917980, 4296016244, 1.09543 
268435456, 108544, 106, 16, 64, 1024, 29836347531329536, 6946816, 8316.11, 3.58778e+06, 1.07385e+10, 17180918004, 4296016268, 1.09543 
268435456, 109568, 107, 16, 64, 1024, 30117822508040192, 7012352, 8323.16, 3.61856e+06, 1.07385e+10, 17180918000, 4296016216, 1.09543 
268435456, 110592, 108, 16, 64, 1024, 30399297484750848, 7077888, 8319.21, 3.65411e+06, 1.07385e+10, 17180917992, 4296016268, 1.09543 
268435456, 111616, 109, 16, 64, 1024, 30680772461461504, 7143424, 8315.96, 3.68939e+06, 1.07385e+10, 17180918000, 4296016220, 1.09543 
268435456, 112640, 110, 16, 64, 1024, 30962247438172160, 7208960, 8324.69, 3.71933e+06, 1.07385e+10, 17180918012, 4296016252, 1.09543 
268435456, 113664, 111, 16, 64, 1024, 31243722414882816, 7274496, 8317.35, 3.75645e+06, 1.07385e+10, 17180918744, 4296016264, 1.09543 
268435456, 114688, 112, 16, 64, 1024, 31525197391593472, 7340032, 8323.4, 3.78754e+06, 1.07385e+10, 17180918104, 4296016256, 1.09543 
268435456, 115712, 113, 16, 64, 1024, 31806672368304128, 7405568, 8325.47, 3.82041e+06, 1.07385e+10, 17180918220, 4296016276, 1.09543 
268435456, 116736, 114, 16, 64, 1024, 32088147345014784, 7471104, 8327.01, 3.8535e+06, 1.07385e+10, 17180918168, 4296016272, 1.09543 
268435456, 117760, 115, 16, 64, 1024, 32369622321725440, 7536640, 8334.12, 3.88399e+06, 1.07385e+10, 17180918072, 4296016240, 1.09543 
268435456, 118784, 116, 16, 64, 1024, 32651097298436096, 7602176, 8333.62, 3.918e+06, 1.07385e+10, 17180918064, 4296016264, 1.09543 
268435456, 119808, 117, 16, 64, 1024, 32932572275146752, 7667712, 8336.05, 3.95062e+06, 1.07385e+10, 17180918008, 4296016272, 1.09543 
268435456, 120832, 118, 16, 64, 1024, 33214047251857408, 7733248, 8330.65, 3.98697e+06, 1.07385e+10, 17180918308, 4296016216, 1.09543 
268435456, 121856, 119, 16, 64, 1024, 33495522228568064, 7798784, 8329.94, 4.0211e+06, 1.07385e+10, 17180918708, 4296016252, 1.09543 
268435456, 122880, 120, 16, 64, 1024, 33776997205278720, 7864320, 8332.12, 4.05383e+06, 1.07385e+10, 17180918124, 4296016236, 1.09543 
268435456, 123904, 121, 16, 64, 1024, 34058472181989376, 7929856, 8332.58, 4.08738e+06, 1.07385e+10, 17180918208, 4296016260, 1.09543 
268435456, 124928, 122, 16, 64, 1024, 34339947158700032, 7995392, 8344.33, 4.11536e+06, 1.07385e+10, 17180918196, 4296016228, 1.09543 
268435456, 125952, 123, 16, 64, 1024, 34621422135410688, 8060928, 8342.7, 4.14991e+06, 1.07385e+10, 17180918512, 4296016244, 1.09543 
268435456, 126976, 124, 16, 64, 1024, 34902897112121344, 8126464, 8345.35, 4.18232e+06, 1.07385e+10, 17180919004, 4296016472, 1.09543 
268435456, 128000, 125, 16, 64, 1024, 35184372088832000, 8192000, 8339.18, 4.21917e+06, 1.07385e+10, 17180919084, 4296016476, 1.09543 
268435456, 129024, 126, 16, 64, 1024, 35465847065542656, 8257536, 8341.3, 4.25183e+06, 1.07385e+10, 17180919024, 4296016280, 1.09543 
268435456, 130048, 127, 16, 64, 1024, 35747322042253312, 8323072, 8343.09, 4.28466e+06, 1.07385e+10, 17180919500, 4296016260, 1.09543 
268435456, 131072, 128, 16, 64, 1024, 36028797018963968, 8388608, 8340.9, 4.31953e+06, 1.07385e+10, 17180918976, 4296016272, 1.09543 
268435456, 132096, 129, 16, 64, 1024, 36310271995674624, 8454144, 8354.43, 4.34623e+06, 1.07385e+10, 17180918120, 4296017220, 1.09543 
268435456, 133120, 130, 16, 64, 1024, 36591746972385280, 8519680, 8350.76, 4.38184e+06, 1.07385e+10, 17180918084, 4296017084, 1.09543 
268435456, 134144, 131, 16, 64, 1024, 36873221949095936, 8585216, 8355.61, 4.41299e+06, 1.07385e+10, 17180917908, 4296017080, 1.09543 
268435456, 135168, 132, 16, 64, 1024, 37154696925806592, 8650752, 8350.8, 4.44924e+06, 1.07385e+10, 17180917880, 4296017056, 1.09543 
268435456, 136192, 133, 16, 64, 1024, 37436171902517248, 8716288, 8348.03, 4.48443e+06, 1.07385e+10, 17180917896, 4296017084, 1.09543 
268435456, 137216, 134, 16, 64, 1024, 37717646879227904, 8781824, 8356.14, 4.51376e+06, 1.07385e+10, 17180917912, 4296017064, 1.09543 
268435456, 138240, 135, 16, 64, 1024, 37999121855938560, 8847360, 8344.08, 4.55402e+06, 1.07385e+10, 17180917980, 4296017048, 1.09543 
268435456, 139264, 136, 16, 64, 1024, 38280596832649216, 8912896, 8361.34, 4.57829e+06, 1.07385e+10, 17180918040, 4296017060, 1.09543 
268435456, 140288, 137, 16, 64, 1024, 38562071809359872, 8978432, 8351.57, 4.61735e+06, 1.07385e+10, 17180918020, 4296016980, 1.09543 
268435456, 141312, 138, 16, 64, 1024, 38843546786070528, 9043968, 8368.24, 4.64178e+06, 1.07385e+10, 17180917884, 4296016976, 1.09543 
268435456, 142336, 139, 16, 64, 1024, 39125021762781184, 9109504, 8358.61, 4.68081e+06, 1.07385e+10, 17180917972, 4296017052, 1.09543 
268435456, 143360, 140, 16, 64, 1024, 39406496739491840, 9175040, 8367.82, 4.70929e+06, 1.07385e+10, 17180917988, 4296017052, 1.09543 
268435456, 144384, 141, 16, 64, 1024, 39687971716202496, 9240576, 8357.52, 4.74877e+06, 1.07385e+10, 17180917964, 4296017000, 1.09543 
268435456, 145408, 142, 16, 64, 1024, 39969446692913152, 9306112, 8370.54, 4.77502e+06, 1.07385e+10, 17180917908, 4296017020, 1.09543 
268435456, 146432, 143, 16, 64, 1024, 40250921669623808, 9371648, 8358.94, 4.81532e+06, 1.07385e+10, 17180917992, 4296017000, 1.09543 
268435456, 147456, 144, 16, 64, 1024, 40532396646334464, 9437184, 8369.95, 4.84261e+06, 1.07385e+10, 17180917804, 4296017060, 1.09543 
268435456, 148480, 145, 16, 64, 1024, 40813871623045120, 9502720, 8364.78, 4.87925e+06, 1.07385e+10, 17180917900, 4296017052, 1.09543 
268435456, 149504, 146, 16, 64, 1024, 41095346599755776, 9568256, 8373.87, 4.90757e+06, 1.07385e+10, 17180917820, 4296017060, 1.09543 
268435456, 150528, 147, 16, 64, 1024, 41376821576466432, 9633792, 8372.47, 4.94201e+06, 1.07385e+10, 17180917936, 4296017052, 1.09543 
268435456, 151552, 148, 16, 64, 1024, 41658296553177088, 9699328, 8374.87, 4.9742e+06, 1.07385e+10, 17180917916, 4296016968, 1.09543 
268435456, 152576, 149, 16, 64, 1024, 41939771529887744, 9764864, 8372.04, 5.0095e+06, 1.07385e+10, 17180918012, 4296017060, 1.09543 
268435456, 153600, 150, 16, 64, 1024, 42221246506598400, 9830400, 8373.55, 5.04221e+06, 1.07385e+10, 17180918032, 4296017000, 1.09543 
268435456, 154624, 151, 16, 64, 1024, 42502721483309056, 9895936, 8368.88, 5.07866e+06, 1.07385e+10, 17180917880, 4296016996, 1.09543 
268435456, 155648, 152, 16, 64, 1024, 42784196460019712, 9961472, 8377.6, 5.10698e+06, 1.07385e+10, 17180917948, 4296017056, 1.09543 
268435456, 156672, 153, 16, 64, 1024, 43065671436730368, 10027008, 8372.1, 5.14395e+06, 1.07385e+10, 17180918044, 4296017080, 1.09543 
268435456, 157696, 154, 16, 64, 1024, 43347146413441024, 10092544, 8383.2, 5.17072e+06, 1.07385e+10, 17180917868, 4296016988, 1.09543 
268435456, 158720, 155, 16, 64, 1024, 43628621390151680, 10158080, 8379.92, 5.20633e+06, 1.07385e+10, 17180918020, 4296016996, 1.09543 
268435456, 159744, 156, 16, 64, 1024, 43910096366862336, 10223616, 8382.31, 5.23843e+06, 1.07385e+10, 17180917904, 4296016984, 1.09543 
268435456, 160768, 157, 16, 64, 1024, 44191571343572992, 10289152, 8378.94, 5.27412e+06, 1.07385e+10, 17180918008, 4296017044, 1.09543 
268435456, 161792, 158, 16, 64, 1024, 44473046320283648, 10354688, 8381.52, 5.30609e+06, 1.07385e+10, 17180918036, 4296017068, 1.09543 
268435456, 162816, 159, 16, 64, 1024, 44754521296994304, 10420224, 8381.05, 5.33997e+06, 1.07385e+10, 17180917876, 4296017032, 1.09543 
268435456, 163840, 160, 16, 64, 1024, 45035996273704960, 10485760, 8380.97, 5.3736e+06, 1.07385e+10, 17180917956, 4296017052, 1.09543 
268435456, 164864, 161, 16, 64, 1024, 45317471250415616, 10551296, 8384.65, 5.40481e+06, 1.07385e+10, 17180917964, 4296017072, 1.09543 
268435456, 165888, 162, 16, 64, 1024, 45598946227126272, 10616832, 8391.06, 5.43423e+06, 1.07385e+10, 17180918028, 4296017052, 1.09543 
268435456, 166912, 163, 16, 64, 1024, 45880421203836928, 10682368, 8391.44, 5.46753e+06, 1.07385e+10, 17180917960, 4296017000, 1.09543 
268435456, 167936, 164, 16, 64, 1024, 46161896180547584, 10747904, 8386.22, 5.5045e+06, 1.07385e+10, 17180918020, 4296017000, 1.09543 
268435456, 168960, 165, 16, 64, 1024, 46443371157258240, 10813440, 8390.39, 5.5353e+06, 1.07385e+10, 17180918028, 4296017060, 1.09543 
268435456, 169984, 166, 16, 64, 1024, 46724846133968896, 10878976, 8388.14, 5.57035e+06, 1.07385e+10, 17180917912, 4296017048, 1.09543 
268435456, 171008, 167, 16, 64, 1024, 47006321110679552, 10944512, 8387.98, 5.60401e+06, 1.07385e+10, 17180917972, 4296017048, 1.09543 
268435456, 172032, 168, 16, 64, 1024, 47287796087390208, 11010048, 8389.84, 5.63631e+06, 1.07385e+10, 17180917904, 4296016996, 1.09543 
268435456, 173056, 169, 16, 64, 1024, 47569271064100864, 11075584, 8396.86, 5.66513e+06, 1.07385e+10, 17180918012, 4296016992, 1.09543 
268435456, 174080, 170, 16, 64, 1024, 47850746040811520, 11141120, 8397.2, 5.69842e+06, 1.07385e+10, 17180917936, 4296017060, 1.09543 
268435456, 175104, 171, 16, 64, 1024, 48132221017522176, 11206656, 8405.66, 5.72617e+06, 1.07385e+10, 17180917864, 4296017040, 1.09543 
268435456, 176128, 172, 16, 64, 1024, 48413695994232832, 11272192, 8393.49, 5.76801e+06, 1.07385e+10, 17180918040, 4296017064, 1.09543 
268435456, 177152, 173, 16, 64, 1024, 48695170970943488, 11337728, 8406.56, 5.79252e+06, 1.07385e+10, 17180917960, 4296016984, 1.09543 
268435456, 178176, 174, 16, 64, 1024, 48976645947654144, 11403264, 8394.01, 5.83472e+06, 1.07385e+10, 17180917964, 4296016976, 1.09543 
268435456, 179200, 175, 16, 64, 1024, 49258120924364800, 11468800, 8401.39, 5.86309e+06, 1.07385e+10, 17180917976, 4296017068, 1.09543 
268435456, 180224, 176, 16, 64, 1024, 49539595901075456, 11534336, 8398.32, 5.89875e+06, 1.07385e+10, 17180917804, 4296017012, 1.09543 
268435456, 181248, 177, 16, 64, 1024, 49821070877786112, 11599872, 8402.84, 5.92907e+06, 1.07385e+10, 17180917876, 4296017060, 1.09543 
268435456, 182272, 178, 16, 64, 1024, 50102545854496768, 11665408, 8409.31, 5.95798e+06, 1.07385e+10, 17180918104, 4296017048, 1.09543 
268435456, 183296, 179, 16, 64, 1024, 50384020831207424, 11730944, 8407.75, 5.99257e+06, 1.07385e+10, 17180917936, 4296017052, 1.09543 
268435456, 184320, 180, 16, 64, 1024, 50665495807918080, 11796480, 8413.26, 6.0221e+06, 1.07385e+10, 17180917940, 4296017048, 1.09543 
268435456, 185344, 181, 16, 64, 1024, 50946970784628736, 11862016, 8406.67, 6.06031e+06, 1.07385e+10, 17180917992, 4296017000, 1.09543 
268435456, 186368, 182, 16, 64, 1024, 51228445761339392, 11927552, 8412.16, 6.08981e+06, 1.07385e+10, 17180918096, 4296017008, 1.09543 
268435456, 187392, 183, 16, 64, 1024, 51509920738050048, 11993088, 8407.41, 6.12673e+06, 1.07385e+10, 17180918064, 4296016980, 1.09543 
268435456, 188416, 184, 16, 64, 1024, 51791395714760704, 12058624, 8410.53, 6.15792e+06, 1.07385e+10, 17180917952, 4296017040, 1.09543 
268435456, 189440, 185, 16, 64, 1024, 52072870691471360, 12124160, 8415.15, 6.18799e+06, 1.07385e+10, 17180918008, 4296017044, 1.09543 
268435456, 190464, 186, 16, 64, 1024, 52354345668182016, 12189696, 8416.71, 6.22029e+06, 1.07385e+10, 17180918012, 4296017000, 1.09543 
268435456, 191488, 187, 16, 64, 1024, 52635820644892672, 12255232, 8427, 6.2461e+06, 1.07385e+10, 17180917996, 4296017028, 1.09543 
268435456, 192512, 188, 16, 64, 1024, 52917295621603328, 12320768, 8419.76, 6.28489e+06, 1.07385e+10, 17180917960, 4296017044, 1.09543 
268435456, 193536, 189, 16, 64, 1024, 53198770598313984, 12386304, 8421.05, 6.31736e+06, 1.07385e+10, 17180917932, 4296016944, 1.09543 
268435456, 194560, 190, 16, 64, 1024, 53480245575024640, 12451840, 8420.14, 6.35147e+06, 1.07385e+10, 17180917916, 4296017036, 1.09543 
268435456, 195584, 191, 16, 64, 1024, 53761720551735296, 12517376, 8415.99, 6.38804e+06, 1.07385e+10, 17180917896, 4296017048, 1.09543 
268435456, 196608, 192, 16, 64, 1024, 54043195528445952, 12582912, 8421.87, 6.41701e+06, 1.07385e+10, 17180917976, 4296017040, 1.09543 
268435456, 197632, 193, 16, 64, 1024, 54324670505156608, 12648448, 8422.78, 6.44974e+06, 1.07385e+10, 17180917992, 4296016948, 1.09543 
268435456, 198656, 194, 16, 64, 1024, 54606145481867264, 12713984, 8430.1, 6.47752e+06, 1.07385e+10, 17180917968, 4296017080, 1.09543 
268435456, 199680, 195, 16, 64, 1024, 54887620458577920, 12779520, 8431.61, 6.50974e+06, 1.07385e+10, 17180917952, 4296017044, 1.09543 
268435456, 200704, 196, 16, 64, 1024, 55169095435288576, 12845056, 8428.58, 6.54548e+06, 1.07385e+10, 17180917872, 4296017040, 1.09543 
268435456, 201728, 197, 16, 64, 1024, 55450570411999232, 12910592, 8428.62, 6.57884e+06, 1.07385e+10, 17180917924, 4296017056, 1.09543 
268435456, 202752, 198, 16, 64, 1024, 55732045388709888, 12976128, 8428.81, 6.61209e+06, 1.07385e+10, 17180917868, 4296017044, 1.09543 
268435456, 203776, 199, 16, 64, 1024, 56013520365420544, 13041664, 8426.92, 6.64697e+06, 1.07385e+10, 17180918016, 4296017056, 1.09543 
268435456, 204800, 200, 16, 64, 1024, 56294995342131200, 13107200, 8430.26, 6.67773e+06, 1.07385e+10, 17180917964, 4296017048, 1.09543 
268435456, 205824, 201, 16, 64, 1024, 56576470318841856, 13172736, 8434.85, 6.70747e+06, 1.07385e+10, 17180918020, 4296016996, 1.09543 
268435456, 206848, 202, 16, 64, 1024, 56857945295552512, 13238272, 8440.42, 6.73639e+06, 1.07385e+10, 17180917888, 4296017016, 1.09543 
268435456, 207872, 203, 16, 64, 1024, 57139420272263168, 13303808, 8443.33, 6.7674e+06, 1.07385e+10, 17180918032, 4296017064, 1.09543 
268435456, 208896, 204, 16, 64, 1024, 57420895248973824, 13369344, 8436.42, 6.80631e+06, 1.07385e+10, 17180918020, 4296017036, 1.09543 
268435456, 209920, 205, 16, 64, 1024, 57702370225684480, 13434880, 8438.72, 6.83781e+06, 1.07385e+10, 17180917984, 4296016984, 1.09543 
268435456, 210944, 206, 16, 64, 1024, 57983845202395136, 13500416, 8440.07, 6.87006e+06, 1.07385e+10, 17180917920, 4296016988, 1.09543 
268435456, 211968, 207, 16, 64, 1024, 58265320179105792, 13565952, 8434.93, 6.90763e+06, 1.07385e+10, 17180918044, 4296017048, 1.09543 
268435456, 212992, 208, 16, 64, 1024, 58546795155816448, 13631488, 8440.29, 6.93659e+06, 1.07385e+10, 17180917852, 4296017060, 1.09543 
268435456, 214016, 209, 16, 64, 1024, 58828270132527104, 13697024, 8445.92, 6.96529e+06, 1.07385e+10, 17180917884, 4296017048, 1.09543 
268435456, 215040, 210, 16, 64, 1024, 59109745109237760, 13762560, 8445.16, 6.99925e+06, 1.07385e+10, 17180917748, 4296017028, 1.09543 
268435456, 216064, 211, 16, 64, 1024, 59391220085948416, 13828096, 8448.81, 7.02953e+06, 1.07385e+10, 17180917984, 4296016976, 1.09543 
268435456, 217088, 212, 16, 64, 1024, 59672695062659072, 13893632, 8449.76, 7.06206e+06, 1.07385e+10, 17180917952, 4296017028, 1.09543 
268435456, 218112, 213, 16, 64, 1024, 59954170039369728, 13959168, 8445.44, 7.099e+06, 1.07385e+10, 17180918028, 4296017048, 1.09543 
268435456, 219136, 214, 16, 64, 1024, 60235645016080384, 14024704, 8449.61, 7.12881e+06, 1.07385e+10, 17180917956, 4296016980, 1.09543 
268435456, 220160, 215, 16, 64, 1024, 60517119992791040, 14090240, 8447.58, 7.16384e+06, 1.07385e+10, 17180917952, 4296017040, 1.09543 
268435456, 221184, 216, 16, 64, 1024, 60798594969501696, 14155776, 8448.82, 7.1961e+06, 1.07385e+10, 17180917900, 4296017040, 1.09543 
268435456, 222208, 217, 16, 64, 1024, 61080069946212352, 14221312, 8453.14, 7.22573e+06, 1.07385e+10, 17180917952, 4296017052, 1.09543 
268435456, 223232, 218, 16, 64, 1024, 61361544922923008, 14286848, 8459.45, 7.25361e+06, 1.07385e+10, 17180917968, 4296016904, 1.09543 
268435456, 224256, 219, 16, 64, 1024, 61643019899633664, 14352384, 8458.05, 7.28809e+06, 1.07385e+10, 17180918020, 4296017000, 1.09543 
268435456, 225280, 220, 16, 64, 1024, 61924494876344320, 14417920, 8458.19, 7.32125e+06, 1.07385e+10, 17180917876, 4296017076, 1.09543 
268435456, 226304, 221, 16, 64, 1024, 62205969853054976, 14483456, 8459.79, 7.35313e+06, 1.07385e+10, 17180918012, 4296017064, 1.09543 
268435456, 227328, 222, 16, 64, 1024, 62487444829765632, 14548992, 8456.68, 7.38912e+06, 1.07385e+10, 17180917976, 4296017048, 1.09543 
268435456, 228352, 223, 16, 64, 1024, 62768919806476288, 14614528, 8453.43, 7.42526e+06, 1.07385e+10, 17180917876, 4296017060, 1.09543 
268435456, 229376, 224, 16, 64, 1024, 63050394783186944, 14680064, 8464.07, 7.44918e+06, 1.07385e+10, 17180917972, 4296017056, 1.09543 
268435456, 230400, 225, 16, 64, 1024, 63331869759897600, 14745600, 8467.42, 7.47947e+06, 1.07385e+10, 17180917960, 4296017020, 1.09543 
268435456, 231424, 226, 16, 64, 1024, 63613344736608256, 14811136, 8468.32, 7.51192e+06, 1.07385e+10, 17180918028, 4296016996, 1.09543 
268435456, 232448, 227, 16, 64, 1024, 63894819713318912, 14876672, 8470.9, 7.54286e+06, 1.07385e+10, 17180917944, 4296017000, 1.09543 
268435456, 233472, 228, 16, 64, 1024, 64176294690029568, 14942208, 8470.28, 7.57665e+06, 1.07385e+10, 17180917924, 4296016980, 1.09543 
268435456, 234496, 229, 16, 64, 1024, 64457769666740224, 15007744, 8469.99, 7.61014e+06, 1.07385e+10, 17180918052, 4296016972, 1.09543 
268435456, 235520, 230, 16, 64, 1024, 64739244643450880, 15073280, 8470.48, 7.64292e+06, 1.07385e+10, 17180917896, 4296017016, 1.09543 
268435456, 236544, 231, 16, 64, 1024, 65020719620161536, 15138816, 8472.63, 7.67421e+06, 1.07385e+10, 17180918008, 4296016996, 1.09543 
268435456, 237568, 232, 16, 64, 1024, 65302194596872192, 15204352, 8470.79, 7.7091e+06, 1.07385e+10, 17180917900, 4296016984, 1.09543 
268435456, 238592, 233, 16, 64, 1024, 65583669573582848, 15269888, 8476.82, 7.73682e+06, 1.07385e+10, 17180918000, 4296016984, 1.09543 
268435456, 239616, 234, 16, 64, 1024, 65865144550293504, 15335424, 8483.52, 7.76389e+06, 1.07385e+10, 17180917956, 4296017060, 1.09543 
268435456, 240640, 235, 16, 64, 1024, 66146619527004160, 15400960, 8485.05, 7.79567e+06, 1.07385e+10, 17180917920, 4296017020, 1.09543 
268435456, 241664, 236, 16, 64, 1024, 66428094503714816, 15466496, 8482.36, 7.83132e+06, 1.07385e+10, 17180917996, 4296017040, 1.09543 
268435456, 242688, 237, 16, 64, 1024, 66709569480425472, 15532032, 8483.19, 7.86374e+06, 1.07385e+10, 17180918012, 4296017000, 1.09543 
268435456, 243712, 238, 16, 64, 1024, 66991044457136128, 15597568, 8482.38, 7.89767e+06, 1.07385e+10, 17180917972, 4296017048, 1.09543 
268435456, 244736, 239, 16, 64, 1024, 67272519433846784, 15663104, 8483.91, 7.92942e+06, 1.07385e+10, 17180917980, 4296016968, 1.09543 
268435456, 245760, 240, 16, 64, 1024, 67553994410557440, 15728640, 8482.1, 7.9643e+06, 1.07385e+10, 17180917884, 4296016988, 1.09543 
268435456, 246784, 241, 16, 64, 1024, 67835469387268096, 15794176, 8488.93, 7.99105e+06, 1.07385e+10, 17180917872, 4296016976, 1.09543 
268435456, 247808, 242, 16, 64, 1024, 68116944363978752, 15859712, 8493.17, 8.0202e+06, 1.07385e+10, 17180918092, 4296017048, 1.09543 
268435456, 248832, 243, 16, 64, 1024, 68398419340689408, 15925248, 8497.6, 8.04914e+06, 1.07385e+10, 17180917948, 4296017036, 1.09543 
268435456, 249856, 244, 16, 64, 1024, 68679894317400064, 15990784, 8498.05, 8.08184e+06, 1.07385e+10, 17180917944, 4296017052, 1.09543 
268435456, 250880, 245, 16, 64, 1024, 68961369294110720, 16056320, 8494.11, 8.11872e+06, 1.07385e+10, 17180918016, 4296017032, 1.09543 
268435456, 251904, 246, 16, 64, 1024, 69242844270821376, 16121856, 8493.88, 8.15209e+06, 1.07385e+10, 17180918040, 4296016992, 1.09543 
268435456, 252928, 247, 16, 64, 1024, 69524319247532032, 16187392, 8494.07, 8.18505e+06, 1.07385e+10, 17180918008, 4296017056, 1.09543 
268435456, 253952, 248, 16, 64, 1024, 69805794224242688, 16252928, 8494.76, 8.21751e+06, 1.07385e+10, 17180918008, 4296017044, 1.09543 
268435456, 254976, 249, 16, 64, 1024, 70087269200953344, 16318464, 8500.5, 8.24508e+06, 1.07385e+10, 17180918032, 4296016964, 1.09543 
268435456, 256000, 250, 16, 64, 1024, 70368744177664000, 16384000, 8503.62, 8.27515e+06, 1.07385e+10, 17180917968, 4296016992, 1.09543 
268435456, 257024, 251, 16, 64, 1024, 70650219154374656, 16449536, 8501.2, 8.31061e+06, 1.07385e+10, 17180917948, 4296017068, 1.09543 
268435456, 258048, 252, 16, 64, 1024, 70931694131085312, 16515072, 8507.41, 8.33763e+06, 1.07385e+10, 17180917872, 4296017060, 1.09543 
268435456, 259072, 253, 16, 64, 1024, 71213169107795968, 16580608, 8505.28, 8.37282e+06, 1.07385e+10, 17180917916, 4296017048, 1.09543 
268435456, 260096, 254, 16, 64, 1024, 71494644084506624, 16646144, 8505.79, 8.40541e+06, 1.07385e+10, 17180917860, 4296016980, 1.09543 
268435456, 261120, 255, 16, 64, 1024, 71776119061217280, 16711680, 8504.78, 8.4395e+06, 1.07385e+10, 17180917876, 4296017016, 1.09543 
268435456, 262144, 256, 16, 64, 1024, 72057594037927936, 16777216, 8502.35, 8.47502e+06, 1.07385e+10, 17180918632, 4296017324, 1.09543 
268435456, 263168, 257, 16, 64, 1024, 72339069014638592, 16842752, 8510.46, 8.50002e+06, 1.07385e+10, 17180919040, 4296017180, 1.09543 
268435456, 264192, 258, 16, 64, 1024, 72620543991349248, 16908288, 8519.97, 8.52357e+06, 1.07385e+10, 17180919080, 4296017080, 1.09543 
268435456, 265216, 259, 16, 64, 1024, 72902018968059904, 16973824, 8517.86, 8.55872e+06, 1.07385e+10, 17180918648, 4296017168, 1.09543 
268435456, 266240, 260, 16, 64, 1024, 73183493944770560, 17039360, 8515.91, 8.59374e+06, 1.07385e+10, 17180918388, 4296017060, 1.09543 
268435456, 267264, 261, 16, 64, 1024, 73464968921481216, 17104896, 8515.07, 8.62764e+06, 1.07385e+10, 17180919108, 4296017072, 1.09543 
268435456, 268288, 262, 16, 64, 1024, 73746443898191872, 17170432, 8515.09, 8.66068e+06, 1.07385e+10, 17180918664, 4296017152, 1.09543 
268435456, 269312, 263, 16, 64, 1024, 74027918874902528, 17235968, 8517.38, 8.6914e+06, 1.07385e+10, 17180918624, 4296017124, 1.09543 
268435456, 270336, 264, 16, 64, 1024, 74309393851613184, 17301504, 8516.86, 8.72497e+06, 1.07385e+10, 17180918628, 4296017228, 1.09543 
268435456, 271360, 265, 16, 64, 1024, 74590868828323840, 17367040, 8522.45, 8.75228e+06, 1.07385e+10, 17180918540, 4296017272, 1.09543 
268435456, 272384, 266, 16, 64, 1024, 74872343805034496, 17432576, 8526.78, 8.78085e+06, 1.07385e+10, 17180918680, 4296017232, 1.09543 
268435456, 273408, 267, 16, 64, 1024, 75153818781745152, 17498112, 8525.9, 8.81477e+06, 1.07385e+10, 17180918700, 4296017160, 1.09543 
268435456, 274432, 268, 16, 64, 1024, 75435293758455808, 17563648, 8528.07, 8.84553e+06, 1.07385e+10, 17180918656, 4296017220, 1.09543 
268435456, 275456, 269, 16, 64, 1024, 75716768735166464, 17629184, 8529.87, 8.87666e+06, 1.07385e+10, 17180919116, 4296017224, 1.09543 
268435456, 276480, 270, 16, 64, 1024, 75998243711877120, 17694720, 8535.78, 8.90349e+06, 1.07385e+10, 17180919156, 4296017280, 1.09543 
268435456, 277504, 271, 16, 64, 1024, 76279718688587776, 17760256, 8527.52, 8.94512e+06, 1.07385e+10, 17180918412, 4296017244, 1.09543 
268435456, 278528, 272, 16, 64, 1024, 76561193665298432, 17825792, 8526.29, 8.97943e+06, 1.07385e+10, 17180918680, 4296017172, 1.09543 
268435456, 279552, 273, 16, 64, 1024, 76842668642009088, 17891328, 8530.44, 9.00805e+06, 1.07385e+10, 17180918732, 4296017132, 1.09543 
268435456, 280576, 274, 16, 64, 1024, 77124143618719744, 17956864, 8534.91, 9.03632e+06, 1.07385e+10, 17180918408, 4296017252, 1.09543 
268435456, 281600, 275, 16, 64, 1024, 77405618595430400, 18022400, 8538.28, 9.06572e+06, 1.07385e+10, 17180918620, 4296017096, 1.09543 
268435456, 282624, 276, 16, 64, 1024, 77687093572141056, 18087936, 8539.34, 9.09755e+06, 1.07385e+10, 17180918352, 4296017116, 1.09543 
268435456, 283648, 277, 16, 64, 1024, 77968568548851712, 18153472, 8538.85, 9.13104e+06, 1.07385e+10, 17180919048, 4296017132, 1.09543 
268435456, 284672, 278, 16, 64, 1024, 78250043525562368, 18219008, 8536.48, 9.16655e+06, 1.07385e+10, 17180918696, 4296017140, 1.09543 
268435456, 285696, 279, 16, 64, 1024, 78531518502273024, 18284544, 8536.26, 9.19976e+06, 1.07385e+10, 17180918704, 4296017240, 1.09543 
268435456, 286720, 280, 16, 64, 1024, 78812993478983680, 18350080, 8536.7, 9.23226e+06, 1.07385e+10, 17180919128, 4296017060, 1.09543 
268435456, 287744, 281, 16, 64, 1024, 79094468455694336, 18415616, 8542.69, 9.25873e+06, 1.07385e+10, 17180918660, 4296017144, 1.09543 
268435456, 288768, 282, 16, 64, 1024, 79375943432404992, 18481152, 8547.55, 9.28639e+06, 1.07385e+10, 17180918644, 4296017144, 1.09543 
268435456, 289792, 283, 16, 64, 1024, 79657418409115648, 18546688, 8547.27, 9.31963e+06, 1.07385e+10, 17180918704, 4296017080, 1.09543 
268435456, 290816, 284, 16, 64, 1024, 79938893385826304, 18612224, 8547.92, 9.35185e+06, 1.07385e+10, 17180918388, 4296017044, 1.09543 
268435456, 291840, 285, 16, 64, 1024, 80220368362536960, 18677760, 8547.92, 9.38478e+06, 1.07385e+10, 17180918680, 4296017152, 1.09543 
268435456, 292864, 286, 16, 64, 1024, 80501843339247616, 18743296, 8547.57, 9.4181e+06, 1.07385e+10, 17180918580, 4296017020, 1.09543 
268435456, 293888, 287, 16, 64, 1024, 80783318315958272, 18808832, 8546.82, 9.45185e+06, 1.07385e+10, 17180918356, 4296017064, 1.09543 
268435456, 294912, 288, 16, 64, 1024, 81064793292668928, 18874368, 8546.43, 9.48522e+06, 1.07385e+10, 17180918628, 4296017108, 1.09543 
268435456, 295936, 289, 16, 64, 1024, 81346268269379584, 18939904, 8552.58, 9.51131e+06, 1.07385e+10, 17180918692, 4296017068, 1.09543 
268435456, 296960, 290, 16, 64, 1024, 81627743246090240, 19005440, 8558.42, 9.53771e+06, 1.07385e+10, 17180918952, 4296017300, 1.09543 
268435456, 297984, 291, 16, 64, 1024, 81909218222800896, 19070976, 8557.22, 9.57194e+06, 1.07385e+10, 17180918616, 4296017064, 1.09543 
268435456, 299008, 292, 16, 64, 1024, 82190693199511552, 19136512, 8556.42, 9.60574e+06, 1.07385e+10, 17180918544, 4296017188, 1.09543 
268435456, 300032, 293, 16, 64, 1024, 82472168176222208, 19202048, 8555.73, 9.63941e+06, 1.07385e+10, 17180918360, 4296017168, 1.09543 
268435456, 301056, 294, 16, 64, 1024, 82753643152932864, 19267584, 8555.39, 9.67269e+06, 1.07385e+10, 17180918600, 4296017056, 1.09543 
268435456, 302080, 295, 16, 64, 1024, 83035118129643520, 19333120, 8555.41, 9.70557e+06, 1.07385e+10, 17180918936, 4296017216, 1.09543 
268435456, 303104, 296, 16, 64, 1024, 83316593106354176, 19398656, 8556.29, 9.73747e+06, 1.07385e+10, 17180918352, 4296017144, 1.09543 
268435456, 304128, 297, 16, 64, 1024, 83598068083064832, 19464192, 8561.8, 9.76408e+06, 1.07385e+10, 17180919060, 4296017108, 1.09543 
268435456, 305152, 298, 16, 64, 1024, 83879543059775488, 19529728, 8568.15, 9.78969e+06, 1.07385e+10, 17180918656, 4296017076, 1.09543 
268435456, 306176, 299, 16, 64, 1024, 84161018036486144, 19595264, 8568.02, 9.82269e+06, 1.07385e+10, 17180919148, 4296017176, 1.09543 
268435456, 307200, 300, 16, 64, 1024, 84442493013196800, 19660800, 8567.79, 9.85581e+06, 1.07385e+10, 17180919088, 4296017212, 1.09543 
268435456, 308224, 301, 16, 64, 1024, 84723967989907456, 19726336, 8568.36, 9.88801e+06, 1.07385e+10, 17180919240, 4296017136, 1.09543 
268435456, 309248, 302, 16, 64, 1024, 85005442966618112, 19791872, 8569.44, 9.9196e+06, 1.07385e+10, 17180919060, 4296017292, 1.09543 
268435456, 310272, 303, 16, 64, 1024, 85286917943328768, 19857408, 8569.08, 9.95287e+06, 1.07385e+10, 17180918720, 4296017240, 1.09543 
268435456, 311296, 304, 16, 64, 1024, 85568392920039424, 19922944, 8569.9, 9.98475e+06, 1.07385e+10, 17180919124, 4296017276, 1.09543 
