[INFO] GPU Roofline Tools 
[INFO] Version 1.0.0 (C)2024 Bagus Hanindhito 
[INFO] Built for AMD Instinct MI300X (gfx942) GPUs
[INFO] Detected 8 HIP-capable device(s)
[INFO] +---+------------------------+----+----+-----------+--------------+--------------+
[INFO] |#  |Device Name             |CC  |#CU |Freq. (MHz)|Mem. Size (MB)|Mem. BW (GB/s)|
[INFO] +---+------------------------+----+----+-----------+--------------+--------------+
[INFO] |0  |AMD Instinct MI300X     |9.4 |304 |2100       |196592        |2662.4        |
[INFO] +---+------------------------+----+----+-----------+--------------+--------------+
[INFO] |1  |AMD Instinct MI300X     |9.4 |304 |2100       |196592        |2662.4        |
[INFO] +---+------------------------+----+----+-----------+--------------+--------------+
[INFO] |2  |AMD Instinct MI300X     |9.4 |304 |2100       |196592        |2662.4        |
[INFO] +---+------------------------+----+----+-----------+--------------+--------------+
[INFO] |3  |AMD Instinct MI300X     |9.4 |304 |2100       |196592        |2662.4        |
[INFO] +---+------------------------+----+----+-----------+--------------+--------------+
[INFO] |4  |AMD Instinct MI300X     |9.4 |304 |2100       |196592        |2662.4        |
[INFO] +---+------------------------+----+----+-----------+--------------+--------------+
[INFO] |5  |AMD Instinct MI300X     |9.4 |304 |2100       |196592        |2662.4        |
[INFO] +---+------------------------+----+----+-----------+--------------+--------------+
[INFO] |6  |AMD Instinct MI300X     |9.4 |304 |2100       |196592        |2662.4        |
[INFO] +---+------------------------+----+----+-----------+--------------+--------------+
[INFO] |7  |AMD Instinct MI300X     |9.4 |304 |2100       |196592        |2662.4        |
[INFO] +---+------------------------+----+----+-----------+--------------+--------------+
[WARN] This program does not currently support Multi-GPU run.
[INFO] Set default GPU to GPU index 0
[INFO] (1743291206) Running with 16 wavefront(s) per workgroup and 1 workgroup(s)
[INFO] (1743291214) Running with 16 wavefront(s) per workgroup and 2 workgroup(s)
[INFO] (1743291223) Running with 16 wavefront(s) per workgroup and 3 workgroup(s)
[INFO] (1743291231) Running with 16 wavefront(s) per workgroup and 4 workgroup(s)
[INFO] (1743291239) Running with 16 wavefront(s) per workgroup and 5 workgroup(s)
[INFO] (1743291247) Running with 16 wavefront(s) per workgroup and 6 workgroup(s)
[INFO] (1743291256) Running with 16 wavefront(s) per workgroup and 7 workgroup(s)
[INFO] (1743291264) Running with 16 wavefront(s) per workgroup and 8 workgroup(s)
[INFO] (1743291272) Running with 16 wavefront(s) per workgroup and 9 workgroup(s)
[INFO] (1743291280) Running with 16 wavefront(s) per workgroup and 10 workgroup(s)
[INFO] (1743291289) Running with 16 wavefront(s) per workgroup and 11 workgroup(s)
[INFO] (1743291297) Running with 16 wavefront(s) per workgroup and 12 workgroup(s)
[INFO] (1743291305) Running with 16 wavefront(s) per workgroup and 13 workgroup(s)
[INFO] (1743291313) Running with 16 wavefront(s) per workgroup and 14 workgroup(s)
[INFO] (1743291321) Running with 16 wavefront(s) per workgroup and 15 workgroup(s)
[INFO] (1743291330) Running with 16 wavefront(s) per workgroup and 16 workgroup(s)
[INFO] (1743291338) Running with 16 wavefront(s) per workgroup and 17 workgroup(s)
[INFO] (1743291346) Running with 16 wavefront(s) per workgroup and 18 workgroup(s)
[INFO] (1743291354) Running with 16 wavefront(s) per workgroup and 19 workgroup(s)
[INFO] (1743291363) Running with 16 wavefront(s) per workgroup and 20 workgroup(s)
[INFO] (1743291371) Running with 16 wavefront(s) per workgroup and 21 workgroup(s)
[INFO] (1743291379) Running with 16 wavefront(s) per workgroup and 22 workgroup(s)
[INFO] (1743291387) Running with 16 wavefront(s) per workgroup and 23 workgroup(s)
[INFO] (1743291396) Running with 16 wavefront(s) per workgroup and 24 workgroup(s)
[INFO] (1743291404) Running with 16 wavefront(s) per workgroup and 25 workgroup(s)
[INFO] (1743291412) Running with 16 wavefront(s) per workgroup and 26 workgroup(s)
[INFO] (1743291420) Running with 16 wavefront(s) per workgroup and 27 workgroup(s)
[INFO] (1743291429) Running with 16 wavefront(s) per workgroup and 28 workgroup(s)
[INFO] (1743291437) Running with 16 wavefront(s) per workgroup and 29 workgroup(s)
[INFO] (1743291445) Running with 16 wavefront(s) per workgroup and 30 workgroup(s)
[INFO] (1743291453) Running with 16 wavefront(s) per workgroup and 31 workgroup(s)
[INFO] (1743291462) Running with 16 wavefront(s) per workgroup and 32 workgroup(s)
[INFO] (1743291470) Running with 16 wavefront(s) per workgroup and 33 workgroup(s)
[INFO] (1743291478) Running with 16 wavefront(s) per workgroup and 34 workgroup(s)
[INFO] (1743291486) Running with 16 wavefront(s) per workgroup and 35 workgroup(s)
[INFO] (1743291495) Running with 16 wavefront(s) per workgroup and 36 workgroup(s)
[INFO] (1743291503) Running with 16 wavefront(s) per workgroup and 37 workgroup(s)
[INFO] (1743291511) Running with 16 wavefront(s) per workgroup and 38 workgroup(s)
[INFO] (1743291519) Running with 16 wavefront(s) per workgroup and 39 workgroup(s)
[INFO] (1743291528) Running with 16 wavefront(s) per workgroup and 40 workgroup(s)
[INFO] (1743291536) Running with 16 wavefront(s) per workgroup and 41 workgroup(s)
[INFO] (1743291544) Running with 16 wavefront(s) per workgroup and 42 workgroup(s)
[INFO] (1743291553) Running with 16 wavefront(s) per workgroup and 43 workgroup(s)
[INFO] (1743291561) Running with 16 wavefront(s) per workgroup and 44 workgroup(s)
[INFO] (1743291569) Running with 16 wavefront(s) per workgroup and 45 workgroup(s)
[INFO] (1743291577) Running with 16 wavefront(s) per workgroup and 46 workgroup(s)
[INFO] (1743291586) Running with 16 wavefront(s) per workgroup and 47 workgroup(s)
[INFO] (1743291594) Running with 16 wavefront(s) per workgroup and 48 workgroup(s)
[INFO] (1743291602) Running with 16 wavefront(s) per workgroup and 49 workgroup(s)
[INFO] (1743291610) Running with 16 wavefront(s) per workgroup and 50 workgroup(s)
[INFO] (1743291619) Running with 16 wavefront(s) per workgroup and 51 workgroup(s)
[INFO] (1743291627) Running with 16 wavefront(s) per workgroup and 52 workgroup(s)
[INFO] (1743291635) Running with 16 wavefront(s) per workgroup and 53 workgroup(s)
[INFO] (1743291643) Running with 16 wavefront(s) per workgroup and 54 workgroup(s)
[INFO] (1743291652) Running with 16 wavefront(s) per workgroup and 55 workgroup(s)
[INFO] (1743291660) Running with 16 wavefront(s) per workgroup and 56 workgroup(s)
[INFO] (1743291668) Running with 16 wavefront(s) per workgroup and 57 workgroup(s)
[INFO] (1743291677) Running with 16 wavefront(s) per workgroup and 58 workgroup(s)
[INFO] (1743291685) Running with 16 wavefront(s) per workgroup and 59 workgroup(s)
[INFO] (1743291693) Running with 16 wavefront(s) per workgroup and 60 workgroup(s)
[INFO] (1743291701) Running with 16 wavefront(s) per workgroup and 61 workgroup(s)
[INFO] (1743291710) Running with 16 wavefront(s) per workgroup and 62 workgroup(s)
[INFO] (1743291718) Running with 16 wavefront(s) per workgroup and 63 workgroup(s)
[INFO] (1743291726) Running with 16 wavefront(s) per workgroup and 64 workgroup(s)
[INFO] (1743291735) Running with 16 wavefront(s) per workgroup and 65 workgroup(s)
[INFO] (1743291743) Running with 16 wavefront(s) per workgroup and 66 workgroup(s)
[INFO] (1743291751) Running with 16 wavefront(s) per workgroup and 67 workgroup(s)
[INFO] (1743291759) Running with 16 wavefront(s) per workgroup and 68 workgroup(s)
[INFO] (1743291768) Running with 16 wavefront(s) per workgroup and 69 workgroup(s)
[INFO] (1743291776) Running with 16 wavefront(s) per workgroup and 70 workgroup(s)
[INFO] (1743291784) Running with 16 wavefront(s) per workgroup and 71 workgroup(s)
[INFO] (1743291793) Running with 16 wavefront(s) per workgroup and 72 workgroup(s)
[INFO] (1743291801) Running with 16 wavefront(s) per workgroup and 73 workgroup(s)
[INFO] (1743291809) Running with 16 wavefront(s) per workgroup and 74 workgroup(s)
[INFO] (1743291817) Running with 16 wavefront(s) per workgroup and 75 workgroup(s)
[INFO] (1743291826) Running with 16 wavefront(s) per workgroup and 76 workgroup(s)
[INFO] (1743291834) Running with 16 wavefront(s) per workgroup and 77 workgroup(s)
[INFO] (1743291842) Running with 16 wavefront(s) per workgroup and 78 workgroup(s)
[INFO] (1743291851) Running with 16 wavefront(s) per workgroup and 79 workgroup(s)
[INFO] (1743291859) Running with 16 wavefront(s) per workgroup and 80 workgroup(s)
[INFO] (1743291867) Running with 16 wavefront(s) per workgroup and 81 workgroup(s)
[INFO] (1743291876) Running with 16 wavefront(s) per workgroup and 82 workgroup(s)
[INFO] (1743291884) Running with 16 wavefront(s) per workgroup and 83 workgroup(s)
[INFO] (1743291892) Running with 16 wavefront(s) per workgroup and 84 workgroup(s)
[INFO] (1743291900) Running with 16 wavefront(s) per workgroup and 85 workgroup(s)
[INFO] (1743291909) Running with 16 wavefront(s) per workgroup and 86 workgroup(s)
[INFO] (1743291917) Running with 16 wavefront(s) per workgroup and 87 workgroup(s)
[INFO] (1743291925) Running with 16 wavefront(s) per workgroup and 88 workgroup(s)
[INFO] (1743291934) Running with 16 wavefront(s) per workgroup and 89 workgroup(s)
[INFO] (1743291942) Running with 16 wavefront(s) per workgroup and 90 workgroup(s)
[INFO] (1743291950) Running with 16 wavefront(s) per workgroup and 91 workgroup(s)
[INFO] (1743291959) Running with 16 wavefront(s) per workgroup and 92 workgroup(s)
[INFO] (1743291967) Running with 16 wavefront(s) per workgroup and 93 workgroup(s)
[INFO] (1743291975) Running with 16 wavefront(s) per workgroup and 94 workgroup(s)
[INFO] (1743291984) Running with 16 wavefront(s) per workgroup and 95 workgroup(s)
[INFO] (1743291992) Running with 16 wavefront(s) per workgroup and 96 workgroup(s)
[INFO] (1743292000) Running with 16 wavefront(s) per workgroup and 97 workgroup(s)
[INFO] (1743292009) Running with 16 wavefront(s) per workgroup and 98 workgroup(s)
[INFO] (1743292017) Running with 16 wavefront(s) per workgroup and 99 workgroup(s)
[INFO] (1743292025) Running with 16 wavefront(s) per workgroup and 100 workgroup(s)
[INFO] (1743292034) Running with 16 wavefront(s) per workgroup and 101 workgroup(s)
[INFO] (1743292042) Running with 16 wavefront(s) per workgroup and 102 workgroup(s)
[INFO] (1743292050) Running with 16 wavefront(s) per workgroup and 103 workgroup(s)
[INFO] (1743292059) Running with 16 wavefront(s) per workgroup and 104 workgroup(s)
[INFO] (1743292067) Running with 16 wavefront(s) per workgroup and 105 workgroup(s)
[INFO] (1743292075) Running with 16 wavefront(s) per workgroup and 106 workgroup(s)
[INFO] (1743292084) Running with 16 wavefront(s) per workgroup and 107 workgroup(s)
[INFO] (1743292092) Running with 16 wavefront(s) per workgroup and 108 workgroup(s)
[INFO] (1743292100) Running with 16 wavefront(s) per workgroup and 109 workgroup(s)
[INFO] (1743292109) Running with 16 wavefront(s) per workgroup and 110 workgroup(s)
[INFO] (1743292117) Running with 16 wavefront(s) per workgroup and 111 workgroup(s)
[INFO] (1743292125) Running with 16 wavefront(s) per workgroup and 112 workgroup(s)
[INFO] (1743292134) Running with 16 wavefront(s) per workgroup and 113 workgroup(s)
[INFO] (1743292142) Running with 16 wavefront(s) per workgroup and 114 workgroup(s)
[INFO] (1743292150) Running with 16 wavefront(s) per workgroup and 115 workgroup(s)
[INFO] (1743292159) Running with 16 wavefront(s) per workgroup and 116 workgroup(s)
[INFO] (1743292167) Running with 16 wavefront(s) per workgroup and 117 workgroup(s)
[INFO] (1743292175) Running with 16 wavefront(s) per workgroup and 118 workgroup(s)
[INFO] (1743292184) Running with 16 wavefront(s) per workgroup and 119 workgroup(s)
[INFO] (1743292192) Running with 16 wavefront(s) per workgroup and 120 workgroup(s)
[INFO] (1743292200) Running with 16 wavefront(s) per workgroup and 121 workgroup(s)
[INFO] (1743292209) Running with 16 wavefront(s) per workgroup and 122 workgroup(s)
[INFO] (1743292217) Running with 16 wavefront(s) per workgroup and 123 workgroup(s)
[INFO] (1743292225) Running with 16 wavefront(s) per workgroup and 124 workgroup(s)
[INFO] (1743292234) Running with 16 wavefront(s) per workgroup and 125 workgroup(s)
[INFO] (1743292242) Running with 16 wavefront(s) per workgroup and 126 workgroup(s)
[INFO] (1743292251) Running with 16 wavefront(s) per workgroup and 127 workgroup(s)
[INFO] (1743292259) Running with 16 wavefront(s) per workgroup and 128 workgroup(s)
[INFO] (1743292267) Running with 16 wavefront(s) per workgroup and 129 workgroup(s)
[INFO] (1743292276) Running with 16 wavefront(s) per workgroup and 130 workgroup(s)
[INFO] (1743292284) Running with 16 wavefront(s) per workgroup and 131 workgroup(s)
[INFO] (1743292292) Running with 16 wavefront(s) per workgroup and 132 workgroup(s)
[INFO] (1743292301) Running with 16 wavefront(s) per workgroup and 133 workgroup(s)
[INFO] (1743292309) Running with 16 wavefront(s) per workgroup and 134 workgroup(s)
[INFO] (1743292317) Running with 16 wavefront(s) per workgroup and 135 workgroup(s)
[INFO] (1743292326) Running with 16 wavefront(s) per workgroup and 136 workgroup(s)
[INFO] (1743292334) Running with 16 wavefront(s) per workgroup and 137 workgroup(s)
[INFO] (1743292343) Running with 16 wavefront(s) per workgroup and 138 workgroup(s)
[INFO] (1743292351) Running with 16 wavefront(s) per workgroup and 139 workgroup(s)
[INFO] (1743292359) Running with 16 wavefront(s) per workgroup and 140 workgroup(s)
[INFO] (1743292368) Running with 16 wavefront(s) per workgroup and 141 workgroup(s)
[INFO] (1743292376) Running with 16 wavefront(s) per workgroup and 142 workgroup(s)
[INFO] (1743292384) Running with 16 wavefront(s) per workgroup and 143 workgroup(s)
[INFO] (1743292393) Running with 16 wavefront(s) per workgroup and 144 workgroup(s)
[INFO] (1743292401) Running with 16 wavefront(s) per workgroup and 145 workgroup(s)
[INFO] (1743292410) Running with 16 wavefront(s) per workgroup and 146 workgroup(s)
[INFO] (1743292418) Running with 16 wavefront(s) per workgroup and 147 workgroup(s)
[INFO] (1743292426) Running with 16 wavefront(s) per workgroup and 148 workgroup(s)
[INFO] (1743292435) Running with 16 wavefront(s) per workgroup and 149 workgroup(s)
[INFO] (1743292443) Running with 16 wavefront(s) per workgroup and 150 workgroup(s)
[INFO] (1743292452) Running with 16 wavefront(s) per workgroup and 151 workgroup(s)
[INFO] (1743292460) Running with 16 wavefront(s) per workgroup and 152 workgroup(s)
[INFO] (1743292468) Running with 16 wavefront(s) per workgroup and 153 workgroup(s)
[INFO] (1743292477) Running with 16 wavefront(s) per workgroup and 154 workgroup(s)
[INFO] (1743292485) Running with 16 wavefront(s) per workgroup and 155 workgroup(s)
[INFO] (1743292493) Running with 16 wavefront(s) per workgroup and 156 workgroup(s)
[INFO] (1743292502) Running with 16 wavefront(s) per workgroup and 157 workgroup(s)
[INFO] (1743292510) Running with 16 wavefront(s) per workgroup and 158 workgroup(s)
[INFO] (1743292519) Running with 16 wavefront(s) per workgroup and 159 workgroup(s)
[INFO] (1743292527) Running with 16 wavefront(s) per workgroup and 160 workgroup(s)
[INFO] (1743292535) Running with 16 wavefront(s) per workgroup and 161 workgroup(s)
[INFO] (1743292544) Running with 16 wavefront(s) per workgroup and 162 workgroup(s)
[INFO] (1743292552) Running with 16 wavefront(s) per workgroup and 163 workgroup(s)
[INFO] (1743292561) Running with 16 wavefront(s) per workgroup and 164 workgroup(s)
[INFO] (1743292569) Running with 16 wavefront(s) per workgroup and 165 workgroup(s)
[INFO] (1743292578) Running with 16 wavefront(s) per workgroup and 166 workgroup(s)
[INFO] (1743292586) Running with 16 wavefront(s) per workgroup and 167 workgroup(s)
[INFO] (1743292594) Running with 16 wavefront(s) per workgroup and 168 workgroup(s)
[INFO] (1743292603) Running with 16 wavefront(s) per workgroup and 169 workgroup(s)
[INFO] (1743292611) Running with 16 wavefront(s) per workgroup and 170 workgroup(s)
[INFO] (1743292620) Running with 16 wavefront(s) per workgroup and 171 workgroup(s)
[INFO] (1743292628) Running with 16 wavefront(s) per workgroup and 172 workgroup(s)
[INFO] (1743292636) Running with 16 wavefront(s) per workgroup and 173 workgroup(s)
[INFO] (1743292645) Running with 16 wavefront(s) per workgroup and 174 workgroup(s)
[INFO] (1743292653) Running with 16 wavefront(s) per workgroup and 175 workgroup(s)
[INFO] (1743292662) Running with 16 wavefront(s) per workgroup and 176 workgroup(s)
[INFO] (1743292670) Running with 16 wavefront(s) per workgroup and 177 workgroup(s)
[INFO] (1743292679) Running with 16 wavefront(s) per workgroup and 178 workgroup(s)
[INFO] (1743292687) Running with 16 wavefront(s) per workgroup and 179 workgroup(s)
[INFO] (1743292695) Running with 16 wavefront(s) per workgroup and 180 workgroup(s)
[INFO] (1743292704) Running with 16 wavefront(s) per workgroup and 181 workgroup(s)
[INFO] (1743292712) Running with 16 wavefront(s) per workgroup and 182 workgroup(s)
[INFO] (1743292721) Running with 16 wavefront(s) per workgroup and 183 workgroup(s)
[INFO] (1743292729) Running with 16 wavefront(s) per workgroup and 184 workgroup(s)
[INFO] (1743292738) Running with 16 wavefront(s) per workgroup and 185 workgroup(s)
[INFO] (1743292746) Running with 16 wavefront(s) per workgroup and 186 workgroup(s)
[INFO] (1743292754) Running with 16 wavefront(s) per workgroup and 187 workgroup(s)
[INFO] (1743292763) Running with 16 wavefront(s) per workgroup and 188 workgroup(s)
[INFO] (1743292771) Running with 16 wavefront(s) per workgroup and 189 workgroup(s)
[INFO] (1743292780) Running with 16 wavefront(s) per workgroup and 190 workgroup(s)
[INFO] (1743292788) Running with 16 wavefront(s) per workgroup and 191 workgroup(s)
[INFO] (1743292797) Running with 16 wavefront(s) per workgroup and 192 workgroup(s)
[INFO] (1743292805) Running with 16 wavefront(s) per workgroup and 193 workgroup(s)
[INFO] (1743292814) Running with 16 wavefront(s) per workgroup and 194 workgroup(s)
[INFO] (1743292822) Running with 16 wavefront(s) per workgroup and 195 workgroup(s)
[INFO] (1743292830) Running with 16 wavefront(s) per workgroup and 196 workgroup(s)
[INFO] (1743292839) Running with 16 wavefront(s) per workgroup and 197 workgroup(s)
[INFO] (1743292847) Running with 16 wavefront(s) per workgroup and 198 workgroup(s)
[INFO] (1743292856) Running with 16 wavefront(s) per workgroup and 199 workgroup(s)
[INFO] (1743292864) Running with 16 wavefront(s) per workgroup and 200 workgroup(s)
[INFO] (1743292873) Running with 16 wavefront(s) per workgroup and 201 workgroup(s)
[INFO] (1743292881) Running with 16 wavefront(s) per workgroup and 202 workgroup(s)
[INFO] (1743292890) Running with 16 wavefront(s) per workgroup and 203 workgroup(s)
[INFO] (1743292898) Running with 16 wavefront(s) per workgroup and 204 workgroup(s)
[INFO] (1743292907) Running with 16 wavefront(s) per workgroup and 205 workgroup(s)
[INFO] (1743292915) Running with 16 wavefront(s) per workgroup and 206 workgroup(s)
[INFO] (1743292924) Running with 16 wavefront(s) per workgroup and 207 workgroup(s)
[INFO] (1743292932) Running with 16 wavefront(s) per workgroup and 208 workgroup(s)
[INFO] (1743292940) Running with 16 wavefront(s) per workgroup and 209 workgroup(s)
[INFO] (1743292949) Running with 16 wavefront(s) per workgroup and 210 workgroup(s)
[INFO] (1743292957) Running with 16 wavefront(s) per workgroup and 211 workgroup(s)
[INFO] (1743292966) Running with 16 wavefront(s) per workgroup and 212 workgroup(s)
[INFO] (1743292974) Running with 16 wavefront(s) per workgroup and 213 workgroup(s)
[INFO] (1743292983) Running with 16 wavefront(s) per workgroup and 214 workgroup(s)
[INFO] (1743292991) Running with 16 wavefront(s) per workgroup and 215 workgroup(s)
[INFO] (1743293000) Running with 16 wavefront(s) per workgroup and 216 workgroup(s)
[INFO] (1743293008) Running with 16 wavefront(s) per workgroup and 217 workgroup(s)
[INFO] (1743293017) Running with 16 wavefront(s) per workgroup and 218 workgroup(s)
[INFO] (1743293025) Running with 16 wavefront(s) per workgroup and 219 workgroup(s)
[INFO] (1743293034) Running with 16 wavefront(s) per workgroup and 220 workgroup(s)
[INFO] (1743293042) Running with 16 wavefront(s) per workgroup and 221 workgroup(s)
[INFO] (1743293051) Running with 16 wavefront(s) per workgroup and 222 workgroup(s)
[INFO] (1743293059) Running with 16 wavefront(s) per workgroup and 223 workgroup(s)
[INFO] (1743293068) Running with 16 wavefront(s) per workgroup and 224 workgroup(s)
[INFO] (1743293076) Running with 16 wavefront(s) per workgroup and 225 workgroup(s)
[INFO] (1743293085) Running with 16 wavefront(s) per workgroup and 226 workgroup(s)
[INFO] (1743293093) Running with 16 wavefront(s) per workgroup and 227 workgroup(s)
[INFO] (1743293102) Running with 16 wavefront(s) per workgroup and 228 workgroup(s)
[INFO] (1743293110) Running with 16 wavefront(s) per workgroup and 229 workgroup(s)
[INFO] (1743293119) Running with 16 wavefront(s) per workgroup and 230 workgroup(s)
[INFO] (1743293127) Running with 16 wavefront(s) per workgroup and 231 workgroup(s)
[INFO] (1743293136) Running with 16 wavefront(s) per workgroup and 232 workgroup(s)
[INFO] (1743293144) Running with 16 wavefront(s) per workgroup and 233 workgroup(s)
[INFO] (1743293153) Running with 16 wavefront(s) per workgroup and 234 workgroup(s)
[INFO] (1743293161) Running with 16 wavefront(s) per workgroup and 235 workgroup(s)
[INFO] (1743293170) Running with 16 wavefront(s) per workgroup and 236 workgroup(s)
[INFO] (1743293178) Running with 16 wavefront(s) per workgroup and 237 workgroup(s)
[INFO] (1743293187) Running with 16 wavefront(s) per workgroup and 238 workgroup(s)
[INFO] (1743293195) Running with 16 wavefront(s) per workgroup and 239 workgroup(s)
[INFO] (1743293204) Running with 16 wavefront(s) per workgroup and 240 workgroup(s)
[INFO] (1743293212) Running with 16 wavefront(s) per workgroup and 241 workgroup(s)
[INFO] (1743293221) Running with 16 wavefront(s) per workgroup and 242 workgroup(s)
[INFO] (1743293229) Running with 16 wavefront(s) per workgroup and 243 workgroup(s)
[INFO] (1743293238) Running with 16 wavefront(s) per workgroup and 244 workgroup(s)
[INFO] (1743293246) Running with 16 wavefront(s) per workgroup and 245 workgroup(s)
[INFO] (1743293255) Running with 16 wavefront(s) per workgroup and 246 workgroup(s)
[INFO] (1743293263) Running with 16 wavefront(s) per workgroup and 247 workgroup(s)
[INFO] (1743293272) Running with 16 wavefront(s) per workgroup and 248 workgroup(s)
[INFO] (1743293281) Running with 16 wavefront(s) per workgroup and 249 workgroup(s)
[INFO] (1743293289) Running with 16 wavefront(s) per workgroup and 250 workgroup(s)
[INFO] (1743293298) Running with 16 wavefront(s) per workgroup and 251 workgroup(s)
[INFO] (1743293306) Running with 16 wavefront(s) per workgroup and 252 workgroup(s)
[INFO] (1743293315) Running with 16 wavefront(s) per workgroup and 253 workgroup(s)
[INFO] (1743293323) Running with 16 wavefront(s) per workgroup and 254 workgroup(s)
[INFO] (1743293332) Running with 16 wavefront(s) per workgroup and 255 workgroup(s)
[INFO] (1743293341) Running with 16 wavefront(s) per workgroup and 256 workgroup(s)
[INFO] (1743293349) Running with 16 wavefront(s) per workgroup and 257 workgroup(s)
[INFO] (1743293358) Running with 16 wavefront(s) per workgroup and 258 workgroup(s)
[INFO] (1743293366) Running with 16 wavefront(s) per workgroup and 259 workgroup(s)
[INFO] (1743293375) Running with 16 wavefront(s) per workgroup and 260 workgroup(s)
[INFO] (1743293384) Running with 16 wavefront(s) per workgroup and 261 workgroup(s)
[INFO] (1743293392) Running with 16 wavefront(s) per workgroup and 262 workgroup(s)
[INFO] (1743293401) Running with 16 wavefront(s) per workgroup and 263 workgroup(s)
[INFO] (1743293409) Running with 16 wavefront(s) per workgroup and 264 workgroup(s)
[INFO] (1743293418) Running with 16 wavefront(s) per workgroup and 265 workgroup(s)
[INFO] (1743293427) Running with 16 wavefront(s) per workgroup and 266 workgroup(s)
[INFO] (1743293435) Running with 16 wavefront(s) per workgroup and 267 workgroup(s)
[INFO] (1743293444) Running with 16 wavefront(s) per workgroup and 268 workgroup(s)
[INFO] (1743293453) Running with 16 wavefront(s) per workgroup and 269 workgroup(s)
[INFO] (1743293461) Running with 16 wavefront(s) per workgroup and 270 workgroup(s)
[INFO] (1743293470) Running with 16 wavefront(s) per workgroup and 271 workgroup(s)
[INFO] (1743293479) Running with 16 wavefront(s) per workgroup and 272 workgroup(s)
[INFO] (1743293487) Running with 16 wavefront(s) per workgroup and 273 workgroup(s)
[INFO] (1743293496) Running with 16 wavefront(s) per workgroup and 274 workgroup(s)
[INFO] (1743293505) Running with 16 wavefront(s) per workgroup and 275 workgroup(s)
[INFO] (1743293514) Running with 16 wavefront(s) per workgroup and 276 workgroup(s)
[INFO] (1743293522) Running with 16 wavefront(s) per workgroup and 277 workgroup(s)
[INFO] (1743293531) Running with 16 wavefront(s) per workgroup and 278 workgroup(s)
[INFO] (1743293540) Running with 16 wavefront(s) per workgroup and 279 workgroup(s)
[INFO] (1743293549) Running with 16 wavefront(s) per workgroup and 280 workgroup(s)
[INFO] (1743293558) Running with 16 wavefront(s) per workgroup and 281 workgroup(s)
[INFO] (1743293567) Running with 16 wavefront(s) per workgroup and 282 workgroup(s)
[INFO] (1743293575) Running with 16 wavefront(s) per workgroup and 283 workgroup(s)
[INFO] (1743293584) Running with 16 wavefront(s) per workgroup and 284 workgroup(s)
[INFO] (1743293593) Running with 16 wavefront(s) per workgroup and 285 workgroup(s)
[INFO] (1743293602) Running with 16 wavefront(s) per workgroup and 286 workgroup(s)
[INFO] (1743293611) Running with 16 wavefront(s) per workgroup and 287 workgroup(s)
[INFO] (1743293620) Running with 16 wavefront(s) per workgroup and 288 workgroup(s)
[INFO] (1743293629) Running with 16 wavefront(s) per workgroup and 289 workgroup(s)
[INFO] (1743293638) Running with 16 wavefront(s) per workgroup and 290 workgroup(s)
[INFO] (1743293647) Running with 16 wavefront(s) per workgroup and 291 workgroup(s)
[INFO] (1743293655) Running with 16 wavefront(s) per workgroup and 292 workgroup(s)
[INFO] (1743293664) Running with 16 wavefront(s) per workgroup and 293 workgroup(s)
[INFO] (1743293673) Running with 16 wavefront(s) per workgroup and 294 workgroup(s)
[INFO] (1743293682) Running with 16 wavefront(s) per workgroup and 295 workgroup(s)
[INFO] (1743293691) Running with 16 wavefront(s) per workgroup and 296 workgroup(s)
[INFO] (1743293700) Running with 16 wavefront(s) per workgroup and 297 workgroup(s)
[INFO] (1743293709) Running with 16 wavefront(s) per workgroup and 298 workgroup(s)
[INFO] (1743293718) Running with 16 wavefront(s) per workgroup and 299 workgroup(s)
[INFO] (1743293727) Running with 16 wavefront(s) per workgroup and 300 workgroup(s)
[INFO] (1743293736) Running with 16 wavefront(s) per workgroup and 301 workgroup(s)
[INFO] (1743293745) Running with 16 wavefront(s) per workgroup and 302 workgroup(s)
[INFO] (1743293754) Running with 16 wavefront(s) per workgroup and 303 workgroup(s)
[INFO] (1743293763) Running with 16 wavefront(s) per workgroup and 304 workgroup(s)
Result V_FMA2 with fp64
n_iter, n_thread, n_wg, n_wf, wf_size, wg_size, n_flops, n_bytes, time_ms, gflop/s, avg_clock, max_clock, min_clock, stdev_clock 
1073741824, 1024, 1, 16, 64, 1024, 2199023255552, 16384, 8242.63, 266.787, 1.07536e+10, 17199611055, 4308385400, 1.09526 
1073741824, 2048, 2, 16, 64, 1024, 4398046511104, 32768, 8220.46, 535.012, 1.07513e+10, 17195978469, 4306506328, 1.09527 
1073741824, 3072, 3, 16, 64, 1024, 6597069766656, 49152, 8233.46, 801.251, 1.0752e+10, 17196064886, 4307922938, 1.09524 
1073741824, 4096, 4, 16, 64, 1024, 8796093022208, 65536, 8225.28, 1069.4, 1.07501e+10, 17193314257, 4306502980, 1.09525 
1073741824, 5120, 5, 16, 64, 1024, 10995116277760, 81920, 8234.35, 1335.27, 1.07511e+10, 17194609851, 4306503360, 1.09525 
1073741824, 6144, 6, 16, 64, 1024, 13194139533312, 98304, 8235.88, 1602.03, 1.075e+10, 17195248602, 4306503040, 1.09527 
1073741824, 7168, 7, 16, 64, 1024, 15393162788864, 114688, 8234.21, 1869.42, 1.07492e+10, 17191737240, 4306503112, 1.09525 
1073741824, 8192, 8, 16, 64, 1024, 17592186044416, 131072, 8248.18, 2132.86, 1.07499e+10, 17192985406, 4306502908, 1.09525 
1073741824, 9216, 9, 16, 64, 1024, 19791209299968, 147456, 8234.75, 2403.38, 1.07492e+10, 17191737300, 4306503136, 1.09525 
1073741824, 10240, 10, 16, 64, 1024, 21990232555520, 163840, 8243.41, 2667.61, 1.07501e+10, 17193159715, 4306503092, 1.09525 
1073741824, 11264, 11, 16, 64, 1024, 24189255811072, 180224, 8234.34, 2937.61, 1.07492e+10, 17191738244, 4306503072, 1.09525 
1073741824, 12288, 12, 16, 64, 1024, 26388279066624, 196608, 8236.57, 3203.79, 1.07517e+10, 17194501079, 4308829103, 1.09521 
1073741824, 13312, 13, 16, 64, 1024, 28587302322176, 212992, 8248.62, 3465.71, 1.07495e+10, 17193511890, 4306503120, 1.09526 
1073741824, 14336, 14, 16, 64, 1024, 30786325577728, 229376, 8235.11, 3738.42, 1.07492e+10, 17191737744, 4306502912, 1.09525 
1073741824, 15360, 15, 16, 64, 1024, 32985348833280, 245760, 8247.95, 3999.22, 1.07507e+10, 17195076055, 4306502332, 1.09528 
1073741824, 16384, 16, 16, 64, 1024, 35184372088832, 262144, 8243.31, 4268.24, 1.07492e+10, 17191737304, 4306503036, 1.09525 
1073741824, 17408, 17, 16, 64, 1024, 37383395344384, 278528, 8249.13, 4531.8, 1.075e+10, 17193743717, 4306502296, 1.09526 
1073741824, 18432, 18, 16, 64, 1024, 39582418599936, 294912, 8239.29, 4804.11, 1.07492e+10, 17191737420, 4306502716, 1.09525 
1073741824, 19456, 19, 16, 64, 1024, 41781441855488, 311296, 8250.42, 5064.16, 1.07516e+10, 17195804347, 4306502284, 1.09525 
1073741824, 20480, 20, 16, 64, 1024, 43980465111040, 327680, 8244.39, 5334.59, 1.07492e+10, 17191737988, 4306502316, 1.09525 
1073741824, 21504, 21, 16, 64, 1024, 46179488366592, 344064, 8254.61, 5594.39, 1.07524e+10, 17195435004, 4309565710, 1.0952 
1073741824, 22528, 22, 16, 64, 1024, 48378511622144, 360448, 8241.33, 5870.23, 1.07492e+10, 17191738040, 4306502196, 1.09525 
1073741824, 23552, 23, 16, 64, 1024, 50577534877696, 376832, 8255.07, 6126.84, 1.07514e+10, 17194266013, 4308440609, 1.09521 
1073741824, 24576, 24, 16, 64, 1024, 52776558133248, 393216, 8254.23, 6393.88, 1.07496e+10, 17193732658, 4306502196, 1.09526 
1073741824, 25600, 25, 16, 64, 1024, 54975581388800, 409600, 8232.94, 6677.51, 1.07492e+10, 17191737836, 4306502280, 1.09525 
1073741824, 26624, 26, 16, 64, 1024, 57174604644352, 425984, 8255.65, 6925.51, 1.07507e+10, 17195166840, 4306502192, 1.09528 
1073741824, 27648, 27, 16, 64, 1024, 59373627899904, 442368, 8244.83, 7201.32, 1.07492e+10, 17191737496, 4306502296, 1.09525 
1073741824, 28672, 28, 16, 64, 1024, 61572651155456, 458752, 8255.65, 7458.25, 1.07504e+10, 17194123170, 4306502184, 1.09525 
1073741824, 29696, 29, 16, 64, 1024, 63771674411008, 475136, 8244.42, 7735.13, 1.07492e+10, 17191737812, 4306502300, 1.09525 
1073741824, 30720, 30, 16, 64, 1024, 65970697666560, 491520, 8260.32, 7986.45, 1.07515e+10, 17194923682, 4306502180, 1.09525 
1073741824, 31744, 31, 16, 64, 1024, 68169720922112, 507904, 8250.59, 8262.4, 1.07492e+10, 17191737560, 4306502320, 1.09525 
1073741824, 32768, 32, 16, 64, 1024, 70368744177664, 524288, 8249.84, 8529.71, 1.07508e+10, 17193921760, 4307095648, 1.09522 
1073741824, 33792, 33, 16, 64, 1024, 72567767433216, 540672, 8260.83, 8784.57, 1.075e+10, 17195809729, 4306502272, 1.09528 
1073741824, 34816, 34, 16, 64, 1024, 74766790688768, 557056, 8251.03, 9061.51, 1.07492e+10, 17191738708, 4306502200, 1.09525 
1073741824, 35840, 35, 16, 64, 1024, 76965813944320, 573440, 8261.87, 9315.78, 1.07496e+10, 17193958556, 4306502276, 1.09526 
1073741824, 36864, 36, 16, 64, 1024, 79164837199872, 589824, 8254.66, 9590.32, 1.07492e+10, 17191737568, 4306502188, 1.09525 
1073741824, 37888, 37, 16, 64, 1024, 81363860455424, 606208, 8263.4, 9846.29, 1.07506e+10, 17194971358, 4306502304, 1.09527 
1073741824, 38912, 38, 16, 64, 1024, 83562883710976, 622592, 8248.05, 10131.2, 1.07492e+10, 17191737724, 4306502172, 1.09525 
1073741824, 39936, 39, 16, 64, 1024, 85761906966528, 638976, 8262.36, 10379.8, 1.07505e+10, 17194160608, 4306502280, 1.09525 
1073741824, 40960, 40, 16, 64, 1024, 87960930222080, 655360, 8257.6, 10652.1, 1.07492e+10, 17191737320, 4306502196, 1.09525 
1073741824, 41984, 41, 16, 64, 1024, 90159953477632, 671744, 8263.28, 10910.9, 1.07523e+10, 17195473193, 4309293003, 1.0952 
1073741824, 43008, 42, 16, 64, 1024, 92358976733184, 688128, 8262.88, 11177.6, 1.07492e+10, 17191831852, 4306502176, 1.09525 
1073741824, 44032, 43, 16, 64, 1024, 94557999988736, 704512, 8254.42, 11455.4, 1.07509e+10, 17194188724, 4307513490, 1.09522 
1073741824, 45056, 44, 16, 64, 1024, 96757023244288, 720896, 8265.64, 11705.9, 1.07499e+10, 17195260005, 4306502192, 1.09527 
1073741824, 46080, 45, 16, 64, 1024, 98956046499840, 737280, 8258.13, 11982.9, 1.07492e+10, 17191737412, 4306502312, 1.09525 
1073741824, 47104, 46, 16, 64, 1024, 101155069755392, 753664, 8269.05, 12233, 1.07507e+10, 17195415285, 4306502164, 1.09528 
1073741824, 48128, 47, 16, 64, 1024, 103354093010944, 770048, 8266.12, 12503.3, 1.07492e+10, 17191738504, 4306502280, 1.09525 
1073741824, 49152, 48, 16, 64, 1024, 105553116266496, 786432, 8271.54, 12761, 1.07507e+10, 17194303017, 4306502184, 1.09525 
1073741824, 50176, 49, 16, 64, 1024, 107752139522048, 802816, 8267.24, 13033.6, 1.07492e+10, 17191821548, 4306502300, 1.09525 
1073741824, 51200, 50, 16, 64, 1024, 109951162777600, 819200, 8276.34, 13285, 1.07499e+10, 17193349382, 4306502164, 1.09525 
1073741824, 52224, 51, 16, 64, 1024, 112150186033152, 835584, 8255.14, 13585.5, 1.07492e+10, 17191770508, 4306502288, 1.09525 
1073741824, 53248, 52, 16, 64, 1024, 114349209288704, 851968, 8277.06, 13815.2, 1.07523e+10, 17195431610, 4308977342, 1.0952 
1073741824, 54272, 53, 16, 64, 1024, 116548232544256, 868352, 8279.59, 14076.6, 1.07496e+10, 17194021347, 4306502292, 1.09526 
1073741824, 55296, 54, 16, 64, 1024, 118747255799808, 884736, 8269.25, 14360.1, 1.07492e+10, 17191737364, 4306502196, 1.09525 
1073741824, 56320, 55, 16, 64, 1024, 120946279055360, 901120, 8277.27, 14611.9, 1.07505e+10, 17195625113, 4306502260, 1.09527 
1073741824, 57344, 56, 16, 64, 1024, 123145302310912, 917504, 8280.08, 14872.5, 1.07492e+10, 17191738020, 4306502192, 1.09525 
1073741824, 58368, 57, 16, 64, 1024, 125344325566464, 933888, 8284.27, 15130.4, 1.075e+10, 17193897523, 4306502256, 1.09526 
1073741824, 59392, 58, 16, 64, 1024, 127543348822016, 950272, 8268.42, 15425.4, 1.07492e+10, 17191834572, 4306502176, 1.09525 
1073741824, 60416, 59, 16, 64, 1024, 129742372077568, 966656, 8278.7, 15671.8, 1.07517e+10, 17195633106, 4306502284, 1.09525 
1073741824, 61440, 60, 16, 64, 1024, 131941395333120, 983040, 8278.79, 15937.3, 1.07492e+10, 17191737544, 4306502200, 1.09525 
1073741824, 62464, 61, 16, 64, 1024, 134140418588672, 999424, 8282.12, 16196.4, 1.07502e+10, 17193370727, 4306482356, 1.09523 
1073741824, 63488, 62, 16, 64, 1024, 136339441844224, 1015808, 8273.94, 16478.2, 1.07492e+10, 17191779968, 4306502172, 1.09525 
1073741824, 64512, 63, 16, 64, 1024, 138538465099776, 1032192, 8298.83, 16693.7, 1.07521e+10, 17195278272, 4308896898, 1.0952 
1073741824, 65536, 64, 16, 64, 1024, 140737488355328, 1048576, 8292.69, 16971.3, 1.07496e+10, 17194097304, 4306502828, 1.09526 
1073741824, 66560, 65, 16, 64, 1024, 142936511610880, 1064960, 8278.39, 17266.2, 1.07492e+10, 17191760848, 4306502856, 1.09525 
1073741824, 67584, 66, 16, 64, 1024, 145135534866432, 1081344, 8291.17, 17504.8, 1.07498e+10, 17193582442, 4306502172, 1.09526 
1073741824, 68608, 67, 16, 64, 1024, 147334558121984, 1097728, 8287.04, 17778.9, 1.07492e+10, 17191749752, 4306502896, 1.09525 
1073741824, 69632, 68, 16, 64, 1024, 149533581377536, 1114112, 8286.06, 18046.4, 1.07514e+10, 17195640244, 4306502168, 1.09525 
1073741824, 70656, 69, 16, 64, 1024, 151732604633088, 1130496, 8281.82, 18321.2, 1.07492e+10, 17191752988, 4306502836, 1.09525 
1073741824, 71680, 70, 16, 64, 1024, 153931627888640, 1146880, 8298.01, 18550.4, 1.07508e+10, 17193994999, 4307130651, 1.09522 
1073741824, 72704, 71, 16, 64, 1024, 156130651144192, 1163264, 8287.75, 18838.7, 1.07492e+10, 17191822668, 4306502836, 1.09525 
1073741824, 73728, 72, 16, 64, 1024, 158329674399744, 1179648, 8300.35, 19075.1, 1.0752e+10, 17195154428, 4308778150, 1.0952 
1073741824, 74752, 73, 16, 64, 1024, 160528697655296, 1196032, 8299.65, 19341.6, 1.07495e+10, 17193907968, 4306502956, 1.09526 
1073741824, 75776, 74, 16, 64, 1024, 162727720910848, 1212416, 8287.78, 19634.7, 1.07492e+10, 17191751808, 4306502800, 1.09525 
1073741824, 76800, 75, 16, 64, 1024, 164926744166400, 1228800, 8298.69, 19873.8, 1.07507e+10, 17195471970, 4306502160, 1.09528 
1073741824, 77824, 76, 16, 64, 1024, 167125767421952, 1245184, 8285.72, 20170.3, 1.07492e+10, 17191838128, 4306502780, 1.09525 
1073741824, 78848, 77, 16, 64, 1024, 169324790677504, 1261568, 8302.62, 20394.1, 1.07504e+10, 17193962307, 4306502176, 1.09525 
1073741824, 79872, 78, 16, 64, 1024, 171523813933056, 1277952, 8297.86, 20670.9, 1.07492e+10, 17191831468, 4306502940, 1.09525 
1073741824, 80896, 79, 16, 64, 1024, 173722837188608, 1294336, 8309.5, 20906.5, 1.07514e+10, 17195262795, 4306502172, 1.09525 
1073741824, 81920, 80, 16, 64, 1024, 175921860444160, 1310720, 8304.67, 21183.5, 1.07492e+10, 17191951080, 4306502856, 1.09525 
1073741824, 82944, 81, 16, 64, 1024, 178120883699712, 1327104, 8308.17, 21439.3, 1.07521e+10, 17195631646, 4308803206, 1.0952 
1073741824, 83968, 82, 16, 64, 1024, 180319906955264, 1343488, 8309.09, 21701.5, 1.07498e+10, 17194610760, 4306502864, 1.09527 
1073741824, 84992, 83, 16, 64, 1024, 182518930210816, 1359872, 8296.04, 22000.7, 1.07492e+10, 17191759904, 4306502844, 1.09525 
1073741824, 86016, 84, 16, 64, 1024, 184717953466368, 1376256, 8315.64, 22213.3, 1.07508e+10, 17195486891, 4306502160, 1.09528 
1073741824, 87040, 85, 16, 64, 1024, 186916976721920, 1392640, 8298.75, 22523.5, 1.07492e+10, 17191750504, 4306502836, 1.09525 
1073741824, 88064, 86, 16, 64, 1024, 189115999977472, 1409024, 8318.16, 22735.3, 1.075e+10, 17194367023, 4306502180, 1.09526 
1073741824, 89088, 87, 16, 64, 1024, 191315023233024, 1425408, 8303.97, 23039, 1.07492e+10, 17191752892, 4306502772, 1.09525 
1073741824, 90112, 88, 16, 64, 1024, 193514046488576, 1441792, 8317.81, 23265, 1.07517e+10, 17196053564, 4306502160, 1.09525 
1073741824, 91136, 89, 16, 64, 1024, 195713069744128, 1458176, 8320.41, 23522.1, 1.07492e+10, 17191748012, 4306502792, 1.09525 
1073741824, 92160, 90, 16, 64, 1024, 197912092999680, 1474560, 8318.4, 23792.1, 1.07508e+10, 17194353906, 4307116272, 1.09522 
1073741824, 93184, 91, 16, 64, 1024, 200111116255232, 1490944, 8325.98, 24034.5, 1.075e+10, 17195503933, 4306502816, 1.09528 
1073741824, 94208, 92, 16, 64, 1024, 202310139510784, 1507328, 8305.16, 24359.6, 1.07492e+10, 17191840940, 4306502832, 1.09525 
1073741824, 95232, 93, 16, 64, 1024, 204509162766336, 1523712, 8322.63, 24572.7, 1.07497e+10, 17194206261, 4306502148, 1.09526 
1073741824, 96256, 94, 16, 64, 1024, 206708186021888, 1540096, 8314.08, 24862.4, 1.07492e+10, 17191754816, 4306502820, 1.09525 
1073741824, 97280, 95, 16, 64, 1024, 208907209277440, 1556480, 8328.77, 25082.6, 1.07508e+10, 17195490421, 4306502152, 1.09528 
1073741824, 98304, 96, 16, 64, 1024, 211106232532992, 1572864, 8315.16, 25388.1, 1.07492e+10, 17191773240, 4306502804, 1.09525 
1073741824, 99328, 97, 16, 64, 1024, 213305255788544, 1589248, 8327.24, 25615.4, 1.07504e+10, 17194022396, 4306502152, 1.09525 
1073741824, 100352, 98, 16, 64, 1024, 215504279044096, 1605632, 8317.19, 25910.7, 1.07492e+10, 17191811644, 4306502832, 1.09525 
1073741824, 101376, 99, 16, 64, 1024, 217703302299648, 1622016, 8327.42, 26143, 1.07506e+10, 17193803658, 4307339957, 1.09522 
1073741824, 102400, 100, 16, 64, 1024, 219902325555200, 1638400, 8327.75, 26406, 1.075e+10, 17195596567, 4306502824, 1.09528 
1073741824, 103424, 101, 16, 64, 1024, 222101348810752, 1654784, 8321.65, 26689.6, 1.07492e+10, 17191837800, 4306502836, 1.09525 
1073741824, 104448, 102, 16, 64, 1024, 224300372066304, 1671168, 8338.4, 26899.7, 1.07499e+10, 17195280589, 4306502164, 1.09527 
1073741824, 105472, 103, 16, 64, 1024, 226499395321856, 1687552, 8325.52, 27205.4, 1.07492e+10, 17191828384, 4306502816, 1.09525 
1073741824, 106496, 104, 16, 64, 1024, 228698418577408, 1703936, 8337.31, 27430.7, 1.07499e+10, 17193800124, 4306502140, 1.09526 
1073741824, 107520, 105, 16, 64, 1024, 230897441832960, 1720320, 8325.88, 27732.5, 1.07492e+10, 17191747140, 4306502848, 1.09525 
1073741824, 108544, 106, 16, 64, 1024, 233096465088512, 1736704, 8336.16, 27962.1, 1.07499e+10, 17193384235, 4306502160, 1.09525 
1073741824, 109568, 107, 16, 64, 1024, 235295488344064, 1753088, 8329.18, 28249.5, 1.07492e+10, 17191756052, 4306502960, 1.09525 
1073741824, 110592, 108, 16, 64, 1024, 237494511599616, 1769472, 8340.1, 28476.2, 1.07523e+10, 17195830276, 4308591581, 1.0952 
1073741824, 111616, 109, 16, 64, 1024, 239693534855168, 1785856, 8341.84, 28733.9, 1.07496e+10, 17194002986, 4306502976, 1.09526 
1073741824, 112640, 110, 16, 64, 1024, 241892558110720, 1802240, 8340.28, 29002.9, 1.07492e+10, 17191793400, 4306502888, 1.09525 
1073741824, 113664, 111, 16, 64, 1024, 244091581366272, 1818624, 8348.84, 29236.6, 1.075e+10, 17195492632, 4306502176, 1.09528 
1073741824, 114688, 112, 16, 64, 1024, 246290604621824, 1835008, 8339.61, 29532.6, 1.07492e+10, 17191808556, 4306502832, 1.09525 
1073741824, 115712, 113, 16, 64, 1024, 248489627877376, 1851392, 8345.6, 29774.9, 1.07497e+10, 17193387179, 4306502144, 1.09526 
1073741824, 116736, 114, 16, 64, 1024, 250688651132928, 1867776, 8339.39, 30060.8, 1.07492e+10, 17191789988, 4306502832, 1.09525 
1073741824, 117760, 115, 16, 64, 1024, 252887674388480, 1884160, 8345.2, 30303.4, 1.07515e+10, 17195511932, 4306502132, 1.09525 
1073741824, 118784, 116, 16, 64, 1024, 255086697644032, 1900544, 8337.1, 30596.6, 1.07492e+10, 17191828096, 4306502848, 1.09525 
1073741824, 119808, 117, 16, 64, 1024, 257285720899584, 1916928, 8354.43, 30796.3, 1.07502e+10, 17193712278, 4306475944, 1.09523 
1073741824, 120832, 118, 16, 64, 1024, 259484744155136, 1933312, 8359.7, 31040, 1.075e+10, 17195610289, 4306502868, 1.09528 
1073741824, 121856, 119, 16, 64, 1024, 261683767410688, 1949696, 8351.52, 31333.7, 1.07492e+10, 17191801096, 4306502760, 1.09525 
1073741824, 122880, 120, 16, 64, 1024, 263882790666240, 1966080, 8356.8, 31577, 1.07497e+10, 17194494001, 4306502120, 1.09527 
1073741824, 123904, 121, 16, 64, 1024, 266081813921792, 1982464, 8346.01, 31881.3, 1.07492e+10, 17191837548, 4306502816, 1.09525 
1073741824, 124928, 122, 16, 64, 1024, 268280837177344, 1998848, 8358.19, 32098, 1.07508e+10, 17195958072, 4306502136, 1.09528 
1073741824, 125952, 123, 16, 64, 1024, 270479860432896, 2015232, 8359.76, 32355, 1.07492e+10, 17191823904, 4306502916, 1.09525 
1073741824, 126976, 124, 16, 64, 1024, 272678883688448, 2031616, 8354.29, 32639.4, 1.07504e+10, 17194355247, 4306502140, 1.09525 
1073741824, 128000, 125, 16, 64, 1024, 274877906944000, 2048000, 8353.41, 32906.1, 1.07492e+10, 17191808956, 4306502844, 1.09525 
1073741824, 129024, 126, 16, 64, 1024, 277076930199552, 2064384, 8366.63, 33116.9, 1.07521e+10, 17195286078, 4308849934, 1.0952 
1073741824, 130048, 127, 16, 64, 1024, 279275953455104, 2080768, 8364.7, 33387.5, 1.07495e+10, 17193734713, 4306502216, 1.09526 
1073741824, 131072, 128, 16, 64, 1024, 281474976710656, 2097152, 8360.44, 33667.5, 1.07492e+10, 17191754504, 4306502256, 1.09525 
1073741824, 132096, 129, 16, 64, 1024, 283673999966208, 2113536, 8364.31, 33914.8, 1.07499e+10, 17195312447, 4306502676, 1.09527 
1073741824, 133120, 130, 16, 64, 1024, 285873023221760, 2129920, 8352.68, 34225.3, 1.07492e+10, 17191979432, 4306502284, 1.09525 
1073741824, 134144, 131, 16, 64, 1024, 288072046477312, 2146304, 8367.95, 34425.7, 1.07499e+10, 17193788650, 4306502108, 1.09526 
1073741824, 135168, 132, 16, 64, 1024, 290271069732864, 2162688, 8357.04, 34733.7, 1.07492e+10, 17191760456, 4306502348, 1.09525 
1073741824, 136192, 133, 16, 64, 1024, 292470092988416, 2179072, 8369.11, 34946.4, 1.07503e+10, 17194151187, 4306502116, 1.09525 
1073741824, 137216, 134, 16, 64, 1024, 294669116243968, 2195456, 8371.36, 35199.7, 1.07492e+10, 17191842052, 4306502328, 1.09525 
1073741824, 138240, 135, 16, 64, 1024, 296868139499520, 2211840, 8382.13, 35416.8, 1.07525e+10, 17195874487, 4309211785, 1.09519 
1073741824, 139264, 136, 16, 64, 1024, 299067162755072, 2228224, 8373.4, 35716.3, 1.07496e+10, 17194381321, 4306502284, 1.09526 
1073741824, 140288, 137, 16, 64, 1024, 301266186010624, 2244608, 8365.27, 36013.9, 1.07492e+10, 17191752792, 4306502236, 1.09525 
1073741824, 141312, 138, 16, 64, 1024, 303465209266176, 2260992, 8379.52, 36215.1, 1.07507e+10, 17195432044, 4306502132, 1.09528 
1073741824, 142336, 139, 16, 64, 1024, 305664232521728, 2277376, 8368.86, 36524, 1.07492e+10, 17191827080, 4306502272, 1.09525 
1073741824, 143360, 140, 16, 64, 1024, 307863255777280, 2293760, 8373.06, 36768.3, 1.075e+10, 17194049292, 4306502096, 1.09526 
1073741824, 144384, 141, 16, 64, 1024, 310062279032832, 2310144, 8369.89, 37045, 1.07492e+10, 17191753600, 4306502364, 1.09525 
1073741824, 145408, 142, 16, 64, 1024, 312261302288384, 2326528, 8386.85, 37232.3, 1.07512e+10, 17195381702, 4306502128, 1.09525 
1073741824, 146432, 143, 16, 64, 1024, 314460325543936, 2342912, 8376.97, 37538.7, 1.07492e+10, 17191784916, 4306502252, 1.09525 
1073741824, 147456, 144, 16, 64, 1024, 316659348799488, 2359296, 8387.18, 37755.2, 1.07503e+10, 17193407338, 4306803704, 1.09523 
1073741824, 148480, 145, 16, 64, 1024, 318858372055040, 2375680, 8385.37, 38025.6, 1.075e+10, 17196010718, 4306502280, 1.09528 
1073741824, 149504, 146, 16, 64, 1024, 321057395310592, 2392064, 8374.94, 38335.5, 1.07492e+10, 17191836424, 4306502308, 1.09525 
1073741824, 150528, 147, 16, 64, 1024, 323256418566144, 2408448, 8386.36, 38545.5, 1.07497e+10, 17193385107, 4306502084, 1.09526 
1073741824, 151552, 148, 16, 64, 1024, 325455441821696, 2424832, 8376.08, 38855.4, 1.07492e+10, 17191813900, 4306502260, 1.09525 
1073741824, 152576, 149, 16, 64, 1024, 327654465077248, 2441216, 8391.38, 39046.5, 1.075e+10, 17193823673, 4306502104, 1.09525 
1073741824, 153600, 150, 16, 64, 1024, 329853488332800, 2457600, 8388.09, 39324, 1.07492e+10, 17191787124, 4306502304, 1.09525 
1073741824, 154624, 151, 16, 64, 1024, 332052511588352, 2473984, 8396.57, 39546.2, 1.07516e+10, 17195489420, 4306502068, 1.09525 
1073741824, 155648, 152, 16, 64, 1024, 334251534843904, 2490368, 8390.68, 39836.1, 1.07492e+10, 17191838384, 4306502248, 1.09525 
1073741824, 156672, 153, 16, 64, 1024, 336450558099456, 2506752, 8399.94, 40053.9, 1.07502e+10, 17193753454, 4306903073, 1.09523 
1073741824, 157696, 154, 16, 64, 1024, 338649581355008, 2523136, 8393.14, 40348.4, 1.07499e+10, 17195653822, 4306502264, 1.09527 
1073741824, 158720, 155, 16, 64, 1024, 340848604610560, 2539520, 8383, 40659.5, 1.07492e+10, 17191776584, 4306502240, 1.09525 
1073741824, 159744, 156, 16, 64, 1024, 343047627866112, 2555904, 8396.34, 40856.8, 1.07497e+10, 17193397370, 4306502060, 1.09526 
1073741824, 160768, 157, 16, 64, 1024, 345246651121664, 2572288, 8392.27, 41138.6, 1.07492e+10, 17191987276, 4306502248, 1.09525 
1073741824, 161792, 158, 16, 64, 1024, 347445674377216, 2588672, 8405.96, 41333.3, 1.07514e+10, 17195665706, 4306502064, 1.09525 
1073741824, 162816, 159, 16, 64, 1024, 349644697632768, 2605056, 8398.06, 41634, 1.07492e+10, 17191850096, 4306502280, 1.09525 
1073741824, 163840, 160, 16, 64, 1024, 351843720888320, 2621440, 8411.23, 41830.2, 1.07507e+10, 17193855279, 4306937385, 1.09522 
1073741824, 164864, 161, 16, 64, 1024, 354042744143872, 2637824, 8405.78, 42118.9, 1.07493e+10, 17193565764, 4306502232, 1.09525 
1073741824, 165888, 162, 16, 64, 1024, 356241767399424, 2654208, 8395.85, 42430.7, 1.07492e+10, 17191821104, 4306502260, 1.09525 
1073741824, 166912, 163, 16, 64, 1024, 358440790654976, 2670592, 8411.52, 42613.1, 1.075e+10, 17195738315, 4306502024, 1.09528 
1073741824, 167936, 164, 16, 64, 1024, 360639813910528, 2686976, 8404.56, 42910, 1.07492e+10, 17191824056, 4306502284, 1.09525 
1073741824, 168960, 165, 16, 64, 1024, 362838837166080, 2703360, 8412.69, 43129.9, 1.075e+10, 17194044531, 4306502056, 1.09526 
1073741824, 169984, 166, 16, 64, 1024, 365037860421632, 2719744, 8411.06, 43399.7, 1.07492e+10, 17191837636, 4306502256, 1.09525 
1073741824, 171008, 167, 16, 64, 1024, 367236883677184, 2736128, 8420.83, 43610.5, 1.07516e+10, 17195620558, 4306502056, 1.09525 
1073741824, 172032, 168, 16, 64, 1024, 369435906932736, 2752512, 8408.59, 43935.5, 1.07492e+10, 17191850988, 4306502244, 1.09525 
1073741824, 173056, 169, 16, 64, 1024, 371634930188288, 2768896, 8419.4, 44140.3, 1.07509e+10, 17194099057, 4307166968, 1.09522 
1073741824, 174080, 170, 16, 64, 1024, 373833953443840, 2785280, 8420.82, 44394, 1.075e+10, 17195607872, 4306502240, 1.09528 
1073741824, 175104, 171, 16, 64, 1024, 376032976699392, 2801664, 8406.33, 44732.1, 1.07492e+10, 17191841364, 4306502224, 1.09525 
1073741824, 176128, 172, 16, 64, 1024, 378231999954944, 2818048, 8419.88, 44921.3, 1.075e+10, 17194226973, 4306502056, 1.09526 
1073741824, 177152, 173, 16, 64, 1024, 380431023210496, 2834432, 8414.05, 45213.8, 1.07492e+10, 17191829660, 4306502244, 1.09525 
1073741824, 178176, 174, 16, 64, 1024, 382630046466048, 2850816, 8429.53, 45391.6, 1.07516e+10, 17195532632, 4306502060, 1.09525 
1073741824, 179200, 175, 16, 64, 1024, 384829069721600, 2867200, 8424.02, 45682.3, 1.07492e+10, 17191851140, 4306502228, 1.09525 
1073741824, 180224, 176, 16, 64, 1024, 387028092977152, 2883584, 8427.9, 45922.2, 1.07504e+10, 17194079772, 4306502000, 1.09525 
1073741824, 181248, 177, 16, 64, 1024, 389227116232704, 2899968, 8422.68, 46211.8, 1.07492e+10, 17191968432, 4306502244, 1.09525 
1073741824, 182272, 178, 16, 64, 1024, 391426139488256, 2916352, 8431.22, 46425.8, 1.07518e+10, 17195277111, 4308458543, 1.0952 
1073741824, 183296, 179, 16, 64, 1024, 393625162743808, 2932736, 8430.93, 46688.2, 1.07495e+10, 17193976969, 4306502228, 1.09526 
1073741824, 184320, 180, 16, 64, 1024, 395824185999360, 2949120, 8421.23, 47003.2, 1.07492e+10, 17191838936, 4306502232, 1.09525 
1073741824, 185344, 181, 16, 64, 1024, 398023209254912, 2965504, 8431.68, 47205.7, 1.07508e+10, 17196016345, 4306501992, 1.09528 
1073741824, 186368, 182, 16, 64, 1024, 400222232510464, 2981888, 8430.58, 47472.7, 1.07492e+10, 17191771836, 4306502244, 1.09525 
1073741824, 187392, 183, 16, 64, 1024, 402421255766016, 2998272, 8442.79, 47664.5, 1.075e+10, 17193472892, 4306502024, 1.09525 
1073741824, 188416, 184, 16, 64, 1024, 404620279021568, 3014656, 8429.75, 47999.1, 1.07492e+10, 17191819712, 4306502212, 1.09525 
1073741824, 189440, 185, 16, 64, 1024, 406819302277120, 3031040, 8444.69, 48174.6, 1.07503e+10, 17193758342, 4306537527, 1.09523 
1073741824, 190464, 186, 16, 64, 1024, 409018325532672, 3047424, 8439.77, 48463.2, 1.075e+10, 17195556281, 4306502232, 1.09528 
1073741824, 191488, 187, 16, 64, 1024, 411217348788224, 3063808, 8432.9, 48763.4, 1.07492e+10, 17191860200, 4306502228, 1.09525 
1073741824, 192512, 188, 16, 64, 1024, 413416372043776, 3080192, 8439.65, 48985, 1.07497e+10, 17193764009, 4306502048, 1.09526 
1073741824, 193536, 189, 16, 64, 1024, 415615395299328, 3096576, 8437.57, 49257.7, 1.07492e+10, 17191846428, 4306502228, 1.09525 
1073741824, 194560, 190, 16, 64, 1024, 417814418554880, 3112960, 8450.97, 49439.8, 1.07508e+10, 17196749895, 4306502036, 1.09528 
1073741824, 195584, 191, 16, 64, 1024, 420013441810432, 3129344, 8442.15, 49751.9, 1.07492e+10, 17191775128, 4306502244, 1.09525 
1073741824, 196608, 192, 16, 64, 1024, 422212465065984, 3145728, 8453.65, 49944.4, 1.075e+10, 17193789453, 4306502000, 1.09525 
1073741824, 197632, 193, 16, 64, 1024, 424411488321536, 3162112, 8444.56, 50258.6, 1.07492e+10, 17191963148, 4306502212, 1.09525 
1073741824, 198656, 194, 16, 64, 1024, 426610511577088, 3178496, 8454.68, 50458.5, 1.07524e+10, 17195576015, 4309072570, 1.09519 
1073741824, 199680, 195, 16, 64, 1024, 428809534832640, 3194880, 8454.24, 50721.2, 1.07495e+10, 17193995427, 4306502216, 1.09526 
1073741824, 200704, 196, 16, 64, 1024, 431008558088192, 3211264, 8442.96, 51049.4, 1.07492e+10, 17191808604, 4306502244, 1.09525 
1073741824, 201728, 197, 16, 64, 1024, 433207581343744, 3227648, 8458.84, 51213.6, 1.07508e+10, 17195904512, 4306502028, 1.09528 
1073741824, 202752, 198, 16, 64, 1024, 435406604599296, 3244032, 8454.99, 51497, 1.07492e+10, 17191930000, 4306502232, 1.09525 
1073741824, 203776, 199, 16, 64, 1024, 437605627854848, 3260416, 8463.47, 51705.2, 1.07507e+10, 17194644816, 4306502028, 1.09525 
1073741824, 204800, 200, 16, 64, 1024, 439804651110400, 3276800, 8454.58, 52019.7, 1.07492e+10, 17191845864, 4306502232, 1.09525 
1073741824, 205824, 201, 16, 64, 1024, 442003674365952, 3293184, 8463.68, 52223.6, 1.07525e+10, 17195756783, 4308682694, 1.09519 
1073741824, 206848, 202, 16, 64, 1024, 444202697621504, 3309568, 8466.36, 52466.8, 1.07495e+10, 17193784786, 4306502240, 1.09526 
1073741824, 207872, 203, 16, 64, 1024, 446401720877056, 3325952, 8451.19, 52821.2, 1.07492e+10, 17191837556, 4306502184, 1.09525 
1073741824, 208896, 204, 16, 64, 1024, 448600744132608, 3342336, 8463.95, 53001.3, 1.07507e+10, 17195790677, 4306502036, 1.09528 
1073741824, 209920, 205, 16, 64, 1024, 450799767388160, 3358720, 8458.72, 53294.1, 1.07492e+10, 17191816688, 4306502244, 1.09525 
1073741824, 210944, 206, 16, 64, 1024, 452998790643712, 3375104, 8475.07, 53450.8, 1.075e+10, 17194220398, 4306502028, 1.09526 
1073741824, 211968, 207, 16, 64, 1024, 455197813899264, 3391488, 8469.72, 53744.2, 1.07492e+10, 17191883732, 4306502220, 1.09525 
1073741824, 212992, 208, 16, 64, 1024, 457396837154816, 3407872, 8474.5, 53973.3, 1.075e+10, 17193794551, 4306501988, 1.09525 
1073741824, 214016, 209, 16, 64, 1024, 459595860410368, 3424256, 8468.53, 54271, 1.07492e+10, 17191824044, 4306502224, 1.09525 
1073741824, 215040, 210, 16, 64, 1024, 461794883665920, 3440640, 8475.74, 54484.3, 1.0752e+10, 17195453141, 4308676791, 1.0952 
1073741824, 216064, 211, 16, 64, 1024, 463993906921472, 3457024, 8474.33, 54752.9, 1.07495e+10, 17193786085, 4306502240, 1.09526 
1073741824, 217088, 212, 16, 64, 1024, 466192930177024, 3473408, 8464.01, 55079.4, 1.07492e+10, 17191838552, 4306502248, 1.09525 
1073741824, 218112, 213, 16, 64, 1024, 468391953432576, 3489792, 8482.04, 55221.6, 1.07507e+10, 17195714347, 4306501996, 1.09527 
1073741824, 219136, 214, 16, 64, 1024, 470590976688128, 3506176, 8477.71, 55509.2, 1.07492e+10, 17191831464, 4306502228, 1.09525 
1073741824, 220160, 215, 16, 64, 1024, 472789999943680, 3522560, 8488.58, 55697.2, 1.07505e+10, 17194430609, 4306502016, 1.09525 
1073741824, 221184, 216, 16, 64, 1024, 474989023199232, 3538944, 8476.85, 56033.7, 1.07492e+10, 17191860952, 4306502212, 1.09525 
1073741824, 222208, 217, 16, 64, 1024, 477188046454784, 3555328, 8492.42, 56189.9, 1.0752e+10, 17195503397, 4308263680, 1.0952 
1073741824, 223232, 218, 16, 64, 1024, 479387069710336, 3571712, 8487.04, 56484.6, 1.07495e+10, 17193784653, 4306502252, 1.09526 
1073741824, 224256, 219, 16, 64, 1024, 481586092965888, 3588096, 8481.03, 56783.9, 1.07492e+10, 17191975384, 4306502204, 1.09525 
1073741824, 225280, 220, 16, 64, 1024, 483785116221440, 3604480, 8486.53, 57006.2, 1.07506e+10, 17195509784, 4306502012, 1.09527 
1073741824, 226304, 221, 16, 64, 1024, 485984139476992, 3620864, 8485.87, 57269.8, 1.07492e+10, 17191842740, 4306502240, 1.09525 
1073741824, 227328, 222, 16, 64, 1024, 488183162732544, 3637248, 8501.96, 57420.1, 1.07502e+10, 17194026822, 4306501996, 1.09525 
1073741824, 228352, 223, 16, 64, 1024, 490382185988096, 3653632, 8491.89, 57747.1, 1.07492e+10, 17191836572, 4306502272, 1.09525 
1073741824, 229376, 224, 16, 64, 1024, 492581209243648, 3670016, 8505.58, 57912.7, 1.07525e+10, 17195980203, 4308739161, 1.09519 
1073741824, 230400, 225, 16, 64, 1024, 494780232499200, 3686400, 8502.47, 58192.5, 1.075e+10, 17195721519, 4306502216, 1.09527 
1073741824, 231424, 226, 16, 64, 1024, 496979255754752, 3702784, 8493.62, 58512.1, 1.07492e+10, 17191837652, 4306502256, 1.09525 
1073741824, 232448, 227, 16, 64, 1024, 499178279010304, 3719168, 8502.57, 58709.1, 1.07498e+10, 17193890497, 4306502000, 1.09526 
1073741824, 233472, 228, 16, 64, 1024, 501377302265856, 3735552, 8493.12, 59033.3, 1.07492e+10, 17191794396, 4306502256, 1.09525 
1073741824, 234496, 229, 16, 64, 1024, 503576325521408, 3751936, 8503.56, 59219.4, 1.07498e+10, 17193808163, 4306502000, 1.09526 
1073741824, 235520, 230, 16, 64, 1024, 505775348776960, 3768320, 8498.99, 59510.1, 1.07492e+10, 17191838688, 4306502232, 1.09525 
1073741824, 236544, 231, 16, 64, 1024, 507974372032512, 3784704, 8508.75, 59700.2, 1.07512e+10, 17195474582, 4306502024, 1.09525 
1073741824, 237568, 232, 16, 64, 1024, 510173395288064, 3801088, 8501.98, 60006.4, 1.07492e+10, 17191838304, 4306502228, 1.09525 
1073741824, 238592, 233, 16, 64, 1024, 512372418543616, 3817472, 8516.08, 60165.3, 1.07505e+10, 17194076331, 4306800763, 1.09523 
1073741824, 239616, 234, 16, 64, 1024, 514571441799168, 3833856, 8512.08, 60451.9, 1.07499e+10, 17195343194, 4306502232, 1.09527 
1073741824, 240640, 235, 16, 64, 1024, 516770465054720, 3850240, 8504.59, 60763.7, 1.07492e+10, 17191824696, 4306502244, 1.09525 
1073741824, 241664, 236, 16, 64, 1024, 518969488310272, 3866624, 8511.58, 60972.2, 1.07499e+10, 17194042274, 4306502000, 1.09526 
1073741824, 242688, 237, 16, 64, 1024, 521168511565824, 3883008, 8504.72, 61279.9, 1.07492e+10, 17191836712, 4306502208, 1.09525 
1073741824, 243712, 238, 16, 64, 1024, 523367534821376, 3899392, 8519.81, 61429.5, 1.07515e+10, 17195830117, 4306502004, 1.09525 
1073741824, 244736, 239, 16, 64, 1024, 525566558076928, 3915776, 8516.02, 61715, 1.07492e+10, 17192022488, 4306502228, 1.09525 
1073741824, 245760, 240, 16, 64, 1024, 527765581332480, 3932160, 8529.62, 61874.5, 1.07503e+10, 17193828347, 4306587983, 1.09523 
1073741824, 246784, 241, 16, 64, 1024, 529964604588032, 3948544, 8525.16, 62164.8, 1.075e+10, 17195665375, 4306502216, 1.09527 
1073741824, 247808, 242, 16, 64, 1024, 532163627843584, 3964928, 8518.44, 62472, 1.07492e+10, 17191810624, 4306502248, 1.09525 
1073741824, 248832, 243, 16, 64, 1024, 534362651099136, 3981312, 8527.82, 62661.1, 1.07501e+10, 17194474943, 4306502024, 1.09526 
1073741824, 249856, 244, 16, 64, 1024, 536561674354688, 3997696, 8518.8, 62985.6, 1.07492e+10, 17191838080, 4306502216, 1.09525 
1073741824, 250880, 245, 16, 64, 1024, 538760697610240, 4014080, 8530.85, 63154.4, 1.07513e+10, 17195177478, 4306502000, 1.09525 
1073741824, 251904, 246, 16, 64, 1024, 540959720865792, 4030464, 8530.02, 63418.4, 1.07492e+10, 17191849924, 4306502212, 1.09525 
1073741824, 252928, 247, 16, 64, 1024, 543158744121344, 4046848, 8546.42, 63554, 1.07504e+10, 17193843989, 4306948209, 1.09523 
1073741824, 253952, 248, 16, 64, 1024, 545357767376896, 4063232, 8549.33, 63789.5, 1.075e+10, 17195884360, 4306502196, 1.09528 
1073741824, 254976, 249, 16, 64, 1024, 547556790632448, 4079616, 8541.48, 64105.6, 1.07492e+10, 17191829340, 4306502256, 1.09525 
1073741824, 256000, 250, 16, 64, 1024, 549755813888000, 4096000, 8555.66, 64256.4, 1.07498e+10, 17193817187, 4306502008, 1.09526 
1073741824, 257024, 251, 16, 64, 1024, 551954837143552, 4112384, 8555.45, 64515, 1.07492e+10, 17191836932, 4306502228, 1.09525 
1073741824, 258048, 252, 16, 64, 1024, 554153860399104, 4128768, 8569.55, 64665.5, 1.07516e+10, 17195954097, 4306501984, 1.09525 
1073741824, 259072, 253, 16, 64, 1024, 556352883654656, 4145152, 8567.26, 64939.4, 1.07492e+10, 17191851612, 4306502280, 1.09525 
1073741824, 260096, 254, 16, 64, 1024, 558551906910208, 4161536, 8594.45, 64989.9, 1.0751e+10, 17194165666, 4307247188, 1.09522 
1073741824, 261120, 255, 16, 64, 1024, 560750930165760, 4177920, 8601.58, 65191.7, 1.07499e+10, 17195581056, 4306502204, 1.09527 
1073741824, 262144, 256, 16, 64, 1024, 562949953421312, 4194304, 8598.68, 65469.3, 1.07492e+10, 17191838428, 4306502764, 1.09525 
1073741824, 263168, 257, 16, 64, 1024, 565148976676864, 4210688, 8597.47, 65734.4, 1.07499e+10, 17193704384, 4306503028, 1.09526 
1073741824, 264192, 258, 16, 64, 1024, 567347999932416, 4227072, 8589.51, 66051.2, 1.07492e+10, 17191837908, 4306503132, 1.09525 
1073741824, 265216, 259, 16, 64, 1024, 569547023187968, 4243456, 8593.04, 66280, 1.07513e+10, 17195555793, 4306503136, 1.09525 
1073741824, 266240, 260, 16, 64, 1024, 571746046443520, 4259840, 8590.86, 66552.8, 1.07492e+10, 17191844092, 4306503244, 1.09525 
1073741824, 267264, 261, 16, 64, 1024, 573945069699072, 4276224, 8615.38, 66618.6, 1.07505e+10, 17193723039, 4306851509, 1.09523 
1073741824, 268288, 262, 16, 64, 1024, 576144092954624, 4292608, 8608.79, 66925.1, 1.075e+10, 17195943760, 4306503108, 1.09528 
1073741824, 269312, 263, 16, 64, 1024, 578343116210176, 4308992, 8609.61, 67174.2, 1.07492e+10, 17191857140, 4306503160, 1.09525 
1073741824, 270336, 264, 16, 64, 1024, 580542139465728, 4325376, 8621.33, 67337.9, 1.07498e+10, 17193512619, 4306503104, 1.09526 
1073741824, 271360, 265, 16, 64, 1024, 582741162721280, 4341760, 8626.88, 67549.5, 1.07492e+10, 17191838856, 4306503164, 1.09525 
1073741824, 272384, 266, 16, 64, 1024, 584940185976832, 4358144, 8635.09, 67739.9, 1.07515e+10, 17195766234, 4306502904, 1.09525 
1073741824, 273408, 267, 16, 64, 1024, 587139209232384, 4374528, 8648.2, 67891.5, 1.07492e+10, 17191839828, 4306503096, 1.09525 
1073741824, 274432, 268, 16, 64, 1024, 589338232487936, 4390912, 8677.82, 67913.1, 1.0751e+10, 17194517825, 4307644698, 1.09522 
1073741824, 275456, 269, 16, 64, 1024, 591537255743488, 4407296, 8674.78, 68190.5, 1.07499e+10, 17195524837, 4306503164, 1.09527 
1073741824, 276480, 270, 16, 64, 1024, 593736278999040, 4423680, 8684.25, 68369.3, 1.07492e+10, 17191785016, 4306503228, 1.09525 
1073741824, 277504, 271, 16, 64, 1024, 595935302254592, 4440064, 8697.47, 68518.3, 1.07498e+10, 17193834189, 4306503040, 1.09526 
1073741824, 278528, 272, 16, 64, 1024, 598134325510144, 4456448, 8729.16, 68521.4, 1.07492e+10, 17191839980, 4306503156, 1.09525 
1073741824, 279552, 273, 16, 64, 1024, 600333348765696, 4472832, 8743.54, 68660.2, 1.07513e+10, 17195551290, 4306503120, 1.09525 
1073741824, 280576, 274, 16, 64, 1024, 602532372021248, 4489216, 8741.97, 68924.1, 1.07492e+10, 17191839196, 4306503260, 1.09525 
1073741824, 281600, 275, 16, 64, 1024, 604731395276800, 4505600, 8773.14, 68929.8, 1.07507e+10, 17194266526, 4307037001, 1.09522 
1073741824, 282624, 276, 16, 64, 1024, 606930418532352, 4521984, 8777.57, 69145.6, 1.07508e+10, 17195981707, 4306503172, 1.09528 
1073741824, 283648, 277, 16, 64, 1024, 609129441787904, 4538368, 8795.1, 69257.8, 1.07492e+10, 17191847340, 4306503152, 1.09525 
1073741824, 284672, 278, 16, 64, 1024, 611328465043456, 4554752, 8823.19, 69286.5, 1.07515e+10, 17195765798, 4306502876, 1.09525 
1073741824, 285696, 279, 16, 64, 1024, 613527488299008, 4571136, 8832.16, 69465.2, 1.07492e+10, 17191840060, 4306503144, 1.09525 
1073741824, 286720, 280, 16, 64, 1024, 615726511554560, 4587520, 8859.18, 69501.5, 1.07508e+10, 17194269192, 4307018490, 1.09522 
1073741824, 287744, 281, 16, 64, 1024, 617925534810112, 4603904, 8858.43, 69755.7, 1.075e+10, 17195790590, 4306503200, 1.09528 
1073741824, 288768, 282, 16, 64, 1024, 620124558065664, 4620288, 8872.46, 69893.2, 1.07492e+10, 17191820584, 4306503224, 1.09525 
1073741824, 289792, 283, 16, 64, 1024, 622323581321216, 4636672, 8880.2, 70079.9, 1.07498e+10, 17193829344, 4306503020, 1.09526 
1073741824, 290816, 284, 16, 64, 1024, 624522604576768, 4653056, 8891.13, 70241.1, 1.07492e+10, 17191828252, 4306503236, 1.09525 
1073741824, 291840, 285, 16, 64, 1024, 626721627832320, 4669440, 8907.12, 70361.8, 1.07525e+10, 17196018661, 4308768505, 1.09519 
1073741824, 292864, 286, 16, 64, 1024, 628920651087872, 4685824, 8894.11, 70712, 1.07495e+10, 17193817937, 4306503260, 1.09526 
1073741824, 293888, 287, 16, 64, 1024, 631119674343424, 4702208, 8889.51, 70996, 1.07492e+10, 17191835392, 4306503128, 1.09525 
1073741824, 294912, 288, 16, 64, 1024, 633318697598976, 4718592, 8885.56, 71275, 1.07506e+10, 17195569569, 4306503056, 1.09527 
1073741824, 295936, 289, 16, 64, 1024, 635517720854528, 4734976, 8888.57, 71498.3, 1.07492e+10, 17191960508, 4306503188, 1.09525 
1073741824, 296960, 290, 16, 64, 1024, 637716744110080, 4751360, 8894.49, 71697.9, 1.07501e+10, 17193860989, 4306503224, 1.09525 
1073741824, 297984, 291, 16, 64, 1024, 639915767365632, 4767744, 8906.3, 71849.8, 1.075e+10, 17195778445, 4306503136, 1.09528 
1073741824, 299008, 292, 16, 64, 1024, 642114790621184, 4784128, 8905.04, 72106.9, 1.07492e+10, 17191830452, 4306503248, 1.09525 
1073741824, 300032, 293, 16, 64, 1024, 644313813876736, 4800512, 8918.31, 72246.2, 1.07498e+10, 17193842451, 4306503100, 1.09526 
1073741824, 301056, 294, 16, 64, 1024, 646512837132288, 4816896, 8927.36, 72419.3, 1.07492e+10, 17191825888, 4306503284, 1.09525 
1073741824, 302080, 295, 16, 64, 1024, 648711860387840, 4833280, 8947.54, 72501.7, 1.07517e+10, 17195983262, 4306503064, 1.09525 
1073741824, 303104, 296, 16, 64, 1024, 650910883643392, 4849664, 8965.32, 72603.2, 1.07492e+10, 17191955080, 4306503176, 1.09525 
1073741824, 304128, 297, 16, 64, 1024, 653109906898944, 4866048, 8992, 72632.4, 1.07506e+10, 17193846373, 4307206285, 1.09523 
1073741824, 305152, 298, 16, 64, 1024, 655308930154496, 4882432, 8994.55, 72856.3, 1.075e+10, 17193924281, 4306503256, 1.09526 
1073741824, 306176, 299, 16, 64, 1024, 657507953410048, 4898816, 9008.38, 72988.5, 1.07492e+10, 17191849792, 4306503144, 1.09525 
1073741824, 307200, 300, 16, 64, 1024, 659706976665600, 4915200, 9029.91, 73057.9, 1.07516e+10, 17195645239, 4306503072, 1.09525 
1073741824, 308224, 301, 16, 64, 1024, 661905999921152, 4931584, 9036.52, 73247.9, 1.07492e+10, 17191947636, 4306503164, 1.09525 
1073741824, 309248, 302, 16, 64, 1024, 664105023176704, 4947968, 9063.14, 73275.4, 1.0751e+10, 17193795116, 4307744449, 1.09522 
1073741824, 310272, 303, 16, 64, 1024, 666304046432256, 4964352, 9070.08, 73461.8, 1.07506e+10, 17194847739, 4306503112, 1.09527 
1073741824, 311296, 304, 16, 64, 1024, 668503069687808, 4980736, 9088.03, 73558.7, 1.07492e+10, 17191810692, 4306503180, 1.09525 
