[INFO] GPU Roofline Tools 
[INFO] Version 1.0.0 (C)2024 Bagus Hanindhito 
[INFO] Built for AMD Instinct MI300X (gfx942) GPUs
[INFO] Detected 8 HIP-capable device(s)
[INFO] +---+------------------------+----+----+-----------+--------------+--------------+
[INFO] |#  |Device Name             |CC  |#CU |Freq. (MHz)|Mem. Size (MB)|Mem. BW (GB/s)|
[INFO] +---+------------------------+----+----+-----------+--------------+--------------+
[INFO] |0  |AMD Instinct MI300X     |9.4 |304 |2100       |196592        |2662.4        |
[INFO] +---+------------------------+----+----+-----------+--------------+--------------+
[INFO] |1  |AMD Instinct MI300X     |9.4 |304 |2100       |196592        |2662.4        |
[INFO] +---+------------------------+----+----+-----------+--------------+--------------+
[INFO] |2  |AMD Instinct MI300X     |9.4 |304 |2100       |196592        |2662.4        |
[INFO] +---+------------------------+----+----+-----------+--------------+--------------+
[INFO] |3  |AMD Instinct MI300X     |9.4 |304 |2100       |196592        |2662.4        |
[INFO] +---+------------------------+----+----+-----------+--------------+--------------+
[INFO] |4  |AMD Instinct MI300X     |9.4 |304 |2100       |196592        |2662.4        |
[INFO] +---+------------------------+----+----+-----------+--------------+--------------+
[INFO] |5  |AMD Instinct MI300X     |9.4 |304 |2100       |196592        |2662.4        |
[INFO] +---+------------------------+----+----+-----------+--------------+--------------+
[INFO] |6  |AMD Instinct MI300X     |9.4 |304 |2100       |196592        |2662.4        |
[INFO] +---+------------------------+----+----+-----------+--------------+--------------+
[INFO] |7  |AMD Instinct MI300X     |9.4 |304 |2100       |196592        |2662.4        |
[INFO] +---+------------------------+----+----+-----------+--------------+--------------+
[WARN] This program does not currently support Multi-GPU run.
[INFO] Set default GPU to GPU index 0
[INFO] (1743316955) Running with 16 wavefront(s) per workgroup and 1 workgroup(s)
[INFO] (1743316961) Running with 16 wavefront(s) per workgroup and 2 workgroup(s)
[INFO] (1743316966) Running with 16 wavefront(s) per workgroup and 3 workgroup(s)
[INFO] (1743316971) Running with 16 wavefront(s) per workgroup and 4 workgroup(s)
[INFO] (1743316976) Running with 16 wavefront(s) per workgroup and 5 workgroup(s)
[INFO] (1743316981) Running with 16 wavefront(s) per workgroup and 6 workgroup(s)
[INFO] (1743316986) Running with 16 wavefront(s) per workgroup and 7 workgroup(s)
[INFO] (1743316992) Running with 16 wavefront(s) per workgroup and 8 workgroup(s)
[INFO] (1743316997) Running with 16 wavefront(s) per workgroup and 9 workgroup(s)
[INFO] (1743317002) Running with 16 wavefront(s) per workgroup and 10 workgroup(s)
[INFO] (1743317007) Running with 16 wavefront(s) per workgroup and 11 workgroup(s)
[INFO] (1743317012) Running with 16 wavefront(s) per workgroup and 12 workgroup(s)
[INFO] (1743317017) Running with 16 wavefront(s) per workgroup and 13 workgroup(s)
[INFO] (1743317022) Running with 16 wavefront(s) per workgroup and 14 workgroup(s)
[INFO] (1743317028) Running with 16 wavefront(s) per workgroup and 15 workgroup(s)
[INFO] (1743317033) Running with 16 wavefront(s) per workgroup and 16 workgroup(s)
[INFO] (1743317038) Running with 16 wavefront(s) per workgroup and 17 workgroup(s)
[INFO] (1743317043) Running with 16 wavefront(s) per workgroup and 18 workgroup(s)
[INFO] (1743317048) Running with 16 wavefront(s) per workgroup and 19 workgroup(s)
[INFO] (1743317053) Running with 16 wavefront(s) per workgroup and 20 workgroup(s)
[INFO] (1743317059) Running with 16 wavefront(s) per workgroup and 21 workgroup(s)
[INFO] (1743317064) Running with 16 wavefront(s) per workgroup and 22 workgroup(s)
[INFO] (1743317069) Running with 16 wavefront(s) per workgroup and 23 workgroup(s)
[INFO] (1743317074) Running with 16 wavefront(s) per workgroup and 24 workgroup(s)
[INFO] (1743317079) Running with 16 wavefront(s) per workgroup and 25 workgroup(s)
[INFO] (1743317084) Running with 16 wavefront(s) per workgroup and 26 workgroup(s)
[INFO] (1743317089) Running with 16 wavefront(s) per workgroup and 27 workgroup(s)
[INFO] (1743317095) Running with 16 wavefront(s) per workgroup and 28 workgroup(s)
[INFO] (1743317100) Running with 16 wavefront(s) per workgroup and 29 workgroup(s)
[INFO] (1743317105) Running with 16 wavefront(s) per workgroup and 30 workgroup(s)
[INFO] (1743317110) Running with 16 wavefront(s) per workgroup and 31 workgroup(s)
[INFO] (1743317115) Running with 16 wavefront(s) per workgroup and 32 workgroup(s)
[INFO] (1743317120) Running with 16 wavefront(s) per workgroup and 33 workgroup(s)
[INFO] (1743317126) Running with 16 wavefront(s) per workgroup and 34 workgroup(s)
[INFO] (1743317131) Running with 16 wavefront(s) per workgroup and 35 workgroup(s)
[INFO] (1743317136) Running with 16 wavefront(s) per workgroup and 36 workgroup(s)
[INFO] (1743317141) Running with 16 wavefront(s) per workgroup and 37 workgroup(s)
[INFO] (1743317146) Running with 16 wavefront(s) per workgroup and 38 workgroup(s)
[INFO] (1743317151) Running with 16 wavefront(s) per workgroup and 39 workgroup(s)
[INFO] (1743317157) Running with 16 wavefront(s) per workgroup and 40 workgroup(s)
[INFO] (1743317162) Running with 16 wavefront(s) per workgroup and 41 workgroup(s)
[INFO] (1743317167) Running with 16 wavefront(s) per workgroup and 42 workgroup(s)
[INFO] (1743317172) Running with 16 wavefront(s) per workgroup and 43 workgroup(s)
[INFO] (1743317177) Running with 16 wavefront(s) per workgroup and 44 workgroup(s)
[INFO] (1743317182) Running with 16 wavefront(s) per workgroup and 45 workgroup(s)
[INFO] (1743317188) Running with 16 wavefront(s) per workgroup and 46 workgroup(s)
[INFO] (1743317193) Running with 16 wavefront(s) per workgroup and 47 workgroup(s)
[INFO] (1743317198) Running with 16 wavefront(s) per workgroup and 48 workgroup(s)
[INFO] (1743317203) Running with 16 wavefront(s) per workgroup and 49 workgroup(s)
[INFO] (1743317208) Running with 16 wavefront(s) per workgroup and 50 workgroup(s)
[INFO] (1743317214) Running with 16 wavefront(s) per workgroup and 51 workgroup(s)
[INFO] (1743317219) Running with 16 wavefront(s) per workgroup and 52 workgroup(s)
[INFO] (1743317224) Running with 16 wavefront(s) per workgroup and 53 workgroup(s)
[INFO] (1743317229) Running with 16 wavefront(s) per workgroup and 54 workgroup(s)
[INFO] (1743317234) Running with 16 wavefront(s) per workgroup and 55 workgroup(s)
[INFO] (1743317239) Running with 16 wavefront(s) per workgroup and 56 workgroup(s)
[INFO] (1743317245) Running with 16 wavefront(s) per workgroup and 57 workgroup(s)
[INFO] (1743317250) Running with 16 wavefront(s) per workgroup and 58 workgroup(s)
[INFO] (1743317255) Running with 16 wavefront(s) per workgroup and 59 workgroup(s)
[INFO] (1743317260) Running with 16 wavefront(s) per workgroup and 60 workgroup(s)
[INFO] (1743317265) Running with 16 wavefront(s) per workgroup and 61 workgroup(s)
[INFO] (1743317271) Running with 16 wavefront(s) per workgroup and 62 workgroup(s)
[INFO] (1743317276) Running with 16 wavefront(s) per workgroup and 63 workgroup(s)
[INFO] (1743317281) Running with 16 wavefront(s) per workgroup and 64 workgroup(s)
[INFO] (1743317286) Running with 16 wavefront(s) per workgroup and 65 workgroup(s)
[INFO] (1743317291) Running with 16 wavefront(s) per workgroup and 66 workgroup(s)
[INFO] (1743317297) Running with 16 wavefront(s) per workgroup and 67 workgroup(s)
[INFO] (1743317302) Running with 16 wavefront(s) per workgroup and 68 workgroup(s)
[INFO] (1743317307) Running with 16 wavefront(s) per workgroup and 69 workgroup(s)
[INFO] (1743317312) Running with 16 wavefront(s) per workgroup and 70 workgroup(s)
[INFO] (1743317317) Running with 16 wavefront(s) per workgroup and 71 workgroup(s)
[INFO] (1743317323) Running with 16 wavefront(s) per workgroup and 72 workgroup(s)
[INFO] (1743317328) Running with 16 wavefront(s) per workgroup and 73 workgroup(s)
[INFO] (1743317333) Running with 16 wavefront(s) per workgroup and 74 workgroup(s)
[INFO] (1743317338) Running with 16 wavefront(s) per workgroup and 75 workgroup(s)
[INFO] (1743317343) Running with 16 wavefront(s) per workgroup and 76 workgroup(s)
[INFO] (1743317349) Running with 16 wavefront(s) per workgroup and 77 workgroup(s)
[INFO] (1743317354) Running with 16 wavefront(s) per workgroup and 78 workgroup(s)
[INFO] (1743317359) Running with 16 wavefront(s) per workgroup and 79 workgroup(s)
[INFO] (1743317364) Running with 16 wavefront(s) per workgroup and 80 workgroup(s)
[INFO] (1743317369) Running with 16 wavefront(s) per workgroup and 81 workgroup(s)
[INFO] (1743317375) Running with 16 wavefront(s) per workgroup and 82 workgroup(s)
[INFO] (1743317380) Running with 16 wavefront(s) per workgroup and 83 workgroup(s)
[INFO] (1743317385) Running with 16 wavefront(s) per workgroup and 84 workgroup(s)
[INFO] (1743317390) Running with 16 wavefront(s) per workgroup and 85 workgroup(s)
[INFO] (1743317395) Running with 16 wavefront(s) per workgroup and 86 workgroup(s)
[INFO] (1743317401) Running with 16 wavefront(s) per workgroup and 87 workgroup(s)
[INFO] (1743317406) Running with 16 wavefront(s) per workgroup and 88 workgroup(s)
[INFO] (1743317411) Running with 16 wavefront(s) per workgroup and 89 workgroup(s)
[INFO] (1743317416) Running with 16 wavefront(s) per workgroup and 90 workgroup(s)
[INFO] (1743317421) Running with 16 wavefront(s) per workgroup and 91 workgroup(s)
[INFO] (1743317427) Running with 16 wavefront(s) per workgroup and 92 workgroup(s)
[INFO] (1743317432) Running with 16 wavefront(s) per workgroup and 93 workgroup(s)
[INFO] (1743317437) Running with 16 wavefront(s) per workgroup and 94 workgroup(s)
[INFO] (1743317442) Running with 16 wavefront(s) per workgroup and 95 workgroup(s)
[INFO] (1743317448) Running with 16 wavefront(s) per workgroup and 96 workgroup(s)
[INFO] (1743317453) Running with 16 wavefront(s) per workgroup and 97 workgroup(s)
[INFO] (1743317458) Running with 16 wavefront(s) per workgroup and 98 workgroup(s)
[INFO] (1743317463) Running with 16 wavefront(s) per workgroup and 99 workgroup(s)
[INFO] (1743317468) Running with 16 wavefront(s) per workgroup and 100 workgroup(s)
[INFO] (1743317474) Running with 16 wavefront(s) per workgroup and 101 workgroup(s)
[INFO] (1743317479) Running with 16 wavefront(s) per workgroup and 102 workgroup(s)
[INFO] (1743317484) Running with 16 wavefront(s) per workgroup and 103 workgroup(s)
[INFO] (1743317489) Running with 16 wavefront(s) per workgroup and 104 workgroup(s)
[INFO] (1743317495) Running with 16 wavefront(s) per workgroup and 105 workgroup(s)
[INFO] (1743317500) Running with 16 wavefront(s) per workgroup and 106 workgroup(s)
[INFO] (1743317505) Running with 16 wavefront(s) per workgroup and 107 workgroup(s)
[INFO] (1743317510) Running with 16 wavefront(s) per workgroup and 108 workgroup(s)
[INFO] (1743317516) Running with 16 wavefront(s) per workgroup and 109 workgroup(s)
[INFO] (1743317521) Running with 16 wavefront(s) per workgroup and 110 workgroup(s)
[INFO] (1743317526) Running with 16 wavefront(s) per workgroup and 111 workgroup(s)
[INFO] (1743317531) Running with 16 wavefront(s) per workgroup and 112 workgroup(s)
[INFO] (1743317536) Running with 16 wavefront(s) per workgroup and 113 workgroup(s)
[INFO] (1743317542) Running with 16 wavefront(s) per workgroup and 114 workgroup(s)
[INFO] (1743317547) Running with 16 wavefront(s) per workgroup and 115 workgroup(s)
[INFO] (1743317552) Running with 16 wavefront(s) per workgroup and 116 workgroup(s)
[INFO] (1743317557) Running with 16 wavefront(s) per workgroup and 117 workgroup(s)
[INFO] (1743317563) Running with 16 wavefront(s) per workgroup and 118 workgroup(s)
[INFO] (1743317568) Running with 16 wavefront(s) per workgroup and 119 workgroup(s)
[INFO] (1743317573) Running with 16 wavefront(s) per workgroup and 120 workgroup(s)
[INFO] (1743317578) Running with 16 wavefront(s) per workgroup and 121 workgroup(s)
[INFO] (1743317584) Running with 16 wavefront(s) per workgroup and 122 workgroup(s)
[INFO] (1743317589) Running with 16 wavefront(s) per workgroup and 123 workgroup(s)
[INFO] (1743317594) Running with 16 wavefront(s) per workgroup and 124 workgroup(s)
[INFO] (1743317599) Running with 16 wavefront(s) per workgroup and 125 workgroup(s)
[INFO] (1743317605) Running with 16 wavefront(s) per workgroup and 126 workgroup(s)
[INFO] (1743317610) Running with 16 wavefront(s) per workgroup and 127 workgroup(s)
[INFO] (1743317615) Running with 16 wavefront(s) per workgroup and 128 workgroup(s)
[INFO] (1743317620) Running with 16 wavefront(s) per workgroup and 129 workgroup(s)
[INFO] (1743317626) Running with 16 wavefront(s) per workgroup and 130 workgroup(s)
[INFO] (1743317631) Running with 16 wavefront(s) per workgroup and 131 workgroup(s)
[INFO] (1743317636) Running with 16 wavefront(s) per workgroup and 132 workgroup(s)
[INFO] (1743317641) Running with 16 wavefront(s) per workgroup and 133 workgroup(s)
[INFO] (1743317647) Running with 16 wavefront(s) per workgroup and 134 workgroup(s)
[INFO] (1743317652) Running with 16 wavefront(s) per workgroup and 135 workgroup(s)
[INFO] (1743317657) Running with 16 wavefront(s) per workgroup and 136 workgroup(s)
[INFO] (1743317663) Running with 16 wavefront(s) per workgroup and 137 workgroup(s)
[INFO] (1743317668) Running with 16 wavefront(s) per workgroup and 138 workgroup(s)
[INFO] (1743317673) Running with 16 wavefront(s) per workgroup and 139 workgroup(s)
[INFO] (1743317678) Running with 16 wavefront(s) per workgroup and 140 workgroup(s)
[INFO] (1743317684) Running with 16 wavefront(s) per workgroup and 141 workgroup(s)
[INFO] (1743317689) Running with 16 wavefront(s) per workgroup and 142 workgroup(s)
[INFO] (1743317694) Running with 16 wavefront(s) per workgroup and 143 workgroup(s)
[INFO] (1743317699) Running with 16 wavefront(s) per workgroup and 144 workgroup(s)
[INFO] (1743317705) Running with 16 wavefront(s) per workgroup and 145 workgroup(s)
[INFO] (1743317710) Running with 16 wavefront(s) per workgroup and 146 workgroup(s)
[INFO] (1743317715) Running with 16 wavefront(s) per workgroup and 147 workgroup(s)
[INFO] (1743317721) Running with 16 wavefront(s) per workgroup and 148 workgroup(s)
[INFO] (1743317726) Running with 16 wavefront(s) per workgroup and 149 workgroup(s)
[INFO] (1743317731) Running with 16 wavefront(s) per workgroup and 150 workgroup(s)
[INFO] (1743317736) Running with 16 wavefront(s) per workgroup and 151 workgroup(s)
[INFO] (1743317742) Running with 16 wavefront(s) per workgroup and 152 workgroup(s)
[INFO] (1743317747) Running with 16 wavefront(s) per workgroup and 153 workgroup(s)
[INFO] (1743317752) Running with 16 wavefront(s) per workgroup and 154 workgroup(s)
[INFO] (1743317758) Running with 16 wavefront(s) per workgroup and 155 workgroup(s)
[INFO] (1743317763) Running with 16 wavefront(s) per workgroup and 156 workgroup(s)
[INFO] (1743317768) Running with 16 wavefront(s) per workgroup and 157 workgroup(s)
[INFO] (1743317773) Running with 16 wavefront(s) per workgroup and 158 workgroup(s)
[INFO] (1743317779) Running with 16 wavefront(s) per workgroup and 159 workgroup(s)
[INFO] (1743317784) Running with 16 wavefront(s) per workgroup and 160 workgroup(s)
[INFO] (1743317789) Running with 16 wavefront(s) per workgroup and 161 workgroup(s)
[INFO] (1743317795) Running with 16 wavefront(s) per workgroup and 162 workgroup(s)
[INFO] (1743317800) Running with 16 wavefront(s) per workgroup and 163 workgroup(s)
[INFO] (1743317805) Running with 16 wavefront(s) per workgroup and 164 workgroup(s)
[INFO] (1743317810) Running with 16 wavefront(s) per workgroup and 165 workgroup(s)
[INFO] (1743317816) Running with 16 wavefront(s) per workgroup and 166 workgroup(s)
[INFO] (1743317821) Running with 16 wavefront(s) per workgroup and 167 workgroup(s)
[INFO] (1743317826) Running with 16 wavefront(s) per workgroup and 168 workgroup(s)
[INFO] (1743317832) Running with 16 wavefront(s) per workgroup and 169 workgroup(s)
[INFO] (1743317837) Running with 16 wavefront(s) per workgroup and 170 workgroup(s)
[INFO] (1743317842) Running with 16 wavefront(s) per workgroup and 171 workgroup(s)
[INFO] (1743317848) Running with 16 wavefront(s) per workgroup and 172 workgroup(s)
[INFO] (1743317853) Running with 16 wavefront(s) per workgroup and 173 workgroup(s)
[INFO] (1743317858) Running with 16 wavefront(s) per workgroup and 174 workgroup(s)
[INFO] (1743317864) Running with 16 wavefront(s) per workgroup and 175 workgroup(s)
[INFO] (1743317869) Running with 16 wavefront(s) per workgroup and 176 workgroup(s)
[INFO] (1743317874) Running with 16 wavefront(s) per workgroup and 177 workgroup(s)
[INFO] (1743317880) Running with 16 wavefront(s) per workgroup and 178 workgroup(s)
[INFO] (1743317885) Running with 16 wavefront(s) per workgroup and 179 workgroup(s)
[INFO] (1743317890) Running with 16 wavefront(s) per workgroup and 180 workgroup(s)
[INFO] (1743317896) Running with 16 wavefront(s) per workgroup and 181 workgroup(s)
[INFO] (1743317901) Running with 16 wavefront(s) per workgroup and 182 workgroup(s)
[INFO] (1743317907) Running with 16 wavefront(s) per workgroup and 183 workgroup(s)
[INFO] (1743317912) Running with 16 wavefront(s) per workgroup and 184 workgroup(s)
[INFO] (1743317917) Running with 16 wavefront(s) per workgroup and 185 workgroup(s)
[INFO] (1743317923) Running with 16 wavefront(s) per workgroup and 186 workgroup(s)
[INFO] (1743317928) Running with 16 wavefront(s) per workgroup and 187 workgroup(s)
[INFO] (1743317934) Running with 16 wavefront(s) per workgroup and 188 workgroup(s)
[INFO] (1743317939) Running with 16 wavefront(s) per workgroup and 189 workgroup(s)
[INFO] (1743317944) Running with 16 wavefront(s) per workgroup and 190 workgroup(s)
[INFO] (1743317950) Running with 16 wavefront(s) per workgroup and 191 workgroup(s)
[INFO] (1743317955) Running with 16 wavefront(s) per workgroup and 192 workgroup(s)
[INFO] (1743317961) Running with 16 wavefront(s) per workgroup and 193 workgroup(s)
[INFO] (1743317966) Running with 16 wavefront(s) per workgroup and 194 workgroup(s)
[INFO] (1743317971) Running with 16 wavefront(s) per workgroup and 195 workgroup(s)
[INFO] (1743317977) Running with 16 wavefront(s) per workgroup and 196 workgroup(s)
[INFO] (1743317982) Running with 16 wavefront(s) per workgroup and 197 workgroup(s)
[INFO] (1743317988) Running with 16 wavefront(s) per workgroup and 198 workgroup(s)
[INFO] (1743317993) Running with 16 wavefront(s) per workgroup and 199 workgroup(s)
[INFO] (1743317999) Running with 16 wavefront(s) per workgroup and 200 workgroup(s)
[INFO] (1743318004) Running with 16 wavefront(s) per workgroup and 201 workgroup(s)
[INFO] (1743318010) Running with 16 wavefront(s) per workgroup and 202 workgroup(s)
[INFO] (1743318015) Running with 16 wavefront(s) per workgroup and 203 workgroup(s)
[INFO] (1743318021) Running with 16 wavefront(s) per workgroup and 204 workgroup(s)
[INFO] (1743318026) Running with 16 wavefront(s) per workgroup and 205 workgroup(s)
[INFO] (1743318032) Running with 16 wavefront(s) per workgroup and 206 workgroup(s)
[INFO] (1743318037) Running with 16 wavefront(s) per workgroup and 207 workgroup(s)
[INFO] (1743318043) Running with 16 wavefront(s) per workgroup and 208 workgroup(s)
[INFO] (1743318048) Running with 16 wavefront(s) per workgroup and 209 workgroup(s)
[INFO] (1743318054) Running with 16 wavefront(s) per workgroup and 210 workgroup(s)
[INFO] (1743318059) Running with 16 wavefront(s) per workgroup and 211 workgroup(s)
[INFO] (1743318065) Running with 16 wavefront(s) per workgroup and 212 workgroup(s)
[INFO] (1743318070) Running with 16 wavefront(s) per workgroup and 213 workgroup(s)
[INFO] (1743318076) Running with 16 wavefront(s) per workgroup and 214 workgroup(s)
[INFO] (1743318082) Running with 16 wavefront(s) per workgroup and 215 workgroup(s)
[INFO] (1743318087) Running with 16 wavefront(s) per workgroup and 216 workgroup(s)
[INFO] (1743318093) Running with 16 wavefront(s) per workgroup and 217 workgroup(s)
[INFO] (1743318098) Running with 16 wavefront(s) per workgroup and 218 workgroup(s)
[INFO] (1743318104) Running with 16 wavefront(s) per workgroup and 219 workgroup(s)
[INFO] (1743318110) Running with 16 wavefront(s) per workgroup and 220 workgroup(s)
[INFO] (1743318115) Running with 16 wavefront(s) per workgroup and 221 workgroup(s)
[INFO] (1743318121) Running with 16 wavefront(s) per workgroup and 222 workgroup(s)
[INFO] (1743318127) Running with 16 wavefront(s) per workgroup and 223 workgroup(s)
[INFO] (1743318132) Running with 16 wavefront(s) per workgroup and 224 workgroup(s)
[INFO] (1743318138) Running with 16 wavefront(s) per workgroup and 225 workgroup(s)
[INFO] (1743318144) Running with 16 wavefront(s) per workgroup and 226 workgroup(s)
[INFO] (1743318149) Running with 16 wavefront(s) per workgroup and 227 workgroup(s)
[INFO] (1743318155) Running with 16 wavefront(s) per workgroup and 228 workgroup(s)
[INFO] (1743318161) Running with 16 wavefront(s) per workgroup and 229 workgroup(s)
[INFO] (1743318166) Running with 16 wavefront(s) per workgroup and 230 workgroup(s)
[INFO] (1743318172) Running with 16 wavefront(s) per workgroup and 231 workgroup(s)
[INFO] (1743318178) Running with 16 wavefront(s) per workgroup and 232 workgroup(s)
[INFO] (1743318184) Running with 16 wavefront(s) per workgroup and 233 workgroup(s)
[INFO] (1743318189) Running with 16 wavefront(s) per workgroup and 234 workgroup(s)
[INFO] (1743318195) Running with 16 wavefront(s) per workgroup and 235 workgroup(s)
[INFO] (1743318201) Running with 16 wavefront(s) per workgroup and 236 workgroup(s)
[INFO] (1743318206) Running with 16 wavefront(s) per workgroup and 237 workgroup(s)
[INFO] (1743318212) Running with 16 wavefront(s) per workgroup and 238 workgroup(s)
[INFO] (1743318218) Running with 16 wavefront(s) per workgroup and 239 workgroup(s)
[INFO] (1743318224) Running with 16 wavefront(s) per workgroup and 240 workgroup(s)
[INFO] (1743318229) Running with 16 wavefront(s) per workgroup and 241 workgroup(s)
[INFO] (1743318235) Running with 16 wavefront(s) per workgroup and 242 workgroup(s)
[INFO] (1743318241) Running with 16 wavefront(s) per workgroup and 243 workgroup(s)
[INFO] (1743318247) Running with 16 wavefront(s) per workgroup and 244 workgroup(s)
[INFO] (1743318253) Running with 16 wavefront(s) per workgroup and 245 workgroup(s)
[INFO] (1743318258) Running with 16 wavefront(s) per workgroup and 246 workgroup(s)
[INFO] (1743318264) Running with 16 wavefront(s) per workgroup and 247 workgroup(s)
[INFO] (1743318270) Running with 16 wavefront(s) per workgroup and 248 workgroup(s)
[INFO] (1743318276) Running with 16 wavefront(s) per workgroup and 249 workgroup(s)
[INFO] (1743318281) Running with 16 wavefront(s) per workgroup and 250 workgroup(s)
[INFO] (1743318287) Running with 16 wavefront(s) per workgroup and 251 workgroup(s)
[INFO] (1743318293) Running with 16 wavefront(s) per workgroup and 252 workgroup(s)
[INFO] (1743318299) Running with 16 wavefront(s) per workgroup and 253 workgroup(s)
[INFO] (1743318305) Running with 16 wavefront(s) per workgroup and 254 workgroup(s)
[INFO] (1743318311) Running with 16 wavefront(s) per workgroup and 255 workgroup(s)
[INFO] (1743318317) Running with 16 wavefront(s) per workgroup and 256 workgroup(s)
[INFO] (1743318322) Running with 16 wavefront(s) per workgroup and 257 workgroup(s)
[INFO] (1743318328) Running with 16 wavefront(s) per workgroup and 258 workgroup(s)
[INFO] (1743318334) Running with 16 wavefront(s) per workgroup and 259 workgroup(s)
[INFO] (1743318340) Running with 16 wavefront(s) per workgroup and 260 workgroup(s)
[INFO] (1743318346) Running with 16 wavefront(s) per workgroup and 261 workgroup(s)
[INFO] (1743318352) Running with 16 wavefront(s) per workgroup and 262 workgroup(s)
[INFO] (1743318358) Running with 16 wavefront(s) per workgroup and 263 workgroup(s)
[INFO] (1743318364) Running with 16 wavefront(s) per workgroup and 264 workgroup(s)
[INFO] (1743318370) Running with 16 wavefront(s) per workgroup and 265 workgroup(s)
[INFO] (1743318376) Running with 16 wavefront(s) per workgroup and 266 workgroup(s)
[INFO] (1743318382) Running with 16 wavefront(s) per workgroup and 267 workgroup(s)
[INFO] (1743318387) Running with 16 wavefront(s) per workgroup and 268 workgroup(s)
[INFO] (1743318393) Running with 16 wavefront(s) per workgroup and 269 workgroup(s)
[INFO] (1743318399) Running with 16 wavefront(s) per workgroup and 270 workgroup(s)
[INFO] (1743318405) Running with 16 wavefront(s) per workgroup and 271 workgroup(s)
[INFO] (1743318411) Running with 16 wavefront(s) per workgroup and 272 workgroup(s)
[INFO] (1743318417) Running with 16 wavefront(s) per workgroup and 273 workgroup(s)
[INFO] (1743318423) Running with 16 wavefront(s) per workgroup and 274 workgroup(s)
[INFO] (1743318429) Running with 16 wavefront(s) per workgroup and 275 workgroup(s)
[INFO] (1743318435) Running with 16 wavefront(s) per workgroup and 276 workgroup(s)
[INFO] (1743318441) Running with 16 wavefront(s) per workgroup and 277 workgroup(s)
[INFO] (1743318447) Running with 16 wavefront(s) per workgroup and 278 workgroup(s)
[INFO] (1743318453) Running with 16 wavefront(s) per workgroup and 279 workgroup(s)
[INFO] (1743318459) Running with 16 wavefront(s) per workgroup and 280 workgroup(s)
[INFO] (1743318465) Running with 16 wavefront(s) per workgroup and 281 workgroup(s)
[INFO] (1743318471) Running with 16 wavefront(s) per workgroup and 282 workgroup(s)
[INFO] (1743318477) Running with 16 wavefront(s) per workgroup and 283 workgroup(s)
[INFO] (1743318483) Running with 16 wavefront(s) per workgroup and 284 workgroup(s)
[INFO] (1743318489) Running with 16 wavefront(s) per workgroup and 285 workgroup(s)
[INFO] (1743318495) Running with 16 wavefront(s) per workgroup and 286 workgroup(s)
[INFO] (1743318502) Running with 16 wavefront(s) per workgroup and 287 workgroup(s)
[INFO] (1743318508) Running with 16 wavefront(s) per workgroup and 288 workgroup(s)
[INFO] (1743318514) Running with 16 wavefront(s) per workgroup and 289 workgroup(s)
[INFO] (1743318520) Running with 16 wavefront(s) per workgroup and 290 workgroup(s)
[INFO] (1743318526) Running with 16 wavefront(s) per workgroup and 291 workgroup(s)
[INFO] (1743318532) Running with 16 wavefront(s) per workgroup and 292 workgroup(s)
[INFO] (1743318538) Running with 16 wavefront(s) per workgroup and 293 workgroup(s)
[INFO] (1743318544) Running with 16 wavefront(s) per workgroup and 294 workgroup(s)
[INFO] (1743318550) Running with 16 wavefront(s) per workgroup and 295 workgroup(s)
[INFO] (1743318557) Running with 16 wavefront(s) per workgroup and 296 workgroup(s)
[INFO] (1743318563) Running with 16 wavefront(s) per workgroup and 297 workgroup(s)
[INFO] (1743318569) Running with 16 wavefront(s) per workgroup and 298 workgroup(s)
[INFO] (1743318575) Running with 16 wavefront(s) per workgroup and 299 workgroup(s)
[INFO] (1743318581) Running with 16 wavefront(s) per workgroup and 300 workgroup(s)
[INFO] (1743318587) Running with 16 wavefront(s) per workgroup and 301 workgroup(s)
[INFO] (1743318593) Running with 16 wavefront(s) per workgroup and 302 workgroup(s)
[INFO] (1743318600) Running with 16 wavefront(s) per workgroup and 303 workgroup(s)
[INFO] (1743318606) Running with 16 wavefront(s) per workgroup and 304 workgroup(s)
Result V_ADD2 with fp64
n_iter, n_thread, n_wg, n_wf, wf_size, wg_size, n_flops, n_bytes, time_ms, gflop/s, avg_clock, max_clock, min_clock, stdev_clock 
1073741824, 1024, 1, 16, 64, 1024, 1099511627776, 16384, 5145.67, 213.677, 7.39245e+09, 10749038738, 5380284557, 1.04432 
1073741824, 2048, 2, 16, 64, 1024, 2199023255552, 32768, 5155.55, 426.535, 7.39377e+09, 10751075045, 5381556514, 1.04432 
1073741824, 3072, 3, 16, 64, 1024, 3298534883328, 49152, 5145.08, 641.105, 7.39064e+09, 10747806259, 5379014797, 1.04432 
1073741824, 4096, 4, 16, 64, 1024, 4398046511104, 65536, 5145.98, 854.656, 7.39211e+09, 10749055761, 5379556187, 1.0443 
1073741824, 5120, 5, 16, 64, 1024, 5497558138880, 81920, 5148.26, 1067.85, 7.3901e+09, 10746587414, 5378369212, 1.04433 
1073741824, 6144, 6, 16, 64, 1024, 6597069766656, 98304, 5148.94, 1281.25, 7.39226e+09, 10748310665, 5379291987, 1.0443 
1073741824, 7168, 7, 16, 64, 1024, 7696581394432, 114688, 5155.93, 1492.76, 7.38957e+09, 10746336538, 5377625172, 1.04436 
1073741824, 8192, 8, 16, 64, 1024, 8796093022208, 131072, 5149, 1708.31, 7.38901e+09, 10746699488, 5377625300, 1.04433 
1073741824, 9216, 9, 16, 64, 1024, 9895604649984, 147456, 5146.68, 1922.72, 7.38905e+09, 10744738340, 5377625212, 1.04433 
1073741824, 10240, 10, 16, 64, 1024, 10995116277760, 163840, 5155.21, 2132.82, 7.39049e+09, 10747568298, 5378576284, 1.04432 
1073741824, 11264, 11, 16, 64, 1024, 12094627905536, 180224, 5147.74, 2349.5, 7.38912e+09, 10744738580, 5377625120, 1.04433 
1073741824, 12288, 12, 16, 64, 1024, 13194139533312, 196608, 5157.08, 2558.45, 7.39065e+09, 10750195758, 5377620344, 1.04437 
1073741824, 13312, 13, 16, 64, 1024, 14293651161088, 212992, 5145.29, 2778, 7.38911e+09, 10746361324, 5377621952, 1.04434 
1073741824, 14336, 14, 16, 64, 1024, 15393162788864, 229376, 5148.18, 2990.02, 7.38898e+09, 10746692052, 5377621308, 1.04434 
1073741824, 15360, 15, 16, 64, 1024, 16492674416640, 245760, 5163.46, 3194.11, 7.38955e+09, 10748394350, 5377620340, 1.04435 
1073741824, 16384, 16, 16, 64, 1024, 17592186044416, 262144, 5145.53, 3418.92, 7.38908e+09, 10744738608, 5377625216, 1.04433 
1073741824, 17408, 17, 16, 64, 1024, 18691697672192, 278528, 5159.55, 3622.74, 7.38893e+09, 10746691212, 5377619960, 1.04434 
1073741824, 18432, 18, 16, 64, 1024, 19791209299968, 294912, 5159.79, 3835.66, 7.38951e+09, 10747850404, 5377619308, 1.04435 
1073741824, 19456, 19, 16, 64, 1024, 20890720927744, 311296, 5145.93, 4059.66, 7.38911e+09, 10745502136, 5377622224, 1.04433 
1073741824, 20480, 20, 16, 64, 1024, 21990232555520, 327680, 5154.42, 4266.29, 7.38891e+09, 10746691204, 5377619400, 1.04435 
1073741824, 21504, 21, 16, 64, 1024, 23089744183296, 344064, 5161.26, 4473.66, 7.39199e+09, 10749798847, 5380104476, 1.0443 
1073741824, 22528, 22, 16, 64, 1024, 24189255811072, 360448, 5155.22, 4692.19, 7.38898e+09, 10746691144, 5377619816, 1.04434 
1073741824, 23552, 23, 16, 64, 1024, 25288767438848, 376832, 5158.45, 4902.4, 7.389e+09, 10746691212, 5377619928, 1.04434 
1073741824, 24576, 24, 16, 64, 1024, 26388279066624, 393216, 5168.75, 5105.35, 7.39012e+09, 10747684258, 5378006264, 1.04433 
1073741824, 25600, 25, 16, 64, 1024, 27487790694400, 409600, 5157.86, 5329.3, 7.38899e+09, 10746691720, 5377620312, 1.04434 
1073741824, 26624, 26, 16, 64, 1024, 28587302322176, 425984, 5162.73, 5537.25, 7.38896e+09, 10746691376, 5377619684, 1.04435 
1073741824, 27648, 27, 16, 64, 1024, 29686813949952, 442368, 5168.53, 5743.76, 7.39195e+09, 10749309896, 5379906035, 1.04431 
1073741824, 28672, 28, 16, 64, 1024, 30786325577728, 458752, 5152.93, 5974.53, 7.3889e+09, 10746691228, 5377619656, 1.04435 
1073741824, 29696, 29, 16, 64, 1024, 31885837205504, 475136, 5166.13, 6172.09, 7.38898e+09, 10746691244, 5377619768, 1.04434 
1073741824, 30720, 30, 16, 64, 1024, 32985348833280, 491520, 5168.22, 6382.35, 7.39043e+09, 10747259334, 5378320680, 1.04432 
1073741824, 31744, 31, 16, 64, 1024, 34084860461056, 507904, 5164.63, 6599.67, 7.38891e+09, 10746692000, 5377619828, 1.04435 
1073741824, 32768, 32, 16, 64, 1024, 35184372088832, 524288, 5160.97, 6817.39, 7.38896e+09, 10746691492, 5377619744, 1.04435 
1073741824, 33792, 33, 16, 64, 1024, 36283883716608, 540672, 5170.54, 7017.43, 7.39044e+09, 10747666082, 5378455314, 1.04432 
1073741824, 34816, 34, 16, 64, 1024, 37383395344384, 557056, 5165.41, 7237.26, 7.39041e+09, 10746691244, 5377619708, 1.04425 
1073741824, 35840, 35, 16, 64, 1024, 38482906972160, 573440, 5175.1, 7436.17, 7.39187e+09, 10750736801, 5377619864, 1.04424 
1073741824, 36864, 36, 16, 64, 1024, 39582418599936, 589824, 5158.65, 7673.02, 7.39097e+09, 10746691216, 5377619644, 1.04421 
1073741824, 37888, 37, 16, 64, 1024, 40681930227712, 606208, 5163.9, 7878.13, 7.39168e+09, 10746691200, 5377619864, 1.04416 
1073741824, 38912, 38, 16, 64, 1024, 41781441855488, 622592, 5176.33, 8071.64, 7.38981e+09, 10748399075, 5377619232, 1.04431 
1073741824, 39936, 39, 16, 64, 1024, 42880953483264, 638976, 5167, 8299, 7.39083e+09, 10746691236, 5377619768, 1.04422 
1073741824, 40960, 40, 16, 64, 1024, 43980465111040, 655360, 5167, 8511.81, 7.39206e+09, 10746691236, 5377619264, 1.04414 
1073741824, 41984, 41, 16, 64, 1024, 45079976738816, 671744, 5183.72, 8696.45, 7.39284e+09, 10747939410, 5377619880, 1.04411 
1073741824, 43008, 42, 16, 64, 1024, 46179488366592, 688128, 5164.92, 8940.99, 7.39134e+09, 10746691256, 5377619660, 1.04419 
1073741824, 44032, 43, 16, 64, 1024, 47278999994368, 704512, 5168.91, 9146.8, 7.3924e+09, 10746691268, 5377619908, 1.04411 
1073741824, 45056, 44, 16, 64, 1024, 48378511622144, 720896, 5179.18, 9340.95, 7.39363e+09, 10749408284, 5377619272, 1.04415 
1073741824, 46080, 45, 16, 64, 1024, 49478023249920, 737280, 5169.26, 9571.59, 7.39221e+09, 10746691236, 5377619780, 1.04413 
1073741824, 47104, 46, 16, 64, 1024, 50577534877696, 753664, 5172.71, 9777.77, 7.39387e+09, 10746691268, 5377619276, 1.04402 
1073741824, 48128, 47, 16, 64, 1024, 51677046505472, 770048, 5189.57, 9957.87, 7.39315e+09, 10747897987, 5377619364, 1.04411 
1073741824, 49152, 48, 16, 64, 1024, 52776558133248, 786432, 5170.54, 10207.2, 7.39255e+09, 10746691232, 5377619764, 1.0441 
1073741824, 50176, 49, 16, 64, 1024, 53876069761024, 802816, 5177.23, 10406.3, 7.39301e+09, 10746691260, 5377619760, 1.04407 
1073741824, 51200, 50, 16, 64, 1024, 54975581388800, 819200, 5182.66, 10607.6, 7.39726e+09, 10749834426, 5380195262, 1.04395 
1073741824, 52224, 51, 16, 64, 1024, 56075093016576, 835584, 5171.43, 10843.2, 7.39428e+09, 10746691212, 5377619784, 1.04398 
1073741824, 53248, 52, 16, 64, 1024, 57174604644352, 851968, 5173.67, 11051.1, 7.39375e+09, 10746691220, 5377619284, 1.04402 
1073741824, 54272, 53, 16, 64, 1024, 58274116272128, 868352, 5186.14, 11236.5, 7.39373e+09, 10748036711, 5378531073, 1.04411 
1073741824, 55296, 54, 16, 64, 1024, 59373627899904, 884736, 5181.05, 11459.8, 7.39449e+09, 10746699196, 5377619748, 1.04397 
1073741824, 56320, 55, 16, 64, 1024, 60473139527680, 901120, 5182.37, 11669, 7.39393e+09, 10746691260, 5377619376, 1.04401 
1073741824, 57344, 56, 16, 64, 1024, 61572651155456, 917504, 5189.68, 11864.4, 7.39684e+09, 10749284899, 5380183286, 1.04398 
1073741824, 58368, 57, 16, 64, 1024, 62672162783232, 933888, 5184.09, 12089.3, 7.3968e+09, 10746691236, 5377619812, 1.04381 
1073741824, 59392, 58, 16, 64, 1024, 63771674411008, 950272, 5182.72, 12304.7, 7.39669e+09, 10746699128, 5377619896, 1.04382 
1073741824, 60416, 59, 16, 64, 1024, 64871186038784, 966656, 5190.63, 12497.7, 7.39568e+09, 10747580322, 5378121542, 1.04395 
1073741824, 61440, 60, 16, 64, 1024, 65970697666560, 983040, 5181.01, 12733.2, 7.39351e+09, 10746691244, 5377619680, 1.04404 
1073741824, 62464, 61, 16, 64, 1024, 67070209294336, 999424, 5181.24, 12944.8, 7.39424e+09, 10746691228, 5377619784, 1.04399 
1073741824, 63488, 62, 16, 64, 1024, 68169720922112, 1015808, 5198.05, 13114.5, 7.39707e+09, 10749337861, 5380095887, 1.04398 
1073741824, 64512, 63, 16, 64, 1024, 69269232549888, 1032192, 5191.32, 13343.3, 7.39489e+09, 10746692028, 5377620280, 1.04394 
1073741824, 65536, 64, 16, 64, 1024, 70368744177664, 1048576, 5197.73, 13538.4, 7.39598e+09, 10748336593, 5377619388, 1.04392 
1073741824, 66560, 65, 16, 64, 1024, 71468255805440, 1064960, 5187.51, 13777, 7.39661e+09, 10746359824, 5377619948, 1.04383 
1073741824, 67584, 66, 16, 64, 1024, 72567767433216, 1081344, 5191.27, 13978.8, 7.39535e+09, 10746691208, 5377619368, 1.04391 
1073741824, 68608, 67, 16, 64, 1024, 73667279060992, 1097728, 5199.2, 14169, 7.39455e+09, 10750089751, 5377619768, 1.04405 
1073741824, 69632, 68, 16, 64, 1024, 74766790688768, 1114112, 5189.49, 14407.3, 7.39449e+09, 10746691208, 5377616804, 1.04397 
1073741824, 70656, 69, 16, 64, 1024, 75866302316544, 1130496, 5191.05, 14614.8, 7.3947e+09, 10746691200, 5377616900, 1.04395 
1073741824, 71680, 70, 16, 64, 1024, 76965813944320, 1146880, 5207.76, 14779.1, 7.39505e+09, 10748752540, 5377619232, 1.044 
1073741824, 72704, 71, 16, 64, 1024, 78065325572096, 1163264, 5197.48, 15019.8, 7.39667e+09, 10746691224, 5377619980, 1.04382 
1073741824, 73728, 72, 16, 64, 1024, 79164837199872, 1179648, 5194.89, 15239, 7.39726e+09, 10746691172, 5377619280, 1.04378 
1073741824, 74752, 73, 16, 64, 1024, 80264348827648, 1196032, 5208.5, 15410.3, 7.39729e+09, 10750213416, 5377619724, 1.04392 
1073741824, 75776, 74, 16, 64, 1024, 81363860455424, 1212416, 5194.47, 15663.5, 7.39604e+09, 10746692416, 5377620184, 1.04387 
1073741824, 76800, 75, 16, 64, 1024, 82463372083200, 1228800, 5195.1, 15873.3, 7.39592e+09, 10746691204, 5377619392, 1.04387 
1073741824, 77824, 76, 16, 64, 1024, 83562883710976, 1245184, 5206.45, 16049.9, 7.39594e+09, 10748729074, 5377616388, 1.04395 
1073741824, 78848, 77, 16, 64, 1024, 84662395338752, 1261568, 5198.69, 16285.3, 7.3964e+09, 10746699212, 5377619952, 1.04384 
1073741824, 79872, 78, 16, 64, 1024, 85761906966528, 1277952, 5203.94, 16480.2, 7.39629e+09, 10746691176, 5377619408, 1.04385 
1073741824, 80896, 79, 16, 64, 1024, 86861418594304, 1294336, 5212.85, 16662.9, 7.39983e+09, 10750114752, 5380923452, 1.0438 
1073741824, 81920, 80, 16, 64, 1024, 87960930222080, 1310720, 5203.98, 16902.6, 7.39614e+09, 10746691240, 5377620352, 1.04386 
1073741824, 82944, 81, 16, 64, 1024, 89060441849856, 1327104, 5204.43, 17112.4, 7.39479e+09, 10746691196, 5377619256, 1.04395 
1073741824, 83968, 82, 16, 64, 1024, 90159953477632, 1343488, 5213.08, 17294.9, 7.39779e+09, 10748524132, 5379041893, 1.04384 
1073741824, 84992, 83, 16, 64, 1024, 91259465105408, 1359872, 5204.05, 17536.2, 7.39647e+09, 10746177552, 5377620148, 1.04384 
1073741824, 86016, 84, 16, 64, 1024, 92358976733184, 1376256, 5204.11, 17747.3, 7.39579e+09, 10746699156, 5377619652, 1.04389 
1073741824, 87040, 85, 16, 64, 1024, 93458488360960, 1392640, 5218.57, 17908.8, 7.39915e+09, 10750463337, 5380749447, 1.04384 
1073741824, 88064, 86, 16, 64, 1024, 94557999988736, 1409024, 5214.1, 18135, 7.3962e+09, 10746691200, 5377616772, 1.04386 
1073741824, 89088, 87, 16, 64, 1024, 95657511616512, 1425408, 5212.45, 18351.7, 7.39697e+09, 10746691156, 5377619616, 1.0438 
1073741824, 90112, 88, 16, 64, 1024, 96757023244288, 1441792, 5222.35, 18527.5, 7.39783e+09, 10748244944, 5378582285, 1.04384 
1073741824, 91136, 89, 16, 64, 1024, 97856534872064, 1458176, 5215.58, 18762.3, 7.39541e+09, 10746691200, 5377616572, 1.04391 
1073741824, 92160, 90, 16, 64, 1024, 98956046499840, 1474560, 5221.34, 18952.2, 7.3972e+09, 10750290991, 5377616840, 1.04388 
1073741824, 93184, 91, 16, 64, 1024, 100055558127616, 1490944, 5212.75, 19194.4, 7.39608e+09, 10746691092, 5377616812, 1.04386 
1073741824, 94208, 92, 16, 64, 1024, 101155069755392, 1507328, 5210.35, 19414.3, 7.39656e+09, 10746691200, 5377619692, 1.04383 
1073741824, 95232, 93, 16, 64, 1024, 102254581383168, 1523712, 5224.88, 19570.7, 7.39651e+09, 10748714133, 5377616884, 1.04388 
1073741824, 96256, 94, 16, 64, 1024, 103354093010944, 1540096, 5222.5, 19790.2, 7.39689e+09, 10746691220, 5377619960, 1.04381 
1073741824, 97280, 95, 16, 64, 1024, 104453604638720, 1556480, 5217.43, 20020.1, 7.3963e+09, 10746691184, 5377616772, 1.04385 
1073741824, 98304, 96, 16, 64, 1024, 105553116266496, 1572864, 5230.5, 20180.3, 7.39821e+09, 10749949062, 5377619632, 1.04386 
1073741824, 99328, 97, 16, 64, 1024, 106652627894272, 1589248, 5218.99, 20435.5, 7.39617e+09, 10746691224, 5377616800, 1.04386 
1073741824, 100352, 98, 16, 64, 1024, 107752139522048, 1605632, 5220.22, 20641.3, 7.39682e+09, 10746691192, 5377616660, 1.04382 
1073741824, 101376, 99, 16, 64, 1024, 108851651149824, 1622016, 5229.99, 20813, 7.39691e+09, 10748356075, 5377616596, 1.04385 
1073741824, 102400, 100, 16, 64, 1024, 109951162777600, 1638400, 5219.53, 21065.3, 7.39792e+09, 10746691236, 5377620256, 1.04374 
1073741824, 103424, 101, 16, 64, 1024, 111050674405376, 1654784, 5223.89, 21258.2, 7.39752e+09, 10746691224, 5377616272, 1.04376 
1073741824, 104448, 102, 16, 64, 1024, 112150186033152, 1671168, 5239.36, 21405.3, 7.40019e+09, 10750020632, 5380664934, 1.04376 
1073741824, 105472, 103, 16, 64, 1024, 113249697660928, 1687552, 5225.85, 21671, 7.39719e+09, 10746691228, 5377620216, 1.04379 
1073741824, 106496, 104, 16, 64, 1024, 114349209288704, 1703936, 5230.98, 21860, 7.39632e+09, 10746692464, 5377616468, 1.04385 
1073741824, 107520, 105, 16, 64, 1024, 115448720916480, 1720320, 5236.74, 22045.9, 7.39764e+09, 10747721069, 5378049412, 1.04382 
1073741824, 108544, 106, 16, 64, 1024, 116548232544256, 1736704, 5231.05, 22280.1, 7.39739e+09, 10746699068, 5377616884, 1.04377 
1073741824, 109568, 107, 16, 64, 1024, 117647744172032, 1753088, 5229.1, 22498.7, 7.39731e+09, 10746692196, 5377616600, 1.04378 
1073741824, 110592, 108, 16, 64, 1024, 118747255799808, 1769472, 5238.88, 22666.6, 7.40019e+09, 10749926345, 5379954515, 1.04375 
1073741824, 111616, 109, 16, 64, 1024, 119846767427584, 1785856, 5233.16, 22901.4, 7.39743e+09, 10746691284, 5377617320, 1.04377 
1073741824, 112640, 110, 16, 64, 1024, 120946279055360, 1802240, 5231.72, 23117.9, 7.39657e+09, 10746691248, 5377616840, 1.04383 
1073741824, 113664, 111, 16, 64, 1024, 122045790683136, 1818624, 5245.71, 23265.8, 7.39835e+09, 10747316418, 5378289742, 1.04377 
1073741824, 114688, 112, 16, 64, 1024, 123145302310912, 1835008, 5236.29, 23517.7, 7.39787e+09, 10746691232, 5377617052, 1.04374 
1073741824, 115712, 113, 16, 64, 1024, 124244813938688, 1851392, 5250.18, 23664.9, 7.39803e+09, 10748129849, 5377616520, 1.04377 
1073741824, 116736, 114, 16, 64, 1024, 125344325566464, 1867776, 5236.35, 23937.3, 7.39793e+09, 10746691240, 5377617108, 1.04374 
1073741824, 117760, 115, 16, 64, 1024, 126443837194240, 1884160, 5237.05, 24144.1, 7.39733e+09, 10746692508, 5377616780, 1.04378 
1073741824, 118784, 116, 16, 64, 1024, 127543348822016, 1900544, 5244.48, 24319.5, 7.39848e+09, 10750976350, 5377616712, 1.04379 
1073741824, 119808, 117, 16, 64, 1024, 128642860449792, 1916928, 5240.1, 24549.7, 7.39729e+09, 10746594324, 5377616856, 1.04378 
1073741824, 120832, 118, 16, 64, 1024, 129742372077568, 1933312, 5243.44, 24743.8, 7.39715e+09, 10746691200, 5377619272, 1.04379 
1073741824, 121856, 119, 16, 64, 1024, 130841883705344, 1949696, 5255.67, 24895.4, 7.39798e+09, 10747981119, 5377619136, 1.04378 
1073741824, 122880, 120, 16, 64, 1024, 131941395333120, 1966080, 5244.78, 25156.7, 7.39748e+09, 10746691056, 5377620548, 1.04377 
1073741824, 123904, 121, 16, 64, 1024, 133040906960896, 1982464, 5248.15, 25350, 7.39733e+09, 10746691204, 5377619644, 1.04378 
1073741824, 124928, 122, 16, 64, 1024, 134140418588672, 1998848, 5254.95, 25526.5, 7.40035e+09, 10750231270, 5379320473, 1.04374 
1073741824, 125952, 123, 16, 64, 1024, 135239930216448, 2015232, 5248.69, 25766.4, 7.39789e+09, 10746691648, 5377616792, 1.04374 
1073741824, 126976, 124, 16, 64, 1024, 136339441844224, 2031616, 5243.38, 26002.2, 7.39835e+09, 10746691216, 5377616468, 1.04371 
1073741824, 128000, 125, 16, 64, 1024, 137438953472000, 2048000, 5260.38, 26127.2, 7.39968e+09, 10747534967, 5377433788, 1.04368 
1073741824, 129024, 126, 16, 64, 1024, 138538465099776, 2064384, 5253.98, 26368.3, 7.39784e+09, 10746699460, 5377617796, 1.04374 
1073741824, 130048, 127, 16, 64, 1024, 139637976727552, 2080768, 5257.56, 26559.5, 7.39793e+09, 10746691820, 5377619728, 1.04374 
1073741824, 131072, 128, 16, 64, 1024, 140737488355328, 2097152, 5266.35, 26723.9, 7.40091e+09, 10749679326, 5379883412, 1.0437 
1073741824, 132096, 129, 16, 64, 1024, 141836999983104, 2113536, 5255.93, 26986.1, 7.39801e+09, 10746691816, 5377617612, 1.04373 
1073741824, 133120, 130, 16, 64, 1024, 142936511610880, 2129920, 5254.06, 27205, 7.39849e+09, 10746691220, 5377619640, 1.0437 
1073741824, 134144, 131, 16, 64, 1024, 144036023238656, 2146304, 5262.83, 27368.5, 7.39879e+09, 10747701035, 5377923642, 1.04374 
1073741824, 135168, 132, 16, 64, 1024, 145135534866432, 2162688, 5254.24, 27622.6, 7.39727e+09, 10746691368, 5377619812, 1.04378 
1073741824, 136192, 133, 16, 64, 1024, 146235046494208, 2179072, 5269.65, 27750.4, 7.39865e+09, 10750499678, 5377619640, 1.04378 
1073741824, 137216, 134, 16, 64, 1024, 147334558121984, 2195456, 5266.05, 27978.2, 7.3977e+09, 10746691472, 5377619812, 1.04375 
1073741824, 138240, 135, 16, 64, 1024, 148434069749760, 2211840, 5262.15, 28207.9, 7.39776e+09, 10746691288, 5377619688, 1.04375 
1073741824, 139264, 136, 16, 64, 1024, 149533581377536, 2228224, 5276.66, 28338.7, 7.3978e+09, 10748636892, 5377619220, 1.04378 
1073741824, 140288, 137, 16, 64, 1024, 150633093005312, 2244608, 5266.44, 28602.5, 7.39772e+09, 10746691380, 5377617264, 1.04376 
1073741824, 141312, 138, 16, 64, 1024, 151732604633088, 2260992, 5264.16, 28823.7, 7.3979e+09, 10746691256, 5377619632, 1.04374 
1073741824, 142336, 139, 16, 64, 1024, 152832116260864, 2277376, 5273.13, 28983.2, 7.39827e+09, 10748346381, 5377616752, 1.04377 
1073741824, 143360, 140, 16, 64, 1024, 153931627888640, 2293760, 5263.76, 29243.7, 7.39766e+09, 10746691456, 5377616808, 1.04376 
1073741824, 144384, 141, 16, 64, 1024, 155031139516416, 2310144, 5270.95, 29412.4, 7.39717e+09, 10746692200, 5377616848, 1.04379 
1073741824, 145408, 142, 16, 64, 1024, 156130651144192, 2326528, 5284.55, 29544.7, 7.40004e+09, 10750326391, 5379900395, 1.04376 
1073741824, 146432, 143, 16, 64, 1024, 157230162771968, 2342912, 5272.9, 29818.6, 7.3978e+09, 10746691232, 5377616416, 1.04375 
1073741824, 147456, 144, 16, 64, 1024, 158329674399744, 2359296, 5274.37, 30018.7, 7.39771e+09, 10746691328, 5377619716, 1.04375 
1073741824, 148480, 145, 16, 64, 1024, 159429186027520, 2375680, 5285, 30166.4, 7.39887e+09, 10747595475, 5377936876, 1.04373 
1073741824, 149504, 146, 16, 64, 1024, 160528697655296, 2392064, 5274.7, 30433.7, 7.39784e+09, 10746691156, 5377619768, 1.04375 
1073741824, 150528, 147, 16, 64, 1024, 161628209283072, 2408448, 5271.18, 30662.6, 7.39822e+09, 10746691380, 5377619300, 1.04372 
1073741824, 151552, 148, 16, 64, 1024, 162727720910848, 2424832, 5279.88, 30820.3, 7.40121e+09, 10749445469, 5380051964, 1.04368 
1073741824, 152576, 149, 16, 64, 1024, 163827232538624, 2441216, 5279.98, 31028, 7.39833e+09, 10746692240, 5377619972, 1.04371 
1073741824, 153600, 150, 16, 64, 1024, 164926744166400, 2457600, 5281.87, 31225.1, 7.39835e+09, 10746691240, 5377616736, 1.04371 
1073741824, 154624, 151, 16, 64, 1024, 166026255794176, 2473984, 5290.18, 31383.9, 7.39976e+09, 10747913497, 5378471337, 1.0437 
1073741824, 155648, 152, 16, 64, 1024, 167125767421952, 2490368, 5281.97, 31640.8, 7.39827e+09, 10746691492, 5377616692, 1.04371 
1073741824, 156672, 153, 16, 64, 1024, 168225279049728, 2506752, 5290.21, 31799.4, 7.39841e+09, 10750801771, 5377619612, 1.04375 
1073741824, 157696, 154, 16, 64, 1024, 169324790677504, 2523136, 5279.04, 32074.9, 7.39816e+09, 10746691556, 5377619776, 1.04372 
1073741824, 158720, 155, 16, 64, 1024, 170424302305280, 2539520, 5282.65, 32261.1, 7.3984e+09, 10746691256, 5377616460, 1.04371 
1073741824, 159744, 156, 16, 64, 1024, 171523813933056, 2555904, 5290.05, 32423.8, 7.39969e+09, 10750642173, 5377619560, 1.04376 
1073741824, 160768, 157, 16, 64, 1024, 172623325560832, 2572288, 5285.6, 32659.2, 7.39783e+09, 10746691508, 5377616944, 1.04375 
1073741824, 161792, 158, 16, 64, 1024, 173722837188608, 2588672, 5290.78, 32835, 7.39869e+09, 10746691212, 5377619256, 1.04369 
1073741824, 162816, 159, 16, 64, 1024, 174822348816384, 2605056, 5300.14, 32984.5, 7.39904e+09, 10748618592, 5377619112, 1.04373 
1073741824, 163840, 160, 16, 64, 1024, 175921860444160, 2621440, 5292.31, 33241, 7.39843e+09, 10746692060, 5377618016, 1.0437 
1073741824, 164864, 161, 16, 64, 1024, 177021372071936, 2637824, 5290.1, 33462.7, 7.39772e+09, 10746691228, 5377616732, 1.04375 
1073741824, 165888, 162, 16, 64, 1024, 178120883699712, 2654208, 5302.54, 33591.6, 7.40186e+09, 10750407910, 5380838601, 1.04366 
1073741824, 166912, 163, 16, 64, 1024, 179220395327488, 2670592, 5293.28, 33858.1, 7.39855e+09, 10746691380, 5377617016, 1.0437 
1073741824, 167936, 164, 16, 64, 1024, 180319906955264, 2686976, 5292.48, 34070.9, 7.39787e+09, 10746691224, 5377616576, 1.04374 
1073741824, 168960, 165, 16, 64, 1024, 181419418583040, 2703360, 5307.78, 34179.9, 7.40014e+09, 10747914099, 5378641737, 1.04368 
1073741824, 169984, 166, 16, 64, 1024, 182518930210816, 2719744, 5303.4, 34415.4, 7.39806e+09, 10746691224, 5377616700, 1.04373 
1073741824, 171008, 167, 16, 64, 1024, 183618441838592, 2736128, 5303.96, 34619.1, 7.39845e+09, 10746691224, 5377616604, 1.0437 
1073741824, 172032, 168, 16, 64, 1024, 184717953466368, 2752512, 5314.13, 34759.8, 7.40182e+09, 10749632639, 5380375520, 1.04364 
1073741824, 173056, 169, 16, 64, 1024, 185817465094144, 2768896, 5306.13, 35019.4, 7.39851e+09, 10746691916, 5377617352, 1.0437 
1073741824, 174080, 170, 16, 64, 1024, 186916976721920, 2785280, 5319.14, 35140.5, 7.39883e+09, 10749058488, 5377619236, 1.04372 
1073741824, 175104, 171, 16, 64, 1024, 188016488349696, 2801664, 5310.69, 35403.4, 7.39797e+09, 10746691848, 5377616632, 1.04374 
1073741824, 176128, 172, 16, 64, 1024, 189115999977472, 2818048, 5317.13, 35567.3, 7.39875e+09, 10746691188, 5377619580, 1.04368 
1073741824, 177152, 173, 16, 64, 1024, 190215511605248, 2834432, 5330.13, 35686.8, 7.40031e+09, 10750816832, 5377616592, 1.04371 
1073741824, 178176, 174, 16, 64, 1024, 191315023233024, 2850816, 5332.81, 35875.1, 7.39865e+09, 10746692264, 5377617064, 1.04369 
1073741824, 179200, 175, 16, 64, 1024, 192414534860800, 2867200, 5338.98, 36039.6, 7.3983e+09, 10746691904, 5377616632, 1.04371 
1073741824, 180224, 176, 16, 64, 1024, 193514046488576, 2883584, 5357.83, 36118, 7.40165e+09, 10750131599, 5379987442, 1.04364 
1073741824, 181248, 177, 16, 64, 1024, 194613558116352, 2899968, 5348.2, 36388.6, 7.39805e+09, 10746691480, 5377616668, 1.04373 
1073741824, 182272, 178, 16, 64, 1024, 195713069744128, 2916352, 5357.75, 36529, 7.3987e+09, 10746691416, 5377616644, 1.04369 
1073741824, 183296, 179, 16, 64, 1024, 196812581371904, 2932736, 5366.71, 36672.9, 7.40066e+09, 10748241489, 5379084719, 1.04365 
1073741824, 184320, 180, 16, 64, 1024, 197912092999680, 2949120, 5359.63, 36926.5, 7.39875e+09, 10746691348, 5377616680, 1.04368 
1073741824, 185344, 181, 16, 64, 1024, 199011604627456, 2965504, 5377.22, 37010.1, 7.39799e+09, 10746691604, 5377619268, 1.04374 
1073741824, 186368, 182, 16, 64, 1024, 200111116255232, 2981888, 5391.71, 37114.6, 7.39955e+09, 10747778530, 5378354526, 1.04369 
1073741824, 187392, 183, 16, 64, 1024, 201210627883008, 2998272, 5390.24, 37328.7, 7.39862e+09, 10746691212, 5377617320, 1.04369 
1073741824, 188416, 184, 16, 64, 1024, 202310139510784, 3014656, 5405.3, 37428.1, 7.39969e+09, 10749979503, 5377616780, 1.04371 
1073741824, 189440, 185, 16, 64, 1024, 203409651138560, 3031040, 5398.9, 37676.1, 7.39836e+09, 10746691460, 5377617000, 1.04371 
1073741824, 190464, 186, 16, 64, 1024, 204509162766336, 3047424, 5400.28, 37870.1, 7.39868e+09, 10746691232, 5377616496, 1.04369 
1073741824, 191488, 187, 16, 64, 1024, 205608674394112, 3063808, 5412.07, 37990.7, 7.40014e+09, 10748962057, 5377616320, 1.04367 
1073741824, 192512, 188, 16, 64, 1024, 206708186021888, 3080192, 5405.16, 38242.7, 7.39915e+09, 10746692096, 5377620304, 1.04366 
1073741824, 193536, 189, 16, 64, 1024, 207807697649664, 3096576, 5409.55, 38414.9, 7.39933e+09, 10746691204, 5377619452, 1.04364 
1073741824, 194560, 190, 16, 64, 1024, 208907209277440, 3112960, 5431.32, 38463.4, 7.40156e+09, 10749661515, 5379842715, 1.04366 
1073741824, 195584, 191, 16, 64, 1024, 210006720905216, 3129344, 5419.85, 38747.7, 7.39912e+09, 10746434696, 5377617136, 1.04366 
1073741824, 196608, 192, 16, 64, 1024, 211106232532992, 3145728, 5425.38, 38910.9, 7.3985e+09, 10746691312, 5377616432, 1.0437 
1073741824, 197632, 193, 16, 64, 1024, 212205744160768, 3162112, 5436.73, 39031.9, 7.40053e+09, 10748823407, 5378598994, 1.04366 
1073741824, 198656, 194, 16, 64, 1024, 213305255788544, 3178496, 5432.16, 39267.1, 7.39844e+09, 10746692168, 5377616848, 1.0437 
1073741824, 199680, 195, 16, 64, 1024, 214404767416320, 3194880, 5439.49, 39416.3, 7.39872e+09, 10750105422, 5377616672, 1.04377 
1073741824, 200704, 196, 16, 64, 1024, 215504279044096, 3211264, 5435.93, 39644.4, 7.39849e+09, 10746691308, 5377616884, 1.0437 
1073741824, 201728, 197, 16, 64, 1024, 216603790671872, 3227648, 5444.65, 39782.9, 7.39853e+09, 10746691180, 5377616392, 1.0437 
1073741824, 202752, 198, 16, 64, 1024, 217703302299648, 3244032, 5468.9, 39807.5, 7.39925e+09, 10748851692, 5377616440, 1.0437 
1073741824, 203776, 199, 16, 64, 1024, 218802813927424, 3260416, 5458.25, 40086.6, 7.39855e+09, 10746246484, 5377619808, 1.04369 
1073741824, 204800, 200, 16, 64, 1024, 219902325555200, 3276800, 5472.9, 40180.2, 7.39875e+09, 10746691240, 5377616972, 1.04368 
1073741824, 205824, 201, 16, 64, 1024, 221001837182976, 3293184, 5485.36, 40289.4, 7.40175e+09, 10750378068, 5380103338, 1.04366 
1073741824, 206848, 202, 16, 64, 1024, 222101348810752, 3309568, 5479.39, 40533.9, 7.39919e+09, 10746691100, 5377616660, 1.04366 
1073741824, 207872, 203, 16, 64, 1024, 223200860438528, 3325952, 5488, 40670.7, 7.39933e+09, 10746691224, 5377616980, 1.04364 
1073741824, 208896, 204, 16, 64, 1024, 224300372066304, 3342336, 5500.6, 40777.4, 7.39984e+09, 10747252029, 5378272797, 1.04367 
1073741824, 209920, 205, 16, 64, 1024, 225399883694080, 3358720, 5505.41, 40941.5, 7.39913e+09, 10746691512, 5377616696, 1.04366 
1073741824, 210944, 206, 16, 64, 1024, 226499395321856, 3375104, 5519.09, 41039.3, 7.39983e+09, 10750245091, 5377616332, 1.0437 
1073741824, 211968, 207, 16, 64, 1024, 227598906949632, 3391488, 5522.31, 41214.4, 7.39892e+09, 10746691328, 5377616512, 1.04367 
1073741824, 212992, 208, 16, 64, 1024, 228698418577408, 3407872, 5531.01, 41348.4, 7.39897e+09, 10746691952, 5377616692, 1.04367 
1073741824, 214016, 209, 16, 64, 1024, 229797930205184, 3424256, 5532.08, 41539.1, 7.39954e+09, 10748579010, 5377616512, 1.0437 
1073741824, 215040, 210, 16, 64, 1024, 230897441832960, 3440640, 5546.35, 41630.5, 7.39902e+09, 10746691368, 5377616820, 1.04367 
1073741824, 216064, 211, 16, 64, 1024, 231996953460736, 3457024, 5550.64, 41796.4, 7.39917e+09, 10746691796, 5377619492, 1.04365 
1073741824, 217088, 212, 16, 64, 1024, 233096465088512, 3473408, 5565.02, 41886, 7.40018e+09, 10748478699, 5378745585, 1.04367 
1073741824, 218112, 213, 16, 64, 1024, 234195976716288, 3489792, 5579.4, 41975.1, 7.39911e+09, 10746692220, 5377616700, 1.04366 
1073741824, 219136, 214, 16, 64, 1024, 235295488344064, 3506176, 5580.96, 42160.4, 7.39964e+09, 10746691176, 5377619500, 1.04362 
1073741824, 220160, 215, 16, 64, 1024, 236394999971840, 3522560, 5604.08, 42182.6, 7.40242e+09, 10749912448, 5380580342, 1.04362 
1073741824, 221184, 216, 16, 64, 1024, 237494511599616, 3538944, 5607.24, 42355, 7.39921e+09, 10746691476, 5377619772, 1.04365 
1073741824, 222208, 217, 16, 64, 1024, 238594023227392, 3555328, 5615.38, 42489.4, 7.40042e+09, 10748951675, 5377619152, 1.04365 
1073741824, 223232, 218, 16, 64, 1024, 239693534855168, 3571712, 5621.45, 42639.1, 7.39912e+09, 10746691568, 5377620248, 1.04366 
1073741824, 224256, 219, 16, 64, 1024, 240793046482944, 3588096, 5626.78, 42794.1, 7.39916e+09, 10746691264, 5377616484, 1.04366 
1073741824, 225280, 220, 16, 64, 1024, 241892558110720, 3604480, 5643.4, 42862.9, 7.40261e+09, 10750167777, 5380545887, 1.0436 
1073741824, 226304, 221, 16, 64, 1024, 242992069738496, 3620864, 5639.13, 43090.4, 7.39885e+09, 10746691172, 5377616812, 1.04368 
1073741824, 227328, 222, 16, 64, 1024, 244091581366272, 3637248, 5655.2, 43162.3, 7.39891e+09, 10746691260, 5377619228, 1.04367 
1073741824, 228352, 223, 16, 64, 1024, 245191092994048, 3653632, 5661.82, 43306.1, 7.40244e+09, 10749611908, 5380376416, 1.0436 
1073741824, 229376, 224, 16, 64, 1024, 246290604621824, 3670016, 5669.32, 43442.7, 7.39906e+09, 10746691620, 5377616680, 1.04366 
1073741824, 230400, 225, 16, 64, 1024, 247390116249600, 3686400, 5690.81, 43471.9, 7.39973e+09, 10748612142, 5377616292, 1.04368 
1073741824, 231424, 226, 16, 64, 1024, 248489627877376, 3702784, 5648.45, 43992.6, 7.3991e+09, 10746691668, 5377618028, 1.04366 
1073741824, 232448, 227, 16, 64, 1024, 249589139505152, 3719168, 5684.88, 43904.1, 7.39901e+09, 10746691212, 5377619564, 1.04367 
1073741824, 233472, 228, 16, 64, 1024, 250688651132928, 3735552, 5707.54, 43922.4, 7.40023e+09, 10747956306, 5378537769, 1.04365 
1073741824, 234496, 229, 16, 64, 1024, 251788162760704, 3751936, 5708.47, 44107.9, 7.39925e+09, 10746691540, 5377617872, 1.04365 
1073741824, 235520, 230, 16, 64, 1024, 252887674388480, 3768320, 5724.33, 44177.7, 7.40033e+09, 10749520213, 5377616700, 1.04366 
1073741824, 236544, 231, 16, 64, 1024, 253987186016256, 3784704, 5716.66, 44429.3, 7.3993e+09, 10746169816, 5377619940, 1.04365 
1073741824, 237568, 232, 16, 64, 1024, 255086697644032, 3801088, 5693.75, 44801.2, 7.39912e+09, 10746691220, 5377616704, 1.04366 
1073741824, 238592, 233, 16, 64, 1024, 256186209271808, 3817472, 5737.35, 44652.4, 7.39927e+09, 10748306441, 5377616652, 1.04371 
1073741824, 239616, 234, 16, 64, 1024, 257285720899584, 3833856, 5727.24, 44923.2, 7.39961e+09, 10746169740, 5377620188, 1.04363 
1073741824, 240640, 235, 16, 64, 1024, 258385232527360, 3850240, 5735.97, 45046.5, 7.3992e+09, 10746691216, 5377619268, 1.04365 
1073741824, 241664, 236, 16, 64, 1024, 259484744155136, 3866624, 5745.35, 45164.3, 7.4021e+09, 10749801218, 5380512862, 1.04363 
1073741824, 242688, 237, 16, 64, 1024, 260584255782912, 3883008, 5743.43, 45370.9, 7.39881e+09, 10746692056, 5377616800, 1.04368 
1073741824, 243712, 238, 16, 64, 1024, 261683767410688, 3899392, 5760.71, 45425.6, 7.39964e+09, 10748486437, 5377616240, 1.04365 
1073741824, 244736, 239, 16, 64, 1024, 262783279038464, 3915776, 5715.4, 45978.1, 7.39926e+09, 10746692164, 5377617692, 1.04365 
1073741824, 245760, 240, 16, 64, 1024, 263882790666240, 3932160, 5756.8, 45838.5, 7.39898e+09, 10746691332, 5377616500, 1.04367 
1073741824, 246784, 241, 16, 64, 1024, 264982302294016, 3948544, 5778.87, 45853.6, 7.40182e+09, 10750464715, 5380296409, 1.04364 
1073741824, 247808, 242, 16, 64, 1024, 266081813921792, 3964928, 5766.64, 46141.6, 7.39935e+09, 10746691572, 5377620108, 1.04364 
1073741824, 248832, 243, 16, 64, 1024, 267181325549568, 3981312, 5768.6, 46316.5, 7.39886e+09, 10746691176, 5377616408, 1.04368 
1073741824, 249856, 244, 16, 64, 1024, 268280837177344, 3997696, 5787.62, 46354.2, 7.40023e+09, 10747412312, 5378248949, 1.04364 
1073741824, 250880, 245, 16, 64, 1024, 269380348805120, 4014080, 5753.22, 46822.5, 7.39931e+09, 10746691576, 5377616876, 1.04365 
1073741824, 251904, 246, 16, 64, 1024, 270479860432896, 4030464, 5810.27, 46552, 7.4009e+09, 10750100687, 5377616412, 1.04368 
1073741824, 252928, 247, 16, 64, 1024, 271579372060672, 4046848, 5770.4, 47064.2, 7.39893e+09, 10746699532, 5377616768, 1.04367 
1073741824, 253952, 248, 16, 64, 1024, 272678883688448, 4063232, 5809.51, 46936.6, 7.39907e+09, 10746691912, 5377616612, 1.04366 
1073741824, 254976, 249, 16, 64, 1024, 273778395316224, 4079616, 5795.19, 47242.3, 7.40026e+09, 10747836211, 5378121671, 1.04364 
1073741824, 256000, 250, 16, 64, 1024, 274877906944000, 4096000, 5839.98, 47068.3, 7.39932e+09, 10746691512, 5377616820, 1.04365 
1073741824, 257024, 251, 16, 64, 1024, 275977418571776, 4112384, 5854.48, 47139.5, 7.3998e+09, 10750051799, 5377617104, 1.0437 
1073741824, 258048, 252, 16, 64, 1024, 277076930199552, 4128768, 5850.74, 47357.6, 7.39884e+09, 10746691688, 5377620380, 1.04368 
1073741824, 259072, 253, 16, 64, 1024, 278176441827328, 4145152, 5856.36, 47499.9, 7.39866e+09, 10746691156, 5377616408, 1.04369 
1073741824, 260096, 254, 16, 64, 1024, 279275953455104, 4161536, 5860.94, 47650.4, 7.40058e+09, 10749112752, 5378340099, 1.04365 
1073741824, 261120, 255, 16, 64, 1024, 280375465082880, 4177920, 5836.18, 48040.9, 7.39893e+09, 10746691480, 5377617480, 1.04367 
1073741824, 262144, 256, 16, 64, 1024, 281474976710656, 4194304, 5905.24, 47665.3, 7.3993e+09, 10747892250, 5377617500, 1.04368 
1073741824, 263168, 257, 16, 64, 1024, 282574488338432, 4210688, 5858.28, 48235, 7.39932e+09, 10746691976, 5377620764, 1.04364 
1073741824, 264192, 258, 16, 64, 1024, 283673999966208, 4227072, 5910.2, 47997.4, 7.3991e+09, 10746200172, 5377617936, 1.04366 
1073741824, 265216, 259, 16, 64, 1024, 284773511593984, 4243456, 5917.25, 48126, 7.40258e+09, 10749823891, 5380296744, 1.0436 
1073741824, 266240, 260, 16, 64, 1024, 285873023221760, 4259840, 5925.02, 48248.5, 7.3995e+09, 10746170940, 5377621684, 1.04363 
1073741824, 267264, 261, 16, 64, 1024, 286972534849536, 4276224, 5882.86, 48781.1, 7.39945e+09, 10746169860, 5377621016, 1.04364 
1073741824, 268288, 262, 16, 64, 1024, 288072046477312, 4292608, 5886.13, 48940.8, 7.40239e+09, 10749646844, 5380133444, 1.0436 
1073741824, 269312, 263, 16, 64, 1024, 289171558105088, 4308992, 5905.37, 48967.6, 7.39938e+09, 10746691960, 5377618180, 1.04364 
1073741824, 270336, 264, 16, 64, 1024, 290271069732864, 4325376, 5921.81, 49017.3, 7.40016e+09, 10747953569, 5377618072, 1.04366 
1073741824, 271360, 265, 16, 64, 1024, 291370581360640, 4341760, 5909.8, 49303, 7.39966e+09, 10746691856, 5377621112, 1.04362 
1073741824, 272384, 266, 16, 64, 1024, 292470092988416, 4358144, 5912.41, 49467.2, 7.39953e+09, 10746170396, 5377620720, 1.04363 
1073741824, 273408, 267, 16, 64, 1024, 293569604616192, 4374528, 5926.13, 49538.1, 7.40258e+09, 10749636951, 5380646383, 1.0436 
1073741824, 274432, 268, 16, 64, 1024, 294669116243968, 4390912, 5924.31, 49738.9, 7.39974e+09, 10746691648, 5377621220, 1.04362 
1073741824, 275456, 269, 16, 64, 1024, 295768627871744, 4407296, 5944.67, 49753.6, 7.40022e+09, 10747530371, 5377618160, 1.04363 
1073741824, 276480, 270, 16, 64, 1024, 296868139499520, 4423680, 5939.65, 49980.7, 7.39957e+09, 10746169764, 5377620964, 1.04363 
1073741824, 277504, 271, 16, 64, 1024, 297967651127296, 4440064, 5943.62, 50132.4, 7.3998e+09, 10746151884, 5377621320, 1.04361 
1073741824, 278528, 272, 16, 64, 1024, 299067162755072, 4456448, 5968.32, 50109.1, 7.40054e+09, 10747542451, 5378480647, 1.04362 
1073741824, 279552, 273, 16, 64, 1024, 300166674382848, 4472832, 5962.87, 50339.3, 7.39963e+09, 10746691536, 5377620988, 1.04362 
1073741824, 280576, 274, 16, 64, 1024, 301266186010624, 4489216, 5976.82, 50405.8, 7.40147e+09, 10749651555, 5377621052, 1.04364 
1073741824, 281600, 275, 16, 64, 1024, 302365697638400, 4505600, 5970.06, 50647, 7.39975e+09, 10746170712, 5377622784, 1.04362 
1073741824, 282624, 276, 16, 64, 1024, 303465209266176, 4521984, 5976.05, 50780.2, 7.3998e+09, 10746435364, 5377620668, 1.04361 
1073741824, 283648, 277, 16, 64, 1024, 304564720893952, 4538368, 5988.98, 50854.2, 7.40081e+09, 10747380183, 5377981262, 1.0436 
1073741824, 284672, 278, 16, 64, 1024, 305664232521728, 4554752, 5986.48, 51059.1, 7.39988e+09, 10746691956, 5377621304, 1.04361 
1073741824, 285696, 279, 16, 64, 1024, 306763744149504, 4571136, 6002.49, 51106.1, 7.40145e+09, 10749611984, 5377621568, 1.04364 
1073741824, 286720, 280, 16, 64, 1024, 307863255777280, 4587520, 5996.82, 51337.8, 7.39972e+09, 10746545796, 5377620948, 1.04362 
1073741824, 287744, 281, 16, 64, 1024, 308962767405056, 4603904, 5997.94, 51511.4, 7.39987e+09, 10746692484, 5377621716, 1.04361 
1073741824, 288768, 282, 16, 64, 1024, 310062279032832, 4620288, 6011.73, 51576.2, 7.40151e+09, 10748795136, 5378954897, 1.04359 
1073741824, 289792, 283, 16, 64, 1024, 311161790660608, 4636672, 6150.93, 50587.7, 7.39995e+09, 10746170480, 5377621460, 1.0436 
1073741824, 290816, 284, 16, 64, 1024, 312261302288384, 4653056, 6019.97, 51870.9, 7.40152e+09, 10749527650, 5377618616, 1.04364 
1073741824, 291840, 285, 16, 64, 1024, 313360813916160, 4669440, 6021.07, 52044, 7.40006e+09, 10746170752, 5377620876, 1.0436 
1073741824, 292864, 286, 16, 64, 1024, 314460325543936, 4685824, 6710.54, 46860.6, 7.40001e+09, 10746692192, 5377620928, 1.0436 
1073741824, 293888, 287, 16, 64, 1024, 315559837171712, 4702208, 6046.62, 52187.8, 7.40108e+09, 10747768334, 5378682843, 1.04359 
1073741824, 294912, 288, 16, 64, 1024, 316659348799488, 4718592, 6043.73, 52394.7, 7.40003e+09, 10746691720, 5377621932, 1.0436 
1073741824, 295936, 289, 16, 64, 1024, 317758860427264, 4734976, 6056.74, 52463.6, 7.40164e+09, 10749197372, 5377620804, 1.04363 
1073741824, 296960, 290, 16, 64, 1024, 318858372055040, 4751360, 6057.85, 52635.6, 7.40012e+09, 10746691924, 5377619504, 1.04359 
1073741824, 297984, 291, 16, 64, 1024, 319957883682816, 4767744, 6067.08, 52736.7, 7.40018e+09, 10746570392, 5377619300, 1.04359 
1073741824, 299008, 292, 16, 64, 1024, 321057395310592, 4784128, 6080.32, 52802.7, 7.40193e+09, 10748280180, 5379303980, 1.04357 
1073741824, 300032, 293, 16, 64, 1024, 322156906938368, 4800512, 6079.03, 52994.8, 7.40027e+09, 10745783756, 5377620912, 1.04358 
1073741824, 301056, 294, 16, 64, 1024, 323256418566144, 4816896, 6096.43, 53023.9, 7.40342e+09, 10749640202, 5380530678, 1.04355 
1073741824, 302080, 295, 16, 64, 1024, 324355930193920, 4833280, 6098.17, 53189.1, 7.40037e+09, 10746692164, 5377617744, 1.04358 
1073741824, 303104, 296, 16, 64, 1024, 325455441821696, 4849664, 6120.65, 53173.4, 7.40115e+09, 10749611579, 5377621184, 1.04361 
1073741824, 304128, 297, 16, 64, 1024, 326554953449472, 4866048, 6116.98, 53385, 7.40044e+09, 10746691784, 5377618092, 1.04357 
1073741824, 305152, 298, 16, 64, 1024, 327654465077248, 4882432, 6123.9, 53504.2, 7.40049e+09, 10745747012, 5377835072, 1.04357 
1073741824, 306176, 299, 16, 64, 1024, 328753976705024, 4898816, 6141.27, 53531.9, 7.40197e+09, 10747528329, 5379274347, 1.04355 
1073741824, 307200, 300, 16, 64, 1024, 329853488332800, 4915200, 6139.22, 53728.9, 7.40057e+09, 10746435184, 5377621720, 1.04356 
1073741824, 308224, 301, 16, 64, 1024, 330952999960576, 4931584, 6154.28, 53776.1, 7.40143e+09, 10749418874, 5377618152, 1.0436 
1073741824, 309248, 302, 16, 64, 1024, 332052511588352, 4947968, 6150.71, 53986.1, 7.40068e+09, 10746691520, 5377621632, 1.04356 
1073741824, 310272, 303, 16, 64, 1024, 333152023216128, 4964352, 6288.77, 52975.7, 7.40071e+09, 10745745608, 5377891684, 1.04355 
1073741824, 311296, 304, 16, 64, 1024, 334251534843904, 4980736, 6183.99, 54051.1, 7.4018e+09, 10746828284, 5378683918, 1.04354 
