[INFO] GPU Roofline Tools 
[INFO] Version 1.0.0 (C)2024 Bagus Hanindhito 
[INFO] Built for AMD Instinct MI300X (gfx942) GPUs
[INFO] Detected 8 HIP-capable device(s)
[INFO] +---+------------------------+----+----+-----------+--------------+--------------+
[INFO] |#  |Device Name             |CC  |#CU |Freq. (MHz)|Mem. Size (MB)|Mem. BW (GB/s)|
[INFO] +---+------------------------+----+----+-----------+--------------+--------------+
[INFO] |0  |AMD Instinct MI300X     |9.4 |304 |2100       |196592        |2662.4        |
[INFO] +---+------------------------+----+----+-----------+--------------+--------------+
[INFO] |1  |AMD Instinct MI300X     |9.4 |304 |2100       |196592        |2662.4        |
[INFO] +---+------------------------+----+----+-----------+--------------+--------------+
[INFO] |2  |AMD Instinct MI300X     |9.4 |304 |2100       |196592        |2662.4        |
[INFO] +---+------------------------+----+----+-----------+--------------+--------------+
[INFO] |3  |AMD Instinct MI300X     |9.4 |304 |2100       |196592        |2662.4        |
[INFO] +---+------------------------+----+----+-----------+--------------+--------------+
[INFO] |4  |AMD Instinct MI300X     |9.4 |304 |2100       |196592        |2662.4        |
[INFO] +---+------------------------+----+----+-----------+--------------+--------------+
[INFO] |5  |AMD Instinct MI300X     |9.4 |304 |2100       |196592        |2662.4        |
[INFO] +---+------------------------+----+----+-----------+--------------+--------------+
[INFO] |6  |AMD Instinct MI300X     |9.4 |304 |2100       |196592        |2662.4        |
[INFO] +---+------------------------+----+----+-----------+--------------+--------------+
[INFO] |7  |AMD Instinct MI300X     |9.4 |304 |2100       |196592        |2662.4        |
[INFO] +---+------------------------+----+----+-----------+--------------+--------------+
[WARN] This program does not currently support Multi-GPU run.
[INFO] Set default GPU to GPU index 0
[INFO] (1743540562) Running with 16 wavefront(s) per workgroup and 1 workgroup(s)
[INFO] (1743540571) Running with 16 wavefront(s) per workgroup and 2 workgroup(s)
[INFO] (1743540579) Running with 16 wavefront(s) per workgroup and 3 workgroup(s)
[INFO] (1743540588) Running with 16 wavefront(s) per workgroup and 4 workgroup(s)
[INFO] (1743540597) Running with 16 wavefront(s) per workgroup and 5 workgroup(s)
[INFO] (1743540605) Running with 16 wavefront(s) per workgroup and 6 workgroup(s)
[INFO] (1743540614) Running with 16 wavefront(s) per workgroup and 7 workgroup(s)
[INFO] (1743540622) Running with 16 wavefront(s) per workgroup and 8 workgroup(s)
[INFO] (1743540631) Running with 16 wavefront(s) per workgroup and 9 workgroup(s)
[INFO] (1743540640) Running with 16 wavefront(s) per workgroup and 10 workgroup(s)
[INFO] (1743540648) Running with 16 wavefront(s) per workgroup and 11 workgroup(s)
[INFO] (1743540657) Running with 16 wavefront(s) per workgroup and 12 workgroup(s)
[INFO] (1743540666) Running with 16 wavefront(s) per workgroup and 13 workgroup(s)
[INFO] (1743540674) Running with 16 wavefront(s) per workgroup and 14 workgroup(s)
[INFO] (1743540683) Running with 16 wavefront(s) per workgroup and 15 workgroup(s)
[INFO] (1743540692) Running with 16 wavefront(s) per workgroup and 16 workgroup(s)
[INFO] (1743540700) Running with 16 wavefront(s) per workgroup and 17 workgroup(s)
[INFO] (1743540709) Running with 16 wavefront(s) per workgroup and 18 workgroup(s)
[INFO] (1743540718) Running with 16 wavefront(s) per workgroup and 19 workgroup(s)
[INFO] (1743540726) Running with 16 wavefront(s) per workgroup and 20 workgroup(s)
[INFO] (1743540735) Running with 16 wavefront(s) per workgroup and 21 workgroup(s)
[INFO] (1743540743) Running with 16 wavefront(s) per workgroup and 22 workgroup(s)
[INFO] (1743540752) Running with 16 wavefront(s) per workgroup and 23 workgroup(s)
[INFO] (1743540761) Running with 16 wavefront(s) per workgroup and 24 workgroup(s)
[INFO] (1743540769) Running with 16 wavefront(s) per workgroup and 25 workgroup(s)
[INFO] (1743540778) Running with 16 wavefront(s) per workgroup and 26 workgroup(s)
[INFO] (1743540787) Running with 16 wavefront(s) per workgroup and 27 workgroup(s)
[INFO] (1743540795) Running with 16 wavefront(s) per workgroup and 28 workgroup(s)
[INFO] (1743540804) Running with 16 wavefront(s) per workgroup and 29 workgroup(s)
[INFO] (1743540813) Running with 16 wavefront(s) per workgroup and 30 workgroup(s)
[INFO] (1743540821) Running with 16 wavefront(s) per workgroup and 31 workgroup(s)
[INFO] (1743540830) Running with 16 wavefront(s) per workgroup and 32 workgroup(s)
[INFO] (1743540839) Running with 16 wavefront(s) per workgroup and 33 workgroup(s)
[INFO] (1743540847) Running with 16 wavefront(s) per workgroup and 34 workgroup(s)
[INFO] (1743540856) Running with 16 wavefront(s) per workgroup and 35 workgroup(s)
[INFO] (1743540865) Running with 16 wavefront(s) per workgroup and 36 workgroup(s)
[INFO] (1743540873) Running with 16 wavefront(s) per workgroup and 37 workgroup(s)
[INFO] (1743540882) Running with 16 wavefront(s) per workgroup and 38 workgroup(s)
[INFO] (1743540891) Running with 16 wavefront(s) per workgroup and 39 workgroup(s)
[INFO] (1743540899) Running with 16 wavefront(s) per workgroup and 40 workgroup(s)
[INFO] (1743540908) Running with 16 wavefront(s) per workgroup and 41 workgroup(s)
[INFO] (1743540917) Running with 16 wavefront(s) per workgroup and 42 workgroup(s)
[INFO] (1743540925) Running with 16 wavefront(s) per workgroup and 43 workgroup(s)
[INFO] (1743540934) Running with 16 wavefront(s) per workgroup and 44 workgroup(s)
[INFO] (1743540943) Running with 16 wavefront(s) per workgroup and 45 workgroup(s)
[INFO] (1743540951) Running with 16 wavefront(s) per workgroup and 46 workgroup(s)
[INFO] (1743540960) Running with 16 wavefront(s) per workgroup and 47 workgroup(s)
[INFO] (1743540969) Running with 16 wavefront(s) per workgroup and 48 workgroup(s)
[INFO] (1743540977) Running with 16 wavefront(s) per workgroup and 49 workgroup(s)
[INFO] (1743540986) Running with 16 wavefront(s) per workgroup and 50 workgroup(s)
[INFO] (1743540995) Running with 16 wavefront(s) per workgroup and 51 workgroup(s)
[INFO] (1743541003) Running with 16 wavefront(s) per workgroup and 52 workgroup(s)
[INFO] (1743541012) Running with 16 wavefront(s) per workgroup and 53 workgroup(s)
[INFO] (1743541021) Running with 16 wavefront(s) per workgroup and 54 workgroup(s)
[INFO] (1743541029) Running with 16 wavefront(s) per workgroup and 55 workgroup(s)
[INFO] (1743541038) Running with 16 wavefront(s) per workgroup and 56 workgroup(s)
[INFO] (1743541047) Running with 16 wavefront(s) per workgroup and 57 workgroup(s)
[INFO] (1743541055) Running with 16 wavefront(s) per workgroup and 58 workgroup(s)
[INFO] (1743541064) Running with 16 wavefront(s) per workgroup and 59 workgroup(s)
[INFO] (1743541073) Running with 16 wavefront(s) per workgroup and 60 workgroup(s)
[INFO] (1743541081) Running with 16 wavefront(s) per workgroup and 61 workgroup(s)
[INFO] (1743541090) Running with 16 wavefront(s) per workgroup and 62 workgroup(s)
[INFO] (1743541099) Running with 16 wavefront(s) per workgroup and 63 workgroup(s)
[INFO] (1743541108) Running with 16 wavefront(s) per workgroup and 64 workgroup(s)
[INFO] (1743541116) Running with 16 wavefront(s) per workgroup and 65 workgroup(s)
[INFO] (1743541125) Running with 16 wavefront(s) per workgroup and 66 workgroup(s)
[INFO] (1743541134) Running with 16 wavefront(s) per workgroup and 67 workgroup(s)
[INFO] (1743541142) Running with 16 wavefront(s) per workgroup and 68 workgroup(s)
[INFO] (1743541151) Running with 16 wavefront(s) per workgroup and 69 workgroup(s)
[INFO] (1743541160) Running with 16 wavefront(s) per workgroup and 70 workgroup(s)
[INFO] (1743541168) Running with 16 wavefront(s) per workgroup and 71 workgroup(s)
[INFO] (1743541177) Running with 16 wavefront(s) per workgroup and 72 workgroup(s)
[INFO] (1743541186) Running with 16 wavefront(s) per workgroup and 73 workgroup(s)
[INFO] (1743541194) Running with 16 wavefront(s) per workgroup and 74 workgroup(s)
[INFO] (1743541203) Running with 16 wavefront(s) per workgroup and 75 workgroup(s)
[INFO] (1743541212) Running with 16 wavefront(s) per workgroup and 76 workgroup(s)
[INFO] (1743541221) Running with 16 wavefront(s) per workgroup and 77 workgroup(s)
[INFO] (1743541229) Running with 16 wavefront(s) per workgroup and 78 workgroup(s)
[INFO] (1743541238) Running with 16 wavefront(s) per workgroup and 79 workgroup(s)
[INFO] (1743541247) Running with 16 wavefront(s) per workgroup and 80 workgroup(s)
[INFO] (1743541255) Running with 16 wavefront(s) per workgroup and 81 workgroup(s)
[INFO] (1743541264) Running with 16 wavefront(s) per workgroup and 82 workgroup(s)
[INFO] (1743541273) Running with 16 wavefront(s) per workgroup and 83 workgroup(s)
[INFO] (1743541281) Running with 16 wavefront(s) per workgroup and 84 workgroup(s)
[INFO] (1743541290) Running with 16 wavefront(s) per workgroup and 85 workgroup(s)
[INFO] (1743541299) Running with 16 wavefront(s) per workgroup and 86 workgroup(s)
[INFO] (1743541308) Running with 16 wavefront(s) per workgroup and 87 workgroup(s)
[INFO] (1743541316) Running with 16 wavefront(s) per workgroup and 88 workgroup(s)
[INFO] (1743541325) Running with 16 wavefront(s) per workgroup and 89 workgroup(s)
[INFO] (1743541334) Running with 16 wavefront(s) per workgroup and 90 workgroup(s)
[INFO] (1743541343) Running with 16 wavefront(s) per workgroup and 91 workgroup(s)
[INFO] (1743541351) Running with 16 wavefront(s) per workgroup and 92 workgroup(s)
[INFO] (1743541360) Running with 16 wavefront(s) per workgroup and 93 workgroup(s)
[INFO] (1743541369) Running with 16 wavefront(s) per workgroup and 94 workgroup(s)
[INFO] (1743541377) Running with 16 wavefront(s) per workgroup and 95 workgroup(s)
[INFO] (1743541386) Running with 16 wavefront(s) per workgroup and 96 workgroup(s)
[INFO] (1743541395) Running with 16 wavefront(s) per workgroup and 97 workgroup(s)
[INFO] (1743541404) Running with 16 wavefront(s) per workgroup and 98 workgroup(s)
[INFO] (1743541412) Running with 16 wavefront(s) per workgroup and 99 workgroup(s)
[INFO] (1743541421) Running with 16 wavefront(s) per workgroup and 100 workgroup(s)
[INFO] (1743541430) Running with 16 wavefront(s) per workgroup and 101 workgroup(s)
[INFO] (1743541438) Running with 16 wavefront(s) per workgroup and 102 workgroup(s)
[INFO] (1743541447) Running with 16 wavefront(s) per workgroup and 103 workgroup(s)
[INFO] (1743541456) Running with 16 wavefront(s) per workgroup and 104 workgroup(s)
[INFO] (1743541465) Running with 16 wavefront(s) per workgroup and 105 workgroup(s)
[INFO] (1743541473) Running with 16 wavefront(s) per workgroup and 106 workgroup(s)
[INFO] (1743541482) Running with 16 wavefront(s) per workgroup and 107 workgroup(s)
[INFO] (1743541491) Running with 16 wavefront(s) per workgroup and 108 workgroup(s)
[INFO] (1743541500) Running with 16 wavefront(s) per workgroup and 109 workgroup(s)
[INFO] (1743541508) Running with 16 wavefront(s) per workgroup and 110 workgroup(s)
[INFO] (1743541517) Running with 16 wavefront(s) per workgroup and 111 workgroup(s)
[INFO] (1743541526) Running with 16 wavefront(s) per workgroup and 112 workgroup(s)
[INFO] (1743541535) Running with 16 wavefront(s) per workgroup and 113 workgroup(s)
[INFO] (1743541543) Running with 16 wavefront(s) per workgroup and 114 workgroup(s)
[INFO] (1743541552) Running with 16 wavefront(s) per workgroup and 115 workgroup(s)
[INFO] (1743541561) Running with 16 wavefront(s) per workgroup and 116 workgroup(s)
[INFO] (1743541570) Running with 16 wavefront(s) per workgroup and 117 workgroup(s)
[INFO] (1743541578) Running with 16 wavefront(s) per workgroup and 118 workgroup(s)
[INFO] (1743541587) Running with 16 wavefront(s) per workgroup and 119 workgroup(s)
[INFO] (1743541596) Running with 16 wavefront(s) per workgroup and 120 workgroup(s)
[INFO] (1743541605) Running with 16 wavefront(s) per workgroup and 121 workgroup(s)
[INFO] (1743541613) Running with 16 wavefront(s) per workgroup and 122 workgroup(s)
[INFO] (1743541622) Running with 16 wavefront(s) per workgroup and 123 workgroup(s)
[INFO] (1743541631) Running with 16 wavefront(s) per workgroup and 124 workgroup(s)
[INFO] (1743541640) Running with 16 wavefront(s) per workgroup and 125 workgroup(s)
[INFO] (1743541648) Running with 16 wavefront(s) per workgroup and 126 workgroup(s)
[INFO] (1743541657) Running with 16 wavefront(s) per workgroup and 127 workgroup(s)
[INFO] (1743541666) Running with 16 wavefront(s) per workgroup and 128 workgroup(s)
[INFO] (1743541675) Running with 16 wavefront(s) per workgroup and 129 workgroup(s)
[INFO] (1743541684) Running with 16 wavefront(s) per workgroup and 130 workgroup(s)
[INFO] (1743541692) Running with 16 wavefront(s) per workgroup and 131 workgroup(s)
[INFO] (1743541701) Running with 16 wavefront(s) per workgroup and 132 workgroup(s)
[INFO] (1743541710) Running with 16 wavefront(s) per workgroup and 133 workgroup(s)
[INFO] (1743541719) Running with 16 wavefront(s) per workgroup and 134 workgroup(s)
[INFO] (1743541727) Running with 16 wavefront(s) per workgroup and 135 workgroup(s)
[INFO] (1743541736) Running with 16 wavefront(s) per workgroup and 136 workgroup(s)
[INFO] (1743541745) Running with 16 wavefront(s) per workgroup and 137 workgroup(s)
[INFO] (1743541754) Running with 16 wavefront(s) per workgroup and 138 workgroup(s)
[INFO] (1743541763) Running with 16 wavefront(s) per workgroup and 139 workgroup(s)
[INFO] (1743541771) Running with 16 wavefront(s) per workgroup and 140 workgroup(s)
[INFO] (1743541780) Running with 16 wavefront(s) per workgroup and 141 workgroup(s)
[INFO] (1743541789) Running with 16 wavefront(s) per workgroup and 142 workgroup(s)
[INFO] (1743541798) Running with 16 wavefront(s) per workgroup and 143 workgroup(s)
[INFO] (1743541806) Running with 16 wavefront(s) per workgroup and 144 workgroup(s)
[INFO] (1743541815) Running with 16 wavefront(s) per workgroup and 145 workgroup(s)
[INFO] (1743541824) Running with 16 wavefront(s) per workgroup and 146 workgroup(s)
[INFO] (1743541833) Running with 16 wavefront(s) per workgroup and 147 workgroup(s)
[INFO] (1743541842) Running with 16 wavefront(s) per workgroup and 148 workgroup(s)
[INFO] (1743541850) Running with 16 wavefront(s) per workgroup and 149 workgroup(s)
[INFO] (1743541859) Running with 16 wavefront(s) per workgroup and 150 workgroup(s)
[INFO] (1743541868) Running with 16 wavefront(s) per workgroup and 151 workgroup(s)
[INFO] (1743541877) Running with 16 wavefront(s) per workgroup and 152 workgroup(s)
[INFO] (1743541886) Running with 16 wavefront(s) per workgroup and 153 workgroup(s)
[INFO] (1743541894) Running with 16 wavefront(s) per workgroup and 154 workgroup(s)
[INFO] (1743541903) Running with 16 wavefront(s) per workgroup and 155 workgroup(s)
[INFO] (1743541912) Running with 16 wavefront(s) per workgroup and 156 workgroup(s)
[INFO] (1743541921) Running with 16 wavefront(s) per workgroup and 157 workgroup(s)
[INFO] (1743541930) Running with 16 wavefront(s) per workgroup and 158 workgroup(s)
[INFO] (1743541938) Running with 16 wavefront(s) per workgroup and 159 workgroup(s)
[INFO] (1743541947) Running with 16 wavefront(s) per workgroup and 160 workgroup(s)
[INFO] (1743541956) Running with 16 wavefront(s) per workgroup and 161 workgroup(s)
[INFO] (1743541965) Running with 16 wavefront(s) per workgroup and 162 workgroup(s)
[INFO] (1743541974) Running with 16 wavefront(s) per workgroup and 163 workgroup(s)
[INFO] (1743541983) Running with 16 wavefront(s) per workgroup and 164 workgroup(s)
[INFO] (1743541991) Running with 16 wavefront(s) per workgroup and 165 workgroup(s)
[INFO] (1743542000) Running with 16 wavefront(s) per workgroup and 166 workgroup(s)
[INFO] (1743542009) Running with 16 wavefront(s) per workgroup and 167 workgroup(s)
[INFO] (1743542018) Running with 16 wavefront(s) per workgroup and 168 workgroup(s)
[INFO] (1743542027) Running with 16 wavefront(s) per workgroup and 169 workgroup(s)
[INFO] (1743542035) Running with 16 wavefront(s) per workgroup and 170 workgroup(s)
[INFO] (1743542044) Running with 16 wavefront(s) per workgroup and 171 workgroup(s)
[INFO] (1743542053) Running with 16 wavefront(s) per workgroup and 172 workgroup(s)
[INFO] (1743542062) Running with 16 wavefront(s) per workgroup and 173 workgroup(s)
[INFO] (1743542071) Running with 16 wavefront(s) per workgroup and 174 workgroup(s)
[INFO] (1743542080) Running with 16 wavefront(s) per workgroup and 175 workgroup(s)
[INFO] (1743542088) Running with 16 wavefront(s) per workgroup and 176 workgroup(s)
[INFO] (1743542097) Running with 16 wavefront(s) per workgroup and 177 workgroup(s)
[INFO] (1743542106) Running with 16 wavefront(s) per workgroup and 178 workgroup(s)
[INFO] (1743542115) Running with 16 wavefront(s) per workgroup and 179 workgroup(s)
[INFO] (1743542124) Running with 16 wavefront(s) per workgroup and 180 workgroup(s)
[INFO] (1743542133) Running with 16 wavefront(s) per workgroup and 181 workgroup(s)
[INFO] (1743542141) Running with 16 wavefront(s) per workgroup and 182 workgroup(s)
[INFO] (1743542150) Running with 16 wavefront(s) per workgroup and 183 workgroup(s)
[INFO] (1743542159) Running with 16 wavefront(s) per workgroup and 184 workgroup(s)
[INFO] (1743542168) Running with 16 wavefront(s) per workgroup and 185 workgroup(s)
[INFO] (1743542177) Running with 16 wavefront(s) per workgroup and 186 workgroup(s)
[INFO] (1743542186) Running with 16 wavefront(s) per workgroup and 187 workgroup(s)
[INFO] (1743542195) Running with 16 wavefront(s) per workgroup and 188 workgroup(s)
[INFO] (1743542203) Running with 16 wavefront(s) per workgroup and 189 workgroup(s)
[INFO] (1743542212) Running with 16 wavefront(s) per workgroup and 190 workgroup(s)
[INFO] (1743542221) Running with 16 wavefront(s) per workgroup and 191 workgroup(s)
[INFO] (1743542230) Running with 16 wavefront(s) per workgroup and 192 workgroup(s)
[INFO] (1743542239) Running with 16 wavefront(s) per workgroup and 193 workgroup(s)
[INFO] (1743542248) Running with 16 wavefront(s) per workgroup and 194 workgroup(s)
[INFO] (1743542257) Running with 16 wavefront(s) per workgroup and 195 workgroup(s)
[INFO] (1743542265) Running with 16 wavefront(s) per workgroup and 196 workgroup(s)
[INFO] (1743542274) Running with 16 wavefront(s) per workgroup and 197 workgroup(s)
[INFO] (1743542283) Running with 16 wavefront(s) per workgroup and 198 workgroup(s)
[INFO] (1743542292) Running with 16 wavefront(s) per workgroup and 199 workgroup(s)
[INFO] (1743542301) Running with 16 wavefront(s) per workgroup and 200 workgroup(s)
[INFO] (1743542310) Running with 16 wavefront(s) per workgroup and 201 workgroup(s)
[INFO] (1743542319) Running with 16 wavefront(s) per workgroup and 202 workgroup(s)
[INFO] (1743542328) Running with 16 wavefront(s) per workgroup and 203 workgroup(s)
[INFO] (1743542336) Running with 16 wavefront(s) per workgroup and 204 workgroup(s)
[INFO] (1743542345) Running with 16 wavefront(s) per workgroup and 205 workgroup(s)
[INFO] (1743542354) Running with 16 wavefront(s) per workgroup and 206 workgroup(s)
[INFO] (1743542363) Running with 16 wavefront(s) per workgroup and 207 workgroup(s)
[INFO] (1743542372) Running with 16 wavefront(s) per workgroup and 208 workgroup(s)
[INFO] (1743542381) Running with 16 wavefront(s) per workgroup and 209 workgroup(s)
[INFO] (1743542390) Running with 16 wavefront(s) per workgroup and 210 workgroup(s)
[INFO] (1743542399) Running with 16 wavefront(s) per workgroup and 211 workgroup(s)
[INFO] (1743542408) Running with 16 wavefront(s) per workgroup and 212 workgroup(s)
[INFO] (1743542416) Running with 16 wavefront(s) per workgroup and 213 workgroup(s)
[INFO] (1743542425) Running with 16 wavefront(s) per workgroup and 214 workgroup(s)
[INFO] (1743542434) Running with 16 wavefront(s) per workgroup and 215 workgroup(s)
[INFO] (1743542443) Running with 16 wavefront(s) per workgroup and 216 workgroup(s)
[INFO] (1743542452) Running with 16 wavefront(s) per workgroup and 217 workgroup(s)
[INFO] (1743542461) Running with 16 wavefront(s) per workgroup and 218 workgroup(s)
[INFO] (1743542470) Running with 16 wavefront(s) per workgroup and 219 workgroup(s)
[INFO] (1743542479) Running with 16 wavefront(s) per workgroup and 220 workgroup(s)
[INFO] (1743542488) Running with 16 wavefront(s) per workgroup and 221 workgroup(s)
[INFO] (1743542496) Running with 16 wavefront(s) per workgroup and 222 workgroup(s)
[INFO] (1743542505) Running with 16 wavefront(s) per workgroup and 223 workgroup(s)
[INFO] (1743542514) Running with 16 wavefront(s) per workgroup and 224 workgroup(s)
[INFO] (1743542523) Running with 16 wavefront(s) per workgroup and 225 workgroup(s)
[INFO] (1743542532) Running with 16 wavefront(s) per workgroup and 226 workgroup(s)
[INFO] (1743542541) Running with 16 wavefront(s) per workgroup and 227 workgroup(s)
[INFO] (1743542550) Running with 16 wavefront(s) per workgroup and 228 workgroup(s)
[INFO] (1743542559) Running with 16 wavefront(s) per workgroup and 229 workgroup(s)
[INFO] (1743542568) Running with 16 wavefront(s) per workgroup and 230 workgroup(s)
[INFO] (1743542577) Running with 16 wavefront(s) per workgroup and 231 workgroup(s)
[INFO] (1743542586) Running with 16 wavefront(s) per workgroup and 232 workgroup(s)
[INFO] (1743542595) Running with 16 wavefront(s) per workgroup and 233 workgroup(s)
[INFO] (1743542603) Running with 16 wavefront(s) per workgroup and 234 workgroup(s)
[INFO] (1743542612) Running with 16 wavefront(s) per workgroup and 235 workgroup(s)
[INFO] (1743542621) Running with 16 wavefront(s) per workgroup and 236 workgroup(s)
[INFO] (1743542630) Running with 16 wavefront(s) per workgroup and 237 workgroup(s)
[INFO] (1743542639) Running with 16 wavefront(s) per workgroup and 238 workgroup(s)
[INFO] (1743542648) Running with 16 wavefront(s) per workgroup and 239 workgroup(s)
[INFO] (1743542657) Running with 16 wavefront(s) per workgroup and 240 workgroup(s)
[INFO] (1743542666) Running with 16 wavefront(s) per workgroup and 241 workgroup(s)
[INFO] (1743542675) Running with 16 wavefront(s) per workgroup and 242 workgroup(s)
[INFO] (1743542684) Running with 16 wavefront(s) per workgroup and 243 workgroup(s)
[INFO] (1743542693) Running with 16 wavefront(s) per workgroup and 244 workgroup(s)
[INFO] (1743542702) Running with 16 wavefront(s) per workgroup and 245 workgroup(s)
[INFO] (1743542711) Running with 16 wavefront(s) per workgroup and 246 workgroup(s)
[INFO] (1743542720) Running with 16 wavefront(s) per workgroup and 247 workgroup(s)
[INFO] (1743542729) Running with 16 wavefront(s) per workgroup and 248 workgroup(s)
[INFO] (1743542738) Running with 16 wavefront(s) per workgroup and 249 workgroup(s)
[INFO] (1743542747) Running with 16 wavefront(s) per workgroup and 250 workgroup(s)
[INFO] (1743542756) Running with 16 wavefront(s) per workgroup and 251 workgroup(s)
[INFO] (1743542765) Running with 16 wavefront(s) per workgroup and 252 workgroup(s)
[INFO] (1743542774) Running with 16 wavefront(s) per workgroup and 253 workgroup(s)
[INFO] (1743542783) Running with 16 wavefront(s) per workgroup and 254 workgroup(s)
[INFO] (1743542792) Running with 16 wavefront(s) per workgroup and 255 workgroup(s)
[INFO] (1743542801) Running with 16 wavefront(s) per workgroup and 256 workgroup(s)
[INFO] (1743542810) Running with 16 wavefront(s) per workgroup and 257 workgroup(s)
[INFO] (1743542819) Running with 16 wavefront(s) per workgroup and 258 workgroup(s)
[INFO] (1743542828) Running with 16 wavefront(s) per workgroup and 259 workgroup(s)
[INFO] (1743542837) Running with 16 wavefront(s) per workgroup and 260 workgroup(s)
[INFO] (1743542846) Running with 16 wavefront(s) per workgroup and 261 workgroup(s)
[INFO] (1743542855) Running with 16 wavefront(s) per workgroup and 262 workgroup(s)
[INFO] (1743542864) Running with 16 wavefront(s) per workgroup and 263 workgroup(s)
[INFO] (1743542873) Running with 16 wavefront(s) per workgroup and 264 workgroup(s)
[INFO] (1743542882) Running with 16 wavefront(s) per workgroup and 265 workgroup(s)
[INFO] (1743542891) Running with 16 wavefront(s) per workgroup and 266 workgroup(s)
[INFO] (1743542901) Running with 16 wavefront(s) per workgroup and 267 workgroup(s)
[INFO] (1743542910) Running with 16 wavefront(s) per workgroup and 268 workgroup(s)
[INFO] (1743542919) Running with 16 wavefront(s) per workgroup and 269 workgroup(s)
[INFO] (1743542928) Running with 16 wavefront(s) per workgroup and 270 workgroup(s)
[INFO] (1743542937) Running with 16 wavefront(s) per workgroup and 271 workgroup(s)
[INFO] (1743542946) Running with 16 wavefront(s) per workgroup and 272 workgroup(s)
[INFO] (1743542955) Running with 16 wavefront(s) per workgroup and 273 workgroup(s)
[INFO] (1743542965) Running with 16 wavefront(s) per workgroup and 274 workgroup(s)
[INFO] (1743542974) Running with 16 wavefront(s) per workgroup and 275 workgroup(s)
[INFO] (1743542983) Running with 16 wavefront(s) per workgroup and 276 workgroup(s)
[INFO] (1743542992) Running with 16 wavefront(s) per workgroup and 277 workgroup(s)
[INFO] (1743543001) Running with 16 wavefront(s) per workgroup and 278 workgroup(s)
[INFO] (1743543011) Running with 16 wavefront(s) per workgroup and 279 workgroup(s)
[INFO] (1743543020) Running with 16 wavefront(s) per workgroup and 280 workgroup(s)
[INFO] (1743543029) Running with 16 wavefront(s) per workgroup and 281 workgroup(s)
[INFO] (1743543038) Running with 16 wavefront(s) per workgroup and 282 workgroup(s)
[INFO] (1743543048) Running with 16 wavefront(s) per workgroup and 283 workgroup(s)
[INFO] (1743543057) Running with 16 wavefront(s) per workgroup and 284 workgroup(s)
[INFO] (1743543066) Running with 16 wavefront(s) per workgroup and 285 workgroup(s)
[INFO] (1743543076) Running with 16 wavefront(s) per workgroup and 286 workgroup(s)
[INFO] (1743543085) Running with 16 wavefront(s) per workgroup and 287 workgroup(s)
[INFO] (1743543094) Running with 16 wavefront(s) per workgroup and 288 workgroup(s)
[INFO] (1743543104) Running with 16 wavefront(s) per workgroup and 289 workgroup(s)
[INFO] (1743543113) Running with 16 wavefront(s) per workgroup and 290 workgroup(s)
[INFO] (1743543123) Running with 16 wavefront(s) per workgroup and 291 workgroup(s)
[INFO] (1743543132) Running with 16 wavefront(s) per workgroup and 292 workgroup(s)
[INFO] (1743543141) Running with 16 wavefront(s) per workgroup and 293 workgroup(s)
[INFO] (1743543151) Running with 16 wavefront(s) per workgroup and 294 workgroup(s)
[INFO] (1743543160) Running with 16 wavefront(s) per workgroup and 295 workgroup(s)
[INFO] (1743543169) Running with 16 wavefront(s) per workgroup and 296 workgroup(s)
[INFO] (1743543179) Running with 16 wavefront(s) per workgroup and 297 workgroup(s)
[INFO] (1743543188) Running with 16 wavefront(s) per workgroup and 298 workgroup(s)
[INFO] (1743543198) Running with 16 wavefront(s) per workgroup and 299 workgroup(s)
[INFO] (1743543207) Running with 16 wavefront(s) per workgroup and 300 workgroup(s)
[INFO] (1743543217) Running with 16 wavefront(s) per workgroup and 301 workgroup(s)
[INFO] (1743543226) Running with 16 wavefront(s) per workgroup and 302 workgroup(s)
[INFO] (1743543236) Running with 16 wavefront(s) per workgroup and 303 workgroup(s)
[INFO] (1743543245) Running with 16 wavefront(s) per workgroup and 304 workgroup(s)
Result V_FMA1 with fp64
n_iter, n_thread, n_wg, n_wf, wf_size, wg_size, n_flops, n_bytes, time_ms, gflop/s, avg_clock, max_clock, min_clock, stdev_clock 
1073741824, 1024, 1, 16, 64, 1024, 2199023255552, 8192, 8619.31, 255.127, 1.16469e+10, 18042483680, 5378413128, 1.07952 
1073741824, 2048, 2, 16, 64, 1024, 4398046511104, 16384, 8615.72, 510.468, 1.16469e+10, 18042484260, 5378413208, 1.07952 
1073741824, 3072, 3, 16, 64, 1024, 6597069766656, 24576, 8620.33, 765.292, 1.16469e+10, 18042483064, 5378409768, 1.07952 
1073741824, 4096, 4, 16, 64, 1024, 8796093022208, 32768, 8624.53, 1019.89, 1.16469e+10, 18042483340, 5378409648, 1.07952 
1073741824, 5120, 5, 16, 64, 1024, 10995116277760, 40960, 8635.5, 1273.25, 1.16469e+10, 18042483276, 5378409728, 1.07952 
1073741824, 6144, 6, 16, 64, 1024, 13194139533312, 49152, 8635.64, 1527.87, 1.16469e+10, 18042483184, 5378409548, 1.07952 
1073741824, 7168, 7, 16, 64, 1024, 15393162788864, 57344, 8640.32, 1781.55, 1.16469e+10, 18042483340, 5378409660, 1.07952 
1073741824, 8192, 8, 16, 64, 1024, 17592186044416, 65536, 8647.52, 2034.36, 1.16469e+10, 18042483908, 5378408700, 1.07952 
1073741824, 9216, 9, 16, 64, 1024, 19791209299968, 73728, 8646.07, 2289.04, 1.16469e+10, 18042482980, 5378408820, 1.07952 
1073741824, 10240, 10, 16, 64, 1024, 21990232555520, 81920, 8642.39, 2544.46, 1.16469e+10, 18042483064, 5378408732, 1.07952 
1073741824, 11264, 11, 16, 64, 1024, 24189255811072, 90112, 8635.53, 2801.13, 1.16469e+10, 18042482920, 5378408672, 1.07952 
1073741824, 12288, 12, 16, 64, 1024, 26388279066624, 98304, 8637.46, 3055.1, 1.16469e+10, 18042483172, 5378408676, 1.07952 
1073741824, 13312, 13, 16, 64, 1024, 28587302322176, 106496, 8643.41, 3307.41, 1.16469e+10, 18042483380, 5378408716, 1.07952 
1073741824, 14336, 14, 16, 64, 1024, 30786325577728, 114688, 8637.93, 3564.08, 1.16469e+10, 18042483908, 5378408732, 1.07952 
1073741824, 15360, 15, 16, 64, 1024, 32985348833280, 122880, 8638.05, 3818.61, 1.16469e+10, 18042483528, 5378408632, 1.07952 
1073741824, 16384, 16, 16, 64, 1024, 35184372088832, 131072, 8643.25, 4070.74, 1.16469e+10, 18042483128, 5378408632, 1.07952 
1073741824, 17408, 17, 16, 64, 1024, 37383395344384, 139264, 8638.65, 4327.46, 1.16469e+10, 18042482992, 5378408792, 1.07952 
1073741824, 18432, 18, 16, 64, 1024, 39582418599936, 147456, 8649.35, 4576.34, 1.16469e+10, 18042483596, 5378408804, 1.07952 
1073741824, 19456, 19, 16, 64, 1024, 41781441855488, 155648, 8650.47, 4829.96, 1.16469e+10, 18042482872, 5378408680, 1.07952 
1073741824, 20480, 20, 16, 64, 1024, 43980465111040, 163840, 8647.65, 5085.83, 1.16469e+10, 18042483400, 5378408656, 1.07952 
1073741824, 21504, 21, 16, 64, 1024, 46179488366592, 172032, 8647.16, 5340.42, 1.16469e+10, 18042483072, 5378408660, 1.07952 
1073741824, 22528, 22, 16, 64, 1024, 48378511622144, 180224, 8651.89, 5591.67, 1.16469e+10, 18042483856, 5378408660, 1.07952 
1073741824, 23552, 23, 16, 64, 1024, 50577534877696, 188416, 8656.12, 5842.98, 1.16469e+10, 18042483140, 5378408608, 1.07952 
1073741824, 24576, 24, 16, 64, 1024, 52776558133248, 196608, 8656.96, 6096.43, 1.16469e+10, 18042483732, 5378408564, 1.07952 
1073741824, 25600, 25, 16, 64, 1024, 54975581388800, 204800, 8651.44, 6354.5, 1.16469e+10, 18042482888, 5378408580, 1.07952 
1073741824, 26624, 26, 16, 64, 1024, 57174604644352, 212992, 8654.63, 6606.25, 1.16469e+10, 18042482908, 5378408580, 1.07952 
1073741824, 27648, 27, 16, 64, 1024, 59373627899904, 221184, 8658.08, 6857.59, 1.16469e+10, 18042482784, 5378408540, 1.07952 
1073741824, 28672, 28, 16, 64, 1024, 61572651155456, 229376, 8652, 7116.58, 1.16469e+10, 18042484304, 5378408516, 1.07952 
1073741824, 29696, 29, 16, 64, 1024, 63771674411008, 237568, 8648.22, 7373.97, 1.16469e+10, 18042483256, 5378408572, 1.07952 
1073741824, 30720, 30, 16, 64, 1024, 65970697666560, 245760, 8647.67, 7628.73, 1.16469e+10, 18042483096, 5378408576, 1.07952 
1073741824, 31744, 31, 16, 64, 1024, 68169720922112, 253952, 8647.63, 7883.05, 1.16469e+10, 18042484060, 5378408576, 1.07952 
1073741824, 32768, 32, 16, 64, 1024, 70368744177664, 262144, 8658.61, 8127.02, 1.16469e+10, 18042482840, 5378408528, 1.07952 
1073741824, 33792, 33, 16, 64, 1024, 72567767433216, 270336, 8664.77, 8375.03, 1.16469e+10, 18042527620, 5378408564, 1.07952 
1073741824, 34816, 34, 16, 64, 1024, 74766790688768, 278528, 8666.03, 8627.58, 1.16469e+10, 18042535252, 5378408568, 1.07952 
1073741824, 35840, 35, 16, 64, 1024, 76965813944320, 286720, 8666.29, 8881.06, 1.16469e+10, 18042482812, 5378408536, 1.07952 
1073741824, 36864, 36, 16, 64, 1024, 79164837199872, 294912, 8663.73, 9137.5, 1.16469e+10, 18042534476, 5378408572, 1.07952 
1073741824, 37888, 37, 16, 64, 1024, 81363860455424, 303104, 8666.12, 9388.74, 1.16469e+10, 18042532780, 5378408576, 1.07952 
1073741824, 38912, 38, 16, 64, 1024, 83562883710976, 311296, 8655.25, 9654.59, 1.16469e+10, 18042533800, 5378408580, 1.07952 
1073741824, 39936, 39, 16, 64, 1024, 85761906966528, 319488, 8653.64, 9910.5, 1.16469e+10, 18042535784, 5378408576, 1.07952 
1073741824, 40960, 40, 16, 64, 1024, 87960930222080, 327680, 8649.38, 10169.6, 1.16469e+10, 18042537560, 5378408516, 1.07952 
1073741824, 41984, 41, 16, 64, 1024, 90159953477632, 335872, 8669.55, 10399.6, 1.16469e+10, 18042532580, 5378408564, 1.07952 
1073741824, 43008, 42, 16, 64, 1024, 92358976733184, 344064, 8676.71, 10644.5, 1.16469e+10, 18042534760, 5378408572, 1.07952 
1073741824, 44032, 43, 16, 64, 1024, 94557999988736, 352256, 8670.65, 10905.5, 1.16469e+10, 18042534284, 5378408516, 1.07952 
1073741824, 45056, 44, 16, 64, 1024, 96757023244288, 360448, 8680.19, 11146.9, 1.16469e+10, 18042537812, 5378408576, 1.07952 
1073741824, 46080, 45, 16, 64, 1024, 98956046499840, 368640, 8665.61, 11419.4, 1.16469e+10, 18042537844, 5378408568, 1.07952 
1073741824, 47104, 46, 16, 64, 1024, 101155069755392, 376832, 8660, 11680.7, 1.16469e+10, 18042538060, 5378408568, 1.07952 
1073741824, 48128, 47, 16, 64, 1024, 103354093010944, 385024, 8656.55, 11939.4, 1.16469e+10, 18042536692, 5378408572, 1.07952 
1073741824, 49152, 48, 16, 64, 1024, 105553116266496, 393216, 8672.53, 12171, 1.16469e+10, 18042537420, 5378408536, 1.07952 
1073741824, 50176, 49, 16, 64, 1024, 107752139522048, 401408, 8675.45, 12420.4, 1.16469e+10, 18042536672, 5378408568, 1.07952 
1073741824, 51200, 50, 16, 64, 1024, 109951162777600, 409600, 8684.68, 12660.4, 1.16469e+10, 18042542168, 5378408580, 1.07952 
1073741824, 52224, 51, 16, 64, 1024, 112150186033152, 417792, 8677.41, 12924.4, 1.16469e+10, 18042539640, 5378408568, 1.07952 
1073741824, 53248, 52, 16, 64, 1024, 114349209288704, 425984, 8667.46, 13192.9, 1.16469e+10, 18042534132, 5378408568, 1.07952 
1073741824, 54272, 53, 16, 64, 1024, 116548232544256, 434176, 8668.46, 13445.1, 1.16469e+10, 18042537308, 5378408576, 1.07952 
1073741824, 55296, 54, 16, 64, 1024, 118747255799808, 442368, 8676.7, 13685.8, 1.16469e+10, 18042538100, 5378408572, 1.07952 
1073741824, 56320, 55, 16, 64, 1024, 120946279055360, 450560, 8684.3, 13927, 1.16469e+10, 18042536828, 5378408572, 1.07952 
1073741824, 57344, 56, 16, 64, 1024, 123145302310912, 458752, 8698.7, 14156.7, 1.16469e+10, 18042537996, 5378408524, 1.07952 
1073741824, 58368, 57, 16, 64, 1024, 125344325566464, 466944, 8677.71, 14444.4, 1.16469e+10, 18042536680, 5378408576, 1.07952 
1073741824, 59392, 58, 16, 64, 1024, 127543348822016, 475136, 8672.32, 14707, 1.16469e+10, 18042536588, 5378408564, 1.07952 
1073741824, 60416, 59, 16, 64, 1024, 129742372077568, 483328, 8679.22, 14948.6, 1.16469e+10, 18042538572, 5378408512, 1.07952 
1073741824, 61440, 60, 16, 64, 1024, 131941395333120, 491520, 8686.92, 15188.5, 1.16469e+10, 18042537508, 5378408560, 1.07952 
1073741824, 62464, 61, 16, 64, 1024, 134140418588672, 499712, 8683.53, 15447.7, 1.16469e+10, 18042536500, 5378408556, 1.07952 
1073741824, 63488, 62, 16, 64, 1024, 136339441844224, 507904, 8688.93, 15691.2, 1.16469e+10, 18042539960, 5378408560, 1.07952 
1073741824, 64512, 63, 16, 64, 1024, 138538465099776, 516096, 8684.73, 15952, 1.16469e+10, 18042538768, 5378408560, 1.07952 
1073741824, 65536, 64, 16, 64, 1024, 140737488355328, 524288, 8684.73, 16205.2, 1.16469e+10, 18042533628, 5378408512, 1.07952 
1073741824, 66560, 65, 16, 64, 1024, 142936511610880, 532480, 8695.56, 16437.9, 1.16469e+10, 18042535632, 5378408552, 1.07952 
1073741824, 67584, 66, 16, 64, 1024, 145135534866432, 540672, 8690.75, 16700, 1.16469e+10, 18042536808, 5378408560, 1.07952 
1073741824, 68608, 67, 16, 64, 1024, 147334558121984, 548864, 8688.25, 16957.9, 1.16469e+10, 18042535672, 5378408540, 1.07952 
1073741824, 69632, 68, 16, 64, 1024, 149533581377536, 557056, 8682.37, 17222.7, 1.16469e+10, 18042535708, 5378408572, 1.07952 
1073741824, 70656, 69, 16, 64, 1024, 151732604633088, 565248, 8698.29, 17444, 1.16469e+10, 18042540296, 5378408576, 1.07952 
1073741824, 71680, 70, 16, 64, 1024, 153931627888640, 573440, 8695.89, 17701.6, 1.16469e+10, 18042536172, 5378408564, 1.07952 
1073741824, 72704, 71, 16, 64, 1024, 156130651144192, 581632, 8696.98, 17952.3, 1.16469e+10, 18042537024, 5378408524, 1.07952 
1073741824, 73728, 72, 16, 64, 1024, 158329674399744, 589824, 8693.94, 18211.5, 1.16469e+10, 18042539740, 5378408548, 1.07952 
1073741824, 74752, 73, 16, 64, 1024, 160528697655296, 598016, 8695.67, 18460.8, 1.16469e+10, 18042536048, 5378408576, 1.07952 
1073741824, 75776, 74, 16, 64, 1024, 162727720910848, 606208, 8707.82, 18687.5, 1.16469e+10, 18042538152, 5378408548, 1.07952 
1073741824, 76800, 75, 16, 64, 1024, 164926744166400, 614400, 8695.11, 18967.8, 1.16469e+10, 18042538820, 5378408568, 1.07952 
1073741824, 77824, 76, 16, 64, 1024, 167125767421952, 622592, 8694.16, 19222.8, 1.16469e+10, 18042540880, 5378408568, 1.07952 
1073741824, 78848, 77, 16, 64, 1024, 169324790677504, 630784, 8702.12, 19457.9, 1.16469e+10, 18042534116, 5378408556, 1.07952 
1073741824, 79872, 78, 16, 64, 1024, 171523813933056, 638976, 8709.08, 19694.8, 1.16469e+10, 18042543664, 5378408564, 1.07952 
1073741824, 80896, 79, 16, 64, 1024, 173722837188608, 647168, 8705.45, 19955.6, 1.16469e+10, 18042538756, 5378408556, 1.07952 
1073741824, 81920, 80, 16, 64, 1024, 175921860444160, 655360, 8704.38, 20210.7, 1.1647e+10, 18042540732, 5378408564, 1.07952 
1073741824, 82944, 81, 16, 64, 1024, 178120883699712, 663552, 8708.26, 20454.2, 1.16469e+10, 18042541588, 5378408568, 1.07952 
1073741824, 83968, 82, 16, 64, 1024, 180319906955264, 671744, 8725.35, 20666.2, 1.16469e+10, 18042537916, 5378408564, 1.07952 
1073741824, 84992, 83, 16, 64, 1024, 182518930210816, 679936, 8702.82, 20972.4, 1.16469e+10, 18042539112, 5378408504, 1.07952 
1073741824, 86016, 84, 16, 64, 1024, 184717953466368, 688128, 8705.25, 21219.1, 1.16469e+10, 18042541936, 5378408568, 1.07952 
1073741824, 87040, 85, 16, 64, 1024, 186916976721920, 696320, 8728.88, 21413.6, 1.16469e+10, 18042540144, 5378408580, 1.07952 
1073741824, 88064, 86, 16, 64, 1024, 189115999977472, 704512, 8713.61, 21703.5, 1.16469e+10, 18042537784, 5378408568, 1.07952 
1073741824, 89088, 87, 16, 64, 1024, 191315023233024, 712704, 8712.68, 21958.2, 1.16469e+10, 18042536416, 5378408584, 1.07952 
1073741824, 90112, 88, 16, 64, 1024, 193514046488576, 720896, 8718.43, 22196, 1.16469e+10, 18042540936, 5378408556, 1.07952 
1073741824, 91136, 89, 16, 64, 1024, 195713069744128, 729088, 8737.03, 22400.4, 1.16469e+10, 18042535656, 5378408568, 1.07952 
1073741824, 92160, 90, 16, 64, 1024, 197912092999680, 737280, 8709.22, 22724.4, 1.16469e+10, 18042537148, 5378408568, 1.07952 
1073741824, 93184, 91, 16, 64, 1024, 200111116255232, 745472, 8716.74, 22957.1, 1.16469e+10, 18042535452, 5378408540, 1.07952 
1073741824, 94208, 92, 16, 64, 1024, 202310139510784, 753664, 8727.29, 23181.3, 1.16469e+10, 18042538264, 5378408556, 1.07952 
1073741824, 95232, 93, 16, 64, 1024, 204509162766336, 761856, 8714.41, 23467.9, 1.16469e+10, 18042539840, 5378408512, 1.07952 
1073741824, 96256, 94, 16, 64, 1024, 206708186021888, 770048, 8725.31, 23690.6, 1.16469e+10, 18042537552, 5378408568, 1.07952 
1073741824, 97280, 95, 16, 64, 1024, 208907209277440, 778240, 8729.63, 23930.8, 1.16469e+10, 18042538108, 5378408564, 1.07952 
1073741824, 98304, 96, 16, 64, 1024, 211106232532992, 786432, 8722.81, 24201.6, 1.16469e+10, 18042536536, 5378408544, 1.07952 
1073741824, 99328, 97, 16, 64, 1024, 213305255788544, 794624, 8723.63, 24451.4, 1.16469e+10, 18042538376, 5378408572, 1.07952 
1073741824, 100352, 98, 16, 64, 1024, 215504279044096, 802816, 8728.73, 24689.1, 1.16469e+10, 18042538232, 5378408568, 1.07952 
1073741824, 101376, 99, 16, 64, 1024, 217703302299648, 811008, 8723.16, 24956.9, 1.1647e+10, 18042539812, 5378408540, 1.07952 
1073741824, 102400, 100, 16, 64, 1024, 219902325555200, 819200, 8725.15, 25203.3, 1.1647e+10, 18042541160, 5378408560, 1.07952 
1073741824, 103424, 101, 16, 64, 1024, 222101348810752, 827392, 8736.96, 25420.9, 1.1647e+10, 18042538448, 5378408560, 1.07952 
1073741824, 104448, 102, 16, 64, 1024, 224300372066304, 835584, 8736.36, 25674.4, 1.1647e+10, 18042541132, 5378408584, 1.07952 
1073741824, 105472, 103, 16, 64, 1024, 226499395321856, 843776, 8737.77, 25921.9, 1.1647e+10, 18042536876, 5378408568, 1.07952 
1073741824, 106496, 104, 16, 64, 1024, 228698418577408, 851968, 8758.22, 26112.4, 1.16469e+10, 18042537332, 5378408508, 1.07952 
1073741824, 107520, 105, 16, 64, 1024, 230897441832960, 860160, 8736.56, 26428.9, 1.16469e+10, 18042535980, 5378408572, 1.07952 
1073741824, 108544, 106, 16, 64, 1024, 233096465088512, 868352, 8738.95, 26673.3, 1.1647e+10, 18042540992, 5378408572, 1.07952 
1073741824, 109568, 107, 16, 64, 1024, 235295488344064, 876544, 8753.64, 26879.7, 1.1647e+10, 18042541252, 5378408512, 1.07952 
1073741824, 110592, 108, 16, 64, 1024, 237494511599616, 884736, 8734.55, 27190.2, 1.1647e+10, 18042538120, 5378408588, 1.07952 
1073741824, 111616, 109, 16, 64, 1024, 239693534855168, 892928, 8741.07, 27421.5, 1.1647e+10, 18042538984, 5378408568, 1.07952 
1073741824, 112640, 110, 16, 64, 1024, 241892558110720, 901120, 8741.58, 27671.5, 1.16469e+10, 18042539064, 5378408568, 1.07952 
1073741824, 113664, 111, 16, 64, 1024, 244091581366272, 909312, 8750.67, 27894, 1.1647e+10, 18042539856, 5378408572, 1.07952 
1073741824, 114688, 112, 16, 64, 1024, 246290604621824, 917504, 8749.08, 28150.5, 1.1647e+10, 18042537768, 5378408544, 1.07952 
1073741824, 115712, 113, 16, 64, 1024, 248489627877376, 925696, 8745.28, 28414.1, 1.1647e+10, 18042538580, 5378408572, 1.07952 
1073741824, 116736, 114, 16, 64, 1024, 250688651132928, 933888, 8747.65, 28657.8, 1.1647e+10, 18042541832, 5378408576, 1.07952 
1073741824, 117760, 115, 16, 64, 1024, 252887674388480, 942080, 8769.67, 28836.6, 1.1647e+10, 18042535684, 5378408568, 1.07952 
1073741824, 118784, 116, 16, 64, 1024, 255086697644032, 950272, 8746.41, 29164.7, 1.1647e+10, 18042541064, 5378408572, 1.07952 
1073741824, 119808, 117, 16, 64, 1024, 257285720899584, 958464, 8754.16, 29390.1, 1.1647e+10, 18042539024, 5378408568, 1.07952 
1073741824, 120832, 118, 16, 64, 1024, 259484744155136, 966656, 8753.54, 29643.4, 1.1647e+10, 18042539448, 5378408564, 1.07952 
1073741824, 121856, 119, 16, 64, 1024, 261683767410688, 974848, 8756.48, 29884.6, 1.1647e+10, 18042538808, 5378408564, 1.07952 
1073741824, 122880, 120, 16, 64, 1024, 263882790666240, 983040, 8758.2, 30129.8, 1.1647e+10, 18042538412, 5378408532, 1.07952 
1073741824, 123904, 121, 16, 64, 1024, 266081813921792, 991232, 8756.28, 30387.6, 1.1647e+10, 18042539304, 5378408568, 1.07952 
1073741824, 124928, 122, 16, 64, 1024, 268280837177344, 999424, 8757.75, 30633.5, 1.1647e+10, 18042540152, 5378408568, 1.07952 
1073741824, 125952, 123, 16, 64, 1024, 270479860432896, 1007616, 8756.43, 30889.3, 1.1647e+10, 18042542192, 5378408516, 1.07952 
1073741824, 126976, 124, 16, 64, 1024, 272678883688448, 1015808, 8755.29, 31144.5, 1.1647e+10, 18042538260, 5378408568, 1.07952 
1073741824, 128000, 125, 16, 64, 1024, 274877906944000, 1024000, 8761.48, 31373.5, 1.1647e+10, 18042541368, 5378409256, 1.07952 
1073741824, 129024, 126, 16, 64, 1024, 277076930199552, 1032192, 8767.09, 31604.2, 1.1647e+10, 18042538912, 5378408664, 1.07952 
1073741824, 130048, 127, 16, 64, 1024, 279275953455104, 1040384, 8770.75, 31841.7, 1.1647e+10, 18042537816, 5378408568, 1.07952 
1073741824, 131072, 128, 16, 64, 1024, 281474976710656, 1048576, 8768.23, 32101.7, 1.1647e+10, 18042540756, 5378408528, 1.07952 
1073741824, 132096, 129, 16, 64, 1024, 283673999966208, 1056768, 8767.83, 32354, 1.1647e+10, 18042541376, 5378408560, 1.07952 
1073741824, 133120, 130, 16, 64, 1024, 285873023221760, 1064960, 8767.35, 32606.6, 1.1647e+10, 18042540660, 5378408524, 1.07952 
1073741824, 134144, 131, 16, 64, 1024, 288072046477312, 1073152, 8765.03, 32866.1, 1.1647e+10, 18042540788, 5378408524, 1.07952 
1073741824, 135168, 132, 16, 64, 1024, 290271069732864, 1081344, 8768, 33105.7, 1.1647e+10, 18042537624, 5378408564, 1.07952 
1073741824, 136192, 133, 16, 64, 1024, 292470092988416, 1089536, 8772.39, 33339.8, 1.1647e+10, 18042539972, 5378408572, 1.07952 
1073741824, 137216, 134, 16, 64, 1024, 294669116243968, 1097728, 8783.93, 33546.4, 1.1647e+10, 18042540440, 5378408572, 1.07952 
1073741824, 138240, 135, 16, 64, 1024, 296868139499520, 1105920, 8779.41, 33814.2, 1.1647e+10, 18042537920, 5378408512, 1.07952 
1073741824, 139264, 136, 16, 64, 1024, 299067162755072, 1114112, 8777.88, 34070.5, 1.1647e+10, 18042539564, 5378408520, 1.07952 
1073741824, 140288, 137, 16, 64, 1024, 301266186010624, 1122304, 8782.27, 34303.9, 1.1647e+10, 18042540576, 5378408520, 1.07952 
1073741824, 141312, 138, 16, 64, 1024, 303465209266176, 1130496, 8780.96, 34559.4, 1.1647e+10, 18042539424, 5378408528, 1.07952 
1073741824, 142336, 139, 16, 64, 1024, 305664232521728, 1138688, 8780.73, 34810.8, 1.1647e+10, 18042541044, 5378408532, 1.07952 
1073741824, 143360, 140, 16, 64, 1024, 307863255777280, 1146880, 8779.23, 35067.2, 1.1647e+10, 18042540020, 5378408524, 1.07952 
1073741824, 144384, 141, 16, 64, 1024, 310062279032832, 1155072, 8785.4, 35292.9, 1.1647e+10, 18042538504, 5378408560, 1.07952 
1073741824, 145408, 142, 16, 64, 1024, 312261302288384, 1163264, 8789.98, 35524.7, 1.1647e+10, 18042539792, 5378408552, 1.07952 
1073741824, 146432, 143, 16, 64, 1024, 314460325543936, 1171456, 8790.41, 35773.1, 1.1647e+10, 18042540568, 5378408568, 1.07952 
1073741824, 147456, 144, 16, 64, 1024, 316659348799488, 1179648, 8791.53, 36018.7, 1.1647e+10, 18042539192, 5378408516, 1.07952 
1073741824, 148480, 145, 16, 64, 1024, 318858372055040, 1187840, 8789.93, 36275.4, 1.1647e+10, 18042538996, 5378408544, 1.07952 
1073741824, 149504, 146, 16, 64, 1024, 321057395310592, 1196032, 8791.67, 36518.4, 1.1647e+10, 18042538216, 5378408528, 1.07952 
1073741824, 150528, 147, 16, 64, 1024, 323256418566144, 1204224, 8790.78, 36772.2, 1.1647e+10, 18042541508, 5378408520, 1.07952 
1073741824, 151552, 148, 16, 64, 1024, 325455441821696, 1212416, 8790.79, 37022.3, 1.1647e+10, 18042542828, 5378408568, 1.07952 
1073741824, 152576, 149, 16, 64, 1024, 327654465077248, 1220608, 8797.03, 37246, 1.1647e+10, 18042542600, 5378408544, 1.07952 
1073741824, 153600, 150, 16, 64, 1024, 329853488332800, 1228800, 8802.69, 37471.9, 1.1647e+10, 18042539964, 5378408524, 1.07952 
1073741824, 154624, 151, 16, 64, 1024, 332052511588352, 1236992, 8801.86, 37725.3, 1.1647e+10, 18042540060, 5378408568, 1.07952 
1073741824, 155648, 152, 16, 64, 1024, 334251534843904, 1245184, 8803.71, 37967.1, 1.1647e+10, 18042538792, 5378408520, 1.07952 
1073741824, 156672, 153, 16, 64, 1024, 336450558099456, 1253376, 8802.13, 38223.8, 1.1647e+10, 18042540200, 5378408548, 1.07952 
1073741824, 157696, 154, 16, 64, 1024, 338649581355008, 1261568, 8802.47, 38472.1, 1.1647e+10, 18042541200, 5378408536, 1.07952 
1073741824, 158720, 155, 16, 64, 1024, 340848604610560, 1269760, 8802.23, 38723, 1.1647e+10, 18042542288, 5378408552, 1.07952 
1073741824, 159744, 156, 16, 64, 1024, 343047627866112, 1277952, 8801.45, 38976.3, 1.1647e+10, 18042540472, 5378408528, 1.07952 
1073741824, 160768, 157, 16, 64, 1024, 345246651121664, 1286144, 8805.73, 39207, 1.1647e+10, 18042542812, 5378408540, 1.07952 
1073741824, 161792, 158, 16, 64, 1024, 347445674377216, 1294336, 8812.62, 39425.9, 1.1647e+10, 18042538928, 5378408528, 1.07952 
1073741824, 162816, 159, 16, 64, 1024, 349644697632768, 1302528, 8815.03, 39664.6, 1.1647e+10, 18042542252, 5378408536, 1.07952 
1073741824, 163840, 160, 16, 64, 1024, 351843720888320, 1310720, 8815.06, 39913.9, 1.1647e+10, 18042540540, 5378408528, 1.07952 
1073741824, 164864, 161, 16, 64, 1024, 354042744143872, 1318912, 8815.71, 40160.4, 1.1647e+10, 18042542052, 5378408544, 1.07952 
1073741824, 165888, 162, 16, 64, 1024, 356241767399424, 1327104, 8813.1, 40421.8, 1.1647e+10, 18042539576, 5378408544, 1.07952 
1073741824, 166912, 163, 16, 64, 1024, 358440790654976, 1335296, 8816.18, 40657.2, 1.1647e+10, 18042537908, 5378408504, 1.07952 
1073741824, 167936, 164, 16, 64, 1024, 360639813910528, 1343488, 8812.22, 40925, 1.1647e+10, 18042537636, 5378408524, 1.07952 
1073741824, 168960, 165, 16, 64, 1024, 362838837166080, 1351680, 8821.79, 41129.8, 1.1647e+10, 18042540336, 5378408540, 1.07952 
1073741824, 169984, 166, 16, 64, 1024, 365037860421632, 1359872, 8828.2, 41349.1, 1.1647e+10, 18042537888, 5378408560, 1.07952 
1073741824, 171008, 167, 16, 64, 1024, 367236883677184, 1368064, 8828.73, 41595.7, 1.1647e+10, 18042538580, 5378408548, 1.07952 
1073741824, 172032, 168, 16, 64, 1024, 369435906932736, 1376256, 8829.92, 41839.1, 1.1647e+10, 18042539496, 5378408532, 1.07952 
1073741824, 173056, 169, 16, 64, 1024, 371634930188288, 1384448, 8829.74, 42089, 1.1647e+10, 18042538784, 5378408568, 1.07952 
1073741824, 174080, 170, 16, 64, 1024, 373833953443840, 1392640, 8826.55, 42353.3, 1.1647e+10, 18042542536, 5378408560, 1.07952 
1073741824, 175104, 171, 16, 64, 1024, 376032976699392, 1400832, 8826.41, 42603.2, 1.1647e+10, 18042540172, 5378408532, 1.07952 
1073741824, 176128, 172, 16, 64, 1024, 378231999954944, 1409024, 8822.92, 42869.3, 1.1647e+10, 18042542988, 5378408572, 1.07952 
1073741824, 177152, 173, 16, 64, 1024, 380431023210496, 1417216, 8837.88, 43045.5, 1.1647e+10, 18042540528, 5378408592, 1.07952 
1073741824, 178176, 174, 16, 64, 1024, 382630046466048, 1425408, 8835.57, 43305.7, 1.1647e+10, 18042539304, 5378408528, 1.07952 
1073741824, 179200, 175, 16, 64, 1024, 384829069721600, 1433600, 8839.79, 43533.7, 1.1647e+10, 18042538804, 5378408520, 1.07952 
1073741824, 180224, 176, 16, 64, 1024, 387028092977152, 1441792, 8836.34, 43799.6, 1.1647e+10, 18042540972, 5378408540, 1.07952 
1073741824, 181248, 177, 16, 64, 1024, 389227116232704, 1449984, 8836.7, 44046.6, 1.1647e+10, 18042541504, 5378408572, 1.07952 
1073741824, 182272, 178, 16, 64, 1024, 391426139488256, 1458176, 8841.04, 44273.7, 1.1647e+10, 18042539620, 5378408536, 1.07952 
1073741824, 183296, 179, 16, 64, 1024, 393625162743808, 1466368, 8834.13, 44557.3, 1.1647e+10, 18042540088, 5378408512, 1.07952 
1073741824, 184320, 180, 16, 64, 1024, 395824185999360, 1474560, 8836.15, 44796, 1.1647e+10, 18042540272, 5378408552, 1.07952 
1073741824, 185344, 181, 16, 64, 1024, 398023209254912, 1482752, 8844.09, 45004.4, 1.1647e+10, 18042538984, 5378408536, 1.07952 
1073741824, 186368, 182, 16, 64, 1024, 400222232510464, 1490944, 8851.82, 45213.6, 1.1647e+10, 18042542364, 5378408504, 1.07952 
1073741824, 187392, 183, 16, 64, 1024, 402421255766016, 1499136, 8849.99, 45471.4, 1.1647e+10, 18042540120, 5378408536, 1.07952 
1073741824, 188416, 184, 16, 64, 1024, 404620279021568, 1507328, 8850.02, 45719.7, 1.1647e+10, 18042537336, 5378408580, 1.07952 
1073741824, 189440, 185, 16, 64, 1024, 406819302277120, 1515520, 8849.5, 45970.9, 1.1647e+10, 18042541068, 5378408576, 1.07952 
1073741824, 190464, 186, 16, 64, 1024, 409018325532672, 1523712, 8848.23, 46226, 1.1647e+10, 18042542036, 5378408552, 1.07952 
1073741824, 191488, 187, 16, 64, 1024, 411217348788224, 1531904, 8847.56, 46478, 1.1647e+10, 18042539920, 5378408504, 1.07952 
1073741824, 192512, 188, 16, 64, 1024, 413416372043776, 1540096, 8841.84, 46756.8, 1.1647e+10, 18042541744, 5378408548, 1.07952 
1073741824, 193536, 189, 16, 64, 1024, 415615395299328, 1548288, 8860.31, 46907.6, 1.1647e+10, 18042539024, 5378408564, 1.07952 
1073741824, 194560, 190, 16, 64, 1024, 417814418554880, 1556480, 8857.46, 47170.9, 1.1647e+10, 18042539876, 5378408568, 1.07952 
1073741824, 195584, 191, 16, 64, 1024, 420013441810432, 1564672, 8859.72, 47407.1, 1.1647e+10, 18042538888, 5378408532, 1.07952 
1073741824, 196608, 192, 16, 64, 1024, 422212465065984, 1572864, 8870.68, 47596.4, 1.1647e+10, 18042540108, 5378408516, 1.07952 
1073741824, 197632, 193, 16, 64, 1024, 424411488321536, 1581056, 8859.45, 47904.9, 1.1647e+10, 18042539344, 5378408564, 1.07952 
1073741824, 198656, 194, 16, 64, 1024, 426610511577088, 1589248, 8865.53, 48120.2, 1.1647e+10, 18042539948, 5378408524, 1.07952 
1073741824, 199680, 195, 16, 64, 1024, 428809534832640, 1597440, 8866.62, 48362.3, 1.1647e+10, 18042537408, 5378408520, 1.07952 
1073741824, 200704, 196, 16, 64, 1024, 431008558088192, 1605632, 8859.08, 48651.6, 1.1647e+10, 18042542496, 5378408528, 1.07952 
1073741824, 201728, 197, 16, 64, 1024, 433207581343744, 1613824, 8871.75, 48830, 1.1647e+10, 18042540156, 5378408564, 1.07952 
1073741824, 202752, 198, 16, 64, 1024, 435406604599296, 1622016, 8873.35, 49069, 1.1647e+10, 18042541260, 5378408592, 1.07952 
1073741824, 203776, 199, 16, 64, 1024, 437605627854848, 1630208, 8876.6, 49298.8, 1.1647e+10, 18042540544, 5378408544, 1.07952 
1073741824, 204800, 200, 16, 64, 1024, 439804651110400, 1638400, 8873.09, 49566.1, 1.1647e+10, 18042541480, 5378408544, 1.07952 
1073741824, 205824, 201, 16, 64, 1024, 442003674365952, 1646592, 8875.29, 49801.6, 1.1647e+10, 18042541436, 5378408564, 1.07952 
1073741824, 206848, 202, 16, 64, 1024, 444202697621504, 1654784, 8878.29, 50032.5, 1.1647e+10, 18042538708, 5378408524, 1.07952 
1073741824, 207872, 203, 16, 64, 1024, 446401720877056, 1662976, 8872.72, 50311.7, 1.1647e+10, 18042539384, 5378408536, 1.07952 
1073741824, 208896, 204, 16, 64, 1024, 448600744132608, 1671168, 8875.88, 50541.6, 1.1647e+10, 18042540312, 5378408568, 1.07952 
1073741824, 209920, 205, 16, 64, 1024, 450799767388160, 1679360, 8884.27, 50741.3, 1.1647e+10, 18042542472, 5378408564, 1.07952 
1073741824, 210944, 206, 16, 64, 1024, 452998790643712, 1687552, 8881.47, 51005, 1.1647e+10, 18042540544, 5378408552, 1.07952 
1073741824, 211968, 207, 16, 64, 1024, 455197813899264, 1695744, 8888.4, 51212.6, 1.1647e+10, 18042538520, 5378408556, 1.07952 
1073741824, 212992, 208, 16, 64, 1024, 457396837154816, 1703936, 8890.19, 51449.6, 1.1647e+10, 18042540176, 5378408552, 1.07952 
1073741824, 214016, 209, 16, 64, 1024, 459595860410368, 1712128, 8882.41, 51742.2, 1.1647e+10, 18042540044, 5378408544, 1.07952 
1073741824, 215040, 210, 16, 64, 1024, 461794883665920, 1720320, 8887.93, 51957.5, 1.1647e+10, 18042544472, 5378408552, 1.07952 
1073741824, 216064, 211, 16, 64, 1024, 463993906921472, 1728512, 8887.99, 52204.6, 1.1647e+10, 18042538700, 5378408572, 1.07952 
1073741824, 217088, 212, 16, 64, 1024, 466192930177024, 1736704, 8880.85, 52494.2, 1.1647e+10, 18042543188, 5378408540, 1.07952 
1073741824, 218112, 213, 16, 64, 1024, 468391953432576, 1744896, 8894.56, 52660.5, 1.1647e+10, 18042541588, 5378408564, 1.07952 
1073741824, 219136, 214, 16, 64, 1024, 470590976688128, 1753088, 8896.77, 52894.6, 1.1647e+10, 18042541328, 5378408556, 1.07952 
1073741824, 220160, 215, 16, 64, 1024, 472789999943680, 1761280, 8897.78, 53135.7, 1.1647e+10, 18042541312, 5378408564, 1.07952 
1073741824, 221184, 216, 16, 64, 1024, 474989023199232, 1769472, 8898.79, 53376.8, 1.1647e+10, 18042537964, 5378408552, 1.07952 
1073741824, 222208, 217, 16, 64, 1024, 477188046454784, 1777664, 8894.87, 53647.6, 1.1647e+10, 18042542796, 5378408568, 1.07952 
1073741824, 223232, 218, 16, 64, 1024, 479387069710336, 1785856, 8893.89, 53900.7, 1.1647e+10, 18042541200, 5378408560, 1.07952 
1073741824, 224256, 219, 16, 64, 1024, 481586092965888, 1794048, 8901.14, 54103.9, 1.1647e+10, 18042540992, 5378408580, 1.07952 
1073741824, 225280, 220, 16, 64, 1024, 483785116221440, 1802240, 8895.61, 54384.7, 1.1647e+10, 18042540328, 5378408568, 1.07952 
1073741824, 226304, 221, 16, 64, 1024, 485984139476992, 1810432, 8900.36, 54602.8, 1.1647e+10, 18042537200, 5378408588, 1.07952 
1073741824, 227328, 222, 16, 64, 1024, 488183162732544, 1818624, 8909.84, 54791.5, 1.1647e+10, 18042542584, 5378408576, 1.07952 
1073741824, 228352, 223, 16, 64, 1024, 490382185988096, 1826816, 8915.22, 55005, 1.1647e+10, 18042539896, 5378408580, 1.07952 
1073741824, 229376, 224, 16, 64, 1024, 492581209243648, 1835008, 8910.85, 55278.8, 1.1647e+10, 18042537368, 5378408568, 1.07952 
1073741824, 230400, 225, 16, 64, 1024, 494780232499200, 1843200, 8910.92, 55525.1, 1.1647e+10, 18042538596, 5378408536, 1.07952 
1073741824, 231424, 226, 16, 64, 1024, 496979255754752, 1851392, 8915.76, 55741.6, 1.1647e+10, 18042541244, 5378408556, 1.07952 
1073741824, 232448, 227, 16, 64, 1024, 499178279010304, 1859584, 8910.31, 56022.6, 1.1647e+10, 18042540864, 5378408528, 1.07952 
1073741824, 233472, 228, 16, 64, 1024, 501377302265856, 1867776, 8912.12, 56257.9, 1.1647e+10, 18042540452, 5378408576, 1.07952 
1073741824, 234496, 229, 16, 64, 1024, 503576325521408, 1875968, 8919.53, 56457.7, 1.1647e+10, 18042543316, 5378408548, 1.07952 
1073741824, 235520, 230, 16, 64, 1024, 505775348776960, 1884160, 8925.07, 56669.1, 1.1647e+10, 18042541448, 5378408560, 1.07952 
1073741824, 236544, 231, 16, 64, 1024, 507974372032512, 1892352, 8924.1, 56921.7, 1.1647e+10, 18042541336, 5378408568, 1.07952 
1073741824, 237568, 232, 16, 64, 1024, 510173395288064, 1900544, 8925.2, 57161, 1.1647e+10, 18042537888, 5378408524, 1.07952 
1073741824, 238592, 233, 16, 64, 1024, 512372418543616, 1908736, 8929.67, 57378.6, 1.1647e+10, 18042540656, 5378408544, 1.07952 
1073741824, 239616, 234, 16, 64, 1024, 514571441799168, 1916928, 8923.24, 57666.5, 1.1647e+10, 18042539996, 5378408560, 1.07952 
1073741824, 240640, 235, 16, 64, 1024, 516770465054720, 1925120, 8922.44, 57918.1, 1.1647e+10, 18042541252, 5378408512, 1.07952 
1073741824, 241664, 236, 16, 64, 1024, 518969488310272, 1933312, 8925.09, 58147.2, 1.1647e+10, 18042540224, 5378408568, 1.07952 
1073741824, 242688, 237, 16, 64, 1024, 521168511565824, 1941504, 8932.3, 58346.5, 1.1647e+10, 18042540524, 5378408580, 1.07952 
1073741824, 243712, 238, 16, 64, 1024, 523367534821376, 1949696, 8939.02, 58548.6, 1.1647e+10, 18042542112, 5378408524, 1.07952 
1073741824, 244736, 239, 16, 64, 1024, 525566558076928, 1957888, 8938.1, 58800.7, 1.1647e+10, 18042541516, 5378408524, 1.07952 
1073741824, 245760, 240, 16, 64, 1024, 527765581332480, 1966080, 8934.46, 59070.8, 1.1647e+10, 18042542496, 5378408568, 1.07952 
1073741824, 246784, 241, 16, 64, 1024, 529964604588032, 1974272, 8937.86, 59294.4, 1.1647e+10, 18042538956, 5378408552, 1.07952 
1073741824, 247808, 242, 16, 64, 1024, 532163627843584, 1982464, 8936.43, 59549.9, 1.1647e+10, 18042537540, 5378408564, 1.07952 
1073741824, 248832, 243, 16, 64, 1024, 534362651099136, 1990656, 8938.9, 59779.5, 1.1647e+10, 18042541136, 5378408556, 1.07952 
1073741824, 249856, 244, 16, 64, 1024, 536561674354688, 1998848, 8943.67, 59993.5, 1.1647e+10, 18042540128, 5378408556, 1.07952 
1073741824, 250880, 245, 16, 64, 1024, 538760697610240, 2007040, 8948.98, 60203.6, 1.1647e+10, 18042539632, 5378408560, 1.07952 
1073741824, 251904, 246, 16, 64, 1024, 540959720865792, 2015232, 8956.5, 60398.6, 1.1647e+10, 18042542016, 5378408548, 1.07952 
1073741824, 252928, 247, 16, 64, 1024, 543158744121344, 2023424, 8961.64, 60609.3, 1.1647e+10, 18042543924, 5378408556, 1.07952 
1073741824, 253952, 248, 16, 64, 1024, 545357767376896, 2031616, 8966.28, 60823.2, 1.1647e+10, 18042542416, 5378408536, 1.07952 
1073741824, 254976, 249, 16, 64, 1024, 547556790632448, 2039808, 8975.95, 61002.7, 1.1647e+10, 18042538700, 5378408544, 1.07952 
1073741824, 256000, 250, 16, 64, 1024, 549755813888000, 2048000, 8985.97, 61179.4, 1.1647e+10, 18042542676, 5378408564, 1.07952 
1073741824, 257024, 251, 16, 64, 1024, 551954837143552, 2056192, 8990.18, 61395.3, 1.1647e+10, 18042541244, 5378408512, 1.07952 
1073741824, 258048, 252, 16, 64, 1024, 554153860399104, 2064384, 9000.38, 61570.1, 1.1647e+10, 18042540944, 5378408576, 1.07952 
1073741824, 259072, 253, 16, 64, 1024, 556352883654656, 2072576, 9012.15, 61733.7, 1.1647e+10, 18042540076, 5378408540, 1.07952 
1073741824, 260096, 254, 16, 64, 1024, 558551906910208, 2080768, 9028.76, 61863.7, 1.1647e+10, 18042537544, 5378408532, 1.07952 
1073741824, 261120, 255, 16, 64, 1024, 560750930165760, 2088960, 9037.21, 62049.2, 1.1647e+10, 18042537600, 5378408532, 1.07952 
1073741824, 262144, 256, 16, 64, 1024, 562949953421312, 2097152, 9057.26, 62154.5, 1.1647e+10, 18042540844, 5378409152, 1.07952 
1073741824, 263168, 257, 16, 64, 1024, 565148976676864, 2105344, 9071.29, 62300.9, 1.1647e+10, 18042542368, 5378409172, 1.07952 
1073741824, 264192, 258, 16, 64, 1024, 567347999932416, 2113536, 9084.88, 62449.7, 1.1647e+10, 18042542628, 5378409164, 1.07952 
1073741824, 265216, 259, 16, 64, 1024, 569547023187968, 2121728, 9085.2, 62689.6, 1.1647e+10, 18042541892, 5378409052, 1.07952 
1073741824, 266240, 260, 16, 64, 1024, 571746046443520, 2129920, 9080.05, 62967.3, 1.1647e+10, 18042541492, 5378409196, 1.07952 
1073741824, 267264, 261, 16, 64, 1024, 573945069699072, 2138112, 9075.16, 63243.5, 1.1647e+10, 18042541188, 5378409184, 1.07952 
1073741824, 268288, 262, 16, 64, 1024, 576144092954624, 2146304, 9079.52, 63455.4, 1.1647e+10, 18042547084, 5378408980, 1.07952 
1073741824, 269312, 263, 16, 64, 1024, 578343116210176, 2154496, 9086.58, 63648.1, 1.1647e+10, 18042543660, 5378409080, 1.07952 
1073741824, 270336, 264, 16, 64, 1024, 580542139465728, 2162688, 9090.62, 63861.7, 1.1647e+10, 18042540800, 5378409040, 1.07952 
1073741824, 271360, 265, 16, 64, 1024, 582741162721280, 2170880, 9091.96, 64094.1, 1.1647e+10, 18042542440, 5378408920, 1.07952 
1073741824, 272384, 266, 16, 64, 1024, 584940185976832, 2179072, 9104.13, 64250, 1.1647e+10, 18042544176, 5378409112, 1.07952 
1073741824, 273408, 267, 16, 64, 1024, 587139209232384, 2187264, 9112.67, 64431.1, 1.1647e+10, 18042541540, 5378408980, 1.07952 
1073741824, 274432, 268, 16, 64, 1024, 589338232487936, 2195456, 9116.81, 64643, 1.1647e+10, 18042544936, 5378409108, 1.07952 
1073741824, 275456, 269, 16, 64, 1024, 591537255743488, 2203648, 9129.64, 64793.1, 1.1647e+10, 18042542600, 5378409060, 1.07952 
1073741824, 276480, 270, 16, 64, 1024, 593736278999040, 2211840, 9150.52, 64885.5, 1.1647e+10, 18042541608, 5378409240, 1.07952 
1073741824, 277504, 271, 16, 64, 1024, 595935302254592, 2220032, 9152.05, 65115, 1.1647e+10, 18042542208, 5378408996, 1.07952 
1073741824, 278528, 272, 16, 64, 1024, 598134325510144, 2228224, 9164.41, 65267.1, 1.1647e+10, 18042542880, 5378409080, 1.07952 
1073741824, 279552, 273, 16, 64, 1024, 600333348765696, 2236416, 9173.62, 65441.2, 1.1647e+10, 18042543636, 5378409148, 1.07952 
1073741824, 280576, 274, 16, 64, 1024, 602532372021248, 2244608, 9186.49, 65589, 1.1647e+10, 18042543804, 5378408884, 1.07952 
1073741824, 281600, 275, 16, 64, 1024, 604731395276800, 2252800, 9194.75, 65769.2, 1.1647e+10, 18042542072, 5378409036, 1.07952 
1073741824, 282624, 276, 16, 64, 1024, 606930418532352, 2260992, 9201.62, 65959.1, 1.1647e+10, 18042540296, 5378408796, 1.07952 
1073741824, 283648, 277, 16, 64, 1024, 609129441787904, 2269184, 9226.91, 66016.7, 1.1647e+10, 18042540984, 5378409116, 1.07952 
1073741824, 284672, 278, 16, 64, 1024, 611328465043456, 2277376, 9239.81, 66162.5, 1.1647e+10, 18042544068, 5378408976, 1.07952 
1073741824, 285696, 279, 16, 64, 1024, 613527488299008, 2285568, 9250.39, 66324.5, 1.1647e+10, 18042541708, 5378409060, 1.07952 
1073741824, 286720, 280, 16, 64, 1024, 615726511554560, 2293760, 9264.1, 66463.7, 1.1647e+10, 18042539604, 5378409116, 1.07952 
1073741824, 287744, 281, 16, 64, 1024, 617925534810112, 2301952, 9288.9, 66523, 1.1647e+10, 18042543508, 5378409024, 1.07952 
1073741824, 288768, 282, 16, 64, 1024, 620124558065664, 2310144, 9308.66, 66618, 1.1647e+10, 18042541708, 5378409008, 1.07952 
1073741824, 289792, 283, 16, 64, 1024, 622323581321216, 2318336, 9318.75, 66781.9, 1.1647e+10, 18042542872, 5378409308, 1.07952 
1073741824, 290816, 284, 16, 64, 1024, 624522604576768, 2326528, 9330.69, 66932.1, 1.1647e+10, 18042543660, 5378408908, 1.07952 
1073741824, 291840, 285, 16, 64, 1024, 626721627832320, 2334720, 9350.33, 67026.7, 1.1647e+10, 18042545120, 5378409280, 1.07952 
1073741824, 292864, 286, 16, 64, 1024, 628920651087872, 2342912, 9355.61, 67223.9, 1.1647e+10, 18042542108, 5378408876, 1.07952 
1073741824, 293888, 287, 16, 64, 1024, 631119674343424, 2351104, 9361.82, 67414.2, 1.1647e+10, 18042544336, 5378409252, 1.07952 
1073741824, 294912, 288, 16, 64, 1024, 633318697598976, 2359296, 9368.37, 67601.8, 1.1647e+10, 18042541456, 5378409000, 1.07952 
1073741824, 295936, 289, 16, 64, 1024, 635517720854528, 2367488, 9364.81, 67862.3, 1.1647e+10, 18042540716, 5378409304, 1.07952 
1073741824, 296960, 290, 16, 64, 1024, 637716744110080, 2375680, 9360.93, 68125.3, 1.1647e+10, 18042541748, 5378409016, 1.07952 
1073741824, 297984, 291, 16, 64, 1024, 639915767365632, 2383872, 9362.81, 68346.5, 1.1647e+10, 18042540872, 5378409016, 1.07952 
1073741824, 299008, 292, 16, 64, 1024, 642114790621184, 2392064, 9366.21, 68556.5, 1.1647e+10, 18042542092, 5378409060, 1.07952 
1073741824, 300032, 293, 16, 64, 1024, 644313813876736, 2400256, 9370.43, 68760.3, 1.1647e+10, 18042541824, 5378409008, 1.07952 
1073741824, 301056, 294, 16, 64, 1024, 646512837132288, 2408448, 9380.01, 68924.6, 1.1647e+10, 18042543284, 5378408988, 1.07952 
1073741824, 302080, 295, 16, 64, 1024, 648711860387840, 2416640, 9391.5, 69074.4, 1.1647e+10, 18042542648, 5378409092, 1.07952 
1073741824, 303104, 296, 16, 64, 1024, 650910883643392, 2424832, 9403.48, 69220.2, 1.1647e+10, 18042541904, 5378409252, 1.07952 
1073741824, 304128, 297, 16, 64, 1024, 653109906898944, 2433024, 9412.58, 69386.9, 1.1647e+10, 18042542244, 5378409256, 1.07952 
1073741824, 305152, 298, 16, 64, 1024, 655308930154496, 2441216, 9423.9, 69536.9, 1.1647e+10, 18042541820, 5378409248, 1.07952 
1073741824, 306176, 299, 16, 64, 1024, 657507953410048, 2449408, 9452.19, 69561.4, 1.1647e+10, 18042539908, 5378409352, 1.07952 
1073741824, 307200, 300, 16, 64, 1024, 659706976665600, 2457600, 9451.46, 69799.5, 1.1647e+10, 18042541740, 5378409140, 1.07952 
1073741824, 308224, 301, 16, 64, 1024, 661905999921152, 2465792, 9476.74, 69845.3, 1.1647e+10, 18042543060, 5378409196, 1.07952 
1073741824, 309248, 302, 16, 64, 1024, 664105023176704, 2473984, 9500.87, 69899.4, 1.1647e+10, 18042540368, 5378409216, 1.07952 
1073741824, 310272, 303, 16, 64, 1024, 666304046432256, 2482176, 9509.24, 70069.1, 1.1647e+10, 18042542852, 5378409172, 1.07952 
1073741824, 311296, 304, 16, 64, 1024, 668503069687808, 2490368, 9526.68, 70171.7, 1.1647e+10, 18042540796, 5378409384, 1.07952 
