[INFO] GPU Roofline Tools 
[INFO] Version 1.0.0 (C)2024 Bagus Hanindhito 
[INFO] Built for AMD Instinct MI300X (gfx942) GPUs
[INFO] Detected 8 HIP-capable device(s)
[INFO] +---+------------------------+----+----+-----------+--------------+--------------+
[INFO] |#  |Device Name             |CC  |#CU |Freq. (MHz)|Mem. Size (MB)|Mem. BW (GB/s)|
[INFO] +---+------------------------+----+----+-----------+--------------+--------------+
[INFO] |0  |AMD Instinct MI300X     |9.4 |304 |2100       |196592        |2662.4        |
[INFO] +---+------------------------+----+----+-----------+--------------+--------------+
[INFO] |1  |AMD Instinct MI300X     |9.4 |304 |2100       |196592        |2662.4        |
[INFO] +---+------------------------+----+----+-----------+--------------+--------------+
[INFO] |2  |AMD Instinct MI300X     |9.4 |304 |2100       |196592        |2662.4        |
[INFO] +---+------------------------+----+----+-----------+--------------+--------------+
[INFO] |3  |AMD Instinct MI300X     |9.4 |304 |2100       |196592        |2662.4        |
[INFO] +---+------------------------+----+----+-----------+--------------+--------------+
[INFO] |4  |AMD Instinct MI300X     |9.4 |304 |2100       |196592        |2662.4        |
[INFO] +---+------------------------+----+----+-----------+--------------+--------------+
[INFO] |5  |AMD Instinct MI300X     |9.4 |304 |2100       |196592        |2662.4        |
[INFO] +---+------------------------+----+----+-----------+--------------+--------------+
[INFO] |6  |AMD Instinct MI300X     |9.4 |304 |2100       |196592        |2662.4        |
[INFO] +---+------------------------+----+----+-----------+--------------+--------------+
[INFO] |7  |AMD Instinct MI300X     |9.4 |304 |2100       |196592        |2662.4        |
[INFO] +---+------------------------+----+----+-----------+--------------+--------------+
[WARN] This program does not currently support Multi-GPU run.
[INFO] Set default GPU to GPU index 0
[INFO] (1743283021) Running with 16 wavefront(s) per workgroup and 1 workgroup(s)
[INFO] (1743283038) Running with 16 wavefront(s) per workgroup and 2 workgroup(s)
[INFO] (1743283054) Running with 16 wavefront(s) per workgroup and 3 workgroup(s)
[INFO] (1743283070) Running with 16 wavefront(s) per workgroup and 4 workgroup(s)
[INFO] (1743283087) Running with 16 wavefront(s) per workgroup and 5 workgroup(s)
[INFO] (1743283103) Running with 16 wavefront(s) per workgroup and 6 workgroup(s)
[INFO] (1743283120) Running with 16 wavefront(s) per workgroup and 7 workgroup(s)
[INFO] (1743283136) Running with 16 wavefront(s) per workgroup and 8 workgroup(s)
[INFO] (1743283153) Running with 16 wavefront(s) per workgroup and 9 workgroup(s)
[INFO] (1743283169) Running with 16 wavefront(s) per workgroup and 10 workgroup(s)
[INFO] (1743283186) Running with 16 wavefront(s) per workgroup and 11 workgroup(s)
[INFO] (1743283202) Running with 16 wavefront(s) per workgroup and 12 workgroup(s)
[INFO] (1743283219) Running with 16 wavefront(s) per workgroup and 13 workgroup(s)
[INFO] (1743283235) Running with 16 wavefront(s) per workgroup and 14 workgroup(s)
[INFO] (1743283252) Running with 16 wavefront(s) per workgroup and 15 workgroup(s)
[INFO] (1743283268) Running with 16 wavefront(s) per workgroup and 16 workgroup(s)
[INFO] (1743283284) Running with 16 wavefront(s) per workgroup and 17 workgroup(s)
[INFO] (1743283301) Running with 16 wavefront(s) per workgroup and 18 workgroup(s)
[INFO] (1743283317) Running with 16 wavefront(s) per workgroup and 19 workgroup(s)
[INFO] (1743283334) Running with 16 wavefront(s) per workgroup and 20 workgroup(s)
[INFO] (1743283350) Running with 16 wavefront(s) per workgroup and 21 workgroup(s)
[INFO] (1743283367) Running with 16 wavefront(s) per workgroup and 22 workgroup(s)
[INFO] (1743283383) Running with 16 wavefront(s) per workgroup and 23 workgroup(s)
[INFO] (1743283400) Running with 16 wavefront(s) per workgroup and 24 workgroup(s)
[INFO] (1743283416) Running with 16 wavefront(s) per workgroup and 25 workgroup(s)
[INFO] (1743283433) Running with 16 wavefront(s) per workgroup and 26 workgroup(s)
[INFO] (1743283449) Running with 16 wavefront(s) per workgroup and 27 workgroup(s)
[INFO] (1743283466) Running with 16 wavefront(s) per workgroup and 28 workgroup(s)
[INFO] (1743283482) Running with 16 wavefront(s) per workgroup and 29 workgroup(s)
[INFO] (1743283499) Running with 16 wavefront(s) per workgroup and 30 workgroup(s)
[INFO] (1743283515) Running with 16 wavefront(s) per workgroup and 31 workgroup(s)
[INFO] (1743283532) Running with 16 wavefront(s) per workgroup and 32 workgroup(s)
[INFO] (1743283548) Running with 16 wavefront(s) per workgroup and 33 workgroup(s)
[INFO] (1743283565) Running with 16 wavefront(s) per workgroup and 34 workgroup(s)
[INFO] (1743283581) Running with 16 wavefront(s) per workgroup and 35 workgroup(s)
[INFO] (1743283598) Running with 16 wavefront(s) per workgroup and 36 workgroup(s)
[INFO] (1743283614) Running with 16 wavefront(s) per workgroup and 37 workgroup(s)
[INFO] (1743283631) Running with 16 wavefront(s) per workgroup and 38 workgroup(s)
[INFO] (1743283647) Running with 16 wavefront(s) per workgroup and 39 workgroup(s)
[INFO] (1743283663) Running with 16 wavefront(s) per workgroup and 40 workgroup(s)
[INFO] (1743283680) Running with 16 wavefront(s) per workgroup and 41 workgroup(s)
[INFO] (1743283696) Running with 16 wavefront(s) per workgroup and 42 workgroup(s)
[INFO] (1743283713) Running with 16 wavefront(s) per workgroup and 43 workgroup(s)
[INFO] (1743283729) Running with 16 wavefront(s) per workgroup and 44 workgroup(s)
[INFO] (1743283746) Running with 16 wavefront(s) per workgroup and 45 workgroup(s)
[INFO] (1743283762) Running with 16 wavefront(s) per workgroup and 46 workgroup(s)
[INFO] (1743283779) Running with 16 wavefront(s) per workgroup and 47 workgroup(s)
[INFO] (1743283795) Running with 16 wavefront(s) per workgroup and 48 workgroup(s)
[INFO] (1743283812) Running with 16 wavefront(s) per workgroup and 49 workgroup(s)
[INFO] (1743283828) Running with 16 wavefront(s) per workgroup and 50 workgroup(s)
[INFO] (1743283845) Running with 16 wavefront(s) per workgroup and 51 workgroup(s)
[INFO] (1743283861) Running with 16 wavefront(s) per workgroup and 52 workgroup(s)
[INFO] (1743283878) Running with 16 wavefront(s) per workgroup and 53 workgroup(s)
[INFO] (1743283894) Running with 16 wavefront(s) per workgroup and 54 workgroup(s)
[INFO] (1743283911) Running with 16 wavefront(s) per workgroup and 55 workgroup(s)
[INFO] (1743283927) Running with 16 wavefront(s) per workgroup and 56 workgroup(s)
[INFO] (1743283944) Running with 16 wavefront(s) per workgroup and 57 workgroup(s)
[INFO] (1743283960) Running with 16 wavefront(s) per workgroup and 58 workgroup(s)
[INFO] (1743283977) Running with 16 wavefront(s) per workgroup and 59 workgroup(s)
[INFO] (1743283993) Running with 16 wavefront(s) per workgroup and 60 workgroup(s)
[INFO] (1743284010) Running with 16 wavefront(s) per workgroup and 61 workgroup(s)
[INFO] (1743284026) Running with 16 wavefront(s) per workgroup and 62 workgroup(s)
[INFO] (1743284043) Running with 16 wavefront(s) per workgroup and 63 workgroup(s)
[INFO] (1743284060) Running with 16 wavefront(s) per workgroup and 64 workgroup(s)
[INFO] (1743284076) Running with 16 wavefront(s) per workgroup and 65 workgroup(s)
[INFO] (1743284093) Running with 16 wavefront(s) per workgroup and 66 workgroup(s)
[INFO] (1743284109) Running with 16 wavefront(s) per workgroup and 67 workgroup(s)
[INFO] (1743284126) Running with 16 wavefront(s) per workgroup and 68 workgroup(s)
[INFO] (1743284142) Running with 16 wavefront(s) per workgroup and 69 workgroup(s)
[INFO] (1743284159) Running with 16 wavefront(s) per workgroup and 70 workgroup(s)
[INFO] (1743284175) Running with 16 wavefront(s) per workgroup and 71 workgroup(s)
[INFO] (1743284192) Running with 16 wavefront(s) per workgroup and 72 workgroup(s)
[INFO] (1743284208) Running with 16 wavefront(s) per workgroup and 73 workgroup(s)
[INFO] (1743284225) Running with 16 wavefront(s) per workgroup and 74 workgroup(s)
[INFO] (1743284241) Running with 16 wavefront(s) per workgroup and 75 workgroup(s)
[INFO] (1743284258) Running with 16 wavefront(s) per workgroup and 76 workgroup(s)
[INFO] (1743284274) Running with 16 wavefront(s) per workgroup and 77 workgroup(s)
[INFO] (1743284291) Running with 16 wavefront(s) per workgroup and 78 workgroup(s)
[INFO] (1743284307) Running with 16 wavefront(s) per workgroup and 79 workgroup(s)
[INFO] (1743284324) Running with 16 wavefront(s) per workgroup and 80 workgroup(s)
[INFO] (1743284340) Running with 16 wavefront(s) per workgroup and 81 workgroup(s)
[INFO] (1743284357) Running with 16 wavefront(s) per workgroup and 82 workgroup(s)
[INFO] (1743284373) Running with 16 wavefront(s) per workgroup and 83 workgroup(s)
[INFO] (1743284390) Running with 16 wavefront(s) per workgroup and 84 workgroup(s)
[INFO] (1743284406) Running with 16 wavefront(s) per workgroup and 85 workgroup(s)
[INFO] (1743284423) Running with 16 wavefront(s) per workgroup and 86 workgroup(s)
[INFO] (1743284440) Running with 16 wavefront(s) per workgroup and 87 workgroup(s)
[INFO] (1743284456) Running with 16 wavefront(s) per workgroup and 88 workgroup(s)
[INFO] (1743284473) Running with 16 wavefront(s) per workgroup and 89 workgroup(s)
[INFO] (1743284489) Running with 16 wavefront(s) per workgroup and 90 workgroup(s)
[INFO] (1743284506) Running with 16 wavefront(s) per workgroup and 91 workgroup(s)
[INFO] (1743284522) Running with 16 wavefront(s) per workgroup and 92 workgroup(s)
[INFO] (1743284539) Running with 16 wavefront(s) per workgroup and 93 workgroup(s)
[INFO] (1743284555) Running with 16 wavefront(s) per workgroup and 94 workgroup(s)
[INFO] (1743284572) Running with 16 wavefront(s) per workgroup and 95 workgroup(s)
[INFO] (1743284588) Running with 16 wavefront(s) per workgroup and 96 workgroup(s)
[INFO] (1743284605) Running with 16 wavefront(s) per workgroup and 97 workgroup(s)
[INFO] (1743284621) Running with 16 wavefront(s) per workgroup and 98 workgroup(s)
[INFO] (1743284638) Running with 16 wavefront(s) per workgroup and 99 workgroup(s)
[INFO] (1743284654) Running with 16 wavefront(s) per workgroup and 100 workgroup(s)
[INFO] (1743284671) Running with 16 wavefront(s) per workgroup and 101 workgroup(s)
[INFO] (1743284688) Running with 16 wavefront(s) per workgroup and 102 workgroup(s)
[INFO] (1743284704) Running with 16 wavefront(s) per workgroup and 103 workgroup(s)
[INFO] (1743284721) Running with 16 wavefront(s) per workgroup and 104 workgroup(s)
[INFO] (1743284737) Running with 16 wavefront(s) per workgroup and 105 workgroup(s)
[INFO] (1743284754) Running with 16 wavefront(s) per workgroup and 106 workgroup(s)
[INFO] (1743284770) Running with 16 wavefront(s) per workgroup and 107 workgroup(s)
[INFO] (1743284787) Running with 16 wavefront(s) per workgroup and 108 workgroup(s)
[INFO] (1743284803) Running with 16 wavefront(s) per workgroup and 109 workgroup(s)
[INFO] (1743284820) Running with 16 wavefront(s) per workgroup and 110 workgroup(s)
[INFO] (1743284836) Running with 16 wavefront(s) per workgroup and 111 workgroup(s)
[INFO] (1743284853) Running with 16 wavefront(s) per workgroup and 112 workgroup(s)
[INFO] (1743284870) Running with 16 wavefront(s) per workgroup and 113 workgroup(s)
[INFO] (1743284886) Running with 16 wavefront(s) per workgroup and 114 workgroup(s)
[INFO] (1743284903) Running with 16 wavefront(s) per workgroup and 115 workgroup(s)
[INFO] (1743284919) Running with 16 wavefront(s) per workgroup and 116 workgroup(s)
[INFO] (1743284936) Running with 16 wavefront(s) per workgroup and 117 workgroup(s)
[INFO] (1743284952) Running with 16 wavefront(s) per workgroup and 118 workgroup(s)
[INFO] (1743284969) Running with 16 wavefront(s) per workgroup and 119 workgroup(s)
[INFO] (1743284986) Running with 16 wavefront(s) per workgroup and 120 workgroup(s)
[INFO] (1743285002) Running with 16 wavefront(s) per workgroup and 121 workgroup(s)
[INFO] (1743285019) Running with 16 wavefront(s) per workgroup and 122 workgroup(s)
[INFO] (1743285035) Running with 16 wavefront(s) per workgroup and 123 workgroup(s)
[INFO] (1743285052) Running with 16 wavefront(s) per workgroup and 124 workgroup(s)
[INFO] (1743285068) Running with 16 wavefront(s) per workgroup and 125 workgroup(s)
[INFO] (1743285085) Running with 16 wavefront(s) per workgroup and 126 workgroup(s)
[INFO] (1743285102) Running with 16 wavefront(s) per workgroup and 127 workgroup(s)
[INFO] (1743285118) Running with 16 wavefront(s) per workgroup and 128 workgroup(s)
[INFO] (1743285135) Running with 16 wavefront(s) per workgroup and 129 workgroup(s)
[INFO] (1743285151) Running with 16 wavefront(s) per workgroup and 130 workgroup(s)
[INFO] (1743285168) Running with 16 wavefront(s) per workgroup and 131 workgroup(s)
[INFO] (1743285184) Running with 16 wavefront(s) per workgroup and 132 workgroup(s)
[INFO] (1743285201) Running with 16 wavefront(s) per workgroup and 133 workgroup(s)
[INFO] (1743285218) Running with 16 wavefront(s) per workgroup and 134 workgroup(s)
[INFO] (1743285234) Running with 16 wavefront(s) per workgroup and 135 workgroup(s)
[INFO] (1743285251) Running with 16 wavefront(s) per workgroup and 136 workgroup(s)
[INFO] (1743285267) Running with 16 wavefront(s) per workgroup and 137 workgroup(s)
[INFO] (1743285284) Running with 16 wavefront(s) per workgroup and 138 workgroup(s)
[INFO] (1743285301) Running with 16 wavefront(s) per workgroup and 139 workgroup(s)
[INFO] (1743285317) Running with 16 wavefront(s) per workgroup and 140 workgroup(s)
[INFO] (1743285334) Running with 16 wavefront(s) per workgroup and 141 workgroup(s)
[INFO] (1743285350) Running with 16 wavefront(s) per workgroup and 142 workgroup(s)
[INFO] (1743285367) Running with 16 wavefront(s) per workgroup and 143 workgroup(s)
[INFO] (1743285384) Running with 16 wavefront(s) per workgroup and 144 workgroup(s)
[INFO] (1743285400) Running with 16 wavefront(s) per workgroup and 145 workgroup(s)
[INFO] (1743285417) Running with 16 wavefront(s) per workgroup and 146 workgroup(s)
[INFO] (1743285433) Running with 16 wavefront(s) per workgroup and 147 workgroup(s)
[INFO] (1743285450) Running with 16 wavefront(s) per workgroup and 148 workgroup(s)
[INFO] (1743285467) Running with 16 wavefront(s) per workgroup and 149 workgroup(s)
[INFO] (1743285483) Running with 16 wavefront(s) per workgroup and 150 workgroup(s)
[INFO] (1743285500) Running with 16 wavefront(s) per workgroup and 151 workgroup(s)
[INFO] (1743285516) Running with 16 wavefront(s) per workgroup and 152 workgroup(s)
[INFO] (1743285533) Running with 16 wavefront(s) per workgroup and 153 workgroup(s)
[INFO] (1743285550) Running with 16 wavefront(s) per workgroup and 154 workgroup(s)
[INFO] (1743285566) Running with 16 wavefront(s) per workgroup and 155 workgroup(s)
[INFO] (1743285583) Running with 16 wavefront(s) per workgroup and 156 workgroup(s)
[INFO] (1743285600) Running with 16 wavefront(s) per workgroup and 157 workgroup(s)
[INFO] (1743285616) Running with 16 wavefront(s) per workgroup and 158 workgroup(s)
[INFO] (1743285633) Running with 16 wavefront(s) per workgroup and 159 workgroup(s)
[INFO] (1743285649) Running with 16 wavefront(s) per workgroup and 160 workgroup(s)
[INFO] (1743285666) Running with 16 wavefront(s) per workgroup and 161 workgroup(s)
[INFO] (1743285683) Running with 16 wavefront(s) per workgroup and 162 workgroup(s)
[INFO] (1743285699) Running with 16 wavefront(s) per workgroup and 163 workgroup(s)
[INFO] (1743285716) Running with 16 wavefront(s) per workgroup and 164 workgroup(s)
[INFO] (1743285733) Running with 16 wavefront(s) per workgroup and 165 workgroup(s)
[INFO] (1743285749) Running with 16 wavefront(s) per workgroup and 166 workgroup(s)
[INFO] (1743285766) Running with 16 wavefront(s) per workgroup and 167 workgroup(s)
[INFO] (1743285782) Running with 16 wavefront(s) per workgroup and 168 workgroup(s)
[INFO] (1743285799) Running with 16 wavefront(s) per workgroup and 169 workgroup(s)
[INFO] (1743285816) Running with 16 wavefront(s) per workgroup and 170 workgroup(s)
[INFO] (1743285832) Running with 16 wavefront(s) per workgroup and 171 workgroup(s)
[INFO] (1743285849) Running with 16 wavefront(s) per workgroup and 172 workgroup(s)
[INFO] (1743285866) Running with 16 wavefront(s) per workgroup and 173 workgroup(s)
[INFO] (1743285882) Running with 16 wavefront(s) per workgroup and 174 workgroup(s)
[INFO] (1743285899) Running with 16 wavefront(s) per workgroup and 175 workgroup(s)
[INFO] (1743285916) Running with 16 wavefront(s) per workgroup and 176 workgroup(s)
[INFO] (1743285932) Running with 16 wavefront(s) per workgroup and 177 workgroup(s)
[INFO] (1743285949) Running with 16 wavefront(s) per workgroup and 178 workgroup(s)
[INFO] (1743285966) Running with 16 wavefront(s) per workgroup and 179 workgroup(s)
[INFO] (1743285982) Running with 16 wavefront(s) per workgroup and 180 workgroup(s)
[INFO] (1743285999) Running with 16 wavefront(s) per workgroup and 181 workgroup(s)
[INFO] (1743286016) Running with 16 wavefront(s) per workgroup and 182 workgroup(s)
[INFO] (1743286032) Running with 16 wavefront(s) per workgroup and 183 workgroup(s)
[INFO] (1743286049) Running with 16 wavefront(s) per workgroup and 184 workgroup(s)
[INFO] (1743286066) Running with 16 wavefront(s) per workgroup and 185 workgroup(s)
[INFO] (1743286082) Running with 16 wavefront(s) per workgroup and 186 workgroup(s)
[INFO] (1743286099) Running with 16 wavefront(s) per workgroup and 187 workgroup(s)
[INFO] (1743286116) Running with 16 wavefront(s) per workgroup and 188 workgroup(s)
[INFO] (1743286132) Running with 16 wavefront(s) per workgroup and 189 workgroup(s)
[INFO] (1743286149) Running with 16 wavefront(s) per workgroup and 190 workgroup(s)
[INFO] (1743286166) Running with 16 wavefront(s) per workgroup and 191 workgroup(s)
[INFO] (1743286182) Running with 16 wavefront(s) per workgroup and 192 workgroup(s)
[INFO] (1743286199) Running with 16 wavefront(s) per workgroup and 193 workgroup(s)
[INFO] (1743286216) Running with 16 wavefront(s) per workgroup and 194 workgroup(s)
[INFO] (1743286232) Running with 16 wavefront(s) per workgroup and 195 workgroup(s)
[INFO] (1743286249) Running with 16 wavefront(s) per workgroup and 196 workgroup(s)
[INFO] (1743286266) Running with 16 wavefront(s) per workgroup and 197 workgroup(s)
[INFO] (1743286282) Running with 16 wavefront(s) per workgroup and 198 workgroup(s)
[INFO] (1743286299) Running with 16 wavefront(s) per workgroup and 199 workgroup(s)
[INFO] (1743286316) Running with 16 wavefront(s) per workgroup and 200 workgroup(s)
[INFO] (1743286332) Running with 16 wavefront(s) per workgroup and 201 workgroup(s)
[INFO] (1743286349) Running with 16 wavefront(s) per workgroup and 202 workgroup(s)
[INFO] (1743286366) Running with 16 wavefront(s) per workgroup and 203 workgroup(s)
[INFO] (1743286382) Running with 16 wavefront(s) per workgroup and 204 workgroup(s)
[INFO] (1743286399) Running with 16 wavefront(s) per workgroup and 205 workgroup(s)
[INFO] (1743286416) Running with 16 wavefront(s) per workgroup and 206 workgroup(s)
[INFO] (1743286432) Running with 16 wavefront(s) per workgroup and 207 workgroup(s)
[INFO] (1743286449) Running with 16 wavefront(s) per workgroup and 208 workgroup(s)
[INFO] (1743286466) Running with 16 wavefront(s) per workgroup and 209 workgroup(s)
[INFO] (1743286483) Running with 16 wavefront(s) per workgroup and 210 workgroup(s)
[INFO] (1743286499) Running with 16 wavefront(s) per workgroup and 211 workgroup(s)
[INFO] (1743286516) Running with 16 wavefront(s) per workgroup and 212 workgroup(s)
[INFO] (1743286533) Running with 16 wavefront(s) per workgroup and 213 workgroup(s)
[INFO] (1743286549) Running with 16 wavefront(s) per workgroup and 214 workgroup(s)
[INFO] (1743286566) Running with 16 wavefront(s) per workgroup and 215 workgroup(s)
[INFO] (1743286583) Running with 16 wavefront(s) per workgroup and 216 workgroup(s)
[INFO] (1743286599) Running with 16 wavefront(s) per workgroup and 217 workgroup(s)
[INFO] (1743286616) Running with 16 wavefront(s) per workgroup and 218 workgroup(s)
[INFO] (1743286633) Running with 16 wavefront(s) per workgroup and 219 workgroup(s)
[INFO] (1743286650) Running with 16 wavefront(s) per workgroup and 220 workgroup(s)
[INFO] (1743286666) Running with 16 wavefront(s) per workgroup and 221 workgroup(s)
[INFO] (1743286683) Running with 16 wavefront(s) per workgroup and 222 workgroup(s)
[INFO] (1743286700) Running with 16 wavefront(s) per workgroup and 223 workgroup(s)
[INFO] (1743286716) Running with 16 wavefront(s) per workgroup and 224 workgroup(s)
[INFO] (1743286733) Running with 16 wavefront(s) per workgroup and 225 workgroup(s)
[INFO] (1743286750) Running with 16 wavefront(s) per workgroup and 226 workgroup(s)
[INFO] (1743286767) Running with 16 wavefront(s) per workgroup and 227 workgroup(s)
[INFO] (1743286783) Running with 16 wavefront(s) per workgroup and 228 workgroup(s)
[INFO] (1743286800) Running with 16 wavefront(s) per workgroup and 229 workgroup(s)
[INFO] (1743286817) Running with 16 wavefront(s) per workgroup and 230 workgroup(s)
[INFO] (1743286834) Running with 16 wavefront(s) per workgroup and 231 workgroup(s)
[INFO] (1743286850) Running with 16 wavefront(s) per workgroup and 232 workgroup(s)
[INFO] (1743286867) Running with 16 wavefront(s) per workgroup and 233 workgroup(s)
[INFO] (1743286884) Running with 16 wavefront(s) per workgroup and 234 workgroup(s)
[INFO] (1743286900) Running with 16 wavefront(s) per workgroup and 235 workgroup(s)
[INFO] (1743286917) Running with 16 wavefront(s) per workgroup and 236 workgroup(s)
[INFO] (1743286934) Running with 16 wavefront(s) per workgroup and 237 workgroup(s)
[INFO] (1743286951) Running with 16 wavefront(s) per workgroup and 238 workgroup(s)
[INFO] (1743286967) Running with 16 wavefront(s) per workgroup and 239 workgroup(s)
[INFO] (1743286984) Running with 16 wavefront(s) per workgroup and 240 workgroup(s)
[INFO] (1743287001) Running with 16 wavefront(s) per workgroup and 241 workgroup(s)
[INFO] (1743287018) Running with 16 wavefront(s) per workgroup and 242 workgroup(s)
[INFO] (1743287034) Running with 16 wavefront(s) per workgroup and 243 workgroup(s)
[INFO] (1743287051) Running with 16 wavefront(s) per workgroup and 244 workgroup(s)
[INFO] (1743287068) Running with 16 wavefront(s) per workgroup and 245 workgroup(s)
[INFO] (1743287085) Running with 16 wavefront(s) per workgroup and 246 workgroup(s)
[INFO] (1743287101) Running with 16 wavefront(s) per workgroup and 247 workgroup(s)
[INFO] (1743287118) Running with 16 wavefront(s) per workgroup and 248 workgroup(s)
[INFO] (1743287135) Running with 16 wavefront(s) per workgroup and 249 workgroup(s)
[INFO] (1743287152) Running with 16 wavefront(s) per workgroup and 250 workgroup(s)
[INFO] (1743287168) Running with 16 wavefront(s) per workgroup and 251 workgroup(s)
[INFO] (1743287185) Running with 16 wavefront(s) per workgroup and 252 workgroup(s)
[INFO] (1743287202) Running with 16 wavefront(s) per workgroup and 253 workgroup(s)
[INFO] (1743287219) Running with 16 wavefront(s) per workgroup and 254 workgroup(s)
[INFO] (1743287236) Running with 16 wavefront(s) per workgroup and 255 workgroup(s)
[INFO] (1743287252) Running with 16 wavefront(s) per workgroup and 256 workgroup(s)
[INFO] (1743287269) Running with 16 wavefront(s) per workgroup and 257 workgroup(s)
[INFO] (1743287286) Running with 16 wavefront(s) per workgroup and 258 workgroup(s)
[INFO] (1743287303) Running with 16 wavefront(s) per workgroup and 259 workgroup(s)
[INFO] (1743287319) Running with 16 wavefront(s) per workgroup and 260 workgroup(s)
[INFO] (1743287336) Running with 16 wavefront(s) per workgroup and 261 workgroup(s)
[INFO] (1743287353) Running with 16 wavefront(s) per workgroup and 262 workgroup(s)
[INFO] (1743287370) Running with 16 wavefront(s) per workgroup and 263 workgroup(s)
[INFO] (1743287386) Running with 16 wavefront(s) per workgroup and 264 workgroup(s)
[INFO] (1743287403) Running with 16 wavefront(s) per workgroup and 265 workgroup(s)
[INFO] (1743287420) Running with 16 wavefront(s) per workgroup and 266 workgroup(s)
[INFO] (1743287437) Running with 16 wavefront(s) per workgroup and 267 workgroup(s)
[INFO] (1743287454) Running with 16 wavefront(s) per workgroup and 268 workgroup(s)
[INFO] (1743287470) Running with 16 wavefront(s) per workgroup and 269 workgroup(s)
[INFO] (1743287487) Running with 16 wavefront(s) per workgroup and 270 workgroup(s)
[INFO] (1743287504) Running with 16 wavefront(s) per workgroup and 271 workgroup(s)
[INFO] (1743287521) Running with 16 wavefront(s) per workgroup and 272 workgroup(s)
[INFO] (1743287538) Running with 16 wavefront(s) per workgroup and 273 workgroup(s)
[INFO] (1743287554) Running with 16 wavefront(s) per workgroup and 274 workgroup(s)
[INFO] (1743287571) Running with 16 wavefront(s) per workgroup and 275 workgroup(s)
[INFO] (1743287588) Running with 16 wavefront(s) per workgroup and 276 workgroup(s)
[INFO] (1743287605) Running with 16 wavefront(s) per workgroup and 277 workgroup(s)
[INFO] (1743287622) Running with 16 wavefront(s) per workgroup and 278 workgroup(s)
[INFO] (1743287638) Running with 16 wavefront(s) per workgroup and 279 workgroup(s)
[INFO] (1743287655) Running with 16 wavefront(s) per workgroup and 280 workgroup(s)
[INFO] (1743287672) Running with 16 wavefront(s) per workgroup and 281 workgroup(s)
[INFO] (1743287689) Running with 16 wavefront(s) per workgroup and 282 workgroup(s)
[INFO] (1743287706) Running with 16 wavefront(s) per workgroup and 283 workgroup(s)
[INFO] (1743287722) Running with 16 wavefront(s) per workgroup and 284 workgroup(s)
[INFO] (1743287739) Running with 16 wavefront(s) per workgroup and 285 workgroup(s)
[INFO] (1743287756) Running with 16 wavefront(s) per workgroup and 286 workgroup(s)
[INFO] (1743287773) Running with 16 wavefront(s) per workgroup and 287 workgroup(s)
[INFO] (1743287790) Running with 16 wavefront(s) per workgroup and 288 workgroup(s)
[INFO] (1743287806) Running with 16 wavefront(s) per workgroup and 289 workgroup(s)
[INFO] (1743287823) Running with 16 wavefront(s) per workgroup and 290 workgroup(s)
[INFO] (1743287840) Running with 16 wavefront(s) per workgroup and 291 workgroup(s)
[INFO] (1743287857) Running with 16 wavefront(s) per workgroup and 292 workgroup(s)
[INFO] (1743287874) Running with 16 wavefront(s) per workgroup and 293 workgroup(s)
[INFO] (1743287891) Running with 16 wavefront(s) per workgroup and 294 workgroup(s)
[INFO] (1743287907) Running with 16 wavefront(s) per workgroup and 295 workgroup(s)
[INFO] (1743287924) Running with 16 wavefront(s) per workgroup and 296 workgroup(s)
[INFO] (1743287941) Running with 16 wavefront(s) per workgroup and 297 workgroup(s)
[INFO] (1743287958) Running with 16 wavefront(s) per workgroup and 298 workgroup(s)
[INFO] (1743287975) Running with 16 wavefront(s) per workgroup and 299 workgroup(s)
[INFO] (1743287992) Running with 16 wavefront(s) per workgroup and 300 workgroup(s)
[INFO] (1743288008) Running with 16 wavefront(s) per workgroup and 301 workgroup(s)
[INFO] (1743288025) Running with 16 wavefront(s) per workgroup and 302 workgroup(s)
[INFO] (1743288042) Running with 16 wavefront(s) per workgroup and 303 workgroup(s)
[INFO] (1743288059) Running with 16 wavefront(s) per workgroup and 304 workgroup(s)
Result V_FMA2 with fp16
n_iter, n_thread, n_wg, n_wf, wf_size, wg_size, n_flops, n_bytes, time_ms, gflop/s, avg_clock, max_clock, min_clock, stdev_clock 
1073741824, 1024, 1, 16, 64, 1024, 2199023255552, 4096, 16474.1, 133.483, 2.14933e+10, 34381489652, 8603232153, 1.09535 
1073741824, 2048, 2, 16, 64, 1024, 4398046511104, 8192, 16427.7, 267.722, 2.14878e+10, 34373854461, 8600645788, 1.09536 
1073741824, 3072, 3, 16, 64, 1024, 6597069766656, 12288, 16448, 401.087, 2.14863e+10, 34373897302, 8599932294, 1.09537 
1073741824, 4096, 4, 16, 64, 1024, 8796093022208, 16384, 16427.1, 535.461, 2.14839e+10, 34369901260, 8598324644, 1.09538 
1073741824, 5120, 5, 16, 64, 1024, 10995116277760, 20480, 16452.7, 668.288, 2.14838e+10, 34369312447, 8598324980, 1.09538 
1073741824, 6144, 6, 16, 64, 1024, 13194139533312, 24576, 16458.9, 801.639, 2.14847e+10, 34371404560, 8598324720, 1.09539 
1073741824, 7168, 7, 16, 64, 1024, 15393162788864, 28672, 16468.4, 934.71, 2.14844e+10, 34369717312, 8598324596, 1.09537 
1073741824, 8192, 8, 16, 64, 1024, 17592186044416, 32768, 16467, 1068.33, 2.14855e+10, 34371343275, 8598324616, 1.09537 
1073741824, 9216, 9, 16, 64, 1024, 19791209299968, 36864, 16468, 1201.8, 2.14844e+10, 34369725647, 8598324652, 1.09537 
1073741824, 10240, 10, 16, 64, 1024, 21990232555520, 40960, 16461.2, 1335.88, 2.14862e+10, 34371592900, 8601155426, 1.09535 
1073741824, 11264, 11, 16, 64, 1024, 24189255811072, 45056, 16476.8, 1468.08, 2.14856e+10, 34373396375, 8599689937, 1.09537 
1073741824, 12288, 12, 16, 64, 1024, 26388279066624, 49152, 16462.8, 1602.91, 2.14835e+10, 34369665200, 8598324652, 1.09538 
1073741824, 13312, 13, 16, 64, 1024, 28587302322176, 53248, 16461.3, 1736.63, 2.14835e+10, 34369460699, 8598324556, 1.09538 
1073741824, 14336, 14, 16, 64, 1024, 30786325577728, 57344, 16460.9, 1870.27, 2.14845e+10, 34370892313, 8598324576, 1.09538 
1073741824, 15360, 15, 16, 64, 1024, 32985348833280, 61440, 16463, 2003.6, 2.14837e+10, 34369624324, 8598324476, 1.09538 
1073741824, 16384, 16, 16, 64, 1024, 35184372088832, 65536, 16463.7, 2137.08, 2.14848e+10, 34372129604, 8598324564, 1.09539 
1073741824, 17408, 17, 16, 64, 1024, 37383395344384, 69632, 16468.9, 2269.94, 2.1484e+10, 34370019530, 8598324044, 1.09537 
1073741824, 18432, 18, 16, 64, 1024, 39582418599936, 73728, 16472.4, 2402.95, 2.14854e+10, 34371151154, 8598324548, 1.09537 
1073741824, 19456, 19, 16, 64, 1024, 41781441855488, 77824, 16471.1, 2536.66, 2.14839e+10, 34369251517, 8598324312, 1.09537 
1073741824, 20480, 20, 16, 64, 1024, 43980465111040, 81920, 16469.5, 2670.42, 2.14861e+10, 34371484408, 8600656373, 1.09535 
1073741824, 21504, 21, 16, 64, 1024, 46179488366592, 86016, 16469.7, 2803.91, 2.14847e+10, 34370091936, 8599452437, 1.09536 
1073741824, 22528, 22, 16, 64, 1024, 48378511622144, 90112, 16480.7, 2935.47, 2.14849e+10, 34372727038, 8598542477, 1.09538 
1073741824, 23552, 23, 16, 64, 1024, 50577534877696, 94208, 16472.1, 3070.5, 2.14836e+10, 34370659034, 8598323708, 1.09538 
1073741824, 24576, 24, 16, 64, 1024, 52776558133248, 98304, 16472.5, 3203.92, 2.14841e+10, 34372042270, 8598323652, 1.09539 
1073741824, 25600, 25, 16, 64, 1024, 54975581388800, 102400, 16483.1, 3335.26, 2.1484e+10, 34369873977, 8598323828, 1.09538 
1073741824, 26624, 26, 16, 64, 1024, 57174604644352, 106496, 16485.9, 3468.1, 2.14848e+10, 34371720793, 8598323768, 1.09539 
1073741824, 27648, 27, 16, 64, 1024, 59373627899904, 110592, 16483.2, 3602.07, 2.1484e+10, 34369706446, 8598323824, 1.09537 
1073741824, 28672, 28, 16, 64, 1024, 61572651155456, 114688, 16478.2, 3736.61, 2.14856e+10, 34371811959, 8598323832, 1.09537 
1073741824, 29696, 29, 16, 64, 1024, 63771674411008, 118784, 16476.2, 3870.54, 2.14841e+10, 34369908509, 8598323756, 1.09537 
1073741824, 30720, 30, 16, 64, 1024, 65970697666560, 122880, 16470, 4005.51, 2.14844e+10, 34369547578, 8599231312, 1.09536 
1073741824, 31744, 31, 16, 64, 1024, 68169720922112, 126976, 16487.3, 4134.68, 2.14863e+10, 34371489958, 8601268048, 1.09535 
1073741824, 32768, 32, 16, 64, 1024, 70368744177664, 131072, 16502.8, 4264.04, 2.14855e+10, 34373185237, 8599526410, 1.09537 
1073741824, 33792, 33, 16, 64, 1024, 72567767433216, 135168, 16486.1, 4401.76, 2.14835e+10, 34370042329, 8598323764, 1.09538 
1073741824, 34816, 34, 16, 64, 1024, 74766790688768, 139264, 16473.5, 4538.61, 2.1484e+10, 34371643139, 8598323804, 1.09539 
1073741824, 35840, 35, 16, 64, 1024, 76965813944320, 143360, 16475.5, 4671.53, 2.14837e+10, 34369648436, 8598323816, 1.09538 
1073741824, 36864, 36, 16, 64, 1024, 79164837199872, 147456, 16492.2, 4800.12, 2.14846e+10, 34371590663, 8598323832, 1.09539 
1073741824, 37888, 37, 16, 64, 1024, 81363860455424, 151552, 16490.1, 4934.11, 2.14837e+10, 34369699548, 8598323792, 1.09538 
1073741824, 38912, 38, 16, 64, 1024, 83562883710976, 155648, 16484.3, 5069.23, 2.14856e+10, 34371835344, 8598323768, 1.09537 
1073741824, 39936, 39, 16, 64, 1024, 85761906966528, 159744, 16478.2, 5204.58, 2.14843e+10, 34370097744, 8598323668, 1.09537 
1073741824, 40960, 40, 16, 64, 1024, 87960930222080, 163840, 16501.2, 5330.57, 2.14861e+10, 34371618740, 8600258621, 1.09535 
1073741824, 41984, 41, 16, 64, 1024, 90159953477632, 167936, 16496.6, 5465.35, 2.14843e+10, 34370252270, 8598759636, 1.09537 
1073741824, 43008, 42, 16, 64, 1024, 92358976733184, 172032, 16499.4, 5597.73, 2.14867e+10, 34372971028, 8600841669, 1.09535 
1073741824, 44032, 43, 16, 64, 1024, 94557999988736, 176128, 16494.7, 5732.64, 2.14835e+10, 34369864989, 8598323848, 1.09538 
1073741824, 45056, 44, 16, 64, 1024, 96757023244288, 180224, 16501.7, 5863.46, 2.1484e+10, 34372154609, 8598323828, 1.09539 
1073741824, 46080, 45, 16, 64, 1024, 98956046499840, 184320, 16485.2, 6002.72, 2.1484e+10, 34370125540, 8598323780, 1.09538 
1073741824, 47104, 46, 16, 64, 1024, 101155069755392, 188416, 16486.7, 6135.54, 2.14848e+10, 34371800198, 8598323744, 1.09539 
1073741824, 48128, 47, 16, 64, 1024, 103354093010944, 192512, 16502, 6263.12, 2.14841e+10, 34370675680, 8598323720, 1.09538 
1073741824, 49152, 48, 16, 64, 1024, 105553116266496, 196608, 16495.2, 6399.02, 2.14857e+10, 34372054791, 8598323684, 1.09537 
1073741824, 50176, 49, 16, 64, 1024, 107752139522048, 200704, 16491.7, 6533.72, 2.14845e+10, 34370369029, 8598323804, 1.09537 
1073741824, 51200, 50, 16, 64, 1024, 109951162777600, 204800, 16505.6, 6661.46, 2.14854e+10, 34371954608, 8598323740, 1.09537 
1073741824, 52224, 51, 16, 64, 1024, 112150186033152, 208896, 16491.6, 6800.45, 2.14849e+10, 34370345200, 8599571021, 1.09536 
1073741824, 53248, 52, 16, 64, 1024, 114349209288704, 212992, 16497.5, 6931.31, 2.14868e+10, 34373300571, 8600940394, 1.09535 
1073741824, 54272, 53, 16, 64, 1024, 116548232544256, 217088, 16505.3, 7061.25, 2.1484e+10, 34371835606, 8598323776, 1.09539 
1073741824, 55296, 54, 16, 64, 1024, 118747255799808, 221184, 16497, 7198.1, 2.14836e+10, 34370311957, 8598323768, 1.09538 
1073741824, 56320, 55, 16, 64, 1024, 120946279055360, 225280, 16497.5, 7331.18, 2.14847e+10, 34372016581, 8598323692, 1.09539 
1073741824, 57344, 56, 16, 64, 1024, 123145302310912, 229376, 16510.3, 7458.69, 2.14848e+10, 34371841501, 8598323700, 1.09539 
1073741824, 58368, 57, 16, 64, 1024, 125344325566464, 233472, 16492.7, 7599.99, 2.14839e+10, 34370070514, 8598323772, 1.09538 
1073741824, 59392, 58, 16, 64, 1024, 127543348822016, 237568, 16522, 7719.59, 2.14841e+10, 34370242354, 8598323788, 1.09537 
1073741824, 60416, 59, 16, 64, 1024, 129742372077568, 241664, 16495.7, 7865.23, 2.14854e+10, 34371615874, 8598323820, 1.09537 
1073741824, 61440, 60, 16, 64, 1024, 131941395333120, 245760, 16514.9, 7989.23, 2.1484e+10, 34369668532, 8598323864, 1.09537 
1073741824, 62464, 61, 16, 64, 1024, 134140418588672, 249856, 16509.4, 8125.08, 2.14861e+10, 34371636566, 8600623918, 1.09535 
1073741824, 63488, 62, 16, 64, 1024, 136339441844224, 253952, 16500.8, 8262.58, 2.14849e+10, 34372430680, 8598780597, 1.09538 
1073741824, 64512, 63, 16, 64, 1024, 138538465099776, 258048, 16534.1, 8378.98, 2.14835e+10, 34369742100, 8598323680, 1.09538 
1073741824, 65536, 64, 16, 64, 1024, 140737488355328, 262144, 16504.5, 8527.21, 2.1484e+10, 34371520743, 8598323692, 1.09539 
1073741824, 66560, 65, 16, 64, 1024, 142936511610880, 266240, 16533.2, 8645.44, 2.14839e+10, 34370453814, 8598323776, 1.09538 
1073741824, 67584, 66, 16, 64, 1024, 145135534866432, 270336, 16506.7, 8792.54, 2.14839e+10, 34369922943, 8598323816, 1.09538 
1073741824, 68608, 67, 16, 64, 1024, 147334558121984, 274432, 16520.9, 8918.05, 2.14848e+10, 34372146710, 8598323816, 1.09539 
1073741824, 69632, 68, 16, 64, 1024, 149533581377536, 278528, 16512.4, 9055.82, 2.14845e+10, 34370360483, 8598323832, 1.09537 
1073741824, 70656, 69, 16, 64, 1024, 151732604633088, 282624, 16514, 9188.09, 2.14855e+10, 34371806409, 8598323832, 1.09537 
1073741824, 71680, 70, 16, 64, 1024, 153931627888640, 286720, 16518.5, 9318.77, 2.14855e+10, 34371863219, 8598323752, 1.09537 
1073741824, 72704, 71, 16, 64, 1024, 156130651144192, 290816, 16516.9, 9452.8, 2.14855e+10, 34370968221, 8599632223, 1.09535 
1073741824, 73728, 72, 16, 64, 1024, 158329674399744, 294912, 16534.5, 9575.72, 2.14852e+10, 34372796401, 8598916760, 1.09538 
1073741824, 74752, 73, 16, 64, 1024, 160528697655296, 299008, 16515.1, 9720.09, 2.14836e+10, 34370677201, 8598323796, 1.09538 
1073741824, 75776, 74, 16, 64, 1024, 162727720910848, 303104, 16512.8, 9854.66, 2.1484e+10, 34371990939, 8598323768, 1.09539 
1073741824, 76800, 75, 16, 64, 1024, 164926744166400, 307200, 16518.1, 9984.61, 2.14847e+10, 34371948541, 8598323852, 1.09539 
1073741824, 77824, 76, 16, 64, 1024, 167125767421952, 311296, 16509.3, 10123.1, 2.14839e+10, 34369976132, 8598323836, 1.09538 
1073741824, 78848, 77, 16, 64, 1024, 169324790677504, 315392, 16523.7, 10247.4, 2.14837e+10, 34370051198, 8598323752, 1.09538 
1073741824, 79872, 78, 16, 64, 1024, 171523813933056, 319488, 16514.9, 10386, 2.14855e+10, 34371685313, 8598323748, 1.09537 
1073741824, 80896, 79, 16, 64, 1024, 173722837188608, 323584, 16531.7, 10508.5, 2.14845e+10, 34370668363, 8598323704, 1.09537 
1073741824, 81920, 80, 16, 64, 1024, 175921860444160, 327680, 16519, 10649.7, 2.14857e+10, 34371813004, 8598323708, 1.09537 
1073741824, 82944, 81, 16, 64, 1024, 178120883699712, 331776, 16526.9, 10777.6, 2.14849e+10, 34370638203, 8598991910, 1.09536 
1073741824, 83968, 82, 16, 64, 1024, 180319906955264, 335872, 16531.3, 10907.8, 2.14867e+10, 34373208554, 8600836892, 1.09535 
1073741824, 84992, 83, 16, 64, 1024, 182518930210816, 339968, 16530.2, 11041.5, 2.1484e+10, 34371809468, 8598323868, 1.09539 
1073741824, 86016, 84, 16, 64, 1024, 184717953466368, 344064, 16527.8, 11176.2, 2.14835e+10, 34369746713, 8598323836, 1.09538 
1073741824, 87040, 85, 16, 64, 1024, 186916976721920, 348160, 16517.1, 11316.6, 2.14847e+10, 34371596905, 8598323768, 1.09539 
1073741824, 88064, 86, 16, 64, 1024, 189115999977472, 352256, 16536.5, 11436.3, 2.14837e+10, 34370030255, 8598323744, 1.09538 
1073741824, 89088, 87, 16, 64, 1024, 191315023233024, 356352, 16524.9, 11577.4, 2.14847e+10, 34371619832, 8598323660, 1.09539 
1073741824, 90112, 88, 16, 64, 1024, 193514046488576, 360448, 16531.7, 11705.6, 2.14842e+10, 34370254876, 8598323692, 1.09537 
1073741824, 91136, 89, 16, 64, 1024, 195713069744128, 364544, 16533.5, 11837.3, 2.14839e+10, 34369599270, 8598323760, 1.09537 
1073741824, 92160, 90, 16, 64, 1024, 197912092999680, 368640, 16524, 11977.3, 2.14855e+10, 34372161579, 8598323756, 1.09537 
1073741824, 93184, 91, 16, 64, 1024, 200111116255232, 372736, 16527.2, 12108, 2.14848e+10, 34370373010, 8598997962, 1.09536 
1073741824, 94208, 92, 16, 64, 1024, 202310139510784, 376832, 16538.4, 12232.7, 2.14866e+10, 34373223987, 8600766388, 1.09535 
1073741824, 95232, 93, 16, 64, 1024, 204509162766336, 380928, 16530.1, 12371.9, 2.1484e+10, 34371772095, 8598323744, 1.09539 
1073741824, 96256, 94, 16, 64, 1024, 206708186021888, 385024, 16538.1, 12498.9, 2.14836e+10, 34370681044, 8598323792, 1.09538 
1073741824, 97280, 95, 16, 64, 1024, 208907209277440, 389120, 16540.2, 12630.2, 2.14847e+10, 34371719736, 8598323692, 1.09539 
1073741824, 98304, 96, 16, 64, 1024, 211106232532992, 393216, 16538.6, 12764.5, 2.1484e+10, 34370680500, 8598323720, 1.09538 
1073741824, 99328, 97, 16, 64, 1024, 213305255788544, 397312, 16535.1, 12900.1, 2.14848e+10, 34371914591, 8598323752, 1.09539 
1073741824, 100352, 98, 16, 64, 1024, 215504279044096, 401408, 16537.4, 13031.3, 2.1484e+10, 34369750202, 8598323728, 1.09537 
1073741824, 101376, 99, 16, 64, 1024, 217703302299648, 405504, 16537.5, 13164.2, 2.14854e+10, 34371964902, 8598323844, 1.09537 
1073741824, 102400, 100, 16, 64, 1024, 219902325555200, 409600, 16537.8, 13297, 2.14842e+10, 34369713481, 8598374502, 1.09537 
1073741824, 103424, 101, 16, 64, 1024, 222101348810752, 413696, 16541.6, 13426.8, 2.14861e+10, 34371647781, 8600627672, 1.09535 
1073741824, 104448, 102, 16, 64, 1024, 224300372066304, 417792, 16557.9, 13546.4, 2.1485e+10, 34373082565, 8598713412, 1.09538 
1073741824, 105472, 103, 16, 64, 1024, 226499395321856, 421888, 16554.1, 13682.4, 2.14835e+10, 34370106730, 8598323672, 1.09538 
1073741824, 106496, 104, 16, 64, 1024, 228698418577408, 425984, 16540.4, 13826.6, 2.14835e+10, 34369893148, 8598323656, 1.09538 
1073741824, 107520, 105, 16, 64, 1024, 230897441832960, 430080, 16543.2, 13957.3, 2.14848e+10, 34372023641, 8598323760, 1.09539 
1073741824, 108544, 106, 16, 64, 1024, 233096465088512, 434176, 16544.3, 14089.2, 2.14838e+10, 34370071044, 8598323760, 1.09538 
1073741824, 109568, 107, 16, 64, 1024, 235295488344064, 438272, 16544.2, 14222.2, 2.14847e+10, 34371606914, 8598323840, 1.09539 
1073741824, 110592, 108, 16, 64, 1024, 237494511599616, 442368, 16543.2, 14356, 2.1484e+10, 34369718487, 8598323852, 1.09537 
1073741824, 111616, 109, 16, 64, 1024, 239693534855168, 446464, 16550.3, 14482.7, 2.14856e+10, 34372163333, 8598323744, 1.09537 
1073741824, 112640, 110, 16, 64, 1024, 241892558110720, 450560, 16558, 14608.8, 2.14846e+10, 34370160741, 8598777129, 1.09536 
1073741824, 113664, 111, 16, 64, 1024, 244091581366272, 454656, 16564.4, 14735.9, 2.14844e+10, 34369937410, 8598961966, 1.09536 
1073741824, 114688, 112, 16, 64, 1024, 246290604621824, 458752, 16568.2, 14865.2, 2.14867e+10, 34373687424, 8600766690, 1.09535 
1073741824, 115712, 113, 16, 64, 1024, 248489627877376, 462848, 16557.8, 15007.4, 2.14839e+10, 34371705791, 8598323752, 1.09539 
1073741824, 116736, 114, 16, 64, 1024, 250688651132928, 466944, 16555.4, 15142.4, 2.14835e+10, 34370282816, 8598323760, 1.09538 
1073741824, 117760, 115, 16, 64, 1024, 252887674388480, 471040, 16558, 15272.8, 2.14848e+10, 34371790125, 8598323864, 1.09539 
1073741824, 118784, 116, 16, 64, 1024, 255086697644032, 475136, 16557.8, 15405.8, 2.1484e+10, 34370351188, 8598323848, 1.09538 
1073741824, 119808, 117, 16, 64, 1024, 257285720899584, 479232, 16561.1, 15535.6, 2.14855e+10, 34372033596, 8598323748, 1.09537 
1073741824, 120832, 118, 16, 64, 1024, 259484744155136, 483328, 16566.5, 15663.2, 2.14845e+10, 34370707017, 8598323740, 1.09537 
1073741824, 121856, 119, 16, 64, 1024, 261683767410688, 487424, 16563.7, 15798.6, 2.14852e+10, 34371391135, 8598323712, 1.09537 
1073741824, 122880, 120, 16, 64, 1024, 263882790666240, 491520, 16563.2, 15931.9, 2.14845e+10, 34369955884, 8598600429, 1.09536 
1073741824, 123904, 121, 16, 64, 1024, 266081813921792, 495616, 16568.8, 16059.2, 2.14863e+10, 34372254941, 8600792758, 1.09535 
1073741824, 124928, 122, 16, 64, 1024, 268280837177344, 499712, 16578.1, 16182.8, 2.14857e+10, 34373683857, 8599385161, 1.09537 
1073741824, 125952, 123, 16, 64, 1024, 270479860432896, 503808, 16566.4, 16327, 2.14836e+10, 34372806491, 8598323816, 1.09538 
1073741824, 126976, 124, 16, 64, 1024, 272678883688448, 507904, 16564.7, 16461.4, 2.14846e+10, 34371643997, 8598323836, 1.09539 
1073741824, 128000, 125, 16, 64, 1024, 274877906944000, 512000, 16572.9, 16586, 2.14839e+10, 34373015209, 8598323776, 1.09538 
1073741824, 129024, 126, 16, 64, 1024, 277076930199552, 516096, 16578, 16713.6, 2.14846e+10, 34371632843, 8598323804, 1.09539 
1073741824, 130048, 127, 16, 64, 1024, 279275953455104, 520192, 16577.9, 16846.3, 2.14843e+10, 34370179573, 8598323716, 1.09537 
1073741824, 131072, 128, 16, 64, 1024, 281474976710656, 524288, 16579.5, 16977.3, 2.14844e+10, 34372190490, 8598323700, 1.09537 
1073741824, 132096, 129, 16, 64, 1024, 283673999966208, 528384, 16582.1, 17107.2, 2.14854e+10, 34371866524, 8598323756, 1.09537 
1073741824, 133120, 130, 16, 64, 1024, 285873023221760, 532480, 16580.7, 17241.3, 2.14842e+10, 34370057046, 8598718233, 1.09537 
1073741824, 134144, 131, 16, 64, 1024, 288072046477312, 536576, 16589.6, 17364.6, 2.14864e+10, 34374386077, 8600480752, 1.09535 
1073741824, 135168, 132, 16, 64, 1024, 290271069732864, 540672, 16583.1, 17504, 2.1484e+10, 34371860324, 8598323748, 1.09539 
1073741824, 136192, 133, 16, 64, 1024, 292470092988416, 544768, 16590.1, 17629.1, 2.14838e+10, 34371015787, 8598323776, 1.09538 
1073741824, 137216, 134, 16, 64, 1024, 294669116243968, 548864, 16598.1, 17753.2, 2.14848e+10, 34371884503, 8598323756, 1.09539 
1073741824, 138240, 135, 16, 64, 1024, 296868139499520, 552960, 16595.4, 17888.6, 2.14841e+10, 34370766906, 8598323808, 1.09538 
1073741824, 139264, 136, 16, 64, 1024, 299067162755072, 557056, 16596.1, 18020.3, 2.14848e+10, 34372480054, 8598323804, 1.09539 
1073741824, 140288, 137, 16, 64, 1024, 301266186010624, 561152, 16593.8, 18155.4, 2.1484e+10, 34369903849, 8598323728, 1.09537 
1073741824, 141312, 138, 16, 64, 1024, 303465209266176, 565248, 16595.7, 18285.8, 2.14855e+10, 34373086743, 8598323768, 1.09537 
1073741824, 142336, 139, 16, 64, 1024, 305664232521728, 569344, 16591.9, 18422.5, 2.14848e+10, 34370382767, 8598985651, 1.09536 
1073741824, 143360, 140, 16, 64, 1024, 307863255777280, 573440, 16591.6, 18555.4, 2.14847e+10, 34371815831, 8598947405, 1.09536 
1073741824, 144384, 141, 16, 64, 1024, 310062279032832, 577536, 16609.7, 18667.5, 2.14866e+10, 34373497219, 8599421707, 1.09536 
1073741824, 145408, 142, 16, 64, 1024, 312261302288384, 581632, 16606.5, 18803.6, 2.1484e+10, 34372039516, 8598323772, 1.09539 
1073741824, 146432, 143, 16, 64, 1024, 314460325543936, 585728, 16604.4, 18938.4, 2.14837e+10, 34369918894, 8598323804, 1.09538 
1073741824, 147456, 144, 16, 64, 1024, 316659348799488, 589824, 16606.6, 19068.2, 2.14847e+10, 34371795241, 8598323792, 1.09539 
1073741824, 148480, 145, 16, 64, 1024, 318858372055040, 593920, 16603.4, 19204.5, 2.14837e+10, 34370071272, 8598323748, 1.09538 
1073741824, 149504, 146, 16, 64, 1024, 321057395310592, 598016, 16601.2, 19339.4, 2.14854e+10, 34371994776, 8598323752, 1.09537 
1073741824, 150528, 147, 16, 64, 1024, 323256418566144, 602112, 16602.6, 19470.3, 2.14843e+10, 34370499571, 8598323784, 1.09537 
1073741824, 151552, 148, 16, 64, 1024, 325455441821696, 606208, 16604.1, 19600.9, 2.1484e+10, 34370039800, 8598323788, 1.09537 
1073741824, 152576, 149, 16, 64, 1024, 327654465077248, 610304, 16612.5, 19723.4, 2.14863e+10, 34371880435, 8600497813, 1.09535 
1073741824, 153600, 150, 16, 64, 1024, 329853488332800, 614400, 16629.8, 19835.1, 2.14845e+10, 34370785771, 8598384160, 1.09537 
1073741824, 154624, 151, 16, 64, 1024, 332052511588352, 618496, 16614.9, 19985.2, 2.1484e+10, 34372177842, 8598323804, 1.09539 
1073741824, 155648, 152, 16, 64, 1024, 334251534843904, 622592, 16615.1, 20117.3, 2.14835e+10, 34370275284, 8598323748, 1.09538 
1073741824, 156672, 153, 16, 64, 1024, 336450558099456, 626688, 16615, 20249.8, 2.14848e+10, 34372189623, 8598323764, 1.09539 
1073741824, 157696, 154, 16, 64, 1024, 338649581355008, 630784, 16615.8, 20381.2, 2.1484e+10, 34370504464, 8598323744, 1.09538 
1073741824, 158720, 155, 16, 64, 1024, 340848604610560, 634880, 16617.3, 20511.7, 2.14841e+10, 34370723220, 8598323752, 1.09537 
1073741824, 159744, 156, 16, 64, 1024, 343047627866112, 638976, 16618.2, 20642.8, 2.14856e+10, 34372021490, 8598323708, 1.09537 
1073741824, 160768, 157, 16, 64, 1024, 345246651121664, 643072, 16621.4, 20771.2, 2.1484e+10, 34370100616, 8598323704, 1.09537 
1073741824, 161792, 158, 16, 64, 1024, 347445674377216, 647168, 16629.5, 20893.4, 2.14864e+10, 34372222265, 8600876954, 1.09535 
1073741824, 162816, 159, 16, 64, 1024, 349644697632768, 651264, 16630.8, 21023.9, 2.14844e+10, 34370062623, 8598937086, 1.09536 
1073741824, 163840, 160, 16, 64, 1024, 351843720888320, 655360, 16640.4, 21143.9, 2.14854e+10, 34372845674, 8598957779, 1.09537 
1073741824, 164864, 161, 16, 64, 1024, 354042744143872, 659456, 16627.5, 21292.6, 2.14835e+10, 34369769999, 8598323752, 1.09538 
1073741824, 165888, 162, 16, 64, 1024, 356241767399424, 663552, 16627, 21425.5, 2.14848e+10, 34371889841, 8598323732, 1.09539 
1073741824, 166912, 163, 16, 64, 1024, 358440790654976, 667648, 16624.2, 21561.3, 2.1484e+10, 34370409345, 8598323844, 1.09538 
1073741824, 167936, 164, 16, 64, 1024, 360639813910528, 671744, 16623.1, 21695.1, 2.14848e+10, 34371950062, 8598323836, 1.09539 
1073741824, 168960, 165, 16, 64, 1024, 362838837166080, 675840, 16631.6, 21816.2, 2.14845e+10, 34370421226, 8598323736, 1.09537 
1073741824, 169984, 166, 16, 64, 1024, 365037860421632, 679936, 16639.8, 21937.6, 2.14857e+10, 34372385420, 8598323736, 1.09537 
1073741824, 171008, 167, 16, 64, 1024, 367236883677184, 684032, 16636.3, 22074.4, 2.14849e+10, 34370715747, 8599378980, 1.09536 
1073741824, 172032, 168, 16, 64, 1024, 369435906932736, 688128, 16634.3, 22209.3, 2.14862e+10, 34372002065, 8600712392, 1.09535 
1073741824, 173056, 169, 16, 64, 1024, 371634930188288, 692224, 16644.8, 22327.4, 2.14856e+10, 34373418325, 8599423400, 1.09537 
1073741824, 174080, 170, 16, 64, 1024, 373833953443840, 696320, 16632, 22476.8, 2.14835e+10, 34369939561, 8598323740, 1.09538 
1073741824, 175104, 171, 16, 64, 1024, 376032976699392, 700416, 16637.1, 22602, 2.14847e+10, 34371834371, 8598323824, 1.09539 
1073741824, 176128, 172, 16, 64, 1024, 378231999954944, 704512, 16634.7, 22737.6, 2.14841e+10, 34370570511, 8598323828, 1.09538 
1073741824, 177152, 173, 16, 64, 1024, 380431023210496, 708608, 16641.4, 22860.5, 2.14848e+10, 34372278389, 8598323724, 1.09539 
1073741824, 178176, 174, 16, 64, 1024, 382630046466048, 712704, 16649.4, 22981.6, 2.1484e+10, 34370108475, 8598323740, 1.09537 
1073741824, 179200, 175, 16, 64, 1024, 384829069721600, 716800, 16650.4, 23112.3, 2.14854e+10, 34371997056, 8598323624, 1.09537 
1073741824, 180224, 176, 16, 64, 1024, 387028092977152, 720896, 16648.4, 23247.1, 2.1484e+10, 34370109036, 8598323628, 1.09537 
1073741824, 181248, 177, 16, 64, 1024, 389227116232704, 724992, 16651, 23375.6, 2.14864e+10, 34372211017, 8600504680, 1.09535 
1073741824, 182272, 178, 16, 64, 1024, 391426139488256, 729088, 16661.3, 23493.1, 2.14848e+10, 34371231077, 8598623442, 1.09537 
1073741824, 183296, 179, 16, 64, 1024, 393625162743808, 733184, 16650.8, 23640, 2.1484e+10, 34372222362, 8598323808, 1.09539 
1073741824, 184320, 180, 16, 64, 1024, 395824185999360, 737280, 16650.7, 23772.3, 2.14835e+10, 34370032660, 8598323812, 1.09538 
1073741824, 185344, 181, 16, 64, 1024, 398023209254912, 741376, 16655.9, 23896.8, 2.14847e+10, 34371650102, 8598323728, 1.09539 
1073741824, 186368, 182, 16, 64, 1024, 400222232510464, 745472, 16664.3, 24016.7, 2.1484e+10, 34370389423, 8598323740, 1.09538 
1073741824, 187392, 183, 16, 64, 1024, 402421255766016, 749568, 16662.1, 24151.9, 2.14856e+10, 34372218936, 8598323648, 1.09537 
1073741824, 188416, 184, 16, 64, 1024, 404620279021568, 753664, 16664.6, 24280.2, 2.14855e+10, 34372071450, 8598323648, 1.09537 
1073741824, 189440, 185, 16, 64, 1024, 406819302277120, 757760, 16663.2, 24414.3, 2.14843e+10, 34370535746, 8598323724, 1.09537 
1073741824, 190464, 186, 16, 64, 1024, 409018325532672, 761856, 16664.4, 24544.4, 2.14847e+10, 34370526562, 8598831356, 1.09536 
1073741824, 191488, 187, 16, 64, 1024, 411217348788224, 765952, 16674.3, 24661.7, 2.14864e+10, 34372690829, 8600318692, 1.09535 
1073741824, 192512, 188, 16, 64, 1024, 413416372043776, 770048, 16660.2, 24814.6, 2.1484e+10, 34372102421, 8598323808, 1.09539 
1073741824, 193536, 189, 16, 64, 1024, 415615395299328, 774144, 16664.1, 24940.8, 2.14835e+10, 34369789685, 8598323748, 1.09538 
1073741824, 194560, 190, 16, 64, 1024, 417814418554880, 778240, 16677.8, 25052.1, 2.14841e+10, 34370747659, 8598323736, 1.09538 
1073741824, 195584, 191, 16, 64, 1024, 420013441810432, 782336, 16679.7, 25181.1, 2.14846e+10, 34371793919, 8598323640, 1.09539 
1073741824, 196608, 192, 16, 64, 1024, 422212465065984, 786432, 16677.6, 25316.1, 2.14843e+10, 34370536411, 8598323652, 1.09537 
1073741824, 197632, 193, 16, 64, 1024, 424411488321536, 790528, 16672, 25456.6, 2.14856e+10, 34371922206, 8598323716, 1.09537 
1073741824, 198656, 194, 16, 64, 1024, 426610511577088, 794624, 16677.3, 25580.3, 2.1484e+10, 34369796659, 8598323652, 1.09537 
1073741824, 199680, 195, 16, 64, 1024, 428809534832640, 798720, 16678.1, 25711, 2.14862e+10, 34372025357, 8600674993, 1.09535 
1073741824, 200704, 196, 16, 64, 1024, 431008558088192, 802816, 16680, 25839.9, 2.14851e+10, 34373249226, 8598465102, 1.09538 
1073741824, 201728, 197, 16, 64, 1024, 433207581343744, 806912, 16681.2, 25969.9, 2.14835e+10, 34370310235, 8598323736, 1.09538 
1073741824, 202752, 198, 16, 64, 1024, 435406604599296, 811008, 16686.6, 26093.3, 2.14835e+10, 34370339198, 8598323724, 1.09538 
1073741824, 203776, 199, 16, 64, 1024, 437605627854848, 815104, 16682.9, 26230.9, 2.14846e+10, 34371650551, 8598323748, 1.09539 
1073741824, 204800, 200, 16, 64, 1024, 439804651110400, 819200, 16685.8, 26358, 2.14838e+10, 34369969222, 8598323744, 1.09538 
1073741824, 205824, 201, 16, 64, 1024, 442003674365952, 823296, 16689.9, 26483.3, 2.14856e+10, 34372226760, 8598323696, 1.09537 
1073741824, 206848, 202, 16, 64, 1024, 444202697621504, 827392, 16682.2, 26627.4, 2.1484e+10, 34370143260, 8598323704, 1.09537 
1073741824, 207872, 203, 16, 64, 1024, 446401720877056, 831488, 16686.8, 26751.8, 2.1484e+10, 34369811290, 8598323740, 1.09537 
1073741824, 208896, 204, 16, 64, 1024, 448600744132608, 835584, 16683.1, 26889.5, 2.14864e+10, 34372259696, 8600902333, 1.09535 
1073741824, 209920, 205, 16, 64, 1024, 450799767388160, 839680, 16697.1, 26998.7, 2.14851e+10, 34373232443, 8598401546, 1.09538 
1073741824, 210944, 206, 16, 64, 1024, 452998790643712, 843776, 16697.9, 27129.1, 2.14835e+10, 34370092843, 8598323704, 1.09538 
1073741824, 211968, 207, 16, 64, 1024, 455197813899264, 847872, 16691.8, 27270.7, 2.1484e+10, 34372004103, 8598323748, 1.09539 
1073741824, 212992, 208, 16, 64, 1024, 457396837154816, 851968, 16697.2, 27393.6, 2.14839e+10, 34370330917, 8598323700, 1.09538 
1073741824, 214016, 209, 16, 64, 1024, 459595860410368, 856064, 16698.8, 27522.6, 2.14839e+10, 34370337823, 8598323716, 1.09538 
1073741824, 215040, 210, 16, 64, 1024, 461794883665920, 860160, 16694.9, 27660.8, 2.14856e+10, 34372255189, 8598323716, 1.09537 
1073741824, 216064, 211, 16, 64, 1024, 463993906921472, 864256, 16696.9, 27789.2, 2.14845e+10, 34370746549, 8598323704, 1.09537 
1073741824, 217088, 212, 16, 64, 1024, 466192930177024, 868352, 16693.8, 27926.2, 2.14853e+10, 34371800327, 8598323716, 1.09537 
1073741824, 218112, 213, 16, 64, 1024, 468391953432576, 872448, 16706.3, 28036.9, 2.14843e+10, 34370077976, 8598418727, 1.09536 
1073741824, 219136, 214, 16, 64, 1024, 470590976688128, 876544, 16722, 28142, 2.14866e+10, 34373725676, 8600692090, 1.09536 
1073741824, 220160, 215, 16, 64, 1024, 472789999943680, 880640, 16709.1, 28295.4, 2.1484e+10, 34372230504, 8598323752, 1.09539 
1073741824, 221184, 216, 16, 64, 1024, 474989023199232, 884736, 16713.3, 28419.8, 2.1484e+10, 34372031328, 8598323724, 1.09539 
1073741824, 222208, 217, 16, 64, 1024, 477188046454784, 888832, 16711.4, 28554.6, 2.14839e+10, 34370327902, 8598323716, 1.09538 
1073741824, 223232, 218, 16, 64, 1024, 479387069710336, 892928, 16708.2, 28691.7, 2.14839e+10, 34370335453, 8598323720, 1.09538 
1073741824, 224256, 219, 16, 64, 1024, 481586092965888, 897024, 16704.9, 28829.1, 2.14856e+10, 34372175427, 8598323744, 1.09537 
1073741824, 225280, 220, 16, 64, 1024, 483785116221440, 901120, 16707.5, 28956.2, 2.14845e+10, 34370771930, 8598323732, 1.09537 
1073741824, 226304, 221, 16, 64, 1024, 485984139476992, 905216, 16708.7, 29085.6, 2.14856e+10, 34372253050, 8598323724, 1.09537 
1073741824, 227328, 222, 16, 64, 1024, 488183162732544, 909312, 16724.8, 29189.1, 2.14845e+10, 34370039013, 8598625173, 1.09536 
1073741824, 228352, 223, 16, 64, 1024, 490382185988096, 913408, 16729.9, 29311.8, 2.1487e+10, 34374017784, 8601054389, 1.09535 
1073741824, 229376, 224, 16, 64, 1024, 492581209243648, 917504, 16718.7, 29462.8, 2.1484e+10, 34372233157, 8598323756, 1.09539 
1073741824, 230400, 225, 16, 64, 1024, 494780232499200, 921600, 16717.1, 29597.3, 2.14837e+10, 34370465642, 8598323704, 1.09538 
1073741824, 231424, 226, 16, 64, 1024, 496979255754752, 925696, 16715.2, 29732.2, 2.14848e+10, 34372271404, 8598323724, 1.09539 
1073741824, 232448, 227, 16, 64, 1024, 499178279010304, 929792, 16714.9, 29864.2, 2.14848e+10, 34372207953, 8598323812, 1.09539 
1073741824, 233472, 228, 16, 64, 1024, 501377302265856, 933888, 16719.6, 29987.3, 2.14843e+10, 34370362839, 8598323808, 1.09537 
1073741824, 234496, 229, 16, 64, 1024, 503576325521408, 937984, 16722.7, 30113.3, 2.14842e+10, 34370367176, 8598323680, 1.09537 
1073741824, 235520, 230, 16, 64, 1024, 505775348776960, 942080, 16730.5, 30230.7, 2.14864e+10, 34372262158, 8600530832, 1.09535 
1073741824, 236544, 231, 16, 64, 1024, 507974372032512, 946176, 16730.7, 30361.9, 2.14849e+10, 34370447246, 8599055735, 1.09536 
1073741824, 237568, 232, 16, 64, 1024, 510173395288064, 950272, 16742, 30472.7, 2.14869e+10, 34373701929, 8600814543, 1.09535 
1073741824, 238592, 233, 16, 64, 1024, 512372418543616, 954368, 16738.7, 30610.1, 2.1484e+10, 34372244694, 8598323716, 1.09539 
1073741824, 239616, 234, 16, 64, 1024, 514571441799168, 958464, 16733, 30751.9, 2.14841e+10, 34370764171, 8598323716, 1.09538 
1073741824, 240640, 235, 16, 64, 1024, 516770465054720, 962560, 16734, 30881.5, 2.14848e+10, 34372249050, 8598323800, 1.09539 
1073741824, 241664, 236, 16, 64, 1024, 518969488310272, 966656, 16732.2, 31016.2, 2.14848e+10, 34372233777, 8598323788, 1.09539 
1073741824, 242688, 237, 16, 64, 1024, 521168511565824, 970752, 16737.9, 31137.1, 2.1485e+10, 34371416116, 8598323644, 1.09537 
1073741824, 243712, 238, 16, 64, 1024, 523367534821376, 974848, 16749.4, 31246.9, 2.14855e+10, 34372034722, 8598323724, 1.09537 
1073741824, 244736, 239, 16, 64, 1024, 525566558076928, 978944, 16746.1, 31384.5, 2.14843e+10, 34370119087, 8598782066, 1.09536 
1073741824, 245760, 240, 16, 64, 1024, 527765581332480, 983040, 16743.3, 31520.9, 2.14864e+10, 34372255756, 8600552836, 1.09535 
1073741824, 246784, 241, 16, 64, 1024, 529964604588032, 987136, 16754.1, 31632, 2.14851e+10, 34373121566, 8598819753, 1.09538 
1073741824, 247808, 242, 16, 64, 1024, 532163627843584, 991232, 16744.8, 31780.8, 2.14835e+10, 34370067961, 8598323716, 1.09538 
1073741824, 248832, 243, 16, 64, 1024, 534362651099136, 995328, 16744.1, 31913.5, 2.14839e+10, 34370345307, 8598323828, 1.09538 
1073741824, 249856, 244, 16, 64, 1024, 536561674354688, 999424, 16748.9, 32035.7, 2.14845e+10, 34371611541, 8598323816, 1.09538 
1073741824, 250880, 245, 16, 64, 1024, 538760697610240, 1003520, 16753.7, 32157.6, 2.14842e+10, 34370386692, 8598324252, 1.09537 
1073741824, 251904, 246, 16, 64, 1024, 540959720865792, 1007616, 16761.4, 32274.1, 2.14855e+10, 34372065934, 8598323960, 1.09537 
1073741824, 252928, 247, 16, 64, 1024, 543158744121344, 1011712, 16759.9, 32408.2, 2.14841e+10, 34370159755, 8598324256, 1.09537 
1073741824, 253952, 248, 16, 64, 1024, 545357767376896, 1015808, 16759.5, 32540.2, 2.14864e+10, 34372206125, 8600543077, 1.09535 
1073741824, 254976, 249, 16, 64, 1024, 547556790632448, 1019904, 16768.1, 32654.8, 2.14859e+10, 34374801885, 8599448900, 1.09537 
1073741824, 256000, 250, 16, 64, 1024, 549755813888000, 1024000, 16760.2, 32801.4, 2.14837e+10, 34370765821, 8598324224, 1.09538 
1073741824, 257024, 251, 16, 64, 1024, 551954837143552, 1028096, 16754.9, 32942.8, 2.1484e+10, 34372284308, 8598323956, 1.09539 
1073741824, 258048, 252, 16, 64, 1024, 554153860399104, 1032192, 16752.4, 33079, 2.14848e+10, 34371936126, 8598324024, 1.09539 
1073741824, 259072, 253, 16, 64, 1024, 556352883654656, 1036288, 16761.1, 33193.2, 2.1484e+10, 34370549380, 8598324204, 1.09538 
1073741824, 260096, 254, 16, 64, 1024, 558551906910208, 1040384, 16768.8, 33309, 2.14841e+10, 34370161928, 8598323988, 1.09537 
1073741824, 261120, 255, 16, 64, 1024, 560750930165760, 1044480, 16768.6, 33440.6, 2.14853e+10, 34371832421, 8598323984, 1.09537 
1073741824, 262144, 256, 16, 64, 1024, 562949953421312, 1048576, 16772.4, 33564.1, 2.14847e+10, 34370584394, 8598873834, 1.09536 
1073741824, 263168, 257, 16, 64, 1024, 565148976676864, 1052672, 16768.4, 33703.3, 2.14864e+10, 34371991123, 8600556488, 1.09535 
1073741824, 264192, 258, 16, 64, 1024, 567347999932416, 1056768, 16776.3, 33818.4, 2.14856e+10, 34373500652, 8599054541, 1.09537 
1073741824, 265216, 259, 16, 64, 1024, 569547023187968, 1060864, 16764.1, 33974.2, 2.14835e+10, 34370132241, 8598324512, 1.09538 
1073741824, 266240, 260, 16, 64, 1024, 571746046443520, 1064960, 16762.1, 34109.5, 2.14847e+10, 34372036621, 8598324068, 1.09539 
1073741824, 267264, 261, 16, 64, 1024, 573945069699072, 1069056, 16775, 34214.3, 2.14841e+10, 34370784565, 8598324188, 1.09538 
1073741824, 268288, 262, 16, 64, 1024, 576144092954624, 1073152, 16783.6, 34327.8, 2.14848e+10, 34372268632, 8598323964, 1.09539 
1073741824, 269312, 263, 16, 64, 1024, 578343116210176, 1077248, 16780.4, 34465.4, 2.14845e+10, 34370490338, 8598324012, 1.09537 
1073741824, 270336, 264, 16, 64, 1024, 580542139465728, 1081344, 16784, 34589, 2.14856e+10, 34372283910, 8598324028, 1.09537 
1073741824, 271360, 265, 16, 64, 1024, 582741162721280, 1085440, 16781.7, 34724.9, 2.14843e+10, 34369901981, 8598431930, 1.09536 
1073741824, 272384, 266, 16, 64, 1024, 584940185976832, 1089536, 16793.2, 34831.9, 2.14866e+10, 34373727362, 8600329376, 1.09536 
1073741824, 273408, 267, 16, 64, 1024, 587139209232384, 1093632, 16780.3, 34989.8, 2.1484e+10, 34371959059, 8598324044, 1.09539 
1073741824, 274432, 268, 16, 64, 1024, 589338232487936, 1097728, 16780.4, 35120.7, 2.14835e+10, 34369841595, 8598324240, 1.09538 
1073741824, 275456, 269, 16, 64, 1024, 591537255743488, 1101824, 16789.8, 35231.9, 2.14848e+10, 34372107718, 8598324028, 1.09539 
1073741824, 276480, 270, 16, 64, 1024, 593736278999040, 1105920, 16798.7, 35344.1, 2.14838e+10, 34369867118, 8598323980, 1.09538 
1073741824, 277504, 271, 16, 64, 1024, 595935302254592, 1110016, 16795, 35482.9, 2.14841e+10, 34369917168, 8598323984, 1.09537 
1073741824, 278528, 272, 16, 64, 1024, 598134325510144, 1114112, 16797.2, 35609.2, 2.14856e+10, 34371990715, 8598324016, 1.09537 
1073741824, 279552, 273, 16, 64, 1024, 600333348765696, 1118208, 16798.3, 35737.7, 2.14862e+10, 34372026439, 8600354711, 1.09535 
1073741824, 280576, 274, 16, 64, 1024, 602532372021248, 1122304, 16795.7, 35874.3, 2.14847e+10, 34370592439, 8598878454, 1.09536 
1073741824, 281600, 275, 16, 64, 1024, 604731395276800, 1126400, 16804.2, 35986.8, 2.14852e+10, 34373136394, 8598651524, 1.09537 
1073741824, 282624, 276, 16, 64, 1024, 606930418532352, 1130496, 16794.2, 36139.3, 2.14835e+10, 34370343329, 8598323956, 1.09538 
1073741824, 283648, 277, 16, 64, 1024, 609129441787904, 1134592, 16799.4, 36259, 2.14846e+10, 34371843502, 8598323988, 1.09539 
1073741824, 284672, 278, 16, 64, 1024, 611328465043456, 1138688, 16807.9, 36371.5, 2.14838e+10, 34370166201, 8598324084, 1.09538 
1073741824, 285696, 279, 16, 64, 1024, 613527488299008, 1142784, 16808.7, 36500.5, 2.14847e+10, 34371645517, 8598324004, 1.09538 
1073741824, 286720, 280, 16, 64, 1024, 615726511554560, 1146880, 16807.7, 36633.6, 2.14842e+10, 34370394187, 8598323928, 1.09537 
1073741824, 287744, 281, 16, 64, 1024, 617925534810112, 1150976, 16801.3, 36778.5, 2.14856e+10, 34372261182, 8598324112, 1.09537 
1073741824, 288768, 282, 16, 64, 1024, 620124558065664, 1155072, 16802.9, 36905.8, 2.14843e+10, 34370192439, 8598486150, 1.09536 
1073741824, 289792, 283, 16, 64, 1024, 622323581321216, 1159168, 16815.2, 37009.6, 2.14872e+10, 34375271951, 8600564654, 1.09536 
1073741824, 290816, 284, 16, 64, 1024, 624522604576768, 1163264, 16800, 37173.9, 2.14836e+10, 34370555093, 8598323924, 1.09538 
1073741824, 291840, 285, 16, 64, 1024, 626721627832320, 1167360, 16809, 37285, 2.1484e+10, 34372045259, 8598324016, 1.09539 
1073741824, 292864, 286, 16, 64, 1024, 628920651087872, 1171456, 16816.5, 37399.1, 2.14838e+10, 34370153638, 8598324224, 1.09538 
1073741824, 293888, 287, 16, 64, 1024, 631119674343424, 1175552, 16815.8, 37531.2, 2.14838e+10, 34370164279, 8598323984, 1.09538 
1073741824, 294912, 288, 16, 64, 1024, 633318697598976, 1179648, 16813.7, 37666.9, 2.14853e+10, 34371559314, 8598323912, 1.09537 
1073741824, 295936, 289, 16, 64, 1024, 635517720854528, 1183744, 16816.8, 37790.6, 2.14842e+10, 34370387629, 8598324172, 1.09537 
1073741824, 296960, 290, 16, 64, 1024, 637716744110080, 1187840, 16817.8, 37919.2, 2.1486e+10, 34371654922, 8599930994, 1.09535 
1073741824, 297984, 291, 16, 64, 1024, 639915767365632, 1191936, 16817, 38051.8, 2.14843e+10, 34370172175, 8598449059, 1.09536 
1073741824, 299008, 292, 16, 64, 1024, 642114790621184, 1196032, 16825.9, 38162.2, 2.14864e+10, 34373359493, 8600184009, 1.09536 
1073741824, 300032, 293, 16, 64, 1024, 644313813876736, 1200128, 16818.3, 38310.3, 2.1484e+10, 34372059160, 8598324704, 1.09539 
1073741824, 301056, 294, 16, 64, 1024, 646512837132288, 1204224, 16831.9, 38410, 2.14838e+10, 34370161877, 8598323908, 1.09538 
1073741824, 302080, 295, 16, 64, 1024, 648711860387840, 1208320, 16832.2, 38539.8, 2.14848e+10, 34372276631, 8598323928, 1.09539 
1073741824, 303104, 296, 16, 64, 1024, 650910883643392, 1212416, 16834.2, 38666.1, 2.14846e+10, 34370821808, 8598324128, 1.09537 
1073741824, 304128, 297, 16, 64, 1024, 653109906898944, 1216512, 16829.4, 38807.8, 2.14853e+10, 34371571041, 8598323944, 1.09537 
1073741824, 305152, 298, 16, 64, 1024, 655308930154496, 1220608, 16832.7, 38930.6, 2.14842e+10, 34370095087, 8598323948, 1.09537 
1073741824, 306176, 299, 16, 64, 1024, 657507953410048, 1224704, 16828.3, 39071.6, 2.14865e+10, 34371987302, 8600938500, 1.09535 
1073741824, 307200, 300, 16, 64, 1024, 659706976665600, 1228800, 16836.5, 39183.1, 2.14851e+10, 34372897139, 8598852970, 1.09538 
1073741824, 308224, 301, 16, 64, 1024, 661905999921152, 1232896, 16838, 39310.3, 2.14837e+10, 34370478501, 8598324276, 1.09538 
1073741824, 309248, 302, 16, 64, 1024, 664105023176704, 1236992, 16847, 39419.7, 2.14848e+10, 34371819847, 8598323920, 1.09539 
1073741824, 310272, 303, 16, 64, 1024, 666304046432256, 1241088, 16846.7, 39551.1, 2.14841e+10, 34370355079, 8598323920, 1.09538 
1073741824, 311296, 304, 16, 64, 1024, 668503069687808, 1245184, 16849.4, 39675.2, 2.14852e+10, 34370946983, 8598323964, 1.09538 
