[INFO] GPU Roofline Tools 
[INFO] Version 1.0.0 (C)2024 Bagus Hanindhito 
[INFO] Built for AMD Instinct MI300X (gfx942) GPUs
[INFO] Detected 8 HIP-capable device(s)
[INFO] +---+------------------------+----+----+-----------+--------------+--------------+
[INFO] |#  |Device Name             |CC  |#CU |Freq. (MHz)|Mem. Size (MB)|Mem. BW (GB/s)|
[INFO] +---+------------------------+----+----+-----------+--------------+--------------+
[INFO] |0  |AMD Instinct MI300X     |9.4 |304 |2100       |196592        |2662.4        |
[INFO] +---+------------------------+----+----+-----------+--------------+--------------+
[INFO] |1  |AMD Instinct MI300X     |9.4 |304 |2100       |196592        |2662.4        |
[INFO] +---+------------------------+----+----+-----------+--------------+--------------+
[INFO] |2  |AMD Instinct MI300X     |9.4 |304 |2100       |196592        |2662.4        |
[INFO] +---+------------------------+----+----+-----------+--------------+--------------+
[INFO] |3  |AMD Instinct MI300X     |9.4 |304 |2100       |196592        |2662.4        |
[INFO] +---+------------------------+----+----+-----------+--------------+--------------+
[INFO] |4  |AMD Instinct MI300X     |9.4 |304 |2100       |196592        |2662.4        |
[INFO] +---+------------------------+----+----+-----------+--------------+--------------+
[INFO] |5  |AMD Instinct MI300X     |9.4 |304 |2100       |196592        |2662.4        |
[INFO] +---+------------------------+----+----+-----------+--------------+--------------+
[INFO] |6  |AMD Instinct MI300X     |9.4 |304 |2100       |196592        |2662.4        |
[INFO] +---+------------------------+----+----+-----------+--------------+--------------+
[INFO] |7  |AMD Instinct MI300X     |9.4 |304 |2100       |196592        |2662.4        |
[INFO] +---+------------------------+----+----+-----------+--------------+--------------+
[WARN] This program does not currently support Multi-GPU run.
[INFO] Set default GPU to GPU index 0
[INFO] (1743314224) Running with 16 wavefront(s) per workgroup and 1 workgroup(s)
[INFO] (1743314229) Running with 16 wavefront(s) per workgroup and 2 workgroup(s)
[INFO] (1743314233) Running with 16 wavefront(s) per workgroup and 3 workgroup(s)
[INFO] (1743314237) Running with 16 wavefront(s) per workgroup and 4 workgroup(s)
[INFO] (1743314241) Running with 16 wavefront(s) per workgroup and 5 workgroup(s)
[INFO] (1743314246) Running with 16 wavefront(s) per workgroup and 6 workgroup(s)
[INFO] (1743314250) Running with 16 wavefront(s) per workgroup and 7 workgroup(s)
[INFO] (1743314254) Running with 16 wavefront(s) per workgroup and 8 workgroup(s)
[INFO] (1743314258) Running with 16 wavefront(s) per workgroup and 9 workgroup(s)
[INFO] (1743314262) Running with 16 wavefront(s) per workgroup and 10 workgroup(s)
[INFO] (1743314266) Running with 16 wavefront(s) per workgroup and 11 workgroup(s)
[INFO] (1743314270) Running with 16 wavefront(s) per workgroup and 12 workgroup(s)
[INFO] (1743314274) Running with 16 wavefront(s) per workgroup and 13 workgroup(s)
[INFO] (1743314278) Running with 16 wavefront(s) per workgroup and 14 workgroup(s)
[INFO] (1743314283) Running with 16 wavefront(s) per workgroup and 15 workgroup(s)
[INFO] (1743314287) Running with 16 wavefront(s) per workgroup and 16 workgroup(s)
[INFO] (1743314291) Running with 16 wavefront(s) per workgroup and 17 workgroup(s)
[INFO] (1743314295) Running with 16 wavefront(s) per workgroup and 18 workgroup(s)
[INFO] (1743314299) Running with 16 wavefront(s) per workgroup and 19 workgroup(s)
[INFO] (1743314303) Running with 16 wavefront(s) per workgroup and 20 workgroup(s)
[INFO] (1743314307) Running with 16 wavefront(s) per workgroup and 21 workgroup(s)
[INFO] (1743314312) Running with 16 wavefront(s) per workgroup and 22 workgroup(s)
[INFO] (1743314316) Running with 16 wavefront(s) per workgroup and 23 workgroup(s)
[INFO] (1743314320) Running with 16 wavefront(s) per workgroup and 24 workgroup(s)
[INFO] (1743314324) Running with 16 wavefront(s) per workgroup and 25 workgroup(s)
[INFO] (1743314328) Running with 16 wavefront(s) per workgroup and 26 workgroup(s)
[INFO] (1743314332) Running with 16 wavefront(s) per workgroup and 27 workgroup(s)
[INFO] (1743314336) Running with 16 wavefront(s) per workgroup and 28 workgroup(s)
[INFO] (1743314340) Running with 16 wavefront(s) per workgroup and 29 workgroup(s)
[INFO] (1743314345) Running with 16 wavefront(s) per workgroup and 30 workgroup(s)
[INFO] (1743314349) Running with 16 wavefront(s) per workgroup and 31 workgroup(s)
[INFO] (1743314353) Running with 16 wavefront(s) per workgroup and 32 workgroup(s)
[INFO] (1743314357) Running with 16 wavefront(s) per workgroup and 33 workgroup(s)
[INFO] (1743314361) Running with 16 wavefront(s) per workgroup and 34 workgroup(s)
[INFO] (1743314365) Running with 16 wavefront(s) per workgroup and 35 workgroup(s)
[INFO] (1743314369) Running with 16 wavefront(s) per workgroup and 36 workgroup(s)
[INFO] (1743314373) Running with 16 wavefront(s) per workgroup and 37 workgroup(s)
[INFO] (1743314378) Running with 16 wavefront(s) per workgroup and 38 workgroup(s)
[INFO] (1743314382) Running with 16 wavefront(s) per workgroup and 39 workgroup(s)
[INFO] (1743314386) Running with 16 wavefront(s) per workgroup and 40 workgroup(s)
[INFO] (1743314390) Running with 16 wavefront(s) per workgroup and 41 workgroup(s)
[INFO] (1743314394) Running with 16 wavefront(s) per workgroup and 42 workgroup(s)
[INFO] (1743314398) Running with 16 wavefront(s) per workgroup and 43 workgroup(s)
[INFO] (1743314402) Running with 16 wavefront(s) per workgroup and 44 workgroup(s)
[INFO] (1743314407) Running with 16 wavefront(s) per workgroup and 45 workgroup(s)
[INFO] (1743314411) Running with 16 wavefront(s) per workgroup and 46 workgroup(s)
[INFO] (1743314415) Running with 16 wavefront(s) per workgroup and 47 workgroup(s)
[INFO] (1743314419) Running with 16 wavefront(s) per workgroup and 48 workgroup(s)
[INFO] (1743314423) Running with 16 wavefront(s) per workgroup and 49 workgroup(s)
[INFO] (1743314427) Running with 16 wavefront(s) per workgroup and 50 workgroup(s)
[INFO] (1743314431) Running with 16 wavefront(s) per workgroup and 51 workgroup(s)
[INFO] (1743314435) Running with 16 wavefront(s) per workgroup and 52 workgroup(s)
[INFO] (1743314440) Running with 16 wavefront(s) per workgroup and 53 workgroup(s)
[INFO] (1743314444) Running with 16 wavefront(s) per workgroup and 54 workgroup(s)
[INFO] (1743314448) Running with 16 wavefront(s) per workgroup and 55 workgroup(s)
[INFO] (1743314452) Running with 16 wavefront(s) per workgroup and 56 workgroup(s)
[INFO] (1743314456) Running with 16 wavefront(s) per workgroup and 57 workgroup(s)
[INFO] (1743314460) Running with 16 wavefront(s) per workgroup and 58 workgroup(s)
[INFO] (1743314464) Running with 16 wavefront(s) per workgroup and 59 workgroup(s)
[INFO] (1743314469) Running with 16 wavefront(s) per workgroup and 60 workgroup(s)
[INFO] (1743314473) Running with 16 wavefront(s) per workgroup and 61 workgroup(s)
[INFO] (1743314477) Running with 16 wavefront(s) per workgroup and 62 workgroup(s)
[INFO] (1743314481) Running with 16 wavefront(s) per workgroup and 63 workgroup(s)
[INFO] (1743314485) Running with 16 wavefront(s) per workgroup and 64 workgroup(s)
[INFO] (1743314489) Running with 16 wavefront(s) per workgroup and 65 workgroup(s)
[INFO] (1743314493) Running with 16 wavefront(s) per workgroup and 66 workgroup(s)
[INFO] (1743314498) Running with 16 wavefront(s) per workgroup and 67 workgroup(s)
[INFO] (1743314502) Running with 16 wavefront(s) per workgroup and 68 workgroup(s)
[INFO] (1743314506) Running with 16 wavefront(s) per workgroup and 69 workgroup(s)
[INFO] (1743314510) Running with 16 wavefront(s) per workgroup and 70 workgroup(s)
[INFO] (1743314514) Running with 16 wavefront(s) per workgroup and 71 workgroup(s)
[INFO] (1743314518) Running with 16 wavefront(s) per workgroup and 72 workgroup(s)
[INFO] (1743314523) Running with 16 wavefront(s) per workgroup and 73 workgroup(s)
[INFO] (1743314527) Running with 16 wavefront(s) per workgroup and 74 workgroup(s)
[INFO] (1743314531) Running with 16 wavefront(s) per workgroup and 75 workgroup(s)
[INFO] (1743314535) Running with 16 wavefront(s) per workgroup and 76 workgroup(s)
[INFO] (1743314539) Running with 16 wavefront(s) per workgroup and 77 workgroup(s)
[INFO] (1743314543) Running with 16 wavefront(s) per workgroup and 78 workgroup(s)
[INFO] (1743314547) Running with 16 wavefront(s) per workgroup and 79 workgroup(s)
[INFO] (1743314552) Running with 16 wavefront(s) per workgroup and 80 workgroup(s)
[INFO] (1743314556) Running with 16 wavefront(s) per workgroup and 81 workgroup(s)
[INFO] (1743314560) Running with 16 wavefront(s) per workgroup and 82 workgroup(s)
[INFO] (1743314564) Running with 16 wavefront(s) per workgroup and 83 workgroup(s)
[INFO] (1743314568) Running with 16 wavefront(s) per workgroup and 84 workgroup(s)
[INFO] (1743314572) Running with 16 wavefront(s) per workgroup and 85 workgroup(s)
[INFO] (1743314576) Running with 16 wavefront(s) per workgroup and 86 workgroup(s)
[INFO] (1743314581) Running with 16 wavefront(s) per workgroup and 87 workgroup(s)
[INFO] (1743314585) Running with 16 wavefront(s) per workgroup and 88 workgroup(s)
[INFO] (1743314589) Running with 16 wavefront(s) per workgroup and 89 workgroup(s)
[INFO] (1743314593) Running with 16 wavefront(s) per workgroup and 90 workgroup(s)
[INFO] (1743314597) Running with 16 wavefront(s) per workgroup and 91 workgroup(s)
[INFO] (1743314601) Running with 16 wavefront(s) per workgroup and 92 workgroup(s)
[INFO] (1743314606) Running with 16 wavefront(s) per workgroup and 93 workgroup(s)
[INFO] (1743314610) Running with 16 wavefront(s) per workgroup and 94 workgroup(s)
[INFO] (1743314614) Running with 16 wavefront(s) per workgroup and 95 workgroup(s)
[INFO] (1743314618) Running with 16 wavefront(s) per workgroup and 96 workgroup(s)
[INFO] (1743314622) Running with 16 wavefront(s) per workgroup and 97 workgroup(s)
[INFO] (1743314626) Running with 16 wavefront(s) per workgroup and 98 workgroup(s)
[INFO] (1743314631) Running with 16 wavefront(s) per workgroup and 99 workgroup(s)
[INFO] (1743314635) Running with 16 wavefront(s) per workgroup and 100 workgroup(s)
[INFO] (1743314639) Running with 16 wavefront(s) per workgroup and 101 workgroup(s)
[INFO] (1743314643) Running with 16 wavefront(s) per workgroup and 102 workgroup(s)
[INFO] (1743314647) Running with 16 wavefront(s) per workgroup and 103 workgroup(s)
[INFO] (1743314651) Running with 16 wavefront(s) per workgroup and 104 workgroup(s)
[INFO] (1743314656) Running with 16 wavefront(s) per workgroup and 105 workgroup(s)
[INFO] (1743314660) Running with 16 wavefront(s) per workgroup and 106 workgroup(s)
[INFO] (1743314664) Running with 16 wavefront(s) per workgroup and 107 workgroup(s)
[INFO] (1743314668) Running with 16 wavefront(s) per workgroup and 108 workgroup(s)
[INFO] (1743314672) Running with 16 wavefront(s) per workgroup and 109 workgroup(s)
[INFO] (1743314676) Running with 16 wavefront(s) per workgroup and 110 workgroup(s)
[INFO] (1743314681) Running with 16 wavefront(s) per workgroup and 111 workgroup(s)
[INFO] (1743314685) Running with 16 wavefront(s) per workgroup and 112 workgroup(s)
[INFO] (1743314689) Running with 16 wavefront(s) per workgroup and 113 workgroup(s)
[INFO] (1743314693) Running with 16 wavefront(s) per workgroup and 114 workgroup(s)
[INFO] (1743314697) Running with 16 wavefront(s) per workgroup and 115 workgroup(s)
[INFO] (1743314701) Running with 16 wavefront(s) per workgroup and 116 workgroup(s)
[INFO] (1743314706) Running with 16 wavefront(s) per workgroup and 117 workgroup(s)
[INFO] (1743314710) Running with 16 wavefront(s) per workgroup and 118 workgroup(s)
[INFO] (1743314714) Running with 16 wavefront(s) per workgroup and 119 workgroup(s)
[INFO] (1743314718) Running with 16 wavefront(s) per workgroup and 120 workgroup(s)
[INFO] (1743314722) Running with 16 wavefront(s) per workgroup and 121 workgroup(s)
[INFO] (1743314726) Running with 16 wavefront(s) per workgroup and 122 workgroup(s)
[INFO] (1743314731) Running with 16 wavefront(s) per workgroup and 123 workgroup(s)
[INFO] (1743314735) Running with 16 wavefront(s) per workgroup and 124 workgroup(s)
[INFO] (1743314739) Running with 16 wavefront(s) per workgroup and 125 workgroup(s)
[INFO] (1743314743) Running with 16 wavefront(s) per workgroup and 126 workgroup(s)
[INFO] (1743314747) Running with 16 wavefront(s) per workgroup and 127 workgroup(s)
[INFO] (1743314751) Running with 16 wavefront(s) per workgroup and 128 workgroup(s)
[INFO] (1743314756) Running with 16 wavefront(s) per workgroup and 129 workgroup(s)
[INFO] (1743314760) Running with 16 wavefront(s) per workgroup and 130 workgroup(s)
[INFO] (1743314764) Running with 16 wavefront(s) per workgroup and 131 workgroup(s)
[INFO] (1743314768) Running with 16 wavefront(s) per workgroup and 132 workgroup(s)
[INFO] (1743314772) Running with 16 wavefront(s) per workgroup and 133 workgroup(s)
[INFO] (1743314777) Running with 16 wavefront(s) per workgroup and 134 workgroup(s)
[INFO] (1743314781) Running with 16 wavefront(s) per workgroup and 135 workgroup(s)
[INFO] (1743314785) Running with 16 wavefront(s) per workgroup and 136 workgroup(s)
[INFO] (1743314789) Running with 16 wavefront(s) per workgroup and 137 workgroup(s)
[INFO] (1743314793) Running with 16 wavefront(s) per workgroup and 138 workgroup(s)
[INFO] (1743314797) Running with 16 wavefront(s) per workgroup and 139 workgroup(s)
[INFO] (1743314802) Running with 16 wavefront(s) per workgroup and 140 workgroup(s)
[INFO] (1743314806) Running with 16 wavefront(s) per workgroup and 141 workgroup(s)
[INFO] (1743314810) Running with 16 wavefront(s) per workgroup and 142 workgroup(s)
[INFO] (1743314814) Running with 16 wavefront(s) per workgroup and 143 workgroup(s)
[INFO] (1743314818) Running with 16 wavefront(s) per workgroup and 144 workgroup(s)
[INFO] (1743314823) Running with 16 wavefront(s) per workgroup and 145 workgroup(s)
[INFO] (1743314827) Running with 16 wavefront(s) per workgroup and 146 workgroup(s)
[INFO] (1743314831) Running with 16 wavefront(s) per workgroup and 147 workgroup(s)
[INFO] (1743314835) Running with 16 wavefront(s) per workgroup and 148 workgroup(s)
[INFO] (1743314839) Running with 16 wavefront(s) per workgroup and 149 workgroup(s)
[INFO] (1743314844) Running with 16 wavefront(s) per workgroup and 150 workgroup(s)
[INFO] (1743314848) Running with 16 wavefront(s) per workgroup and 151 workgroup(s)
[INFO] (1743314852) Running with 16 wavefront(s) per workgroup and 152 workgroup(s)
[INFO] (1743314856) Running with 16 wavefront(s) per workgroup and 153 workgroup(s)
[INFO] (1743314860) Running with 16 wavefront(s) per workgroup and 154 workgroup(s)
[INFO] (1743314864) Running with 16 wavefront(s) per workgroup and 155 workgroup(s)
[INFO] (1743314869) Running with 16 wavefront(s) per workgroup and 156 workgroup(s)
[INFO] (1743314873) Running with 16 wavefront(s) per workgroup and 157 workgroup(s)
[INFO] (1743314877) Running with 16 wavefront(s) per workgroup and 158 workgroup(s)
[INFO] (1743314881) Running with 16 wavefront(s) per workgroup and 159 workgroup(s)
[INFO] (1743314885) Running with 16 wavefront(s) per workgroup and 160 workgroup(s)
[INFO] (1743314890) Running with 16 wavefront(s) per workgroup and 161 workgroup(s)
[INFO] (1743314894) Running with 16 wavefront(s) per workgroup and 162 workgroup(s)
[INFO] (1743314898) Running with 16 wavefront(s) per workgroup and 163 workgroup(s)
[INFO] (1743314902) Running with 16 wavefront(s) per workgroup and 164 workgroup(s)
[INFO] (1743314906) Running with 16 wavefront(s) per workgroup and 165 workgroup(s)
[INFO] (1743314911) Running with 16 wavefront(s) per workgroup and 166 workgroup(s)
[INFO] (1743314915) Running with 16 wavefront(s) per workgroup and 167 workgroup(s)
[INFO] (1743314919) Running with 16 wavefront(s) per workgroup and 168 workgroup(s)
[INFO] (1743314923) Running with 16 wavefront(s) per workgroup and 169 workgroup(s)
[INFO] (1743314927) Running with 16 wavefront(s) per workgroup and 170 workgroup(s)
[INFO] (1743314932) Running with 16 wavefront(s) per workgroup and 171 workgroup(s)
[INFO] (1743314936) Running with 16 wavefront(s) per workgroup and 172 workgroup(s)
[INFO] (1743314940) Running with 16 wavefront(s) per workgroup and 173 workgroup(s)
[INFO] (1743314944) Running with 16 wavefront(s) per workgroup and 174 workgroup(s)
[INFO] (1743314948) Running with 16 wavefront(s) per workgroup and 175 workgroup(s)
[INFO] (1743314953) Running with 16 wavefront(s) per workgroup and 176 workgroup(s)
[INFO] (1743314957) Running with 16 wavefront(s) per workgroup and 177 workgroup(s)
[INFO] (1743314961) Running with 16 wavefront(s) per workgroup and 178 workgroup(s)
[INFO] (1743314965) Running with 16 wavefront(s) per workgroup and 179 workgroup(s)
[INFO] (1743314969) Running with 16 wavefront(s) per workgroup and 180 workgroup(s)
[INFO] (1743314974) Running with 16 wavefront(s) per workgroup and 181 workgroup(s)
[INFO] (1743314978) Running with 16 wavefront(s) per workgroup and 182 workgroup(s)
[INFO] (1743314982) Running with 16 wavefront(s) per workgroup and 183 workgroup(s)
[INFO] (1743314986) Running with 16 wavefront(s) per workgroup and 184 workgroup(s)
[INFO] (1743314990) Running with 16 wavefront(s) per workgroup and 185 workgroup(s)
[INFO] (1743314995) Running with 16 wavefront(s) per workgroup and 186 workgroup(s)
[INFO] (1743314999) Running with 16 wavefront(s) per workgroup and 187 workgroup(s)
[INFO] (1743315003) Running with 16 wavefront(s) per workgroup and 188 workgroup(s)
[INFO] (1743315007) Running with 16 wavefront(s) per workgroup and 189 workgroup(s)
[INFO] (1743315012) Running with 16 wavefront(s) per workgroup and 190 workgroup(s)
[INFO] (1743315016) Running with 16 wavefront(s) per workgroup and 191 workgroup(s)
[INFO] (1743315020) Running with 16 wavefront(s) per workgroup and 192 workgroup(s)
[INFO] (1743315024) Running with 16 wavefront(s) per workgroup and 193 workgroup(s)
[INFO] (1743315028) Running with 16 wavefront(s) per workgroup and 194 workgroup(s)
[INFO] (1743315033) Running with 16 wavefront(s) per workgroup and 195 workgroup(s)
[INFO] (1743315037) Running with 16 wavefront(s) per workgroup and 196 workgroup(s)
[INFO] (1743315041) Running with 16 wavefront(s) per workgroup and 197 workgroup(s)
[INFO] (1743315045) Running with 16 wavefront(s) per workgroup and 198 workgroup(s)
[INFO] (1743315049) Running with 16 wavefront(s) per workgroup and 199 workgroup(s)
[INFO] (1743315054) Running with 16 wavefront(s) per workgroup and 200 workgroup(s)
[INFO] (1743315058) Running with 16 wavefront(s) per workgroup and 201 workgroup(s)
[INFO] (1743315062) Running with 16 wavefront(s) per workgroup and 202 workgroup(s)
[INFO] (1743315066) Running with 16 wavefront(s) per workgroup and 203 workgroup(s)
[INFO] (1743315071) Running with 16 wavefront(s) per workgroup and 204 workgroup(s)
[INFO] (1743315075) Running with 16 wavefront(s) per workgroup and 205 workgroup(s)
[INFO] (1743315079) Running with 16 wavefront(s) per workgroup and 206 workgroup(s)
[INFO] (1743315083) Running with 16 wavefront(s) per workgroup and 207 workgroup(s)
[INFO] (1743315087) Running with 16 wavefront(s) per workgroup and 208 workgroup(s)
[INFO] (1743315092) Running with 16 wavefront(s) per workgroup and 209 workgroup(s)
[INFO] (1743315096) Running with 16 wavefront(s) per workgroup and 210 workgroup(s)
[INFO] (1743315100) Running with 16 wavefront(s) per workgroup and 211 workgroup(s)
[INFO] (1743315104) Running with 16 wavefront(s) per workgroup and 212 workgroup(s)
[INFO] (1743315109) Running with 16 wavefront(s) per workgroup and 213 workgroup(s)
[INFO] (1743315113) Running with 16 wavefront(s) per workgroup and 214 workgroup(s)
[INFO] (1743315117) Running with 16 wavefront(s) per workgroup and 215 workgroup(s)
[INFO] (1743315121) Running with 16 wavefront(s) per workgroup and 216 workgroup(s)
[INFO] (1743315126) Running with 16 wavefront(s) per workgroup and 217 workgroup(s)
[INFO] (1743315130) Running with 16 wavefront(s) per workgroup and 218 workgroup(s)
[INFO] (1743315134) Running with 16 wavefront(s) per workgroup and 219 workgroup(s)
[INFO] (1743315138) Running with 16 wavefront(s) per workgroup and 220 workgroup(s)
[INFO] (1743315142) Running with 16 wavefront(s) per workgroup and 221 workgroup(s)
[INFO] (1743315147) Running with 16 wavefront(s) per workgroup and 222 workgroup(s)
[INFO] (1743315151) Running with 16 wavefront(s) per workgroup and 223 workgroup(s)
[INFO] (1743315155) Running with 16 wavefront(s) per workgroup and 224 workgroup(s)
[INFO] (1743315159) Running with 16 wavefront(s) per workgroup and 225 workgroup(s)
[INFO] (1743315164) Running with 16 wavefront(s) per workgroup and 226 workgroup(s)
[INFO] (1743315168) Running with 16 wavefront(s) per workgroup and 227 workgroup(s)
[INFO] (1743315172) Running with 16 wavefront(s) per workgroup and 228 workgroup(s)
[INFO] (1743315176) Running with 16 wavefront(s) per workgroup and 229 workgroup(s)
[INFO] (1743315181) Running with 16 wavefront(s) per workgroup and 230 workgroup(s)
[INFO] (1743315185) Running with 16 wavefront(s) per workgroup and 231 workgroup(s)
[INFO] (1743315189) Running with 16 wavefront(s) per workgroup and 232 workgroup(s)
[INFO] (1743315193) Running with 16 wavefront(s) per workgroup and 233 workgroup(s)
[INFO] (1743315198) Running with 16 wavefront(s) per workgroup and 234 workgroup(s)
[INFO] (1743315202) Running with 16 wavefront(s) per workgroup and 235 workgroup(s)
[INFO] (1743315206) Running with 16 wavefront(s) per workgroup and 236 workgroup(s)
[INFO] (1743315210) Running with 16 wavefront(s) per workgroup and 237 workgroup(s)
[INFO] (1743315215) Running with 16 wavefront(s) per workgroup and 238 workgroup(s)
[INFO] (1743315219) Running with 16 wavefront(s) per workgroup and 239 workgroup(s)
[INFO] (1743315223) Running with 16 wavefront(s) per workgroup and 240 workgroup(s)
[INFO] (1743315227) Running with 16 wavefront(s) per workgroup and 241 workgroup(s)
[INFO] (1743315232) Running with 16 wavefront(s) per workgroup and 242 workgroup(s)
[INFO] (1743315236) Running with 16 wavefront(s) per workgroup and 243 workgroup(s)
[INFO] (1743315240) Running with 16 wavefront(s) per workgroup and 244 workgroup(s)
[INFO] (1743315244) Running with 16 wavefront(s) per workgroup and 245 workgroup(s)
[INFO] (1743315248) Running with 16 wavefront(s) per workgroup and 246 workgroup(s)
[INFO] (1743315253) Running with 16 wavefront(s) per workgroup and 247 workgroup(s)
[INFO] (1743315257) Running with 16 wavefront(s) per workgroup and 248 workgroup(s)
[INFO] (1743315261) Running with 16 wavefront(s) per workgroup and 249 workgroup(s)
[INFO] (1743315265) Running with 16 wavefront(s) per workgroup and 250 workgroup(s)
[INFO] (1743315270) Running with 16 wavefront(s) per workgroup and 251 workgroup(s)
[INFO] (1743315274) Running with 16 wavefront(s) per workgroup and 252 workgroup(s)
[INFO] (1743315278) Running with 16 wavefront(s) per workgroup and 253 workgroup(s)
[INFO] (1743315283) Running with 16 wavefront(s) per workgroup and 254 workgroup(s)
[INFO] (1743315287) Running with 16 wavefront(s) per workgroup and 255 workgroup(s)
[INFO] (1743315291) Running with 16 wavefront(s) per workgroup and 256 workgroup(s)
[INFO] (1743315295) Running with 16 wavefront(s) per workgroup and 257 workgroup(s)
[INFO] (1743315300) Running with 16 wavefront(s) per workgroup and 258 workgroup(s)
[INFO] (1743315304) Running with 16 wavefront(s) per workgroup and 259 workgroup(s)
[INFO] (1743315308) Running with 16 wavefront(s) per workgroup and 260 workgroup(s)
[INFO] (1743315312) Running with 16 wavefront(s) per workgroup and 261 workgroup(s)
[INFO] (1743315317) Running with 16 wavefront(s) per workgroup and 262 workgroup(s)
[INFO] (1743315321) Running with 16 wavefront(s) per workgroup and 263 workgroup(s)
[INFO] (1743315325) Running with 16 wavefront(s) per workgroup and 264 workgroup(s)
[INFO] (1743315329) Running with 16 wavefront(s) per workgroup and 265 workgroup(s)
[INFO] (1743315334) Running with 16 wavefront(s) per workgroup and 266 workgroup(s)
[INFO] (1743315338) Running with 16 wavefront(s) per workgroup and 267 workgroup(s)
[INFO] (1743315342) Running with 16 wavefront(s) per workgroup and 268 workgroup(s)
[INFO] (1743315346) Running with 16 wavefront(s) per workgroup and 269 workgroup(s)
[INFO] (1743315351) Running with 16 wavefront(s) per workgroup and 270 workgroup(s)
[INFO] (1743315355) Running with 16 wavefront(s) per workgroup and 271 workgroup(s)
[INFO] (1743315359) Running with 16 wavefront(s) per workgroup and 272 workgroup(s)
[INFO] (1743315363) Running with 16 wavefront(s) per workgroup and 273 workgroup(s)
[INFO] (1743315368) Running with 16 wavefront(s) per workgroup and 274 workgroup(s)
[INFO] (1743315372) Running with 16 wavefront(s) per workgroup and 275 workgroup(s)
[INFO] (1743315376) Running with 16 wavefront(s) per workgroup and 276 workgroup(s)
[INFO] (1743315381) Running with 16 wavefront(s) per workgroup and 277 workgroup(s)
[INFO] (1743315385) Running with 16 wavefront(s) per workgroup and 278 workgroup(s)
[INFO] (1743315389) Running with 16 wavefront(s) per workgroup and 279 workgroup(s)
[INFO] (1743315393) Running with 16 wavefront(s) per workgroup and 280 workgroup(s)
[INFO] (1743315398) Running with 16 wavefront(s) per workgroup and 281 workgroup(s)
[INFO] (1743315402) Running with 16 wavefront(s) per workgroup and 282 workgroup(s)
[INFO] (1743315406) Running with 16 wavefront(s) per workgroup and 283 workgroup(s)
[INFO] (1743315411) Running with 16 wavefront(s) per workgroup and 284 workgroup(s)
[INFO] (1743315415) Running with 16 wavefront(s) per workgroup and 285 workgroup(s)
[INFO] (1743315419) Running with 16 wavefront(s) per workgroup and 286 workgroup(s)
[INFO] (1743315423) Running with 16 wavefront(s) per workgroup and 287 workgroup(s)
[INFO] (1743315428) Running with 16 wavefront(s) per workgroup and 288 workgroup(s)
[INFO] (1743315432) Running with 16 wavefront(s) per workgroup and 289 workgroup(s)
[INFO] (1743315436) Running with 16 wavefront(s) per workgroup and 290 workgroup(s)
[INFO] (1743315441) Running with 16 wavefront(s) per workgroup and 291 workgroup(s)
[INFO] (1743315445) Running with 16 wavefront(s) per workgroup and 292 workgroup(s)
[INFO] (1743315449) Running with 16 wavefront(s) per workgroup and 293 workgroup(s)
[INFO] (1743315453) Running with 16 wavefront(s) per workgroup and 294 workgroup(s)
[INFO] (1743315458) Running with 16 wavefront(s) per workgroup and 295 workgroup(s)
[INFO] (1743315462) Running with 16 wavefront(s) per workgroup and 296 workgroup(s)
[INFO] (1743315466) Running with 16 wavefront(s) per workgroup and 297 workgroup(s)
[INFO] (1743315471) Running with 16 wavefront(s) per workgroup and 298 workgroup(s)
[INFO] (1743315475) Running with 16 wavefront(s) per workgroup and 299 workgroup(s)
[INFO] (1743315479) Running with 16 wavefront(s) per workgroup and 300 workgroup(s)
[INFO] (1743315484) Running with 16 wavefront(s) per workgroup and 301 workgroup(s)
[INFO] (1743315488) Running with 16 wavefront(s) per workgroup and 302 workgroup(s)
[INFO] (1743315492) Running with 16 wavefront(s) per workgroup and 303 workgroup(s)
[INFO] (1743315497) Running with 16 wavefront(s) per workgroup and 304 workgroup(s)
Result V_ADD2 with fp16
n_iter, n_thread, n_wg, n_wf, wf_size, wg_size, n_flops, n_bytes, time_ms, gflop/s, avg_clock, max_clock, min_clock, stdev_clock 
1073741824, 1024, 1, 16, 64, 1024, 1099511627776, 4096, 4125.64, 266.507, 6.45379e+09, 8607741386, 4305649831, 1.05394 
1073741824, 2048, 2, 16, 64, 1024, 2199023255552, 8192, 4116.88, 534.148, 6.45139e+09, 8607731065, 4303358732, 1.05397 
1073741824, 3072, 3, 16, 64, 1024, 3298534883328, 12288, 4121.81, 800.263, 6.45128e+09, 8606590416, 4303357988, 1.05397 
1073741824, 4096, 4, 16, 64, 1024, 4398046511104, 16384, 4121.6, 1067.07, 6.45391e+09, 8608465449, 4306237205, 1.05391 
1073741824, 5120, 5, 16, 64, 1024, 5497558138880, 20480, 4127.14, 1332.05, 6.45181e+09, 8607611103, 4304282830, 1.05394 
1073741824, 6144, 6, 16, 64, 1024, 6597069766656, 24576, 4125.01, 1599.29, 6.45165e+09, 8608573616, 4303356936, 1.05398 
1073741824, 7168, 7, 16, 64, 1024, 7696581394432, 28672, 4120.99, 1867.65, 6.45083e+09, 8606691544, 4303356796, 1.05396 
1073741824, 8192, 8, 16, 64, 1024, 8796093022208, 32768, 4128.58, 2130.54, 6.45203e+09, 8609415630, 4303356644, 1.05399 
1073741824, 9216, 9, 16, 64, 1024, 9895604649984, 36864, 4120.67, 2401.46, 6.45084e+09, 8606691948, 4303356928, 1.05396 
1073741824, 10240, 10, 16, 64, 1024, 10995116277760, 40960, 4120.24, 2668.56, 6.45084e+09, 8606696304, 4303356764, 1.05396 
1073741824, 11264, 11, 16, 64, 1024, 12094627905536, 45056, 4131.39, 2927.5, 6.45389e+09, 8609766441, 4305796081, 1.05391 
1073741824, 12288, 12, 16, 64, 1024, 13194139533312, 49152, 4117.73, 3204.23, 6.45084e+09, 8606691308, 4303356960, 1.05396 
1073741824, 13312, 13, 16, 64, 1024, 14293651161088, 53248, 4117.05, 3471.82, 6.45083e+09, 8606696288, 4303356580, 1.05396 
1073741824, 14336, 14, 16, 64, 1024, 15393162788864, 57344, 4128.43, 3728.57, 6.45219e+09, 8608080303, 4304054125, 1.05393 
1073741824, 15360, 15, 16, 64, 1024, 16492674416640, 61440, 4123.64, 3999.54, 6.45084e+09, 8606691048, 4303356824, 1.05396 
1073741824, 16384, 16, 16, 64, 1024, 17592186044416, 65536, 4123.77, 4266.04, 6.45083e+09, 8606696296, 4303356392, 1.05396 
1073741824, 17408, 17, 16, 64, 1024, 18691697672192, 69632, 4135.6, 4519.7, 6.45141e+09, 8608531101, 4303356512, 1.05397 
1073741824, 18432, 18, 16, 64, 1024, 19791209299968, 73728, 4123.03, 4800.16, 6.45083e+09, 8606696328, 4303356640, 1.05396 
1073741824, 19456, 19, 16, 64, 1024, 20890720927744, 77824, 4121.22, 5069.06, 6.45083e+09, 8606691076, 4303356576, 1.05396 
1073741824, 20480, 20, 16, 64, 1024, 21990232555520, 81920, 4125.29, 5330.6, 6.45083e+09, 8606696328, 4303356372, 1.05396 
1073741824, 21504, 21, 16, 64, 1024, 23089744183296, 86016, 4133.45, 5586.08, 6.45368e+09, 8609227435, 4305749172, 1.05391 
1073741824, 22528, 22, 16, 64, 1024, 24189255811072, 90112, 4122.45, 5867.69, 6.45083e+09, 8606696484, 4303356548, 1.05396 
1073741824, 23552, 23, 16, 64, 1024, 25288767438848, 94208, 4127.18, 6127.37, 6.45083e+09, 8606696348, 4303356396, 1.05396 
1073741824, 24576, 24, 16, 64, 1024, 26388279066624, 98304, 4135.53, 6380.87, 6.45135e+09, 8608322128, 4303356360, 1.05397 
1073741824, 25600, 25, 16, 64, 1024, 27487790694400, 102400, 4126.08, 6661.97, 6.45083e+09, 8606696880, 4303356428, 1.05396 
1073741824, 26624, 26, 16, 64, 1024, 28587302322176, 106496, 4125.52, 6929.38, 6.45083e+09, 8606696324, 4303356348, 1.05396 
1073741824, 27648, 27, 16, 64, 1024, 29686813949952, 110592, 4125.99, 7195.08, 6.45083e+09, 8606696324, 4303356548, 1.05396 
1073741824, 28672, 28, 16, 64, 1024, 30786325577728, 114688, 4138.07, 7439.78, 6.45246e+09, 8610944651, 4303356372, 1.05401 
1073741824, 29696, 29, 16, 64, 1024, 31885837205504, 118784, 4132.58, 7715.72, 6.45083e+09, 8606696300, 4303356424, 1.05396 
1073741824, 30720, 30, 16, 64, 1024, 32985348833280, 122880, 4126.52, 7993.5, 6.45083e+09, 8606696336, 4303356332, 1.05396 
1073741824, 31744, 31, 16, 64, 1024, 34084860461056, 126976, 4129.14, 8254.71, 6.45083e+09, 8606691192, 4303356388, 1.05396 
1073741824, 32768, 32, 16, 64, 1024, 35184372088832, 131072, 4140.54, 8497.52, 6.45175e+09, 8607661102, 4303742385, 1.05394 
1073741824, 33792, 33, 16, 64, 1024, 36283883716608, 135168, 4128.02, 8789.65, 6.45083e+09, 8606696308, 4303356440, 1.05396 
1073741824, 34816, 34, 16, 64, 1024, 37383395344384, 139264, 4126.2, 9060, 6.45083e+09, 8606696492, 4303356380, 1.05396 
1073741824, 35840, 35, 16, 64, 1024, 38482906972160, 143360, 4140.72, 9293.78, 6.45239e+09, 8610911606, 4303356588, 1.05401 
1073741824, 36864, 36, 16, 64, 1024, 39582418599936, 147456, 4128.5, 9587.61, 6.45083e+09, 8606696536, 4303356504, 1.05396 
1073741824, 37888, 37, 16, 64, 1024, 40681930227712, 151552, 4129.31, 9851.99, 6.45083e+09, 8606696540, 4303356496, 1.05396 
1073741824, 38912, 38, 16, 64, 1024, 41781441855488, 155648, 4129.94, 10116.7, 6.45083e+09, 8606697008, 4303356360, 1.05396 
1073741824, 39936, 39, 16, 64, 1024, 42880953483264, 159744, 4140.66, 10356.1, 6.45194e+09, 8609378549, 4303356376, 1.05399 
1073741824, 40960, 40, 16, 64, 1024, 43980465111040, 163840, 4131.08, 10646.2, 6.45083e+09, 8606696360, 4303356388, 1.05396 
1073741824, 41984, 41, 16, 64, 1024, 45079976738816, 167936, 4131.61, 10911, 6.45083e+09, 8606696344, 4303356500, 1.05396 
1073741824, 43008, 42, 16, 64, 1024, 46179488366592, 172032, 4130.48, 11180.2, 6.45083e+09, 8606696648, 4303356384, 1.05396 
1073741824, 44032, 43, 16, 64, 1024, 47278999994368, 176128, 4138.46, 11424.3, 6.45393e+09, 8610004482, 4305744577, 1.0539 
1073741824, 45056, 44, 16, 64, 1024, 48378511622144, 180224, 4134.22, 11702, 6.45083e+09, 8606696540, 4303356528, 1.05396 
1073741824, 46080, 45, 16, 64, 1024, 49478023249920, 184320, 4132.06, 11974.2, 6.45083e+09, 8606696844, 4303356484, 1.05396 
1073741824, 47104, 46, 16, 64, 1024, 50577534877696, 188416, 4140.98, 12213.9, 6.45133e+09, 8608156739, 4303356324, 1.05397 
1073741824, 48128, 47, 16, 64, 1024, 51677046505472, 192512, 4137.79, 12489, 6.45083e+09, 8606696488, 4303356376, 1.05396 
1073741824, 49152, 48, 16, 64, 1024, 52776558133248, 196608, 4136.01, 12760.3, 6.45083e+09, 8606697020, 4303356360, 1.05396 
1073741824, 50176, 49, 16, 64, 1024, 53876069761024, 200704, 4132.3, 13037.8, 6.45083e+09, 8606696460, 4303356504, 1.05396 
1073741824, 51200, 50, 16, 64, 1024, 54975581388800, 204800, 4147.08, 13256.4, 6.45184e+09, 8608287645, 4303166954, 1.05394 
1073741824, 52224, 51, 16, 64, 1024, 56075093016576, 208896, 4133.14, 13567.2, 6.45083e+09, 8606696576, 4303356524, 1.05396 
1073741824, 53248, 52, 16, 64, 1024, 57174604644352, 212992, 4139.76, 13811.1, 6.45083e+09, 8606696452, 4303356352, 1.05396 
1073741824, 54272, 53, 16, 64, 1024, 58274116272128, 217088, 4139.08, 14079, 6.45083e+09, 8606697224, 4303356456, 1.05396 
1073741824, 55296, 54, 16, 64, 1024, 59373627899904, 221184, 4146.45, 14319.1, 6.45398e+09, 8610354913, 4305552573, 1.0539 
1073741824, 56320, 55, 16, 64, 1024, 60473139527680, 225280, 4140.55, 14605.1, 6.45083e+09, 8606696592, 4303356380, 1.05396 
1073741824, 57344, 56, 16, 64, 1024, 61572651155456, 229376, 4141.76, 14866.3, 6.45083e+09, 8606696568, 4303356336, 1.05396 
1073741824, 58368, 57, 16, 64, 1024, 62672162783232, 233472, 4147.6, 15110.4, 6.45166e+09, 8609061426, 4303356492, 1.05398 
1073741824, 59392, 58, 16, 64, 1024, 63771674411008, 237568, 4136.06, 15418.5, 6.45083e+09, 8606696528, 4303356432, 1.05396 
1073741824, 60416, 59, 16, 64, 1024, 64871186038784, 241664, 4140.73, 15666.6, 6.45083e+09, 8606697536, 4303356516, 1.05396 
1073741824, 61440, 60, 16, 64, 1024, 65970697666560, 245760, 4138.44, 15941, 6.45083e+09, 8606697312, 4303356384, 1.05396 
1073741824, 62464, 61, 16, 64, 1024, 67070209294336, 249856, 4150.11, 16161.1, 6.45376e+09, 8610032488, 4305552981, 1.05391 
1073741824, 63488, 62, 16, 64, 1024, 68169720922112, 253952, 4139.56, 16467.9, 6.45083e+09, 8606696564, 4303356408, 1.05396 
1073741824, 64512, 63, 16, 64, 1024, 69269232549888, 258048, 4140.53, 16729.5, 6.45083e+09, 8606697312, 4303356380, 1.05396 
1073741824, 65536, 64, 16, 64, 1024, 70368744177664, 262144, 4155.59, 16933.5, 6.4513e+09, 8608820880, 4303356336, 1.05397 
1073741824, 66560, 65, 16, 64, 1024, 71468255805440, 266240, 4139.73, 17264, 6.45083e+09, 8606697084, 4303356432, 1.05396 
1073741824, 67584, 66, 16, 64, 1024, 72567767433216, 270336, 4140.88, 17524.7, 6.45083e+09, 8606696548, 4303356340, 1.05396 
1073741824, 68608, 67, 16, 64, 1024, 73667279060992, 274432, 4140.7, 17791, 6.45083e+09, 8606697664, 4303356528, 1.05396 
1073741824, 69632, 68, 16, 64, 1024, 74766790688768, 278528, 4153.11, 18002.6, 6.45246e+09, 8610262818, 4303356348, 1.05401 
1073741824, 70656, 69, 16, 64, 1024, 75866302316544, 282624, 4142.97, 18312, 6.45083e+09, 8606697220, 4303356428, 1.05396 
1073741824, 71680, 70, 16, 64, 1024, 76965813944320, 286720, 4144.08, 18572.5, 6.45083e+09, 8606697748, 4303356344, 1.05396 
1073741824, 72704, 71, 16, 64, 1024, 78065325572096, 290816, 4145.95, 18829.3, 6.45083e+09, 8606697352, 4303356356, 1.05396 
1073741824, 73728, 72, 16, 64, 1024, 79164837199872, 294912, 4154.22, 19056.5, 6.45183e+09, 8608406758, 4303711645, 1.05394 
1073741824, 74752, 73, 16, 64, 1024, 80264348827648, 299008, 4145.28, 19362.8, 6.45083e+09, 8606697176, 4303356444, 1.05396 
1073741824, 75776, 74, 16, 64, 1024, 81363860455424, 303104, 4146.43, 19622.6, 6.45083e+09, 8606696508, 4303356388, 1.05396 
1073741824, 76800, 75, 16, 64, 1024, 82463372083200, 307200, 4157.42, 19835.2, 6.45235e+09, 8610523014, 4303356544, 1.05401 
1073741824, 77824, 76, 16, 64, 1024, 83562883710976, 311296, 4146.68, 20151.8, 6.45083e+09, 8606696576, 4303356528, 1.05396 
1073741824, 78848, 77, 16, 64, 1024, 84662395338752, 315392, 4151.24, 20394.5, 6.45083e+09, 8606696908, 4303356488, 1.05396 
1073741824, 79872, 78, 16, 64, 1024, 85761906966528, 319488, 4148.4, 20673.5, 6.45083e+09, 8606697328, 4303356324, 1.05396 
1073741824, 80896, 79, 16, 64, 1024, 86861418594304, 323584, 4159.47, 20882.8, 6.45216e+09, 8608621446, 4303935806, 1.05393 
1073741824, 81920, 80, 16, 64, 1024, 87960930222080, 327680, 4150.97, 21190.5, 6.45083e+09, 8606697196, 4303356404, 1.05396 
1073741824, 82944, 81, 16, 64, 1024, 89060441849856, 331776, 4148.8, 21466.6, 6.45083e+09, 8606696560, 4303356488, 1.05396 
1073741824, 83968, 82, 16, 64, 1024, 90159953477632, 335872, 4160.04, 21672.9, 6.45107e+09, 8608601140, 4303356304, 1.05396 
1073741824, 84992, 83, 16, 64, 1024, 91259465105408, 339968, 4152.89, 21974.9, 6.45083e+09, 8606696908, 4303356548, 1.05396 
1073741824, 86016, 84, 16, 64, 1024, 92358976733184, 344064, 4147.26, 22269.9, 6.45083e+09, 8606696568, 4303356360, 1.05396 
1073741824, 87040, 85, 16, 64, 1024, 93458488360960, 348160, 4152.93, 22504.2, 6.45083e+09, 8606696788, 4303356440, 1.05396 
1073741824, 88064, 86, 16, 64, 1024, 94557999988736, 352256, 4163.27, 22712.5, 6.45229e+09, 8610771407, 4303356264, 1.054 
1073741824, 89088, 87, 16, 64, 1024, 95657511616512, 356352, 4152.11, 23038.3, 6.45083e+09, 8606697460, 4303356332, 1.05396 
1073741824, 90112, 88, 16, 64, 1024, 96757023244288, 360448, 4155.48, 23284.2, 6.45083e+09, 8606697064, 4303356328, 1.05396 
1073741824, 91136, 89, 16, 64, 1024, 97856534872064, 364544, 4158.21, 23533.3, 6.45083e+09, 8606696472, 4303356432, 1.05396 
1073741824, 92160, 90, 16, 64, 1024, 98956046499840, 368640, 4162.98, 23770.5, 6.45251e+09, 8609008727, 4304256033, 1.05393 
1073741824, 93184, 91, 16, 64, 1024, 100055558127616, 372736, 4157.51, 24066.2, 6.45083e+09, 8606696604, 4303356556, 1.05396 
1073741824, 94208, 92, 16, 64, 1024, 101155069755392, 376832, 4153.43, 24354.6, 6.45083e+09, 8606696588, 4303356328, 1.05396 
1073741824, 95232, 93, 16, 64, 1024, 102254581383168, 380928, 4165.37, 24548.7, 6.45236e+09, 8610528965, 4303356408, 1.05401 
1073741824, 96256, 94, 16, 64, 1024, 103354093010944, 385024, 4159.81, 24845.9, 6.45083e+09, 8606696988, 4303356428, 1.05396 
1073741824, 97280, 95, 16, 64, 1024, 104453604638720, 389120, 4157.38, 25124.8, 6.45083e+09, 8606697320, 4303356380, 1.05396 
1073741824, 98304, 96, 16, 64, 1024, 105553116266496, 393216, 4158.14, 25384.7, 6.45083e+09, 8606696476, 4303356300, 1.05396 
1073741824, 99328, 97, 16, 64, 1024, 106652627894272, 397312, 4169.24, 25580.8, 6.45183e+09, 8608815028, 4303637249, 1.05394 
1073741824, 100352, 98, 16, 64, 1024, 107752139522048, 401408, 4157.9, 25915.1, 6.45083e+09, 8606696568, 4303356468, 1.05396 
1073741824, 101376, 99, 16, 64, 1024, 108851651149824, 405504, 4158.78, 26174, 6.45083e+09, 8606696600, 4303356524, 1.05396 
1073741824, 102400, 100, 16, 64, 1024, 109951162777600, 409600, 4156.89, 26450.4, 6.45083e+09, 8606696472, 4303356300, 1.05396 
1073741824, 103424, 101, 16, 64, 1024, 111050674405376, 413696, 4170.44, 26628, 6.45371e+09, 8610002362, 4305067868, 1.05391 
1073741824, 104448, 102, 16, 64, 1024, 112150186033152, 417792, 4163.31, 26937.8, 6.45083e+09, 8606696700, 4303356472, 1.05396 
1073741824, 105472, 103, 16, 64, 1024, 113249697660928, 421888, 4163.79, 27198.7, 6.45083e+09, 8606697296, 4303356380, 1.05396 
1073741824, 106496, 104, 16, 64, 1024, 114349209288704, 425984, 4173.57, 27398.4, 6.45135e+09, 8608844066, 4303356288, 1.05397 
1073741824, 107520, 105, 16, 64, 1024, 115448720916480, 430080, 4163.9, 27726.1, 6.45083e+09, 8606697084, 4303356436, 1.05396 
1073741824, 108544, 106, 16, 64, 1024, 116548232544256, 434176, 4161.48, 28006.5, 6.45083e+09, 8606696568, 4303356340, 1.05396 
1073741824, 109568, 107, 16, 64, 1024, 117647744172032, 438272, 4161.05, 28273.6, 6.45083e+09, 8606696600, 4303356452, 1.05396 
1073741824, 110592, 108, 16, 64, 1024, 118747255799808, 442368, 4171.07, 28469.3, 6.45393e+09, 8610496501, 4305301263, 1.05391 
1073741824, 111616, 109, 16, 64, 1024, 119846767427584, 446464, 4164.28, 28779.7, 6.45083e+09, 8606696604, 4303356476, 1.05396 
1073741824, 112640, 110, 16, 64, 1024, 120946279055360, 450560, 4168.47, 29014.5, 6.45083e+09, 8606696588, 4303356340, 1.05396 
1073741824, 113664, 111, 16, 64, 1024, 122045790683136, 454656, 4174.7, 29234.6, 6.452e+09, 8610132213, 4303356296, 1.05399 
1073741824, 114688, 112, 16, 64, 1024, 123145302310912, 458752, 4167.75, 29547.2, 6.45083e+09, 8606696716, 4303356392, 1.05396 
1073741824, 115712, 113, 16, 64, 1024, 124244813938688, 462848, 4164.32, 29835.6, 6.45083e+09, 8606696680, 4303356456, 1.05396 
1073741824, 116736, 114, 16, 64, 1024, 125344325566464, 466944, 4169.99, 30058.7, 6.45083e+09, 8606696452, 4303356236, 1.05396 
1073741824, 117760, 115, 16, 64, 1024, 126443837194240, 471040, 4176.45, 30275.4, 6.45405e+09, 8610968183, 4305850377, 1.0539 
1073741824, 118784, 116, 16, 64, 1024, 127543348822016, 475136, 4169.19, 30591.9, 6.45083e+09, 8606696728, 4303356512, 1.05396 
1073741824, 119808, 117, 16, 64, 1024, 128642860449792, 479232, 4167.65, 30867, 6.45083e+09, 8606696576, 4303356436, 1.05396 
1073741824, 120832, 118, 16, 64, 1024, 129742372077568, 483328, 4170.3, 31111, 6.45083e+09, 8606696436, 4303356252, 1.05396 
1073741824, 121856, 119, 16, 64, 1024, 130841883705344, 487424, 4180.75, 31296.3, 6.45185e+09, 8608846637, 4303157194, 1.05394 
1073741824, 122880, 120, 16, 64, 1024, 131941395333120, 491520, 4172.04, 31625.1, 6.45083e+09, 8606696688, 4303356396, 1.05396 
1073741824, 123904, 121, 16, 64, 1024, 133040906960896, 495616, 4171.88, 31889.9, 6.45083e+09, 8606697228, 4303356424, 1.05396 
1073741824, 124928, 122, 16, 64, 1024, 134140418588672, 499712, 4179.71, 32093.3, 6.45228e+09, 8610250505, 4303356224, 1.054 
1073741824, 125952, 123, 16, 64, 1024, 135239930216448, 503808, 4173.56, 32403.9, 6.45083e+09, 8606696720, 4303356532, 1.05396 
1073741824, 126976, 124, 16, 64, 1024, 136339441844224, 507904, 4168.65, 32705.9, 6.45083e+09, 8606696596, 4303356332, 1.05396 
1073741824, 128000, 125, 16, 64, 1024, 137438953472000, 512000, 4176.43, 32908.3, 6.45083e+09, 8606696760, 4303356340, 1.05396 
1073741824, 129024, 126, 16, 64, 1024, 138538465099776, 516096, 4185.53, 33099.4, 6.4523e+09, 8608783775, 4304207721, 1.05393 
1073741824, 130048, 127, 16, 64, 1024, 139637976727552, 520192, 4180.65, 33401, 6.45083e+09, 8606696780, 4303356372, 1.05396 
1073741824, 131072, 128, 16, 64, 1024, 140737488355328, 524288, 4172.95, 33726.1, 6.45083e+09, 8606696492, 4303356308, 1.05396 
1073741824, 132096, 129, 16, 64, 1024, 141836999983104, 528384, 4188.35, 33864.7, 6.45241e+09, 8610982864, 4303356304, 1.05401 
1073741824, 133120, 130, 16, 64, 1024, 142936511610880, 532480, 4176.27, 34225.9, 6.45083e+09, 8606697156, 4303356440, 1.05396 
1073741824, 134144, 131, 16, 64, 1024, 144036023238656, 536576, 4174.41, 34504.5, 6.45083e+09, 8606697192, 4303356476, 1.05396 
1073741824, 135168, 132, 16, 64, 1024, 145135534866432, 540672, 4171.6, 34791.3, 6.45083e+09, 8606696304, 4303356288, 1.05396 
1073741824, 136192, 133, 16, 64, 1024, 146235046494208, 544768, 4187.07, 34925.4, 6.45255e+09, 8609487697, 4304298661, 1.05393 
1073741824, 137216, 134, 16, 64, 1024, 147334558121984, 548864, 4181.35, 35236.2, 6.45083e+09, 8606696680, 4303356440, 1.05396 
1073741824, 138240, 135, 16, 64, 1024, 148434069749760, 552960, 4178.38, 35524.3, 6.45083e+09, 8606697268, 4303356456, 1.05396 
1073741824, 139264, 136, 16, 64, 1024, 149533581377536, 557056, 4178.62, 35785.4, 6.45083e+09, 8606696292, 4303356308, 1.05396 
1073741824, 140288, 137, 16, 64, 1024, 150633093005312, 561152, 4187.69, 35970.4, 6.4521e+09, 8608850261, 4304020013, 1.05393 
1073741824, 141312, 138, 16, 64, 1024, 151732604633088, 565248, 4180.44, 36295.8, 6.45083e+09, 8606696556, 4303356416, 1.05396 
1073741824, 142336, 139, 16, 64, 1024, 152832116260864, 569344, 4178.07, 36579.6, 6.45083e+09, 8606697000, 4303356452, 1.05396 
1073741824, 143360, 140, 16, 64, 1024, 153931627888640, 573440, 4189.51, 36742.1, 6.4524e+09, 8610790724, 4303356288, 1.05401 
1073741824, 144384, 141, 16, 64, 1024, 155031139516416, 577536, 4179.41, 37094, 6.45083e+09, 8606696644, 4303356452, 1.05396 
1073741824, 145408, 142, 16, 64, 1024, 156130651144192, 581632, 4185.91, 37299.1, 6.45083e+09, 8606696556, 4303356436, 1.05396 
1073741824, 146432, 143, 16, 64, 1024, 157230162771968, 585728, 4180.55, 37609.9, 6.45083e+09, 8606697160, 4303356348, 1.05396 
1073741824, 147456, 144, 16, 64, 1024, 158329674399744, 589824, 4192.83, 37762, 6.45265e+09, 8609585114, 4304316101, 1.05393 
1073741824, 148480, 145, 16, 64, 1024, 159429186027520, 593920, 4186.89, 38078.2, 6.45083e+09, 8606696592, 4303356444, 1.05396 
1073741824, 149504, 146, 16, 64, 1024, 160528697655296, 598016, 4181.88, 38386.8, 6.45083e+09, 8606696356, 4303356424, 1.05396 
1073741824, 150528, 147, 16, 64, 1024, 161628209283072, 602112, 4194.01, 38537.9, 6.45229e+09, 8610745286, 4303356352, 1.054 
1073741824, 151552, 148, 16, 64, 1024, 162727720910848, 606208, 4182.94, 38902.7, 6.45083e+09, 8606696568, 4303356444, 1.05396 
1073741824, 152576, 149, 16, 64, 1024, 163827232538624, 610304, 4185.05, 39145.8, 6.45083e+09, 8606697176, 4303356404, 1.05396 
1073741824, 153600, 150, 16, 64, 1024, 164926744166400, 614400, 4187.39, 39386.5, 6.45083e+09, 8606696268, 4303356292, 1.05396 
1073741824, 154624, 151, 16, 64, 1024, 166026255794176, 618496, 4198.45, 39544.7, 6.4519e+09, 8608434090, 4303594631, 1.05394 
1073741824, 155648, 152, 16, 64, 1024, 167125767421952, 622592, 4189.6, 39890.7, 6.45083e+09, 8606697276, 4303356484, 1.05396 
1073741824, 156672, 153, 16, 64, 1024, 168225279049728, 626688, 4187.93, 40169.1, 6.45083e+09, 8606696700, 4303356364, 1.05396 
1073741824, 157696, 154, 16, 64, 1024, 169324790677504, 630784, 4202.12, 40295.1, 6.45156e+09, 8610232478, 4303356300, 1.05398 
1073741824, 158720, 155, 16, 64, 1024, 170424302305280, 634880, 4189.18, 40682, 6.45083e+09, 8606696604, 4303356472, 1.05396 
1073741824, 159744, 156, 16, 64, 1024, 171523813933056, 638976, 4187.02, 40965.6, 6.45083e+09, 8606697024, 4303356400, 1.05396 
1073741824, 160768, 157, 16, 64, 1024, 172623325560832, 643072, 4191.68, 41182.4, 6.45083e+09, 8606697024, 4303356324, 1.05396 
1073741824, 161792, 158, 16, 64, 1024, 173722837188608, 647168, 4204.33, 41320, 6.45229e+09, 8610653665, 4303356296, 1.054 
1073741824, 162816, 159, 16, 64, 1024, 174822348816384, 651264, 4193.25, 41691.4, 6.45083e+09, 8606697096, 4303356484, 1.05396 
1073741824, 163840, 160, 16, 64, 1024, 175921860444160, 655360, 4193.39, 41952.2, 6.45083e+09, 8606697252, 4303356340, 1.05396 
1073741824, 164864, 161, 16, 64, 1024, 177021372071936, 659456, 4192.9, 42219.3, 6.45083e+09, 8606697204, 4303356292, 1.05396 
1073741824, 165888, 162, 16, 64, 1024, 178120883699712, 663552, 4201.98, 42389.8, 6.45242e+09, 8608897510, 4303198117, 1.05393 
1073741824, 166912, 163, 16, 64, 1024, 179220395327488, 667648, 4193.21, 42740.6, 6.45083e+09, 8606696688, 4303356516, 1.05396 
1073741824, 167936, 164, 16, 64, 1024, 180319906955264, 671744, 4192.14, 43013.8, 6.45083e+09, 8606696472, 4303356228, 1.05396 
1073741824, 168960, 165, 16, 64, 1024, 181419418583040, 675840, 4206.43, 43129.1, 6.45241e+09, 8610582464, 4303356296, 1.05401 
1073741824, 169984, 166, 16, 64, 1024, 182518930210816, 679936, 4198.02, 43477.4, 6.45083e+09, 8606697144, 4303356452, 1.05396 
1073741824, 171008, 167, 16, 64, 1024, 183618441838592, 684032, 4196.38, 43756.4, 6.45083e+09, 8606696648, 4303356288, 1.05396 
1073741824, 172032, 168, 16, 64, 1024, 184717953466368, 688128, 4199.15, 43989.4, 6.45083e+09, 8606697736, 4303356176, 1.05396 
1073741824, 173056, 169, 16, 64, 1024, 185817465094144, 692224, 4208.22, 44155.8, 6.45254e+09, 8609391337, 4304056727, 1.05393 
1073741824, 174080, 170, 16, 64, 1024, 186916976721920, 696320, 4197.88, 44526.5, 6.45083e+09, 8606696704, 4303356420, 1.05396 
1073741824, 175104, 171, 16, 64, 1024, 188016488349696, 700416, 4198.78, 44778.9, 6.45083e+09, 8606696508, 4303356436, 1.05396 
1073741824, 176128, 172, 16, 64, 1024, 189115999977472, 704512, 4207.82, 44944, 6.45249e+09, 8610772151, 4303356168, 1.05401 
1073741824, 177152, 173, 16, 64, 1024, 190215511605248, 708608, 4200.19, 45287.4, 6.45083e+09, 8606696580, 4303356424, 1.05396 
1073741824, 178176, 174, 16, 64, 1024, 191315023233024, 712704, 4205.38, 45492.9, 6.45083e+09, 8606696556, 4303356192, 1.05396 
1073741824, 179200, 175, 16, 64, 1024, 192414534860800, 716800, 4203.43, 45775.6, 6.45083e+09, 8606697024, 4303356216, 1.05396 
1073741824, 180224, 176, 16, 64, 1024, 193514046488576, 720896, 4213.65, 45925.5, 6.45253e+09, 8609371585, 4304036523, 1.05393 
1073741824, 181248, 177, 16, 64, 1024, 194613558116352, 724992, 4202.88, 46304.8, 6.45083e+09, 8606696752, 4303356404, 1.05396 
1073741824, 182272, 178, 16, 64, 1024, 195713069744128, 729088, 4204.21, 46551.7, 6.45083e+09, 8606696520, 4303356220, 1.05396 
1073741824, 183296, 179, 16, 64, 1024, 196812581371904, 733184, 4212, 46726.7, 6.45139e+09, 8610515618, 4303356420, 1.05397 
1073741824, 184320, 180, 16, 64, 1024, 197912092999680, 737280, 4201.28, 47107.6, 6.45083e+09, 8606696896, 4303356524, 1.05396 
1073741824, 185344, 181, 16, 64, 1024, 199011604627456, 741376, 4205.36, 47323.3, 6.45083e+09, 8606696768, 4303356332, 1.05396 
1073741824, 186368, 182, 16, 64, 1024, 200111116255232, 745472, 4206.52, 47571.7, 6.45083e+09, 8606696416, 4303356188, 1.05396 
1073741824, 187392, 183, 16, 64, 1024, 201210627883008, 749568, 4217.49, 47708.6, 6.4524e+09, 8610993623, 4303356248, 1.05401 
1073741824, 188416, 184, 16, 64, 1024, 202310139510784, 753664, 4205.55, 48105.5, 6.45083e+09, 8606697396, 4303356324, 1.05396 
1073741824, 189440, 185, 16, 64, 1024, 203409651138560, 757760, 4206.9, 48351.5, 6.45083e+09, 8606696572, 4303356340, 1.05396 
1073741824, 190464, 186, 16, 64, 1024, 204509162766336, 761856, 4208.18, 48598, 6.45083e+09, 8606696416, 4303356224, 1.05396 
1073741824, 191488, 187, 16, 64, 1024, 205608674394112, 765952, 4218.11, 48744.3, 6.45316e+09, 8609731144, 4304485408, 1.05392 
1073741824, 192512, 188, 16, 64, 1024, 206708186021888, 770048, 4208.01, 49122.5, 6.45083e+09, 8606696672, 4303356508, 1.05396 
1073741824, 193536, 189, 16, 64, 1024, 207807697649664, 774144, 4210.26, 49357.5, 6.45083e+09, 8606697168, 4303356328, 1.05396 
1073741824, 194560, 190, 16, 64, 1024, 208907209277440, 778240, 4221.53, 49486.2, 6.45145e+09, 8609085308, 4303356216, 1.05398 
1073741824, 195584, 191, 16, 64, 1024, 210006720905216, 782336, 4211.94, 49859.8, 6.45083e+09, 8606697344, 4303356340, 1.05396 
1073741824, 196608, 192, 16, 64, 1024, 211106232532992, 786432, 4211.25, 50129.1, 6.45083e+09, 8606696544, 4303356192, 1.05396 
1073741824, 197632, 193, 16, 64, 1024, 212205744160768, 790528, 4212.12, 50379.8, 6.45083e+09, 8606697128, 4303356292, 1.05396 
1073741824, 198656, 194, 16, 64, 1024, 213305255788544, 794624, 4222.48, 50516.5, 6.45356e+09, 8610169876, 4304975595, 1.05391 
1073741824, 199680, 195, 16, 64, 1024, 214404767416320, 798720, 4213.35, 50887, 6.45083e+09, 8606696612, 4303356440, 1.05396 
1073741824, 200704, 196, 16, 64, 1024, 215504279044096, 802816, 4212.13, 51162.8, 6.45083e+09, 8606697180, 4303356316, 1.05396 
1073741824, 201728, 197, 16, 64, 1024, 216603790671872, 806912, 4224.1, 51278.1, 6.45135e+09, 8608473676, 4303356324, 1.05397 
1073741824, 202752, 198, 16, 64, 1024, 217703302299648, 811008, 4218.27, 51609.7, 6.45083e+09, 8606696800, 4303356396, 1.05396 
1073741824, 203776, 199, 16, 64, 1024, 218802813927424, 815104, 4217.14, 51884.2, 6.45083e+09, 8606696584, 4303356308, 1.05396 
1073741824, 204800, 200, 16, 64, 1024, 219902325555200, 819200, 4217.57, 52139.6, 6.45083e+09, 8606696296, 4303356268, 1.05396 
1073741824, 205824, 201, 16, 64, 1024, 221001837182976, 823296, 4228.48, 52265.1, 6.45382e+09, 8610817609, 4305599694, 1.05391 
1073741824, 206848, 202, 16, 64, 1024, 222101348810752, 827392, 4218.08, 52654.6, 6.45083e+09, 8606697376, 4303356412, 1.05396 
1073741824, 207872, 203, 16, 64, 1024, 223200860438528, 831488, 4218.64, 52908.2, 6.45083e+09, 8606696448, 4303356304, 1.05396 
1073741824, 208896, 204, 16, 64, 1024, 224300372066304, 835584, 4227.03, 53063.3, 6.4523e+09, 8610784894, 4303356276, 1.054 
1073741824, 209920, 205, 16, 64, 1024, 225399883694080, 839680, 4219.71, 53416, 6.45083e+09, 8606697420, 4303356424, 1.05396 
1073741824, 210944, 206, 16, 64, 1024, 226499395321856, 843776, 4222.22, 53644.7, 6.45083e+09, 8606696424, 4303356300, 1.05396 
1073741824, 211968, 207, 16, 64, 1024, 227598906949632, 847872, 4221.73, 53911.3, 6.45083e+09, 8606697124, 4303356352, 1.05396 
1073741824, 212992, 208, 16, 64, 1024, 228698418577408, 851968, 4233.03, 54027.2, 6.45232e+09, 8608892060, 4303644983, 1.05393 
1073741824, 214016, 209, 16, 64, 1024, 229797930205184, 856064, 4222.91, 54417, 6.45083e+09, 8606696784, 4303356416, 1.05396 
1073741824, 215040, 210, 16, 64, 1024, 230897441832960, 860160, 4221.89, 54690.6, 6.45083e+09, 8606696392, 4303356308, 1.05396 
1073741824, 216064, 211, 16, 64, 1024, 231996953460736, 864256, 4222.62, 54941.4, 6.45083e+09, 8606697060, 4303356296, 1.05396 
1073741824, 217088, 212, 16, 64, 1024, 233096465088512, 868352, 4232.31, 55075.4, 6.45211e+09, 8608980425, 4303910074, 1.05393 
1073741824, 218112, 213, 16, 64, 1024, 234195976716288, 872448, 4225.16, 55428.9, 6.45083e+09, 8606697476, 4303356400, 1.05396 
1073741824, 219136, 214, 16, 64, 1024, 235295488344064, 876544, 4226.65, 55669.5, 6.45083e+09, 8606697020, 4303356308, 1.05396 
1073741824, 220160, 215, 16, 64, 1024, 236394999971840, 880640, 4237.81, 55782.4, 6.45242e+09, 8610996736, 4303356336, 1.05401 
1073741824, 221184, 216, 16, 64, 1024, 237494511599616, 884736, 4229.11, 56157.1, 6.45083e+09, 8606696776, 4303356424, 1.05396 
1073741824, 222208, 217, 16, 64, 1024, 238594023227392, 888832, 4226.86, 56447.1, 6.45083e+09, 8606696628, 4303356272, 1.05396 
1073741824, 223232, 218, 16, 64, 1024, 239693534855168, 892928, 4229.55, 56671.2, 6.45083e+09, 8606697280, 4303356292, 1.05396 
1073741824, 224256, 219, 16, 64, 1024, 240793046482944, 897024, 4237.72, 56821.4, 6.45252e+09, 8609098507, 4303860767, 1.05393 
1073741824, 225280, 220, 16, 64, 1024, 241892558110720, 901120, 4227.56, 57218, 6.45083e+09, 8606696588, 4303356420, 1.05396 
1073741824, 226304, 221, 16, 64, 1024, 242992069738496, 905216, 4232.17, 57415.4, 6.45083e+09, 8606696860, 4303356312, 1.05396 
1073741824, 227328, 222, 16, 64, 1024, 244091581366272, 909312, 4242.01, 57541.5, 6.45233e+09, 8610834438, 4303356276, 1.054 
1073741824, 228352, 223, 16, 64, 1024, 245191092994048, 913408, 4232.71, 57927.6, 6.45083e+09, 8606697216, 4303356424, 1.05396 
1073741824, 229376, 224, 16, 64, 1024, 246290604621824, 917504, 4233.47, 58177.1, 6.45083e+09, 8606697048, 4303356292, 1.05396 
1073741824, 230400, 225, 16, 64, 1024, 247390116249600, 921600, 4230.95, 58471.6, 6.45083e+09, 8606697012, 4303356312, 1.05396 
1073741824, 231424, 226, 16, 64, 1024, 248489627877376, 925696, 4244.87, 58538.9, 6.45255e+09, 8609548638, 4303938624, 1.05393 
1073741824, 232448, 227, 16, 64, 1024, 249589139505152, 929792, 4232.48, 58970, 6.45083e+09, 8606696696, 4303356496, 1.05396 
1073741824, 233472, 228, 16, 64, 1024, 250688651132928, 933888, 4233.46, 59216, 6.45083e+09, 8606696532, 4303356184, 1.05396 
1073741824, 234496, 229, 16, 64, 1024, 251788162760704, 937984, 4245.34, 59309.3, 6.45243e+09, 8611026892, 4303356296, 1.05401 
1073741824, 235520, 230, 16, 64, 1024, 252887674388480, 942080, 4236, 59699.7, 6.45083e+09, 8606696956, 4303356388, 1.05396 
1073741824, 236544, 231, 16, 64, 1024, 253987186016256, 946176, 4239.84, 59904.9, 6.45083e+09, 8606697256, 4303356204, 1.05396 
1073741824, 237568, 232, 16, 64, 1024, 255086697644032, 950272, 4237.93, 60191.4, 6.45083e+09, 8606696572, 4303356168, 1.05396 
1073741824, 238592, 233, 16, 64, 1024, 256186209271808, 954368, 4249.27, 60289.5, 6.45188e+09, 8608888178, 4303237213, 1.05394 
1073741824, 239616, 234, 16, 64, 1024, 257285720899584, 958464, 4237.79, 60712.3, 6.45083e+09, 8606696564, 4303356424, 1.05396 
1073741824, 240640, 235, 16, 64, 1024, 258385232527360, 962560, 4238.12, 60966.9, 6.45083e+09, 8606696900, 4303356380, 1.05396 
1073741824, 241664, 236, 16, 64, 1024, 259484744155136, 966656, 4247.04, 61097.7, 6.45232e+09, 8610826783, 4303356188, 1.054 
1073741824, 242688, 237, 16, 64, 1024, 260584255782912, 970752, 4240.03, 61458, 6.45083e+09, 8606697132, 4303356404, 1.05396 
1073741824, 243712, 238, 16, 64, 1024, 261683767410688, 974848, 4243.21, 61671.1, 6.45083e+09, 8606696444, 4303356196, 1.05396 
1073741824, 244736, 239, 16, 64, 1024, 262783279038464, 978944, 4242.88, 61935, 6.45083e+09, 8606697340, 4303356200, 1.05396 
1073741824, 245760, 240, 16, 64, 1024, 263882790666240, 983040, 4256.27, 61998.6, 6.45257e+09, 8609523672, 4304371206, 1.05393 
1073741824, 246784, 241, 16, 64, 1024, 264982302294016, 987136, 4242.93, 62452.7, 6.45083e+09, 8606696732, 4303356408, 1.05396 
1073741824, 247808, 242, 16, 64, 1024, 266081813921792, 991232, 4242.23, 62722.1, 6.45083e+09, 8606696520, 4303356188, 1.05396 
1073741824, 248832, 243, 16, 64, 1024, 267181325549568, 995328, 4254.25, 62803.4, 6.45242e+09, 8610815869, 4303356408, 1.05401 
1073741824, 249856, 244, 16, 64, 1024, 268280837177344, 999424, 4243.48, 63222, 6.45083e+09, 8606697520, 4303356504, 1.05396 
1073741824, 250880, 245, 16, 64, 1024, 269380348805120, 1003520, 4244.64, 63463.7, 6.45083e+09, 8606698384, 4303357108, 1.05396 
1073741824, 251904, 246, 16, 64, 1024, 270479860432896, 1007616, 4249.19, 63654.5, 6.45083e+09, 8606696496, 4303356180, 1.05396 
1073741824, 252928, 247, 16, 64, 1024, 271579372060672, 1011712, 4259.34, 63760.9, 6.45191e+09, 8608751792, 4303223183, 1.05394 
1073741824, 253952, 248, 16, 64, 1024, 272678883688448, 1015808, 4249, 64174.8, 6.45083e+09, 8606696912, 4303356504, 1.05396 
1073741824, 254976, 249, 16, 64, 1024, 273778395316224, 1019904, 4251.56, 64394.8, 6.45083e+09, 8606697532, 4303356184, 1.05396 
1073741824, 256000, 250, 16, 64, 1024, 274877906944000, 1024000, 4249.15, 64690.2, 6.45083e+09, 8606697220, 4303356192, 1.05396 
1073741824, 257024, 251, 16, 64, 1024, 275977418571776, 1028096, 4257.76, 64817.5, 6.45404e+09, 8611062502, 4305362548, 1.0539 
1073741824, 258048, 252, 16, 64, 1024, 277076930199552, 1032192, 4248.77, 65213.5, 6.45083e+09, 8606697016, 4303356508, 1.05396 
1073741824, 259072, 253, 16, 64, 1024, 278176441827328, 1036288, 4251.77, 65426.1, 6.45083e+09, 8606697152, 4303356188, 1.05396 
1073741824, 260096, 254, 16, 64, 1024, 279275953455104, 1040384, 4263.35, 65506.2, 6.45139e+09, 8608944713, 4303356176, 1.05397 
1073741824, 261120, 255, 16, 64, 1024, 280375465082880, 1044480, 4253.74, 65912.7, 6.45083e+09, 8606697056, 4303356480, 1.05396 
1073741824, 262144, 256, 16, 64, 1024, 281474976710656, 1048576, 4255.22, 66148.2, 6.45083e+09, 8606696996, 4303356176, 1.05396 
1073741824, 263168, 257, 16, 64, 1024, 282574488338432, 1052672, 4254.75, 66413.9, 6.45083e+09, 8606696496, 4303356300, 1.05396 
1073741824, 264192, 258, 16, 64, 1024, 283673999966208, 1056768, 4264.7, 66516.7, 6.45408e+09, 8611071423, 4305414910, 1.0539 
1073741824, 265216, 259, 16, 64, 1024, 284773511593984, 1060864, 4253.65, 66948.1, 6.45083e+09, 8606696724, 4303356508, 1.05396 
1073741824, 266240, 260, 16, 64, 1024, 285873023221760, 1064960, 4254.73, 67189.4, 6.45083e+09, 8606697188, 4303356292, 1.05396 
1073741824, 267264, 261, 16, 64, 1024, 286972534849536, 1069056, 4267.44, 67247, 6.45139e+09, 8608924694, 4303356288, 1.05397 
1073741824, 268288, 262, 16, 64, 1024, 288072046477312, 1073152, 4258.03, 67653.9, 6.45083e+09, 8606696660, 4303356496, 1.05396 
1073741824, 269312, 263, 16, 64, 1024, 289171558105088, 1077248, 4258.47, 67905.1, 6.45083e+09, 8606696620, 4303356292, 1.05396 
1073741824, 270336, 264, 16, 64, 1024, 290271069732864, 1081344, 4258.78, 68158.2, 6.45083e+09, 8606696696, 4303356296, 1.05396 
1073741824, 271360, 265, 16, 64, 1024, 291370581360640, 1085440, 4271.21, 68217.4, 6.45404e+09, 8610693462, 4305370523, 1.0539 
1073741824, 272384, 266, 16, 64, 1024, 292470092988416, 1089536, 4260.19, 68651.8, 6.45083e+09, 8606696676, 4303356504, 1.05396 
1073741824, 273408, 267, 16, 64, 1024, 293569604616192, 1093632, 4259.12, 68927.3, 6.45083e+09, 8606696424, 4303356300, 1.05396 
1073741824, 274432, 268, 16, 64, 1024, 294669116243968, 1097728, 4270.1, 69007.6, 6.45149e+09, 8608800611, 4303356280, 1.05398 
1073741824, 275456, 269, 16, 64, 1024, 295768627871744, 1101824, 4263.9, 69365.7, 6.45083e+09, 8606696920, 4303356484, 1.05396 
1073741824, 276480, 270, 16, 64, 1024, 296868139499520, 1105920, 4265.82, 69592.3, 6.45083e+09, 8606697136, 4303356284, 1.05396 
1073741824, 277504, 271, 16, 64, 1024, 297967651127296, 1110016, 4265.35, 69857.8, 6.45083e+09, 8606697044, 4303356284, 1.05396 
1073741824, 278528, 272, 16, 64, 1024, 299067162755072, 1114112, 4276.53, 69932.1, 6.45214e+09, 8608790837, 4303471866, 1.05393 
1073741824, 279552, 273, 16, 64, 1024, 300166674382848, 1118208, 4267.05, 70345.2, 6.45083e+09, 8606696836, 4303356516, 1.05396 
1073741824, 280576, 274, 16, 64, 1024, 301266186010624, 1122304, 4266.75, 70607.9, 6.45083e+09, 8606696388, 4303356288, 1.05396 
1073741824, 281600, 275, 16, 64, 1024, 302365697638400, 1126400, 4277.63, 70685.4, 6.45237e+09, 8610955697, 4303356288, 1.05401 
1073741824, 282624, 276, 16, 64, 1024, 303465209266176, 1130496, 4268.14, 71100.1, 6.45083e+09, 8606696928, 4303356512, 1.05396 
1073741824, 283648, 277, 16, 64, 1024, 304564720893952, 1134592, 4270.77, 71313.8, 6.45083e+09, 8606696444, 4303356276, 1.05396 
1073741824, 284672, 278, 16, 64, 1024, 305664232521728, 1138688, 4274.89, 71502.3, 6.45083e+09, 8606696728, 4303356296, 1.05396 
1073741824, 285696, 279, 16, 64, 1024, 306763744149504, 1142784, 4289.15, 71520.9, 6.45259e+09, 8609591510, 4303930846, 1.05393 
1073741824, 286720, 280, 16, 64, 1024, 307863255777280, 1146880, 4277.44, 71973.8, 6.45083e+09, 8606696620, 4303356516, 1.05396 
1073741824, 287744, 281, 16, 64, 1024, 308962767405056, 1150976, 4277.08, 72236.9, 6.45083e+09, 8606696500, 4303356300, 1.05396 
1073741824, 288768, 282, 16, 64, 1024, 310062279032832, 1155072, 4288.39, 72302.7, 6.4525e+09, 8611127361, 4303356284, 1.05401 
1073741824, 289792, 283, 16, 64, 1024, 311161790660608, 1159168, 4280.12, 72699.4, 6.45083e+09, 8606696768, 4303356508, 1.05396 
1073741824, 290816, 284, 16, 64, 1024, 312261302288384, 1163264, 4281.82, 72927.3, 6.45083e+09, 8606696424, 4303356292, 1.05396 
1073741824, 291840, 285, 16, 64, 1024, 313360813916160, 1167360, 4283.48, 73155.7, 6.45083e+09, 8606696368, 4303356272, 1.05396 
1073741824, 292864, 286, 16, 64, 1024, 314460325543936, 1171456, 4301.27, 73108.8, 6.45196e+09, 8608949141, 4303308914, 1.05394 
1073741824, 293888, 287, 16, 64, 1024, 315559837171712, 1175552, 4290.58, 73547.2, 6.45083e+09, 8606696708, 4303356504, 1.05396 
1073741824, 294912, 288, 16, 64, 1024, 316659348799488, 1179648, 4289.21, 73827, 6.45083e+09, 8606696308, 4303356300, 1.05396 
1073741824, 295936, 289, 16, 64, 1024, 317758860427264, 1183744, 4298.64, 73920.7, 6.45243e+09, 8611046789, 4303356188, 1.05401 
1073741824, 296960, 290, 16, 64, 1024, 318858372055040, 1187840, 4292.96, 74274.7, 6.45083e+09, 8606697480, 4303356500, 1.05396 
1073741824, 297984, 291, 16, 64, 1024, 319957883682816, 1191936, 4294.98, 74495.7, 6.45083e+09, 8606697248, 4303356164, 1.05396 
1073741824, 299008, 292, 16, 64, 1024, 321057395310592, 1196032, 4295.92, 74735.4, 6.45083e+09, 8606697228, 4303356184, 1.05396 
1073741824, 300032, 293, 16, 64, 1024, 322156906938368, 1200128, 4314.13, 74674.8, 6.45206e+09, 8608973270, 4303297823, 1.05394 
1073741824, 301056, 294, 16, 64, 1024, 323256418566144, 1204224, 4304.76, 75092.8, 6.45083e+09, 8606697104, 4303356500, 1.05396 
1073741824, 302080, 295, 16, 64, 1024, 324355930193920, 1208320, 4309.39, 75267.3, 6.45083e+09, 8606696972, 4303356180, 1.05396 
1073741824, 303104, 296, 16, 64, 1024, 325455441821696, 1212416, 4320.36, 75330.6, 6.45138e+09, 8608932887, 4303356180, 1.05397 
1073741824, 304128, 297, 16, 64, 1024, 326554953449472, 1216512, 4315.87, 75663.7, 6.45083e+09, 8606697176, 4303356512, 1.05396 
1073741824, 305152, 298, 16, 64, 1024, 327654465077248, 1220608, 4320.21, 75842.2, 6.45083e+09, 8606696548, 4303356184, 1.05396 
1073741824, 306176, 299, 16, 64, 1024, 328753976705024, 1224704, 4320.35, 76094.3, 6.45083e+09, 8606697636, 4303356172, 1.05396 
1073741824, 307200, 300, 16, 64, 1024, 329853488332800, 1228800, 4341.59, 75975.2, 6.45365e+09, 8610216230, 4305460749, 1.05391 
1073741824, 308224, 301, 16, 64, 1024, 330952999960576, 1232896, 4331.27, 76410.2, 6.45083e+09, 8606697152, 4303356512, 1.05396 
1073741824, 309248, 302, 16, 64, 1024, 332052511588352, 1236992, 4334.71, 76603.2, 6.45083e+09, 8606696392, 4303356180, 1.05396 
1073741824, 310272, 303, 16, 64, 1024, 333152023216128, 1241088, 4343.69, 76698, 6.4516e+09, 8608822898, 4303356172, 1.05398 
1073741824, 311296, 304, 16, 64, 1024, 334251534843904, 1245184, 4342.86, 76965.7, 6.45083e+09, 8606697476, 4303356500, 1.05396 
