[INFO] GPU Roofline Tools 
[INFO] Version 1.0.0 (C)2024 Bagus Hanindhito 
[INFO] Built for AMD Instinct MI300X (gfx942) GPUs
[INFO] Detected 8 HIP-capable device(s)
[INFO] +---+------------------------+----+----+-----------+--------------+--------------+
[INFO] |#  |Device Name             |CC  |#CU |Freq. (MHz)|Mem. Size (MB)|Mem. BW (GB/s)|
[INFO] +---+------------------------+----+----+-----------+--------------+--------------+
[INFO] |0  |AMD Instinct MI300X     |9.4 |304 |2100       |196592        |2662.4        |
[INFO] +---+------------------------+----+----+-----------+--------------+--------------+
[INFO] |1  |AMD Instinct MI300X     |9.4 |304 |2100       |196592        |2662.4        |
[INFO] +---+------------------------+----+----+-----------+--------------+--------------+
[INFO] |2  |AMD Instinct MI300X     |9.4 |304 |2100       |196592        |2662.4        |
[INFO] +---+------------------------+----+----+-----------+--------------+--------------+
[INFO] |3  |AMD Instinct MI300X     |9.4 |304 |2100       |196592        |2662.4        |
[INFO] +---+------------------------+----+----+-----------+--------------+--------------+
[INFO] |4  |AMD Instinct MI300X     |9.4 |304 |2100       |196592        |2662.4        |
[INFO] +---+------------------------+----+----+-----------+--------------+--------------+
[INFO] |5  |AMD Instinct MI300X     |9.4 |304 |2100       |196592        |2662.4        |
[INFO] +---+------------------------+----+----+-----------+--------------+--------------+
[INFO] |6  |AMD Instinct MI300X     |9.4 |304 |2100       |196592        |2662.4        |
[INFO] +---+------------------------+----+----+-----------+--------------+--------------+
[INFO] |7  |AMD Instinct MI300X     |9.4 |304 |2100       |196592        |2662.4        |
[INFO] +---+------------------------+----+----+-----------+--------------+--------------+
[WARN] This program does not currently support Multi-GPU run.
[INFO] Set default GPU to GPU index 0
[INFO] (1743254720) Running with 16 wavefront(s) per workgroup and 1 workgroup(s)
[INFO] (1743254729) Running with 16 wavefront(s) per workgroup and 2 workgroup(s)
[INFO] (1743254737) Running with 16 wavefront(s) per workgroup and 3 workgroup(s)
[INFO] (1743254745) Running with 16 wavefront(s) per workgroup and 4 workgroup(s)
[INFO] (1743254754) Running with 16 wavefront(s) per workgroup and 5 workgroup(s)
[INFO] (1743254762) Running with 16 wavefront(s) per workgroup and 6 workgroup(s)
[INFO] (1743254770) Running with 16 wavefront(s) per workgroup and 7 workgroup(s)
[INFO] (1743254778) Running with 16 wavefront(s) per workgroup and 8 workgroup(s)
[INFO] (1743254787) Running with 16 wavefront(s) per workgroup and 9 workgroup(s)
[INFO] (1743254795) Running with 16 wavefront(s) per workgroup and 10 workgroup(s)
[INFO] (1743254803) Running with 16 wavefront(s) per workgroup and 11 workgroup(s)
[INFO] (1743254811) Running with 16 wavefront(s) per workgroup and 12 workgroup(s)
[INFO] (1743254820) Running with 16 wavefront(s) per workgroup and 13 workgroup(s)
[INFO] (1743254828) Running with 16 wavefront(s) per workgroup and 14 workgroup(s)
[INFO] (1743254836) Running with 16 wavefront(s) per workgroup and 15 workgroup(s)
[INFO] (1743254844) Running with 16 wavefront(s) per workgroup and 16 workgroup(s)
[INFO] (1743254853) Running with 16 wavefront(s) per workgroup and 17 workgroup(s)
[INFO] (1743254861) Running with 16 wavefront(s) per workgroup and 18 workgroup(s)
[INFO] (1743254869) Running with 16 wavefront(s) per workgroup and 19 workgroup(s)
[INFO] (1743254877) Running with 16 wavefront(s) per workgroup and 20 workgroup(s)
[INFO] (1743254885) Running with 16 wavefront(s) per workgroup and 21 workgroup(s)
[INFO] (1743254894) Running with 16 wavefront(s) per workgroup and 22 workgroup(s)
[INFO] (1743254902) Running with 16 wavefront(s) per workgroup and 23 workgroup(s)
[INFO] (1743254910) Running with 16 wavefront(s) per workgroup and 24 workgroup(s)
[INFO] (1743254918) Running with 16 wavefront(s) per workgroup and 25 workgroup(s)
[INFO] (1743254927) Running with 16 wavefront(s) per workgroup and 26 workgroup(s)
[INFO] (1743254935) Running with 16 wavefront(s) per workgroup and 27 workgroup(s)
[INFO] (1743254943) Running with 16 wavefront(s) per workgroup and 28 workgroup(s)
[INFO] (1743254951) Running with 16 wavefront(s) per workgroup and 29 workgroup(s)
[INFO] (1743254960) Running with 16 wavefront(s) per workgroup and 30 workgroup(s)
[INFO] (1743254968) Running with 16 wavefront(s) per workgroup and 31 workgroup(s)
[INFO] (1743254976) Running with 16 wavefront(s) per workgroup and 32 workgroup(s)
[INFO] (1743254984) Running with 16 wavefront(s) per workgroup and 33 workgroup(s)
[INFO] (1743254993) Running with 16 wavefront(s) per workgroup and 34 workgroup(s)
[INFO] (1743255001) Running with 16 wavefront(s) per workgroup and 35 workgroup(s)
[INFO] (1743255009) Running with 16 wavefront(s) per workgroup and 36 workgroup(s)
[INFO] (1743255017) Running with 16 wavefront(s) per workgroup and 37 workgroup(s)
[INFO] (1743255026) Running with 16 wavefront(s) per workgroup and 38 workgroup(s)
[INFO] (1743255034) Running with 16 wavefront(s) per workgroup and 39 workgroup(s)
[INFO] (1743255042) Running with 16 wavefront(s) per workgroup and 40 workgroup(s)
[INFO] (1743255050) Running with 16 wavefront(s) per workgroup and 41 workgroup(s)
[INFO] (1743255059) Running with 16 wavefront(s) per workgroup and 42 workgroup(s)
[INFO] (1743255067) Running with 16 wavefront(s) per workgroup and 43 workgroup(s)
[INFO] (1743255075) Running with 16 wavefront(s) per workgroup and 44 workgroup(s)
[INFO] (1743255083) Running with 16 wavefront(s) per workgroup and 45 workgroup(s)
[INFO] (1743255092) Running with 16 wavefront(s) per workgroup and 46 workgroup(s)
[INFO] (1743255100) Running with 16 wavefront(s) per workgroup and 47 workgroup(s)
[INFO] (1743255108) Running with 16 wavefront(s) per workgroup and 48 workgroup(s)
[INFO] (1743255116) Running with 16 wavefront(s) per workgroup and 49 workgroup(s)
[INFO] (1743255125) Running with 16 wavefront(s) per workgroup and 50 workgroup(s)
[INFO] (1743255133) Running with 16 wavefront(s) per workgroup and 51 workgroup(s)
[INFO] (1743255141) Running with 16 wavefront(s) per workgroup and 52 workgroup(s)
[INFO] (1743255149) Running with 16 wavefront(s) per workgroup and 53 workgroup(s)
[INFO] (1743255158) Running with 16 wavefront(s) per workgroup and 54 workgroup(s)
[INFO] (1743255166) Running with 16 wavefront(s) per workgroup and 55 workgroup(s)
[INFO] (1743255174) Running with 16 wavefront(s) per workgroup and 56 workgroup(s)
[INFO] (1743255182) Running with 16 wavefront(s) per workgroup and 57 workgroup(s)
[INFO] (1743255191) Running with 16 wavefront(s) per workgroup and 58 workgroup(s)
[INFO] (1743255199) Running with 16 wavefront(s) per workgroup and 59 workgroup(s)
[INFO] (1743255207) Running with 16 wavefront(s) per workgroup and 60 workgroup(s)
[INFO] (1743255215) Running with 16 wavefront(s) per workgroup and 61 workgroup(s)
[INFO] (1743255224) Running with 16 wavefront(s) per workgroup and 62 workgroup(s)
[INFO] (1743255232) Running with 16 wavefront(s) per workgroup and 63 workgroup(s)
[INFO] (1743255240) Running with 16 wavefront(s) per workgroup and 64 workgroup(s)
[INFO] (1743255248) Running with 16 wavefront(s) per workgroup and 65 workgroup(s)
[INFO] (1743255257) Running with 16 wavefront(s) per workgroup and 66 workgroup(s)
[INFO] (1743255265) Running with 16 wavefront(s) per workgroup and 67 workgroup(s)
[INFO] (1743255273) Running with 16 wavefront(s) per workgroup and 68 workgroup(s)
[INFO] (1743255281) Running with 16 wavefront(s) per workgroup and 69 workgroup(s)
[INFO] (1743255290) Running with 16 wavefront(s) per workgroup and 70 workgroup(s)
[INFO] (1743255298) Running with 16 wavefront(s) per workgroup and 71 workgroup(s)
[INFO] (1743255306) Running with 16 wavefront(s) per workgroup and 72 workgroup(s)
[INFO] (1743255314) Running with 16 wavefront(s) per workgroup and 73 workgroup(s)
[INFO] (1743255323) Running with 16 wavefront(s) per workgroup and 74 workgroup(s)
[INFO] (1743255331) Running with 16 wavefront(s) per workgroup and 75 workgroup(s)
[INFO] (1743255339) Running with 16 wavefront(s) per workgroup and 76 workgroup(s)
[INFO] (1743255347) Running with 16 wavefront(s) per workgroup and 77 workgroup(s)
[INFO] (1743255356) Running with 16 wavefront(s) per workgroup and 78 workgroup(s)
[INFO] (1743255364) Running with 16 wavefront(s) per workgroup and 79 workgroup(s)
[INFO] (1743255372) Running with 16 wavefront(s) per workgroup and 80 workgroup(s)
[INFO] (1743255380) Running with 16 wavefront(s) per workgroup and 81 workgroup(s)
[INFO] (1743255389) Running with 16 wavefront(s) per workgroup and 82 workgroup(s)
[INFO] (1743255397) Running with 16 wavefront(s) per workgroup and 83 workgroup(s)
[INFO] (1743255405) Running with 16 wavefront(s) per workgroup and 84 workgroup(s)
[INFO] (1743255414) Running with 16 wavefront(s) per workgroup and 85 workgroup(s)
[INFO] (1743255422) Running with 16 wavefront(s) per workgroup and 86 workgroup(s)
[INFO] (1743255430) Running with 16 wavefront(s) per workgroup and 87 workgroup(s)
[INFO] (1743255438) Running with 16 wavefront(s) per workgroup and 88 workgroup(s)
[INFO] (1743255447) Running with 16 wavefront(s) per workgroup and 89 workgroup(s)
[INFO] (1743255455) Running with 16 wavefront(s) per workgroup and 90 workgroup(s)
[INFO] (1743255463) Running with 16 wavefront(s) per workgroup and 91 workgroup(s)
[INFO] (1743255471) Running with 16 wavefront(s) per workgroup and 92 workgroup(s)
[INFO] (1743255480) Running with 16 wavefront(s) per workgroup and 93 workgroup(s)
[INFO] (1743255488) Running with 16 wavefront(s) per workgroup and 94 workgroup(s)
[INFO] (1743255496) Running with 16 wavefront(s) per workgroup and 95 workgroup(s)
[INFO] (1743255504) Running with 16 wavefront(s) per workgroup and 96 workgroup(s)
[INFO] (1743255513) Running with 16 wavefront(s) per workgroup and 97 workgroup(s)
[INFO] (1743255521) Running with 16 wavefront(s) per workgroup and 98 workgroup(s)
[INFO] (1743255529) Running with 16 wavefront(s) per workgroup and 99 workgroup(s)
[INFO] (1743255538) Running with 16 wavefront(s) per workgroup and 100 workgroup(s)
[INFO] (1743255546) Running with 16 wavefront(s) per workgroup and 101 workgroup(s)
[INFO] (1743255554) Running with 16 wavefront(s) per workgroup and 102 workgroup(s)
[INFO] (1743255562) Running with 16 wavefront(s) per workgroup and 103 workgroup(s)
[INFO] (1743255571) Running with 16 wavefront(s) per workgroup and 104 workgroup(s)
[INFO] (1743255579) Running with 16 wavefront(s) per workgroup and 105 workgroup(s)
[INFO] (1743255587) Running with 16 wavefront(s) per workgroup and 106 workgroup(s)
[INFO] (1743255595) Running with 16 wavefront(s) per workgroup and 107 workgroup(s)
[INFO] (1743255604) Running with 16 wavefront(s) per workgroup and 108 workgroup(s)
[INFO] (1743255612) Running with 16 wavefront(s) per workgroup and 109 workgroup(s)
[INFO] (1743255620) Running with 16 wavefront(s) per workgroup and 110 workgroup(s)
[INFO] (1743255629) Running with 16 wavefront(s) per workgroup and 111 workgroup(s)
[INFO] (1743255637) Running with 16 wavefront(s) per workgroup and 112 workgroup(s)
[INFO] (1743255645) Running with 16 wavefront(s) per workgroup and 113 workgroup(s)
[INFO] (1743255653) Running with 16 wavefront(s) per workgroup and 114 workgroup(s)
[INFO] (1743255662) Running with 16 wavefront(s) per workgroup and 115 workgroup(s)
[INFO] (1743255670) Running with 16 wavefront(s) per workgroup and 116 workgroup(s)
[INFO] (1743255678) Running with 16 wavefront(s) per workgroup and 117 workgroup(s)
[INFO] (1743255686) Running with 16 wavefront(s) per workgroup and 118 workgroup(s)
[INFO] (1743255695) Running with 16 wavefront(s) per workgroup and 119 workgroup(s)
[INFO] (1743255703) Running with 16 wavefront(s) per workgroup and 120 workgroup(s)
[INFO] (1743255711) Running with 16 wavefront(s) per workgroup and 121 workgroup(s)
[INFO] (1743255720) Running with 16 wavefront(s) per workgroup and 122 workgroup(s)
[INFO] (1743255728) Running with 16 wavefront(s) per workgroup and 123 workgroup(s)
[INFO] (1743255736) Running with 16 wavefront(s) per workgroup and 124 workgroup(s)
[INFO] (1743255744) Running with 16 wavefront(s) per workgroup and 125 workgroup(s)
[INFO] (1743255753) Running with 16 wavefront(s) per workgroup and 126 workgroup(s)
[INFO] (1743255761) Running with 16 wavefront(s) per workgroup and 127 workgroup(s)
[INFO] (1743255769) Running with 16 wavefront(s) per workgroup and 128 workgroup(s)
[INFO] (1743255778) Running with 16 wavefront(s) per workgroup and 129 workgroup(s)
[INFO] (1743255786) Running with 16 wavefront(s) per workgroup and 130 workgroup(s)
[INFO] (1743255794) Running with 16 wavefront(s) per workgroup and 131 workgroup(s)
[INFO] (1743255802) Running with 16 wavefront(s) per workgroup and 132 workgroup(s)
[INFO] (1743255811) Running with 16 wavefront(s) per workgroup and 133 workgroup(s)
[INFO] (1743255819) Running with 16 wavefront(s) per workgroup and 134 workgroup(s)
[INFO] (1743255827) Running with 16 wavefront(s) per workgroup and 135 workgroup(s)
[INFO] (1743255836) Running with 16 wavefront(s) per workgroup and 136 workgroup(s)
[INFO] (1743255844) Running with 16 wavefront(s) per workgroup and 137 workgroup(s)
[INFO] (1743255852) Running with 16 wavefront(s) per workgroup and 138 workgroup(s)
[INFO] (1743255860) Running with 16 wavefront(s) per workgroup and 139 workgroup(s)
[INFO] (1743255869) Running with 16 wavefront(s) per workgroup and 140 workgroup(s)
[INFO] (1743255877) Running with 16 wavefront(s) per workgroup and 141 workgroup(s)
[INFO] (1743255885) Running with 16 wavefront(s) per workgroup and 142 workgroup(s)
[INFO] (1743255894) Running with 16 wavefront(s) per workgroup and 143 workgroup(s)
[INFO] (1743255902) Running with 16 wavefront(s) per workgroup and 144 workgroup(s)
[INFO] (1743255910) Running with 16 wavefront(s) per workgroup and 145 workgroup(s)
[INFO] (1743255918) Running with 16 wavefront(s) per workgroup and 146 workgroup(s)
[INFO] (1743255927) Running with 16 wavefront(s) per workgroup and 147 workgroup(s)
[INFO] (1743255935) Running with 16 wavefront(s) per workgroup and 148 workgroup(s)
[INFO] (1743255943) Running with 16 wavefront(s) per workgroup and 149 workgroup(s)
[INFO] (1743255952) Running with 16 wavefront(s) per workgroup and 150 workgroup(s)
[INFO] (1743255960) Running with 16 wavefront(s) per workgroup and 151 workgroup(s)
[INFO] (1743255968) Running with 16 wavefront(s) per workgroup and 152 workgroup(s)
[INFO] (1743255977) Running with 16 wavefront(s) per workgroup and 153 workgroup(s)
[INFO] (1743255985) Running with 16 wavefront(s) per workgroup and 154 workgroup(s)
[INFO] (1743255993) Running with 16 wavefront(s) per workgroup and 155 workgroup(s)
[INFO] (1743256001) Running with 16 wavefront(s) per workgroup and 156 workgroup(s)
[INFO] (1743256010) Running with 16 wavefront(s) per workgroup and 157 workgroup(s)
[INFO] (1743256018) Running with 16 wavefront(s) per workgroup and 158 workgroup(s)
[INFO] (1743256026) Running with 16 wavefront(s) per workgroup and 159 workgroup(s)
[INFO] (1743256035) Running with 16 wavefront(s) per workgroup and 160 workgroup(s)
[INFO] (1743256043) Running with 16 wavefront(s) per workgroup and 161 workgroup(s)
[INFO] (1743256051) Running with 16 wavefront(s) per workgroup and 162 workgroup(s)
[INFO] (1743256060) Running with 16 wavefront(s) per workgroup and 163 workgroup(s)
[INFO] (1743256068) Running with 16 wavefront(s) per workgroup and 164 workgroup(s)
[INFO] (1743256076) Running with 16 wavefront(s) per workgroup and 165 workgroup(s)
[INFO] (1743256084) Running with 16 wavefront(s) per workgroup and 166 workgroup(s)
[INFO] (1743256093) Running with 16 wavefront(s) per workgroup and 167 workgroup(s)
[INFO] (1743256101) Running with 16 wavefront(s) per workgroup and 168 workgroup(s)
[INFO] (1743256109) Running with 16 wavefront(s) per workgroup and 169 workgroup(s)
[INFO] (1743256118) Running with 16 wavefront(s) per workgroup and 170 workgroup(s)
[INFO] (1743256126) Running with 16 wavefront(s) per workgroup and 171 workgroup(s)
[INFO] (1743256134) Running with 16 wavefront(s) per workgroup and 172 workgroup(s)
[INFO] (1743256143) Running with 16 wavefront(s) per workgroup and 173 workgroup(s)
[INFO] (1743256151) Running with 16 wavefront(s) per workgroup and 174 workgroup(s)
[INFO] (1743256159) Running with 16 wavefront(s) per workgroup and 175 workgroup(s)
[INFO] (1743256168) Running with 16 wavefront(s) per workgroup and 176 workgroup(s)
[INFO] (1743256176) Running with 16 wavefront(s) per workgroup and 177 workgroup(s)
[INFO] (1743256184) Running with 16 wavefront(s) per workgroup and 178 workgroup(s)
[INFO] (1743256192) Running with 16 wavefront(s) per workgroup and 179 workgroup(s)
[INFO] (1743256201) Running with 16 wavefront(s) per workgroup and 180 workgroup(s)
[INFO] (1743256209) Running with 16 wavefront(s) per workgroup and 181 workgroup(s)
[INFO] (1743256217) Running with 16 wavefront(s) per workgroup and 182 workgroup(s)
[INFO] (1743256226) Running with 16 wavefront(s) per workgroup and 183 workgroup(s)
[INFO] (1743256234) Running with 16 wavefront(s) per workgroup and 184 workgroup(s)
[INFO] (1743256242) Running with 16 wavefront(s) per workgroup and 185 workgroup(s)
[INFO] (1743256251) Running with 16 wavefront(s) per workgroup and 186 workgroup(s)
[INFO] (1743256259) Running with 16 wavefront(s) per workgroup and 187 workgroup(s)
[INFO] (1743256267) Running with 16 wavefront(s) per workgroup and 188 workgroup(s)
[INFO] (1743256276) Running with 16 wavefront(s) per workgroup and 189 workgroup(s)
[INFO] (1743256284) Running with 16 wavefront(s) per workgroup and 190 workgroup(s)
[INFO] (1743256292) Running with 16 wavefront(s) per workgroup and 191 workgroup(s)
[INFO] (1743256301) Running with 16 wavefront(s) per workgroup and 192 workgroup(s)
[INFO] (1743256309) Running with 16 wavefront(s) per workgroup and 193 workgroup(s)
[INFO] (1743256317) Running with 16 wavefront(s) per workgroup and 194 workgroup(s)
[INFO] (1743256326) Running with 16 wavefront(s) per workgroup and 195 workgroup(s)
[INFO] (1743256334) Running with 16 wavefront(s) per workgroup and 196 workgroup(s)
[INFO] (1743256342) Running with 16 wavefront(s) per workgroup and 197 workgroup(s)
[INFO] (1743256351) Running with 16 wavefront(s) per workgroup and 198 workgroup(s)
[INFO] (1743256359) Running with 16 wavefront(s) per workgroup and 199 workgroup(s)
[INFO] (1743256367) Running with 16 wavefront(s) per workgroup and 200 workgroup(s)
[INFO] (1743256375) Running with 16 wavefront(s) per workgroup and 201 workgroup(s)
[INFO] (1743256384) Running with 16 wavefront(s) per workgroup and 202 workgroup(s)
[INFO] (1743256392) Running with 16 wavefront(s) per workgroup and 203 workgroup(s)
[INFO] (1743256400) Running with 16 wavefront(s) per workgroup and 204 workgroup(s)
[INFO] (1743256409) Running with 16 wavefront(s) per workgroup and 205 workgroup(s)
[INFO] (1743256417) Running with 16 wavefront(s) per workgroup and 206 workgroup(s)
[INFO] (1743256425) Running with 16 wavefront(s) per workgroup and 207 workgroup(s)
[INFO] (1743256434) Running with 16 wavefront(s) per workgroup and 208 workgroup(s)
[INFO] (1743256442) Running with 16 wavefront(s) per workgroup and 209 workgroup(s)
[INFO] (1743256450) Running with 16 wavefront(s) per workgroup and 210 workgroup(s)
[INFO] (1743256459) Running with 16 wavefront(s) per workgroup and 211 workgroup(s)
[INFO] (1743256467) Running with 16 wavefront(s) per workgroup and 212 workgroup(s)
[INFO] (1743256475) Running with 16 wavefront(s) per workgroup and 213 workgroup(s)
[INFO] (1743256484) Running with 16 wavefront(s) per workgroup and 214 workgroup(s)
[INFO] (1743256492) Running with 16 wavefront(s) per workgroup and 215 workgroup(s)
[INFO] (1743256500) Running with 16 wavefront(s) per workgroup and 216 workgroup(s)
[INFO] (1743256509) Running with 16 wavefront(s) per workgroup and 217 workgroup(s)
[INFO] (1743256517) Running with 16 wavefront(s) per workgroup and 218 workgroup(s)
[INFO] (1743256525) Running with 16 wavefront(s) per workgroup and 219 workgroup(s)
[INFO] (1743256534) Running with 16 wavefront(s) per workgroup and 220 workgroup(s)
[INFO] (1743256542) Running with 16 wavefront(s) per workgroup and 221 workgroup(s)
[INFO] (1743256550) Running with 16 wavefront(s) per workgroup and 222 workgroup(s)
[INFO] (1743256559) Running with 16 wavefront(s) per workgroup and 223 workgroup(s)
[INFO] (1743256567) Running with 16 wavefront(s) per workgroup and 224 workgroup(s)
[INFO] (1743256576) Running with 16 wavefront(s) per workgroup and 225 workgroup(s)
[INFO] (1743256584) Running with 16 wavefront(s) per workgroup and 226 workgroup(s)
[INFO] (1743256592) Running with 16 wavefront(s) per workgroup and 227 workgroup(s)
[INFO] (1743256601) Running with 16 wavefront(s) per workgroup and 228 workgroup(s)
[INFO] (1743256609) Running with 16 wavefront(s) per workgroup and 229 workgroup(s)
[INFO] (1743256617) Running with 16 wavefront(s) per workgroup and 230 workgroup(s)
[INFO] (1743256626) Running with 16 wavefront(s) per workgroup and 231 workgroup(s)
[INFO] (1743256634) Running with 16 wavefront(s) per workgroup and 232 workgroup(s)
[INFO] (1743256642) Running with 16 wavefront(s) per workgroup and 233 workgroup(s)
[INFO] (1743256651) Running with 16 wavefront(s) per workgroup and 234 workgroup(s)
[INFO] (1743256659) Running with 16 wavefront(s) per workgroup and 235 workgroup(s)
[INFO] (1743256667) Running with 16 wavefront(s) per workgroup and 236 workgroup(s)
[INFO] (1743256676) Running with 16 wavefront(s) per workgroup and 237 workgroup(s)
[INFO] (1743256684) Running with 16 wavefront(s) per workgroup and 238 workgroup(s)
[INFO] (1743256692) Running with 16 wavefront(s) per workgroup and 239 workgroup(s)
[INFO] (1743256701) Running with 16 wavefront(s) per workgroup and 240 workgroup(s)
[INFO] (1743256709) Running with 16 wavefront(s) per workgroup and 241 workgroup(s)
[INFO] (1743256717) Running with 16 wavefront(s) per workgroup and 242 workgroup(s)
[INFO] (1743256726) Running with 16 wavefront(s) per workgroup and 243 workgroup(s)
[INFO] (1743256734) Running with 16 wavefront(s) per workgroup and 244 workgroup(s)
[INFO] (1743256742) Running with 16 wavefront(s) per workgroup and 245 workgroup(s)
[INFO] (1743256751) Running with 16 wavefront(s) per workgroup and 246 workgroup(s)
[INFO] (1743256759) Running with 16 wavefront(s) per workgroup and 247 workgroup(s)
[INFO] (1743256768) Running with 16 wavefront(s) per workgroup and 248 workgroup(s)
[INFO] (1743256776) Running with 16 wavefront(s) per workgroup and 249 workgroup(s)
[INFO] (1743256784) Running with 16 wavefront(s) per workgroup and 250 workgroup(s)
[INFO] (1743256793) Running with 16 wavefront(s) per workgroup and 251 workgroup(s)
[INFO] (1743256801) Running with 16 wavefront(s) per workgroup and 252 workgroup(s)
[INFO] (1743256809) Running with 16 wavefront(s) per workgroup and 253 workgroup(s)
[INFO] (1743256818) Running with 16 wavefront(s) per workgroup and 254 workgroup(s)
[INFO] (1743256826) Running with 16 wavefront(s) per workgroup and 255 workgroup(s)
[INFO] (1743256834) Running with 16 wavefront(s) per workgroup and 256 workgroup(s)
[INFO] (1743256843) Running with 16 wavefront(s) per workgroup and 257 workgroup(s)
[INFO] (1743256851) Running with 16 wavefront(s) per workgroup and 258 workgroup(s)
[INFO] (1743256859) Running with 16 wavefront(s) per workgroup and 259 workgroup(s)
[INFO] (1743256868) Running with 16 wavefront(s) per workgroup and 260 workgroup(s)
[INFO] (1743256876) Running with 16 wavefront(s) per workgroup and 261 workgroup(s)
[INFO] (1743256885) Running with 16 wavefront(s) per workgroup and 262 workgroup(s)
[INFO] (1743256893) Running with 16 wavefront(s) per workgroup and 263 workgroup(s)
[INFO] (1743256901) Running with 16 wavefront(s) per workgroup and 264 workgroup(s)
[INFO] (1743256910) Running with 16 wavefront(s) per workgroup and 265 workgroup(s)
[INFO] (1743256918) Running with 16 wavefront(s) per workgroup and 266 workgroup(s)
[INFO] (1743256926) Running with 16 wavefront(s) per workgroup and 267 workgroup(s)
[INFO] (1743256935) Running with 16 wavefront(s) per workgroup and 268 workgroup(s)
[INFO] (1743256943) Running with 16 wavefront(s) per workgroup and 269 workgroup(s)
[INFO] (1743256952) Running with 16 wavefront(s) per workgroup and 270 workgroup(s)
[INFO] (1743256960) Running with 16 wavefront(s) per workgroup and 271 workgroup(s)
[INFO] (1743256968) Running with 16 wavefront(s) per workgroup and 272 workgroup(s)
[INFO] (1743256977) Running with 16 wavefront(s) per workgroup and 273 workgroup(s)
[INFO] (1743256985) Running with 16 wavefront(s) per workgroup and 274 workgroup(s)
[INFO] (1743256993) Running with 16 wavefront(s) per workgroup and 275 workgroup(s)
[INFO] (1743257002) Running with 16 wavefront(s) per workgroup and 276 workgroup(s)
[INFO] (1743257010) Running with 16 wavefront(s) per workgroup and 277 workgroup(s)
[INFO] (1743257019) Running with 16 wavefront(s) per workgroup and 278 workgroup(s)
[INFO] (1743257027) Running with 16 wavefront(s) per workgroup and 279 workgroup(s)
[INFO] (1743257035) Running with 16 wavefront(s) per workgroup and 280 workgroup(s)
[INFO] (1743257044) Running with 16 wavefront(s) per workgroup and 281 workgroup(s)
[INFO] (1743257052) Running with 16 wavefront(s) per workgroup and 282 workgroup(s)
[INFO] (1743257060) Running with 16 wavefront(s) per workgroup and 283 workgroup(s)
[INFO] (1743257069) Running with 16 wavefront(s) per workgroup and 284 workgroup(s)
[INFO] (1743257077) Running with 16 wavefront(s) per workgroup and 285 workgroup(s)
[INFO] (1743257086) Running with 16 wavefront(s) per workgroup and 286 workgroup(s)
[INFO] (1743257094) Running with 16 wavefront(s) per workgroup and 287 workgroup(s)
[INFO] (1743257102) Running with 16 wavefront(s) per workgroup and 288 workgroup(s)
[INFO] (1743257111) Running with 16 wavefront(s) per workgroup and 289 workgroup(s)
[INFO] (1743257119) Running with 16 wavefront(s) per workgroup and 290 workgroup(s)
[INFO] (1743257127) Running with 16 wavefront(s) per workgroup and 291 workgroup(s)
[INFO] (1743257136) Running with 16 wavefront(s) per workgroup and 292 workgroup(s)
[INFO] (1743257144) Running with 16 wavefront(s) per workgroup and 293 workgroup(s)
[INFO] (1743257153) Running with 16 wavefront(s) per workgroup and 294 workgroup(s)
[INFO] (1743257161) Running with 16 wavefront(s) per workgroup and 295 workgroup(s)
[INFO] (1743257169) Running with 16 wavefront(s) per workgroup and 296 workgroup(s)
[INFO] (1743257178) Running with 16 wavefront(s) per workgroup and 297 workgroup(s)
[INFO] (1743257186) Running with 16 wavefront(s) per workgroup and 298 workgroup(s)
[INFO] (1743257195) Running with 16 wavefront(s) per workgroup and 299 workgroup(s)
[INFO] (1743257203) Running with 16 wavefront(s) per workgroup and 300 workgroup(s)
[INFO] (1743257211) Running with 16 wavefront(s) per workgroup and 301 workgroup(s)
[INFO] (1743257220) Running with 16 wavefront(s) per workgroup and 302 workgroup(s)
[INFO] (1743257228) Running with 16 wavefront(s) per workgroup and 303 workgroup(s)
[INFO] (1743257236) Running with 16 wavefront(s) per workgroup and 304 workgroup(s)
Result V_MUL1 with fp16
n_iter, n_thread, n_wg, n_wf, wf_size, wg_size, n_flops, n_bytes, time_ms, gflop/s, avg_clock, max_clock, min_clock, stdev_clock 
1073741824, 1024, 1, 16, 64, 1024, 1099511627776, 2048, 8244.18, 133.368, 1.07517e+10, 17196846905, 4307067358, 1.09528 
1073741824, 2048, 2, 16, 64, 1024, 2199023255552, 4096, 8214.39, 267.704, 1.07494e+10, 17194400764, 4303357804, 1.09533 
1073741824, 3072, 3, 16, 64, 1024, 3298534883328, 6144, 8231.59, 400.717, 1.07503e+10, 17194288242, 4306124065, 1.09528 
1073741824, 4096, 4, 16, 64, 1024, 4398046511104, 8192, 8218.76, 535.123, 1.07466e+10, 17189683027, 4303356968, 1.0953 
1073741824, 5120, 5, 16, 64, 1024, 5497558138880, 10240, 8231.8, 667.844, 1.07479e+10, 17191237803, 4303356996, 1.0953 
1073741824, 6144, 6, 16, 64, 1024, 6597069766656, 12288, 8231.62, 801.43, 1.07466e+10, 17191435107, 4303356876, 1.09533 
1073741824, 7168, 7, 16, 64, 1024, 7696581394432, 14336, 8227.89, 935.425, 1.07458e+10, 17188252040, 4303356968, 1.0953 
1073741824, 8192, 8, 16, 64, 1024, 8796093022208, 16384, 8239.11, 1067.6, 1.07465e+10, 17189595979, 4303356872, 1.0953 
1073741824, 9216, 9, 16, 64, 1024, 9895604649984, 18432, 8228.16, 1202.65, 1.07458e+10, 17188250848, 4303356900, 1.0953 
1073741824, 10240, 10, 16, 64, 1024, 10995116277760, 20480, 8239.58, 1334.43, 1.07465e+10, 17189657339, 4303356548, 1.0953 
1073741824, 11264, 11, 16, 64, 1024, 12094627905536, 22528, 8231.84, 1469.25, 1.07458e+10, 17188250760, 4303356820, 1.0953 
1073741824, 12288, 12, 16, 64, 1024, 13194139533312, 24576, 8238.85, 1601.45, 1.07483e+10, 17190921104, 4305529620, 1.09526 
1073741824, 13312, 13, 16, 64, 1024, 14293651161088, 26624, 8240.99, 1734.46, 1.07461e+10, 17189743281, 4303356840, 1.09531 
1073741824, 14336, 14, 16, 64, 1024, 15393162788864, 28672, 8228.68, 1870.67, 1.07458e+10, 17188250868, 4303356864, 1.0953 
1073741824, 15360, 15, 16, 64, 1024, 16492674416640, 30720, 8246.05, 2000.07, 1.07474e+10, 17191656463, 4303356520, 1.09533 
1073741824, 16384, 16, 16, 64, 1024, 17592186044416, 32768, 8233.94, 2136.55, 1.07458e+10, 17188251304, 4303356888, 1.0953 
1073741824, 17408, 17, 16, 64, 1024, 18691697672192, 34816, 8242.09, 2267.83, 1.07466e+10, 17190313696, 4303356484, 1.09532 
1073741824, 18432, 18, 16, 64, 1024, 19791209299968, 36864, 8227.4, 2405.52, 1.07458e+10, 17188250892, 4303356620, 1.0953 
1073741824, 19456, 19, 16, 64, 1024, 20890720927744, 38912, 8241.67, 2534.77, 1.07481e+10, 17191787378, 4303356524, 1.0953 
1073741824, 20480, 20, 16, 64, 1024, 21990232555520, 40960, 8233.83, 2670.72, 1.07458e+10, 17188251168, 4303356604, 1.0953 
1073741824, 21504, 21, 16, 64, 1024, 23089744183296, 43008, 8242.29, 2801.37, 1.07474e+10, 17190240459, 4304245811, 1.09528 
1073741824, 22528, 22, 16, 64, 1024, 24189255811072, 45056, 8232.88, 2938.13, 1.07458e+10, 17188250796, 4303356504, 1.0953 
1073741824, 23552, 23, 16, 64, 1024, 25288767438848, 47104, 8247.47, 3066.24, 1.07489e+10, 17191800694, 4306001367, 1.09525 
1073741824, 24576, 24, 16, 64, 1024, 26388279066624, 49152, 8246.69, 3199.86, 1.0746e+10, 17189694921, 4303356516, 1.09531 
1073741824, 25600, 25, 16, 64, 1024, 27487790694400, 51200, 8241.07, 3335.47, 1.07458e+10, 17188250816, 4303356564, 1.0953 
1073741824, 26624, 26, 16, 64, 1024, 28587302322176, 53248, 8244.52, 3467.43, 1.07475e+10, 17192787642, 4303356516, 1.09533 
1073741824, 27648, 27, 16, 64, 1024, 29686813949952, 55296, 8235.29, 3604.83, 1.07458e+10, 17188250736, 4303356548, 1.0953 
1073741824, 28672, 28, 16, 64, 1024, 30786325577728, 57344, 8240.26, 3736.08, 1.07464e+10, 17189695880, 4303356488, 1.09531 
1073741824, 29696, 29, 16, 64, 1024, 31885837205504, 59392, 8231.57, 3873.6, 1.07458e+10, 17188250864, 4303356504, 1.0953 
1073741824, 30720, 30, 16, 64, 1024, 32985348833280, 61440, 8249.49, 3998.47, 1.07467e+10, 17189582982, 4303356524, 1.0953 
1073741824, 31744, 31, 16, 64, 1024, 34084860461056, 63488, 8241.92, 4135.55, 1.07458e+10, 17188250844, 4303356520, 1.0953 
1073741824, 32768, 32, 16, 64, 1024, 35184372088832, 65536, 8255.11, 4262.13, 1.07489e+10, 17191753174, 4306033237, 1.09525 
1073741824, 33792, 33, 16, 64, 1024, 36283883716608, 67584, 8247.89, 4399.17, 1.0746e+10, 17189660126, 4303356512, 1.09531 
1073741824, 34816, 34, 16, 64, 1024, 37383395344384, 69632, 8233.08, 4540.64, 1.07458e+10, 17188250848, 4303356500, 1.0953 
1073741824, 35840, 35, 16, 64, 1024, 38482906972160, 71680, 8242.43, 4668.88, 1.07465e+10, 17191511490, 4303356508, 1.09533 
1073741824, 36864, 36, 16, 64, 1024, 39582418599936, 73728, 8241.67, 4802.72, 1.07458e+10, 17188250808, 4303356496, 1.0953 
1073741824, 37888, 37, 16, 64, 1024, 40681930227712, 75776, 8253.2, 4929.23, 1.07463e+10, 17189672198, 4303356500, 1.09531 
1073741824, 38912, 38, 16, 64, 1024, 41781441855488, 77824, 8243.83, 5068.21, 1.07458e+10, 17188250800, 4303356484, 1.0953 
1073741824, 39936, 39, 16, 64, 1024, 42880953483264, 79872, 8247.57, 5199.22, 1.0748e+10, 17191741020, 4303356488, 1.0953 
1073741824, 40960, 40, 16, 64, 1024, 43980465111040, 81920, 8237.47, 5339.07, 1.07458e+10, 17188250808, 4303356532, 1.0953 
1073741824, 41984, 41, 16, 64, 1024, 45079976738816, 83968, 8244.06, 5468.18, 1.07471e+10, 17189883580, 4303356588, 1.09528 
1073741824, 43008, 42, 16, 64, 1024, 46179488366592, 86016, 8241.46, 5603.31, 1.07458e+10, 17188250836, 4303356488, 1.0953 
1073741824, 44032, 43, 16, 64, 1024, 47278999994368, 88064, 8251.75, 5729.57, 1.0747e+10, 17189934762, 4304076241, 1.09528 
1073741824, 45056, 44, 16, 64, 1024, 48378511622144, 90112, 8247.79, 5865.63, 1.07466e+10, 17192071138, 4303356488, 1.09533 
1073741824, 46080, 45, 16, 64, 1024, 49478023249920, 92160, 8236.26, 6007.34, 1.07458e+10, 17188250816, 4303356524, 1.0953 
1073741824, 47104, 46, 16, 64, 1024, 50577534877696, 94208, 8245.04, 6134.3, 1.07466e+10, 17190367770, 4303356496, 1.09532 
1073741824, 48128, 47, 16, 64, 1024, 51677046505472, 96256, 8250.84, 6263.25, 1.07458e+10, 17188250856, 4303356484, 1.0953 
1073741824, 49152, 48, 16, 64, 1024, 52776558133248, 98304, 8256.36, 6392.23, 1.07473e+10, 17191719630, 4303356488, 1.09533 
1073741824, 50176, 49, 16, 64, 1024, 53876069761024, 100352, 8242.88, 6536.07, 1.07458e+10, 17188250800, 4303356536, 1.0953 
1073741824, 51200, 50, 16, 64, 1024, 54975581388800, 102400, 8252.38, 6661.78, 1.0747e+10, 17190352557, 4303356500, 1.0953 
1073741824, 52224, 51, 16, 64, 1024, 56075093016576, 104448, 8250.42, 6796.64, 1.07458e+10, 17188250780, 4303356484, 1.0953 
1073741824, 53248, 52, 16, 64, 1024, 57174604644352, 106496, 8254.62, 6926.37, 1.07489e+10, 17192014070, 4305968523, 1.09525 
1073741824, 54272, 53, 16, 64, 1024, 58274116272128, 108544, 8255.6, 7058.74, 1.07462e+10, 17190268527, 4303356532, 1.09532 
1073741824, 55296, 54, 16, 64, 1024, 59373627899904, 110592, 8246.11, 7200.2, 1.07458e+10, 17188250760, 4303356496, 1.0953 
1073741824, 56320, 55, 16, 64, 1024, 60473139527680, 112640, 8263.97, 7317.69, 1.07466e+10, 17191909075, 4303356484, 1.09533 
1073741824, 57344, 56, 16, 64, 1024, 61572651155456, 114688, 8250.47, 7462.93, 1.07458e+10, 17188250896, 4303356480, 1.0953 
1073741824, 58368, 57, 16, 64, 1024, 62672162783232, 116736, 8256.66, 7590.5, 1.07466e+10, 17190280029, 4303356496, 1.09532 
1073741824, 59392, 58, 16, 64, 1024, 63771674411008, 118784, 8255.12, 7725.1, 1.07458e+10, 17188250808, 4303356520, 1.0953 
1073741824, 60416, 59, 16, 64, 1024, 64871186038784, 120832, 8256.7, 7856.79, 1.07481e+10, 17191848526, 4303356552, 1.0953 
1073741824, 61440, 60, 16, 64, 1024, 65970697666560, 122880, 8248.24, 7998.15, 1.07458e+10, 17188250772, 4303356516, 1.0953 
1073741824, 62464, 61, 16, 64, 1024, 67070209294336, 124928, 8262.21, 8117.71, 1.07471e+10, 17190381700, 4303356484, 1.0953 
1073741824, 63488, 62, 16, 64, 1024, 68169720922112, 126976, 8250.84, 8262.15, 1.07458e+10, 17188251644, 4303356508, 1.0953 
1073741824, 64512, 63, 16, 64, 1024, 69269232549888, 129024, 8261.42, 8384.66, 1.07485e+10, 17191578749, 4305536967, 1.09526 
1073741824, 65536, 64, 16, 64, 1024, 70368744177664, 131072, 8256.92, 8522.4, 1.07461e+10, 17189932651, 4303356516, 1.09531 
1073741824, 66560, 65, 16, 64, 1024, 71468255805440, 133120, 8249.23, 8663.63, 1.07458e+10, 17188258544, 4303356408, 1.0953 
1073741824, 67584, 66, 16, 64, 1024, 72567767433216, 135168, 8258.21, 8787.35, 1.07474e+10, 17191998402, 4303356432, 1.09533 
1073741824, 68608, 67, 16, 64, 1024, 73667279060992, 137216, 8252.28, 8926.9, 1.07458e+10, 17188251156, 4303356392, 1.0953 
1073741824, 69632, 68, 16, 64, 1024, 74766790688768, 139264, 8261.8, 9049.69, 1.07466e+10, 17190305837, 4303356396, 1.09532 
1073741824, 70656, 69, 16, 64, 1024, 75866302316544, 141312, 8243.41, 9203.27, 1.07458e+10, 17188250756, 4303356416, 1.0953 
1073741824, 71680, 70, 16, 64, 1024, 76965813944320, 143360, 8265.03, 9312.23, 1.07482e+10, 17191977170, 4303356436, 1.0953 
1073741824, 72704, 71, 16, 64, 1024, 78065325572096, 145408, 8252.8, 9459.25, 1.07458e+10, 17188250688, 4303356388, 1.0953 
1073741824, 73728, 72, 16, 64, 1024, 79164837199872, 147456, 8254.01, 9591.08, 1.07474e+10, 17190369552, 4304512145, 1.09528 
1073741824, 74752, 73, 16, 64, 1024, 80264348827648, 149504, 8278.77, 9695.21, 1.07459e+10, 17191376226, 4303356412, 1.09531 
1073741824, 75776, 74, 16, 64, 1024, 81363860455424, 151552, 8254.87, 9856.46, 1.07458e+10, 17188250948, 4303356764, 1.0953 
1073741824, 76800, 75, 16, 64, 1024, 82463372083200, 153600, 8260.75, 9982.55, 1.07466e+10, 17192020155, 4303356380, 1.09533 
1073741824, 77824, 76, 16, 64, 1024, 83562883710976, 155648, 8258.66, 10118.2, 1.07458e+10, 17188251980, 4303356412, 1.0953 
1073741824, 78848, 77, 16, 64, 1024, 84662395338752, 157696, 8263.95, 10244.8, 1.07465e+10, 17190187146, 4303356448, 1.09531 
1073741824, 79872, 78, 16, 64, 1024, 85761906966528, 159744, 8248.67, 10397.1, 1.07458e+10, 17188258512, 4303356424, 1.0953 
1073741824, 80896, 79, 16, 64, 1024, 86861418594304, 161792, 8271.08, 10501.8, 1.07465e+10, 17189719913, 4303356440, 1.0953 
1073741824, 81920, 80, 16, 64, 1024, 87960930222080, 163840, 8258.04, 10651.5, 1.07458e+10, 17188250664, 4303356404, 1.0953 
1073741824, 82944, 81, 16, 64, 1024, 89060441849856, 165888, 8265.24, 10775.3, 1.0748e+10, 17191614140, 4303356400, 1.0953 
1073741824, 83968, 82, 16, 64, 1024, 90159953477632, 167936, 8262.6, 10911.8, 1.07458e+10, 17188252104, 4303356392, 1.0953 
1073741824, 84992, 83, 16, 64, 1024, 91259465105408, 169984, 8262.98, 11044.4, 1.07474e+10, 17190340004, 4304509213, 1.09528 
1073741824, 86016, 84, 16, 64, 1024, 92358976733184, 172032, 8263.2, 11177.1, 1.07466e+10, 17191848393, 4303356416, 1.09533 
1073741824, 87040, 85, 16, 64, 1024, 93458488360960, 174080, 8251.83, 11325.8, 1.07458e+10, 17188250708, 4303356408, 1.0953 
1073741824, 88064, 86, 16, 64, 1024, 94557999988736, 176128, 8268.89, 11435.4, 1.07466e+10, 17190386370, 4303356448, 1.09532 
1073741824, 89088, 87, 16, 64, 1024, 95657511616512, 178176, 8265.46, 11573.2, 1.07458e+10, 17188250692, 4303356412, 1.0953 
1073741824, 90112, 88, 16, 64, 1024, 96757023244288, 180224, 8269.62, 11700.3, 1.07472e+10, 17191419251, 4303356416, 1.09533 
1073741824, 91136, 89, 16, 64, 1024, 97856534872064, 182272, 8262.07, 11844.1, 1.07458e+10, 17188250784, 4303356400, 1.0953 
1073741824, 92160, 90, 16, 64, 1024, 98956046499840, 184320, 8275.43, 11957.8, 1.07467e+10, 17189941659, 4303356440, 1.0953 
1073741824, 93184, 91, 16, 64, 1024, 100055558127616, 186368, 8259.4, 12114.1, 1.07458e+10, 17188250784, 4303356396, 1.0953 
1073741824, 94208, 92, 16, 64, 1024, 101155069755392, 188416, 8276.36, 12222.2, 1.0749e+10, 17192002744, 4306138430, 1.09525 
1073741824, 95232, 93, 16, 64, 1024, 102254581383168, 190464, 8273.78, 12358.9, 1.07462e+10, 17190548318, 4303356400, 1.09532 
1073741824, 96256, 94, 16, 64, 1024, 103354093010944, 192512, 8258.98, 12514.1, 1.07458e+10, 17188250716, 4303356384, 1.0953 
1073741824, 97280, 95, 16, 64, 1024, 104453604638720, 194560, 8275.57, 12621.9, 1.07466e+10, 17191841014, 4303356404, 1.09533 
1073741824, 98304, 96, 16, 64, 1024, 105553116266496, 196608, 8259.2, 12780.1, 1.07458e+10, 17188251040, 4303356420, 1.0953 
1073741824, 99328, 97, 16, 64, 1024, 106652627894272, 198656, 8278.31, 12883.4, 1.07466e+10, 17190356765, 4303356488, 1.09532 
1073741824, 100352, 98, 16, 64, 1024, 107752139522048, 200704, 8258.78, 13047, 1.07458e+10, 17188250980, 4303356516, 1.0953 
1073741824, 101376, 99, 16, 64, 1024, 108851651149824, 202752, 8281.15, 13144.5, 1.0748e+10, 17191646413, 4303356520, 1.0953 
1073741824, 102400, 100, 16, 64, 1024, 109951162777600, 204800, 8258.22, 13314.1, 1.07458e+10, 17188251652, 4303356504, 1.0953 
1073741824, 103424, 101, 16, 64, 1024, 111050674405376, 206848, 8281.28, 13409.8, 1.0747e+10, 17190373524, 4303356488, 1.0953 
1073741824, 104448, 102, 16, 64, 1024, 112150186033152, 208896, 8262.7, 13573.1, 1.07458e+10, 17188250900, 4303356504, 1.0953 
1073741824, 105472, 103, 16, 64, 1024, 113249697660928, 210944, 8283.24, 13672.1, 1.07489e+10, 17191860069, 4305800726, 1.09525 
1073741824, 106496, 104, 16, 64, 1024, 114349209288704, 212992, 8272.37, 13823, 1.07466e+10, 17192063938, 4303356508, 1.09533 
1073741824, 107520, 105, 16, 64, 1024, 115448720916480, 215040, 8271.25, 13957.8, 1.07458e+10, 17188250832, 4303356532, 1.0953 
1073741824, 108544, 106, 16, 64, 1024, 116548232544256, 217088, 8273.34, 14087.2, 1.07469e+10, 17191169220, 4303356496, 1.09532 
1073741824, 109568, 107, 16, 64, 1024, 117647744172032, 219136, 8264.27, 14235.7, 1.07458e+10, 17188250864, 4303356536, 1.0953 
1073741824, 110592, 108, 16, 64, 1024, 118747255799808, 221184, 8276.53, 14347.5, 1.07474e+10, 17191851251, 4303356488, 1.09533 
1073741824, 111616, 109, 16, 64, 1024, 119846767427584, 223232, 8264.66, 14501.1, 1.07458e+10, 17188251420, 4303356500, 1.0953 
1073741824, 112640, 110, 16, 64, 1024, 120946279055360, 225280, 8277.82, 14610.9, 1.07465e+10, 17189698813, 4303356508, 1.0953 
1073741824, 113664, 111, 16, 64, 1024, 122045790683136, 227328, 8268.55, 14760.2, 1.07458e+10, 17188250772, 4303356500, 1.0953 
1073741824, 114688, 112, 16, 64, 1024, 123145302310912, 229376, 8276.57, 14878.8, 1.07468e+10, 17189704301, 4303884905, 1.09529 
1073741824, 115712, 113, 16, 64, 1024, 124244813938688, 231424, 8280.63, 15004.3, 1.07466e+10, 17192049565, 4303356508, 1.09533 
1073741824, 116736, 114, 16, 64, 1024, 125344325566464, 233472, 8266.25, 15163.4, 1.07458e+10, 17188250788, 4303356488, 1.0953 
1073741824, 117760, 115, 16, 64, 1024, 126443837194240, 235520, 8283.79, 15264, 1.07462e+10, 17190568895, 4303356436, 1.09532 
1073741824, 118784, 116, 16, 64, 1024, 127543348822016, 237568, 8266.36, 15429.2, 1.07458e+10, 17188251552, 4303356508, 1.0953 
1073741824, 119808, 117, 16, 64, 1024, 128642860449792, 239616, 8280.95, 15534.8, 1.07472e+10, 17191527144, 4303356508, 1.09533 
1073741824, 120832, 118, 16, 64, 1024, 129742372077568, 241664, 8271.98, 15684.6, 1.07458e+10, 17188250788, 4303356508, 1.0953 
1073741824, 121856, 119, 16, 64, 1024, 130841883705344, 243712, 8283.24, 15796, 1.07466e+10, 17189729693, 4303356504, 1.0953 
1073741824, 122880, 120, 16, 64, 1024, 131941395333120, 245760, 8282.09, 15930.9, 1.07458e+10, 17188250856, 4303356532, 1.0953 
1073741824, 123904, 121, 16, 64, 1024, 133040906960896, 247808, 8280.91, 16066, 1.07489e+10, 17191856154, 4305746490, 1.09525 
1073741824, 124928, 122, 16, 64, 1024, 134140418588672, 249856, 8275.76, 16208.8, 1.07458e+10, 17188250880, 4303356504, 1.0953 
1073741824, 125952, 123, 16, 64, 1024, 135239930216448, 251904, 8286.89, 16319.7, 1.07468e+10, 17189901771, 4303628613, 1.09529 
1073741824, 126976, 124, 16, 64, 1024, 136339441844224, 253952, 8282.21, 16461.7, 1.07465e+10, 17191610898, 4303356496, 1.09533 
1073741824, 128000, 125, 16, 64, 1024, 137438953472000, 256000, 8275, 16608.9, 1.07458e+10, 17188254608, 4303356504, 1.0953 
1073741824, 129024, 126, 16, 64, 1024, 138538465099776, 258048, 8286.02, 16719.5, 1.07463e+10, 17189911183, 4303356436, 1.09531 
1073741824, 130048, 127, 16, 64, 1024, 139637976727552, 260096, 8276.48, 16871.7, 1.07458e+10, 17188250992, 4303356516, 1.0953 
1073741824, 131072, 128, 16, 64, 1024, 140737488355328, 262144, 8285.01, 16987, 1.07482e+10, 17192042471, 4303356448, 1.0953 
1073741824, 132096, 129, 16, 64, 1024, 141836999983104, 264192, 8285.84, 17118, 1.07458e+10, 17188252028, 4303356396, 1.0953 
1073741824, 133120, 130, 16, 64, 1024, 142936511610880, 266240, 8286.65, 17249, 1.07466e+10, 17189935760, 4303356400, 1.0953 
1073741824, 134144, 131, 16, 64, 1024, 144036023238656, 268288, 8278.43, 17399, 1.07458e+10, 17188251248, 4303356412, 1.0953 
1073741824, 135168, 132, 16, 64, 1024, 145135534866432, 270336, 8292.9, 17501.2, 1.0747e+10, 17189967705, 4303862957, 1.09528 
1073741824, 136192, 133, 16, 64, 1024, 146235046494208, 272384, 8288.17, 17643.8, 1.07466e+10, 17191878371, 4303356400, 1.09533 
1073741824, 137216, 134, 16, 64, 1024, 147334558121984, 274432, 8281.56, 17790.7, 1.07458e+10, 17188251236, 4303356388, 1.0953 
1073741824, 138240, 135, 16, 64, 1024, 148434069749760, 276480, 8291.66, 17901.6, 1.07466e+10, 17190340391, 4303356388, 1.09532 
1073741824, 139264, 136, 16, 64, 1024, 149533581377536, 278528, 8280.63, 18058.2, 1.07458e+10, 17188250764, 4303356416, 1.0953 
1073741824, 140288, 137, 16, 64, 1024, 150633093005312, 280576, 8293.25, 18163.3, 1.07473e+10, 17191818964, 4303356380, 1.09533 
1073741824, 141312, 138, 16, 64, 1024, 151732604633088, 282624, 8282.88, 18318.8, 1.07458e+10, 17188250756, 4303356400, 1.0953 
1073741824, 142336, 139, 16, 64, 1024, 152832116260864, 284672, 8292.76, 18429.6, 1.07482e+10, 17191987267, 4303356372, 1.0953 
1073741824, 143360, 140, 16, 64, 1024, 153931627888640, 286720, 8283.56, 18582.8, 1.07458e+10, 17188250584, 4303356404, 1.0953 
1073741824, 144384, 141, 16, 64, 1024, 155031139516416, 288768, 8294.38, 18691.1, 1.07472e+10, 17189996755, 4304228704, 1.09528 
1073741824, 145408, 142, 16, 64, 1024, 156130651144192, 290816, 8297.04, 18817.6, 1.07461e+10, 17189768813, 4303356388, 1.09531 
1073741824, 146432, 143, 16, 64, 1024, 157230162771968, 292864, 8294.44, 18956.1, 1.07458e+10, 17188250764, 4303356396, 1.0953 
1073741824, 147456, 144, 16, 64, 1024, 158329674399744, 294912, 8294.95, 19087.5, 1.07466e+10, 17192010120, 4303356384, 1.09533 
1073741824, 148480, 145, 16, 64, 1024, 159429186027520, 296960, 8282.73, 19248.4, 1.07458e+10, 17188251292, 4303356384, 1.0953 
1073741824, 149504, 146, 16, 64, 1024, 160528697655296, 299008, 8296.46, 19349.1, 1.07467e+10, 17190548594, 4303356352, 1.09532 
1073741824, 150528, 147, 16, 64, 1024, 161628209283072, 301056, 8298.87, 19475.9, 1.07458e+10, 17188250708, 4303356412, 1.0953 
1073741824, 151552, 148, 16, 64, 1024, 162727720910848, 303104, 8295.15, 19617.2, 1.07482e+10, 17191953198, 4303356360, 1.0953 
1073741824, 152576, 149, 16, 64, 1024, 163827232538624, 305152, 8286.17, 19771.2, 1.07458e+10, 17188251408, 4303356376, 1.0953 
1073741824, 153600, 150, 16, 64, 1024, 164926744166400, 307200, 8302.52, 19864.7, 1.07475e+10, 17190592819, 4304530367, 1.09527 
1073741824, 154624, 151, 16, 64, 1024, 166026255794176, 309248, 8292.62, 20021, 1.07458e+10, 17188250644, 4303356388, 1.0953 
1073741824, 155648, 152, 16, 64, 1024, 167125767421952, 311296, 8301.84, 20131.2, 1.07489e+10, 17191870502, 4305774577, 1.09525 
1073741824, 156672, 153, 16, 64, 1024, 168225279049728, 313344, 8300.36, 20267.2, 1.07465e+10, 17191657519, 4303356360, 1.09533 
1073741824, 157696, 154, 16, 64, 1024, 169324790677504, 315392, 8291.96, 20420.4, 1.07458e+10, 17188251052, 4303356396, 1.0953 
1073741824, 158720, 155, 16, 64, 1024, 170424302305280, 317440, 8299.79, 20533.6, 1.07465e+10, 17190357382, 4303356316, 1.09531 
1073741824, 159744, 156, 16, 64, 1024, 171523813933056, 319488, 8289.08, 20692.7, 1.07458e+10, 17188252116, 4303356384, 1.0953 
1073741824, 160768, 157, 16, 64, 1024, 172623325560832, 321536, 8301.99, 20793, 1.07467e+10, 17190047117, 4303356280, 1.0953 
1073741824, 161792, 158, 16, 64, 1024, 173722837188608, 323584, 8297.88, 20935.8, 1.07458e+10, 17188251368, 4303356384, 1.0953 
1073741824, 162816, 159, 16, 64, 1024, 174822348816384, 325632, 8307.54, 21043.8, 1.07482e+10, 17192074896, 4303356304, 1.0953 
1073741824, 163840, 160, 16, 64, 1024, 175921860444160, 327680, 8291.83, 21216.3, 1.07458e+10, 17188250704, 4303356372, 1.0953 
1073741824, 164864, 161, 16, 64, 1024, 177021372071936, 329728, 8304.58, 21316.1, 1.07475e+10, 17190417904, 4304303146, 1.09527 
1073741824, 165888, 162, 16, 64, 1024, 178120883699712, 331776, 8308.6, 21438.1, 1.07465e+10, 17191685821, 4303356284, 1.09533 
1073741824, 166912, 163, 16, 64, 1024, 179220395327488, 333824, 8298.69, 21596.2, 1.07458e+10, 17188251912, 4303356268, 1.0953 
1073741824, 167936, 164, 16, 64, 1024, 180319906955264, 335872, 8307.41, 21705.9, 1.07466e+10, 17190575525, 4303356212, 1.09532 
1073741824, 168960, 165, 16, 64, 1024, 181419418583040, 337920, 8301.98, 21852.6, 1.07458e+10, 17188250660, 4303356248, 1.0953 
1073741824, 169984, 166, 16, 64, 1024, 182518930210816, 339968, 8312.94, 21956, 1.07479e+10, 17191662765, 4303356208, 1.0953 
1073741824, 171008, 167, 16, 64, 1024, 183618441838592, 342016, 8302, 22117.4, 1.07458e+10, 17188250644, 4303356264, 1.0953 
1073741824, 172032, 168, 16, 64, 1024, 184717953466368, 344064, 8312.65, 22221.3, 1.07466e+10, 17189940224, 4303356152, 1.0953 
1073741824, 173056, 169, 16, 64, 1024, 185817465094144, 346112, 8300.84, 22385.4, 1.07458e+10, 17188250612, 4303356276, 1.0953 
1073741824, 174080, 170, 16, 64, 1024, 186916976721920, 348160, 8311.44, 22489.1, 1.07487e+10, 17191685819, 4305805205, 1.09525 
1073741824, 175104, 171, 16, 64, 1024, 188016488349696, 350208, 8314.8, 22612.3, 1.07462e+10, 17190418430, 4303356264, 1.09532 
1073741824, 176128, 172, 16, 64, 1024, 189115999977472, 352256, 8301.58, 22780.7, 1.07458e+10, 17188250660, 4303356276, 1.0953 
1073741824, 177152, 173, 16, 64, 1024, 190215511605248, 354304, 8315.23, 22875.6, 1.07473e+10, 17191830249, 4303356144, 1.09533 
1073741824, 178176, 174, 16, 64, 1024, 191315023233024, 356352, 8310.28, 23021.5, 1.07458e+10, 17188250632, 4303356284, 1.0953 
1073741824, 179200, 175, 16, 64, 1024, 192414534860800, 358400, 8316.2, 23137.3, 1.07466e+10, 17190427280, 4303356148, 1.09532 
1073741824, 180224, 176, 16, 64, 1024, 193514046488576, 360448, 8307.88, 23292.8, 1.07458e+10, 17188255712, 4303356284, 1.0953 
1073741824, 181248, 177, 16, 64, 1024, 194613558116352, 362496, 8317.93, 23396.9, 1.07478e+10, 17191661312, 4303356184, 1.0953 
1073741824, 182272, 178, 16, 64, 1024, 195713069744128, 364544, 8308.15, 23556.8, 1.07458e+10, 17188258408, 4303356232, 1.0953 
1073741824, 183296, 179, 16, 64, 1024, 196812581371904, 366592, 8318.35, 23660, 1.07469e+10, 17189944455, 4303673393, 1.09528 
1073741824, 184320, 180, 16, 64, 1024, 197912092999680, 368640, 8317.69, 23794.1, 1.07466e+10, 17192060227, 4303356240, 1.09533 
1073741824, 185344, 181, 16, 64, 1024, 199011604627456, 370688, 8309.88, 23948.8, 1.07458e+10, 17188250700, 4303356240, 1.0953 
1073741824, 186368, 182, 16, 64, 1024, 200111116255232, 372736, 8321.75, 24046.8, 1.07463e+10, 17190427342, 4303356164, 1.09532 
1073741824, 187392, 183, 16, 64, 1024, 201210627883008, 374784, 8311.8, 24207.8, 1.07458e+10, 17188250632, 4303356260, 1.0953 
1073741824, 188416, 184, 16, 64, 1024, 202310139510784, 376832, 8320.85, 24313.6, 1.07474e+10, 17192070683, 4303356152, 1.09533 
1073741824, 189440, 185, 16, 64, 1024, 203409651138560, 378880, 8309.19, 24480.1, 1.07458e+10, 17188250684, 4303356264, 1.0953 
1073741824, 190464, 186, 16, 64, 1024, 204509162766336, 380928, 8318.21, 24585.7, 1.07471e+10, 17190601528, 4303356168, 1.0953 
1073741824, 191488, 187, 16, 64, 1024, 205608674394112, 382976, 8309.6, 24743.5, 1.07458e+10, 17188250552, 4303356268, 1.0953 
1073741824, 192512, 188, 16, 64, 1024, 206708186021888, 385024, 8320, 24844.7, 1.07486e+10, 17191657746, 4305484061, 1.09526 
1073741824, 193536, 189, 16, 64, 1024, 207807697649664, 387072, 8323.69, 24965.8, 1.07461e+10, 17190169094, 4303356264, 1.09531 
1073741824, 194560, 190, 16, 64, 1024, 208907209277440, 389120, 8316.95, 25118.3, 1.07458e+10, 17188250580, 4303356280, 1.0953 
1073741824, 195584, 191, 16, 64, 1024, 210006720905216, 391168, 8324.15, 25228.6, 1.07466e+10, 17192081456, 4303356172, 1.09533 
1073741824, 196608, 192, 16, 64, 1024, 211106232532992, 393216, 8314.89, 25388.9, 1.07458e+10, 17188250584, 4303356256, 1.0953 
1073741824, 197632, 193, 16, 64, 1024, 212205744160768, 395264, 8324.16, 25492.8, 1.07466e+10, 17190580501, 4303356292, 1.09532 
1073741824, 198656, 194, 16, 64, 1024, 213305255788544, 397312, 8314.98, 25653.1, 1.07458e+10, 17188250800, 4303356380, 1.0953 
1073741824, 199680, 195, 16, 64, 1024, 214404767416320, 399360, 8324.71, 25755.2, 1.0748e+10, 17191691095, 4303356252, 1.0953 
1073741824, 200704, 196, 16, 64, 1024, 215504279044096, 401408, 8313.7, 25921.6, 1.07458e+10, 17188252316, 4303356352, 1.0953 
1073741824, 201728, 197, 16, 64, 1024, 216603790671872, 403456, 8327.7, 26010, 1.07475e+10, 17190446886, 4304325146, 1.09527 
1073741824, 202752, 198, 16, 64, 1024, 217703302299648, 405504, 8329.22, 26137.3, 1.07464e+10, 17191920618, 4303356396, 1.09532 
1073741824, 203776, 199, 16, 64, 1024, 218802813927424, 407552, 8320.64, 26296.4, 1.07458e+10, 17188250728, 4303356372, 1.0953 
1073741824, 204800, 200, 16, 64, 1024, 219902325555200, 409600, 8329, 26402, 1.07465e+10, 17191902092, 4303356248, 1.09533 
1073741824, 205824, 201, 16, 64, 1024, 221001837182976, 411648, 8320.19, 26562.1, 1.07458e+10, 17188250764, 4303356356, 1.0953 
1073741824, 206848, 202, 16, 64, 1024, 222101348810752, 413696, 8331.29, 26658.7, 1.07465e+10, 17190390804, 4303356256, 1.09532 
1073741824, 207872, 203, 16, 64, 1024, 223200860438528, 415744, 8320.74, 26824.6, 1.07458e+10, 17188250796, 4303356368, 1.0953 
1073741824, 208896, 204, 16, 64, 1024, 224300372066304, 417792, 8331.76, 26921.1, 1.07468e+10, 17190199563, 4303356256, 1.0953 
1073741824, 209920, 205, 16, 64, 1024, 225399883694080, 419840, 8323.14, 27081.1, 1.07458e+10, 17188250692, 4303356392, 1.0953 
1073741824, 210944, 206, 16, 64, 1024, 226499395321856, 421888, 8335.87, 27171.7, 1.07488e+10, 17191709282, 4305557840, 1.09525 
1073741824, 211968, 207, 16, 64, 1024, 227598906949632, 423936, 8328.27, 27328.5, 1.07458e+10, 17188251464, 4303356360, 1.0953 
1073741824, 212992, 208, 16, 64, 1024, 228698418577408, 425984, 8336.09, 27434.7, 1.07471e+10, 17190008518, 4303910600, 1.09528 
1073741824, 214016, 209, 16, 64, 1024, 229797930205184, 428032, 8336.83, 27564.2, 1.07466e+10, 17192091424, 4303356372, 1.09533 
1073741824, 215040, 210, 16, 64, 1024, 230897441832960, 430080, 8324.85, 27735.9, 1.07458e+10, 17188250732, 4303356352, 1.0953 
1073741824, 216064, 211, 16, 64, 1024, 231996953460736, 432128, 8335.3, 27833.1, 1.07467e+10, 17190632484, 4303356252, 1.09532 
1073741824, 217088, 212, 16, 64, 1024, 233096465088512, 434176, 8325.04, 27999.4, 1.07458e+10, 17188250792, 4303356368, 1.0953 
1073741824, 218112, 213, 16, 64, 1024, 234195976716288, 436224, 8339.13, 28084, 1.07477e+10, 17191469974, 4303356268, 1.0953 
1073741824, 219136, 214, 16, 64, 1024, 235295488344064, 438272, 8331.49, 28241.7, 1.07458e+10, 17188250832, 4303356372, 1.0953 
1073741824, 220160, 215, 16, 64, 1024, 236394999971840, 440320, 8342.18, 28337.3, 1.07471e+10, 17190211681, 4303933040, 1.09528 
1073741824, 221184, 216, 16, 64, 1024, 237494511599616, 442368, 8331.78, 28504.7, 1.07458e+10, 17188254520, 4303356360, 1.0953 
1073741824, 222208, 217, 16, 64, 1024, 238594023227392, 444416, 8341.82, 28602.2, 1.0749e+10, 17192140872, 4305852330, 1.09525 
1073741824, 223232, 218, 16, 64, 1024, 239693534855168, 446464, 8342.75, 28730.8, 1.07466e+10, 17191935253, 4303356380, 1.09533 
1073741824, 224256, 219, 16, 64, 1024, 240793046482944, 448512, 8333.2, 28895.6, 1.07458e+10, 17188250708, 4303356356, 1.0953 
1073741824, 225280, 220, 16, 64, 1024, 241892558110720, 450560, 8340.38, 29002.6, 1.07465e+10, 17190226302, 4303356272, 1.09532 
1073741824, 226304, 221, 16, 64, 1024, 242992069738496, 452608, 8331.78, 29164.5, 1.07458e+10, 17188250756, 4303356368, 1.0953 
1073741824, 227328, 222, 16, 64, 1024, 244091581366272, 454656, 8347.13, 29242.6, 1.07468e+10, 17190208139, 4303356236, 1.0953 
1073741824, 228352, 223, 16, 64, 1024, 245191092994048, 456704, 8336.13, 29413.1, 1.07458e+10, 17188250788, 4303356376, 1.0953 
1073741824, 229376, 224, 16, 64, 1024, 246290604621824, 458752, 8346.89, 29506.9, 1.07488e+10, 17191927234, 4305852569, 1.09525 
1073741824, 230400, 225, 16, 64, 1024, 247390116249600, 460800, 8336.06, 29677.1, 1.07458e+10, 17188252168, 4303356444, 1.0953 
1073741824, 231424, 226, 16, 64, 1024, 248489627877376, 462848, 8345.7, 29774.6, 1.07488e+10, 17191902078, 4305626554, 1.09525 
1073741824, 232448, 227, 16, 64, 1024, 249589139505152, 464896, 8344.88, 29909.3, 1.07462e+10, 17190391250, 4303356464, 1.09532 
1073741824, 233472, 228, 16, 64, 1024, 250688651132928, 466944, 8334.82, 30077.3, 1.07458e+10, 17188250884, 4303356476, 1.0953 
1073741824, 234496, 229, 16, 64, 1024, 251788162760704, 468992, 8348.62, 30159.2, 1.07464e+10, 17190046410, 4303356360, 1.09531 
1073741824, 235520, 230, 16, 64, 1024, 252887674388480, 471040, 8339.89, 30322.7, 1.07458e+10, 17188250852, 4303356436, 1.0953 
1073741824, 236544, 231, 16, 64, 1024, 253987186016256, 473088, 8353.88, 30403.5, 1.07478e+10, 17191598249, 4303356360, 1.0953 
1073741824, 237568, 232, 16, 64, 1024, 255086697644032, 475136, 8341.17, 30581.6, 1.07458e+10, 17188252272, 4303356436, 1.0953 
1073741824, 238592, 233, 16, 64, 1024, 256186209271808, 477184, 8351.03, 30677.2, 1.07471e+10, 17190242076, 4304088653, 1.09528 
1073741824, 239616, 234, 16, 64, 1024, 257285720899584, 479232, 8341.13, 30845.4, 1.07458e+10, 17188250812, 4303356456, 1.0953 
1073741824, 240640, 235, 16, 64, 1024, 258385232527360, 481280, 8351.45, 30939, 1.0749e+10, 17192124621, 4305837656, 1.09525 
1073741824, 241664, 236, 16, 64, 1024, 259484744155136, 483328, 8350.18, 31075.4, 1.07462e+10, 17190607841, 4303356460, 1.09532 
1073741824, 242688, 237, 16, 64, 1024, 260584255782912, 485376, 8343.64, 31231.5, 1.07458e+10, 17188250816, 4303356460, 1.0953 
1073741824, 243712, 238, 16, 64, 1024, 261683767410688, 487424, 8358.76, 31306.5, 1.07471e+10, 17191517903, 4303356396, 1.09532 
1073741824, 244736, 239, 16, 64, 1024, 262783279038464, 489472, 8347.96, 31478.7, 1.07458e+10, 17188250824, 4303356436, 1.0953 
1073741824, 245760, 240, 16, 64, 1024, 263882790666240, 491520, 8357.71, 31573.6, 1.07468e+10, 17190219937, 4303356364, 1.0953 
1073741824, 246784, 241, 16, 64, 1024, 264982302294016, 493568, 8346.57, 31747.5, 1.07458e+10, 17188254580, 4303356460, 1.0953 
1073741824, 247808, 242, 16, 64, 1024, 266081813921792, 495616, 8356.96, 31839.5, 1.07486e+10, 17191491233, 4305431458, 1.09526 
1073741824, 248832, 243, 16, 64, 1024, 267181325549568, 497664, 8348.08, 32005.1, 1.07458e+10, 17188250828, 4303356476, 1.0953 
1073741824, 249856, 244, 16, 64, 1024, 268280837177344, 499712, 8355.5, 32108.3, 1.07469e+10, 17190063207, 4303980993, 1.09528 
1073741824, 250880, 245, 16, 64, 1024, 269380348805120, 501760, 8356.12, 32237.5, 1.07465e+10, 17191903960, 4303356476, 1.09533 
1073741824, 251904, 246, 16, 64, 1024, 270479860432896, 503808, 8353.31, 32380, 1.07458e+10, 17188251568, 4303356464, 1.0953 
1073741824, 252928, 247, 16, 64, 1024, 271579372060672, 505856, 8362.09, 32477.4, 1.07467e+10, 17190603307, 4303356348, 1.09532 
1073741824, 253952, 248, 16, 64, 1024, 272678883688448, 507904, 8351.1, 32651.9, 1.07458e+10, 17188252156, 4303356440, 1.0953 
1073741824, 254976, 249, 16, 64, 1024, 273778395316224, 509952, 8362.14, 32740.2, 1.07479e+10, 17191713057, 4303356380, 1.0953 
1073741824, 256000, 250, 16, 64, 1024, 274877906944000, 512000, 8351.51, 32913.5, 1.07458e+10, 17188250856, 4303356472, 1.0953 
1073741824, 257024, 251, 16, 64, 1024, 275977418571776, 514048, 8362.54, 33001.6, 1.07469e+10, 17190026874, 4303748584, 1.09528 
1073741824, 258048, 252, 16, 64, 1024, 277076930199552, 516096, 8362.04, 33135.1, 1.07459e+10, 17191689266, 4303356468, 1.09531 
1073741824, 259072, 253, 16, 64, 1024, 278176441827328, 518144, 8353.29, 33301.4, 1.07458e+10, 17188250964, 4303356488, 1.0953 
1073741824, 260096, 254, 16, 64, 1024, 279275953455104, 520192, 8364.46, 33388.4, 1.07465e+10, 17191905862, 4303356332, 1.09533 
1073741824, 261120, 255, 16, 64, 1024, 280375465082880, 522240, 8357.02, 33549.7, 1.07458e+10, 17188251364, 4303356488, 1.0953 
1073741824, 262144, 256, 16, 64, 1024, 281474976710656, 524288, 8363.73, 33654.3, 1.07466e+10, 17190432297, 4303356340, 1.09532 
1073741824, 263168, 257, 16, 64, 1024, 282574488338432, 526336, 8354.72, 33822.1, 1.07458e+10, 17188251416, 4303356360, 1.0953 
1073741824, 264192, 258, 16, 64, 1024, 283673999966208, 528384, 8366.81, 33904.7, 1.07468e+10, 17190240655, 4303356256, 1.0953 
1073741824, 265216, 259, 16, 64, 1024, 284773511593984, 530432, 8354.71, 34085.4, 1.07458e+10, 17188250728, 4303356364, 1.0953 
1073741824, 266240, 260, 16, 64, 1024, 285873023221760, 532480, 8365.73, 34171.9, 1.0749e+10, 17192155841, 4305865684, 1.09525 
1073741824, 267264, 261, 16, 64, 1024, 286972534849536, 534528, 8370.42, 34284.1, 1.07462e+10, 17190456756, 4303356376, 1.09532 
1073741824, 268288, 262, 16, 64, 1024, 288072046477312, 536576, 8362.26, 34449.1, 1.07458e+10, 17188250704, 4303356344, 1.0953 
1073741824, 269312, 263, 16, 64, 1024, 289171558105088, 538624, 8369.89, 34549, 1.07466e+10, 17192122200, 4303356240, 1.09533 
1073741824, 270336, 264, 16, 64, 1024, 290271069732864, 540672, 8359.84, 34722.1, 1.07458e+10, 17188250720, 4303356360, 1.0953 
1073741824, 271360, 265, 16, 64, 1024, 291370581360640, 542720, 8370.18, 34810.5, 1.07463e+10, 17189979256, 4303356244, 1.09531 
1073741824, 272384, 266, 16, 64, 1024, 292470092988416, 544768, 8360.03, 34984.3, 1.07458e+10, 17188251272, 4303356360, 1.0953 
1073741824, 273408, 267, 16, 64, 1024, 293569604616192, 546816, 8374.8, 35053.9, 1.07487e+10, 17192819824, 4303356244, 1.0953 
1073741824, 274432, 268, 16, 64, 1024, 294669116243968, 548864, 8361.57, 35240.9, 1.07458e+10, 17188252096, 4303356368, 1.0953 
1073741824, 275456, 269, 16, 64, 1024, 295768627871744, 550912, 8375.38, 35314, 1.07469e+10, 17190043276, 4303842779, 1.09528 
1073741824, 276480, 270, 16, 64, 1024, 296868139499520, 552960, 8379.79, 35426.7, 1.07466e+10, 17192101900, 4303356360, 1.09533 
1073741824, 277504, 271, 16, 64, 1024, 297967651127296, 555008, 8367.74, 35609.1, 1.07458e+10, 17188251380, 4303356372, 1.0953 
1073741824, 278528, 272, 16, 64, 1024, 299067162755072, 557056, 8379.13, 35691.9, 1.07466e+10, 17190442429, 4303356248, 1.09532 
1073741824, 279552, 273, 16, 64, 1024, 300166674382848, 559104, 8367.77, 35871.8, 1.07458e+10, 17188250700, 4303356352, 1.0953 
1073741824, 280576, 274, 16, 64, 1024, 301266186010624, 561152, 8375.42, 35970.3, 1.07464e+10, 17190077273, 4303356228, 1.09531 
1073741824, 281600, 275, 16, 64, 1024, 302365697638400, 563200, 8365.42, 36144.7, 1.07458e+10, 17188250736, 4303356372, 1.0953 
1073741824, 282624, 276, 16, 64, 1024, 303465209266176, 565248, 8375.91, 36230.7, 1.07481e+10, 17191942064, 4303356232, 1.0953 
1073741824, 283648, 277, 16, 64, 1024, 304564720893952, 567296, 8370.25, 36386.6, 1.07458e+10, 17188250736, 4303356372, 1.0953 
1073741824, 284672, 278, 16, 64, 1024, 305664232521728, 569344, 8382.75, 36463.5, 1.07486e+10, 17191766618, 4305468790, 1.09525 
1073741824, 285696, 279, 16, 64, 1024, 306763744149504, 571392, 8382.66, 36595, 1.07462e+10, 17190635580, 4303356360, 1.09532 
1073741824, 286720, 280, 16, 64, 1024, 307863255777280, 573440, 8372.46, 36771, 1.07458e+10, 17188250692, 4303356356, 1.0953 
1073741824, 287744, 281, 16, 64, 1024, 308962767405056, 575488, 8383.13, 36855.3, 1.07474e+10, 17192141817, 4303356248, 1.09533 
1073741824, 288768, 282, 16, 64, 1024, 310062279032832, 577536, 8371.01, 37040, 1.07458e+10, 17188251548, 4303356372, 1.0953 
1073741824, 289792, 283, 16, 64, 1024, 311161790660608, 579584, 8382.41, 37120.8, 1.07464e+10, 17190028960, 4303356236, 1.09531 
1073741824, 290816, 284, 16, 64, 1024, 312261302288384, 581632, 8375.54, 37282.5, 1.07458e+10, 17188252772, 4303356344, 1.0953 
1073741824, 291840, 285, 16, 64, 1024, 313360813916160, 583680, 8386, 37367.1, 1.07483e+10, 17192021772, 4303356248, 1.0953 
1073741824, 292864, 286, 16, 64, 1024, 314460325543936, 585728, 8379.44, 37527.6, 1.07458e+10, 17188258572, 4303356384, 1.0953 
1073741824, 293888, 287, 16, 64, 1024, 315559837171712, 587776, 8387.29, 37623.6, 1.07472e+10, 17190280334, 4303990574, 1.09528 
1073741824, 294912, 288, 16, 64, 1024, 316659348799488, 589824, 8385.34, 37763.4, 1.07461e+10, 17190234766, 4303356384, 1.09531 
1073741824, 295936, 289, 16, 64, 1024, 317758860427264, 591872, 8374.58, 37943.2, 1.07458e+10, 17188254428, 4303356260, 1.0953 
1073741824, 296960, 290, 16, 64, 1024, 318858372055040, 593920, 8384.28, 38030.5, 1.07474e+10, 17192165251, 4303356132, 1.09533 
1073741824, 297984, 291, 16, 64, 1024, 319957883682816, 595968, 8374.69, 38205.3, 1.07458e+10, 17188250552, 4303356244, 1.0953 
1073741824, 299008, 292, 16, 64, 1024, 321057395310592, 598016, 8386.4, 38283.1, 1.07482e+10, 17192124020, 4303356140, 1.0953 
1073741824, 300032, 293, 16, 64, 1024, 322156906938368, 600064, 8378.66, 38449.7, 1.07458e+10, 17188250620, 4303356256, 1.0953 
1073741824, 301056, 294, 16, 64, 1024, 323256418566144, 602112, 8391.49, 38521.9, 1.0747e+10, 17190479601, 4303356136, 1.0953 
1073741824, 302080, 295, 16, 64, 1024, 324355930193920, 604160, 8382.5, 38694.4, 1.07458e+10, 17188251924, 4303356252, 1.0953 
1073741824, 303104, 296, 16, 64, 1024, 325455441821696, 606208, 8393.93, 38772.7, 1.07471e+10, 17190260107, 4303964640, 1.09528 
1073741824, 304128, 297, 16, 64, 1024, 326554953449472, 608256, 8392.63, 38909.7, 1.07466e+10, 17191920016, 4303356256, 1.09533 
1073741824, 305152, 298, 16, 64, 1024, 327654465077248, 610304, 8383.46, 39083.4, 1.07458e+10, 17188250724, 4303356240, 1.0953 
1073741824, 306176, 299, 16, 64, 1024, 328753976705024, 612352, 8391.68, 39176.2, 1.07474e+10, 17191969355, 4303356132, 1.09533 
1073741824, 307200, 300, 16, 64, 1024, 329853488332800, 614400, 8383.14, 39347.2, 1.07458e+10, 17188250680, 4303356240, 1.0953 
1073741824, 308224, 301, 16, 64, 1024, 330952999960576, 616448, 8394.88, 39423.2, 1.0747e+10, 17190302278, 4303356116, 1.0953 
1073741824, 309248, 302, 16, 64, 1024, 332052511588352, 618496, 8390.88, 39573, 1.07458e+10, 17188250552, 4303356236, 1.0953 
1073741824, 310272, 303, 16, 64, 1024, 333152023216128, 620544, 8401.06, 39655.9, 1.07472e+10, 17190015383, 4304491123, 1.09528 
1073741824, 311296, 304, 16, 64, 1024, 334251534843904, 622592, 8398.38, 39799.5, 1.07466e+10, 17191262626, 4303356228, 1.09533 
