[INFO] GPU Roofline Tools 
[INFO] Version 1.0.0 (C)2024 Bagus Hanindhito 
[INFO] Built for AMD Instinct MI300X (gfx942) GPUs
[INFO] Detected 8 HIP-capable device(s)
[INFO] +---+------------------------+----+----+-----------+--------------+--------------+
[INFO] |#  |Device Name             |CC  |#CU |Freq. (MHz)|Mem. Size (MB)|Mem. BW (GB/s)|
[INFO] +---+------------------------+----+----+-----------+--------------+--------------+
[INFO] |0  |AMD Instinct MI300X     |9.4 |304 |2100       |196592        |2662.4        |
[INFO] +---+------------------------+----+----+-----------+--------------+--------------+
[INFO] |1  |AMD Instinct MI300X     |9.4 |304 |2100       |196592        |2662.4        |
[INFO] +---+------------------------+----+----+-----------+--------------+--------------+
[INFO] |2  |AMD Instinct MI300X     |9.4 |304 |2100       |196592        |2662.4        |
[INFO] +---+------------------------+----+----+-----------+--------------+--------------+
[INFO] |3  |AMD Instinct MI300X     |9.4 |304 |2100       |196592        |2662.4        |
[INFO] +---+------------------------+----+----+-----------+--------------+--------------+
[INFO] |4  |AMD Instinct MI300X     |9.4 |304 |2100       |196592        |2662.4        |
[INFO] +---+------------------------+----+----+-----------+--------------+--------------+
[INFO] |5  |AMD Instinct MI300X     |9.4 |304 |2100       |196592        |2662.4        |
[INFO] +---+------------------------+----+----+-----------+--------------+--------------+
[INFO] |6  |AMD Instinct MI300X     |9.4 |304 |2100       |196592        |2662.4        |
[INFO] +---+------------------------+----+----+-----------+--------------+--------------+
[INFO] |7  |AMD Instinct MI300X     |9.4 |304 |2100       |196592        |2662.4        |
[INFO] +---+------------------------+----+----+-----------+--------------+--------------+
[WARN] This program does not currently support Multi-GPU run.
[INFO] Set default GPU to GPU index 0
[INFO] (1743308983) Running with 16 wavefront(s) per workgroup and 1 workgroup(s)
[INFO] (1743308991) Running with 16 wavefront(s) per workgroup and 2 workgroup(s)
[INFO] (1743309000) Running with 16 wavefront(s) per workgroup and 3 workgroup(s)
[INFO] (1743309008) Running with 16 wavefront(s) per workgroup and 4 workgroup(s)
[INFO] (1743309016) Running with 16 wavefront(s) per workgroup and 5 workgroup(s)
[INFO] (1743309024) Running with 16 wavefront(s) per workgroup and 6 workgroup(s)
[INFO] (1743309033) Running with 16 wavefront(s) per workgroup and 7 workgroup(s)
[INFO] (1743309041) Running with 16 wavefront(s) per workgroup and 8 workgroup(s)
[INFO] (1743309049) Running with 16 wavefront(s) per workgroup and 9 workgroup(s)
[INFO] (1743309057) Running with 16 wavefront(s) per workgroup and 10 workgroup(s)
[INFO] (1743309066) Running with 16 wavefront(s) per workgroup and 11 workgroup(s)
[INFO] (1743309074) Running with 16 wavefront(s) per workgroup and 12 workgroup(s)
[INFO] (1743309082) Running with 16 wavefront(s) per workgroup and 13 workgroup(s)
[INFO] (1743309090) Running with 16 wavefront(s) per workgroup and 14 workgroup(s)
[INFO] (1743309098) Running with 16 wavefront(s) per workgroup and 15 workgroup(s)
[INFO] (1743309107) Running with 16 wavefront(s) per workgroup and 16 workgroup(s)
[INFO] (1743309115) Running with 16 wavefront(s) per workgroup and 17 workgroup(s)
[INFO] (1743309123) Running with 16 wavefront(s) per workgroup and 18 workgroup(s)
[INFO] (1743309131) Running with 16 wavefront(s) per workgroup and 19 workgroup(s)
[INFO] (1743309140) Running with 16 wavefront(s) per workgroup and 20 workgroup(s)
[INFO] (1743309148) Running with 16 wavefront(s) per workgroup and 21 workgroup(s)
[INFO] (1743309156) Running with 16 wavefront(s) per workgroup and 22 workgroup(s)
[INFO] (1743309164) Running with 16 wavefront(s) per workgroup and 23 workgroup(s)
[INFO] (1743309173) Running with 16 wavefront(s) per workgroup and 24 workgroup(s)
[INFO] (1743309181) Running with 16 wavefront(s) per workgroup and 25 workgroup(s)
[INFO] (1743309189) Running with 16 wavefront(s) per workgroup and 26 workgroup(s)
[INFO] (1743309197) Running with 16 wavefront(s) per workgroup and 27 workgroup(s)
[INFO] (1743309206) Running with 16 wavefront(s) per workgroup and 28 workgroup(s)
[INFO] (1743309214) Running with 16 wavefront(s) per workgroup and 29 workgroup(s)
[INFO] (1743309222) Running with 16 wavefront(s) per workgroup and 30 workgroup(s)
[INFO] (1743309230) Running with 16 wavefront(s) per workgroup and 31 workgroup(s)
[INFO] (1743309239) Running with 16 wavefront(s) per workgroup and 32 workgroup(s)
[INFO] (1743309247) Running with 16 wavefront(s) per workgroup and 33 workgroup(s)
[INFO] (1743309255) Running with 16 wavefront(s) per workgroup and 34 workgroup(s)
[INFO] (1743309263) Running with 16 wavefront(s) per workgroup and 35 workgroup(s)
[INFO] (1743309272) Running with 16 wavefront(s) per workgroup and 36 workgroup(s)
[INFO] (1743309280) Running with 16 wavefront(s) per workgroup and 37 workgroup(s)
[INFO] (1743309288) Running with 16 wavefront(s) per workgroup and 38 workgroup(s)
[INFO] (1743309296) Running with 16 wavefront(s) per workgroup and 39 workgroup(s)
[INFO] (1743309304) Running with 16 wavefront(s) per workgroup and 40 workgroup(s)
[INFO] (1743309313) Running with 16 wavefront(s) per workgroup and 41 workgroup(s)
[INFO] (1743309321) Running with 16 wavefront(s) per workgroup and 42 workgroup(s)
[INFO] (1743309329) Running with 16 wavefront(s) per workgroup and 43 workgroup(s)
[INFO] (1743309337) Running with 16 wavefront(s) per workgroup and 44 workgroup(s)
[INFO] (1743309346) Running with 16 wavefront(s) per workgroup and 45 workgroup(s)
[INFO] (1743309354) Running with 16 wavefront(s) per workgroup and 46 workgroup(s)
[INFO] (1743309362) Running with 16 wavefront(s) per workgroup and 47 workgroup(s)
[INFO] (1743309370) Running with 16 wavefront(s) per workgroup and 48 workgroup(s)
[INFO] (1743309379) Running with 16 wavefront(s) per workgroup and 49 workgroup(s)
[INFO] (1743309387) Running with 16 wavefront(s) per workgroup and 50 workgroup(s)
[INFO] (1743309395) Running with 16 wavefront(s) per workgroup and 51 workgroup(s)
[INFO] (1743309403) Running with 16 wavefront(s) per workgroup and 52 workgroup(s)
[INFO] (1743309412) Running with 16 wavefront(s) per workgroup and 53 workgroup(s)
[INFO] (1743309420) Running with 16 wavefront(s) per workgroup and 54 workgroup(s)
[INFO] (1743309428) Running with 16 wavefront(s) per workgroup and 55 workgroup(s)
[INFO] (1743309436) Running with 16 wavefront(s) per workgroup and 56 workgroup(s)
[INFO] (1743309445) Running with 16 wavefront(s) per workgroup and 57 workgroup(s)
[INFO] (1743309453) Running with 16 wavefront(s) per workgroup and 58 workgroup(s)
[INFO] (1743309461) Running with 16 wavefront(s) per workgroup and 59 workgroup(s)
[INFO] (1743309469) Running with 16 wavefront(s) per workgroup and 60 workgroup(s)
[INFO] (1743309478) Running with 16 wavefront(s) per workgroup and 61 workgroup(s)
[INFO] (1743309486) Running with 16 wavefront(s) per workgroup and 62 workgroup(s)
[INFO] (1743309494) Running with 16 wavefront(s) per workgroup and 63 workgroup(s)
[INFO] (1743309502) Running with 16 wavefront(s) per workgroup and 64 workgroup(s)
[INFO] (1743309511) Running with 16 wavefront(s) per workgroup and 65 workgroup(s)
[INFO] (1743309519) Running with 16 wavefront(s) per workgroup and 66 workgroup(s)
[INFO] (1743309527) Running with 16 wavefront(s) per workgroup and 67 workgroup(s)
[INFO] (1743309536) Running with 16 wavefront(s) per workgroup and 68 workgroup(s)
[INFO] (1743309544) Running with 16 wavefront(s) per workgroup and 69 workgroup(s)
[INFO] (1743309552) Running with 16 wavefront(s) per workgroup and 70 workgroup(s)
[INFO] (1743309560) Running with 16 wavefront(s) per workgroup and 71 workgroup(s)
[INFO] (1743309569) Running with 16 wavefront(s) per workgroup and 72 workgroup(s)
[INFO] (1743309577) Running with 16 wavefront(s) per workgroup and 73 workgroup(s)
[INFO] (1743309585) Running with 16 wavefront(s) per workgroup and 74 workgroup(s)
[INFO] (1743309593) Running with 16 wavefront(s) per workgroup and 75 workgroup(s)
[INFO] (1743309602) Running with 16 wavefront(s) per workgroup and 76 workgroup(s)
[INFO] (1743309610) Running with 16 wavefront(s) per workgroup and 77 workgroup(s)
[INFO] (1743309618) Running with 16 wavefront(s) per workgroup and 78 workgroup(s)
[INFO] (1743309626) Running with 16 wavefront(s) per workgroup and 79 workgroup(s)
[INFO] (1743309635) Running with 16 wavefront(s) per workgroup and 80 workgroup(s)
[INFO] (1743309643) Running with 16 wavefront(s) per workgroup and 81 workgroup(s)
[INFO] (1743309651) Running with 16 wavefront(s) per workgroup and 82 workgroup(s)
[INFO] (1743309659) Running with 16 wavefront(s) per workgroup and 83 workgroup(s)
[INFO] (1743309668) Running with 16 wavefront(s) per workgroup and 84 workgroup(s)
[INFO] (1743309676) Running with 16 wavefront(s) per workgroup and 85 workgroup(s)
[INFO] (1743309684) Running with 16 wavefront(s) per workgroup and 86 workgroup(s)
[INFO] (1743309692) Running with 16 wavefront(s) per workgroup and 87 workgroup(s)
[INFO] (1743309701) Running with 16 wavefront(s) per workgroup and 88 workgroup(s)
[INFO] (1743309709) Running with 16 wavefront(s) per workgroup and 89 workgroup(s)
[INFO] (1743309717) Running with 16 wavefront(s) per workgroup and 90 workgroup(s)
[INFO] (1743309726) Running with 16 wavefront(s) per workgroup and 91 workgroup(s)
[INFO] (1743309734) Running with 16 wavefront(s) per workgroup and 92 workgroup(s)
[INFO] (1743309742) Running with 16 wavefront(s) per workgroup and 93 workgroup(s)
[INFO] (1743309750) Running with 16 wavefront(s) per workgroup and 94 workgroup(s)
[INFO] (1743309759) Running with 16 wavefront(s) per workgroup and 95 workgroup(s)
[INFO] (1743309767) Running with 16 wavefront(s) per workgroup and 96 workgroup(s)
[INFO] (1743309775) Running with 16 wavefront(s) per workgroup and 97 workgroup(s)
[INFO] (1743309783) Running with 16 wavefront(s) per workgroup and 98 workgroup(s)
[INFO] (1743309792) Running with 16 wavefront(s) per workgroup and 99 workgroup(s)
[INFO] (1743309800) Running with 16 wavefront(s) per workgroup and 100 workgroup(s)
[INFO] (1743309808) Running with 16 wavefront(s) per workgroup and 101 workgroup(s)
[INFO] (1743309816) Running with 16 wavefront(s) per workgroup and 102 workgroup(s)
[INFO] (1743309825) Running with 16 wavefront(s) per workgroup and 103 workgroup(s)
[INFO] (1743309833) Running with 16 wavefront(s) per workgroup and 104 workgroup(s)
[INFO] (1743309841) Running with 16 wavefront(s) per workgroup and 105 workgroup(s)
[INFO] (1743309850) Running with 16 wavefront(s) per workgroup and 106 workgroup(s)
[INFO] (1743309858) Running with 16 wavefront(s) per workgroup and 107 workgroup(s)
[INFO] (1743309866) Running with 16 wavefront(s) per workgroup and 108 workgroup(s)
[INFO] (1743309874) Running with 16 wavefront(s) per workgroup and 109 workgroup(s)
[INFO] (1743309883) Running with 16 wavefront(s) per workgroup and 110 workgroup(s)
[INFO] (1743309891) Running with 16 wavefront(s) per workgroup and 111 workgroup(s)
[INFO] (1743309899) Running with 16 wavefront(s) per workgroup and 112 workgroup(s)
[INFO] (1743309907) Running with 16 wavefront(s) per workgroup and 113 workgroup(s)
[INFO] (1743309916) Running with 16 wavefront(s) per workgroup and 114 workgroup(s)
[INFO] (1743309924) Running with 16 wavefront(s) per workgroup and 115 workgroup(s)
[INFO] (1743309932) Running with 16 wavefront(s) per workgroup and 116 workgroup(s)
[INFO] (1743309941) Running with 16 wavefront(s) per workgroup and 117 workgroup(s)
[INFO] (1743309949) Running with 16 wavefront(s) per workgroup and 118 workgroup(s)
[INFO] (1743309957) Running with 16 wavefront(s) per workgroup and 119 workgroup(s)
[INFO] (1743309965) Running with 16 wavefront(s) per workgroup and 120 workgroup(s)
[INFO] (1743309974) Running with 16 wavefront(s) per workgroup and 121 workgroup(s)
[INFO] (1743309982) Running with 16 wavefront(s) per workgroup and 122 workgroup(s)
[INFO] (1743309990) Running with 16 wavefront(s) per workgroup and 123 workgroup(s)
[INFO] (1743309998) Running with 16 wavefront(s) per workgroup and 124 workgroup(s)
[INFO] (1743310007) Running with 16 wavefront(s) per workgroup and 125 workgroup(s)
[INFO] (1743310015) Running with 16 wavefront(s) per workgroup and 126 workgroup(s)
[INFO] (1743310023) Running with 16 wavefront(s) per workgroup and 127 workgroup(s)
[INFO] (1743310032) Running with 16 wavefront(s) per workgroup and 128 workgroup(s)
[INFO] (1743310040) Running with 16 wavefront(s) per workgroup and 129 workgroup(s)
[INFO] (1743310048) Running with 16 wavefront(s) per workgroup and 130 workgroup(s)
[INFO] (1743310056) Running with 16 wavefront(s) per workgroup and 131 workgroup(s)
[INFO] (1743310065) Running with 16 wavefront(s) per workgroup and 132 workgroup(s)
[INFO] (1743310073) Running with 16 wavefront(s) per workgroup and 133 workgroup(s)
[INFO] (1743310081) Running with 16 wavefront(s) per workgroup and 134 workgroup(s)
[INFO] (1743310090) Running with 16 wavefront(s) per workgroup and 135 workgroup(s)
[INFO] (1743310098) Running with 16 wavefront(s) per workgroup and 136 workgroup(s)
[INFO] (1743310106) Running with 16 wavefront(s) per workgroup and 137 workgroup(s)
[INFO] (1743310114) Running with 16 wavefront(s) per workgroup and 138 workgroup(s)
[INFO] (1743310123) Running with 16 wavefront(s) per workgroup and 139 workgroup(s)
[INFO] (1743310131) Running with 16 wavefront(s) per workgroup and 140 workgroup(s)
[INFO] (1743310139) Running with 16 wavefront(s) per workgroup and 141 workgroup(s)
[INFO] (1743310148) Running with 16 wavefront(s) per workgroup and 142 workgroup(s)
[INFO] (1743310156) Running with 16 wavefront(s) per workgroup and 143 workgroup(s)
[INFO] (1743310164) Running with 16 wavefront(s) per workgroup and 144 workgroup(s)
[INFO] (1743310172) Running with 16 wavefront(s) per workgroup and 145 workgroup(s)
[INFO] (1743310181) Running with 16 wavefront(s) per workgroup and 146 workgroup(s)
[INFO] (1743310189) Running with 16 wavefront(s) per workgroup and 147 workgroup(s)
[INFO] (1743310197) Running with 16 wavefront(s) per workgroup and 148 workgroup(s)
[INFO] (1743310206) Running with 16 wavefront(s) per workgroup and 149 workgroup(s)
[INFO] (1743310214) Running with 16 wavefront(s) per workgroup and 150 workgroup(s)
[INFO] (1743310222) Running with 16 wavefront(s) per workgroup and 151 workgroup(s)
[INFO] (1743310230) Running with 16 wavefront(s) per workgroup and 152 workgroup(s)
[INFO] (1743310239) Running with 16 wavefront(s) per workgroup and 153 workgroup(s)
[INFO] (1743310247) Running with 16 wavefront(s) per workgroup and 154 workgroup(s)
[INFO] (1743310255) Running with 16 wavefront(s) per workgroup and 155 workgroup(s)
[INFO] (1743310264) Running with 16 wavefront(s) per workgroup and 156 workgroup(s)
[INFO] (1743310272) Running with 16 wavefront(s) per workgroup and 157 workgroup(s)
[INFO] (1743310280) Running with 16 wavefront(s) per workgroup and 158 workgroup(s)
[INFO] (1743310289) Running with 16 wavefront(s) per workgroup and 159 workgroup(s)
[INFO] (1743310297) Running with 16 wavefront(s) per workgroup and 160 workgroup(s)
[INFO] (1743310305) Running with 16 wavefront(s) per workgroup and 161 workgroup(s)
[INFO] (1743310313) Running with 16 wavefront(s) per workgroup and 162 workgroup(s)
[INFO] (1743310322) Running with 16 wavefront(s) per workgroup and 163 workgroup(s)
[INFO] (1743310330) Running with 16 wavefront(s) per workgroup and 164 workgroup(s)
[INFO] (1743310338) Running with 16 wavefront(s) per workgroup and 165 workgroup(s)
[INFO] (1743310347) Running with 16 wavefront(s) per workgroup and 166 workgroup(s)
[INFO] (1743310355) Running with 16 wavefront(s) per workgroup and 167 workgroup(s)
[INFO] (1743310363) Running with 16 wavefront(s) per workgroup and 168 workgroup(s)
[INFO] (1743310372) Running with 16 wavefront(s) per workgroup and 169 workgroup(s)
[INFO] (1743310380) Running with 16 wavefront(s) per workgroup and 170 workgroup(s)
[INFO] (1743310388) Running with 16 wavefront(s) per workgroup and 171 workgroup(s)
[INFO] (1743310397) Running with 16 wavefront(s) per workgroup and 172 workgroup(s)
[INFO] (1743310405) Running with 16 wavefront(s) per workgroup and 173 workgroup(s)
[INFO] (1743310413) Running with 16 wavefront(s) per workgroup and 174 workgroup(s)
[INFO] (1743310421) Running with 16 wavefront(s) per workgroup and 175 workgroup(s)
[INFO] (1743310430) Running with 16 wavefront(s) per workgroup and 176 workgroup(s)
[INFO] (1743310438) Running with 16 wavefront(s) per workgroup and 177 workgroup(s)
[INFO] (1743310446) Running with 16 wavefront(s) per workgroup and 178 workgroup(s)
[INFO] (1743310455) Running with 16 wavefront(s) per workgroup and 179 workgroup(s)
[INFO] (1743310463) Running with 16 wavefront(s) per workgroup and 180 workgroup(s)
[INFO] (1743310471) Running with 16 wavefront(s) per workgroup and 181 workgroup(s)
[INFO] (1743310480) Running with 16 wavefront(s) per workgroup and 182 workgroup(s)
[INFO] (1743310488) Running with 16 wavefront(s) per workgroup and 183 workgroup(s)
[INFO] (1743310496) Running with 16 wavefront(s) per workgroup and 184 workgroup(s)
[INFO] (1743310505) Running with 16 wavefront(s) per workgroup and 185 workgroup(s)
[INFO] (1743310513) Running with 16 wavefront(s) per workgroup and 186 workgroup(s)
[INFO] (1743310521) Running with 16 wavefront(s) per workgroup and 187 workgroup(s)
[INFO] (1743310529) Running with 16 wavefront(s) per workgroup and 188 workgroup(s)
[INFO] (1743310538) Running with 16 wavefront(s) per workgroup and 189 workgroup(s)
[INFO] (1743310546) Running with 16 wavefront(s) per workgroup and 190 workgroup(s)
[INFO] (1743310554) Running with 16 wavefront(s) per workgroup and 191 workgroup(s)
[INFO] (1743310563) Running with 16 wavefront(s) per workgroup and 192 workgroup(s)
[INFO] (1743310571) Running with 16 wavefront(s) per workgroup and 193 workgroup(s)
[INFO] (1743310579) Running with 16 wavefront(s) per workgroup and 194 workgroup(s)
[INFO] (1743310588) Running with 16 wavefront(s) per workgroup and 195 workgroup(s)
[INFO] (1743310596) Running with 16 wavefront(s) per workgroup and 196 workgroup(s)
[INFO] (1743310604) Running with 16 wavefront(s) per workgroup and 197 workgroup(s)
[INFO] (1743310613) Running with 16 wavefront(s) per workgroup and 198 workgroup(s)
[INFO] (1743310621) Running with 16 wavefront(s) per workgroup and 199 workgroup(s)
[INFO] (1743310629) Running with 16 wavefront(s) per workgroup and 200 workgroup(s)
[INFO] (1743310638) Running with 16 wavefront(s) per workgroup and 201 workgroup(s)
[INFO] (1743310646) Running with 16 wavefront(s) per workgroup and 202 workgroup(s)
[INFO] (1743310654) Running with 16 wavefront(s) per workgroup and 203 workgroup(s)
[INFO] (1743310663) Running with 16 wavefront(s) per workgroup and 204 workgroup(s)
[INFO] (1743310671) Running with 16 wavefront(s) per workgroup and 205 workgroup(s)
[INFO] (1743310679) Running with 16 wavefront(s) per workgroup and 206 workgroup(s)
[INFO] (1743310688) Running with 16 wavefront(s) per workgroup and 207 workgroup(s)
[INFO] (1743310696) Running with 16 wavefront(s) per workgroup and 208 workgroup(s)
[INFO] (1743310704) Running with 16 wavefront(s) per workgroup and 209 workgroup(s)
[INFO] (1743310713) Running with 16 wavefront(s) per workgroup and 210 workgroup(s)
[INFO] (1743310721) Running with 16 wavefront(s) per workgroup and 211 workgroup(s)
[INFO] (1743310729) Running with 16 wavefront(s) per workgroup and 212 workgroup(s)
[INFO] (1743310738) Running with 16 wavefront(s) per workgroup and 213 workgroup(s)
[INFO] (1743310746) Running with 16 wavefront(s) per workgroup and 214 workgroup(s)
[INFO] (1743310754) Running with 16 wavefront(s) per workgroup and 215 workgroup(s)
[INFO] (1743310763) Running with 16 wavefront(s) per workgroup and 216 workgroup(s)
[INFO] (1743310771) Running with 16 wavefront(s) per workgroup and 217 workgroup(s)
[INFO] (1743310779) Running with 16 wavefront(s) per workgroup and 218 workgroup(s)
[INFO] (1743310788) Running with 16 wavefront(s) per workgroup and 219 workgroup(s)
[INFO] (1743310796) Running with 16 wavefront(s) per workgroup and 220 workgroup(s)
[INFO] (1743310804) Running with 16 wavefront(s) per workgroup and 221 workgroup(s)
[INFO] (1743310813) Running with 16 wavefront(s) per workgroup and 222 workgroup(s)
[INFO] (1743310821) Running with 16 wavefront(s) per workgroup and 223 workgroup(s)
[INFO] (1743310829) Running with 16 wavefront(s) per workgroup and 224 workgroup(s)
[INFO] (1743310838) Running with 16 wavefront(s) per workgroup and 225 workgroup(s)
[INFO] (1743310846) Running with 16 wavefront(s) per workgroup and 226 workgroup(s)
[INFO] (1743310854) Running with 16 wavefront(s) per workgroup and 227 workgroup(s)
[INFO] (1743310863) Running with 16 wavefront(s) per workgroup and 228 workgroup(s)
[INFO] (1743310871) Running with 16 wavefront(s) per workgroup and 229 workgroup(s)
[INFO] (1743310879) Running with 16 wavefront(s) per workgroup and 230 workgroup(s)
[INFO] (1743310888) Running with 16 wavefront(s) per workgroup and 231 workgroup(s)
[INFO] (1743310896) Running with 16 wavefront(s) per workgroup and 232 workgroup(s)
[INFO] (1743310904) Running with 16 wavefront(s) per workgroup and 233 workgroup(s)
[INFO] (1743310913) Running with 16 wavefront(s) per workgroup and 234 workgroup(s)
[INFO] (1743310921) Running with 16 wavefront(s) per workgroup and 235 workgroup(s)
[INFO] (1743310929) Running with 16 wavefront(s) per workgroup and 236 workgroup(s)
[INFO] (1743310938) Running with 16 wavefront(s) per workgroup and 237 workgroup(s)
[INFO] (1743310946) Running with 16 wavefront(s) per workgroup and 238 workgroup(s)
[INFO] (1743310954) Running with 16 wavefront(s) per workgroup and 239 workgroup(s)
[INFO] (1743310963) Running with 16 wavefront(s) per workgroup and 240 workgroup(s)
[INFO] (1743310971) Running with 16 wavefront(s) per workgroup and 241 workgroup(s)
[INFO] (1743310979) Running with 16 wavefront(s) per workgroup and 242 workgroup(s)
[INFO] (1743310988) Running with 16 wavefront(s) per workgroup and 243 workgroup(s)
[INFO] (1743310996) Running with 16 wavefront(s) per workgroup and 244 workgroup(s)
[INFO] (1743311004) Running with 16 wavefront(s) per workgroup and 245 workgroup(s)
[INFO] (1743311013) Running with 16 wavefront(s) per workgroup and 246 workgroup(s)
[INFO] (1743311021) Running with 16 wavefront(s) per workgroup and 247 workgroup(s)
[INFO] (1743311029) Running with 16 wavefront(s) per workgroup and 248 workgroup(s)
[INFO] (1743311038) Running with 16 wavefront(s) per workgroup and 249 workgroup(s)
[INFO] (1743311046) Running with 16 wavefront(s) per workgroup and 250 workgroup(s)
[INFO] (1743311055) Running with 16 wavefront(s) per workgroup and 251 workgroup(s)
[INFO] (1743311063) Running with 16 wavefront(s) per workgroup and 252 workgroup(s)
[INFO] (1743311071) Running with 16 wavefront(s) per workgroup and 253 workgroup(s)
[INFO] (1743311080) Running with 16 wavefront(s) per workgroup and 254 workgroup(s)
[INFO] (1743311088) Running with 16 wavefront(s) per workgroup and 255 workgroup(s)
[INFO] (1743311096) Running with 16 wavefront(s) per workgroup and 256 workgroup(s)
[INFO] (1743311105) Running with 16 wavefront(s) per workgroup and 257 workgroup(s)
[INFO] (1743311113) Running with 16 wavefront(s) per workgroup and 258 workgroup(s)
[INFO] (1743311121) Running with 16 wavefront(s) per workgroup and 259 workgroup(s)
[INFO] (1743311130) Running with 16 wavefront(s) per workgroup and 260 workgroup(s)
[INFO] (1743311138) Running with 16 wavefront(s) per workgroup and 261 workgroup(s)
[INFO] (1743311146) Running with 16 wavefront(s) per workgroup and 262 workgroup(s)
[INFO] (1743311155) Running with 16 wavefront(s) per workgroup and 263 workgroup(s)
[INFO] (1743311163) Running with 16 wavefront(s) per workgroup and 264 workgroup(s)
[INFO] (1743311172) Running with 16 wavefront(s) per workgroup and 265 workgroup(s)
[INFO] (1743311180) Running with 16 wavefront(s) per workgroup and 266 workgroup(s)
[INFO] (1743311188) Running with 16 wavefront(s) per workgroup and 267 workgroup(s)
[INFO] (1743311197) Running with 16 wavefront(s) per workgroup and 268 workgroup(s)
[INFO] (1743311205) Running with 16 wavefront(s) per workgroup and 269 workgroup(s)
[INFO] (1743311213) Running with 16 wavefront(s) per workgroup and 270 workgroup(s)
[INFO] (1743311222) Running with 16 wavefront(s) per workgroup and 271 workgroup(s)
[INFO] (1743311230) Running with 16 wavefront(s) per workgroup and 272 workgroup(s)
[INFO] (1743311239) Running with 16 wavefront(s) per workgroup and 273 workgroup(s)
[INFO] (1743311247) Running with 16 wavefront(s) per workgroup and 274 workgroup(s)
[INFO] (1743311255) Running with 16 wavefront(s) per workgroup and 275 workgroup(s)
[INFO] (1743311264) Running with 16 wavefront(s) per workgroup and 276 workgroup(s)
[INFO] (1743311272) Running with 16 wavefront(s) per workgroup and 277 workgroup(s)
[INFO] (1743311280) Running with 16 wavefront(s) per workgroup and 278 workgroup(s)
[INFO] (1743311289) Running with 16 wavefront(s) per workgroup and 279 workgroup(s)
[INFO] (1743311297) Running with 16 wavefront(s) per workgroup and 280 workgroup(s)
[INFO] (1743311305) Running with 16 wavefront(s) per workgroup and 281 workgroup(s)
[INFO] (1743311314) Running with 16 wavefront(s) per workgroup and 282 workgroup(s)
[INFO] (1743311322) Running with 16 wavefront(s) per workgroup and 283 workgroup(s)
[INFO] (1743311331) Running with 16 wavefront(s) per workgroup and 284 workgroup(s)
[INFO] (1743311339) Running with 16 wavefront(s) per workgroup and 285 workgroup(s)
[INFO] (1743311347) Running with 16 wavefront(s) per workgroup and 286 workgroup(s)
[INFO] (1743311356) Running with 16 wavefront(s) per workgroup and 287 workgroup(s)
[INFO] (1743311364) Running with 16 wavefront(s) per workgroup and 288 workgroup(s)
[INFO] (1743311372) Running with 16 wavefront(s) per workgroup and 289 workgroup(s)
[INFO] (1743311381) Running with 16 wavefront(s) per workgroup and 290 workgroup(s)
[INFO] (1743311389) Running with 16 wavefront(s) per workgroup and 291 workgroup(s)
[INFO] (1743311398) Running with 16 wavefront(s) per workgroup and 292 workgroup(s)
[INFO] (1743311406) Running with 16 wavefront(s) per workgroup and 293 workgroup(s)
[INFO] (1743311414) Running with 16 wavefront(s) per workgroup and 294 workgroup(s)
[INFO] (1743311423) Running with 16 wavefront(s) per workgroup and 295 workgroup(s)
[INFO] (1743311431) Running with 16 wavefront(s) per workgroup and 296 workgroup(s)
[INFO] (1743311440) Running with 16 wavefront(s) per workgroup and 297 workgroup(s)
[INFO] (1743311448) Running with 16 wavefront(s) per workgroup and 298 workgroup(s)
[INFO] (1743311456) Running with 16 wavefront(s) per workgroup and 299 workgroup(s)
[INFO] (1743311465) Running with 16 wavefront(s) per workgroup and 300 workgroup(s)
[INFO] (1743311473) Running with 16 wavefront(s) per workgroup and 301 workgroup(s)
[INFO] (1743311481) Running with 16 wavefront(s) per workgroup and 302 workgroup(s)
[INFO] (1743311490) Running with 16 wavefront(s) per workgroup and 303 workgroup(s)
[INFO] (1743311498) Running with 16 wavefront(s) per workgroup and 304 workgroup(s)
Result V_ADD1 with fp32
n_iter, n_thread, n_wg, n_wf, wf_size, wg_size, n_flops, n_bytes, time_ms, gflop/s, avg_clock, max_clock, min_clock, stdev_clock 
1073741824, 1024, 1, 16, 64, 1024, 1099511627776, 4096, 8228.94, 133.615, 1.07501e+10, 17194436238, 4304371948, 1.09531 
1073741824, 2048, 2, 16, 64, 1024, 2199023255552, 8192, 8220.17, 267.516, 1.07474e+10, 17193737569, 4303358096, 1.09534 
1073741824, 3072, 3, 16, 64, 1024, 3298534883328, 12288, 8222.41, 401.164, 1.07479e+10, 17191323361, 4303356904, 1.0953 
1073741824, 4096, 4, 16, 64, 1024, 4398046511104, 16384, 8232, 534.263, 1.07486e+10, 17192223456, 4305079596, 1.09527 
1073741824, 5120, 5, 16, 64, 1024, 5497558138880, 20480, 8230.93, 667.914, 1.07472e+10, 17191370376, 4303356660, 1.09533 
1073741824, 6144, 6, 16, 64, 1024, 6597069766656, 24576, 8231.42, 801.45, 1.07462e+10, 17190540389, 4303356716, 1.09532 
1073741824, 7168, 7, 16, 64, 1024, 7696581394432, 28672, 8231.45, 935.021, 1.07458e+10, 17188250824, 4303356652, 1.0953 
1073741824, 8192, 8, 16, 64, 1024, 8796093022208, 32768, 8244.21, 1066.94, 1.07465e+10, 17189802145, 4303356700, 1.0953 
1073741824, 9216, 9, 16, 64, 1024, 9895604649984, 36864, 8231.94, 1202.1, 1.07458e+10, 17188250800, 4303356660, 1.0953 
1073741824, 10240, 10, 16, 64, 1024, 10995116277760, 40960, 8241.96, 1334.04, 1.07479e+10, 17191746407, 4303356636, 1.0953 
1073741824, 11264, 11, 16, 64, 1024, 12094627905536, 45056, 8231.33, 1469.34, 1.07458e+10, 17188250692, 4303356764, 1.0953 
1073741824, 12288, 12, 16, 64, 1024, 13194139533312, 49152, 8238.65, 1601.49, 1.07467e+10, 17189588471, 4303971074, 1.09529 
1073741824, 13312, 13, 16, 64, 1024, 14293651161088, 53248, 8240.37, 1734.59, 1.07461e+10, 17189998759, 4303356688, 1.09531 
1073741824, 14336, 14, 16, 64, 1024, 15393162788864, 57344, 8228.61, 1870.69, 1.07458e+10, 17188250688, 4303356732, 1.0953 
1073741824, 15360, 15, 16, 64, 1024, 16492674416640, 61440, 8240.25, 2001.48, 1.07473e+10, 17191503324, 4303356316, 1.09533 
1073741824, 16384, 16, 16, 64, 1024, 17592186044416, 65536, 8236.11, 2135.98, 1.07458e+10, 17188250852, 4303356676, 1.0953 
1073741824, 17408, 17, 16, 64, 1024, 18691697672192, 69632, 8240.39, 2268.3, 1.07472e+10, 17191563180, 4303356364, 1.09533 
1073741824, 18432, 18, 16, 64, 1024, 19791209299968, 73728, 8226.38, 2405.82, 1.07458e+10, 17188252008, 4303356668, 1.0953 
1073741824, 19456, 19, 16, 64, 1024, 20890720927744, 77824, 8241.65, 2534.78, 1.07471e+10, 17192023820, 4303356320, 1.0953 
1073741824, 20480, 20, 16, 64, 1024, 21990232555520, 81920, 8237.14, 2669.64, 1.07458e+10, 17188251240, 4303356420, 1.0953 
1073741824, 21504, 21, 16, 64, 1024, 23089744183296, 86016, 8246.44, 2799.97, 1.07471e+10, 17191518329, 4304139420, 1.09528 
1073741824, 22528, 22, 16, 64, 1024, 24189255811072, 90112, 8227.62, 2940.01, 1.07458e+10, 17188250684, 4303356448, 1.0953 
1073741824, 23552, 23, 16, 64, 1024, 25288767438848, 94208, 8240.49, 3068.84, 1.07483e+10, 17191571503, 4304969920, 1.09526 
1073741824, 24576, 24, 16, 64, 1024, 26388279066624, 98304, 8245.59, 3200.29, 1.07462e+10, 17191489927, 4303356304, 1.09532 
1073741824, 25600, 25, 16, 64, 1024, 27487790694400, 102400, 8234.28, 3338.21, 1.07458e+10, 17188250812, 4303356436, 1.0953 
1073741824, 26624, 26, 16, 64, 1024, 28587302322176, 106496, 8242.8, 3468.15, 1.07472e+10, 17191985706, 4303356360, 1.09533 
1073741824, 27648, 27, 16, 64, 1024, 29686813949952, 110592, 8238.04, 3603.62, 1.07458e+10, 17188250636, 4303356380, 1.0953 
1073741824, 28672, 28, 16, 64, 1024, 30786325577728, 114688, 8245.42, 3733.75, 1.07481e+10, 17191710226, 4303356324, 1.0953 
1073741824, 29696, 29, 16, 64, 1024, 31885837205504, 118784, 8236.67, 3871.21, 1.07458e+10, 17188250592, 4303356344, 1.0953 
1073741824, 30720, 30, 16, 64, 1024, 32985348833280, 122880, 8245.69, 4000.31, 1.07469e+10, 17190218634, 4303356296, 1.0953 
1073741824, 31744, 31, 16, 64, 1024, 34084860461056, 126976, 8235.14, 4138.95, 1.07458e+10, 17188250740, 4303356304, 1.0953 
1073741824, 32768, 32, 16, 64, 1024, 35184372088832, 131072, 8246.56, 4266.55, 1.07473e+10, 17191396551, 4303863081, 1.09528 
1073741824, 33792, 33, 16, 64, 1024, 36283883716608, 135168, 8248.85, 4398.66, 1.07466e+10, 17192232702, 4303356312, 1.09533 
1073741824, 34816, 34, 16, 64, 1024, 37383395344384, 139264, 8235.3, 4539.41, 1.07458e+10, 17188250924, 4303356332, 1.0953 
1073741824, 35840, 35, 16, 64, 1024, 38482906972160, 143360, 8252.9, 4662.96, 1.07462e+10, 17191262823, 4303356340, 1.09532 
1073741824, 36864, 36, 16, 64, 1024, 39582418599936, 147456, 8240.53, 4803.38, 1.07458e+10, 17188250552, 4303356304, 1.0953 
1073741824, 37888, 37, 16, 64, 1024, 40681930227712, 151552, 8248.04, 4932.31, 1.07472e+10, 17191620589, 4303356352, 1.09533 
1073741824, 38912, 38, 16, 64, 1024, 41781441855488, 155648, 8234.02, 5074.25, 1.07458e+10, 17188250876, 4303356328, 1.0953 
1073741824, 39936, 39, 16, 64, 1024, 42880953483264, 159744, 8250.05, 5197.66, 1.07467e+10, 17190135118, 4303356320, 1.0953 
1073741824, 40960, 40, 16, 64, 1024, 43980465111040, 163840, 8242.81, 5335.62, 1.07458e+10, 17188251100, 4303356316, 1.0953 
1073741824, 41984, 41, 16, 64, 1024, 45079976738816, 167936, 8256.57, 5459.89, 1.07486e+10, 17191878066, 4304344203, 1.09525 
1073741824, 43008, 42, 16, 64, 1024, 46179488366592, 172032, 8241.47, 5603.31, 1.07458e+10, 17188251324, 4303356320, 1.0953 
1073741824, 44032, 43, 16, 64, 1024, 47278999994368, 176128, 8248.12, 5732.09, 1.07475e+10, 17192234014, 4304265077, 1.09527 
1073741824, 45056, 44, 16, 64, 1024, 48378511622144, 180224, 8245.1, 5867.55, 1.07465e+10, 17191635890, 4303356320, 1.09533 
1073741824, 46080, 45, 16, 64, 1024, 49478023249920, 184320, 8252.26, 5995.69, 1.07458e+10, 17188252412, 4303356360, 1.0953 
1073741824, 47104, 46, 16, 64, 1024, 50577534877696, 188416, 8251.65, 6129.38, 1.07467e+10, 17191536947, 4303356328, 1.09532 
1073741824, 48128, 47, 16, 64, 1024, 51677046505472, 192512, 8243.56, 6268.77, 1.07458e+10, 17188250672, 4303356308, 1.0953 
1073741824, 49152, 48, 16, 64, 1024, 52776558133248, 196608, 8252.48, 6395.24, 1.07471e+10, 17191645980, 4303356372, 1.09532 
1073741824, 50176, 49, 16, 64, 1024, 53876069761024, 200704, 8246.42, 6533.26, 1.07458e+10, 17188250768, 4303356324, 1.0953 
1073741824, 51200, 50, 16, 64, 1024, 54975581388800, 204800, 8258.42, 6656.91, 1.07469e+10, 17191750432, 4303356340, 1.0953 
1073741824, 52224, 51, 16, 64, 1024, 56075093016576, 208896, 8243.35, 6802.47, 1.07458e+10, 17188254416, 4303356312, 1.0953 
1073741824, 53248, 52, 16, 64, 1024, 57174604644352, 212992, 8248.4, 6931.6, 1.07484e+10, 17191436421, 4305137289, 1.09526 
1073741824, 54272, 53, 16, 64, 1024, 58274116272128, 217088, 8249.93, 7063.59, 1.07461e+10, 17190033811, 4303356324, 1.09531 
1073741824, 55296, 54, 16, 64, 1024, 59373627899904, 221184, 8248.54, 7198.07, 1.07458e+10, 17188250676, 4303356320, 1.0953 
1073741824, 56320, 55, 16, 64, 1024, 60473139527680, 225280, 8255.7, 7325.01, 1.07465e+10, 17191833022, 4303356332, 1.09533 
1073741824, 57344, 56, 16, 64, 1024, 61572651155456, 229376, 8240.73, 7471.75, 1.07458e+10, 17188254400, 4303356316, 1.0953 
1073741824, 58368, 57, 16, 64, 1024, 62672162783232, 233472, 8259.71, 7587.7, 1.07467e+10, 17191511644, 4303356324, 1.09532 
1073741824, 59392, 58, 16, 64, 1024, 63771674411008, 237568, 8250.84, 7729.12, 1.07458e+10, 17188250724, 4303356336, 1.0953 
1073741824, 60416, 59, 16, 64, 1024, 64871186038784, 241664, 8254.09, 7859.28, 1.0748e+10, 17191838182, 4303356364, 1.0953 
1073741824, 61440, 60, 16, 64, 1024, 65970697666560, 245760, 8247.21, 7999.15, 1.07458e+10, 17188250596, 4303356424, 1.0953 
1073741824, 62464, 61, 16, 64, 1024, 67070209294336, 249856, 8257.94, 8121.91, 1.07467e+10, 17190032841, 4303356332, 1.0953 
1073741824, 63488, 62, 16, 64, 1024, 68169720922112, 253952, 8247.48, 8265.52, 1.07458e+10, 17188250960, 4303356360, 1.0953 
1073741824, 64512, 63, 16, 64, 1024, 69269232549888, 258048, 8261.92, 8384.16, 1.07487e+10, 17192083239, 4304366661, 1.09525 
1073741824, 65536, 64, 16, 64, 1024, 70368744177664, 262144, 8259.62, 8519.61, 1.07465e+10, 17191731161, 4303356304, 1.09533 
1073741824, 66560, 65, 16, 64, 1024, 71468255805440, 266240, 8252.58, 8660.11, 1.07458e+10, 17188250708, 4303356352, 1.0953 
1073741824, 67584, 66, 16, 64, 1024, 72567767433216, 270336, 8261.17, 8784.2, 1.07465e+10, 17190384084, 4303356368, 1.09531 
1073741824, 68608, 67, 16, 64, 1024, 73667279060992, 274432, 8248.61, 8930.87, 1.07458e+10, 17188250788, 4303356380, 1.0953 
1073741824, 69632, 68, 16, 64, 1024, 74766790688768, 278528, 8264.06, 9047.22, 1.07465e+10, 17192434926, 4303356356, 1.09531 
1073741824, 70656, 69, 16, 64, 1024, 75866302316544, 282624, 8250.49, 9195.37, 1.07458e+10, 17188250744, 4303356380, 1.0953 
1073741824, 71680, 70, 16, 64, 1024, 76965813944320, 286720, 8260.13, 9317.75, 1.0748e+10, 17191855864, 4303356392, 1.0953 
1073741824, 72704, 71, 16, 64, 1024, 78065325572096, 290816, 8253.32, 9458.65, 1.07458e+10, 17188250636, 4303356300, 1.0953 
1073741824, 73728, 72, 16, 64, 1024, 79164837199872, 294912, 8264.86, 9578.49, 1.0747e+10, 17191121681, 4303747891, 1.09528 
1073741824, 74752, 73, 16, 64, 1024, 80264348827648, 299008, 8262.18, 9714.66, 1.07464e+10, 17192238694, 4303356296, 1.09532 
1073741824, 75776, 74, 16, 64, 1024, 81363860455424, 303104, 8253.78, 9857.77, 1.07458e+10, 17188251952, 4303356396, 1.0953 
1073741824, 76800, 75, 16, 64, 1024, 82463372083200, 307200, 8266.76, 9975.29, 1.0746e+10, 17189965520, 4303356316, 1.09531 
1073741824, 77824, 76, 16, 64, 1024, 83562883710976, 311296, 8251.14, 10127.4, 1.07458e+10, 17188250696, 4303356304, 1.0953 
1073741824, 78848, 77, 16, 64, 1024, 84662395338752, 315392, 8263.88, 10244.9, 1.07474e+10, 17192075536, 4303356388, 1.09533 
1073741824, 79872, 78, 16, 64, 1024, 85761906966528, 319488, 8255.99, 10387.8, 1.07458e+10, 17188250616, 4303356324, 1.0953 
1073741824, 80896, 79, 16, 64, 1024, 86861418594304, 323584, 8262.77, 10512.4, 1.07469e+10, 17190565443, 4303356356, 1.0953 
1073741824, 81920, 80, 16, 64, 1024, 87960930222080, 327680, 8265.3, 10642.2, 1.07458e+10, 17188250700, 4303356300, 1.0953 
1073741824, 82944, 81, 16, 64, 1024, 89060441849856, 331776, 8267.55, 10772.3, 1.0748e+10, 17192282708, 4303356392, 1.0953 
1073741824, 83968, 82, 16, 64, 1024, 90159953477632, 335872, 8249.28, 10929.4, 1.07458e+10, 17188250788, 4303356356, 1.0953 
1073741824, 84992, 83, 16, 64, 1024, 91259465105408, 339968, 8267.83, 11037.9, 1.07467e+10, 17189803269, 4303201891, 1.09529 
1073741824, 86016, 84, 16, 64, 1024, 92358976733184, 344064, 8269.89, 11168.1, 1.07466e+10, 17192046733, 4303356348, 1.09533 
1073741824, 87040, 85, 16, 64, 1024, 93458488360960, 348160, 8262.49, 11311.2, 1.07458e+10, 17188250668, 4303356300, 1.0953 
1073741824, 88064, 86, 16, 64, 1024, 94557999988736, 352256, 8265.36, 11440.3, 1.07463e+10, 17190781565, 4303356392, 1.09531 
1073741824, 89088, 87, 16, 64, 1024, 95657511616512, 356352, 8256.14, 11586.2, 1.07458e+10, 17188250596, 4303356316, 1.0953 
1073741824, 90112, 88, 16, 64, 1024, 96757023244288, 360448, 8275.18, 11692.4, 1.07471e+10, 17191859407, 4303356328, 1.09533 
1073741824, 91136, 89, 16, 64, 1024, 97856534872064, 364544, 8250.99, 11860, 1.07458e+10, 17188250668, 4303356372, 1.0953 
1073741824, 92160, 90, 16, 64, 1024, 98956046499840, 368640, 8274.62, 11959, 1.07467e+10, 17192268877, 4303356368, 1.0953 
1073741824, 93184, 91, 16, 64, 1024, 100055558127616, 372736, 8256.32, 12118.7, 1.07458e+10, 17188250768, 4303356344, 1.0953 
1073741824, 94208, 92, 16, 64, 1024, 101155069755392, 376832, 8270.79, 12230.4, 1.07468e+10, 17189963969, 4303232665, 1.09529 
1073741824, 95232, 93, 16, 64, 1024, 102254581383168, 380928, 8268.4, 12366.9, 1.07465e+10, 17191675190, 4303356328, 1.09533 
1073741824, 96256, 94, 16, 64, 1024, 103354093010944, 385024, 8256.93, 12517.3, 1.07458e+10, 17188250600, 4303356304, 1.0953 
1073741824, 97280, 95, 16, 64, 1024, 104453604638720, 389120, 8269.29, 12631.5, 1.0746e+10, 17189983087, 4303356380, 1.09531 
1073741824, 98304, 96, 16, 64, 1024, 105553116266496, 393216, 8261.19, 12777, 1.07458e+10, 17188250728, 4303356356, 1.0953 
1073741824, 99328, 97, 16, 64, 1024, 106652627894272, 397312, 8270.03, 12896.3, 1.07472e+10, 17192248748, 4303356380, 1.09533 
1073741824, 100352, 98, 16, 64, 1024, 107752139522048, 401408, 8263.83, 13039, 1.07458e+10, 17188250684, 4303356380, 1.0953 
1073741824, 101376, 99, 16, 64, 1024, 108851651149824, 405504, 8269.79, 13162.6, 1.07465e+10, 17190345988, 4303356304, 1.0953 
1073741824, 102400, 100, 16, 64, 1024, 109951162777600, 409600, 8264.74, 13303.6, 1.07458e+10, 17188251324, 4303356312, 1.0953 
1073741824, 103424, 101, 16, 64, 1024, 111050674405376, 413696, 8272.63, 13423.9, 1.07481e+10, 17192467327, 4303356340, 1.0953 
1073741824, 104448, 102, 16, 64, 1024, 112150186033152, 417792, 8268.1, 13564.2, 1.07458e+10, 17188250688, 4303356308, 1.0953 
1073741824, 105472, 103, 16, 64, 1024, 113249697660928, 421888, 8271.44, 13691.7, 1.07469e+10, 17190377199, 4303647585, 1.09528 
1073741824, 106496, 104, 16, 64, 1024, 114349209288704, 425984, 8276.4, 13816.3, 1.07465e+10, 17191874903, 4303356360, 1.09533 
1073741824, 107520, 105, 16, 64, 1024, 115448720916480, 430080, 8271.23, 13957.9, 1.07458e+10, 17188250768, 4303356340, 1.0953 
1073741824, 108544, 106, 16, 64, 1024, 116548232544256, 434176, 8276.61, 14081.6, 1.07464e+10, 17190953342, 4303356292, 1.09531 
1073741824, 109568, 107, 16, 64, 1024, 117647744172032, 438272, 8267.9, 14229.5, 1.07458e+10, 17188250772, 4303356328, 1.0953 
1073741824, 110592, 108, 16, 64, 1024, 118747255799808, 442368, 8273.29, 14353.1, 1.07466e+10, 17190618792, 4303356308, 1.09532 
1073741824, 111616, 109, 16, 64, 1024, 119846767427584, 446464, 8264.51, 14501.4, 1.07458e+10, 17188250652, 4303356324, 1.0953 
1073741824, 112640, 110, 16, 64, 1024, 120946279055360, 450560, 8276.43, 14613.3, 1.07479e+10, 17192499646, 4303356296, 1.0953 
1073741824, 113664, 111, 16, 64, 1024, 122045790683136, 454656, 8272.07, 14754, 1.07458e+10, 17188250624, 4303356320, 1.0953 
1073741824, 114688, 112, 16, 64, 1024, 123145302310912, 458752, 8282.79, 14867.6, 1.07469e+10, 17190973327, 4303787210, 1.09528 
1073741824, 115712, 113, 16, 64, 1024, 124244813938688, 462848, 8282.59, 15000.7, 1.07466e+10, 17192078304, 4303356372, 1.09533 
1073741824, 116736, 114, 16, 64, 1024, 125344325566464, 466944, 8270.02, 15156.5, 1.07458e+10, 17188250692, 4303356324, 1.0953 
1073741824, 117760, 115, 16, 64, 1024, 126443837194240, 471040, 8276.85, 15276.8, 1.07462e+10, 17190602488, 4303356296, 1.09532 
1073741824, 118784, 116, 16, 64, 1024, 127543348822016, 475136, 8268.43, 15425.3, 1.07458e+10, 17188250708, 4303356328, 1.0953 
1073741824, 119808, 117, 16, 64, 1024, 128642860449792, 479232, 8277.63, 15541, 1.07474e+10, 17192481801, 4303356336, 1.09533 
1073741824, 120832, 118, 16, 64, 1024, 129742372077568, 483328, 8267.01, 15694, 1.07458e+10, 17188251312, 4303356356, 1.0953 
1073741824, 121856, 119, 16, 64, 1024, 130841883705344, 487424, 8284.48, 15793.6, 1.07471e+10, 17191014913, 4303356296, 1.0953 
1073741824, 122880, 120, 16, 64, 1024, 131941395333120, 491520, 8269.08, 15956, 1.07458e+10, 17188251488, 4303356372, 1.0953 
1073741824, 123904, 121, 16, 64, 1024, 133040906960896, 495616, 8282.34, 16063.2, 1.07487e+10, 17192283979, 4305660403, 1.09525 
1073741824, 124928, 122, 16, 64, 1024, 134140418588672, 499712, 8269.58, 16220.9, 1.07458e+10, 17188250768, 4303356392, 1.0953 
1073741824, 125952, 123, 16, 64, 1024, 135239930216448, 503808, 8277.05, 16339.1, 1.07475e+10, 17190598620, 4304396818, 1.09527 
1073741824, 126976, 124, 16, 64, 1024, 136339441844224, 507904, 8285.62, 16454.9, 1.07465e+10, 17192068043, 4303356360, 1.09533 
1073741824, 128000, 125, 16, 64, 1024, 137438953472000, 512000, 8272.25, 16614.5, 1.07458e+10, 17188250772, 4303356332, 1.0953 
1073741824, 129024, 126, 16, 64, 1024, 138538465099776, 516096, 8283.26, 16725.1, 1.07463e+10, 17189933527, 4303356284, 1.09531 
1073741824, 130048, 127, 16, 64, 1024, 139637976727552, 520192, 8276.58, 16871.5, 1.07458e+10, 17188250712, 4303356360, 1.0953 
1073741824, 131072, 128, 16, 64, 1024, 140737488355328, 524288, 8281.22, 16994.8, 1.07479e+10, 17191801754, 4303356312, 1.0953 
1073741824, 132096, 129, 16, 64, 1024, 141836999983104, 528384, 8269.92, 17151, 1.07458e+10, 17188251600, 4303356344, 1.0953 
1073741824, 133120, 130, 16, 64, 1024, 142936511610880, 532480, 8282.77, 17257.1, 1.0747e+10, 17190600560, 4303356312, 1.0953 
1073741824, 134144, 131, 16, 64, 1024, 144036023238656, 536576, 8274.49, 17407.2, 1.07458e+10, 17188250968, 4303356368, 1.0953 
1073741824, 135168, 132, 16, 64, 1024, 145135534866432, 540672, 8281.22, 17525.9, 1.07491e+10, 17192296381, 4305989360, 1.09525 
1073741824, 136192, 133, 16, 64, 1024, 146235046494208, 544768, 8290.54, 17638.8, 1.07461e+10, 17190375437, 4303356384, 1.09531 
1073741824, 137216, 134, 16, 64, 1024, 147334558121984, 548864, 8283.92, 17785.6, 1.07458e+10, 17188250744, 4303356308, 1.0953 
1073741824, 138240, 135, 16, 64, 1024, 148434069749760, 552960, 8287.93, 17909.7, 1.07463e+10, 17190385977, 4303356288, 1.09531 
1073741824, 139264, 136, 16, 64, 1024, 149533581377536, 557056, 8278.19, 18063.6, 1.07458e+10, 17188250668, 4303356324, 1.0953 
1073741824, 140288, 137, 16, 64, 1024, 150633093005312, 561152, 8288.42, 18173.9, 1.07474e+10, 17192204285, 4303356288, 1.09533 
1073741824, 141312, 138, 16, 64, 1024, 151732604633088, 565248, 8280.04, 18325.1, 1.07458e+10, 17188250692, 4303356340, 1.0953 
1073741824, 142336, 139, 16, 64, 1024, 152832116260864, 569344, 8287.28, 18441.8, 1.0747e+10, 17191033902, 4303356300, 1.0953 
1073741824, 143360, 140, 16, 64, 1024, 153931627888640, 573440, 8282.52, 18585.1, 1.07458e+10, 17188250664, 4303356316, 1.0953 
1073741824, 144384, 141, 16, 64, 1024, 155031139516416, 577536, 8291.54, 18697.5, 1.0749e+10, 17192493095, 4305712270, 1.09525 
1073741824, 145408, 142, 16, 64, 1024, 156130651144192, 581632, 8291.26, 18830.7, 1.07462e+10, 17191009756, 4303356316, 1.09532 
1073741824, 146432, 143, 16, 64, 1024, 157230162771968, 585728, 8281.29, 18986.2, 1.07458e+10, 17188250784, 4303356312, 1.0953 
1073741824, 147456, 144, 16, 64, 1024, 158329674399744, 589824, 8295.98, 19085.1, 1.07466e+10, 17192082079, 4303356284, 1.09533 
1073741824, 148480, 145, 16, 64, 1024, 159429186027520, 593920, 8295.4, 19219, 1.07458e+10, 17188250720, 4303356304, 1.0953 
1073741824, 149504, 146, 16, 64, 1024, 160528697655296, 598016, 8292.37, 19358.6, 1.07463e+10, 17190384257, 4303356312, 1.09531 
1073741824, 150528, 147, 16, 64, 1024, 161628209283072, 602112, 8282.4, 19514.7, 1.07458e+10, 17188250712, 4303356300, 1.0953 
1073741824, 151552, 148, 16, 64, 1024, 162727720910848, 606208, 8293.59, 19620.9, 1.07482e+10, 17192498951, 4303356260, 1.0953 
1073741824, 152576, 149, 16, 64, 1024, 163827232538624, 610304, 8297.64, 19743.8, 1.07458e+10, 17188252000, 4303356304, 1.0953 
1073741824, 153600, 150, 16, 64, 1024, 164926744166400, 614400, 8296.97, 19878, 1.07471e+10, 17190220249, 4303455224, 1.09528 
1073741824, 154624, 151, 16, 64, 1024, 166026255794176, 618496, 8286.68, 20035.3, 1.07458e+10, 17188258340, 4303356312, 1.0953 
1073741824, 155648, 152, 16, 64, 1024, 167125767421952, 622592, 8297.5, 20141.7, 1.0747e+10, 17190605001, 4303910458, 1.09528 
1073741824, 156672, 153, 16, 64, 1024, 168225279049728, 626688, 8298.5, 20271.8, 1.07465e+10, 17192304881, 4303356336, 1.09533 
1073741824, 157696, 154, 16, 64, 1024, 169324790677504, 630784, 8286.26, 20434.4, 1.07458e+10, 17188250692, 4303356316, 1.0953 
1073741824, 158720, 155, 16, 64, 1024, 170424302305280, 634880, 8297.97, 20538.1, 1.07463e+10, 17190006178, 4303356172, 1.09531 
1073741824, 159744, 156, 16, 64, 1024, 171523813933056, 638976, 8288.23, 20694.9, 1.07458e+10, 17188250680, 4303356300, 1.0953 
1073741824, 160768, 157, 16, 64, 1024, 172623325560832, 643072, 8301.22, 20794.9, 1.07482e+10, 17192510552, 4303356204, 1.0953 
1073741824, 161792, 158, 16, 64, 1024, 173722837188608, 647168, 8290.44, 20954.6, 1.07458e+10, 17188250784, 4303356284, 1.0953 
1073741824, 162816, 159, 16, 64, 1024, 174822348816384, 651264, 8300.25, 21062.3, 1.07466e+10, 17189955641, 4303356236, 1.0953 
1073741824, 163840, 160, 16, 64, 1024, 175921860444160, 655360, 8308.07, 21174.8, 1.07458e+10, 17188250736, 4303356300, 1.0953 
1073741824, 164864, 161, 16, 64, 1024, 177021372071936, 659456, 8311.41, 21298.6, 1.0749e+10, 17192534082, 4305860586, 1.09525 
1073741824, 165888, 162, 16, 64, 1024, 178120883699712, 663552, 8303.89, 21450.3, 1.07461e+10, 17190603335, 4303356316, 1.09531 
1073741824, 166912, 163, 16, 64, 1024, 179220395327488, 667648, 8292.2, 21613.1, 1.07458e+10, 17188250864, 4303356316, 1.0953 
1073741824, 167936, 164, 16, 64, 1024, 180319906955264, 671744, 8302.16, 21719.7, 1.07465e+10, 17190415481, 4303356220, 1.09532 
1073741824, 168960, 165, 16, 64, 1024, 181419418583040, 675840, 8296.79, 21866.2, 1.07458e+10, 17188250832, 4303356332, 1.0953 
1073741824, 169984, 166, 16, 64, 1024, 182518930210816, 679936, 8309.52, 21965, 1.07475e+10, 17192733795, 4303356208, 1.09533 
1073741824, 171008, 167, 16, 64, 1024, 183618441838592, 684032, 8297.28, 22130, 1.07458e+10, 17188250808, 4303356312, 1.0953 
1073741824, 172032, 168, 16, 64, 1024, 184717953466368, 688128, 8308.21, 22233.2, 1.07471e+10, 17190642336, 4303356192, 1.0953 
1073741824, 173056, 169, 16, 64, 1024, 185817465094144, 692224, 8300.58, 22386.1, 1.07458e+10, 17188250752, 4303356296, 1.0953 
1073741824, 174080, 170, 16, 64, 1024, 186916976721920, 696320, 8316.88, 22474.4, 1.07489e+10, 17192138630, 4305396740, 1.09525 
1073741824, 175104, 171, 16, 64, 1024, 188016488349696, 700416, 8308.06, 22630.6, 1.07462e+10, 17190626345, 4303356280, 1.09532 
1073741824, 176128, 172, 16, 64, 1024, 189115999977472, 704512, 8296.13, 22795.7, 1.07458e+10, 17188250760, 4303356260, 1.0953 
1073741824, 177152, 173, 16, 64, 1024, 190215511605248, 708608, 8310.46, 22888.7, 1.07474e+10, 17192394458, 4303356208, 1.09533 
1073741824, 178176, 174, 16, 64, 1024, 191315023233024, 712704, 8304.12, 23038.6, 1.07458e+10, 17188251784, 4303356300, 1.0953 
1073741824, 179200, 175, 16, 64, 1024, 192414534860800, 716800, 8310.86, 23152.2, 1.07467e+10, 17190850362, 4303356220, 1.09532 
1073741824, 180224, 176, 16, 64, 1024, 193514046488576, 720896, 8304.01, 23303.7, 1.07458e+10, 17188250816, 4303356304, 1.0953 
1073741824, 181248, 177, 16, 64, 1024, 194613558116352, 724992, 8314.02, 23407.9, 1.07479e+10, 17191715187, 4303356208, 1.0953 
1073741824, 182272, 178, 16, 64, 1024, 195713069744128, 729088, 8301.6, 23575.3, 1.07458e+10, 17188250812, 4303356280, 1.0953 
1073741824, 183296, 179, 16, 64, 1024, 196812581371904, 733184, 8312.8, 23675.9, 1.0747e+10, 17190430770, 4303680532, 1.09528 
1073741824, 184320, 180, 16, 64, 1024, 197912092999680, 737280, 8314.44, 23803.4, 1.07466e+10, 17192523243, 4303356292, 1.09533 
1073741824, 185344, 181, 16, 64, 1024, 199011604627456, 741376, 8305.32, 23962, 1.07458e+10, 17188251216, 4303356292, 1.0953 
1073741824, 186368, 182, 16, 64, 1024, 200111116255232, 745472, 8315.95, 24063.5, 1.07461e+10, 17190388765, 4303356232, 1.09531 
1073741824, 187392, 183, 16, 64, 1024, 201210627883008, 749568, 8307.8, 24219.5, 1.07458e+10, 17188258664, 4303356284, 1.0953 
1073741824, 188416, 184, 16, 64, 1024, 202310139510784, 753664, 8317.82, 24322.5, 1.07464e+10, 17190529284, 4303356212, 1.09531 
1073741824, 189440, 185, 16, 64, 1024, 203409651138560, 757760, 8306.08, 24489.2, 1.07458e+10, 17188250876, 4303356304, 1.0953 
1073741824, 190464, 186, 16, 64, 1024, 204509162766336, 761856, 8317.82, 24586.9, 1.07479e+10, 17191933269, 4303356156, 1.0953 
1073741824, 191488, 187, 16, 64, 1024, 205608674394112, 765952, 8304.71, 24758.1, 1.07458e+10, 17188250724, 4303356284, 1.0953 
1073741824, 192512, 188, 16, 64, 1024, 206708186021888, 770048, 8315.82, 24857.2, 1.07469e+10, 17190404279, 4303299221, 1.09528 
1073741824, 193536, 189, 16, 64, 1024, 207807697649664, 774144, 8320.07, 24976.7, 1.07461e+10, 17191957804, 4303356276, 1.09531 
1073741824, 194560, 190, 16, 64, 1024, 208907209277440, 778240, 8311.58, 25134.5, 1.07458e+10, 17188251400, 4303356304, 1.0953 
1073741824, 195584, 191, 16, 64, 1024, 210006720905216, 782336, 8322.79, 25232.7, 1.07461e+10, 17190399228, 4303356152, 1.09531 
1073741824, 196608, 192, 16, 64, 1024, 211106232532992, 786432, 8315.14, 25388.2, 1.07458e+10, 17188250704, 4303356300, 1.0953 
1073741824, 197632, 193, 16, 64, 1024, 212205744160768, 790528, 8320.8, 25503, 1.07463e+10, 17189942374, 4303356208, 1.09531 
1073741824, 198656, 194, 16, 64, 1024, 213305255788544, 794624, 8312.46, 25660.9, 1.07458e+10, 17188251556, 4303356304, 1.0953 
1073741824, 199680, 195, 16, 64, 1024, 214404767416320, 798720, 8321.97, 25763.7, 1.07482e+10, 17192161474, 4303356196, 1.0953 
1073741824, 200704, 196, 16, 64, 1024, 215504279044096, 802816, 8308.86, 25936.7, 1.07458e+10, 17188250868, 4303356280, 1.0953 
1073741824, 201728, 197, 16, 64, 1024, 216603790671872, 806912, 8326.84, 26012.7, 1.07475e+10, 17190682856, 4303993855, 1.09527 
1073741824, 202752, 198, 16, 64, 1024, 217703302299648, 811008, 8315.63, 26180, 1.07458e+10, 17188250932, 4303356272, 1.0953 
1073741824, 203776, 199, 16, 64, 1024, 218802813927424, 815104, 8329.32, 26269, 1.0749e+10, 17192531892, 4305417356, 1.09525 
1073741824, 204800, 200, 16, 64, 1024, 219902325555200, 819200, 8327.64, 26406.3, 1.07461e+10, 17190017579, 4303356320, 1.09531 
1073741824, 205824, 201, 16, 64, 1024, 221001837182976, 823296, 8314.3, 26580.9, 1.07458e+10, 17188250708, 4303356276, 1.0953 
1073741824, 206848, 202, 16, 64, 1024, 222101348810752, 827392, 8328.42, 26667.9, 1.07474e+10, 17192532166, 4303356184, 1.09533 
1073741824, 207872, 203, 16, 64, 1024, 223200860438528, 831488, 8314.1, 26846.1, 1.07458e+10, 17188255716, 4303356280, 1.0953 
1073741824, 208896, 204, 16, 64, 1024, 224300372066304, 835584, 8324.67, 26944.1, 1.07473e+10, 17191271296, 4303356160, 1.0953 
1073741824, 209920, 205, 16, 64, 1024, 225399883694080, 839680, 8316.94, 27101.3, 1.07458e+10, 17188250704, 4303356300, 1.0953 
1073741824, 210944, 206, 16, 64, 1024, 226499395321856, 843776, 8334.28, 27176.8, 1.07471e+10, 17190660002, 4303527039, 1.09528 
1073741824, 211968, 207, 16, 64, 1024, 227598906949632, 847872, 8321.69, 27350.1, 1.07458e+10, 17188250720, 4303356244, 1.0953 
1073741824, 212992, 208, 16, 64, 1024, 228698418577408, 851968, 8333.31, 27443.9, 1.0749e+10, 17192557182, 4305437712, 1.09525 
1073741824, 214016, 209, 16, 64, 1024, 229797930205184, 856064, 8332.75, 27577.7, 1.07462e+10, 17190653777, 4303356292, 1.09532 
1073741824, 215040, 210, 16, 64, 1024, 230897441832960, 860160, 8323.13, 27741.7, 1.07458e+10, 17188254340, 4303356308, 1.0953 
1073741824, 216064, 211, 16, 64, 1024, 231996953460736, 864256, 8331.19, 27846.8, 1.07474e+10, 17192113718, 4303356228, 1.09533 
1073741824, 217088, 212, 16, 64, 1024, 233096465088512, 868352, 8321.05, 28012.9, 1.07458e+10, 17188250916, 4303356276, 1.0953 
1073741824, 218112, 213, 16, 64, 1024, 234195976716288, 872448, 8336.73, 28092.1, 1.07466e+10, 17190035088, 4303356204, 1.0953 
1073741824, 219136, 214, 16, 64, 1024, 235295488344064, 876544, 8328.63, 28251.4, 1.07458e+10, 17188250864, 4303356284, 1.0953 
1073741824, 220160, 215, 16, 64, 1024, 236394999971840, 880640, 8339.74, 28345.6, 1.07482e+10, 17192158419, 4303356184, 1.0953 
1073741824, 221184, 216, 16, 64, 1024, 237494511599616, 884736, 8326.4, 28523.1, 1.07458e+10, 17188251508, 4303356300, 1.0953 
1073741824, 222208, 217, 16, 64, 1024, 238594023227392, 888832, 8337.61, 28616.6, 1.07475e+10, 17191105484, 4303949775, 1.09527 
1073741824, 223232, 218, 16, 64, 1024, 239693534855168, 892928, 8337.53, 28748.7, 1.07466e+10, 17192520816, 4303356276, 1.09533 
1073741824, 224256, 219, 16, 64, 1024, 240793046482944, 897024, 8325.65, 28921.8, 1.07458e+10, 17188250932, 4303356292, 1.0953 
1073741824, 225280, 220, 16, 64, 1024, 241892558110720, 901120, 8336.02, 29017.7, 1.07463e+10, 17190430888, 4303356200, 1.09531 
1073741824, 226304, 221, 16, 64, 1024, 242992069738496, 905216, 8329.07, 29174, 1.07458e+10, 17188250756, 4303356292, 1.0953 
1073741824, 227328, 222, 16, 64, 1024, 244091581366272, 909312, 8341.58, 29262, 1.07468e+10, 17190643883, 4303356180, 1.0953 
1073741824, 228352, 223, 16, 64, 1024, 245191092994048, 913408, 8333.79, 29421.3, 1.07458e+10, 17188251268, 4303356288, 1.0953 
1073741824, 229376, 224, 16, 64, 1024, 246290604621824, 917504, 8342.49, 29522.4, 1.07483e+10, 17192675763, 4303356160, 1.0953 
1073741824, 230400, 225, 16, 64, 1024, 247390116249600, 921600, 8331.86, 29692.1, 1.07458e+10, 17188250952, 4303356300, 1.0953 
1073741824, 231424, 226, 16, 64, 1024, 248489627877376, 925696, 8343.14, 29783.7, 1.07469e+10, 17190015535, 4303268698, 1.09528 
1073741824, 232448, 227, 16, 64, 1024, 249589139505152, 929792, 8343.46, 29914.4, 1.07461e+10, 17190425899, 4303356288, 1.09531 
1073741824, 233472, 228, 16, 64, 1024, 250688651132928, 933888, 8334.6, 30078.1, 1.07458e+10, 17188251680, 4303356272, 1.0953 
1073741824, 234496, 229, 16, 64, 1024, 251788162760704, 937984, 8347.52, 30163.2, 1.07472e+10, 17192118118, 4303356184, 1.09533 
1073741824, 235520, 230, 16, 64, 1024, 252887674388480, 942080, 8338.31, 30328.4, 1.07458e+10, 17188252628, 4303356232, 1.0953 
1073741824, 236544, 231, 16, 64, 1024, 253987186016256, 946176, 8348.42, 30423.4, 1.07466e+10, 17190453059, 4303356164, 1.0953 
1073741824, 237568, 232, 16, 64, 1024, 255086697644032, 950272, 8339.93, 30586.2, 1.07458e+10, 17188250896, 4303356288, 1.0953 
1073741824, 238592, 233, 16, 64, 1024, 256186209271808, 954368, 8347.89, 30688.7, 1.07482e+10, 17192174062, 4303356188, 1.0953 
1073741824, 239616, 234, 16, 64, 1024, 257285720899584, 958464, 8339.53, 30851.4, 1.07458e+10, 17188254512, 4303356276, 1.0953 
1073741824, 240640, 235, 16, 64, 1024, 258385232527360, 962560, 8350.39, 30942.9, 1.07469e+10, 17190443053, 4303594284, 1.09528 
1073741824, 241664, 236, 16, 64, 1024, 259484744155136, 966656, 8347.94, 31083.7, 1.07466e+10, 17192527496, 4303356300, 1.09533 
1073741824, 242688, 237, 16, 64, 1024, 260584255782912, 970752, 8340.06, 31244.9, 1.07458e+10, 17188252200, 4303356296, 1.0953 
1073741824, 243712, 238, 16, 64, 1024, 261683767410688, 974848, 8352.91, 31328.5, 1.07467e+10, 17190701965, 4303356180, 1.09532 
1073741824, 244736, 239, 16, 64, 1024, 262783279038464, 978944, 8345.82, 31486.8, 1.07458e+10, 17188251420, 4303356276, 1.0953 
1073741824, 245760, 240, 16, 64, 1024, 263882790666240, 983040, 8353.06, 31591.2, 1.07482e+10, 17192572558, 4303356204, 1.0953 
1073741824, 246784, 241, 16, 64, 1024, 264982302294016, 987136, 8344.66, 31754.7, 1.07458e+10, 17188251496, 4303356252, 1.0953 
1073741824, 247808, 242, 16, 64, 1024, 266081813921792, 991232, 8352.29, 31857.3, 1.07471e+10, 17191095405, 4303356160, 1.0953 
1073741824, 248832, 243, 16, 64, 1024, 267181325549568, 995328, 8342.76, 32025.5, 1.07458e+10, 17188251416, 4303356280, 1.0953 
1073741824, 249856, 244, 16, 64, 1024, 268280837177344, 999424, 8350.63, 32127, 1.07484e+10, 17191931659, 4304791396, 1.09526 
1073741824, 250880, 245, 16, 64, 1024, 269380348805120, 1003520, 8354.94, 32242.1, 1.07466e+10, 17192553508, 4303356296, 1.09533 
1073741824, 251904, 246, 16, 64, 1024, 270479860432896, 1007616, 8346.3, 32407.1, 1.07458e+10, 17188251028, 4303356284, 1.0953 
1073741824, 252928, 247, 16, 64, 1024, 271579372060672, 1011712, 8357.3, 32496.1, 1.07468e+10, 17191274359, 4303356808, 1.09532 
1073741824, 253952, 248, 16, 64, 1024, 272678883688448, 1015808, 8346.73, 32668.9, 1.07458e+10, 17188254728, 4303356284, 1.0953 
1073741824, 254976, 249, 16, 64, 1024, 273778395316224, 1019904, 8357.38, 32758.9, 1.07482e+10, 17192181282, 4303356200, 1.0953 
1073741824, 256000, 250, 16, 64, 1024, 274877906944000, 1024000, 8350.5, 32917.5, 1.07458e+10, 17188251772, 4303356268, 1.0953 
1073741824, 257024, 251, 16, 64, 1024, 275977418571776, 1028096, 8360.2, 33010.9, 1.07467e+10, 17190465398, 4303356152, 1.0953 
1073741824, 258048, 252, 16, 64, 1024, 277076930199552, 1032192, 8348.6, 33188.4, 1.07458e+10, 17188251340, 4303356240, 1.0953 
1073741824, 259072, 253, 16, 64, 1024, 278176441827328, 1036288, 8362.64, 33264.2, 1.0747e+10, 17190485755, 4303335196, 1.09528 
1073741824, 260096, 254, 16, 64, 1024, 279275953455104, 1040384, 8365.27, 33385.2, 1.07465e+10, 17192154887, 4303356284, 1.09533 
1073741824, 261120, 255, 16, 64, 1024, 280375465082880, 1044480, 8352.96, 33566, 1.07458e+10, 17188251516, 4303356288, 1.0953 
1073741824, 262144, 256, 16, 64, 1024, 281474976710656, 1048576, 8362.16, 33660.6, 1.07465e+10, 17190659292, 4303356172, 1.09531 
1073741824, 263168, 257, 16, 64, 1024, 282574488338432, 1052672, 8352.13, 33832.6, 1.07458e+10, 17188251376, 4303356284, 1.0953 
1073741824, 264192, 258, 16, 64, 1024, 283673999966208, 1056768, 8361.94, 33924.4, 1.0748e+10, 17192228013, 4303356168, 1.0953 
1073741824, 265216, 259, 16, 64, 1024, 284773511593984, 1060864, 8352.4, 34094.8, 1.07458e+10, 17188251268, 4303356244, 1.0953 
1073741824, 266240, 260, 16, 64, 1024, 285873023221760, 1064960, 8362.15, 34186.6, 1.07471e+10, 17190654169, 4303512088, 1.09528 
1073741824, 267264, 261, 16, 64, 1024, 286972534849536, 1069056, 8354.47, 34349.6, 1.07458e+10, 17188251012, 4303356304, 1.0953 
1073741824, 268288, 262, 16, 64, 1024, 288072046477312, 1073152, 8367.5, 34427.5, 1.07491e+10, 17192619159, 4305885706, 1.09525 
1073741824, 269312, 263, 16, 64, 1024, 289171558105088, 1077248, 8369.2, 34551.9, 1.07461e+10, 17190427217, 4303356240, 1.09531 
1073741824, 270336, 264, 16, 64, 1024, 290271069732864, 1081344, 8358.21, 34728.9, 1.07458e+10, 17188251420, 4303356284, 1.0953 
1073741824, 271360, 265, 16, 64, 1024, 291370581360640, 1085440, 8368.97, 34815.6, 1.07474e+10, 17192575139, 4303356168, 1.09533 
1073741824, 272384, 266, 16, 64, 1024, 292470092988416, 1089536, 8358.14, 34992.2, 1.07458e+10, 17188251320, 4303356256, 1.0953 
1073741824, 273408, 267, 16, 64, 1024, 293569604616192, 1093632, 8368.68, 35079.6, 1.07471e+10, 17190781794, 4303356172, 1.0953 
1073741824, 274432, 268, 16, 64, 1024, 294669116243968, 1097728, 8355.96, 35264.5, 1.07458e+10, 17188250868, 4303356288, 1.0953 
1073741824, 275456, 269, 16, 64, 1024, 295768627871744, 1101824, 8369.91, 35337.1, 1.07486e+10, 17192199978, 4305056883, 1.09525 
1073741824, 276480, 270, 16, 64, 1024, 296868139499520, 1105920, 8362.79, 35498.7, 1.07458e+10, 17188251024, 4303356248, 1.0953 
1073741824, 277504, 271, 16, 64, 1024, 297967651127296, 1110016, 8373.14, 35586.1, 1.07469e+10, 17190075940, 4303306495, 1.09528 
1073741824, 278528, 272, 16, 64, 1024, 299067162755072, 1114112, 8373.67, 35715.2, 1.07465e+10, 17192332037, 4303356264, 1.09533 
1073741824, 279552, 273, 16, 64, 1024, 300166674382848, 1118208, 8365.16, 35882.9, 1.07458e+10, 17188251012, 4303356272, 1.0953 
1073741824, 280576, 274, 16, 64, 1024, 301266186010624, 1122304, 8372.58, 35982.5, 1.07473e+10, 17192369343, 4303356180, 1.09533 
1073741824, 281600, 275, 16, 64, 1024, 302365697638400, 1126400, 8363.71, 36152.1, 1.07458e+10, 17188251256, 4303356268, 1.0953 
1073741824, 282624, 276, 16, 64, 1024, 303465209266176, 1130496, 8373.19, 36242.5, 1.0747e+10, 17190908922, 4303356204, 1.0953 
1073741824, 283648, 277, 16, 64, 1024, 304564720893952, 1134592, 8367.46, 36398.7, 1.07458e+10, 17188250904, 4303356284, 1.0953 
1073741824, 284672, 278, 16, 64, 1024, 305664232521728, 1138688, 8378.47, 36482.1, 1.07491e+10, 17192613872, 4305752858, 1.09525 
1073741824, 285696, 279, 16, 64, 1024, 306763744149504, 1142784, 8377.92, 36615.8, 1.07461e+10, 17190439852, 4303356264, 1.09531 
1073741824, 286720, 280, 16, 64, 1024, 307863255777280, 1146880, 8364.93, 36804, 1.07458e+10, 17188251072, 4303356288, 1.0953 
1073741824, 287744, 281, 16, 64, 1024, 308962767405056, 1150976, 8375.62, 36888.4, 1.07467e+10, 17192395597, 4303356152, 1.09533 
1073741824, 288768, 282, 16, 64, 1024, 310062279032832, 1155072, 8365.63, 37063.8, 1.07458e+10, 17188250916, 4303356292, 1.0953 
1073741824, 289792, 283, 16, 64, 1024, 311161790660608, 1159168, 8377.42, 37142.9, 1.07465e+10, 17190666869, 4303356192, 1.09531 
1073741824, 290816, 284, 16, 64, 1024, 312261302288384, 1163264, 8368.67, 37313.1, 1.07458e+10, 17188251176, 4303356260, 1.0953 
1073741824, 291840, 285, 16, 64, 1024, 313360813916160, 1167360, 8380.17, 37393.1, 1.07468e+10, 17190697101, 4303356140, 1.0953 
1073741824, 292864, 286, 16, 64, 1024, 314460325543936, 1171456, 8372.44, 37559, 1.07458e+10, 17188254620, 4303356280, 1.0953 
1073741824, 293888, 287, 16, 64, 1024, 315559837171712, 1175552, 8383.56, 37640.3, 1.07491e+10, 17192624715, 4305433987, 1.09525 
1073741824, 294912, 288, 16, 64, 1024, 316659348799488, 1179648, 8385.1, 37764.5, 1.07466e+10, 17192351855, 4303356264, 1.09533 
1073741824, 295936, 289, 16, 64, 1024, 317758860427264, 1183744, 8373.58, 37947.8, 1.07458e+10, 17188251312, 4303356276, 1.0953 
1073741824, 296960, 290, 16, 64, 1024, 318858372055040, 1187840, 8383.68, 38033.2, 1.07466e+10, 17190562809, 4303356144, 1.09532 
1073741824, 297984, 291, 16, 64, 1024, 319957883682816, 1191936, 8373.91, 38208.9, 1.07458e+10, 17188251272, 4303356260, 1.0953 
1073741824, 299008, 292, 16, 64, 1024, 321057395310592, 1196032, 8382.11, 38302.7, 1.07474e+10, 17192251530, 4303356180, 1.09533 
1073741824, 300032, 293, 16, 64, 1024, 322156906938368, 1200128, 8375.74, 38463.1, 1.07458e+10, 17188251052, 4303356272, 1.0953 
1073741824, 301056, 294, 16, 64, 1024, 323256418566144, 1204224, 8385.25, 38550.6, 1.07467e+10, 17190208303, 4303356196, 1.0953 
1073741824, 302080, 295, 16, 64, 1024, 324355930193920, 1208320, 8374.98, 38729.1, 1.07458e+10, 17188251116, 4303356284, 1.0953 
1073741824, 303104, 296, 16, 64, 1024, 325455441821696, 1212416, 8386.44, 38807.3, 1.07493e+10, 17192576269, 4305758379, 1.09524 
1073741824, 304128, 297, 16, 64, 1024, 326554953449472, 1216512, 8386.26, 38939.3, 1.07462e+10, 17190700383, 4303356292, 1.09532 
1073741824, 305152, 298, 16, 64, 1024, 327654465077248, 1220608, 8377.25, 39112.4, 1.07458e+10, 17188251540, 4303356260, 1.0953 
1073741824, 306176, 299, 16, 64, 1024, 328753976705024, 1224704, 8386.42, 39200.8, 1.07474e+10, 17192209891, 4303356136, 1.09533 
1073741824, 307200, 300, 16, 64, 1024, 329853488332800, 1228800, 8375.83, 39381.6, 1.07458e+10, 17188251052, 4303356248, 1.0953 
1073741824, 308224, 301, 16, 64, 1024, 330952999960576, 1232896, 8389.07, 39450.5, 1.07483e+10, 17192245614, 4303356136, 1.0953 
1073741824, 309248, 302, 16, 64, 1024, 332052511588352, 1236992, 8382.19, 39614, 1.07458e+10, 17188250904, 4303356260, 1.0953 
1073741824, 310272, 303, 16, 64, 1024, 333152023216128, 1241088, 8394.3, 39687.9, 1.0747e+10, 17190417203, 4303356144, 1.0953 
1073741824, 311296, 304, 16, 64, 1024, 334251534843904, 1245184, 8383.82, 39868.7, 1.07458e+10, 17188258556, 4303356260, 1.0953 
