[INFO] GPU Roofline Tools 
[INFO] Version 1.0.0 (C)2024 Bagus Hanindhito 
[INFO] Built for AMD Instinct MI300X (gfx942) GPUs
[INFO] Detected 8 HIP-capable device(s)
[INFO] +---+------------------------+----+----+-----------+--------------+--------------+
[INFO] |#  |Device Name             |CC  |#CU |Freq. (MHz)|Mem. Size (MB)|Mem. BW (GB/s)|
[INFO] +---+------------------------+----+----+-----------+--------------+--------------+
[INFO] |0  |AMD Instinct MI300X     |9.4 |304 |2100       |196592        |2662.4        |
[INFO] +---+------------------------+----+----+-----------+--------------+--------------+
[INFO] |1  |AMD Instinct MI300X     |9.4 |304 |2100       |196592        |2662.4        |
[INFO] +---+------------------------+----+----+-----------+--------------+--------------+
[INFO] |2  |AMD Instinct MI300X     |9.4 |304 |2100       |196592        |2662.4        |
[INFO] +---+------------------------+----+----+-----------+--------------+--------------+
[INFO] |3  |AMD Instinct MI300X     |9.4 |304 |2100       |196592        |2662.4        |
[INFO] +---+------------------------+----+----+-----------+--------------+--------------+
[INFO] |4  |AMD Instinct MI300X     |9.4 |304 |2100       |196592        |2662.4        |
[INFO] +---+------------------------+----+----+-----------+--------------+--------------+
[INFO] |5  |AMD Instinct MI300X     |9.4 |304 |2100       |196592        |2662.4        |
[INFO] +---+------------------------+----+----+-----------+--------------+--------------+
[INFO] |6  |AMD Instinct MI300X     |9.4 |304 |2100       |196592        |2662.4        |
[INFO] +---+------------------------+----+----+-----------+--------------+--------------+
[INFO] |7  |AMD Instinct MI300X     |9.4 |304 |2100       |196592        |2662.4        |
[INFO] +---+------------------------+----+----+-----------+--------------+--------------+
[WARN] This program does not currently support Multi-GPU run.
[INFO] Set default GPU to GPU index 0
[INFO] (1743280067) Running with 16 wavefront(s) per workgroup and 1 workgroup(s)
[INFO] (1743280076) Running with 16 wavefront(s) per workgroup and 2 workgroup(s)
[INFO] (1743280085) Running with 16 wavefront(s) per workgroup and 3 workgroup(s)
[INFO] (1743280093) Running with 16 wavefront(s) per workgroup and 4 workgroup(s)
[INFO] (1743280102) Running with 16 wavefront(s) per workgroup and 5 workgroup(s)
[INFO] (1743280110) Running with 16 wavefront(s) per workgroup and 6 workgroup(s)
[INFO] (1743280119) Running with 16 wavefront(s) per workgroup and 7 workgroup(s)
[INFO] (1743280128) Running with 16 wavefront(s) per workgroup and 8 workgroup(s)
[INFO] (1743280136) Running with 16 wavefront(s) per workgroup and 9 workgroup(s)
[INFO] (1743280145) Running with 16 wavefront(s) per workgroup and 10 workgroup(s)
[INFO] (1743280154) Running with 16 wavefront(s) per workgroup and 11 workgroup(s)
[INFO] (1743280162) Running with 16 wavefront(s) per workgroup and 12 workgroup(s)
[INFO] (1743280171) Running with 16 wavefront(s) per workgroup and 13 workgroup(s)
[INFO] (1743280180) Running with 16 wavefront(s) per workgroup and 14 workgroup(s)
[INFO] (1743280188) Running with 16 wavefront(s) per workgroup and 15 workgroup(s)
[INFO] (1743280197) Running with 16 wavefront(s) per workgroup and 16 workgroup(s)
[INFO] (1743280206) Running with 16 wavefront(s) per workgroup and 17 workgroup(s)
[INFO] (1743280214) Running with 16 wavefront(s) per workgroup and 18 workgroup(s)
[INFO] (1743280223) Running with 16 wavefront(s) per workgroup and 19 workgroup(s)
[INFO] (1743280232) Running with 16 wavefront(s) per workgroup and 20 workgroup(s)
[INFO] (1743280240) Running with 16 wavefront(s) per workgroup and 21 workgroup(s)
[INFO] (1743280249) Running with 16 wavefront(s) per workgroup and 22 workgroup(s)
[INFO] (1743280257) Running with 16 wavefront(s) per workgroup and 23 workgroup(s)
[INFO] (1743280266) Running with 16 wavefront(s) per workgroup and 24 workgroup(s)
[INFO] (1743280275) Running with 16 wavefront(s) per workgroup and 25 workgroup(s)
[INFO] (1743280283) Running with 16 wavefront(s) per workgroup and 26 workgroup(s)
[INFO] (1743280292) Running with 16 wavefront(s) per workgroup and 27 workgroup(s)
[INFO] (1743280301) Running with 16 wavefront(s) per workgroup and 28 workgroup(s)
[INFO] (1743280309) Running with 16 wavefront(s) per workgroup and 29 workgroup(s)
[INFO] (1743280318) Running with 16 wavefront(s) per workgroup and 30 workgroup(s)
[INFO] (1743280327) Running with 16 wavefront(s) per workgroup and 31 workgroup(s)
[INFO] (1743280335) Running with 16 wavefront(s) per workgroup and 32 workgroup(s)
[INFO] (1743280344) Running with 16 wavefront(s) per workgroup and 33 workgroup(s)
[INFO] (1743280353) Running with 16 wavefront(s) per workgroup and 34 workgroup(s)
[INFO] (1743280361) Running with 16 wavefront(s) per workgroup and 35 workgroup(s)
[INFO] (1743280370) Running with 16 wavefront(s) per workgroup and 36 workgroup(s)
[INFO] (1743280379) Running with 16 wavefront(s) per workgroup and 37 workgroup(s)
[INFO] (1743280387) Running with 16 wavefront(s) per workgroup and 38 workgroup(s)
[INFO] (1743280396) Running with 16 wavefront(s) per workgroup and 39 workgroup(s)
[INFO] (1743280405) Running with 16 wavefront(s) per workgroup and 40 workgroup(s)
[INFO] (1743280413) Running with 16 wavefront(s) per workgroup and 41 workgroup(s)
[INFO] (1743280422) Running with 16 wavefront(s) per workgroup and 42 workgroup(s)
[INFO] (1743280431) Running with 16 wavefront(s) per workgroup and 43 workgroup(s)
[INFO] (1743280439) Running with 16 wavefront(s) per workgroup and 44 workgroup(s)
[INFO] (1743280448) Running with 16 wavefront(s) per workgroup and 45 workgroup(s)
[INFO] (1743280457) Running with 16 wavefront(s) per workgroup and 46 workgroup(s)
[INFO] (1743280465) Running with 16 wavefront(s) per workgroup and 47 workgroup(s)
[INFO] (1743280474) Running with 16 wavefront(s) per workgroup and 48 workgroup(s)
[INFO] (1743280483) Running with 16 wavefront(s) per workgroup and 49 workgroup(s)
[INFO] (1743280492) Running with 16 wavefront(s) per workgroup and 50 workgroup(s)
[INFO] (1743280500) Running with 16 wavefront(s) per workgroup and 51 workgroup(s)
[INFO] (1743280509) Running with 16 wavefront(s) per workgroup and 52 workgroup(s)
[INFO] (1743280518) Running with 16 wavefront(s) per workgroup and 53 workgroup(s)
[INFO] (1743280526) Running with 16 wavefront(s) per workgroup and 54 workgroup(s)
[INFO] (1743280535) Running with 16 wavefront(s) per workgroup and 55 workgroup(s)
[INFO] (1743280544) Running with 16 wavefront(s) per workgroup and 56 workgroup(s)
[INFO] (1743280552) Running with 16 wavefront(s) per workgroup and 57 workgroup(s)
[INFO] (1743280561) Running with 16 wavefront(s) per workgroup and 58 workgroup(s)
[INFO] (1743280570) Running with 16 wavefront(s) per workgroup and 59 workgroup(s)
[INFO] (1743280578) Running with 16 wavefront(s) per workgroup and 60 workgroup(s)
[INFO] (1743280587) Running with 16 wavefront(s) per workgroup and 61 workgroup(s)
[INFO] (1743280596) Running with 16 wavefront(s) per workgroup and 62 workgroup(s)
[INFO] (1743280604) Running with 16 wavefront(s) per workgroup and 63 workgroup(s)
[INFO] (1743280613) Running with 16 wavefront(s) per workgroup and 64 workgroup(s)
[INFO] (1743280622) Running with 16 wavefront(s) per workgroup and 65 workgroup(s)
[INFO] (1743280631) Running with 16 wavefront(s) per workgroup and 66 workgroup(s)
[INFO] (1743280639) Running with 16 wavefront(s) per workgroup and 67 workgroup(s)
[INFO] (1743280648) Running with 16 wavefront(s) per workgroup and 68 workgroup(s)
[INFO] (1743280657) Running with 16 wavefront(s) per workgroup and 69 workgroup(s)
[INFO] (1743280665) Running with 16 wavefront(s) per workgroup and 70 workgroup(s)
[INFO] (1743280674) Running with 16 wavefront(s) per workgroup and 71 workgroup(s)
[INFO] (1743280683) Running with 16 wavefront(s) per workgroup and 72 workgroup(s)
[INFO] (1743280691) Running with 16 wavefront(s) per workgroup and 73 workgroup(s)
[INFO] (1743280700) Running with 16 wavefront(s) per workgroup and 74 workgroup(s)
[INFO] (1743280709) Running with 16 wavefront(s) per workgroup and 75 workgroup(s)
[INFO] (1743280718) Running with 16 wavefront(s) per workgroup and 76 workgroup(s)
[INFO] (1743280726) Running with 16 wavefront(s) per workgroup and 77 workgroup(s)
[INFO] (1743280735) Running with 16 wavefront(s) per workgroup and 78 workgroup(s)
[INFO] (1743280744) Running with 16 wavefront(s) per workgroup and 79 workgroup(s)
[INFO] (1743280752) Running with 16 wavefront(s) per workgroup and 80 workgroup(s)
[INFO] (1743280761) Running with 16 wavefront(s) per workgroup and 81 workgroup(s)
[INFO] (1743280770) Running with 16 wavefront(s) per workgroup and 82 workgroup(s)
[INFO] (1743280779) Running with 16 wavefront(s) per workgroup and 83 workgroup(s)
[INFO] (1743280787) Running with 16 wavefront(s) per workgroup and 84 workgroup(s)
[INFO] (1743280796) Running with 16 wavefront(s) per workgroup and 85 workgroup(s)
[INFO] (1743280805) Running with 16 wavefront(s) per workgroup and 86 workgroup(s)
[INFO] (1743280813) Running with 16 wavefront(s) per workgroup and 87 workgroup(s)
[INFO] (1743280822) Running with 16 wavefront(s) per workgroup and 88 workgroup(s)
[INFO] (1743280831) Running with 16 wavefront(s) per workgroup and 89 workgroup(s)
[INFO] (1743280840) Running with 16 wavefront(s) per workgroup and 90 workgroup(s)
[INFO] (1743280848) Running with 16 wavefront(s) per workgroup and 91 workgroup(s)
[INFO] (1743280857) Running with 16 wavefront(s) per workgroup and 92 workgroup(s)
[INFO] (1743280866) Running with 16 wavefront(s) per workgroup and 93 workgroup(s)
[INFO] (1743280875) Running with 16 wavefront(s) per workgroup and 94 workgroup(s)
[INFO] (1743280883) Running with 16 wavefront(s) per workgroup and 95 workgroup(s)
[INFO] (1743280892) Running with 16 wavefront(s) per workgroup and 96 workgroup(s)
[INFO] (1743280901) Running with 16 wavefront(s) per workgroup and 97 workgroup(s)
[INFO] (1743280909) Running with 16 wavefront(s) per workgroup and 98 workgroup(s)
[INFO] (1743280918) Running with 16 wavefront(s) per workgroup and 99 workgroup(s)
[INFO] (1743280927) Running with 16 wavefront(s) per workgroup and 100 workgroup(s)
[INFO] (1743280936) Running with 16 wavefront(s) per workgroup and 101 workgroup(s)
[INFO] (1743280944) Running with 16 wavefront(s) per workgroup and 102 workgroup(s)
[INFO] (1743280953) Running with 16 wavefront(s) per workgroup and 103 workgroup(s)
[INFO] (1743280962) Running with 16 wavefront(s) per workgroup and 104 workgroup(s)
[INFO] (1743280971) Running with 16 wavefront(s) per workgroup and 105 workgroup(s)
[INFO] (1743280979) Running with 16 wavefront(s) per workgroup and 106 workgroup(s)
[INFO] (1743280988) Running with 16 wavefront(s) per workgroup and 107 workgroup(s)
[INFO] (1743280997) Running with 16 wavefront(s) per workgroup and 108 workgroup(s)
[INFO] (1743281006) Running with 16 wavefront(s) per workgroup and 109 workgroup(s)
[INFO] (1743281014) Running with 16 wavefront(s) per workgroup and 110 workgroup(s)
[INFO] (1743281023) Running with 16 wavefront(s) per workgroup and 111 workgroup(s)
[INFO] (1743281032) Running with 16 wavefront(s) per workgroup and 112 workgroup(s)
[INFO] (1743281041) Running with 16 wavefront(s) per workgroup and 113 workgroup(s)
[INFO] (1743281049) Running with 16 wavefront(s) per workgroup and 114 workgroup(s)
[INFO] (1743281058) Running with 16 wavefront(s) per workgroup and 115 workgroup(s)
[INFO] (1743281067) Running with 16 wavefront(s) per workgroup and 116 workgroup(s)
[INFO] (1743281076) Running with 16 wavefront(s) per workgroup and 117 workgroup(s)
[INFO] (1743281084) Running with 16 wavefront(s) per workgroup and 118 workgroup(s)
[INFO] (1743281093) Running with 16 wavefront(s) per workgroup and 119 workgroup(s)
[INFO] (1743281102) Running with 16 wavefront(s) per workgroup and 120 workgroup(s)
[INFO] (1743281111) Running with 16 wavefront(s) per workgroup and 121 workgroup(s)
[INFO] (1743281120) Running with 16 wavefront(s) per workgroup and 122 workgroup(s)
[INFO] (1743281128) Running with 16 wavefront(s) per workgroup and 123 workgroup(s)
[INFO] (1743281137) Running with 16 wavefront(s) per workgroup and 124 workgroup(s)
[INFO] (1743281146) Running with 16 wavefront(s) per workgroup and 125 workgroup(s)
[INFO] (1743281155) Running with 16 wavefront(s) per workgroup and 126 workgroup(s)
[INFO] (1743281163) Running with 16 wavefront(s) per workgroup and 127 workgroup(s)
[INFO] (1743281172) Running with 16 wavefront(s) per workgroup and 128 workgroup(s)
[INFO] (1743281181) Running with 16 wavefront(s) per workgroup and 129 workgroup(s)
[INFO] (1743281190) Running with 16 wavefront(s) per workgroup and 130 workgroup(s)
[INFO] (1743281199) Running with 16 wavefront(s) per workgroup and 131 workgroup(s)
[INFO] (1743281207) Running with 16 wavefront(s) per workgroup and 132 workgroup(s)
[INFO] (1743281216) Running with 16 wavefront(s) per workgroup and 133 workgroup(s)
[INFO] (1743281225) Running with 16 wavefront(s) per workgroup and 134 workgroup(s)
[INFO] (1743281234) Running with 16 wavefront(s) per workgroup and 135 workgroup(s)
[INFO] (1743281242) Running with 16 wavefront(s) per workgroup and 136 workgroup(s)
[INFO] (1743281251) Running with 16 wavefront(s) per workgroup and 137 workgroup(s)
[INFO] (1743281260) Running with 16 wavefront(s) per workgroup and 138 workgroup(s)
[INFO] (1743281269) Running with 16 wavefront(s) per workgroup and 139 workgroup(s)
[INFO] (1743281278) Running with 16 wavefront(s) per workgroup and 140 workgroup(s)
[INFO] (1743281286) Running with 16 wavefront(s) per workgroup and 141 workgroup(s)
[INFO] (1743281295) Running with 16 wavefront(s) per workgroup and 142 workgroup(s)
[INFO] (1743281304) Running with 16 wavefront(s) per workgroup and 143 workgroup(s)
[INFO] (1743281313) Running with 16 wavefront(s) per workgroup and 144 workgroup(s)
[INFO] (1743281322) Running with 16 wavefront(s) per workgroup and 145 workgroup(s)
[INFO] (1743281330) Running with 16 wavefront(s) per workgroup and 146 workgroup(s)
[INFO] (1743281339) Running with 16 wavefront(s) per workgroup and 147 workgroup(s)
[INFO] (1743281348) Running with 16 wavefront(s) per workgroup and 148 workgroup(s)
[INFO] (1743281357) Running with 16 wavefront(s) per workgroup and 149 workgroup(s)
[INFO] (1743281366) Running with 16 wavefront(s) per workgroup and 150 workgroup(s)
[INFO] (1743281374) Running with 16 wavefront(s) per workgroup and 151 workgroup(s)
[INFO] (1743281383) Running with 16 wavefront(s) per workgroup and 152 workgroup(s)
[INFO] (1743281392) Running with 16 wavefront(s) per workgroup and 153 workgroup(s)
[INFO] (1743281401) Running with 16 wavefront(s) per workgroup and 154 workgroup(s)
[INFO] (1743281410) Running with 16 wavefront(s) per workgroup and 155 workgroup(s)
[INFO] (1743281419) Running with 16 wavefront(s) per workgroup and 156 workgroup(s)
[INFO] (1743281427) Running with 16 wavefront(s) per workgroup and 157 workgroup(s)
[INFO] (1743281436) Running with 16 wavefront(s) per workgroup and 158 workgroup(s)
[INFO] (1743281445) Running with 16 wavefront(s) per workgroup and 159 workgroup(s)
[INFO] (1743281454) Running with 16 wavefront(s) per workgroup and 160 workgroup(s)
[INFO] (1743281463) Running with 16 wavefront(s) per workgroup and 161 workgroup(s)
[INFO] (1743281471) Running with 16 wavefront(s) per workgroup and 162 workgroup(s)
[INFO] (1743281480) Running with 16 wavefront(s) per workgroup and 163 workgroup(s)
[INFO] (1743281489) Running with 16 wavefront(s) per workgroup and 164 workgroup(s)
[INFO] (1743281498) Running with 16 wavefront(s) per workgroup and 165 workgroup(s)
[INFO] (1743281507) Running with 16 wavefront(s) per workgroup and 166 workgroup(s)
[INFO] (1743281516) Running with 16 wavefront(s) per workgroup and 167 workgroup(s)
[INFO] (1743281524) Running with 16 wavefront(s) per workgroup and 168 workgroup(s)
[INFO] (1743281533) Running with 16 wavefront(s) per workgroup and 169 workgroup(s)
[INFO] (1743281542) Running with 16 wavefront(s) per workgroup and 170 workgroup(s)
[INFO] (1743281551) Running with 16 wavefront(s) per workgroup and 171 workgroup(s)
[INFO] (1743281560) Running with 16 wavefront(s) per workgroup and 172 workgroup(s)
[INFO] (1743281569) Running with 16 wavefront(s) per workgroup and 173 workgroup(s)
[INFO] (1743281577) Running with 16 wavefront(s) per workgroup and 174 workgroup(s)
[INFO] (1743281586) Running with 16 wavefront(s) per workgroup and 175 workgroup(s)
[INFO] (1743281595) Running with 16 wavefront(s) per workgroup and 176 workgroup(s)
[INFO] (1743281604) Running with 16 wavefront(s) per workgroup and 177 workgroup(s)
[INFO] (1743281613) Running with 16 wavefront(s) per workgroup and 178 workgroup(s)
[INFO] (1743281622) Running with 16 wavefront(s) per workgroup and 179 workgroup(s)
[INFO] (1743281631) Running with 16 wavefront(s) per workgroup and 180 workgroup(s)
[INFO] (1743281639) Running with 16 wavefront(s) per workgroup and 181 workgroup(s)
[INFO] (1743281648) Running with 16 wavefront(s) per workgroup and 182 workgroup(s)
[INFO] (1743281657) Running with 16 wavefront(s) per workgroup and 183 workgroup(s)
[INFO] (1743281666) Running with 16 wavefront(s) per workgroup and 184 workgroup(s)
[INFO] (1743281675) Running with 16 wavefront(s) per workgroup and 185 workgroup(s)
[INFO] (1743281684) Running with 16 wavefront(s) per workgroup and 186 workgroup(s)
[INFO] (1743281693) Running with 16 wavefront(s) per workgroup and 187 workgroup(s)
[INFO] (1743281701) Running with 16 wavefront(s) per workgroup and 188 workgroup(s)
[INFO] (1743281710) Running with 16 wavefront(s) per workgroup and 189 workgroup(s)
[INFO] (1743281719) Running with 16 wavefront(s) per workgroup and 190 workgroup(s)
[INFO] (1743281728) Running with 16 wavefront(s) per workgroup and 191 workgroup(s)
[INFO] (1743281737) Running with 16 wavefront(s) per workgroup and 192 workgroup(s)
[INFO] (1743281746) Running with 16 wavefront(s) per workgroup and 193 workgroup(s)
[INFO] (1743281755) Running with 16 wavefront(s) per workgroup and 194 workgroup(s)
[INFO] (1743281764) Running with 16 wavefront(s) per workgroup and 195 workgroup(s)
[INFO] (1743281772) Running with 16 wavefront(s) per workgroup and 196 workgroup(s)
[INFO] (1743281781) Running with 16 wavefront(s) per workgroup and 197 workgroup(s)
[INFO] (1743281790) Running with 16 wavefront(s) per workgroup and 198 workgroup(s)
[INFO] (1743281799) Running with 16 wavefront(s) per workgroup and 199 workgroup(s)
[INFO] (1743281808) Running with 16 wavefront(s) per workgroup and 200 workgroup(s)
[INFO] (1743281817) Running with 16 wavefront(s) per workgroup and 201 workgroup(s)
[INFO] (1743281826) Running with 16 wavefront(s) per workgroup and 202 workgroup(s)
[INFO] (1743281835) Running with 16 wavefront(s) per workgroup and 203 workgroup(s)
[INFO] (1743281843) Running with 16 wavefront(s) per workgroup and 204 workgroup(s)
[INFO] (1743281852) Running with 16 wavefront(s) per workgroup and 205 workgroup(s)
[INFO] (1743281861) Running with 16 wavefront(s) per workgroup and 206 workgroup(s)
[INFO] (1743281870) Running with 16 wavefront(s) per workgroup and 207 workgroup(s)
[INFO] (1743281879) Running with 16 wavefront(s) per workgroup and 208 workgroup(s)
[INFO] (1743281888) Running with 16 wavefront(s) per workgroup and 209 workgroup(s)
[INFO] (1743281897) Running with 16 wavefront(s) per workgroup and 210 workgroup(s)
[INFO] (1743281906) Running with 16 wavefront(s) per workgroup and 211 workgroup(s)
[INFO] (1743281915) Running with 16 wavefront(s) per workgroup and 212 workgroup(s)
[INFO] (1743281924) Running with 16 wavefront(s) per workgroup and 213 workgroup(s)
[INFO] (1743281932) Running with 16 wavefront(s) per workgroup and 214 workgroup(s)
[INFO] (1743281941) Running with 16 wavefront(s) per workgroup and 215 workgroup(s)
[INFO] (1743281950) Running with 16 wavefront(s) per workgroup and 216 workgroup(s)
[INFO] (1743281959) Running with 16 wavefront(s) per workgroup and 217 workgroup(s)
[INFO] (1743281968) Running with 16 wavefront(s) per workgroup and 218 workgroup(s)
[INFO] (1743281977) Running with 16 wavefront(s) per workgroup and 219 workgroup(s)
[INFO] (1743281986) Running with 16 wavefront(s) per workgroup and 220 workgroup(s)
[INFO] (1743281995) Running with 16 wavefront(s) per workgroup and 221 workgroup(s)
[INFO] (1743282004) Running with 16 wavefront(s) per workgroup and 222 workgroup(s)
[INFO] (1743282013) Running with 16 wavefront(s) per workgroup and 223 workgroup(s)
[INFO] (1743282022) Running with 16 wavefront(s) per workgroup and 224 workgroup(s)
[INFO] (1743282031) Running with 16 wavefront(s) per workgroup and 225 workgroup(s)
[INFO] (1743282039) Running with 16 wavefront(s) per workgroup and 226 workgroup(s)
[INFO] (1743282048) Running with 16 wavefront(s) per workgroup and 227 workgroup(s)
[INFO] (1743282057) Running with 16 wavefront(s) per workgroup and 228 workgroup(s)
[INFO] (1743282066) Running with 16 wavefront(s) per workgroup and 229 workgroup(s)
[INFO] (1743282075) Running with 16 wavefront(s) per workgroup and 230 workgroup(s)
[INFO] (1743282084) Running with 16 wavefront(s) per workgroup and 231 workgroup(s)
[INFO] (1743282093) Running with 16 wavefront(s) per workgroup and 232 workgroup(s)
[INFO] (1743282102) Running with 16 wavefront(s) per workgroup and 233 workgroup(s)
[INFO] (1743282111) Running with 16 wavefront(s) per workgroup and 234 workgroup(s)
[INFO] (1743282120) Running with 16 wavefront(s) per workgroup and 235 workgroup(s)
[INFO] (1743282129) Running with 16 wavefront(s) per workgroup and 236 workgroup(s)
[INFO] (1743282138) Running with 16 wavefront(s) per workgroup and 237 workgroup(s)
[INFO] (1743282147) Running with 16 wavefront(s) per workgroup and 238 workgroup(s)
[INFO] (1743282156) Running with 16 wavefront(s) per workgroup and 239 workgroup(s)
[INFO] (1743282165) Running with 16 wavefront(s) per workgroup and 240 workgroup(s)
[INFO] (1743282174) Running with 16 wavefront(s) per workgroup and 241 workgroup(s)
[INFO] (1743282183) Running with 16 wavefront(s) per workgroup and 242 workgroup(s)
[INFO] (1743282191) Running with 16 wavefront(s) per workgroup and 243 workgroup(s)
[INFO] (1743282200) Running with 16 wavefront(s) per workgroup and 244 workgroup(s)
[INFO] (1743282209) Running with 16 wavefront(s) per workgroup and 245 workgroup(s)
[INFO] (1743282218) Running with 16 wavefront(s) per workgroup and 246 workgroup(s)
[INFO] (1743282227) Running with 16 wavefront(s) per workgroup and 247 workgroup(s)
[INFO] (1743282236) Running with 16 wavefront(s) per workgroup and 248 workgroup(s)
[INFO] (1743282245) Running with 16 wavefront(s) per workgroup and 249 workgroup(s)
[INFO] (1743282254) Running with 16 wavefront(s) per workgroup and 250 workgroup(s)
[INFO] (1743282263) Running with 16 wavefront(s) per workgroup and 251 workgroup(s)
[INFO] (1743282272) Running with 16 wavefront(s) per workgroup and 252 workgroup(s)
[INFO] (1743282281) Running with 16 wavefront(s) per workgroup and 253 workgroup(s)
[INFO] (1743282290) Running with 16 wavefront(s) per workgroup and 254 workgroup(s)
[INFO] (1743282300) Running with 16 wavefront(s) per workgroup and 255 workgroup(s)
[INFO] (1743282309) Running with 16 wavefront(s) per workgroup and 256 workgroup(s)
[INFO] (1743282318) Running with 16 wavefront(s) per workgroup and 257 workgroup(s)
[INFO] (1743282327) Running with 16 wavefront(s) per workgroup and 258 workgroup(s)
[INFO] (1743282336) Running with 16 wavefront(s) per workgroup and 259 workgroup(s)
[INFO] (1743282345) Running with 16 wavefront(s) per workgroup and 260 workgroup(s)
[INFO] (1743282354) Running with 16 wavefront(s) per workgroup and 261 workgroup(s)
[INFO] (1743282363) Running with 16 wavefront(s) per workgroup and 262 workgroup(s)
[INFO] (1743282372) Running with 16 wavefront(s) per workgroup and 263 workgroup(s)
[INFO] (1743282382) Running with 16 wavefront(s) per workgroup and 264 workgroup(s)
[INFO] (1743282391) Running with 16 wavefront(s) per workgroup and 265 workgroup(s)
[INFO] (1743282400) Running with 16 wavefront(s) per workgroup and 266 workgroup(s)
[INFO] (1743282409) Running with 16 wavefront(s) per workgroup and 267 workgroup(s)
[INFO] (1743282418) Running with 16 wavefront(s) per workgroup and 268 workgroup(s)
[INFO] (1743282428) Running with 16 wavefront(s) per workgroup and 269 workgroup(s)
[INFO] (1743282437) Running with 16 wavefront(s) per workgroup and 270 workgroup(s)
[INFO] (1743282446) Running with 16 wavefront(s) per workgroup and 271 workgroup(s)
[INFO] (1743282455) Running with 16 wavefront(s) per workgroup and 272 workgroup(s)
[INFO] (1743282464) Running with 16 wavefront(s) per workgroup and 273 workgroup(s)
[INFO] (1743282474) Running with 16 wavefront(s) per workgroup and 274 workgroup(s)
[INFO] (1743282483) Running with 16 wavefront(s) per workgroup and 275 workgroup(s)
[INFO] (1743282493) Running with 16 wavefront(s) per workgroup and 276 workgroup(s)
[INFO] (1743282502) Running with 16 wavefront(s) per workgroup and 277 workgroup(s)
[INFO] (1743282511) Running with 16 wavefront(s) per workgroup and 278 workgroup(s)
[INFO] (1743282521) Running with 16 wavefront(s) per workgroup and 279 workgroup(s)
[INFO] (1743282530) Running with 16 wavefront(s) per workgroup and 280 workgroup(s)
[INFO] (1743282539) Running with 16 wavefront(s) per workgroup and 281 workgroup(s)
[INFO] (1743282548) Running with 16 wavefront(s) per workgroup and 282 workgroup(s)
[INFO] (1743282558) Running with 16 wavefront(s) per workgroup and 283 workgroup(s)
[INFO] (1743282567) Running with 16 wavefront(s) per workgroup and 284 workgroup(s)
[INFO] (1743282576) Running with 16 wavefront(s) per workgroup and 285 workgroup(s)
[INFO] (1743282586) Running with 16 wavefront(s) per workgroup and 286 workgroup(s)
[INFO] (1743282595) Running with 16 wavefront(s) per workgroup and 287 workgroup(s)
[INFO] (1743282605) Running with 16 wavefront(s) per workgroup and 288 workgroup(s)
[INFO] (1743282614) Running with 16 wavefront(s) per workgroup and 289 workgroup(s)
[INFO] (1743282624) Running with 16 wavefront(s) per workgroup and 290 workgroup(s)
[INFO] (1743282633) Running with 16 wavefront(s) per workgroup and 291 workgroup(s)
[INFO] (1743282643) Running with 16 wavefront(s) per workgroup and 292 workgroup(s)
[INFO] (1743282652) Running with 16 wavefront(s) per workgroup and 293 workgroup(s)
[INFO] (1743282662) Running with 16 wavefront(s) per workgroup and 294 workgroup(s)
[INFO] (1743282671) Running with 16 wavefront(s) per workgroup and 295 workgroup(s)
[INFO] (1743282681) Running with 16 wavefront(s) per workgroup and 296 workgroup(s)
[INFO] (1743282690) Running with 16 wavefront(s) per workgroup and 297 workgroup(s)
[INFO] (1743282700) Running with 16 wavefront(s) per workgroup and 298 workgroup(s)
[INFO] (1743282709) Running with 16 wavefront(s) per workgroup and 299 workgroup(s)
[INFO] (1743282719) Running with 16 wavefront(s) per workgroup and 300 workgroup(s)
[INFO] (1743282728) Running with 16 wavefront(s) per workgroup and 301 workgroup(s)
[INFO] (1743282738) Running with 16 wavefront(s) per workgroup and 302 workgroup(s)
[INFO] (1743282747) Running with 16 wavefront(s) per workgroup and 303 workgroup(s)
[INFO] (1743282757) Running with 16 wavefront(s) per workgroup and 304 workgroup(s)
Result V_FMA3 with fp64
n_iter, n_thread, n_wg, n_wf, wf_size, wg_size, n_flops, n_bytes, time_ms, gflop/s, avg_clock, max_clock, min_clock, stdev_clock 
1073741824, 1024, 1, 16, 64, 1024, 2199023255552, 24576, 8654.98, 254.076, 1.16546e+10, 18052789971, 5383147904, 1.07948 
1073741824, 2048, 2, 16, 64, 1024, 4398046511104, 49152, 8625.16, 509.909, 1.16503e+10, 18046725379, 5381082036, 1.07949 
1073741824, 3072, 3, 16, 64, 1024, 6597069766656, 73728, 8642.36, 763.341, 1.16502e+10, 18046651700, 5379586650, 1.0795 
1073741824, 4096, 4, 16, 64, 1024, 8796093022208, 98304, 8644.36, 1017.55, 1.16494e+10, 18046827363, 5379378415, 1.07952 
1073741824, 5120, 5, 16, 64, 1024, 10995116277760, 122880, 8639.64, 1272.64, 1.16475e+10, 18043449562, 5378409904, 1.07952 
1073741824, 6144, 6, 16, 64, 1024, 13194139533312, 147456, 8636.79, 1527.67, 1.16498e+10, 18045897364, 5381271802, 1.07948 
1073741824, 7168, 7, 16, 64, 1024, 15393162788864, 172032, 8650.01, 1779.55, 1.16491e+10, 18045599502, 5378409688, 1.07952 
1073741824, 8192, 8, 16, 64, 1024, 17592186044416, 196608, 8641.96, 2035.67, 1.16469e+10, 18042483252, 5378409564, 1.07952 
1073741824, 9216, 9, 16, 64, 1024, 19791209299968, 221184, 8652.33, 2287.39, 1.16479e+10, 18043752544, 5379106667, 1.0795 
1073741824, 10240, 10, 16, 64, 1024, 21990232555520, 245760, 8652.09, 2541.61, 1.16477e+10, 18046341014, 5378409736, 1.07954 
1073741824, 11264, 11, 16, 64, 1024, 24189255811072, 270336, 8642.46, 2798.88, 1.16469e+10, 18042483028, 5378409728, 1.07952 
1073741824, 12288, 12, 16, 64, 1024, 26388279066624, 294912, 8650.89, 3050.36, 1.16473e+10, 18043632428, 5378409232, 1.07953 
1073741824, 13312, 13, 16, 64, 1024, 28587302322176, 319488, 8636.12, 3310.2, 1.16469e+10, 18042483112, 5378409800, 1.07952 
1073741824, 14336, 14, 16, 64, 1024, 30786325577728, 344064, 8651.43, 3558.52, 1.16498e+10, 18045838654, 5381012717, 1.07948 
1073741824, 15360, 15, 16, 64, 1024, 32985348833280, 368640, 8646.37, 3814.94, 1.16469e+10, 18042483252, 5378409708, 1.07952 
1073741824, 16384, 16, 16, 64, 1024, 35184372088832, 393216, 8658.22, 4063.7, 1.16478e+10, 18043859060, 5379007790, 1.07951 
1073741824, 17408, 17, 16, 64, 1024, 37383395344384, 417792, 8652.77, 4320.4, 1.16472e+10, 18044059889, 5378409652, 1.07953 
1073741824, 18432, 18, 16, 64, 1024, 39582418599936, 442368, 8649.66, 4576.18, 1.16469e+10, 18042483228, 5378409000, 1.07952 
1073741824, 19456, 19, 16, 64, 1024, 41781441855488, 466944, 8660.74, 4824.24, 1.16492e+10, 18045911880, 5378408888, 1.07952 
1073741824, 20480, 20, 16, 64, 1024, 43980465111040, 491520, 8647.58, 5085.87, 1.16469e+10, 18042483304, 5378408992, 1.07952 
1073741824, 21504, 21, 16, 64, 1024, 46179488366592, 516096, 8657.44, 5334.08, 1.16485e+10, 18045003600, 5379086902, 1.0795 
1073741824, 22528, 22, 16, 64, 1024, 48378511622144, 540672, 8659.01, 5587.07, 1.16477e+10, 18046330729, 5378408780, 1.07954 
1073741824, 23552, 23, 16, 64, 1024, 50577534877696, 565248, 8654.56, 5844.03, 1.16469e+10, 18042483260, 5378408912, 1.07952 
1073741824, 24576, 24, 16, 64, 1024, 52776558133248, 589824, 8665.54, 6090.39, 1.16477e+10, 18044358812, 5378408780, 1.07953 
1073741824, 25600, 25, 16, 64, 1024, 54975581388800, 614400, 8659.37, 6348.68, 1.16469e+10, 18042483180, 5378408888, 1.07952 
1073741824, 26624, 26, 16, 64, 1024, 57174604644352, 638976, 8661.65, 6600.89, 1.16491e+10, 18046031800, 5378408784, 1.07952 
1073741824, 27648, 27, 16, 64, 1024, 59373627899904, 663552, 8658.01, 6857.65, 1.16469e+10, 18042483360, 5378408880, 1.07952 
1073741824, 28672, 28, 16, 64, 1024, 61572651155456, 688128, 8669.53, 7102.19, 1.16485e+10, 18044677784, 5379739803, 1.0795 
1073741824, 29696, 29, 16, 64, 1024, 63771674411008, 712704, 8659.4, 7364.44, 1.16476e+10, 18045664431, 5378408884, 1.07954 
1073741824, 30720, 30, 16, 64, 1024, 65970697666560, 737280, 8657.38, 7620.17, 1.16469e+10, 18042483160, 5378408768, 1.07952 
1073741824, 31744, 31, 16, 64, 1024, 68169720922112, 761856, 8659.79, 7871.98, 1.16483e+10, 18045867037, 5378408900, 1.07954 
1073741824, 32768, 32, 16, 64, 1024, 70368744177664, 786432, 8659.18, 8126.49, 1.16469e+10, 18042483300, 5378408772, 1.07952 
1073741824, 33792, 33, 16, 64, 1024, 72567767433216, 811008, 8671.79, 8368.25, 1.16479e+10, 18044473471, 5378408888, 1.07952 
1073741824, 34816, 34, 16, 64, 1024, 74766790688768, 835584, 8661.44, 8632.14, 1.16469e+10, 18042483232, 5378408784, 1.07952 
1073741824, 35840, 35, 16, 64, 1024, 76965813944320, 860160, 8676.43, 8870.68, 1.16481e+10, 18044594000, 5379331737, 1.0795 
1073741824, 36864, 36, 16, 64, 1024, 79164837199872, 884736, 8662.8, 9138.48, 1.16476e+10, 18045686328, 5378408756, 1.07954 
1073741824, 37888, 37, 16, 64, 1024, 81363860455424, 909312, 8659.31, 9396.12, 1.16469e+10, 18042532684, 5378408876, 1.07952 
1073741824, 38912, 38, 16, 64, 1024, 83562883710976, 933888, 8670.2, 9637.94, 1.16477e+10, 18044699288, 5378408772, 1.07953 
1073741824, 39936, 39, 16, 64, 1024, 85761906966528, 958464, 8665.11, 9897.39, 1.16469e+10, 18042532656, 5378408892, 1.07952 
1073741824, 40960, 40, 16, 64, 1024, 87960930222080, 983040, 8685.73, 10127.1, 1.16494e+10, 18046741372, 5378408792, 1.07952 
1073741824, 41984, 41, 16, 64, 1024, 90159953477632, 1007616, 8660.54, 10410.4, 1.16469e+10, 18042536084, 5378408904, 1.07952 
1073741824, 43008, 42, 16, 64, 1024, 92358976733184, 1032192, 8682.4, 10637.5, 1.16479e+10, 18044022363, 5378862680, 1.0795 
1073741824, 44032, 43, 16, 64, 1024, 94557999988736, 1056768, 8676.33, 10898.4, 1.16476e+10, 18046014230, 5378408876, 1.07954 
1073741824, 45056, 44, 16, 64, 1024, 96757023244288, 1081344, 8668.06, 11162.5, 1.16469e+10, 18042534904, 5378408816, 1.07952 
1073741824, 46080, 45, 16, 64, 1024, 98956046499840, 1105920, 8681.71, 11398.2, 1.16476e+10, 18044038935, 5378408872, 1.07952 
1073741824, 47104, 46, 16, 64, 1024, 101155069755392, 1130496, 8666.55, 11671.9, 1.16469e+10, 18042534072, 5378408832, 1.07952 
1073741824, 48128, 47, 16, 64, 1024, 103354093010944, 1155072, 8688.82, 11895.1, 1.165e+10, 18046137367, 5380918938, 1.07948 
1073741824, 49152, 48, 16, 64, 1024, 105553116266496, 1179648, 8680.63, 12159.6, 1.16472e+10, 18044430094, 5378408876, 1.07953 
1073741824, 50176, 49, 16, 64, 1024, 107752139522048, 1204224, 8674.89, 12421.2, 1.16469e+10, 18042535220, 5378408888, 1.07952 
1073741824, 51200, 50, 16, 64, 1024, 109951162777600, 1228800, 8678.79, 12669, 1.16475e+10, 18044154501, 5378408760, 1.07953 
1073741824, 52224, 51, 16, 64, 1024, 112150186033152, 1253376, 8683.83, 12914.8, 1.16469e+10, 18042538780, 5378408872, 1.07952 
1073741824, 53248, 52, 16, 64, 1024, 114349209288704, 1277952, 8686.76, 13163.6, 1.1649e+10, 18046087876, 5378408768, 1.07952 
1073741824, 54272, 53, 16, 64, 1024, 116548232544256, 1302528, 8673, 13438, 1.16469e+10, 18042543220, 5378408852, 1.07952 
1073741824, 55296, 54, 16, 64, 1024, 118747255799808, 1327104, 8688.12, 13667.8, 1.16479e+10, 18043915838, 5378833064, 1.0795 
1073741824, 56320, 55, 16, 64, 1024, 120946279055360, 1351680, 8693.89, 13911.6, 1.16476e+10, 18046215439, 5378408884, 1.07954 
1073741824, 57344, 56, 16, 64, 1024, 123145302310912, 1376256, 8699.85, 14154.9, 1.16469e+10, 18042535880, 5378408828, 1.07952 
1073741824, 58368, 57, 16, 64, 1024, 125344325566464, 1400832, 8688.83, 14425.9, 1.16474e+10, 18044028361, 5378408860, 1.07953 
1073741824, 59392, 58, 16, 64, 1024, 127543348822016, 1425408, 8687.96, 14680.5, 1.16469e+10, 18042532496, 5378408820, 1.07952 
1073741824, 60416, 59, 16, 64, 1024, 129742372077568, 1449984, 8700.01, 14912.9, 1.16493e+10, 18046547017, 5378408888, 1.07952 
1073741824, 61440, 60, 16, 64, 1024, 131941395333120, 1474560, 8680.58, 15199.6, 1.16469e+10, 18042539304, 5378408828, 1.07952 
1073741824, 62464, 61, 16, 64, 1024, 134140418588672, 1499136, 8695.46, 15426.5, 1.16479e+10, 18044074891, 5378815348, 1.0795 
1073741824, 63488, 62, 16, 64, 1024, 136339441844224, 1523712, 8694.81, 15680.6, 1.16477e+10, 18046344626, 5378408832, 1.07954 
1073741824, 64512, 63, 16, 64, 1024, 138538465099776, 1548288, 8691.51, 15939.5, 1.16469e+10, 18042538524, 5378408988, 1.07952 
1073741824, 65536, 64, 16, 64, 1024, 140737488355328, 1572864, 8698.92, 16178.7, 1.1648e+10, 18044518273, 5378408780, 1.07952 
1073741824, 66560, 65, 16, 64, 1024, 142936511610880, 1597440, 8692.8, 16443.1, 1.16469e+10, 18042533968, 5378408876, 1.07952 
1073741824, 67584, 66, 16, 64, 1024, 145135534866432, 1622016, 8699.91, 16682.4, 1.16479e+10, 18043905499, 5378938372, 1.0795 
1073741824, 68608, 67, 16, 64, 1024, 147334558121984, 1646592, 8700.17, 16934.7, 1.16476e+10, 18045738918, 5378408868, 1.07954 
1073741824, 69632, 68, 16, 64, 1024, 149533581377536, 1671168, 8695.23, 17197.2, 1.16469e+10, 18042540984, 5378408860, 1.07952 
1073741824, 70656, 69, 16, 64, 1024, 151732604633088, 1695744, 8705.9, 17428.7, 1.16475e+10, 18044024089, 5378408812, 1.07953 
1073741824, 71680, 70, 16, 64, 1024, 153931627888640, 1720320, 8700.66, 17691.9, 1.16469e+10, 18042535428, 5378408824, 1.07952 
1073741824, 72704, 71, 16, 64, 1024, 156130651144192, 1744896, 8712.58, 17920.1, 1.16493e+10, 18046504422, 5378408808, 1.07952 
1073741824, 73728, 72, 16, 64, 1024, 158329674399744, 1769472, 8701.07, 18196.6, 1.16469e+10, 18042538832, 5378408884, 1.07952 
1073741824, 74752, 73, 16, 64, 1024, 160528697655296, 1794048, 8710.51, 18429.3, 1.16479e+10, 18044052587, 5378583227, 1.0795 
1073741824, 75776, 74, 16, 64, 1024, 162727720910848, 1818624, 8711.79, 18679, 1.16477e+10, 18045986588, 5378408864, 1.07954 
1073741824, 76800, 75, 16, 64, 1024, 164926744166400, 1843200, 8698.41, 18960.6, 1.16469e+10, 18042538320, 5378408848, 1.07952 
1073741824, 77824, 76, 16, 64, 1024, 167125767421952, 1867776, 8711.75, 19183.9, 1.16474e+10, 18044395514, 5378408800, 1.07953 
1073741824, 78848, 77, 16, 64, 1024, 169324790677504, 1892352, 8700.23, 19462.1, 1.16469e+10, 18042540120, 5378408836, 1.07952 
1073741824, 79872, 78, 16, 64, 1024, 171523813933056, 1916928, 8715.81, 19679.6, 1.16491e+10, 18046016923, 5378408828, 1.07952 
1073741824, 80896, 79, 16, 64, 1024, 173722837188608, 1941504, 8711.37, 19942.1, 1.16469e+10, 18042542236, 5378408880, 1.07952 
1073741824, 81920, 80, 16, 64, 1024, 175921860444160, 1966080, 8718.64, 20177.7, 1.16482e+10, 18044311828, 5379211831, 1.0795 
1073741824, 82944, 81, 16, 64, 1024, 178120883699712, 1990656, 8722.1, 20421.8, 1.16476e+10, 18044844435, 5378408876, 1.07953 
1073741824, 83968, 82, 16, 64, 1024, 180319906955264, 2015232, 8705.66, 20713, 1.1647e+10, 18042538136, 5378408872, 1.07952 
1073741824, 84992, 83, 16, 64, 1024, 182518930210816, 2039808, 8728.35, 20911, 1.16494e+10, 18046565301, 5378408820, 1.07952 
1073741824, 86016, 84, 16, 64, 1024, 184717953466368, 2064384, 8706.38, 21216.4, 1.16469e+10, 18042541156, 5378408880, 1.07952 
1073741824, 87040, 85, 16, 64, 1024, 186916976721920, 2088960, 8726.75, 21418.9, 1.16486e+10, 18044705221, 5379199875, 1.0795 
1073741824, 88064, 86, 16, 64, 1024, 189115999977472, 2113536, 8729.76, 21663.4, 1.16477e+10, 18046692566, 5378408848, 1.07954 
1073741824, 89088, 87, 16, 64, 1024, 191315023233024, 2138112, 8718.99, 21942.3, 1.16469e+10, 18042540656, 5378408888, 1.07952 
1073741824, 90112, 88, 16, 64, 1024, 193514046488576, 2162688, 8731.64, 22162.4, 1.16477e+10, 18045084273, 5378408856, 1.07953 
1073741824, 91136, 89, 16, 64, 1024, 195713069744128, 2187264, 8715, 22457, 1.16469e+10, 18042536492, 5378408860, 1.07952 
1073741824, 92160, 90, 16, 64, 1024, 197912092999680, 2211840, 8731.19, 22667.2, 1.1649e+10, 18047323079, 5378408836, 1.07952 
1073741824, 93184, 91, 16, 64, 1024, 200111116255232, 2236416, 8712.07, 22969.4, 1.1647e+10, 18042537964, 5378408892, 1.07952 
1073741824, 94208, 92, 16, 64, 1024, 202310139510784, 2260992, 8730.33, 23173.3, 1.1648e+10, 18045083211, 5378865097, 1.0795 
1073741824, 95232, 93, 16, 64, 1024, 204509162766336, 2285568, 8729.73, 23426.7, 1.16477e+10, 18046245314, 5378408848, 1.07954 
1073741824, 96256, 94, 16, 64, 1024, 206708186021888, 2310144, 8734.71, 23665.1, 1.16469e+10, 18042539244, 5378408864, 1.07952 
1073741824, 97280, 95, 16, 64, 1024, 208907209277440, 2334720, 8739.04, 23905.1, 1.16475e+10, 18044115143, 5378408864, 1.07952 
1073741824, 98304, 96, 16, 64, 1024, 211106232532992, 2359296, 8732.5, 24174.8, 1.16469e+10, 18042540336, 5378408888, 1.07952 
1073741824, 99328, 97, 16, 64, 1024, 213305255788544, 2383872, 8738.81, 24409, 1.16499e+10, 18046025218, 5380735142, 1.07948 
1073741824, 100352, 98, 16, 64, 1024, 215504279044096, 2408448, 8738.72, 24660.8, 1.16472e+10, 18045018665, 5378408856, 1.07952 
1073741824, 101376, 99, 16, 64, 1024, 217703302299648, 2433024, 8727.8, 24943.7, 1.1647e+10, 18042538944, 5378408844, 1.07952 
1073741824, 102400, 100, 16, 64, 1024, 219902325555200, 2457600, 8739.29, 25162.5, 1.16484e+10, 18046472633, 5378408768, 1.07954 
1073741824, 103424, 101, 16, 64, 1024, 222101348810752, 2482176, 8735.35, 25425.6, 1.1647e+10, 18042541676, 5378408860, 1.07952 
1073741824, 104448, 102, 16, 64, 1024, 224300372066304, 2506752, 8750.75, 25632.1, 1.16479e+10, 18045072353, 5378408772, 1.07952 
1073741824, 105472, 103, 16, 64, 1024, 226499395321856, 2531328, 8741.12, 25911.9, 1.1647e+10, 18042540884, 5378408868, 1.07952 
1073741824, 106496, 104, 16, 64, 1024, 228698418577408, 2555904, 8748.07, 26142.7, 1.16501e+10, 18046398715, 5380164328, 1.07948 
1073741824, 107520, 105, 16, 64, 1024, 230897441832960, 2580480, 8755.28, 26372.4, 1.16472e+10, 18044129438, 5378408884, 1.07952 
1073741824, 108544, 106, 16, 64, 1024, 233096465088512, 2605056, 8739.34, 26672.1, 1.1647e+10, 18042539612, 5378408884, 1.07952 
1073741824, 109568, 107, 16, 64, 1024, 235295488344064, 2629632, 8751.59, 26886, 1.16485e+10, 18046253352, 5378408832, 1.07954 
1073741824, 110592, 108, 16, 64, 1024, 237494511599616, 2654208, 8736.65, 27183.7, 1.1647e+10, 18042539816, 5378408876, 1.07952 
1073741824, 111616, 109, 16, 64, 1024, 239693534855168, 2678784, 8755.79, 27375.4, 1.16484e+10, 18044541205, 5379102480, 1.0795 
1073741824, 112640, 110, 16, 64, 1024, 241892558110720, 2703360, 8759.89, 27613.6, 1.16473e+10, 18045712532, 5378408884, 1.07953 
1073741824, 113664, 111, 16, 64, 1024, 244091581366272, 2727936, 8749.91, 27896.5, 1.1647e+10, 18042539108, 5378408896, 1.07952 
1073741824, 114688, 112, 16, 64, 1024, 246290604621824, 2752512, 8760.4, 28114.1, 1.16484e+10, 18046027193, 5378408756, 1.07954 
1073741824, 115712, 113, 16, 64, 1024, 248489627877376, 2777088, 8748.49, 28403.7, 1.1647e+10, 18042539432, 5378408936, 1.07952 
1073741824, 116736, 114, 16, 64, 1024, 250688651132928, 2801664, 8758.49, 28622.4, 1.16483e+10, 18045892004, 5378408708, 1.07952 
1073741824, 117760, 115, 16, 64, 1024, 252887674388480, 2826240, 8752.33, 28893.8, 1.1647e+10, 18042540564, 5378408916, 1.07952 
1073741824, 118784, 116, 16, 64, 1024, 255086697644032, 2850816, 8757.07, 29129.2, 1.16497e+10, 18045821793, 5380474764, 1.07948 
1073741824, 119808, 117, 16, 64, 1024, 257285720899584, 2875392, 8767.23, 29346.3, 1.16472e+10, 18044119758, 5378408876, 1.07952 
1073741824, 120832, 118, 16, 64, 1024, 259484744155136, 2899968, 8765.1, 29604.3, 1.1647e+10, 18042539856, 5378408916, 1.07952 
1073741824, 121856, 119, 16, 64, 1024, 261683767410688, 2924544, 8771.94, 29831.9, 1.16484e+10, 18046244326, 5378408844, 1.07954 
1073741824, 122880, 120, 16, 64, 1024, 263882790666240, 2949120, 8765.45, 30104.9, 1.1647e+10, 18042537980, 5378408816, 1.07952 
1073741824, 123904, 121, 16, 64, 1024, 266081813921792, 2973696, 8772.59, 30331, 1.16488e+10, 18045962960, 5379473344, 1.07949 
1073741824, 124928, 122, 16, 64, 1024, 268280837177344, 2998272, 8773.94, 30577, 1.16477e+10, 18046207008, 5378408852, 1.07954 
1073741824, 125952, 123, 16, 64, 1024, 270479860432896, 3022848, 8766.05, 30855.4, 1.1647e+10, 18042540872, 5378408916, 1.07952 
1073741824, 126976, 124, 16, 64, 1024, 272678883688448, 3047424, 8770.43, 31090.7, 1.16479e+10, 18045963802, 5378408732, 1.07953 
1073741824, 128000, 125, 16, 64, 1024, 274877906944000, 3072000, 8766.81, 31354.4, 1.1647e+10, 18042543524, 5378409404, 1.07952 
1073741824, 129024, 126, 16, 64, 1024, 277076930199552, 3096576, 8783.98, 31543.4, 1.16491e+10, 18046239781, 5378408968, 1.07952 
1073741824, 130048, 127, 16, 64, 1024, 279275953455104, 3121152, 8772.66, 31834.8, 1.1647e+10, 18042539144, 5378408904, 1.07952 
1073741824, 131072, 128, 16, 64, 1024, 281474976710656, 3145728, 8780.66, 32056.2, 1.16482e+10, 18046556318, 5378907408, 1.0795 
1073741824, 132096, 129, 16, 64, 1024, 283673999966208, 3170304, 8782.84, 32298.7, 1.16476e+10, 18046036179, 5378409300, 1.07954 
1073741824, 133120, 130, 16, 64, 1024, 285873023221760, 3194880, 8775.41, 32576.6, 1.1647e+10, 18042542180, 5378409336, 1.07952 
1073741824, 134144, 131, 16, 64, 1024, 288072046477312, 3219456, 8781.67, 32803.8, 1.16475e+10, 18044628576, 5378408928, 1.07952 
1073741824, 135168, 132, 16, 64, 1024, 290271069732864, 3244032, 8774.6, 33080.8, 1.1647e+10, 18042542384, 5378409400, 1.07952 
1073741824, 136192, 133, 16, 64, 1024, 292470092988416, 3268608, 8790.47, 33271.3, 1.16498e+10, 18045983020, 5380711547, 1.07948 
1073741824, 137216, 134, 16, 64, 1024, 294669116243968, 3293184, 8791.36, 33518, 1.16473e+10, 18044476491, 5378409296, 1.07953 
1073741824, 138240, 135, 16, 64, 1024, 296868139499520, 3317760, 8779.13, 33815.2, 1.1647e+10, 18042537312, 5378409296, 1.07952 
1073741824, 139264, 136, 16, 64, 1024, 299067162755072, 3342336, 8794.08, 34007.8, 1.16476e+10, 18045585121, 5378408968, 1.07953 
1073741824, 140288, 137, 16, 64, 1024, 301266186010624, 3366912, 8786.98, 34285.5, 1.1647e+10, 18042537176, 5378409292, 1.07952 
1073741824, 141312, 138, 16, 64, 1024, 303465209266176, 3391488, 8794.51, 34506.2, 1.16492e+10, 18046258723, 5378408908, 1.07952 
1073741824, 142336, 139, 16, 64, 1024, 305664232521728, 3416064, 8781.64, 34807.2, 1.1647e+10, 18042543604, 5378409324, 1.07952 
1073741824, 143360, 140, 16, 64, 1024, 307863255777280, 3440640, 8792.05, 35016.1, 1.1648e+10, 18044593956, 5378839276, 1.0795 
1073741824, 144384, 141, 16, 64, 1024, 310062279032832, 3465216, 8797.39, 35244.8, 1.16478e+10, 18046752494, 5378409228, 1.07954 
1073741824, 145408, 142, 16, 64, 1024, 312261302288384, 3489792, 8797.39, 35494.8, 1.1647e+10, 18042539940, 5378409300, 1.07952 
1073741824, 146432, 143, 16, 64, 1024, 314460325543936, 3514368, 8807.91, 35702, 1.16479e+10, 18044508261, 5378408936, 1.07952 
1073741824, 147456, 144, 16, 64, 1024, 316659348799488, 3538944, 8795.54, 36002.3, 1.1647e+10, 18042539368, 5378409256, 1.07952 
1073741824, 148480, 145, 16, 64, 1024, 318858372055040, 3563520, 8807.92, 36201.3, 1.16484e+10, 18045716403, 5379134897, 1.0795 
1073741824, 149504, 146, 16, 64, 1024, 321057395310592, 3588096, 8805.63, 36460.5, 1.16477e+10, 18046078616, 5378409408, 1.07954 
1073741824, 150528, 147, 16, 64, 1024, 323256418566144, 3612672, 8795.92, 36750.7, 1.1647e+10, 18042540524, 5378409280, 1.07952 
1073741824, 151552, 148, 16, 64, 1024, 325455441821696, 3637248, 8806.28, 36957.2, 1.16484e+10, 18046143805, 5378408968, 1.07954 
1073741824, 152576, 149, 16, 64, 1024, 327654465077248, 3661824, 8802.93, 37221.1, 1.1647e+10, 18042538340, 5378409256, 1.07952 
1073741824, 153600, 150, 16, 64, 1024, 329853488332800, 3686400, 8819.96, 37398.5, 1.1648e+10, 18044506716, 5378409120, 1.07952 
1073741824, 154624, 151, 16, 64, 1024, 332052511588352, 3710976, 8808.09, 37698.6, 1.1647e+10, 18042541592, 5378409280, 1.07952 
1073741824, 155648, 152, 16, 64, 1024, 334251534843904, 3735552, 8818.61, 37903, 1.16485e+10, 18046474431, 5379198826, 1.0795 
1073741824, 156672, 153, 16, 64, 1024, 336450558099456, 3760128, 8818.45, 38153, 1.16484e+10, 18046264033, 5378409276, 1.07954 
1073741824, 157696, 154, 16, 64, 1024, 338649581355008, 3784704, 8804.91, 38461.5, 1.1647e+10, 18042541476, 5378409368, 1.07952 
1073741824, 158720, 155, 16, 64, 1024, 340848604610560, 3809280, 8819.73, 38646.2, 1.16493e+10, 18046385805, 5378408888, 1.07952 
1073741824, 159744, 156, 16, 64, 1024, 343047627866112, 3833856, 8812.13, 38929, 1.1647e+10, 18042543044, 5378409448, 1.07952 
1073741824, 160768, 157, 16, 64, 1024, 345246651121664, 3858432, 8826.88, 39113.1, 1.16484e+10, 18044662307, 5379339409, 1.0795 
1073741824, 161792, 158, 16, 64, 1024, 347445674377216, 3883008, 8829.94, 39348.6, 1.16473e+10, 18046391039, 5378409424, 1.07953 
1073741824, 162816, 159, 16, 64, 1024, 349644697632768, 3907584, 8820.79, 39638.7, 1.1647e+10, 18042541472, 5378409300, 1.07952 
1073741824, 163840, 160, 16, 64, 1024, 351843720888320, 3932160, 8827.36, 39858.3, 1.16484e+10, 18046273950, 5378409028, 1.07954 
1073741824, 164864, 161, 16, 64, 1024, 354042744143872, 3956736, 8814.53, 40165.8, 1.1647e+10, 18042539128, 5378409368, 1.07952 
1073741824, 165888, 162, 16, 64, 1024, 356241767399424, 3981312, 8828.35, 40352, 1.16488e+10, 18046538345, 5379533963, 1.07949 
1073741824, 166912, 163, 16, 64, 1024, 358440790654976, 4005888, 8829.1, 40597.7, 1.16477e+10, 18046162480, 5378409228, 1.07954 
1073741824, 167936, 164, 16, 64, 1024, 360639813910528, 4030464, 8817.04, 40902.6, 1.1647e+10, 18042540768, 5378409444, 1.07952 
1073741824, 168960, 165, 16, 64, 1024, 362838837166080, 4055040, 8832.57, 41079.7, 1.16479e+10, 18045828869, 5378408932, 1.07953 
1073741824, 169984, 166, 16, 64, 1024, 365037860421632, 4079616, 8834.93, 41317.6, 1.1647e+10, 18042541052, 5378409428, 1.07952 
1073741824, 171008, 167, 16, 64, 1024, 367236883677184, 4104192, 8843.18, 41527.7, 1.16494e+10, 18046543565, 5378408904, 1.07952 
1073741824, 172032, 168, 16, 64, 1024, 369435906932736, 4128768, 8831.83, 41830, 1.1647e+10, 18042539328, 5378409344, 1.07952 
1073741824, 173056, 169, 16, 64, 1024, 371634930188288, 4153344, 8843.09, 42025.5, 1.16488e+10, 18046171556, 5379482783, 1.07949 
1073741824, 174080, 170, 16, 64, 1024, 373833953443840, 4177920, 8839.44, 42291.6, 1.16485e+10, 18046255841, 5378409628, 1.07954 
1073741824, 175104, 171, 16, 64, 1024, 376032976699392, 4202496, 8830.76, 42582.2, 1.1647e+10, 18042539528, 5378409200, 1.07952 
1073741824, 176128, 172, 16, 64, 1024, 378231999954944, 4227072, 8842.06, 42776.4, 1.16484e+10, 18046169653, 5378408940, 1.07952 
1073741824, 177152, 173, 16, 64, 1024, 380431023210496, 4251648, 8832.6, 43071.3, 1.1647e+10, 18042539144, 5378409240, 1.07952 
1073741824, 178176, 174, 16, 64, 1024, 382630046466048, 4276224, 8851.39, 43228.2, 1.16498e+10, 18046088232, 5379814020, 1.07948 
1073741824, 179200, 175, 16, 64, 1024, 384829069721600, 4300800, 8857.2, 43448.1, 1.16474e+10, 18046422023, 5378409212, 1.07953 
1073741824, 180224, 176, 16, 64, 1024, 387028092977152, 4325376, 8841.4, 43774.5, 1.1647e+10, 18042545068, 5378409396, 1.07952 
1073741824, 181248, 177, 16, 64, 1024, 389227116232704, 4349952, 8855.46, 43953.3, 1.16484e+10, 18046058265, 5378408996, 1.07954 
1073741824, 182272, 178, 16, 64, 1024, 391426139488256, 4374528, 8842.71, 44265.4, 1.1647e+10, 18042539280, 5378409252, 1.07952 
1073741824, 183296, 179, 16, 64, 1024, 393625162743808, 4399104, 8852.67, 44464, 1.16483e+10, 18046004823, 5378984232, 1.0795 
1073741824, 184320, 180, 16, 64, 1024, 395824185999360, 4423680, 8857.77, 44686.7, 1.16477e+10, 18046254137, 5378409296, 1.07954 
1073741824, 185344, 181, 16, 64, 1024, 398023209254912, 4448256, 8846.85, 44990.4, 1.1647e+10, 18042540552, 5378409296, 1.07952 
1073741824, 186368, 182, 16, 64, 1024, 400222232510464, 4472832, 8867.41, 45134.1, 1.16476e+10, 18046021905, 5378409140, 1.07953 
1073741824, 187392, 183, 16, 64, 1024, 402421255766016, 4497408, 8858.33, 45428.6, 1.1647e+10, 18042541144, 5378409328, 1.07952 
1073741824, 188416, 184, 16, 64, 1024, 404620279021568, 4521984, 8863.98, 45647.7, 1.16491e+10, 18046082850, 5378408968, 1.07952 
1073741824, 189440, 185, 16, 64, 1024, 406819302277120, 4546560, 8860.14, 45915.7, 1.1647e+10, 18042539364, 5378409216, 1.07952 
1073741824, 190464, 186, 16, 64, 1024, 409018325532672, 4571136, 8862.22, 46153, 1.16483e+10, 18046206670, 5378875475, 1.0795 
1073741824, 191488, 187, 16, 64, 1024, 411217348788224, 4595712, 8868.95, 46366, 1.16484e+10, 18046408458, 5378409260, 1.07954 
1073741824, 192512, 188, 16, 64, 1024, 413416372043776, 4620288, 8853.13, 46697.2, 1.1647e+10, 18042539540, 5378409372, 1.07952 
1073741824, 193536, 189, 16, 64, 1024, 415615395299328, 4644864, 8871.71, 46847.3, 1.1648e+10, 18046597445, 5378408924, 1.07952 
1073741824, 194560, 190, 16, 64, 1024, 417814418554880, 4669440, 8868.3, 47113.2, 1.1647e+10, 18042543916, 5378409408, 1.07952 
1073741824, 195584, 191, 16, 64, 1024, 420013441810432, 4694016, 8878.49, 47306.9, 1.16502e+10, 18046607726, 5381149315, 1.07947 
1073741824, 196608, 192, 16, 64, 1024, 422212465065984, 4718592, 8876.21, 47566.7, 1.16474e+10, 18045749871, 5378409344, 1.07953 
1073741824, 197632, 193, 16, 64, 1024, 424411488321536, 4743168, 8867.41, 47861.9, 1.1647e+10, 18042542140, 5378409268, 1.07952 
1073741824, 198656, 194, 16, 64, 1024, 426610511577088, 4767744, 8880.26, 48040.3, 1.16493e+10, 18046396419, 5378409132, 1.07952 
1073741824, 199680, 195, 16, 64, 1024, 428809534832640, 4792320, 8865.86, 48366.4, 1.1647e+10, 18042544784, 5378409308, 1.07952 
1073741824, 200704, 196, 16, 64, 1024, 431008558088192, 4816896, 8879.02, 48542.3, 1.1648e+10, 18044515564, 5378512715, 1.0795 
1073741824, 201728, 197, 16, 64, 1024, 433207581343744, 4841472, 8882.43, 48771.3, 1.16477e+10, 18046238047, 5378409336, 1.07954 
1073741824, 202752, 198, 16, 64, 1024, 435406604599296, 4866048, 8881.96, 49021.4, 1.1647e+10, 18042541256, 5378409340, 1.07952 
1073741824, 203776, 199, 16, 64, 1024, 437605627854848, 4890624, 8889.1, 49229.4, 1.16475e+10, 18044345693, 5378409084, 1.07952 
1073741824, 204800, 200, 16, 64, 1024, 439804651110400, 4915200, 8882.38, 49514.3, 1.1647e+10, 18042538684, 5378409232, 1.07952 
1073741824, 205824, 201, 16, 64, 1024, 442003674365952, 4939776, 8891.01, 49713.5, 1.165e+10, 18046252735, 5380441776, 1.07948 
1073741824, 206848, 202, 16, 64, 1024, 444202697621504, 4964352, 8893.17, 49948.7, 1.16473e+10, 18044483934, 5378409352, 1.07952 
1073741824, 207872, 203, 16, 64, 1024, 446401720877056, 4988928, 8879.75, 50271.9, 1.1647e+10, 18042545276, 5378409260, 1.07952 
1073741824, 208896, 204, 16, 64, 1024, 448600744132608, 5013504, 8889.32, 50465.1, 1.16478e+10, 18045128369, 5378409276, 1.07953 
1073741824, 209920, 205, 16, 64, 1024, 450799767388160, 5038080, 8884.08, 50742.4, 1.1647e+10, 18042540928, 5378409264, 1.07952 
1073741824, 210944, 206, 16, 64, 1024, 452998790643712, 5062656, 8900.91, 50893.5, 1.16489e+10, 18045981938, 5378409192, 1.07952 
1073741824, 211968, 207, 16, 64, 1024, 455197813899264, 5087232, 8901.2, 51139, 1.16471e+10, 18044063633, 5378409360, 1.07952 
1073741824, 212992, 208, 16, 64, 1024, 457396837154816, 5111808, 8895.17, 51420.8, 1.1647e+10, 18042537692, 5378409328, 1.07952 
1073741824, 214016, 209, 16, 64, 1024, 459595860410368, 5136384, 8901.63, 51630.6, 1.16485e+10, 18046237588, 5378409216, 1.07954 
1073741824, 215040, 210, 16, 64, 1024, 461794883665920, 5160960, 8890.06, 51945.1, 1.1647e+10, 18042540104, 5378409408, 1.07952 
1073741824, 216064, 211, 16, 64, 1024, 463993906921472, 5185536, 8903.44, 52114, 1.16492e+10, 18046120070, 5378408980, 1.07952 
1073741824, 217088, 212, 16, 64, 1024, 466192930177024, 5210112, 8890.96, 52434.5, 1.1647e+10, 18042542068, 5378409384, 1.07952 
1073741824, 218112, 213, 16, 64, 1024, 468391953432576, 5234688, 8907.23, 52585.6, 1.16485e+10, 18044636443, 5379037805, 1.0795 
1073741824, 219136, 214, 16, 64, 1024, 470590976688128, 5259264, 8913.28, 52796.6, 1.16476e+10, 18044740051, 5378409272, 1.07953 
1073741824, 220160, 215, 16, 64, 1024, 472789999943680, 5283840, 8909.31, 53067, 1.1647e+10, 18042539768, 5378409260, 1.07952 
1073741824, 221184, 216, 16, 64, 1024, 474989023199232, 5308416, 8913.08, 53291.3, 1.16494e+10, 18046612337, 5378409284, 1.07952 
1073741824, 222208, 217, 16, 64, 1024, 477188046454784, 5332992, 8905.54, 53583.3, 1.1647e+10, 18042541804, 5378409292, 1.07952 
1073741824, 223232, 218, 16, 64, 1024, 479387069710336, 5357568, 8913.73, 53780.8, 1.16481e+10, 18044513910, 5378576235, 1.0795 
1073741824, 224256, 219, 16, 64, 1024, 481586092965888, 5382144, 8912.49, 54035, 1.16477e+10, 18046354288, 5378409232, 1.07954 
1073741824, 225280, 220, 16, 64, 1024, 483785116221440, 5406720, 8906.04, 54321, 1.1647e+10, 18042540816, 5378409408, 1.07952 
1073741824, 226304, 221, 16, 64, 1024, 485984139476992, 5431296, 8919.51, 54485.5, 1.16482e+10, 18044956160, 5378409272, 1.07952 
1073741824, 227328, 222, 16, 64, 1024, 488183162732544, 5455872, 8917.97, 54741.5, 1.1647e+10, 18042543860, 5378409872, 1.07952 
1073741824, 228352, 223, 16, 64, 1024, 490382185988096, 5480448, 8926.11, 54938, 1.16502e+10, 18046341676, 5380734330, 1.07947 
1073741824, 229376, 224, 16, 64, 1024, 492581209243648, 5505024, 8927.33, 55176.7, 1.16477e+10, 18046412727, 5378409468, 1.07954 
1073741824, 230400, 225, 16, 64, 1024, 494780232499200, 5529600, 8915.87, 55494.3, 1.1647e+10, 18042544316, 5378409280, 1.07952 
1073741824, 231424, 226, 16, 64, 1024, 496979255754752, 5554176, 8924.37, 55687.9, 1.16477e+10, 18044927399, 5378409084, 1.07953 
1073741824, 232448, 227, 16, 64, 1024, 499178279010304, 5578752, 8920.27, 55960, 1.1647e+10, 18042538904, 5378409276, 1.07952 
1073741824, 233472, 228, 16, 64, 1024, 501377302265856, 5603328, 8927.3, 56162.2, 1.16483e+10, 18044720759, 5378862510, 1.0795 
1073741824, 234496, 229, 16, 64, 1024, 503576325521408, 5627904, 8931.42, 56382.6, 1.16478e+10, 18046553789, 5378409272, 1.07954 
1073741824, 235520, 230, 16, 64, 1024, 505775348776960, 5652480, 8929.47, 56641.2, 1.1647e+10, 18042538272, 5378409360, 1.07952 
1073741824, 236544, 231, 16, 64, 1024, 507974372032512, 5677056, 8940.09, 56819.9, 1.16478e+10, 18045135051, 5378409108, 1.07953 
1073741824, 237568, 232, 16, 64, 1024, 510173395288064, 5701632, 8934.95, 57098.6, 1.1647e+10, 18042541200, 5378409472, 1.07952 
1073741824, 238592, 233, 16, 64, 1024, 512372418543616, 5726208, 8946.4, 57271.4, 1.16498e+10, 18046222927, 5380354090, 1.07948 
1073741824, 239616, 234, 16, 64, 1024, 514571441799168, 5750784, 8948.37, 57504.5, 1.16473e+10, 18044461789, 5378409300, 1.07952 
1073741824, 240640, 235, 16, 64, 1024, 516770465054720, 5775360, 8938.88, 57811.5, 1.1647e+10, 18042541708, 5378409252, 1.07952 
1073741824, 241664, 236, 16, 64, 1024, 518969488310272, 5799936, 8953.57, 57962.3, 1.16483e+10, 18046014787, 5378409144, 1.07954 
1073741824, 242688, 237, 16, 64, 1024, 521168511565824, 5824512, 8946.19, 58255.9, 1.1647e+10, 18042539880, 5378409300, 1.07952 
1073741824, 243712, 238, 16, 64, 1024, 523367534821376, 5849088, 8965.34, 58376.8, 1.16483e+10, 18044735561, 5378860946, 1.0795 
1073741824, 244736, 239, 16, 64, 1024, 525566558076928, 5873664, 8960.47, 58653.9, 1.16477e+10, 18046443114, 5378409300, 1.07954 
1073741824, 245760, 240, 16, 64, 1024, 527765581332480, 5898240, 8954.75, 58936.9, 1.1647e+10, 18042539096, 5378409468, 1.07952 
1073741824, 246784, 241, 16, 64, 1024, 529964604588032, 5922816, 8964.42, 59118.7, 1.16475e+10, 18044528022, 5378409240, 1.07952 
1073741824, 247808, 242, 16, 64, 1024, 532163627843584, 5947392, 8957.22, 59411.7, 1.1647e+10, 18042541592, 5378409440, 1.07952 
1073741824, 248832, 243, 16, 64, 1024, 534362651099136, 5971968, 8966.34, 59596.5, 1.16492e+10, 18046428825, 5378409096, 1.07952 
1073741824, 249856, 244, 16, 64, 1024, 536561674354688, 5996544, 8968.28, 59828.8, 1.16471e+10, 18044695824, 5378409304, 1.07952 
1073741824, 250880, 245, 16, 64, 1024, 538760697610240, 6021120, 8963.63, 60105.2, 1.1647e+10, 18042539780, 5378409344, 1.07952 
1073741824, 251904, 246, 16, 64, 1024, 540959720865792, 6045696, 8984.85, 60208, 1.16485e+10, 18046428491, 5378408992, 1.07954 
1073741824, 252928, 247, 16, 64, 1024, 543158744121344, 6070272, 8979.26, 60490.3, 1.1647e+10, 18042542748, 5378409352, 1.07952 
1073741824, 253952, 248, 16, 64, 1024, 545357767376896, 6094848, 8996.16, 60621.1, 1.16483e+10, 18045132255, 5378409204, 1.07952 
1073741824, 254976, 249, 16, 64, 1024, 547556790632448, 6119424, 9003.95, 60813, 1.1647e+10, 18042543836, 5378409236, 1.07952 
1073741824, 256000, 250, 16, 64, 1024, 549755813888000, 6144000, 9007.63, 61032.2, 1.16498e+10, 18046223854, 5380350962, 1.07948 
1073741824, 257024, 251, 16, 64, 1024, 551954837143552, 6168576, 9018.7, 61201.1, 1.16476e+10, 18044679427, 5378409332, 1.07953 
1073741824, 258048, 252, 16, 64, 1024, 554153860399104, 6193152, 9026.51, 61391.8, 1.1647e+10, 18042541948, 5378409300, 1.07952 
1073741824, 259072, 253, 16, 64, 1024, 556352883654656, 6217728, 9040.76, 61538.3, 1.16494e+10, 18046691607, 5378409216, 1.07952 
1073741824, 260096, 254, 16, 64, 1024, 558551906910208, 6242304, 9061.4, 61640.8, 1.16473e+10, 18046129324, 5378409316, 1.07952 
1073741824, 261120, 255, 16, 64, 1024, 560750930165760, 6266880, 9067.05, 61844.9, 1.1647e+10, 18042540940, 5378409416, 1.07952 
1073741824, 262144, 256, 16, 64, 1024, 562949953421312, 6291456, 9088.57, 61940.4, 1.16477e+10, 18044935421, 5378409336, 1.07953 
1073741824, 263168, 257, 16, 64, 1024, 565148976676864, 6316032, 9092.57, 62155, 1.1647e+10, 18042542528, 5378409444, 1.07952 
1073741824, 264192, 258, 16, 64, 1024, 567347999932416, 6340608, 9114.62, 62245.9, 1.16479e+10, 18044569447, 5378409320, 1.07952 
1073741824, 265216, 259, 16, 64, 1024, 569547023187968, 6365184, 9126.99, 62402.5, 1.16477e+10, 18046225037, 5378409424, 1.07954 
1073741824, 266240, 260, 16, 64, 1024, 571746046443520, 6389760, 9127.66, 62638.8, 1.1647e+10, 18042540888, 5378409416, 1.07952 
1073741824, 267264, 261, 16, 64, 1024, 573945069699072, 6414336, 9152.6, 62708.4, 1.16486e+10, 18046373170, 5378409360, 1.07954 
1073741824, 268288, 262, 16, 64, 1024, 576144092954624, 6438912, 9168.02, 62842.8, 1.1647e+10, 18042542544, 5378409316, 1.07952 
1073741824, 269312, 263, 16, 64, 1024, 578343116210176, 6463488, 9181.84, 62987.7, 1.16481e+10, 18044511440, 5378575095, 1.0795 
1073741824, 270336, 264, 16, 64, 1024, 580542139465728, 6488064, 9185.1, 63204.7, 1.16477e+10, 18046426269, 5378409416, 1.07954 
1073741824, 271360, 265, 16, 64, 1024, 582741162721280, 6512640, 9182.45, 63462.5, 1.1647e+10, 18042542308, 5378409432, 1.07952 
1073741824, 272384, 266, 16, 64, 1024, 584940185976832, 6537216, 9186.62, 63673.1, 1.16483e+10, 18045002378, 5378409444, 1.07952 
1073741824, 273408, 267, 16, 64, 1024, 587139209232384, 6561792, 9178.86, 63966.5, 1.1647e+10, 18042542596, 5378409324, 1.07952 
1073741824, 274432, 268, 16, 64, 1024, 589338232487936, 6586368, 9193.44, 64104.2, 1.16502e+10, 18046646133, 5380838626, 1.07947 
1073741824, 275456, 269, 16, 64, 1024, 591537255743488, 6610944, 9194.22, 64337.9, 1.16478e+10, 18046650929, 5378409380, 1.07954 
1073741824, 276480, 270, 16, 64, 1024, 593736278999040, 6635520, 9196, 64564.6, 1.1647e+10, 18042539744, 5378409312, 1.07952 
1073741824, 277504, 271, 16, 64, 1024, 595935302254592, 6660096, 9210.98, 64698.3, 1.16482e+10, 18044971435, 5378409420, 1.07952 
1073741824, 278528, 272, 16, 64, 1024, 598134325510144, 6684672, 9211.57, 64932.9, 1.1647e+10, 18042543844, 5378409412, 1.07952 
1073741824, 279552, 273, 16, 64, 1024, 600333348765696, 6709248, 9218.11, 65125.4, 1.16483e+10, 18044727060, 5379141011, 1.0795 
1073741824, 280576, 274, 16, 64, 1024, 602532372021248, 6733824, 9230.15, 65278.7, 1.16486e+10, 18046303310, 5378409276, 1.07954 
1073741824, 281600, 275, 16, 64, 1024, 604731395276800, 6758400, 9908.9, 61029.1, 1.1647e+10, 18042542072, 5378409444, 1.07952 
1073741824, 282624, 276, 16, 64, 1024, 606930418532352, 6782976, 9264.69, 65510.1, 1.16487e+10, 18045150840, 5379309559, 1.07949 
1073741824, 283648, 277, 16, 64, 1024, 609129441787904, 6807552, 9261.22, 65772.1, 1.16477e+10, 18046233234, 5378409412, 1.07954 
1073741824, 284672, 278, 16, 64, 1024, 611328465043456, 6832128, 9260.79, 66012.5, 1.1647e+10, 18042540128, 5378409416, 1.07952 
1073741824, 285696, 279, 16, 64, 1024, 613527488299008, 6856704, 9282.63, 66094.1, 1.1648e+10, 18044418045, 5378409360, 1.07952 
1073741824, 286720, 280, 16, 64, 1024, 615726511554560, 6881280, 9300.88, 66200.9, 1.1647e+10, 18042541088, 5378409424, 1.07952 
1073741824, 287744, 281, 16, 64, 1024, 617925534810112, 6905856, 9328.49, 66240.7, 1.16496e+10, 18046051309, 5380264884, 1.07948 
1073741824, 288768, 282, 16, 64, 1024, 620124558065664, 6930432, 9329.94, 66466.1, 1.16476e+10, 18044706691, 5378409356, 1.07953 
1073741824, 289792, 283, 16, 64, 1024, 622323581321216, 6955008, 9346.25, 66585.4, 1.1647e+10, 18042542464, 5378409340, 1.07952 
1073741824, 290816, 284, 16, 64, 1024, 624522604576768, 6979584, 9371.35, 66641.7, 1.16501e+10, 18046615325, 5381014515, 1.07947 
1073741824, 291840, 285, 16, 64, 1024, 626721627832320, 7004160, 9386.08, 66771.4, 1.16474e+10, 18044843746, 5378409540, 1.07953 
1073741824, 292864, 286, 16, 64, 1024, 628920651087872, 7028736, 9393.93, 66949.7, 1.1647e+10, 18042543484, 5378409420, 1.07952 
1073741824, 293888, 287, 16, 64, 1024, 631119674343424, 7053312, 9476.38, 66599.2, 1.16491e+10, 18046272975, 5378409360, 1.07952 
1073741824, 294912, 288, 16, 64, 1024, 633318697598976, 7077888, 9427.81, 67175.6, 1.1647e+10, 18042538856, 5378409424, 1.07952 
1073741824, 295936, 289, 16, 64, 1024, 635517720854528, 7102464, 9731.22, 65307.1, 1.16483e+10, 18044713576, 5378813264, 1.0795 
1073741824, 296960, 290, 16, 64, 1024, 637716744110080, 7127040, 9452.42, 67466, 1.16486e+10, 18046348887, 5378409284, 1.07954 
1073741824, 297984, 291, 16, 64, 1024, 639915767365632, 7151616, 9453.77, 67688.9, 1.1647e+10, 18042541816, 5378409324, 1.07952 
1073741824, 299008, 292, 16, 64, 1024, 642114790621184, 7176192, 9463.41, 67852.3, 1.165e+10, 18046177510, 5380856231, 1.07948 
1073741824, 300032, 293, 16, 64, 1024, 644313813876736, 7200768, 9457.27, 68128.9, 1.16474e+10, 18044639865, 5378409316, 1.07953 
1073741824, 301056, 294, 16, 64, 1024, 646512837132288, 7225344, 9458.18, 68354.9, 1.1647e+10, 18042542696, 5378409504, 1.07952 
1073741824, 302080, 295, 16, 64, 1024, 648711860387840, 7249920, 9461.12, 68566.1, 1.16494e+10, 18046336803, 5378409496, 1.07952 
1073741824, 303104, 296, 16, 64, 1024, 650910883643392, 7274496, 9474.98, 68697.9, 1.16472e+10, 18044167172, 5378409384, 1.07952 
1073741824, 304128, 297, 16, 64, 1024, 653109906898944, 7299072, 9467.2, 68986.6, 1.1647e+10, 18042542952, 5378409448, 1.07952 
1073741824, 305152, 298, 16, 64, 1024, 655308930154496, 7323648, 9474.39, 69166.4, 1.16475e+10, 18044223895, 5378409440, 1.07952 
1073741824, 306176, 299, 16, 64, 1024, 657507953410048, 7348224, 9479.65, 69360, 1.1647e+10, 18042542448, 5378409412, 1.07952 
1073741824, 307200, 300, 16, 64, 1024, 659706976665600, 7372800, 9498.48, 69453.9, 1.16498e+10, 18045872833, 5380746734, 1.07948 
1073741824, 308224, 301, 16, 64, 1024, 661905999921152, 7397376, 9507.46, 69619.7, 1.16486e+10, 18046281605, 5378409356, 1.07954 
1073741824, 309248, 302, 16, 64, 1024, 664105023176704, 7421952, 9517.92, 69774.2, 1.1647e+10, 18042544808, 5378409420, 1.07952 
1073741824, 310272, 303, 16, 64, 1024, 666304046432256, 7446528, 9599.19, 69412.5, 1.16478e+10, 18044141339, 5378409420, 1.07952 
1073741824, 311296, 304, 16, 64, 1024, 668503069687808, 7471104, 9553.41, 69975.3, 1.16478e+10, 18045743913, 5378409412, 1.07954 
