[INFO] GPU Roofline Tools 
[INFO] Version 1.0.0 (C)2024 Bagus Hanindhito 
[INFO] Built for AMD Instinct MI300X (gfx942) GPUs
[INFO] Detected 8 HIP-capable device(s)
[INFO] +---+------------------------+----+----+-----------+--------------+--------------+
[INFO] |#  |Device Name             |CC  |#CU |Freq. (MHz)|Mem. Size (MB)|Mem. BW (GB/s)|
[INFO] +---+------------------------+----+----+-----------+--------------+--------------+
[INFO] |0  |AMD Instinct MI300X     |9.4 |304 |2100       |196592        |2662.4        |
[INFO] +---+------------------------+----+----+-----------+--------------+--------------+
[INFO] |1  |AMD Instinct MI300X     |9.4 |304 |2100       |196592        |2662.4        |
[INFO] +---+------------------------+----+----+-----------+--------------+--------------+
[INFO] |2  |AMD Instinct MI300X     |9.4 |304 |2100       |196592        |2662.4        |
[INFO] +---+------------------------+----+----+-----------+--------------+--------------+
[INFO] |3  |AMD Instinct MI300X     |9.4 |304 |2100       |196592        |2662.4        |
[INFO] +---+------------------------+----+----+-----------+--------------+--------------+
[INFO] |4  |AMD Instinct MI300X     |9.4 |304 |2100       |196592        |2662.4        |
[INFO] +---+------------------------+----+----+-----------+--------------+--------------+
[INFO] |5  |AMD Instinct MI300X     |9.4 |304 |2100       |196592        |2662.4        |
[INFO] +---+------------------------+----+----+-----------+--------------+--------------+
[INFO] |6  |AMD Instinct MI300X     |9.4 |304 |2100       |196592        |2662.4        |
[INFO] +---+------------------------+----+----+-----------+--------------+--------------+
[INFO] |7  |AMD Instinct MI300X     |9.4 |304 |2100       |196592        |2662.4        |
[INFO] +---+------------------------+----+----+-----------+--------------+--------------+
[WARN] This program does not currently support Multi-GPU run.
[INFO] Set default GPU to GPU index 0
[INFO] (1743260265) Running with 16 wavefront(s) per workgroup and 1 workgroup(s)
[INFO] (1743260274) Running with 16 wavefront(s) per workgroup and 2 workgroup(s)
[INFO] (1743260282) Running with 16 wavefront(s) per workgroup and 3 workgroup(s)
[INFO] (1743260290) Running with 16 wavefront(s) per workgroup and 4 workgroup(s)
[INFO] (1743260298) Running with 16 wavefront(s) per workgroup and 5 workgroup(s)
[INFO] (1743260306) Running with 16 wavefront(s) per workgroup and 6 workgroup(s)
[INFO] (1743260315) Running with 16 wavefront(s) per workgroup and 7 workgroup(s)
[INFO] (1743260323) Running with 16 wavefront(s) per workgroup and 8 workgroup(s)
[INFO] (1743260331) Running with 16 wavefront(s) per workgroup and 9 workgroup(s)
[INFO] (1743260339) Running with 16 wavefront(s) per workgroup and 10 workgroup(s)
[INFO] (1743260348) Running with 16 wavefront(s) per workgroup and 11 workgroup(s)
[INFO] (1743260356) Running with 16 wavefront(s) per workgroup and 12 workgroup(s)
[INFO] (1743260364) Running with 16 wavefront(s) per workgroup and 13 workgroup(s)
[INFO] (1743260372) Running with 16 wavefront(s) per workgroup and 14 workgroup(s)
[INFO] (1743260381) Running with 16 wavefront(s) per workgroup and 15 workgroup(s)
[INFO] (1743260389) Running with 16 wavefront(s) per workgroup and 16 workgroup(s)
[INFO] (1743260397) Running with 16 wavefront(s) per workgroup and 17 workgroup(s)
[INFO] (1743260405) Running with 16 wavefront(s) per workgroup and 18 workgroup(s)
[INFO] (1743260414) Running with 16 wavefront(s) per workgroup and 19 workgroup(s)
[INFO] (1743260422) Running with 16 wavefront(s) per workgroup and 20 workgroup(s)
[INFO] (1743260430) Running with 16 wavefront(s) per workgroup and 21 workgroup(s)
[INFO] (1743260438) Running with 16 wavefront(s) per workgroup and 22 workgroup(s)
[INFO] (1743260447) Running with 16 wavefront(s) per workgroup and 23 workgroup(s)
[INFO] (1743260455) Running with 16 wavefront(s) per workgroup and 24 workgroup(s)
[INFO] (1743260463) Running with 16 wavefront(s) per workgroup and 25 workgroup(s)
[INFO] (1743260471) Running with 16 wavefront(s) per workgroup and 26 workgroup(s)
[INFO] (1743260480) Running with 16 wavefront(s) per workgroup and 27 workgroup(s)
[INFO] (1743260488) Running with 16 wavefront(s) per workgroup and 28 workgroup(s)
[INFO] (1743260496) Running with 16 wavefront(s) per workgroup and 29 workgroup(s)
[INFO] (1743260504) Running with 16 wavefront(s) per workgroup and 30 workgroup(s)
[INFO] (1743260513) Running with 16 wavefront(s) per workgroup and 31 workgroup(s)
[INFO] (1743260521) Running with 16 wavefront(s) per workgroup and 32 workgroup(s)
[INFO] (1743260529) Running with 16 wavefront(s) per workgroup and 33 workgroup(s)
[INFO] (1743260537) Running with 16 wavefront(s) per workgroup and 34 workgroup(s)
[INFO] (1743260546) Running with 16 wavefront(s) per workgroup and 35 workgroup(s)
[INFO] (1743260554) Running with 16 wavefront(s) per workgroup and 36 workgroup(s)
[INFO] (1743260562) Running with 16 wavefront(s) per workgroup and 37 workgroup(s)
[INFO] (1743260570) Running with 16 wavefront(s) per workgroup and 38 workgroup(s)
[INFO] (1743260579) Running with 16 wavefront(s) per workgroup and 39 workgroup(s)
[INFO] (1743260587) Running with 16 wavefront(s) per workgroup and 40 workgroup(s)
[INFO] (1743260595) Running with 16 wavefront(s) per workgroup and 41 workgroup(s)
[INFO] (1743260603) Running with 16 wavefront(s) per workgroup and 42 workgroup(s)
[INFO] (1743260612) Running with 16 wavefront(s) per workgroup and 43 workgroup(s)
[INFO] (1743260620) Running with 16 wavefront(s) per workgroup and 44 workgroup(s)
[INFO] (1743260628) Running with 16 wavefront(s) per workgroup and 45 workgroup(s)
[INFO] (1743260636) Running with 16 wavefront(s) per workgroup and 46 workgroup(s)
[INFO] (1743260645) Running with 16 wavefront(s) per workgroup and 47 workgroup(s)
[INFO] (1743260653) Running with 16 wavefront(s) per workgroup and 48 workgroup(s)
[INFO] (1743260661) Running with 16 wavefront(s) per workgroup and 49 workgroup(s)
[INFO] (1743260669) Running with 16 wavefront(s) per workgroup and 50 workgroup(s)
[INFO] (1743260678) Running with 16 wavefront(s) per workgroup and 51 workgroup(s)
[INFO] (1743260686) Running with 16 wavefront(s) per workgroup and 52 workgroup(s)
[INFO] (1743260694) Running with 16 wavefront(s) per workgroup and 53 workgroup(s)
[INFO] (1743260703) Running with 16 wavefront(s) per workgroup and 54 workgroup(s)
[INFO] (1743260711) Running with 16 wavefront(s) per workgroup and 55 workgroup(s)
[INFO] (1743260719) Running with 16 wavefront(s) per workgroup and 56 workgroup(s)
[INFO] (1743260727) Running with 16 wavefront(s) per workgroup and 57 workgroup(s)
[INFO] (1743260736) Running with 16 wavefront(s) per workgroup and 58 workgroup(s)
[INFO] (1743260744) Running with 16 wavefront(s) per workgroup and 59 workgroup(s)
[INFO] (1743260752) Running with 16 wavefront(s) per workgroup and 60 workgroup(s)
[INFO] (1743260760) Running with 16 wavefront(s) per workgroup and 61 workgroup(s)
[INFO] (1743260769) Running with 16 wavefront(s) per workgroup and 62 workgroup(s)
[INFO] (1743260777) Running with 16 wavefront(s) per workgroup and 63 workgroup(s)
[INFO] (1743260785) Running with 16 wavefront(s) per workgroup and 64 workgroup(s)
[INFO] (1743260794) Running with 16 wavefront(s) per workgroup and 65 workgroup(s)
[INFO] (1743260802) Running with 16 wavefront(s) per workgroup and 66 workgroup(s)
[INFO] (1743260810) Running with 16 wavefront(s) per workgroup and 67 workgroup(s)
[INFO] (1743260818) Running with 16 wavefront(s) per workgroup and 68 workgroup(s)
[INFO] (1743260827) Running with 16 wavefront(s) per workgroup and 69 workgroup(s)
[INFO] (1743260835) Running with 16 wavefront(s) per workgroup and 70 workgroup(s)
[INFO] (1743260843) Running with 16 wavefront(s) per workgroup and 71 workgroup(s)
[INFO] (1743260851) Running with 16 wavefront(s) per workgroup and 72 workgroup(s)
[INFO] (1743260860) Running with 16 wavefront(s) per workgroup and 73 workgroup(s)
[INFO] (1743260868) Running with 16 wavefront(s) per workgroup and 74 workgroup(s)
[INFO] (1743260876) Running with 16 wavefront(s) per workgroup and 75 workgroup(s)
[INFO] (1743260885) Running with 16 wavefront(s) per workgroup and 76 workgroup(s)
[INFO] (1743260893) Running with 16 wavefront(s) per workgroup and 77 workgroup(s)
[INFO] (1743260901) Running with 16 wavefront(s) per workgroup and 78 workgroup(s)
[INFO] (1743260910) Running with 16 wavefront(s) per workgroup and 79 workgroup(s)
[INFO] (1743260918) Running with 16 wavefront(s) per workgroup and 80 workgroup(s)
[INFO] (1743260926) Running with 16 wavefront(s) per workgroup and 81 workgroup(s)
[INFO] (1743260934) Running with 16 wavefront(s) per workgroup and 82 workgroup(s)
[INFO] (1743260943) Running with 16 wavefront(s) per workgroup and 83 workgroup(s)
[INFO] (1743260951) Running with 16 wavefront(s) per workgroup and 84 workgroup(s)
[INFO] (1743260959) Running with 16 wavefront(s) per workgroup and 85 workgroup(s)
[INFO] (1743260968) Running with 16 wavefront(s) per workgroup and 86 workgroup(s)
[INFO] (1743260976) Running with 16 wavefront(s) per workgroup and 87 workgroup(s)
[INFO] (1743260984) Running with 16 wavefront(s) per workgroup and 88 workgroup(s)
[INFO] (1743260992) Running with 16 wavefront(s) per workgroup and 89 workgroup(s)
[INFO] (1743261001) Running with 16 wavefront(s) per workgroup and 90 workgroup(s)
[INFO] (1743261009) Running with 16 wavefront(s) per workgroup and 91 workgroup(s)
[INFO] (1743261017) Running with 16 wavefront(s) per workgroup and 92 workgroup(s)
[INFO] (1743261026) Running with 16 wavefront(s) per workgroup and 93 workgroup(s)
[INFO] (1743261034) Running with 16 wavefront(s) per workgroup and 94 workgroup(s)
[INFO] (1743261042) Running with 16 wavefront(s) per workgroup and 95 workgroup(s)
[INFO] (1743261051) Running with 16 wavefront(s) per workgroup and 96 workgroup(s)
[INFO] (1743261059) Running with 16 wavefront(s) per workgroup and 97 workgroup(s)
[INFO] (1743261067) Running with 16 wavefront(s) per workgroup and 98 workgroup(s)
[INFO] (1743261075) Running with 16 wavefront(s) per workgroup and 99 workgroup(s)
[INFO] (1743261084) Running with 16 wavefront(s) per workgroup and 100 workgroup(s)
[INFO] (1743261092) Running with 16 wavefront(s) per workgroup and 101 workgroup(s)
[INFO] (1743261100) Running with 16 wavefront(s) per workgroup and 102 workgroup(s)
[INFO] (1743261109) Running with 16 wavefront(s) per workgroup and 103 workgroup(s)
[INFO] (1743261117) Running with 16 wavefront(s) per workgroup and 104 workgroup(s)
[INFO] (1743261125) Running with 16 wavefront(s) per workgroup and 105 workgroup(s)
[INFO] (1743261134) Running with 16 wavefront(s) per workgroup and 106 workgroup(s)
[INFO] (1743261142) Running with 16 wavefront(s) per workgroup and 107 workgroup(s)
[INFO] (1743261150) Running with 16 wavefront(s) per workgroup and 108 workgroup(s)
[INFO] (1743261159) Running with 16 wavefront(s) per workgroup and 109 workgroup(s)
[INFO] (1743261167) Running with 16 wavefront(s) per workgroup and 110 workgroup(s)
[INFO] (1743261175) Running with 16 wavefront(s) per workgroup and 111 workgroup(s)
[INFO] (1743261184) Running with 16 wavefront(s) per workgroup and 112 workgroup(s)
[INFO] (1743261192) Running with 16 wavefront(s) per workgroup and 113 workgroup(s)
[INFO] (1743261200) Running with 16 wavefront(s) per workgroup and 114 workgroup(s)
[INFO] (1743261209) Running with 16 wavefront(s) per workgroup and 115 workgroup(s)
[INFO] (1743261217) Running with 16 wavefront(s) per workgroup and 116 workgroup(s)
[INFO] (1743261225) Running with 16 wavefront(s) per workgroup and 117 workgroup(s)
[INFO] (1743261233) Running with 16 wavefront(s) per workgroup and 118 workgroup(s)
[INFO] (1743261242) Running with 16 wavefront(s) per workgroup and 119 workgroup(s)
[INFO] (1743261250) Running with 16 wavefront(s) per workgroup and 120 workgroup(s)
[INFO] (1743261258) Running with 16 wavefront(s) per workgroup and 121 workgroup(s)
[INFO] (1743261267) Running with 16 wavefront(s) per workgroup and 122 workgroup(s)
[INFO] (1743261275) Running with 16 wavefront(s) per workgroup and 123 workgroup(s)
[INFO] (1743261283) Running with 16 wavefront(s) per workgroup and 124 workgroup(s)
[INFO] (1743261292) Running with 16 wavefront(s) per workgroup and 125 workgroup(s)
[INFO] (1743261300) Running with 16 wavefront(s) per workgroup and 126 workgroup(s)
[INFO] (1743261308) Running with 16 wavefront(s) per workgroup and 127 workgroup(s)
[INFO] (1743261317) Running with 16 wavefront(s) per workgroup and 128 workgroup(s)
[INFO] (1743261325) Running with 16 wavefront(s) per workgroup and 129 workgroup(s)
[INFO] (1743261333) Running with 16 wavefront(s) per workgroup and 130 workgroup(s)
[INFO] (1743261342) Running with 16 wavefront(s) per workgroup and 131 workgroup(s)
[INFO] (1743261350) Running with 16 wavefront(s) per workgroup and 132 workgroup(s)
[INFO] (1743261358) Running with 16 wavefront(s) per workgroup and 133 workgroup(s)
[INFO] (1743261367) Running with 16 wavefront(s) per workgroup and 134 workgroup(s)
[INFO] (1743261375) Running with 16 wavefront(s) per workgroup and 135 workgroup(s)
[INFO] (1743261384) Running with 16 wavefront(s) per workgroup and 136 workgroup(s)
[INFO] (1743261392) Running with 16 wavefront(s) per workgroup and 137 workgroup(s)
[INFO] (1743261400) Running with 16 wavefront(s) per workgroup and 138 workgroup(s)
[INFO] (1743261409) Running with 16 wavefront(s) per workgroup and 139 workgroup(s)
[INFO] (1743261417) Running with 16 wavefront(s) per workgroup and 140 workgroup(s)
[INFO] (1743261425) Running with 16 wavefront(s) per workgroup and 141 workgroup(s)
[INFO] (1743261434) Running with 16 wavefront(s) per workgroup and 142 workgroup(s)
[INFO] (1743261442) Running with 16 wavefront(s) per workgroup and 143 workgroup(s)
[INFO] (1743261450) Running with 16 wavefront(s) per workgroup and 144 workgroup(s)
[INFO] (1743261459) Running with 16 wavefront(s) per workgroup and 145 workgroup(s)
[INFO] (1743261467) Running with 16 wavefront(s) per workgroup and 146 workgroup(s)
[INFO] (1743261475) Running with 16 wavefront(s) per workgroup and 147 workgroup(s)
[INFO] (1743261484) Running with 16 wavefront(s) per workgroup and 148 workgroup(s)
[INFO] (1743261492) Running with 16 wavefront(s) per workgroup and 149 workgroup(s)
[INFO] (1743261500) Running with 16 wavefront(s) per workgroup and 150 workgroup(s)
[INFO] (1743261509) Running with 16 wavefront(s) per workgroup and 151 workgroup(s)
[INFO] (1743261517) Running with 16 wavefront(s) per workgroup and 152 workgroup(s)
[INFO] (1743261526) Running with 16 wavefront(s) per workgroup and 153 workgroup(s)
[INFO] (1743261534) Running with 16 wavefront(s) per workgroup and 154 workgroup(s)
[INFO] (1743261542) Running with 16 wavefront(s) per workgroup and 155 workgroup(s)
[INFO] (1743261551) Running with 16 wavefront(s) per workgroup and 156 workgroup(s)
[INFO] (1743261559) Running with 16 wavefront(s) per workgroup and 157 workgroup(s)
[INFO] (1743261567) Running with 16 wavefront(s) per workgroup and 158 workgroup(s)
[INFO] (1743261576) Running with 16 wavefront(s) per workgroup and 159 workgroup(s)
[INFO] (1743261584) Running with 16 wavefront(s) per workgroup and 160 workgroup(s)
[INFO] (1743261593) Running with 16 wavefront(s) per workgroup and 161 workgroup(s)
[INFO] (1743261601) Running with 16 wavefront(s) per workgroup and 162 workgroup(s)
[INFO] (1743261609) Running with 16 wavefront(s) per workgroup and 163 workgroup(s)
[INFO] (1743261618) Running with 16 wavefront(s) per workgroup and 164 workgroup(s)
[INFO] (1743261626) Running with 16 wavefront(s) per workgroup and 165 workgroup(s)
[INFO] (1743261634) Running with 16 wavefront(s) per workgroup and 166 workgroup(s)
[INFO] (1743261643) Running with 16 wavefront(s) per workgroup and 167 workgroup(s)
[INFO] (1743261651) Running with 16 wavefront(s) per workgroup and 168 workgroup(s)
[INFO] (1743261660) Running with 16 wavefront(s) per workgroup and 169 workgroup(s)
[INFO] (1743261668) Running with 16 wavefront(s) per workgroup and 170 workgroup(s)
[INFO] (1743261676) Running with 16 wavefront(s) per workgroup and 171 workgroup(s)
[INFO] (1743261685) Running with 16 wavefront(s) per workgroup and 172 workgroup(s)
[INFO] (1743261693) Running with 16 wavefront(s) per workgroup and 173 workgroup(s)
[INFO] (1743261701) Running with 16 wavefront(s) per workgroup and 174 workgroup(s)
[INFO] (1743261710) Running with 16 wavefront(s) per workgroup and 175 workgroup(s)
[INFO] (1743261718) Running with 16 wavefront(s) per workgroup and 176 workgroup(s)
[INFO] (1743261727) Running with 16 wavefront(s) per workgroup and 177 workgroup(s)
[INFO] (1743261735) Running with 16 wavefront(s) per workgroup and 178 workgroup(s)
[INFO] (1743261743) Running with 16 wavefront(s) per workgroup and 179 workgroup(s)
[INFO] (1743261752) Running with 16 wavefront(s) per workgroup and 180 workgroup(s)
[INFO] (1743261760) Running with 16 wavefront(s) per workgroup and 181 workgroup(s)
[INFO] (1743261769) Running with 16 wavefront(s) per workgroup and 182 workgroup(s)
[INFO] (1743261777) Running with 16 wavefront(s) per workgroup and 183 workgroup(s)
[INFO] (1743261785) Running with 16 wavefront(s) per workgroup and 184 workgroup(s)
[INFO] (1743261794) Running with 16 wavefront(s) per workgroup and 185 workgroup(s)
[INFO] (1743261802) Running with 16 wavefront(s) per workgroup and 186 workgroup(s)
[INFO] (1743261811) Running with 16 wavefront(s) per workgroup and 187 workgroup(s)
[INFO] (1743261819) Running with 16 wavefront(s) per workgroup and 188 workgroup(s)
[INFO] (1743261827) Running with 16 wavefront(s) per workgroup and 189 workgroup(s)
[INFO] (1743261836) Running with 16 wavefront(s) per workgroup and 190 workgroup(s)
[INFO] (1743261844) Running with 16 wavefront(s) per workgroup and 191 workgroup(s)
[INFO] (1743261853) Running with 16 wavefront(s) per workgroup and 192 workgroup(s)
[INFO] (1743261861) Running with 16 wavefront(s) per workgroup and 193 workgroup(s)
[INFO] (1743261869) Running with 16 wavefront(s) per workgroup and 194 workgroup(s)
[INFO] (1743261878) Running with 16 wavefront(s) per workgroup and 195 workgroup(s)
[INFO] (1743261886) Running with 16 wavefront(s) per workgroup and 196 workgroup(s)
[INFO] (1743261895) Running with 16 wavefront(s) per workgroup and 197 workgroup(s)
[INFO] (1743261903) Running with 16 wavefront(s) per workgroup and 198 workgroup(s)
[INFO] (1743261911) Running with 16 wavefront(s) per workgroup and 199 workgroup(s)
[INFO] (1743261920) Running with 16 wavefront(s) per workgroup and 200 workgroup(s)
[INFO] (1743261928) Running with 16 wavefront(s) per workgroup and 201 workgroup(s)
[INFO] (1743261937) Running with 16 wavefront(s) per workgroup and 202 workgroup(s)
[INFO] (1743261945) Running with 16 wavefront(s) per workgroup and 203 workgroup(s)
[INFO] (1743261954) Running with 16 wavefront(s) per workgroup and 204 workgroup(s)
[INFO] (1743261962) Running with 16 wavefront(s) per workgroup and 205 workgroup(s)
[INFO] (1743261970) Running with 16 wavefront(s) per workgroup and 206 workgroup(s)
[INFO] (1743261979) Running with 16 wavefront(s) per workgroup and 207 workgroup(s)
[INFO] (1743261987) Running with 16 wavefront(s) per workgroup and 208 workgroup(s)
[INFO] (1743261996) Running with 16 wavefront(s) per workgroup and 209 workgroup(s)
[INFO] (1743262004) Running with 16 wavefront(s) per workgroup and 210 workgroup(s)
[INFO] (1743262013) Running with 16 wavefront(s) per workgroup and 211 workgroup(s)
[INFO] (1743262021) Running with 16 wavefront(s) per workgroup and 212 workgroup(s)
[INFO] (1743262029) Running with 16 wavefront(s) per workgroup and 213 workgroup(s)
[INFO] (1743262038) Running with 16 wavefront(s) per workgroup and 214 workgroup(s)
[INFO] (1743262046) Running with 16 wavefront(s) per workgroup and 215 workgroup(s)
[INFO] (1743262055) Running with 16 wavefront(s) per workgroup and 216 workgroup(s)
[INFO] (1743262063) Running with 16 wavefront(s) per workgroup and 217 workgroup(s)
[INFO] (1743262072) Running with 16 wavefront(s) per workgroup and 218 workgroup(s)
[INFO] (1743262080) Running with 16 wavefront(s) per workgroup and 219 workgroup(s)
[INFO] (1743262089) Running with 16 wavefront(s) per workgroup and 220 workgroup(s)
[INFO] (1743262097) Running with 16 wavefront(s) per workgroup and 221 workgroup(s)
[INFO] (1743262105) Running with 16 wavefront(s) per workgroup and 222 workgroup(s)
[INFO] (1743262114) Running with 16 wavefront(s) per workgroup and 223 workgroup(s)
[INFO] (1743262122) Running with 16 wavefront(s) per workgroup and 224 workgroup(s)
[INFO] (1743262131) Running with 16 wavefront(s) per workgroup and 225 workgroup(s)
[INFO] (1743262139) Running with 16 wavefront(s) per workgroup and 226 workgroup(s)
[INFO] (1743262148) Running with 16 wavefront(s) per workgroup and 227 workgroup(s)
[INFO] (1743262156) Running with 16 wavefront(s) per workgroup and 228 workgroup(s)
[INFO] (1743262165) Running with 16 wavefront(s) per workgroup and 229 workgroup(s)
[INFO] (1743262173) Running with 16 wavefront(s) per workgroup and 230 workgroup(s)
[INFO] (1743262181) Running with 16 wavefront(s) per workgroup and 231 workgroup(s)
[INFO] (1743262190) Running with 16 wavefront(s) per workgroup and 232 workgroup(s)
[INFO] (1743262198) Running with 16 wavefront(s) per workgroup and 233 workgroup(s)
[INFO] (1743262207) Running with 16 wavefront(s) per workgroup and 234 workgroup(s)
[INFO] (1743262215) Running with 16 wavefront(s) per workgroup and 235 workgroup(s)
[INFO] (1743262224) Running with 16 wavefront(s) per workgroup and 236 workgroup(s)
[INFO] (1743262232) Running with 16 wavefront(s) per workgroup and 237 workgroup(s)
[INFO] (1743262241) Running with 16 wavefront(s) per workgroup and 238 workgroup(s)
[INFO] (1743262249) Running with 16 wavefront(s) per workgroup and 239 workgroup(s)
[INFO] (1743262258) Running with 16 wavefront(s) per workgroup and 240 workgroup(s)
[INFO] (1743262266) Running with 16 wavefront(s) per workgroup and 241 workgroup(s)
[INFO] (1743262275) Running with 16 wavefront(s) per workgroup and 242 workgroup(s)
[INFO] (1743262283) Running with 16 wavefront(s) per workgroup and 243 workgroup(s)
[INFO] (1743262291) Running with 16 wavefront(s) per workgroup and 244 workgroup(s)
[INFO] (1743262300) Running with 16 wavefront(s) per workgroup and 245 workgroup(s)
[INFO] (1743262308) Running with 16 wavefront(s) per workgroup and 246 workgroup(s)
[INFO] (1743262317) Running with 16 wavefront(s) per workgroup and 247 workgroup(s)
[INFO] (1743262325) Running with 16 wavefront(s) per workgroup and 248 workgroup(s)
[INFO] (1743262334) Running with 16 wavefront(s) per workgroup and 249 workgroup(s)
[INFO] (1743262342) Running with 16 wavefront(s) per workgroup and 250 workgroup(s)
[INFO] (1743262351) Running with 16 wavefront(s) per workgroup and 251 workgroup(s)
[INFO] (1743262359) Running with 16 wavefront(s) per workgroup and 252 workgroup(s)
[INFO] (1743262368) Running with 16 wavefront(s) per workgroup and 253 workgroup(s)
[INFO] (1743262376) Running with 16 wavefront(s) per workgroup and 254 workgroup(s)
[INFO] (1743262385) Running with 16 wavefront(s) per workgroup and 255 workgroup(s)
[INFO] (1743262393) Running with 16 wavefront(s) per workgroup and 256 workgroup(s)
[INFO] (1743262402) Running with 16 wavefront(s) per workgroup and 257 workgroup(s)
[INFO] (1743262410) Running with 16 wavefront(s) per workgroup and 258 workgroup(s)
[INFO] (1743262419) Running with 16 wavefront(s) per workgroup and 259 workgroup(s)
[INFO] (1743262427) Running with 16 wavefront(s) per workgroup and 260 workgroup(s)
[INFO] (1743262436) Running with 16 wavefront(s) per workgroup and 261 workgroup(s)
[INFO] (1743262444) Running with 16 wavefront(s) per workgroup and 262 workgroup(s)
[INFO] (1743262453) Running with 16 wavefront(s) per workgroup and 263 workgroup(s)
[INFO] (1743262461) Running with 16 wavefront(s) per workgroup and 264 workgroup(s)
[INFO] (1743262470) Running with 16 wavefront(s) per workgroup and 265 workgroup(s)
[INFO] (1743262478) Running with 16 wavefront(s) per workgroup and 266 workgroup(s)
[INFO] (1743262487) Running with 16 wavefront(s) per workgroup and 267 workgroup(s)
[INFO] (1743262495) Running with 16 wavefront(s) per workgroup and 268 workgroup(s)
[INFO] (1743262504) Running with 16 wavefront(s) per workgroup and 269 workgroup(s)
[INFO] (1743262512) Running with 16 wavefront(s) per workgroup and 270 workgroup(s)
[INFO] (1743262521) Running with 16 wavefront(s) per workgroup and 271 workgroup(s)
[INFO] (1743262529) Running with 16 wavefront(s) per workgroup and 272 workgroup(s)
[INFO] (1743262538) Running with 16 wavefront(s) per workgroup and 273 workgroup(s)
[INFO] (1743262546) Running with 16 wavefront(s) per workgroup and 274 workgroup(s)
[INFO] (1743262555) Running with 16 wavefront(s) per workgroup and 275 workgroup(s)
[INFO] (1743262563) Running with 16 wavefront(s) per workgroup and 276 workgroup(s)
[INFO] (1743262572) Running with 16 wavefront(s) per workgroup and 277 workgroup(s)
[INFO] (1743262580) Running with 16 wavefront(s) per workgroup and 278 workgroup(s)
[INFO] (1743262589) Running with 16 wavefront(s) per workgroup and 279 workgroup(s)
[INFO] (1743262597) Running with 16 wavefront(s) per workgroup and 280 workgroup(s)
[INFO] (1743262606) Running with 16 wavefront(s) per workgroup and 281 workgroup(s)
[INFO] (1743262614) Running with 16 wavefront(s) per workgroup and 282 workgroup(s)
[INFO] (1743262623) Running with 16 wavefront(s) per workgroup and 283 workgroup(s)
[INFO] (1743262631) Running with 16 wavefront(s) per workgroup and 284 workgroup(s)
[INFO] (1743262640) Running with 16 wavefront(s) per workgroup and 285 workgroup(s)
[INFO] (1743262648) Running with 16 wavefront(s) per workgroup and 286 workgroup(s)
[INFO] (1743262657) Running with 16 wavefront(s) per workgroup and 287 workgroup(s)
[INFO] (1743262665) Running with 16 wavefront(s) per workgroup and 288 workgroup(s)
[INFO] (1743262674) Running with 16 wavefront(s) per workgroup and 289 workgroup(s)
[INFO] (1743262682) Running with 16 wavefront(s) per workgroup and 290 workgroup(s)
[INFO] (1743262691) Running with 16 wavefront(s) per workgroup and 291 workgroup(s)
[INFO] (1743262700) Running with 16 wavefront(s) per workgroup and 292 workgroup(s)
[INFO] (1743262708) Running with 16 wavefront(s) per workgroup and 293 workgroup(s)
[INFO] (1743262717) Running with 16 wavefront(s) per workgroup and 294 workgroup(s)
[INFO] (1743262725) Running with 16 wavefront(s) per workgroup and 295 workgroup(s)
[INFO] (1743262734) Running with 16 wavefront(s) per workgroup and 296 workgroup(s)
[INFO] (1743262742) Running with 16 wavefront(s) per workgroup and 297 workgroup(s)
[INFO] (1743262751) Running with 16 wavefront(s) per workgroup and 298 workgroup(s)
[INFO] (1743262759) Running with 16 wavefront(s) per workgroup and 299 workgroup(s)
[INFO] (1743262768) Running with 16 wavefront(s) per workgroup and 300 workgroup(s)
[INFO] (1743262777) Running with 16 wavefront(s) per workgroup and 301 workgroup(s)
[INFO] (1743262785) Running with 16 wavefront(s) per workgroup and 302 workgroup(s)
[INFO] (1743262794) Running with 16 wavefront(s) per workgroup and 303 workgroup(s)
[INFO] (1743262802) Running with 16 wavefront(s) per workgroup and 304 workgroup(s)
Result V_MUL1 with fp64
n_iter, n_thread, n_wg, n_wf, wf_size, wg_size, n_flops, n_bytes, time_ms, gflop/s, avg_clock, max_clock, min_clock, stdev_clock 
1073741824, 1024, 1, 16, 64, 1024, 1099511627776, 8192, 8258.42, 133.138, 1.07584e+10, 17205055817, 4310649678, 1.09522 
1073741824, 2048, 2, 16, 64, 1024, 2199023255552, 16384, 8230.6, 267.177, 1.07511e+10, 17194963315, 4306212851, 1.09526 
1073741824, 3072, 3, 16, 64, 1024, 3298534883328, 24576, 8235.64, 400.52, 1.0749e+10, 17193659241, 4305457040, 1.09528 
1073741824, 4096, 4, 16, 64, 1024, 4398046511104, 32768, 8223.93, 534.786, 1.07483e+10, 17191957571, 4305457108, 1.09528 
1073741824, 5120, 5, 16, 64, 1024, 5497558138880, 40960, 8233.5, 667.706, 1.07487e+10, 17193563228, 4305457188, 1.09529 
1073741824, 6144, 6, 16, 64, 1024, 6597069766656, 49152, 8225.3, 802.046, 1.07479e+10, 17190343540, 4305457092, 1.09527 
1073741824, 7168, 7, 16, 64, 1024, 7696581394432, 57344, 8242.69, 933.747, 1.07488e+10, 17191653530, 4305457116, 1.09527 
1073741824, 8192, 8, 16, 64, 1024, 8796093022208, 65536, 8233.62, 1068.31, 1.07479e+10, 17190343460, 4305457136, 1.09527 
1073741824, 9216, 9, 16, 64, 1024, 9895604649984, 73728, 8245.24, 1200.16, 1.07495e+10, 17193214209, 4306380974, 1.09524 
1073741824, 10240, 10, 16, 64, 1024, 10995116277760, 81920, 8244.89, 1333.57, 1.07485e+10, 17193252126, 4305457040, 1.09529 
1073741824, 11264, 11, 16, 64, 1024, 12094627905536, 90112, 8234.58, 1468.76, 1.07479e+10, 17190343808, 4305457100, 1.09527 
1073741824, 12288, 12, 16, 64, 1024, 13194139533312, 98304, 8242.7, 1600.71, 1.07483e+10, 17193538885, 4305456096, 1.09528 
1073741824, 13312, 13, 16, 64, 1024, 14293651161088, 106496, 8230.67, 1736.63, 1.07479e+10, 17190344404, 4305457092, 1.09527 
1073741824, 14336, 14, 16, 64, 1024, 15393162788864, 114688, 8243.73, 1867.26, 1.07493e+10, 17193582095, 4305456240, 1.09529 
1073741824, 15360, 15, 16, 64, 1024, 16492674416640, 122880, 8235.24, 2002.7, 1.07479e+10, 17190343440, 4305456932, 1.09527 
1073741824, 16384, 16, 16, 64, 1024, 17592186044416, 131072, 8246.64, 2133.25, 1.07502e+10, 17193913190, 4305456056, 1.09527 
1073741824, 17408, 17, 16, 64, 1024, 18691697672192, 139264, 8235.03, 2269.78, 1.07479e+10, 17190344696, 4305457128, 1.09527 
1073741824, 18432, 18, 16, 64, 1024, 19791209299968, 147456, 8244.55, 2400.52, 1.07495e+10, 17193095102, 4305456132, 1.09527 
1073741824, 19456, 19, 16, 64, 1024, 20890720927744, 155648, 8234.66, 2536.93, 1.07479e+10, 17190344000, 4305456196, 1.09527 
1073741824, 20480, 20, 16, 64, 1024, 21990232555520, 163840, 8242.74, 2667.83, 1.07489e+10, 17191511645, 4306194450, 1.09525 
1073741824, 21504, 21, 16, 64, 1024, 23089744183296, 172032, 8252.87, 2797.78, 1.07485e+10, 17193492484, 4305456100, 1.09529 
1073741824, 22528, 22, 16, 64, 1024, 24189255811072, 180224, 8240.29, 2935.49, 1.07479e+10, 17190343372, 4305456232, 1.09527 
1073741824, 23552, 23, 16, 64, 1024, 25288767438848, 188416, 8254.22, 3063.74, 1.07485e+10, 17192018420, 4305456100, 1.09528 
1073741824, 24576, 24, 16, 64, 1024, 26388279066624, 196608, 8245.45, 3200.34, 1.07479e+10, 17190343520, 4305456116, 1.09527 
1073741824, 25600, 25, 16, 64, 1024, 27487790694400, 204800, 8255.22, 3329.75, 1.07494e+10, 17193903986, 4305456128, 1.09529 
1073741824, 26624, 26, 16, 64, 1024, 28587302322176, 212992, 8243.16, 3468, 1.07479e+10, 17190343384, 4305456116, 1.09527 
1073741824, 27648, 27, 16, 64, 1024, 29686813949952, 221184, 8250.01, 3598.4, 1.07491e+10, 17192457255, 4305456128, 1.09527 
1073741824, 28672, 28, 16, 64, 1024, 30786325577728, 229376, 8244.69, 3734.08, 1.07479e+10, 17190343460, 4305456108, 1.09527 
1073741824, 29696, 29, 16, 64, 1024, 31885837205504, 237568, 8251.32, 3864.33, 1.07506e+10, 17193722683, 4307632556, 1.09522 
1073741824, 30720, 30, 16, 64, 1024, 32985348833280, 245760, 8246.3, 4000.02, 1.07479e+10, 17190343364, 4305456092, 1.09527 
1073741824, 31744, 31, 16, 64, 1024, 34084860461056, 253952, 8258.52, 4127.24, 1.07492e+10, 17192214247, 4306176418, 1.09524 
1073741824, 32768, 32, 16, 64, 1024, 35184372088832, 262144, 8262.52, 4258.31, 1.07486e+10, 17193729238, 4305456116, 1.09529 
1073741824, 33792, 33, 16, 64, 1024, 36283883716608, 270336, 8248.54, 4398.82, 1.07479e+10, 17190343404, 4305456132, 1.09527 
1073741824, 34816, 34, 16, 64, 1024, 37383395344384, 278528, 8257.31, 4527.31, 1.07487e+10, 17192489247, 4305456148, 1.09528 
1073741824, 35840, 35, 16, 64, 1024, 38482906972160, 286720, 8244.84, 4667.52, 1.07479e+10, 17190343756, 4305456100, 1.09527 
1073741824, 36864, 36, 16, 64, 1024, 39582418599936, 294912, 8260.89, 4791.54, 1.07499e+10, 17193547293, 4305456132, 1.09527 
1073741824, 37888, 37, 16, 64, 1024, 40681930227712, 303104, 8254.03, 4928.74, 1.07479e+10, 17190343856, 4305456108, 1.09527 
1073741824, 38912, 38, 16, 64, 1024, 41781441855488, 311296, 8259.75, 5058.44, 1.07488e+10, 17192022669, 4305456116, 1.09527 
1073741824, 39936, 39, 16, 64, 1024, 42880953483264, 319488, 8252.21, 5196.3, 1.07479e+10, 17190344368, 4305456160, 1.09527 
1073741824, 40960, 40, 16, 64, 1024, 43980465111040, 327680, 8256.36, 5326.86, 1.0751e+10, 17194130116, 4308233427, 1.09521 
1073741824, 41984, 41, 16, 64, 1024, 45079976738816, 335872, 8258.32, 5458.73, 1.07487e+10, 17193943266, 4305456108, 1.09529 
1073741824, 43008, 42, 16, 64, 1024, 46179488366592, 344064, 8264.91, 5587.42, 1.07479e+10, 17190343368, 4305456120, 1.09527 
1073741824, 44032, 43, 16, 64, 1024, 47278999994368, 352256, 8268.05, 5718.28, 1.07486e+10, 17192256086, 4305456116, 1.09528 
1073741824, 45056, 44, 16, 64, 1024, 48378511622144, 360448, 8260.5, 5856.61, 1.07479e+10, 17190343976, 4305456104, 1.09527 
1073741824, 46080, 45, 16, 64, 1024, 49478023249920, 368640, 8259.97, 5990.1, 1.07485e+10, 17192054352, 4305456124, 1.09528 
1073741824, 47104, 46, 16, 64, 1024, 50577534877696, 376832, 8254.9, 6126.97, 1.07479e+10, 17190343644, 4305456112, 1.09527 
1073741824, 48128, 47, 16, 64, 1024, 51677046505472, 385024, 8275.87, 6244.3, 1.07502e+10, 17193937450, 4305456124, 1.09527 
1073741824, 49152, 48, 16, 64, 1024, 52776558133248, 393216, 8262.83, 6387.23, 1.07479e+10, 17190343328, 4305456104, 1.09527 
1073741824, 50176, 49, 16, 64, 1024, 53876069761024, 401408, 8270.96, 6513.88, 1.07495e+10, 17192690168, 4306584087, 1.09524 
1073741824, 51200, 50, 16, 64, 1024, 54975581388800, 409600, 8251.41, 6662.57, 1.07479e+10, 17190343340, 4305456124, 1.09527 
1073741824, 52224, 51, 16, 64, 1024, 56075093016576, 417792, 8270.99, 6779.73, 1.07506e+10, 17193529308, 4307649674, 1.09522 
1073741824, 53248, 52, 16, 64, 1024, 57174604644352, 425984, 8277.75, 6907.02, 1.07482e+10, 17192280960, 4305456100, 1.09528 
1073741824, 54272, 53, 16, 64, 1024, 58274116272128, 434176, 8261.83, 7053.42, 1.07479e+10, 17190343824, 4305456088, 1.09527 
1073741824, 55296, 54, 16, 64, 1024, 59373627899904, 442368, 8272.76, 7177, 1.07494e+10, 17193938712, 4305456128, 1.09529 
1073741824, 56320, 55, 16, 64, 1024, 60473139527680, 450560, 8267.09, 7314.92, 1.07479e+10, 17190343476, 4305456064, 1.09527 
1073741824, 57344, 56, 16, 64, 1024, 61572651155456, 458752, 8279.24, 7436.99, 1.07487e+10, 17192004766, 4305456084, 1.09527 
1073741824, 58368, 57, 16, 64, 1024, 62672162783232, 466944, 8259.23, 7588.13, 1.07479e+10, 17190343348, 4305456096, 1.09527 
1073741824, 59392, 58, 16, 64, 1024, 63771674411008, 475136, 8279.25, 7702.59, 1.07504e+10, 17194166558, 4305456112, 1.09527 
1073741824, 60416, 59, 16, 64, 1024, 64871186038784, 483328, 8259.21, 7854.41, 1.07479e+10, 17190343736, 4305456112, 1.09527 
1073741824, 61440, 60, 16, 64, 1024, 65970697666560, 491520, 8282.98, 7964.61, 1.07489e+10, 17191760160, 4305941188, 1.09525 
1073741824, 62464, 61, 16, 64, 1024, 67070209294336, 499712, 8274.21, 8105.94, 1.07486e+10, 17193767314, 4305456116, 1.09529 
1073741824, 63488, 62, 16, 64, 1024, 68169720922112, 507904, 8266.31, 8246.7, 1.07479e+10, 17190343600, 4305456136, 1.09527 
1073741824, 64512, 63, 16, 64, 1024, 69269232549888, 516096, 8284.28, 8361.53, 1.07486e+10, 17192236103, 4305456128, 1.09528 
1073741824, 65536, 64, 16, 64, 1024, 70368744177664, 524288, 8267.31, 8511.69, 1.07479e+10, 17190343916, 4305456092, 1.09527 
1073741824, 66560, 65, 16, 64, 1024, 71468255805440, 532480, 8287.57, 8623.55, 1.07484e+10, 17191824802, 4305456112, 1.09528 
1073741824, 67584, 66, 16, 64, 1024, 72567767433216, 540672, 8274.36, 8770.19, 1.07479e+10, 17190343312, 4305456140, 1.09527 
1073741824, 68608, 67, 16, 64, 1024, 73667279060992, 548864, 8284.31, 8892.38, 1.075e+10, 17193611601, 4305456140, 1.09527 
1073741824, 69632, 68, 16, 64, 1024, 74766790688768, 557056, 8273.25, 9037.18, 1.07479e+10, 17190343976, 4305456132, 1.09527 
1073741824, 70656, 69, 16, 64, 1024, 75866302316544, 565248, 8279.05, 9163.65, 1.07506e+10, 17193722183, 4307665262, 1.09522 
1073741824, 71680, 70, 16, 64, 1024, 76965813944320, 573440, 8286.83, 9287.73, 1.07483e+10, 17192603429, 4305456124, 1.09528 
1073741824, 72704, 71, 16, 64, 1024, 78065325572096, 581632, 8277.95, 9430.52, 1.07479e+10, 17190343752, 4305456136, 1.09527 
1073741824, 73728, 72, 16, 64, 1024, 79164837199872, 589824, 8285.49, 9554.63, 1.07481e+10, 17191808438, 4305456136, 1.09528 
1073741824, 74752, 73, 16, 64, 1024, 80264348827648, 598016, 8287.07, 9685.49, 1.07479e+10, 17190343336, 4305456092, 1.09527 
1073741824, 75776, 74, 16, 64, 1024, 81363860455424, 606208, 8290.99, 9813.53, 1.07493e+10, 17193741733, 4305456108, 1.09529 
1073741824, 76800, 75, 16, 64, 1024, 82463372083200, 614400, 8274.68, 9965.75, 1.07479e+10, 17190375324, 4305456132, 1.09527 
1073741824, 77824, 76, 16, 64, 1024, 83562883710976, 622592, 8293.71, 10075.5, 1.07488e+10, 17192064027, 4305456104, 1.09527 
1073741824, 78848, 77, 16, 64, 1024, 84662395338752, 630784, 8284.34, 10219.6, 1.07479e+10, 17190344008, 4305456124, 1.09527 
1073741824, 79872, 78, 16, 64, 1024, 85761906966528, 638976, 8292.33, 10342.3, 1.0751e+10, 17193857508, 4307993303, 1.09521 
1073741824, 80896, 79, 16, 64, 1024, 86861418594304, 647168, 8288.28, 10480, 1.07479e+10, 17190344116, 4305456088, 1.09527 
1073741824, 81920, 80, 16, 64, 1024, 87960930222080, 655360, 8293.84, 10605.6, 1.0751e+10, 17193989843, 4308134319, 1.09521 
1073741824, 82944, 81, 16, 64, 1024, 89060441849856, 663552, 8294.67, 10737.1, 1.07482e+10, 17192253747, 4305456132, 1.09528 
1073741824, 83968, 82, 16, 64, 1024, 90159953477632, 671744, 8282.44, 10885.7, 1.07479e+10, 17190344728, 4305456120, 1.09527 
1073741824, 84992, 83, 16, 64, 1024, 91259465105408, 679936, 8292.63, 11004.9, 1.07484e+10, 17191798438, 4305456120, 1.09528 
1073741824, 86016, 84, 16, 64, 1024, 92358976733184, 688128, 8295.2, 11134, 1.07479e+10, 17190343788, 4305456108, 1.09527 
1073741824, 87040, 85, 16, 64, 1024, 93458488360960, 696320, 8298.01, 11262.8, 1.07501e+10, 17193757069, 4305456080, 1.09527 
1073741824, 88064, 86, 16, 64, 1024, 94557999988736, 704512, 8292.21, 11403.2, 1.07479e+10, 17190344808, 4305456104, 1.09527 
1073741824, 89088, 87, 16, 64, 1024, 95657511616512, 712704, 8301.06, 11523.5, 1.07491e+10, 17192491786, 4305456108, 1.09527 
1073741824, 90112, 88, 16, 64, 1024, 96757023244288, 720896, 8297.86, 11660.5, 1.07479e+10, 17190344000, 4305456128, 1.09527 
1073741824, 91136, 89, 16, 64, 1024, 97856534872064, 729088, 8298.95, 11791.4, 1.07506e+10, 17193746769, 4307630556, 1.09522 
1073741824, 92160, 90, 16, 64, 1024, 98956046499840, 737280, 8307.31, 11911.9, 1.07482e+10, 17192048886, 4305456120, 1.09528 
1073741824, 93184, 91, 16, 64, 1024, 100055558127616, 745472, 8289.81, 12069.7, 1.07479e+10, 17190343480, 4305456112, 1.09527 
1073741824, 94208, 92, 16, 64, 1024, 101155069755392, 753664, 8305.45, 12179.4, 1.07495e+10, 17193880103, 4305456164, 1.09529 
1073741824, 95232, 93, 16, 64, 1024, 102254581383168, 761856, 8296.24, 12325.4, 1.07479e+10, 17190343376, 4305456124, 1.09527 
1073741824, 96256, 94, 16, 64, 1024, 103354093010944, 770048, 8308.5, 12439.6, 1.07484e+10, 17191868219, 4305456120, 1.09528 
1073741824, 97280, 95, 16, 64, 1024, 104453604638720, 778240, 8299.29, 12585.8, 1.07479e+10, 17190353324, 4305456112, 1.09527 
1073741824, 98304, 96, 16, 64, 1024, 105553116266496, 786432, 8309, 12703.5, 1.07501e+10, 17193780602, 4305456160, 1.09527 
1073741824, 99328, 97, 16, 64, 1024, 106652627894272, 794624, 8300.45, 12849, 1.07479e+10, 17190343744, 4305456116, 1.09527 
1073741824, 100352, 98, 16, 64, 1024, 107752139522048, 802816, 8313.69, 12960.8, 1.07489e+10, 17191849263, 4306090228, 1.09525 
1073741824, 101376, 99, 16, 64, 1024, 108851651149824, 811008, 8310.56, 13098, 1.07487e+10, 17194175498, 4305456064, 1.09529 
1073741824, 102400, 100, 16, 64, 1024, 109951162777600, 819200, 8302.24, 13243.5, 1.07479e+10, 17190343856, 4305456100, 1.09527 
1073741824, 103424, 101, 16, 64, 1024, 111050674405376, 827392, 8312.31, 13359.8, 1.07484e+10, 17191786859, 4305456096, 1.09528 
1073741824, 104448, 102, 16, 64, 1024, 112150186033152, 835584, 8305.37, 13503.3, 1.07479e+10, 17190352012, 4305456108, 1.09527 
1073741824, 105472, 103, 16, 64, 1024, 113249697660928, 843776, 8317.16, 13616.4, 1.07484e+10, 17191828137, 4305456092, 1.09528 
1073741824, 106496, 104, 16, 64, 1024, 114349209288704, 851968, 8305.57, 13767.8, 1.07479e+10, 17190343552, 4305456108, 1.09527 
1073741824, 107520, 105, 16, 64, 1024, 115448720916480, 860160, 8317.41, 13880.4, 1.07499e+10, 17193760946, 4305456104, 1.09527 
1073741824, 108544, 106, 16, 64, 1024, 116548232544256, 868352, 8305.15, 14033.3, 1.07479e+10, 17190343444, 4305456144, 1.09527 
1073741824, 109568, 107, 16, 64, 1024, 117647744172032, 876544, 8318.96, 14142.1, 1.07491e+10, 17192299854, 4306184456, 1.09525 
1073741824, 110592, 108, 16, 64, 1024, 118747255799808, 884736, 8317.72, 14276.4, 1.07487e+10, 17194126591, 4305456124, 1.09529 
1073741824, 111616, 109, 16, 64, 1024, 119846767427584, 892928, 8313.44, 14416, 1.07479e+10, 17190358252, 4305456116, 1.09527 
1073741824, 112640, 110, 16, 64, 1024, 120946279055360, 901120, 8328.17, 14522.5, 1.07483e+10, 17192521572, 4305456100, 1.09528 
1073741824, 113664, 111, 16, 64, 1024, 122045790683136, 909312, 8317.44, 14673.5, 1.07479e+10, 17190364616, 4305456112, 1.09527 
1073741824, 114688, 112, 16, 64, 1024, 123145302310912, 917504, 8324.4, 14793.3, 1.07492e+10, 17193543973, 4305456088, 1.09529 
1073741824, 115712, 113, 16, 64, 1024, 124244813938688, 925696, 8320.44, 14932.5, 1.07479e+10, 17190343408, 4305456112, 1.09527 
1073741824, 116736, 114, 16, 64, 1024, 125344325566464, 933888, 8324.39, 15057.5, 1.07488e+10, 17192239063, 4305456076, 1.09527 
1073741824, 117760, 115, 16, 64, 1024, 126443837194240, 942080, 8318.29, 15200.7, 1.07479e+10, 17190343516, 4305456056, 1.09527 
1073741824, 118784, 116, 16, 64, 1024, 127543348822016, 950272, 8324.85, 15320.8, 1.0751e+10, 17194180674, 4308070123, 1.09521 
1073741824, 119808, 117, 16, 64, 1024, 128642860449792, 958464, 8329.87, 15443.6, 1.07483e+10, 17192500032, 4305456092, 1.09528 
1073741824, 120832, 118, 16, 64, 1024, 129742372077568, 966656, 8326.1, 15582.6, 1.07479e+10, 17190358240, 4305456132, 1.09527 
1073741824, 121856, 119, 16, 64, 1024, 130841883705344, 974848, 8330.38, 15706.6, 1.07487e+10, 17194128869, 4305456088, 1.09529 
1073741824, 122880, 120, 16, 64, 1024, 131941395333120, 983040, 8325.14, 15848.5, 1.07479e+10, 17190343476, 4305456120, 1.09527 
1073741824, 123904, 121, 16, 64, 1024, 133040906960896, 991232, 8332.72, 15966.1, 1.07487e+10, 17192513907, 4305456100, 1.09528 
1073741824, 124928, 122, 16, 64, 1024, 134140418588672, 999424, 8323.59, 16115.7, 1.07479e+10, 17190344080, 4305456136, 1.09527 
1073741824, 125952, 123, 16, 64, 1024, 135239930216448, 1007616, 8335.1, 16225.3, 1.075e+10, 17194233406, 4305456012, 1.09527 
1073741824, 126976, 124, 16, 64, 1024, 136339441844224, 1015808, 8330.16, 16367, 1.07479e+10, 17190343604, 4305456112, 1.09527 
1073741824, 128000, 125, 16, 64, 1024, 137438953472000, 1024000, 8337.9, 16483.6, 1.07492e+10, 17193979615, 4306004406, 1.09525 
1073741824, 129024, 126, 16, 64, 1024, 138538465099776, 1032192, 8329.55, 16632.2, 1.07479e+10, 17190343832, 4305456092, 1.09527 
1073741824, 130048, 127, 16, 64, 1024, 139637976727552, 1040384, 8348.43, 16726.2, 1.07508e+10, 17193977394, 4306596138, 1.09522 
1073741824, 131072, 128, 16, 64, 1024, 140737488355328, 1048576, 8339.49, 16876, 1.07483e+10, 17192479963, 4305456068, 1.09528 
1073741824, 132096, 129, 16, 64, 1024, 141836999983104, 1056768, 8328.36, 17030.6, 1.07479e+10, 17190350724, 4305456112, 1.09527 
1073741824, 133120, 130, 16, 64, 1024, 142936511610880, 1064960, 8340.7, 17137.2, 1.07495e+10, 17193991846, 4305456020, 1.09529 
1073741824, 134144, 131, 16, 64, 1024, 144036023238656, 1073152, 8325.63, 17300.3, 1.07479e+10, 17190343716, 4305456052, 1.09527 
1073741824, 135168, 132, 16, 64, 1024, 145135534866432, 1081344, 8338.81, 17404.8, 1.07487e+10, 17191882587, 4305456032, 1.09527 
1073741824, 136192, 133, 16, 64, 1024, 146235046494208, 1089536, 8340.69, 17532.7, 1.07479e+10, 17190360896, 4305456124, 1.09527 
1073741824, 137216, 134, 16, 64, 1024, 147334558121984, 1097728, 8350.24, 17644.3, 1.07511e+10, 17194256585, 4307897698, 1.09521 
1073741824, 138240, 135, 16, 64, 1024, 148434069749760, 1105920, 8341.39, 17794.9, 1.07479e+10, 17190343604, 4305456116, 1.09527 
1073741824, 139264, 136, 16, 64, 1024, 149533581377536, 1114112, 8352.2, 17903.5, 1.07489e+10, 17192079584, 4305979907, 1.09525 
1073741824, 140288, 137, 16, 64, 1024, 150633093005312, 1122304, 8350.06, 18039.8, 1.07487e+10, 17194135505, 4305456116, 1.09529 
1073741824, 141312, 138, 16, 64, 1024, 151732604633088, 1130496, 8338.1, 18197.5, 1.07479e+10, 17190343424, 4305456092, 1.09527 
1073741824, 142336, 139, 16, 64, 1024, 152832116260864, 1138688, 8348.41, 18306.7, 1.07484e+10, 17192021559, 4305455980, 1.09528 
1073741824, 143360, 140, 16, 64, 1024, 153931627888640, 1146880, 8339.58, 18458, 1.07479e+10, 17190344760, 4305456088, 1.09527 
1073741824, 144384, 141, 16, 64, 1024, 155031139516416, 1155072, 8357.04, 18551, 1.07504e+10, 17194205633, 4305456044, 1.09527 
1073741824, 145408, 142, 16, 64, 1024, 156130651144192, 1163264, 8349.09, 18700.3, 1.07479e+10, 17190343876, 4305456116, 1.09527 
1073741824, 146432, 143, 16, 64, 1024, 157230162771968, 1171456, 8359.34, 18808.9, 1.07489e+10, 17191871284, 4305956796, 1.09525 
1073741824, 147456, 144, 16, 64, 1024, 158329674399744, 1179648, 8371.14, 18913.8, 1.0748e+10, 17192047460, 4305456088, 1.09527 
1073741824, 148480, 145, 16, 64, 1024, 159429186027520, 1187840, 8352.52, 19087.6, 1.07479e+10, 17190344620, 4305456116, 1.09527 
1073741824, 149504, 146, 16, 64, 1024, 160528697655296, 1196032, 8358.76, 19204.8, 1.07487e+10, 17194408674, 4305456088, 1.0953 
1073741824, 150528, 147, 16, 64, 1024, 161628209283072, 1204224, 8349.03, 19358.9, 1.07479e+10, 17190345556, 4305456052, 1.09527 
1073741824, 151552, 148, 16, 64, 1024, 162727720910848, 1212416, 8360.73, 19463.3, 1.07487e+10, 17192727458, 4305456012, 1.09528 
1073741824, 152576, 149, 16, 64, 1024, 163827232538624, 1220608, 8355.08, 19608.1, 1.07479e+10, 17190373756, 4305456120, 1.09527 
1073741824, 153600, 150, 16, 64, 1024, 164926744166400, 1228800, 8368.97, 19706.9, 1.07501e+10, 17193815663, 4305456024, 1.09527 
1073741824, 154624, 151, 16, 64, 1024, 166026255794176, 1236992, 8363.84, 19850.5, 1.07479e+10, 17190358380, 4305456072, 1.09527 
1073741824, 155648, 152, 16, 64, 1024, 167125767421952, 1245184, 8371.04, 19964.7, 1.07496e+10, 17192734139, 4306616983, 1.09524 
1073741824, 156672, 153, 16, 64, 1024, 168225279049728, 1253376, 8368.42, 20102.4, 1.07486e+10, 17194007570, 4305456108, 1.09529 
1073741824, 157696, 154, 16, 64, 1024, 169324790677504, 1261568, 8355.64, 20264.7, 1.07479e+10, 17190343432, 4305456096, 1.09527 
1073741824, 158720, 155, 16, 64, 1024, 170424302305280, 1269760, 8370.12, 20361, 1.07482e+10, 17191968667, 4305456012, 1.09528 
1073741824, 159744, 156, 16, 64, 1024, 171523813933056, 1277952, 8360.38, 20516.3, 1.07479e+10, 17190343720, 4305456116, 1.09527 
1073741824, 160768, 157, 16, 64, 1024, 172623325560832, 1286144, 8376.14, 20608.9, 1.07495e+10, 17194188464, 4305456028, 1.09529 
1073741824, 161792, 158, 16, 64, 1024, 173722837188608, 1294336, 8369.2, 20757.4, 1.07479e+10, 17190373752, 4305456068, 1.09527 
1073741824, 162816, 159, 16, 64, 1024, 174822348816384, 1302528, 8380.91, 20859.6, 1.07492e+10, 17192529831, 4305456020, 1.09527 
1073741824, 163840, 160, 16, 64, 1024, 175921860444160, 1310720, 8373.28, 21009.9, 1.07479e+10, 17190376092, 4305456104, 1.09527 
1073741824, 164864, 161, 16, 64, 1024, 177021372071936, 1318912, 8382.42, 21118.2, 1.07506e+10, 17193780705, 4307676007, 1.09522 
1073741824, 165888, 162, 16, 64, 1024, 178120883699712, 1327104, 8378.44, 21259.4, 1.07482e+10, 17192306950, 4305456084, 1.09528 
1073741824, 166912, 163, 16, 64, 1024, 179220395327488, 1335296, 8367.71, 21418.1, 1.07479e+10, 17190344652, 4305456052, 1.09527 
1073741824, 167936, 164, 16, 64, 1024, 180319906955264, 1343488, 8378.7, 21521.2, 1.07495e+10, 17194024769, 4305455996, 1.09529 
1073741824, 168960, 165, 16, 64, 1024, 181419418583040, 1351680, 8373.74, 21665.3, 1.07479e+10, 17190343872, 4305456088, 1.09527 
1073741824, 169984, 166, 16, 64, 1024, 182518930210816, 1359872, 8388.03, 21759.5, 1.07484e+10, 17191844487, 4305456008, 1.09528 
1073741824, 171008, 167, 16, 64, 1024, 183618441838592, 1368064, 8376.2, 21921.4, 1.07479e+10, 17190350780, 4305456080, 1.09527 
1073741824, 172032, 168, 16, 64, 1024, 184717953466368, 1376256, 8386.25, 22026.3, 1.07501e+10, 17194011052, 4305456016, 1.09527 
1073741824, 173056, 169, 16, 64, 1024, 185817465094144, 1384448, 8384.1, 22163.1, 1.07479e+10, 17190344196, 4305456080, 1.09527 
1073741824, 174080, 170, 16, 64, 1024, 186916976721920, 1392640, 8388.61, 22282.2, 1.07489e+10, 17191935709, 4305975753, 1.09525 
1073741824, 175104, 171, 16, 64, 1024, 188016488349696, 1400832, 8386.19, 22419.8, 1.07487e+10, 17194024275, 4305456064, 1.09529 
1073741824, 176128, 172, 16, 64, 1024, 189115999977472, 1409024, 8376.93, 22575.8, 1.07479e+10, 17190345840, 4305456076, 1.09527 
1073741824, 177152, 173, 16, 64, 1024, 190215511605248, 1417216, 8389.41, 22673.3, 1.07484e+10, 17192103323, 4305455968, 1.09528 
1073741824, 178176, 174, 16, 64, 1024, 191315023233024, 1425408, 8385.24, 22815.7, 1.07479e+10, 17190354056, 4305456068, 1.09527 
1073741824, 179200, 175, 16, 64, 1024, 192414534860800, 1433600, 8397.65, 22912.9, 1.07502e+10, 17194117621, 4305455964, 1.09527 
1073741824, 180224, 176, 16, 64, 1024, 193514046488576, 1441792, 8383.81, 23081.9, 1.07479e+10, 17190343468, 4305456060, 1.09527 
1073741824, 181248, 177, 16, 64, 1024, 194613558116352, 1449984, 8394.76, 23182.7, 1.07488e+10, 17192117797, 4305456004, 1.09527 
1073741824, 182272, 178, 16, 64, 1024, 195713069744128, 1458176, 8381.96, 23349.3, 1.07479e+10, 17190348064, 4305456076, 1.09527 
1073741824, 183296, 179, 16, 64, 1024, 196812581371904, 1466368, 8391.19, 23454.7, 1.07497e+10, 17194022524, 4305986875, 1.09524 
1073741824, 184320, 180, 16, 64, 1024, 197912092999680, 1474560, 8395.55, 23573.4, 1.07484e+10, 17193399947, 4305456068, 1.09528 
1073741824, 185344, 181, 16, 64, 1024, 199011604627456, 1482752, 8386.08, 23731.2, 1.07479e+10, 17190343448, 4305456096, 1.09527 
1073741824, 186368, 182, 16, 64, 1024, 200111116255232, 1490944, 8407.63, 23801.1, 1.07489e+10, 17194229002, 4305456004, 1.09528 
1073741824, 187392, 183, 16, 64, 1024, 201210627883008, 1499136, 8397.09, 23961.9, 1.07479e+10, 17190343516, 4305456028, 1.09527 
1073741824, 188416, 184, 16, 64, 1024, 202310139510784, 1507328, 8406.61, 24065.6, 1.07498e+10, 17194025666, 4305455904, 1.09527 
1073741824, 189440, 185, 16, 64, 1024, 203409651138560, 1515520, 8395.44, 24228.6, 1.07479e+10, 17190343856, 4305456048, 1.09527 
1073741824, 190464, 186, 16, 64, 1024, 204509162766336, 1523712, 8403.89, 24335.1, 1.07489e+10, 17191994202, 4305742379, 1.09525 
1073741824, 191488, 187, 16, 64, 1024, 205608674394112, 1531904, 8394.49, 24493.3, 1.07479e+10, 17190344400, 4305456080, 1.09527 
1073741824, 192512, 188, 16, 64, 1024, 206708186021888, 1540096, 8397.83, 24614.5, 1.0751e+10, 17194077766, 4307866933, 1.09521 
1073741824, 193536, 189, 16, 64, 1024, 207807697649664, 1548288, 8408.1, 24715.2, 1.07484e+10, 17193784605, 4305456068, 1.09529 
1073741824, 194560, 190, 16, 64, 1024, 208907209277440, 1556480, 8400.76, 24867.7, 1.07479e+10, 17190345788, 4305456064, 1.09527 
1073741824, 195584, 191, 16, 64, 1024, 210006720905216, 1564672, 8414.62, 24957.4, 1.07492e+10, 17194028335, 4305455960, 1.09529 
1073741824, 196608, 192, 16, 64, 1024, 211106232532992, 1572864, 8401.95, 25125.9, 1.07479e+10, 17190344000, 4305456040, 1.09527 
1073741824, 197632, 193, 16, 64, 1024, 212205744160768, 1581056, 8413.38, 25222.4, 1.0749e+10, 17192554778, 4305455960, 1.09527 
1073741824, 198656, 194, 16, 64, 1024, 213305255788544, 1589248, 8398.83, 25397, 1.07479e+10, 17190348180, 4305456060, 1.09527 
1073741824, 199680, 195, 16, 64, 1024, 214404767416320, 1597440, 8414.25, 25481.2, 1.07511e+10, 17194238026, 4307887466, 1.09521 
1073741824, 200704, 196, 16, 64, 1024, 215504279044096, 1605632, 8409.39, 25626.6, 1.07483e+10, 17192555997, 4305456040, 1.09528 
1073741824, 201728, 197, 16, 64, 1024, 216603790671872, 1613824, 8410.32, 25754.5, 1.07479e+10, 17190373880, 4305456052, 1.09527 
1073741824, 202752, 198, 16, 64, 1024, 217703302299648, 1622016, 8422.52, 25847.8, 1.07492e+10, 17193612924, 4305455968, 1.09529 
1073741824, 203776, 199, 16, 64, 1024, 218802813927424, 1630208, 8416.79, 25996, 1.07479e+10, 17190345600, 4305456072, 1.09527 
1073741824, 204800, 200, 16, 64, 1024, 219902325555200, 1638400, 8425.15, 26100.7, 1.07485e+10, 17192342927, 4305455964, 1.09528 
1073741824, 205824, 201, 16, 64, 1024, 221001837182976, 1646592, 8414.25, 26265.2, 1.07479e+10, 17190373412, 4305456052, 1.09527 
1073741824, 206848, 202, 16, 64, 1024, 222101348810752, 1654784, 8423.04, 26368.3, 1.07503e+10, 17194223339, 4305455960, 1.09527 
1073741824, 207872, 203, 16, 64, 1024, 223200860438528, 1662976, 8411.31, 26535.8, 1.07479e+10, 17190344444, 4305456036, 1.09527 
1073741824, 208896, 204, 16, 64, 1024, 224300372066304, 1671168, 8422.38, 26631.5, 1.07509e+10, 17194017384, 4307917992, 1.09522 
1073741824, 209920, 205, 16, 64, 1024, 225399883694080, 1679360, 8428.1, 26743.8, 1.07483e+10, 17192540372, 4305456072, 1.09528 
1073741824, 210944, 206, 16, 64, 1024, 226499395321856, 1687552, 8422.55, 26892, 1.07479e+10, 17190357612, 4305456068, 1.09527 
1073741824, 211968, 207, 16, 64, 1024, 227598906949632, 1695744, 8437.54, 26974.6, 1.07485e+10, 17192321798, 4305455912, 1.09528 
1073741824, 212992, 208, 16, 64, 1024, 228698418577408, 1703936, 8423.55, 27149.9, 1.07479e+10, 17190346436, 4305456060, 1.09527 
1073741824, 214016, 209, 16, 64, 1024, 229797930205184, 1712128, 8435.85, 27240.7, 1.07501e+10, 17194042915, 4305455928, 1.09527 
1073741824, 215040, 210, 16, 64, 1024, 230897441832960, 1720320, 8423.05, 27412.6, 1.07479e+10, 17190344000, 4305456084, 1.09527 
1073741824, 216064, 211, 16, 64, 1024, 231996953460736, 1728512, 8434.04, 27507.2, 1.0749e+10, 17192117956, 4305759643, 1.09525 
1073741824, 217088, 212, 16, 64, 1024, 233096465088512, 1736704, 8433.52, 27639.3, 1.07487e+10, 17194025978, 4305456068, 1.09529 
1073741824, 218112, 213, 16, 64, 1024, 234195976716288, 1744896, 8428.89, 27784.9, 1.07479e+10, 17190344228, 4305456076, 1.09527 
1073741824, 219136, 214, 16, 64, 1024, 235295488344064, 1753088, 8443.51, 27867, 1.07483e+10, 17192541361, 4305455976, 1.09528 
1073741824, 220160, 215, 16, 64, 1024, 236394999971840, 1761280, 8430.72, 28039.7, 1.07479e+10, 17190344192, 4305456028, 1.09527 
1073741824, 221184, 216, 16, 64, 1024, 237494511599616, 1769472, 8444.87, 28122.9, 1.07495e+10, 17193992631, 4305455956, 1.09529 
1073741824, 222208, 217, 16, 64, 1024, 238594023227392, 1777664, 8434, 28289.5, 1.07479e+10, 17190358392, 4305456076, 1.09527 
1073741824, 223232, 218, 16, 64, 1024, 239693534855168, 1785856, 8445.48, 28381.3, 1.07503e+10, 17194254032, 4305455928, 1.09527 
1073741824, 224256, 219, 16, 64, 1024, 240793046482944, 1794048, 8434.87, 28547.3, 1.07479e+10, 17190345848, 4305456060, 1.09527 
1073741824, 225280, 220, 16, 64, 1024, 241892558110720, 1802240, 8444.65, 28644.5, 1.07502e+10, 17193402275, 4307275937, 1.09523 
1073741824, 226304, 221, 16, 64, 1024, 242992069738496, 1810432, 8446.93, 28766.9, 1.07482e+10, 17192338468, 4305456076, 1.09528 
1073741824, 227328, 222, 16, 64, 1024, 244091581366272, 1818624, 8445.19, 28903, 1.07479e+10, 17190343920, 4305456056, 1.09527 
1073741824, 228352, 223, 16, 64, 1024, 245191092994048, 1826816, 8451.41, 29011.8, 1.07494e+10, 17194041281, 4305455928, 1.09529 
1073741824, 229376, 224, 16, 64, 1024, 246290604621824, 1835008, 8443.93, 29167.8, 1.07479e+10, 17190358180, 4305456084, 1.09527 
1073741824, 230400, 225, 16, 64, 1024, 247390116249600, 1843200, 8454.05, 29262.9, 1.07492e+10, 17192766593, 4305455976, 1.09527 
1073741824, 231424, 226, 16, 64, 1024, 248489627877376, 1851392, 8442.92, 29431.7, 1.07479e+10, 17190343464, 4305456068, 1.09527 
1073741824, 232448, 227, 16, 64, 1024, 249589139505152, 1859584, 8452.67, 29527.8, 1.07509e+10, 17193857810, 4307684861, 1.09522 
1073741824, 233472, 228, 16, 64, 1024, 250688651132928, 1867776, 8450.69, 29664.9, 1.07481e+10, 17192086471, 4305456056, 1.09527 
1073741824, 234496, 229, 16, 64, 1024, 251788162760704, 1875968, 8448.75, 29801.8, 1.07479e+10, 17190344248, 4305456060, 1.09527 
1073741824, 235520, 230, 16, 64, 1024, 252887674388480, 1884160, 8459.27, 29894.7, 1.07487e+10, 17194254140, 4305455952, 1.09529 
1073741824, 236544, 231, 16, 64, 1024, 253987186016256, 1892352, 8452.55, 30048.6, 1.07479e+10, 17190373196, 4305456064, 1.09527 
1073741824, 237568, 232, 16, 64, 1024, 255086697644032, 1900544, 8461.09, 30148.2, 1.07484e+10, 17192115935, 4305455924, 1.09528 
1073741824, 238592, 233, 16, 64, 1024, 256186209271808, 1908736, 8453.69, 30304.7, 1.07479e+10, 17190343528, 4305456072, 1.09527 
1073741824, 239616, 234, 16, 64, 1024, 257285720899584, 1916928, 8462.15, 30404.3, 1.07487e+10, 17191958303, 4305455940, 1.09527 
1073741824, 240640, 235, 16, 64, 1024, 258385232527360, 1925120, 8452.8, 30568, 1.07479e+10, 17190373668, 4305456056, 1.09527 
1073741824, 241664, 236, 16, 64, 1024, 259484744155136, 1933312, 8464.87, 30654.3, 1.07509e+10, 17194062912, 4307960771, 1.09522 
1073741824, 242688, 237, 16, 64, 1024, 260584255782912, 1941504, 8466.43, 30778.5, 1.07486e+10, 17194030596, 4305456020, 1.09529 
1073741824, 243712, 238, 16, 64, 1024, 261683767410688, 1949696, 8466.27, 30909, 1.07479e+10, 17190343532, 4305456056, 1.09527 
1073741824, 244736, 239, 16, 64, 1024, 262783279038464, 1957888, 8473.43, 31012.6, 1.07486e+10, 17192367390, 4305455936, 1.09528 
1073741824, 245760, 240, 16, 64, 1024, 263882790666240, 1966080, 8463.68, 31178.3, 1.07479e+10, 17190345756, 4305456060, 1.09527 
1073741824, 246784, 241, 16, 64, 1024, 264982302294016, 1974272, 8473.6, 31271.5, 1.07489e+10, 17192355109, 4305455924, 1.09527 
1073741824, 247808, 242, 16, 64, 1024, 266081813921792, 1982464, 8461.86, 31444.8, 1.07479e+10, 17190344144, 4305456024, 1.09527 
1073741824, 248832, 243, 16, 64, 1024, 267181325549568, 1990656, 8473.45, 31531.6, 1.07511e+10, 17194241421, 4307910675, 1.09521 
1073741824, 249856, 244, 16, 64, 1024, 268280837177344, 1998848, 8471.93, 31667, 1.07487e+10, 17194273560, 4305456060, 1.09529 
1073741824, 250880, 245, 16, 64, 1024, 269380348805120, 2007040, 8463.94, 31826.8, 1.07479e+10, 17190344068, 4305456060, 1.09527 
1073741824, 251904, 246, 16, 64, 1024, 270479860432896, 2015232, 8484.12, 31880.7, 1.07486e+10, 17192559117, 4305455952, 1.09528 
1073741824, 252928, 247, 16, 64, 1024, 271579372060672, 2023424, 8472.51, 32054.2, 1.07479e+10, 17190373640, 4305456076, 1.09527 
1073741824, 253952, 248, 16, 64, 1024, 272678883688448, 2031616, 8481.43, 32150.1, 1.07485e+10, 17192345126, 4305455892, 1.09528 
1073741824, 254976, 249, 16, 64, 1024, 273778395316224, 2039808, 8472.63, 32313.3, 1.07479e+10, 17190358368, 4305456052, 1.09527 
1073741824, 256000, 250, 16, 64, 1024, 274877906944000, 2048000, 8480.95, 32411.2, 1.07505e+10, 17194515298, 4305455920, 1.09527 
1073741824, 257024, 251, 16, 64, 1024, 275977418571776, 2056192, 8469.68, 32584.2, 1.07479e+10, 17190353220, 4305456052, 1.09527 
1073741824, 258048, 252, 16, 64, 1024, 277076930199552, 2064384, 8478.62, 32679.5, 1.07496e+10, 17192786424, 4306440096, 1.09524 
1073741824, 259072, 253, 16, 64, 1024, 278176441827328, 2072576, 8484.91, 32784.8, 1.07486e+10, 17193832360, 4305456068, 1.09529 
1073741824, 260096, 254, 16, 64, 1024, 279275953455104, 2080768, 8478.62, 32938.8, 1.07479e+10, 17190344244, 4305456052, 1.09527 
1073741824, 261120, 255, 16, 64, 1024, 280375465082880, 2088960, 8492.04, 33016.3, 1.07487e+10, 17192567709, 4305455944, 1.09528 
1073741824, 262144, 256, 16, 64, 1024, 281474976710656, 2097152, 8480.95, 33189.1, 1.07479e+10, 17190344280, 4305456672, 1.09527 
1073741824, 263168, 257, 16, 64, 1024, 282574488338432, 2105344, 8489.67, 33284.5, 1.07503e+10, 17194119254, 4305456608, 1.09527 
1073741824, 264192, 258, 16, 64, 1024, 283673999966208, 2113536, 8481.38, 33446.7, 1.07479e+10, 17190344876, 4305457236, 1.09527 
1073741824, 265216, 259, 16, 64, 1024, 284773511593984, 2121728, 8492.32, 33533.1, 1.0749e+10, 17192164613, 4305796960, 1.09525 
1073741824, 266240, 260, 16, 64, 1024, 285873023221760, 2129920, 8489.04, 33675.5, 1.07487e+10, 17194266858, 4305457212, 1.09529 
1073741824, 267264, 261, 16, 64, 1024, 286972534849536, 2138112, 8483.38, 33827.6, 1.07479e+10, 17190349708, 4305457244, 1.09527 
1073741824, 268288, 262, 16, 64, 1024, 288072046477312, 2146304, 8499.75, 33891.8, 1.07488e+10, 17192786058, 4305456660, 1.09528 
1073741824, 269312, 263, 16, 64, 1024, 289171558105088, 2154496, 8488.58, 34065.9, 1.07479e+10, 17190345652, 4305457136, 1.09527 
1073741824, 270336, 264, 16, 64, 1024, 290271069732864, 2162688, 8498.75, 34154.6, 1.07504e+10, 17194412414, 4305456464, 1.09527 
1073741824, 271360, 265, 16, 64, 1024, 291370581360640, 2170880, 8492.71, 34308.3, 1.07479e+10, 17190344808, 4305457208, 1.09527 
1073741824, 272384, 266, 16, 64, 1024, 292470092988416, 2179072, 8501.84, 34400.8, 1.07496e+10, 17192799760, 4306431150, 1.09524 
1073741824, 273408, 267, 16, 64, 1024, 293569604616192, 2187264, 8499.78, 34538.5, 1.07486e+10, 17193863574, 4305457100, 1.09529 
1073741824, 274432, 268, 16, 64, 1024, 294669116243968, 2195456, 8489.24, 34710.9, 1.07479e+10, 17190345784, 4305457188, 1.09527 
1073741824, 275456, 269, 16, 64, 1024, 295768627871744, 2203648, 8506.72, 34768.8, 1.07484e+10, 17192154634, 4305456544, 1.09528 
1073741824, 276480, 270, 16, 64, 1024, 296868139499520, 2211840, 8499.28, 34928.6, 1.07479e+10, 17190344916, 4305457156, 1.09527 
1073741824, 277504, 271, 16, 64, 1024, 297967651127296, 2220032, 8508.14, 35021.5, 1.07498e+10, 17194261508, 4305456676, 1.09528 
1073741824, 278528, 272, 16, 64, 1024, 299067162755072, 2228224, 8499.16, 35187.8, 1.07479e+10, 17190344704, 4305457088, 1.09527 
1073741824, 279552, 273, 16, 64, 1024, 300166674382848, 2236416, 8511.32, 35266.7, 1.07492e+10, 17192823116, 4305456452, 1.09527 
1073741824, 280576, 274, 16, 64, 1024, 301266186010624, 2244608, 8501, 35438.9, 1.07479e+10, 17190377188, 4305457192, 1.09527 
1073741824, 281600, 275, 16, 64, 1024, 302365697638400, 2252800, 8511.67, 35523.7, 1.07511e+10, 17194293595, 4307919126, 1.09521 
1073741824, 282624, 276, 16, 64, 1024, 303465209266176, 2260992, 8507.67, 35669.6, 1.07482e+10, 17192183531, 4305457172, 1.09528 
1073741824, 283648, 277, 16, 64, 1024, 304564720893952, 2269184, 8504.51, 35812.1, 1.07479e+10, 17190345192, 4305457196, 1.09527 
1073741824, 284672, 278, 16, 64, 1024, 305664232521728, 2277376, 8520.46, 35874.2, 1.07495e+10, 17194270678, 4305456492, 1.09529 
1073741824, 285696, 279, 16, 64, 1024, 306763744149504, 2285568, 8510.89, 36043.7, 1.07479e+10, 17190344992, 4305457088, 1.09527 
1073741824, 286720, 280, 16, 64, 1024, 307863255777280, 2293760, 8524.49, 36115.2, 1.07487e+10, 17192156220, 4305456836, 1.09527 
1073741824, 287744, 281, 16, 64, 1024, 308962767405056, 2301952, 8512.56, 36294.9, 1.07479e+10, 17190346920, 4305457104, 1.09527 
1073741824, 288768, 282, 16, 64, 1024, 310062279032832, 2310144, 8524.94, 36371.2, 1.07511e+10, 17194287768, 4307934945, 1.09521 
1073741824, 289792, 283, 16, 64, 1024, 311161790660608, 2318336, 8523.57, 36506, 1.07482e+10, 17192150924, 4305457108, 1.09528 
1073741824, 290816, 284, 16, 64, 1024, 312261302288384, 2326528, 8513.68, 36677.6, 1.07479e+10, 17190344820, 4305457148, 1.09527 
1073741824, 291840, 285, 16, 64, 1024, 313360813916160, 2334720, 8527.64, 36746.5, 1.07495e+10, 17194297418, 4305457024, 1.09529 
1073741824, 292864, 286, 16, 64, 1024, 314460325543936, 2342912, 8526.82, 36879, 1.07479e+10, 17190344928, 4305457112, 1.09527 
1073741824, 293888, 287, 16, 64, 1024, 315559837171712, 2351104, 8537.36, 36962.2, 1.07487e+10, 17192170798, 4305456552, 1.09527 
1073741824, 294912, 288, 16, 64, 1024, 316659348799488, 2359296, 8530.63, 37120.3, 1.07479e+10, 17190345100, 4305457132, 1.09527 
1073741824, 295936, 289, 16, 64, 1024, 317758860427264, 2367488, 8544.57, 37188.4, 1.07509e+10, 17194107682, 4307883785, 1.09522 
1073741824, 296960, 290, 16, 64, 1024, 318858372055040, 2375680, 8545.77, 37311.8, 1.07482e+10, 17192178528, 4305457156, 1.09528 
1073741824, 297984, 291, 16, 64, 1024, 319957883682816, 2383872, 8536.3, 37482, 1.07479e+10, 17190346640, 4305457084, 1.09527 
1073741824, 299008, 292, 16, 64, 1024, 321057395310592, 2392064, 8546.04, 37568, 1.07495e+10, 17194100998, 4305456876, 1.09529 
1073741824, 300032, 293, 16, 64, 1024, 322156906938368, 2400256, 8542.36, 37712.9, 1.07479e+10, 17190359556, 4305457156, 1.09527 
1073741824, 301056, 294, 16, 64, 1024, 323256418566144, 2408448, 8557.25, 37775.7, 1.07487e+10, 17192157258, 4305457040, 1.09527 
1073741824, 302080, 295, 16, 64, 1024, 324355930193920, 2416640, 8547.74, 37946.4, 1.07479e+10, 17190345016, 4305457184, 1.09527 
1073741824, 303104, 296, 16, 64, 1024, 325455441821696, 2424832, 8559.09, 38024.5, 1.07509e+10, 17194050907, 4307818394, 1.09522 
1073741824, 304128, 297, 16, 64, 1024, 326554953449472, 2433024, 8557.39, 38160.6, 1.07483e+10, 17192614211, 4305457160, 1.09528 
1073741824, 305152, 298, 16, 64, 1024, 327654465077248, 2441216, 8550.55, 38319.7, 1.07479e+10, 17190345856, 4305457184, 1.09527 
1073741824, 306176, 299, 16, 64, 1024, 328753976705024, 2449408, 8558.24, 38413.8, 1.07495e+10, 17194059112, 4305456976, 1.09529 
1073741824, 307200, 300, 16, 64, 1024, 329853488332800, 2457600, 8550.49, 38577.2, 1.07479e+10, 17190345480, 4305457200, 1.09527 
1073741824, 308224, 301, 16, 64, 1024, 330952999960576, 2465792, 8564.87, 38640.8, 1.07492e+10, 17192600860, 4305456812, 1.09527 
1073741824, 309248, 302, 16, 64, 1024, 332052511588352, 2473984, 8562.82, 38778.4, 1.07479e+10, 17190353232, 4305457280, 1.09527 
1073741824, 310272, 303, 16, 64, 1024, 333152023216128, 2482176, 8576.19, 38846.2, 1.07507e+10, 17193568074, 4307837687, 1.09522 
1073741824, 311296, 304, 16, 64, 1024, 334251534843904, 2490368, 8579.57, 38959, 1.07482e+10, 17191684870, 4305457128, 1.09528 
