[INFO] GPU Roofline Tools 
[INFO] Version 1.0.0 (C)2024 Bagus Hanindhito 
[INFO] Built for AMD Instinct MI300X (gfx942) GPUs
[INFO] Detected 8 HIP-capable device(s)
[INFO] +---+------------------------+----+----+-----------+--------------+--------------+
[INFO] |#  |Device Name             |CC  |#CU |Freq. (MHz)|Mem. Size (MB)|Mem. BW (GB/s)|
[INFO] +---+------------------------+----+----+-----------+--------------+--------------+
[INFO] |0  |AMD Instinct MI300X     |9.4 |304 |2100       |196592        |2662.4        |
[INFO] +---+------------------------+----+----+-----------+--------------+--------------+
[INFO] |1  |AMD Instinct MI300X     |9.4 |304 |2100       |196592        |2662.4        |
[INFO] +---+------------------------+----+----+-----------+--------------+--------------+
[INFO] |2  |AMD Instinct MI300X     |9.4 |304 |2100       |196592        |2662.4        |
[INFO] +---+------------------------+----+----+-----------+--------------+--------------+
[INFO] |3  |AMD Instinct MI300X     |9.4 |304 |2100       |196592        |2662.4        |
[INFO] +---+------------------------+----+----+-----------+--------------+--------------+
[INFO] |4  |AMD Instinct MI300X     |9.4 |304 |2100       |196592        |2662.4        |
[INFO] +---+------------------------+----+----+-----------+--------------+--------------+
[INFO] |5  |AMD Instinct MI300X     |9.4 |304 |2100       |196592        |2662.4        |
[INFO] +---+------------------------+----+----+-----------+--------------+--------------+
[INFO] |6  |AMD Instinct MI300X     |9.4 |304 |2100       |196592        |2662.4        |
[INFO] +---+------------------------+----+----+-----------+--------------+--------------+
[INFO] |7  |AMD Instinct MI300X     |9.4 |304 |2100       |196592        |2662.4        |
[INFO] +---+------------------------+----+----+-----------+--------------+--------------+
[WARN] This program does not currently support Multi-GPU run.
[INFO] Set default GPU to GPU index 0
[INFO] (1743257493) Running with 16 wavefront(s) per workgroup and 1 workgroup(s)
[INFO] (1743257501) Running with 16 wavefront(s) per workgroup and 2 workgroup(s)
[INFO] (1743257509) Running with 16 wavefront(s) per workgroup and 3 workgroup(s)
[INFO] (1743257518) Running with 16 wavefront(s) per workgroup and 4 workgroup(s)
[INFO] (1743257526) Running with 16 wavefront(s) per workgroup and 5 workgroup(s)
[INFO] (1743257534) Running with 16 wavefront(s) per workgroup and 6 workgroup(s)
[INFO] (1743257542) Running with 16 wavefront(s) per workgroup and 7 workgroup(s)
[INFO] (1743257551) Running with 16 wavefront(s) per workgroup and 8 workgroup(s)
[INFO] (1743257559) Running with 16 wavefront(s) per workgroup and 9 workgroup(s)
[INFO] (1743257567) Running with 16 wavefront(s) per workgroup and 10 workgroup(s)
[INFO] (1743257575) Running with 16 wavefront(s) per workgroup and 11 workgroup(s)
[INFO] (1743257583) Running with 16 wavefront(s) per workgroup and 12 workgroup(s)
[INFO] (1743257592) Running with 16 wavefront(s) per workgroup and 13 workgroup(s)
[INFO] (1743257600) Running with 16 wavefront(s) per workgroup and 14 workgroup(s)
[INFO] (1743257608) Running with 16 wavefront(s) per workgroup and 15 workgroup(s)
[INFO] (1743257616) Running with 16 wavefront(s) per workgroup and 16 workgroup(s)
[INFO] (1743257625) Running with 16 wavefront(s) per workgroup and 17 workgroup(s)
[INFO] (1743257633) Running with 16 wavefront(s) per workgroup and 18 workgroup(s)
[INFO] (1743257641) Running with 16 wavefront(s) per workgroup and 19 workgroup(s)
[INFO] (1743257649) Running with 16 wavefront(s) per workgroup and 20 workgroup(s)
[INFO] (1743257658) Running with 16 wavefront(s) per workgroup and 21 workgroup(s)
[INFO] (1743257666) Running with 16 wavefront(s) per workgroup and 22 workgroup(s)
[INFO] (1743257674) Running with 16 wavefront(s) per workgroup and 23 workgroup(s)
[INFO] (1743257682) Running with 16 wavefront(s) per workgroup and 24 workgroup(s)
[INFO] (1743257691) Running with 16 wavefront(s) per workgroup and 25 workgroup(s)
[INFO] (1743257699) Running with 16 wavefront(s) per workgroup and 26 workgroup(s)
[INFO] (1743257707) Running with 16 wavefront(s) per workgroup and 27 workgroup(s)
[INFO] (1743257715) Running with 16 wavefront(s) per workgroup and 28 workgroup(s)
[INFO] (1743257724) Running with 16 wavefront(s) per workgroup and 29 workgroup(s)
[INFO] (1743257732) Running with 16 wavefront(s) per workgroup and 30 workgroup(s)
[INFO] (1743257740) Running with 16 wavefront(s) per workgroup and 31 workgroup(s)
[INFO] (1743257748) Running with 16 wavefront(s) per workgroup and 32 workgroup(s)
[INFO] (1743257757) Running with 16 wavefront(s) per workgroup and 33 workgroup(s)
[INFO] (1743257765) Running with 16 wavefront(s) per workgroup and 34 workgroup(s)
[INFO] (1743257773) Running with 16 wavefront(s) per workgroup and 35 workgroup(s)
[INFO] (1743257781) Running with 16 wavefront(s) per workgroup and 36 workgroup(s)
[INFO] (1743257789) Running with 16 wavefront(s) per workgroup and 37 workgroup(s)
[INFO] (1743257798) Running with 16 wavefront(s) per workgroup and 38 workgroup(s)
[INFO] (1743257806) Running with 16 wavefront(s) per workgroup and 39 workgroup(s)
[INFO] (1743257814) Running with 16 wavefront(s) per workgroup and 40 workgroup(s)
[INFO] (1743257822) Running with 16 wavefront(s) per workgroup and 41 workgroup(s)
[INFO] (1743257831) Running with 16 wavefront(s) per workgroup and 42 workgroup(s)
[INFO] (1743257839) Running with 16 wavefront(s) per workgroup and 43 workgroup(s)
[INFO] (1743257847) Running with 16 wavefront(s) per workgroup and 44 workgroup(s)
[INFO] (1743257855) Running with 16 wavefront(s) per workgroup and 45 workgroup(s)
[INFO] (1743257864) Running with 16 wavefront(s) per workgroup and 46 workgroup(s)
[INFO] (1743257872) Running with 16 wavefront(s) per workgroup and 47 workgroup(s)
[INFO] (1743257880) Running with 16 wavefront(s) per workgroup and 48 workgroup(s)
[INFO] (1743257888) Running with 16 wavefront(s) per workgroup and 49 workgroup(s)
[INFO] (1743257897) Running with 16 wavefront(s) per workgroup and 50 workgroup(s)
[INFO] (1743257905) Running with 16 wavefront(s) per workgroup and 51 workgroup(s)
[INFO] (1743257913) Running with 16 wavefront(s) per workgroup and 52 workgroup(s)
[INFO] (1743257921) Running with 16 wavefront(s) per workgroup and 53 workgroup(s)
[INFO] (1743257930) Running with 16 wavefront(s) per workgroup and 54 workgroup(s)
[INFO] (1743257938) Running with 16 wavefront(s) per workgroup and 55 workgroup(s)
[INFO] (1743257946) Running with 16 wavefront(s) per workgroup and 56 workgroup(s)
[INFO] (1743257954) Running with 16 wavefront(s) per workgroup and 57 workgroup(s)
[INFO] (1743257963) Running with 16 wavefront(s) per workgroup and 58 workgroup(s)
[INFO] (1743257971) Running with 16 wavefront(s) per workgroup and 59 workgroup(s)
[INFO] (1743257979) Running with 16 wavefront(s) per workgroup and 60 workgroup(s)
[INFO] (1743257988) Running with 16 wavefront(s) per workgroup and 61 workgroup(s)
[INFO] (1743257996) Running with 16 wavefront(s) per workgroup and 62 workgroup(s)
[INFO] (1743258004) Running with 16 wavefront(s) per workgroup and 63 workgroup(s)
[INFO] (1743258012) Running with 16 wavefront(s) per workgroup and 64 workgroup(s)
[INFO] (1743258021) Running with 16 wavefront(s) per workgroup and 65 workgroup(s)
[INFO] (1743258029) Running with 16 wavefront(s) per workgroup and 66 workgroup(s)
[INFO] (1743258037) Running with 16 wavefront(s) per workgroup and 67 workgroup(s)
[INFO] (1743258045) Running with 16 wavefront(s) per workgroup and 68 workgroup(s)
[INFO] (1743258054) Running with 16 wavefront(s) per workgroup and 69 workgroup(s)
[INFO] (1743258062) Running with 16 wavefront(s) per workgroup and 70 workgroup(s)
[INFO] (1743258070) Running with 16 wavefront(s) per workgroup and 71 workgroup(s)
[INFO] (1743258078) Running with 16 wavefront(s) per workgroup and 72 workgroup(s)
[INFO] (1743258087) Running with 16 wavefront(s) per workgroup and 73 workgroup(s)
[INFO] (1743258095) Running with 16 wavefront(s) per workgroup and 74 workgroup(s)
[INFO] (1743258103) Running with 16 wavefront(s) per workgroup and 75 workgroup(s)
[INFO] (1743258111) Running with 16 wavefront(s) per workgroup and 76 workgroup(s)
[INFO] (1743258120) Running with 16 wavefront(s) per workgroup and 77 workgroup(s)
[INFO] (1743258128) Running with 16 wavefront(s) per workgroup and 78 workgroup(s)
[INFO] (1743258136) Running with 16 wavefront(s) per workgroup and 79 workgroup(s)
[INFO] (1743258144) Running with 16 wavefront(s) per workgroup and 80 workgroup(s)
[INFO] (1743258153) Running with 16 wavefront(s) per workgroup and 81 workgroup(s)
[INFO] (1743258161) Running with 16 wavefront(s) per workgroup and 82 workgroup(s)
[INFO] (1743258169) Running with 16 wavefront(s) per workgroup and 83 workgroup(s)
[INFO] (1743258178) Running with 16 wavefront(s) per workgroup and 84 workgroup(s)
[INFO] (1743258186) Running with 16 wavefront(s) per workgroup and 85 workgroup(s)
[INFO] (1743258194) Running with 16 wavefront(s) per workgroup and 86 workgroup(s)
[INFO] (1743258202) Running with 16 wavefront(s) per workgroup and 87 workgroup(s)
[INFO] (1743258211) Running with 16 wavefront(s) per workgroup and 88 workgroup(s)
[INFO] (1743258219) Running with 16 wavefront(s) per workgroup and 89 workgroup(s)
[INFO] (1743258227) Running with 16 wavefront(s) per workgroup and 90 workgroup(s)
[INFO] (1743258235) Running with 16 wavefront(s) per workgroup and 91 workgroup(s)
[INFO] (1743258244) Running with 16 wavefront(s) per workgroup and 92 workgroup(s)
[INFO] (1743258252) Running with 16 wavefront(s) per workgroup and 93 workgroup(s)
[INFO] (1743258260) Running with 16 wavefront(s) per workgroup and 94 workgroup(s)
[INFO] (1743258268) Running with 16 wavefront(s) per workgroup and 95 workgroup(s)
[INFO] (1743258277) Running with 16 wavefront(s) per workgroup and 96 workgroup(s)
[INFO] (1743258285) Running with 16 wavefront(s) per workgroup and 97 workgroup(s)
[INFO] (1743258293) Running with 16 wavefront(s) per workgroup and 98 workgroup(s)
[INFO] (1743258302) Running with 16 wavefront(s) per workgroup and 99 workgroup(s)
[INFO] (1743258310) Running with 16 wavefront(s) per workgroup and 100 workgroup(s)
[INFO] (1743258318) Running with 16 wavefront(s) per workgroup and 101 workgroup(s)
[INFO] (1743258326) Running with 16 wavefront(s) per workgroup and 102 workgroup(s)
[INFO] (1743258335) Running with 16 wavefront(s) per workgroup and 103 workgroup(s)
[INFO] (1743258343) Running with 16 wavefront(s) per workgroup and 104 workgroup(s)
[INFO] (1743258351) Running with 16 wavefront(s) per workgroup and 105 workgroup(s)
[INFO] (1743258359) Running with 16 wavefront(s) per workgroup and 106 workgroup(s)
[INFO] (1743258368) Running with 16 wavefront(s) per workgroup and 107 workgroup(s)
[INFO] (1743258376) Running with 16 wavefront(s) per workgroup and 108 workgroup(s)
[INFO] (1743258384) Running with 16 wavefront(s) per workgroup and 109 workgroup(s)
[INFO] (1743258393) Running with 16 wavefront(s) per workgroup and 110 workgroup(s)
[INFO] (1743258401) Running with 16 wavefront(s) per workgroup and 111 workgroup(s)
[INFO] (1743258409) Running with 16 wavefront(s) per workgroup and 112 workgroup(s)
[INFO] (1743258417) Running with 16 wavefront(s) per workgroup and 113 workgroup(s)
[INFO] (1743258426) Running with 16 wavefront(s) per workgroup and 114 workgroup(s)
[INFO] (1743258434) Running with 16 wavefront(s) per workgroup and 115 workgroup(s)
[INFO] (1743258442) Running with 16 wavefront(s) per workgroup and 116 workgroup(s)
[INFO] (1743258450) Running with 16 wavefront(s) per workgroup and 117 workgroup(s)
[INFO] (1743258459) Running with 16 wavefront(s) per workgroup and 118 workgroup(s)
[INFO] (1743258467) Running with 16 wavefront(s) per workgroup and 119 workgroup(s)
[INFO] (1743258475) Running with 16 wavefront(s) per workgroup and 120 workgroup(s)
[INFO] (1743258484) Running with 16 wavefront(s) per workgroup and 121 workgroup(s)
[INFO] (1743258492) Running with 16 wavefront(s) per workgroup and 122 workgroup(s)
[INFO] (1743258500) Running with 16 wavefront(s) per workgroup and 123 workgroup(s)
[INFO] (1743258508) Running with 16 wavefront(s) per workgroup and 124 workgroup(s)
[INFO] (1743258517) Running with 16 wavefront(s) per workgroup and 125 workgroup(s)
[INFO] (1743258525) Running with 16 wavefront(s) per workgroup and 126 workgroup(s)
[INFO] (1743258533) Running with 16 wavefront(s) per workgroup and 127 workgroup(s)
[INFO] (1743258542) Running with 16 wavefront(s) per workgroup and 128 workgroup(s)
[INFO] (1743258550) Running with 16 wavefront(s) per workgroup and 129 workgroup(s)
[INFO] (1743258558) Running with 16 wavefront(s) per workgroup and 130 workgroup(s)
[INFO] (1743258566) Running with 16 wavefront(s) per workgroup and 131 workgroup(s)
[INFO] (1743258575) Running with 16 wavefront(s) per workgroup and 132 workgroup(s)
[INFO] (1743258583) Running with 16 wavefront(s) per workgroup and 133 workgroup(s)
[INFO] (1743258591) Running with 16 wavefront(s) per workgroup and 134 workgroup(s)
[INFO] (1743258600) Running with 16 wavefront(s) per workgroup and 135 workgroup(s)
[INFO] (1743258608) Running with 16 wavefront(s) per workgroup and 136 workgroup(s)
[INFO] (1743258616) Running with 16 wavefront(s) per workgroup and 137 workgroup(s)
[INFO] (1743258624) Running with 16 wavefront(s) per workgroup and 138 workgroup(s)
[INFO] (1743258633) Running with 16 wavefront(s) per workgroup and 139 workgroup(s)
[INFO] (1743258641) Running with 16 wavefront(s) per workgroup and 140 workgroup(s)
[INFO] (1743258649) Running with 16 wavefront(s) per workgroup and 141 workgroup(s)
[INFO] (1743258658) Running with 16 wavefront(s) per workgroup and 142 workgroup(s)
[INFO] (1743258666) Running with 16 wavefront(s) per workgroup and 143 workgroup(s)
[INFO] (1743258674) Running with 16 wavefront(s) per workgroup and 144 workgroup(s)
[INFO] (1743258682) Running with 16 wavefront(s) per workgroup and 145 workgroup(s)
[INFO] (1743258691) Running with 16 wavefront(s) per workgroup and 146 workgroup(s)
[INFO] (1743258699) Running with 16 wavefront(s) per workgroup and 147 workgroup(s)
[INFO] (1743258707) Running with 16 wavefront(s) per workgroup and 148 workgroup(s)
[INFO] (1743258716) Running with 16 wavefront(s) per workgroup and 149 workgroup(s)
[INFO] (1743258724) Running with 16 wavefront(s) per workgroup and 150 workgroup(s)
[INFO] (1743258732) Running with 16 wavefront(s) per workgroup and 151 workgroup(s)
[INFO] (1743258741) Running with 16 wavefront(s) per workgroup and 152 workgroup(s)
[INFO] (1743258749) Running with 16 wavefront(s) per workgroup and 153 workgroup(s)
[INFO] (1743258757) Running with 16 wavefront(s) per workgroup and 154 workgroup(s)
[INFO] (1743258765) Running with 16 wavefront(s) per workgroup and 155 workgroup(s)
[INFO] (1743258774) Running with 16 wavefront(s) per workgroup and 156 workgroup(s)
[INFO] (1743258782) Running with 16 wavefront(s) per workgroup and 157 workgroup(s)
[INFO] (1743258790) Running with 16 wavefront(s) per workgroup and 158 workgroup(s)
[INFO] (1743258799) Running with 16 wavefront(s) per workgroup and 159 workgroup(s)
[INFO] (1743258807) Running with 16 wavefront(s) per workgroup and 160 workgroup(s)
[INFO] (1743258815) Running with 16 wavefront(s) per workgroup and 161 workgroup(s)
[INFO] (1743258824) Running with 16 wavefront(s) per workgroup and 162 workgroup(s)
[INFO] (1743258832) Running with 16 wavefront(s) per workgroup and 163 workgroup(s)
[INFO] (1743258840) Running with 16 wavefront(s) per workgroup and 164 workgroup(s)
[INFO] (1743258848) Running with 16 wavefront(s) per workgroup and 165 workgroup(s)
[INFO] (1743258857) Running with 16 wavefront(s) per workgroup and 166 workgroup(s)
[INFO] (1743258865) Running with 16 wavefront(s) per workgroup and 167 workgroup(s)
[INFO] (1743258873) Running with 16 wavefront(s) per workgroup and 168 workgroup(s)
[INFO] (1743258882) Running with 16 wavefront(s) per workgroup and 169 workgroup(s)
[INFO] (1743258890) Running with 16 wavefront(s) per workgroup and 170 workgroup(s)
[INFO] (1743258898) Running with 16 wavefront(s) per workgroup and 171 workgroup(s)
[INFO] (1743258907) Running with 16 wavefront(s) per workgroup and 172 workgroup(s)
[INFO] (1743258915) Running with 16 wavefront(s) per workgroup and 173 workgroup(s)
[INFO] (1743258923) Running with 16 wavefront(s) per workgroup and 174 workgroup(s)
[INFO] (1743258932) Running with 16 wavefront(s) per workgroup and 175 workgroup(s)
[INFO] (1743258940) Running with 16 wavefront(s) per workgroup and 176 workgroup(s)
[INFO] (1743258948) Running with 16 wavefront(s) per workgroup and 177 workgroup(s)
[INFO] (1743258956) Running with 16 wavefront(s) per workgroup and 178 workgroup(s)
[INFO] (1743258965) Running with 16 wavefront(s) per workgroup and 179 workgroup(s)
[INFO] (1743258973) Running with 16 wavefront(s) per workgroup and 180 workgroup(s)
[INFO] (1743258981) Running with 16 wavefront(s) per workgroup and 181 workgroup(s)
[INFO] (1743258990) Running with 16 wavefront(s) per workgroup and 182 workgroup(s)
[INFO] (1743258998) Running with 16 wavefront(s) per workgroup and 183 workgroup(s)
[INFO] (1743259006) Running with 16 wavefront(s) per workgroup and 184 workgroup(s)
[INFO] (1743259015) Running with 16 wavefront(s) per workgroup and 185 workgroup(s)
[INFO] (1743259023) Running with 16 wavefront(s) per workgroup and 186 workgroup(s)
[INFO] (1743259031) Running with 16 wavefront(s) per workgroup and 187 workgroup(s)
[INFO] (1743259040) Running with 16 wavefront(s) per workgroup and 188 workgroup(s)
[INFO] (1743259048) Running with 16 wavefront(s) per workgroup and 189 workgroup(s)
[INFO] (1743259056) Running with 16 wavefront(s) per workgroup and 190 workgroup(s)
[INFO] (1743259065) Running with 16 wavefront(s) per workgroup and 191 workgroup(s)
[INFO] (1743259073) Running with 16 wavefront(s) per workgroup and 192 workgroup(s)
[INFO] (1743259081) Running with 16 wavefront(s) per workgroup and 193 workgroup(s)
[INFO] (1743259090) Running with 16 wavefront(s) per workgroup and 194 workgroup(s)
[INFO] (1743259098) Running with 16 wavefront(s) per workgroup and 195 workgroup(s)
[INFO] (1743259106) Running with 16 wavefront(s) per workgroup and 196 workgroup(s)
[INFO] (1743259115) Running with 16 wavefront(s) per workgroup and 197 workgroup(s)
[INFO] (1743259123) Running with 16 wavefront(s) per workgroup and 198 workgroup(s)
[INFO] (1743259131) Running with 16 wavefront(s) per workgroup and 199 workgroup(s)
[INFO] (1743259140) Running with 16 wavefront(s) per workgroup and 200 workgroup(s)
[INFO] (1743259148) Running with 16 wavefront(s) per workgroup and 201 workgroup(s)
[INFO] (1743259156) Running with 16 wavefront(s) per workgroup and 202 workgroup(s)
[INFO] (1743259165) Running with 16 wavefront(s) per workgroup and 203 workgroup(s)
[INFO] (1743259173) Running with 16 wavefront(s) per workgroup and 204 workgroup(s)
[INFO] (1743259181) Running with 16 wavefront(s) per workgroup and 205 workgroup(s)
[INFO] (1743259189) Running with 16 wavefront(s) per workgroup and 206 workgroup(s)
[INFO] (1743259198) Running with 16 wavefront(s) per workgroup and 207 workgroup(s)
[INFO] (1743259206) Running with 16 wavefront(s) per workgroup and 208 workgroup(s)
[INFO] (1743259214) Running with 16 wavefront(s) per workgroup and 209 workgroup(s)
[INFO] (1743259223) Running with 16 wavefront(s) per workgroup and 210 workgroup(s)
[INFO] (1743259231) Running with 16 wavefront(s) per workgroup and 211 workgroup(s)
[INFO] (1743259239) Running with 16 wavefront(s) per workgroup and 212 workgroup(s)
[INFO] (1743259248) Running with 16 wavefront(s) per workgroup and 213 workgroup(s)
[INFO] (1743259256) Running with 16 wavefront(s) per workgroup and 214 workgroup(s)
[INFO] (1743259264) Running with 16 wavefront(s) per workgroup and 215 workgroup(s)
[INFO] (1743259273) Running with 16 wavefront(s) per workgroup and 216 workgroup(s)
[INFO] (1743259281) Running with 16 wavefront(s) per workgroup and 217 workgroup(s)
[INFO] (1743259289) Running with 16 wavefront(s) per workgroup and 218 workgroup(s)
[INFO] (1743259298) Running with 16 wavefront(s) per workgroup and 219 workgroup(s)
[INFO] (1743259306) Running with 16 wavefront(s) per workgroup and 220 workgroup(s)
[INFO] (1743259314) Running with 16 wavefront(s) per workgroup and 221 workgroup(s)
[INFO] (1743259323) Running with 16 wavefront(s) per workgroup and 222 workgroup(s)
[INFO] (1743259331) Running with 16 wavefront(s) per workgroup and 223 workgroup(s)
[INFO] (1743259340) Running with 16 wavefront(s) per workgroup and 224 workgroup(s)
[INFO] (1743259348) Running with 16 wavefront(s) per workgroup and 225 workgroup(s)
[INFO] (1743259356) Running with 16 wavefront(s) per workgroup and 226 workgroup(s)
[INFO] (1743259365) Running with 16 wavefront(s) per workgroup and 227 workgroup(s)
[INFO] (1743259373) Running with 16 wavefront(s) per workgroup and 228 workgroup(s)
[INFO] (1743259381) Running with 16 wavefront(s) per workgroup and 229 workgroup(s)
[INFO] (1743259390) Running with 16 wavefront(s) per workgroup and 230 workgroup(s)
[INFO] (1743259398) Running with 16 wavefront(s) per workgroup and 231 workgroup(s)
[INFO] (1743259406) Running with 16 wavefront(s) per workgroup and 232 workgroup(s)
[INFO] (1743259415) Running with 16 wavefront(s) per workgroup and 233 workgroup(s)
[INFO] (1743259423) Running with 16 wavefront(s) per workgroup and 234 workgroup(s)
[INFO] (1743259431) Running with 16 wavefront(s) per workgroup and 235 workgroup(s)
[INFO] (1743259440) Running with 16 wavefront(s) per workgroup and 236 workgroup(s)
[INFO] (1743259448) Running with 16 wavefront(s) per workgroup and 237 workgroup(s)
[INFO] (1743259456) Running with 16 wavefront(s) per workgroup and 238 workgroup(s)
[INFO] (1743259465) Running with 16 wavefront(s) per workgroup and 239 workgroup(s)
[INFO] (1743259473) Running with 16 wavefront(s) per workgroup and 240 workgroup(s)
[INFO] (1743259481) Running with 16 wavefront(s) per workgroup and 241 workgroup(s)
[INFO] (1743259490) Running with 16 wavefront(s) per workgroup and 242 workgroup(s)
[INFO] (1743259498) Running with 16 wavefront(s) per workgroup and 243 workgroup(s)
[INFO] (1743259506) Running with 16 wavefront(s) per workgroup and 244 workgroup(s)
[INFO] (1743259515) Running with 16 wavefront(s) per workgroup and 245 workgroup(s)
[INFO] (1743259523) Running with 16 wavefront(s) per workgroup and 246 workgroup(s)
[INFO] (1743259532) Running with 16 wavefront(s) per workgroup and 247 workgroup(s)
[INFO] (1743259540) Running with 16 wavefront(s) per workgroup and 248 workgroup(s)
[INFO] (1743259548) Running with 16 wavefront(s) per workgroup and 249 workgroup(s)
[INFO] (1743259557) Running with 16 wavefront(s) per workgroup and 250 workgroup(s)
[INFO] (1743259565) Running with 16 wavefront(s) per workgroup and 251 workgroup(s)
[INFO] (1743259573) Running with 16 wavefront(s) per workgroup and 252 workgroup(s)
[INFO] (1743259582) Running with 16 wavefront(s) per workgroup and 253 workgroup(s)
[INFO] (1743259590) Running with 16 wavefront(s) per workgroup and 254 workgroup(s)
[INFO] (1743259598) Running with 16 wavefront(s) per workgroup and 255 workgroup(s)
[INFO] (1743259607) Running with 16 wavefront(s) per workgroup and 256 workgroup(s)
[INFO] (1743259615) Running with 16 wavefront(s) per workgroup and 257 workgroup(s)
[INFO] (1743259623) Running with 16 wavefront(s) per workgroup and 258 workgroup(s)
[INFO] (1743259632) Running with 16 wavefront(s) per workgroup and 259 workgroup(s)
[INFO] (1743259640) Running with 16 wavefront(s) per workgroup and 260 workgroup(s)
[INFO] (1743259649) Running with 16 wavefront(s) per workgroup and 261 workgroup(s)
[INFO] (1743259657) Running with 16 wavefront(s) per workgroup and 262 workgroup(s)
[INFO] (1743259665) Running with 16 wavefront(s) per workgroup and 263 workgroup(s)
[INFO] (1743259674) Running with 16 wavefront(s) per workgroup and 264 workgroup(s)
[INFO] (1743259682) Running with 16 wavefront(s) per workgroup and 265 workgroup(s)
[INFO] (1743259690) Running with 16 wavefront(s) per workgroup and 266 workgroup(s)
[INFO] (1743259699) Running with 16 wavefront(s) per workgroup and 267 workgroup(s)
[INFO] (1743259707) Running with 16 wavefront(s) per workgroup and 268 workgroup(s)
[INFO] (1743259715) Running with 16 wavefront(s) per workgroup and 269 workgroup(s)
[INFO] (1743259724) Running with 16 wavefront(s) per workgroup and 270 workgroup(s)
[INFO] (1743259732) Running with 16 wavefront(s) per workgroup and 271 workgroup(s)
[INFO] (1743259741) Running with 16 wavefront(s) per workgroup and 272 workgroup(s)
[INFO] (1743259749) Running with 16 wavefront(s) per workgroup and 273 workgroup(s)
[INFO] (1743259757) Running with 16 wavefront(s) per workgroup and 274 workgroup(s)
[INFO] (1743259766) Running with 16 wavefront(s) per workgroup and 275 workgroup(s)
[INFO] (1743259774) Running with 16 wavefront(s) per workgroup and 276 workgroup(s)
[INFO] (1743259782) Running with 16 wavefront(s) per workgroup and 277 workgroup(s)
[INFO] (1743259791) Running with 16 wavefront(s) per workgroup and 278 workgroup(s)
[INFO] (1743259799) Running with 16 wavefront(s) per workgroup and 279 workgroup(s)
[INFO] (1743259808) Running with 16 wavefront(s) per workgroup and 280 workgroup(s)
[INFO] (1743259816) Running with 16 wavefront(s) per workgroup and 281 workgroup(s)
[INFO] (1743259824) Running with 16 wavefront(s) per workgroup and 282 workgroup(s)
[INFO] (1743259833) Running with 16 wavefront(s) per workgroup and 283 workgroup(s)
[INFO] (1743259841) Running with 16 wavefront(s) per workgroup and 284 workgroup(s)
[INFO] (1743259850) Running with 16 wavefront(s) per workgroup and 285 workgroup(s)
[INFO] (1743259858) Running with 16 wavefront(s) per workgroup and 286 workgroup(s)
[INFO] (1743259866) Running with 16 wavefront(s) per workgroup and 287 workgroup(s)
[INFO] (1743259875) Running with 16 wavefront(s) per workgroup and 288 workgroup(s)
[INFO] (1743259883) Running with 16 wavefront(s) per workgroup and 289 workgroup(s)
[INFO] (1743259891) Running with 16 wavefront(s) per workgroup and 290 workgroup(s)
[INFO] (1743259900) Running with 16 wavefront(s) per workgroup and 291 workgroup(s)
[INFO] (1743259908) Running with 16 wavefront(s) per workgroup and 292 workgroup(s)
[INFO] (1743259917) Running with 16 wavefront(s) per workgroup and 293 workgroup(s)
[INFO] (1743259925) Running with 16 wavefront(s) per workgroup and 294 workgroup(s)
[INFO] (1743259933) Running with 16 wavefront(s) per workgroup and 295 workgroup(s)
[INFO] (1743259942) Running with 16 wavefront(s) per workgroup and 296 workgroup(s)
[INFO] (1743259950) Running with 16 wavefront(s) per workgroup and 297 workgroup(s)
[INFO] (1743259959) Running with 16 wavefront(s) per workgroup and 298 workgroup(s)
[INFO] (1743259967) Running with 16 wavefront(s) per workgroup and 299 workgroup(s)
[INFO] (1743259975) Running with 16 wavefront(s) per workgroup and 300 workgroup(s)
[INFO] (1743259984) Running with 16 wavefront(s) per workgroup and 301 workgroup(s)
[INFO] (1743259992) Running with 16 wavefront(s) per workgroup and 302 workgroup(s)
[INFO] (1743260001) Running with 16 wavefront(s) per workgroup and 303 workgroup(s)
[INFO] (1743260009) Running with 16 wavefront(s) per workgroup and 304 workgroup(s)
Result V_MUL1 with fp32
n_iter, n_thread, n_wg, n_wf, wf_size, wg_size, n_flops, n_bytes, time_ms, gflop/s, avg_clock, max_clock, min_clock, stdev_clock 
1073741824, 1024, 1, 16, 64, 1024, 1099511627776, 4096, 8244.39, 133.365, 1.07535e+10, 17198577003, 4308138856, 1.09525 
1073741824, 2048, 2, 16, 64, 1024, 2199023255552, 8192, 8219, 267.554, 1.07478e+10, 17191614309, 4303358492, 1.09532 
1073741824, 3072, 3, 16, 64, 1024, 3298534883328, 12288, 8229.88, 400.8, 1.07486e+10, 17192460614, 4304716998, 1.0953 
1073741824, 4096, 4, 16, 64, 1024, 4398046511104, 16384, 8222.72, 534.865, 1.07465e+10, 17189357776, 4303356628, 1.0953 
1073741824, 5120, 5, 16, 64, 1024, 5497558138880, 20480, 8232.65, 667.775, 1.07481e+10, 17191503150, 4303356732, 1.0953 
1073741824, 6144, 6, 16, 64, 1024, 6597069766656, 24576, 8232.4, 801.354, 1.07461e+10, 17189656075, 4303356708, 1.09531 
1073741824, 7168, 7, 16, 64, 1024, 7696581394432, 28672, 8231.91, 934.969, 1.07458e+10, 17188251012, 4303356744, 1.0953 
1073741824, 8192, 8, 16, 64, 1024, 8796093022208, 32768, 8244.68, 1066.88, 1.07478e+10, 17191075011, 4303356692, 1.0953 
1073741824, 9216, 9, 16, 64, 1024, 9895604649984, 36864, 8232.02, 1202.09, 1.07458e+10, 17188250696, 4303356740, 1.0953 
1073741824, 10240, 10, 16, 64, 1024, 10995116277760, 40960, 8237.2, 1334.81, 1.07466e+10, 17189649004, 4303356556, 1.0953 
1073741824, 11264, 11, 16, 64, 1024, 12094627905536, 45056, 8232.12, 1469.2, 1.07458e+10, 17188250524, 4303356664, 1.0953 
1073741824, 12288, 12, 16, 64, 1024, 13194139533312, 49152, 8236, 1602.01, 1.07489e+10, 17191757981, 4305952857, 1.09525 
1073741824, 13312, 13, 16, 64, 1024, 14293651161088, 53248, 8240.56, 1734.55, 1.07466e+10, 17191797471, 4303356716, 1.09533 
1073741824, 14336, 14, 16, 64, 1024, 15393162788864, 57344, 8228.92, 1870.62, 1.07458e+10, 17188250564, 4303356800, 1.0953 
1073741824, 15360, 15, 16, 64, 1024, 16492674416640, 61440, 8235.36, 2002.67, 1.07465e+10, 17190143280, 4303356372, 1.09531 
1073741824, 16384, 16, 16, 64, 1024, 17592186044416, 65536, 8233.95, 2136.54, 1.07458e+10, 17188250744, 4303356676, 1.0953 
1073741824, 17408, 17, 16, 64, 1024, 18691697672192, 69632, 8241.7, 2267.94, 1.07463e+10, 17189634500, 4303356356, 1.09531 
1073741824, 18432, 18, 16, 64, 1024, 19791209299968, 73728, 8232.02, 2404.17, 1.07458e+10, 17188251028, 4303356580, 1.0953 
1073741824, 19456, 19, 16, 64, 1024, 20890720927744, 77824, 8247.16, 2533.08, 1.07479e+10, 17191221265, 4303356468, 1.0953 
1073741824, 20480, 20, 16, 64, 1024, 21990232555520, 81920, 8239.33, 2668.93, 1.07458e+10, 17188250684, 4303356564, 1.0953 
1073741824, 21504, 21, 16, 64, 1024, 23089744183296, 86016, 8247.77, 2799.51, 1.07467e+10, 17189531569, 4303935652, 1.09529 
1073741824, 22528, 22, 16, 64, 1024, 24189255811072, 90112, 8232.45, 2938.28, 1.07458e+10, 17188250580, 4303356460, 1.0953 
1073741824, 23552, 23, 16, 64, 1024, 25288767438848, 94208, 8244.44, 3067.37, 1.07489e+10, 17191818846, 4305956090, 1.09525 
1073741824, 24576, 24, 16, 64, 1024, 26388279066624, 98304, 8245.49, 3200.33, 1.07461e+10, 17189801061, 4303356332, 1.09531 
1073741824, 25600, 25, 16, 64, 1024, 27487790694400, 102400, 8233.7, 3338.45, 1.07458e+10, 17188250956, 4303356460, 1.0953 
1073741824, 26624, 26, 16, 64, 1024, 28587302322176, 106496, 8241.52, 3468.69, 1.07473e+10, 17191526978, 4303356348, 1.09533 
1073741824, 27648, 27, 16, 64, 1024, 29686813949952, 110592, 8235.77, 3604.62, 1.07458e+10, 17188250732, 4303356360, 1.0953 
1073741824, 28672, 28, 16, 64, 1024, 30786325577728, 114688, 8245.99, 3733.49, 1.07465e+10, 17189918404, 4303356324, 1.0953 
1073741824, 29696, 29, 16, 64, 1024, 31885837205504, 118784, 8235.44, 3871.78, 1.07458e+10, 17188250988, 4303356344, 1.0953 
1073741824, 30720, 30, 16, 64, 1024, 32985348833280, 122880, 8250.23, 3998.11, 1.07481e+10, 17191827708, 4303356380, 1.0953 
1073741824, 31744, 31, 16, 64, 1024, 34084860461056, 126976, 8237.41, 4137.81, 1.07458e+10, 17188250808, 4303356348, 1.0953 
1073741824, 32768, 32, 16, 64, 1024, 35184372088832, 131072, 8245.45, 4267.13, 1.07469e+10, 17189744665, 4304222775, 1.09528 
1073741824, 33792, 33, 16, 64, 1024, 36283883716608, 135168, 8241.73, 4402.46, 1.07462e+10, 17190007127, 4303356308, 1.09532 
1073741824, 34816, 34, 16, 64, 1024, 37383395344384, 139264, 8237.27, 4538.33, 1.07458e+10, 17188250840, 4303356324, 1.0953 
1073741824, 35840, 35, 16, 64, 1024, 38482906972160, 143360, 8247.35, 4666.09, 1.07465e+10, 17191425504, 4303356428, 1.09533 
1073741824, 36864, 36, 16, 64, 1024, 39582418599936, 147456, 8244.81, 4800.89, 1.07458e+10, 17188250688, 4303356384, 1.0953 
1073741824, 37888, 37, 16, 64, 1024, 40681930227712, 151552, 8249.93, 4931.18, 1.07463e+10, 17189721471, 4303356360, 1.09531 
1073741824, 38912, 38, 16, 64, 1024, 41781441855488, 155648, 8236.91, 5072.47, 1.07458e+10, 17188250576, 4303356308, 1.0953 
1073741824, 39936, 39, 16, 64, 1024, 42880953483264, 159744, 8250.16, 5197.59, 1.0748e+10, 17191821918, 4303356324, 1.0953 
1073741824, 40960, 40, 16, 64, 1024, 43980465111040, 163840, 8245.33, 5333.99, 1.07458e+10, 17188250704, 4303356384, 1.0953 
1073741824, 41984, 41, 16, 64, 1024, 45079976738816, 167936, 8251.54, 5463.22, 1.07474e+10, 17190267474, 4304575176, 1.09528 
1073741824, 43008, 42, 16, 64, 1024, 46179488366592, 172032, 8237.48, 5606.02, 1.07458e+10, 17188250844, 4303356328, 1.0953 
1073741824, 44032, 43, 16, 64, 1024, 47278999994368, 176128, 8250.58, 5730.39, 1.07487e+10, 17191642591, 4305516680, 1.09525 
1073741824, 45056, 44, 16, 64, 1024, 48378511622144, 180224, 8249.04, 5864.75, 1.07461e+10, 17189934320, 4303356332, 1.09531 
1073741824, 46080, 45, 16, 64, 1024, 49478023249920, 184320, 8249.52, 5997.69, 1.07458e+10, 17188250664, 4303356344, 1.0953 
1073741824, 47104, 46, 16, 64, 1024, 50577534877696, 188416, 8251.8, 6129.28, 1.07472e+10, 17191332335, 4303356332, 1.09533 
1073741824, 48128, 47, 16, 64, 1024, 51677046505472, 192512, 8242.79, 6269.37, 1.07458e+10, 17188250836, 4303356320, 1.0953 
1073741824, 49152, 48, 16, 64, 1024, 52776558133248, 196608, 8253.33, 6394.57, 1.07463e+10, 17189947202, 4303356372, 1.09531 
1073741824, 50176, 49, 16, 64, 1024, 53876069761024, 200704, 8251.98, 6528.86, 1.07458e+10, 17188251024, 4303356392, 1.0953 
1073741824, 51200, 50, 16, 64, 1024, 54975581388800, 204800, 8257.57, 6657.6, 1.0748e+10, 17191552499, 4303356328, 1.0953 
1073741824, 52224, 51, 16, 64, 1024, 56075093016576, 208896, 8240.46, 6804.85, 1.07458e+10, 17188250608, 4303356364, 1.0953 
1073741824, 53248, 52, 16, 64, 1024, 57174604644352, 212992, 8258.05, 6923.5, 1.07472e+10, 17190343429, 4304292846, 1.09528 
1073741824, 54272, 53, 16, 64, 1024, 58274116272128, 217088, 8264.02, 7051.54, 1.07462e+10, 17190127112, 4303356420, 1.09531 
1073741824, 55296, 54, 16, 64, 1024, 59373627899904, 221184, 8246.99, 7199.43, 1.07458e+10, 17188250640, 4303356304, 1.0953 
1073741824, 56320, 55, 16, 64, 1024, 60473139527680, 225280, 8255.47, 7325.22, 1.07466e+10, 17192059981, 4303356356, 1.09533 
1073741824, 57344, 56, 16, 64, 1024, 61572651155456, 229376, 8252.96, 7460.68, 1.07458e+10, 17188250740, 4303356384, 1.0953 
1073741824, 58368, 57, 16, 64, 1024, 62672162783232, 233472, 8271.59, 7576.8, 1.07466e+10, 17190368416, 4303356320, 1.09532 
1073741824, 59392, 58, 16, 64, 1024, 63771674411008, 237568, 8249.24, 7730.61, 1.07458e+10, 17188250804, 4303356352, 1.0953 
1073741824, 60416, 59, 16, 64, 1024, 64871186038784, 241664, 8255.82, 7857.64, 1.07482e+10, 17192059361, 4303356316, 1.0953 
1073741824, 61440, 60, 16, 64, 1024, 65970697666560, 245760, 8260.86, 7985.94, 1.07458e+10, 17188250684, 4303356332, 1.0953 
1073741824, 62464, 61, 16, 64, 1024, 67070209294336, 249856, 8262.09, 8117.82, 1.0747e+10, 17190290793, 4303356348, 1.0953 
1073741824, 63488, 62, 16, 64, 1024, 68169720922112, 253952, 8241.15, 8271.87, 1.07458e+10, 17188250620, 4303356372, 1.0953 
1073741824, 64512, 63, 16, 64, 1024, 69269232549888, 258048, 8270.38, 8375.58, 1.07489e+10, 17191876543, 4306019972, 1.09525 
1073741824, 65536, 64, 16, 64, 1024, 70368744177664, 262144, 8270.4, 8508.51, 1.07462e+10, 17190386513, 4303356348, 1.09532 
1073741824, 66560, 65, 16, 64, 1024, 71468255805440, 266240, 8247.28, 8665.68, 1.07458e+10, 17188250840, 4303356376, 1.0953 
1073741824, 67584, 66, 16, 64, 1024, 72567767433216, 270336, 8263.58, 8781.64, 1.07473e+10, 17191810483, 4303356308, 1.09533 
1073741824, 68608, 67, 16, 64, 1024, 73667279060992, 274432, 8252.95, 8926.17, 1.07458e+10, 17188250680, 4303356332, 1.0953 
1073741824, 69632, 68, 16, 64, 1024, 74766790688768, 278528, 8255.65, 9056.44, 1.07466e+10, 17190566341, 4303356336, 1.09532 
1073741824, 70656, 69, 16, 64, 1024, 75866302316544, 282624, 8256.73, 9188.42, 1.07458e+10, 17188250796, 4303356300, 1.0953 
1073741824, 71680, 70, 16, 64, 1024, 76965813944320, 286720, 8264.36, 9312.98, 1.07481e+10, 17191804961, 4303356352, 1.0953 
1073741824, 72704, 71, 16, 64, 1024, 78065325572096, 290816, 8250.71, 9461.64, 1.07458e+10, 17188251996, 4303356312, 1.0953 
1073741824, 73728, 72, 16, 64, 1024, 79164837199872, 294912, 8264.95, 9578.38, 1.07474e+10, 17190337484, 4304519848, 1.09528 
1073741824, 74752, 73, 16, 64, 1024, 80264348827648, 299008, 8269.38, 9706.21, 1.07466e+10, 17192083271, 4303356380, 1.09533 
1073741824, 75776, 74, 16, 64, 1024, 81363860455424, 303104, 8258.14, 9852.56, 1.07458e+10, 17188251880, 4303356376, 1.0953 
1073741824, 76800, 75, 16, 64, 1024, 82463372083200, 307200, 8266.01, 9976.2, 1.07462e+10, 17190359704, 4303356324, 1.09532 
1073741824, 77824, 76, 16, 64, 1024, 83562883710976, 311296, 8257.44, 10119.7, 1.07458e+10, 17188250608, 4303356324, 1.0953 
1073741824, 78848, 77, 16, 64, 1024, 84662395338752, 315392, 8270.99, 10236.1, 1.07474e+10, 17191879272, 4303356364, 1.09533 
1073741824, 79872, 78, 16, 64, 1024, 85761906966528, 319488, 8251.53, 10393.5, 1.07458e+10, 17188250648, 4303356356, 1.0953 
1073741824, 80896, 79, 16, 64, 1024, 86861418594304, 323584, 8271.15, 10501.7, 1.0747e+10, 17190595500, 4303356288, 1.0953 
1073741824, 81920, 80, 16, 64, 1024, 87960930222080, 327680, 8261, 10647.7, 1.07458e+10, 17188250732, 4303356392, 1.0953 
1073741824, 82944, 81, 16, 64, 1024, 89060441849856, 331776, 8262.62, 10778.7, 1.07481e+10, 17191541593, 4303356320, 1.0953 
1073741824, 83968, 82, 16, 64, 1024, 90159953477632, 335872, 8272.13, 10899.2, 1.07458e+10, 17188250676, 4303356376, 1.0953 
1073741824, 84992, 83, 16, 64, 1024, 91259465105408, 339968, 8261.18, 11046.8, 1.07468e+10, 17189716331, 4303607444, 1.09529 
1073741824, 86016, 84, 16, 64, 1024, 92358976733184, 344064, 8274.13, 11162.4, 1.07461e+10, 17190149878, 4303356328, 1.09531 
1073741824, 87040, 85, 16, 64, 1024, 93458488360960, 348160, 8255.69, 11320.5, 1.07458e+10, 17188250776, 4303356320, 1.0953 
1073741824, 88064, 86, 16, 64, 1024, 94557999988736, 352256, 8264.98, 11440.8, 1.07474e+10, 17192202235, 4303356344, 1.09533 
1073741824, 89088, 87, 16, 64, 1024, 95657511616512, 356352, 8263.33, 11576.1, 1.07458e+10, 17188251860, 4303356360, 1.0953 
1073741824, 90112, 88, 16, 64, 1024, 96757023244288, 360448, 8266.68, 11704.5, 1.07463e+10, 17189661478, 4303356308, 1.09531 
1073741824, 91136, 89, 16, 64, 1024, 97856534872064, 364544, 8271.85, 11830.1, 1.07458e+10, 17188250708, 4303356336, 1.0953 
1073741824, 92160, 90, 16, 64, 1024, 98956046499840, 368640, 8264.33, 11973.9, 1.0748e+10, 17191645228, 4303356388, 1.0953 
1073741824, 93184, 91, 16, 64, 1024, 100055558127616, 372736, 8272.14, 12095.5, 1.07458e+10, 17188250656, 4303356328, 1.0953 
1073741824, 94208, 92, 16, 64, 1024, 101155069755392, 376832, 8264.96, 12239, 1.07476e+10, 17191398641, 4304610349, 1.09527 
1073741824, 95232, 93, 16, 64, 1024, 102254581383168, 380928, 8280.64, 12348.6, 1.07462e+10, 17191859497, 4303356328, 1.09531 
1073741824, 96256, 94, 16, 64, 1024, 103354093010944, 385024, 8259.12, 12513.9, 1.07458e+10, 17188250696, 4303356320, 1.0953 
1073741824, 97280, 95, 16, 64, 1024, 104453604638720, 389120, 8276.51, 12620.5, 1.07465e+10, 17191848408, 4303356320, 1.09533 
1073741824, 98304, 96, 16, 64, 1024, 105553116266496, 393216, 8270.38, 12762.8, 1.07458e+10, 17188250824, 4303356372, 1.0953 
1073741824, 99328, 97, 16, 64, 1024, 106652627894272, 397312, 8272.93, 12891.8, 1.07466e+10, 17190287934, 4303356336, 1.09532 
1073741824, 100352, 98, 16, 64, 1024, 107752139522048, 401408, 8264.88, 13037.3, 1.07458e+10, 17188250892, 4303356308, 1.0953 
1073741824, 101376, 99, 16, 64, 1024, 108851651149824, 405504, 8272.43, 13158.4, 1.07483e+10, 17192487425, 4303356360, 1.0953 
1073741824, 102400, 100, 16, 64, 1024, 109951162777600, 409600, 8262.45, 13307.3, 1.07458e+10, 17188250772, 4303356296, 1.0953 
1073741824, 103424, 101, 16, 64, 1024, 111050674405376, 413696, 8276.1, 13418.2, 1.07468e+10, 17189951125, 4303890106, 1.09529 
1073741824, 104448, 102, 16, 64, 1024, 112150186033152, 417792, 8264.37, 13570.3, 1.07458e+10, 17188250828, 4303356368, 1.0953 
1073741824, 105472, 103, 16, 64, 1024, 113249697660928, 421888, 8277.74, 13681.2, 1.07487e+10, 17191858000, 4305697890, 1.09525 
1073741824, 106496, 104, 16, 64, 1024, 114349209288704, 425984, 8275.76, 13817.4, 1.07462e+10, 17190529741, 4303356380, 1.09532 
1073741824, 107520, 105, 16, 64, 1024, 115448720916480, 430080, 8267.85, 13963.6, 1.07458e+10, 17188250756, 4303356336, 1.0953 
1073741824, 108544, 106, 16, 64, 1024, 116548232544256, 434176, 8277.61, 14079.9, 1.07463e+10, 17189773575, 4303356316, 1.09531 
1073741824, 109568, 107, 16, 64, 1024, 117647744172032, 438272, 8266.87, 14231.2, 1.07458e+10, 17188250676, 4303356368, 1.0953 
1073741824, 110592, 108, 16, 64, 1024, 118747255799808, 442368, 8276.27, 14347.9, 1.07482e+10, 17191894513, 4303356320, 1.0953 
1073741824, 111616, 109, 16, 64, 1024, 119846767427584, 446464, 8267.49, 14496.1, 1.07458e+10, 17188250656, 4303356292, 1.0953 
1073741824, 112640, 110, 16, 64, 1024, 120946279055360, 450560, 8279.23, 14608.4, 1.0747e+10, 17190367867, 4303356348, 1.0953 
1073741824, 113664, 111, 16, 64, 1024, 122045790683136, 454656, 8273.36, 14751.7, 1.07458e+10, 17188250812, 4303356300, 1.0953 
1073741824, 114688, 112, 16, 64, 1024, 123145302310912, 458752, 8281.72, 14869.5, 1.07487e+10, 17191644130, 4305520152, 1.09525 
1073741824, 115712, 113, 16, 64, 1024, 124244813938688, 462848, 8280, 15005.4, 1.0746e+10, 17189759835, 4303356312, 1.09531 
1073741824, 116736, 114, 16, 64, 1024, 125344325566464, 466944, 8267.71, 15160.7, 1.07458e+10, 17188250812, 4303356388, 1.0953 
1073741824, 117760, 115, 16, 64, 1024, 126443837194240, 471040, 8280.85, 15269.4, 1.07465e+10, 17191662038, 4303356336, 1.09533 
1073741824, 118784, 116, 16, 64, 1024, 127543348822016, 475136, 8271.61, 15419.4, 1.07458e+10, 17188250732, 4303356376, 1.0953 
1073741824, 119808, 117, 16, 64, 1024, 128642860449792, 479232, 8282.41, 15532, 1.07463e+10, 17189747726, 4303356296, 1.09531 
1073741824, 120832, 118, 16, 64, 1024, 129742372077568, 483328, 8273.64, 15681.4, 1.07458e+10, 17188250632, 4303356344, 1.0953 
1073741824, 121856, 119, 16, 64, 1024, 130841883705344, 487424, 8281.89, 15798.6, 1.07482e+10, 17192095972, 4303356296, 1.0953 
1073741824, 122880, 120, 16, 64, 1024, 131941395333120, 491520, 8280.42, 15934.1, 1.07458e+10, 17188250640, 4303356376, 1.0953 
1073741824, 123904, 121, 16, 64, 1024, 133040906960896, 495616, 8279.76, 16068.2, 1.07471e+10, 17190168418, 4304097440, 1.09528 
1073741824, 124928, 122, 16, 64, 1024, 134140418588672, 499712, 8274.65, 16211, 1.07458e+10, 17188250848, 4303356396, 1.0953 
1073741824, 125952, 123, 16, 64, 1024, 135239930216448, 503808, 8290.28, 16313.1, 1.07468e+10, 17189949955, 4303910054, 1.09529 
1073741824, 126976, 124, 16, 64, 1024, 136339441844224, 507904, 8281.85, 16462.4, 1.07466e+10, 17192047384, 4303356300, 1.09533 
1073741824, 128000, 125, 16, 64, 1024, 137438953472000, 512000, 8275.74, 16607.4, 1.07458e+10, 17188251388, 4303356364, 1.0953 
1073741824, 129024, 126, 16, 64, 1024, 138538465099776, 516096, 8288.68, 16714.2, 1.07463e+10, 17189933734, 4303356280, 1.09531 
1073741824, 130048, 127, 16, 64, 1024, 139637976727552, 520192, 8280.64, 16863.2, 1.07458e+10, 17188250796, 4303356324, 1.0953 
1073741824, 131072, 128, 16, 64, 1024, 140737488355328, 524288, 8286.35, 16984.3, 1.07467e+10, 17189971873, 4303356304, 1.0953 
1073741824, 132096, 129, 16, 64, 1024, 141836999983104, 528384, 8275.01, 17140.4, 1.07458e+10, 17188250800, 4303356328, 1.0953 
1073741824, 133120, 130, 16, 64, 1024, 142936511610880, 532480, 8286.66, 17249, 1.0748e+10, 17191671739, 4303356252, 1.0953 
1073741824, 134144, 131, 16, 64, 1024, 144036023238656, 536576, 8276.02, 17404, 1.07458e+10, 17188250756, 4303356340, 1.0953 
1073741824, 135168, 132, 16, 64, 1024, 145135534866432, 540672, 8288.63, 17510.2, 1.07468e+10, 17189971168, 4303884117, 1.09529 
1073741824, 136192, 133, 16, 64, 1024, 146235046494208, 544768, 8291.4, 17637, 1.07466e+10, 17191903500, 4303356348, 1.09533 
1073741824, 137216, 134, 16, 64, 1024, 147334558121984, 548864, 8285.21, 17782.8, 1.07458e+10, 17188251212, 4303356380, 1.0953 
1073741824, 138240, 135, 16, 64, 1024, 148434069749760, 552960, 8293.6, 17897.4, 1.07463e+10, 17189973751, 4303356304, 1.09531 
1073741824, 139264, 136, 16, 64, 1024, 149533581377536, 557056, 8283.12, 18052.8, 1.07458e+10, 17188251900, 4303356356, 1.0953 
1073741824, 140288, 137, 16, 64, 1024, 150633093005312, 561152, 8293.98, 18161.7, 1.07473e+10, 17191677502, 4303356304, 1.09533 
1073741824, 141312, 138, 16, 64, 1024, 151732604633088, 565248, 8286.1, 18311.7, 1.07458e+10, 17188251556, 4303356312, 1.0953 
1073741824, 142336, 139, 16, 64, 1024, 152832116260864, 569344, 8293.72, 18427.5, 1.07469e+10, 17190221282, 4303356292, 1.0953 
1073741824, 143360, 140, 16, 64, 1024, 153931627888640, 573440, 8283.42, 18583.1, 1.07458e+10, 17188250888, 4303356324, 1.0953 
1073741824, 144384, 141, 16, 64, 1024, 155031139516416, 577536, 8298.24, 18682.4, 1.0747e+10, 17189983285, 4304091026, 1.09528 
1073741824, 145408, 142, 16, 64, 1024, 156130651144192, 581632, 8298.54, 18814.2, 1.07466e+10, 17192185276, 4303356316, 1.09533 
1073741824, 146432, 143, 16, 64, 1024, 157230162771968, 585728, 8289.18, 18968.1, 1.07458e+10, 17188254292, 4303356364, 1.0953 
1073741824, 147456, 144, 16, 64, 1024, 158329674399744, 589824, 8300.42, 19074.9, 1.07463e+10, 17190399729, 4303356292, 1.09532 
1073741824, 148480, 145, 16, 64, 1024, 159429186027520, 593920, 8290.1, 19231.3, 1.07458e+10, 17188258368, 4303356368, 1.0953 
1073741824, 149504, 146, 16, 64, 1024, 160528697655296, 598016, 8297.85, 19345.8, 1.07474e+10, 17191898905, 4303356300, 1.09533 
1073741824, 150528, 147, 16, 64, 1024, 161628209283072, 602112, 8288.01, 19501.4, 1.07458e+10, 17188250716, 4303356356, 1.0953 
1073741824, 151552, 148, 16, 64, 1024, 162727720910848, 606208, 8298.16, 19610.1, 1.0747e+10, 17190620220, 4303356308, 1.0953 
1073741824, 152576, 149, 16, 64, 1024, 163827232538624, 610304, 8289.84, 19762.4, 1.07458e+10, 17188250728, 4303356368, 1.0953 
1073741824, 153600, 150, 16, 64, 1024, 164926744166400, 614400, 8301.05, 19868.2, 1.0749e+10, 17191984827, 4305786429, 1.09525 
1073741824, 154624, 151, 16, 64, 1024, 166026255794176, 618496, 8303.53, 19994.7, 1.07462e+10, 17190422407, 4303356308, 1.09532 
1073741824, 155648, 152, 16, 64, 1024, 167125767421952, 622592, 8292.45, 20154, 1.07458e+10, 17188250704, 4303356356, 1.0953 
1073741824, 156672, 153, 16, 64, 1024, 168225279049728, 626688, 8298.92, 20270.8, 1.07466e+10, 17192072031, 4303356256, 1.09533 
1073741824, 157696, 154, 16, 64, 1024, 169324790677504, 630784, 8291.01, 20422.7, 1.07458e+10, 17188250732, 4303356352, 1.0953 
1073741824, 158720, 155, 16, 64, 1024, 170424302305280, 634880, 8300.18, 20532.6, 1.07473e+10, 17191646084, 4303356200, 1.09533 
1073741824, 159744, 156, 16, 64, 1024, 171523813933056, 638976, 8291.28, 20687.3, 1.07458e+10, 17188252124, 4303356336, 1.0953 
1073741824, 160768, 157, 16, 64, 1024, 172623325560832, 643072, 8302.09, 20792.7, 1.07469e+10, 17190432476, 4303356280, 1.0953 
1073741824, 161792, 158, 16, 64, 1024, 173722837188608, 647168, 8296.92, 20938.2, 1.07458e+10, 17188253872, 4303356316, 1.0953 
1073741824, 162816, 159, 16, 64, 1024, 174822348816384, 651264, 8306.49, 21046.5, 1.0747e+10, 17189981892, 4303858999, 1.09528 
1073741824, 163840, 160, 16, 64, 1024, 175921860444160, 655360, 8295.05, 21208, 1.07458e+10, 17188250724, 4303356328, 1.0953 
1073741824, 164864, 161, 16, 64, 1024, 177021372071936, 659456, 8304.4, 21316.6, 1.07488e+10, 17191889976, 4305864765, 1.09525 
1073741824, 165888, 162, 16, 64, 1024, 178120883699712, 663552, 8306.08, 21444.6, 1.07461e+10, 17189974825, 4303356376, 1.09531 
1073741824, 166912, 163, 16, 64, 1024, 179220395327488, 667648, 8298.01, 21598, 1.07458e+10, 17188254848, 4303356272, 1.0953 
1073741824, 167936, 164, 16, 64, 1024, 180319906955264, 671744, 8305.69, 21710.4, 1.07474e+10, 17191893344, 4303356256, 1.09533 
1073741824, 168960, 165, 16, 64, 1024, 181419418583040, 675840, 8297.98, 21863.1, 1.07458e+10, 17188250896, 4303356332, 1.0953 
1073741824, 169984, 166, 16, 64, 1024, 182518930210816, 679936, 8314.11, 21952.9, 1.07471e+10, 17190630306, 4303356228, 1.0953 
1073741824, 171008, 167, 16, 64, 1024, 183618441838592, 684032, 8303.55, 22113.2, 1.07458e+10, 17188250988, 4303356316, 1.0953 
1073741824, 172032, 168, 16, 64, 1024, 184717953466368, 688128, 8312.65, 22221.3, 1.0748e+10, 17191724068, 4303356212, 1.0953 
1073741824, 173056, 169, 16, 64, 1024, 185817465094144, 692224, 8302.4, 22381.2, 1.07458e+10, 17188255872, 4303356312, 1.0953 
1073741824, 174080, 170, 16, 64, 1024, 186916976721920, 696320, 8314.13, 22481.8, 1.07475e+10, 17190616740, 4304500280, 1.09527 
1073741824, 175104, 171, 16, 64, 1024, 188016488349696, 700416, 8313.81, 22615, 1.07466e+10, 17192097779, 4303356288, 1.09533 
1073741824, 176128, 172, 16, 64, 1024, 189115999977472, 704512, 8303.21, 22776.3, 1.07458e+10, 17188254700, 4303356276, 1.0953 
1073741824, 177152, 173, 16, 64, 1024, 190215511605248, 708608, 8316.69, 22871.5, 1.07466e+10, 17190621556, 4303356176, 1.09532 
1073741824, 178176, 174, 16, 64, 1024, 191315023233024, 712704, 8307.62, 23028.8, 1.07458e+10, 17188251540, 4303356288, 1.0953 
1073741824, 179200, 175, 16, 64, 1024, 192414534860800, 716800, 8316.74, 23135.8, 1.07475e+10, 17191687879, 4303356212, 1.09532 
1073741824, 180224, 176, 16, 64, 1024, 193514046488576, 720896, 8307.09, 23295, 1.07458e+10, 17188250684, 4303356292, 1.0953 
1073741824, 181248, 177, 16, 64, 1024, 194613558116352, 724992, 8316.5, 23400.9, 1.07471e+10, 17190638314, 4303356204, 1.0953 
1073741824, 182272, 178, 16, 64, 1024, 195713069744128, 729088, 8308.12, 23556.9, 1.07458e+10, 17188250796, 4303356312, 1.0953 
1073741824, 183296, 179, 16, 64, 1024, 196812581371904, 733184, 8321.23, 23651.9, 1.07488e+10, 17191901247, 4305799530, 1.09525 
1073741824, 184320, 180, 16, 64, 1024, 197912092999680, 737280, 8320.35, 23786.5, 1.07462e+10, 17190634903, 4303356328, 1.09532 
1073741824, 185344, 181, 16, 64, 1024, 199011604627456, 741376, 8312.36, 23941.7, 1.07458e+10, 17188250724, 4303356300, 1.0953 
1073741824, 186368, 182, 16, 64, 1024, 200111116255232, 745472, 8322.92, 24043.4, 1.07474e+10, 17192087768, 4303356212, 1.09533 
1073741824, 187392, 183, 16, 64, 1024, 201210627883008, 749568, 8311.27, 24209.4, 1.07458e+10, 17188254412, 4303356288, 1.0953 
1073741824, 188416, 184, 16, 64, 1024, 202310139510784, 753664, 8321.31, 24312.3, 1.07473e+10, 17191707177, 4303356192, 1.09533 
1073741824, 189440, 185, 16, 64, 1024, 203409651138560, 757760, 8309.86, 24478.1, 1.07458e+10, 17188250728, 4303356288, 1.0953 
1073741824, 190464, 186, 16, 64, 1024, 204509162766336, 761856, 8321.56, 24575.8, 1.07469e+10, 17190256679, 4303356156, 1.0953 
1073741824, 191488, 187, 16, 64, 1024, 205608674394112, 765952, 8311.62, 24737.5, 1.07458e+10, 17188250876, 4303356268, 1.0953 
1073741824, 192512, 188, 16, 64, 1024, 206708186021888, 770048, 8321.37, 24840.7, 1.07471e+10, 17190200038, 4303883017, 1.09528 
1073741824, 193536, 189, 16, 64, 1024, 207807697649664, 774144, 8325.14, 24961.5, 1.07466e+10, 17191906224, 4303356316, 1.09533 
1073741824, 194560, 190, 16, 64, 1024, 208907209277440, 778240, 8319.64, 25110.1, 1.07458e+10, 17188250892, 4303356272, 1.0953 
1073741824, 195584, 191, 16, 64, 1024, 210006720905216, 782336, 8326.68, 25221, 1.07463e+10, 17190624586, 4303356132, 1.09532 
1073741824, 196608, 192, 16, 64, 1024, 211106232532992, 786432, 8315.47, 25387.2, 1.07458e+10, 17188251652, 4303356280, 1.0953 
1073741824, 197632, 193, 16, 64, 1024, 212205744160768, 790528, 8326.09, 25486.8, 1.07474e+10, 17191915363, 4303356212, 1.09533 
1073741824, 198656, 194, 16, 64, 1024, 213305255788544, 794624, 8315.8, 25650.6, 1.07458e+10, 17188258668, 4303356288, 1.0953 
1073741824, 199680, 195, 16, 64, 1024, 214404767416320, 798720, 8326.01, 25751.2, 1.07471e+10, 17190645324, 4303356164, 1.0953 
1073741824, 200704, 196, 16, 64, 1024, 215504279044096, 802816, 8318.03, 25908.1, 1.07458e+10, 17188250704, 4303356232, 1.0953 
1073741824, 201728, 197, 16, 64, 1024, 216603790671872, 806912, 8330.11, 26002.5, 1.07492e+10, 17192360048, 4306261098, 1.09524 
1073741824, 202752, 198, 16, 64, 1024, 217703302299648, 811008, 8336.69, 26113.9, 1.07462e+10, 17190635433, 4303356312, 1.09532 
1073741824, 203776, 199, 16, 64, 1024, 218802813927424, 815104, 8321.55, 26293.5, 1.07458e+10, 17188250752, 4303356288, 1.0953 
1073741824, 204800, 200, 16, 64, 1024, 219902325555200, 819200, 8333.23, 26388.6, 1.07466e+10, 17192128204, 4303356196, 1.09533 
1073741824, 205824, 201, 16, 64, 1024, 221001837182976, 823296, 8320.88, 26559.9, 1.07458e+10, 17188251388, 4303356292, 1.0953 
1073741824, 206848, 202, 16, 64, 1024, 222101348810752, 827392, 8329.94, 26663, 1.07467e+10, 17190644561, 4303356148, 1.09532 
1073741824, 207872, 203, 16, 64, 1024, 223200860438528, 831488, 8322.38, 26819.3, 1.07458e+10, 17188250712, 4303356300, 1.0953 
1073741824, 208896, 204, 16, 64, 1024, 224300372066304, 835584, 8330.92, 26923.8, 1.07483e+10, 17192257471, 4303356164, 1.0953 
1073741824, 209920, 205, 16, 64, 1024, 225399883694080, 839680, 8326.12, 27071.4, 1.07458e+10, 17188250784, 4303356276, 1.0953 
1073741824, 210944, 206, 16, 64, 1024, 226499395321856, 843776, 8335, 27174.5, 1.07475e+10, 17190673783, 4304537930, 1.09527 
1073741824, 211968, 207, 16, 64, 1024, 227598906949632, 847872, 8338.68, 27294.4, 1.07466e+10, 17192116752, 4303356260, 1.09533 
1073741824, 212992, 208, 16, 64, 1024, 228698418577408, 851968, 8324.25, 27473.8, 1.07458e+10, 17188252400, 4303356272, 1.0953 
1073741824, 214016, 209, 16, 64, 1024, 229797930205184, 856064, 8335.85, 27567.4, 1.07462e+10, 17190598790, 4303356160, 1.09532 
1073741824, 215040, 210, 16, 64, 1024, 230897441832960, 860160, 8325.54, 27733.6, 1.07458e+10, 17188254772, 4303356296, 1.0953 
1073741824, 216064, 211, 16, 64, 1024, 231996953460736, 864256, 8335.35, 27832.9, 1.07473e+10, 17191917389, 4303356176, 1.09533 
1073741824, 217088, 212, 16, 64, 1024, 233096465088512, 868352, 8323.65, 28004.1, 1.07458e+10, 17188253596, 4303356288, 1.0953 
1073741824, 218112, 213, 16, 64, 1024, 234195976716288, 872448, 8336.49, 28092.9, 1.0748e+10, 17191917642, 4303356200, 1.0953 
1073741824, 219136, 214, 16, 64, 1024, 235295488344064, 876544, 8331.77, 28240.8, 1.07458e+10, 17188250728, 4303356276, 1.0953 
1073741824, 220160, 215, 16, 64, 1024, 236394999971840, 880640, 8340.04, 28344.6, 1.07475e+10, 17190672188, 4304562439, 1.09527 
1073741824, 221184, 216, 16, 64, 1024, 237494511599616, 884736, 8339.15, 28479.5, 1.07461e+10, 17190212292, 4303356288, 1.09531 
1073741824, 222208, 217, 16, 64, 1024, 238594023227392, 888832, 8328, 28649.6, 1.07458e+10, 17188250676, 4303356280, 1.0953 
1073741824, 223232, 218, 16, 64, 1024, 239693534855168, 892928, 8339.11, 28743.3, 1.07466e+10, 17192019581, 4303356168, 1.09533 
1073741824, 224256, 219, 16, 64, 1024, 240793046482944, 897024, 8330.37, 28905.5, 1.07458e+10, 17188254268, 4303356300, 1.0953 
1073741824, 225280, 220, 16, 64, 1024, 241892558110720, 901120, 8340.02, 29003.8, 1.07466e+10, 17190476298, 4303356160, 1.09532 
1073741824, 226304, 221, 16, 64, 1024, 242992069738496, 905216, 8335.71, 29150.7, 1.07458e+10, 17188250808, 4303356308, 1.0953 
1073741824, 227328, 222, 16, 64, 1024, 244091581366272, 909312, 8346.78, 29243.8, 1.07483e+10, 17192448556, 4303356156, 1.0953 
1073741824, 228352, 223, 16, 64, 1024, 245191092994048, 913408, 8340.08, 29399.1, 1.07458e+10, 17188251492, 4303356284, 1.0953 
1073741824, 229376, 224, 16, 64, 1024, 246290604621824, 917504, 8347.82, 29503.6, 1.07475e+10, 17190670827, 4304584059, 1.09527 
1073741824, 230400, 225, 16, 64, 1024, 247390116249600, 921600, 8349.69, 29628.6, 1.07465e+10, 17192124232, 4303356280, 1.09533 
1073741824, 231424, 226, 16, 64, 1024, 248489627877376, 925696, 8337.49, 29803.9, 1.07458e+10, 17188251032, 4303356300, 1.0953 
1073741824, 232448, 227, 16, 64, 1024, 249589139505152, 929792, 8346.65, 29902.9, 1.07462e+10, 17190506920, 4303356144, 1.09532 
1073741824, 233472, 228, 16, 64, 1024, 250688651132928, 933888, 8336.91, 30069.7, 1.07458e+10, 17188254580, 4303356284, 1.0953 
1073741824, 234496, 229, 16, 64, 1024, 251788162760704, 937984, 8351.91, 30147.4, 1.07474e+10, 17191964004, 4303356136, 1.09533 
1073741824, 235520, 230, 16, 64, 1024, 252887674388480, 942080, 8340.99, 30318.7, 1.07458e+10, 17188250812, 4303356304, 1.0953 
1073741824, 236544, 231, 16, 64, 1024, 253987186016256, 946176, 8355.63, 30397.1, 1.07466e+10, 17190029850, 4303356160, 1.0953 
1073741824, 237568, 232, 16, 64, 1024, 255086697644032, 950272, 8342.69, 30576.1, 1.07458e+10, 17188250804, 4303356248, 1.0953 
1073741824, 238592, 233, 16, 64, 1024, 256186209271808, 954368, 8354.85, 30663.2, 1.07472e+10, 17190301873, 4303978790, 1.09528 
1073741824, 239616, 234, 16, 64, 1024, 257285720899584, 958464, 8354.06, 30797.7, 1.07466e+10, 17191943136, 4303356292, 1.09533 
1073741824, 240640, 235, 16, 64, 1024, 258385232527360, 962560, 8342.3, 30972.9, 1.07458e+10, 17188258500, 4303356280, 1.0953 
1073741824, 241664, 236, 16, 64, 1024, 259484744155136, 966656, 8353.33, 31063.6, 1.07461e+10, 17190025128, 4303356168, 1.09531 
1073741824, 242688, 237, 16, 64, 1024, 260584255782912, 970752, 8341.75, 31238.5, 1.07458e+10, 17188251144, 4303356260, 1.0953 
1073741824, 243712, 238, 16, 64, 1024, 261683767410688, 974848, 8357.52, 31311.2, 1.07474e+10, 17192140146, 4303356164, 1.09533 
1073741824, 244736, 239, 16, 64, 1024, 262783279038464, 978944, 8345.97, 31486.3, 1.07458e+10, 17188250836, 4303356280, 1.0953 
1073741824, 245760, 240, 16, 64, 1024, 263882790666240, 983040, 8356.46, 31578.3, 1.07471e+10, 17190694144, 4303356188, 1.0953 
1073741824, 246784, 241, 16, 64, 1024, 264982302294016, 987136, 8344.83, 31754.1, 1.07458e+10, 17188251464, 4303356256, 1.0953 
1073741824, 247808, 242, 16, 64, 1024, 266081813921792, 991232, 8353.27, 31853.6, 1.07488e+10, 17191949170, 4305626202, 1.09525 
1073741824, 248832, 243, 16, 64, 1024, 267181325549568, 995328, 8356.33, 31973.5, 1.07462e+10, 17190660850, 4303356268, 1.09532 
1073741824, 249856, 244, 16, 64, 1024, 268280837177344, 999424, 8343.44, 32154.7, 1.07458e+10, 17188250984, 4303356280, 1.0953 
1073741824, 250880, 245, 16, 64, 1024, 269380348805120, 1003520, 8354.66, 32243.1, 1.07466e+10, 17192146834, 4303356176, 1.09533 
1073741824, 251904, 246, 16, 64, 1024, 270479860432896, 1007616, 8350.88, 32389.4, 1.07458e+10, 17188251044, 4303356256, 1.0953 
1073741824, 252928, 247, 16, 64, 1024, 271579372060672, 1011712, 8358.74, 32490.5, 1.07464e+10, 17190080102, 4303357016, 1.09531 
1073741824, 253952, 248, 16, 64, 1024, 272678883688448, 1015808, 8347.47, 32666.1, 1.07458e+10, 17188251432, 4303356280, 1.0953 
1073741824, 254976, 249, 16, 64, 1024, 273778395316224, 1019904, 8361.42, 32743, 1.07482e+10, 17192176635, 4303356148, 1.0953 
1073741824, 256000, 250, 16, 64, 1024, 274877906944000, 1024000, 8351.71, 32912.8, 1.07458e+10, 17188251500, 4303356304, 1.0953 
1073741824, 257024, 251, 16, 64, 1024, 275977418571776, 1028096, 8362.15, 33003.1, 1.07469e+10, 17190040147, 4303714193, 1.09528 
1073741824, 258048, 252, 16, 64, 1024, 277076930199552, 1032192, 8359.87, 33143.7, 1.07465e+10, 17191931037, 4303356276, 1.09533 
1073741824, 259072, 253, 16, 64, 1024, 278176441827328, 1036288, 8350.96, 33310.7, 1.07458e+10, 17188251932, 4303356280, 1.0953 
1073741824, 260096, 254, 16, 64, 1024, 279275953455104, 1040384, 8366.1, 33381.9, 1.07461e+10, 17190044461, 4303356204, 1.09531 
1073741824, 261120, 255, 16, 64, 1024, 280375465082880, 1044480, 8358.6, 33543.4, 1.07458e+10, 17188251392, 4303356276, 1.0953 
1073741824, 262144, 256, 16, 64, 1024, 281474976710656, 1048576, 8365.15, 33648.5, 1.07474e+10, 17192189378, 4303356148, 1.09533 
1073741824, 263168, 257, 16, 64, 1024, 282574488338432, 1052672, 8355.93, 33817.2, 1.07458e+10, 17188251104, 4303356284, 1.0953 
1073741824, 264192, 258, 16, 64, 1024, 283673999966208, 1056768, 8366.63, 33905.4, 1.0747e+10, 17190481979, 4303356164, 1.0953 
1073741824, 265216, 259, 16, 64, 1024, 284773511593984, 1060864, 8357.53, 34073.9, 1.07458e+10, 17188250928, 4303356272, 1.0953 
1073741824, 266240, 260, 16, 64, 1024, 285873023221760, 1064960, 8367.21, 34165.9, 1.07471e+10, 17190287768, 4304176945, 1.09528 
1073741824, 267264, 261, 16, 64, 1024, 286972534849536, 1069056, 8369.81, 34286.6, 1.07465e+10, 17191714075, 4303356280, 1.09533 
1073741824, 268288, 262, 16, 64, 1024, 288072046477312, 1073152, 8361.93, 34450.4, 1.07458e+10, 17188251112, 4303356288, 1.0953 
1073741824, 269312, 263, 16, 64, 1024, 289171558105088, 1077248, 8371.77, 34541.3, 1.07464e+10, 17189873556, 4303356160, 1.09531 
1073741824, 270336, 264, 16, 64, 1024, 290271069732864, 1081344, 8363.07, 34708.7, 1.07458e+10, 17188252060, 4303356296, 1.0953 
1073741824, 271360, 265, 16, 64, 1024, 291370581360640, 1085440, 8371.65, 34804.5, 1.07473e+10, 17191973848, 4303356152, 1.09533 
1073741824, 272384, 266, 16, 64, 1024, 292470092988416, 1089536, 8360.45, 34982.6, 1.07458e+10, 17188250896, 4303356276, 1.0953 
1073741824, 273408, 267, 16, 64, 1024, 293569604616192, 1093632, 8369.56, 35075.9, 1.07466e+10, 17190060404, 4303356140, 1.0953 
1073741824, 274432, 268, 16, 64, 1024, 294669116243968, 1097728, 8363.15, 35234.2, 1.07458e+10, 17188250828, 4303356280, 1.0953 
1073741824, 275456, 269, 16, 64, 1024, 295768627871744, 1101824, 8374.43, 35318.1, 1.0749e+10, 17192109039, 4305771559, 1.09525 
1073741824, 276480, 270, 16, 64, 1024, 296868139499520, 1105920, 8375.98, 35442.8, 1.07466e+10, 17191952956, 4303356292, 1.09533 
1073741824, 277504, 271, 16, 64, 1024, 297967651127296, 1110016, 8367.66, 35609.4, 1.07458e+10, 17188251356, 4303356272, 1.0953 
1073741824, 278528, 272, 16, 64, 1024, 299067162755072, 1114112, 8377.48, 35698.9, 1.07466e+10, 17190479603, 4303356172, 1.09532 
1073741824, 279552, 273, 16, 64, 1024, 300166674382848, 1118208, 8367.83, 35871.5, 1.07458e+10, 17188250984, 4303356292, 1.0953 
1073741824, 280576, 274, 16, 64, 1024, 301266186010624, 1122304, 8376.95, 35963.7, 1.07474e+10, 17192173055, 4303356172, 1.09533 
1073741824, 281600, 275, 16, 64, 1024, 302365697638400, 1126400, 8367.75, 36134.7, 1.07458e+10, 17188251344, 4303356292, 1.0953 
1073741824, 282624, 276, 16, 64, 1024, 303465209266176, 1130496, 8377.33, 36224.6, 1.07466e+10, 17190049330, 4303356160, 1.0953 
1073741824, 283648, 277, 16, 64, 1024, 304564720893952, 1134592, 8371.51, 36381.1, 1.07458e+10, 17188254748, 4303356296, 1.0953 
1073741824, 284672, 278, 16, 64, 1024, 305664232521728, 1138688, 8383.1, 36461.9, 1.07469e+10, 17190063372, 4303746621, 1.09528 
1073741824, 285696, 279, 16, 64, 1024, 306763744149504, 1142784, 8383.69, 36590.5, 1.07465e+10, 17191750448, 4303356288, 1.09533 
1073741824, 286720, 280, 16, 64, 1024, 307863255777280, 1146880, 8375.2, 36758.9, 1.07458e+10, 17188252272, 4303356268, 1.0953 
1073741824, 287744, 281, 16, 64, 1024, 308962767405056, 1150976, 8385.94, 36843, 1.07465e+10, 17190255024, 4303356140, 1.09531 
1073741824, 288768, 282, 16, 64, 1024, 310062279032832, 1155072, 8375.46, 37020.3, 1.07458e+10, 17188251056, 4303356292, 1.0953 
1073741824, 289792, 283, 16, 64, 1024, 311161790660608, 1159168, 8382.15, 37122, 1.07479e+10, 17191779557, 4303356152, 1.0953 
1073741824, 290816, 284, 16, 64, 1024, 312261302288384, 1163264, 8372.19, 37297.5, 1.07458e+10, 17188251140, 4303356276, 1.0953 
1073741824, 291840, 285, 16, 64, 1024, 313360813916160, 1167360, 8383.77, 37377.1, 1.07467e+10, 17190093829, 4303356152, 1.0953 
1073741824, 292864, 286, 16, 64, 1024, 314460325543936, 1171456, 8379.41, 37527.7, 1.07458e+10, 17188251036, 4303356256, 1.0953 
1073741824, 293888, 287, 16, 64, 1024, 315559837171712, 1175552, 8391.59, 37604.3, 1.07487e+10, 17191773696, 4305457745, 1.09525 
1073741824, 294912, 288, 16, 64, 1024, 316659348799488, 1179648, 8389.59, 37744.3, 1.07462e+10, 17190438771, 4303356264, 1.09532 
1073741824, 295936, 289, 16, 64, 1024, 317758860427264, 1183744, 8381.11, 37913.7, 1.07458e+10, 17188251392, 4303356296, 1.0953 
1073741824, 296960, 290, 16, 64, 1024, 318858372055040, 1187840, 8389.06, 38008.8, 1.07473e+10, 17191830040, 4303356184, 1.09533 
1073741824, 297984, 291, 16, 64, 1024, 319957883682816, 1191936, 8379.25, 38184.6, 1.07458e+10, 17188251124, 4303356268, 1.0953 
1073741824, 299008, 292, 16, 64, 1024, 321057395310592, 1196032, 8389.21, 38270.3, 1.07466e+10, 17190053774, 4303356148, 1.0953 
1073741824, 300032, 293, 16, 64, 1024, 322156906938368, 1200128, 8382.64, 38431.4, 1.07458e+10, 17188254492, 4303356284, 1.0953 
1073741824, 301056, 294, 16, 64, 1024, 323256418566144, 1204224, 8394.43, 38508.4, 1.07486e+10, 17191758229, 4305554860, 1.09525 
1073741824, 302080, 295, 16, 64, 1024, 324355930193920, 1208320, 8385.85, 38679, 1.07458e+10, 17188251524, 4303356248, 1.0953 
1073741824, 303104, 296, 16, 64, 1024, 325455441821696, 1212416, 8396.27, 38761.9, 1.07472e+10, 17190316585, 4304102621, 1.09528 
1073741824, 304128, 297, 16, 64, 1024, 326554953449472, 1216512, 8396.26, 38892.9, 1.07466e+10, 17191799068, 4303356256, 1.09533 
1073741824, 305152, 298, 16, 64, 1024, 327654465077248, 1220608, 8388.12, 39061.7, 1.07458e+10, 17188250924, 4303356260, 1.0953 
1073741824, 306176, 299, 16, 64, 1024, 328753976705024, 1224704, 8396.81, 39152.2, 1.07465e+10, 17190100897, 4303356164, 1.09531 
1073741824, 307200, 300, 16, 64, 1024, 329853488332800, 1228800, 8387.14, 39328.5, 1.07458e+10, 17188251316, 4303356260, 1.0953 
1073741824, 308224, 301, 16, 64, 1024, 330952999960576, 1232896, 8396.46, 39415.8, 1.07482e+10, 17192009197, 4303356144, 1.0953 
1073741824, 309248, 302, 16, 64, 1024, 332052511588352, 1236992, 8388.83, 39582.7, 1.07458e+10, 17188256176, 4303356272, 1.0953 
1073741824, 310272, 303, 16, 64, 1024, 333152023216128, 1241088, 8402.17, 39650.7, 1.07469e+10, 17189796218, 4304284128, 1.09528 
1073741824, 311296, 304, 16, 64, 1024, 334251534843904, 1245184, 8400.7, 39788.5, 1.07466e+10, 17191277324, 4303356292, 1.09533 
