TransferBench v1.61.00
===============================================================
[Common]                              (Suppress by setting HIDE_ENV=1)
ALWAYS_VALIDATE      =            0 : Validating after all iterations
BLOCK_BYTES          =          256 : Each CU gets a mulitple of 256 bytes to copy
BYTE_OFFSET          =            0 : Using byte offset of 0
CU_MASK              =            0 : All
FILL_PATTERN         =            0 : Element i = ((i * 517) modulo 383 + 31) * (srcBufferIdx + 1)
GFX_BLOCK_ORDER      =            0 : Thread block ordering: Sequential
GFX_BLOCK_SIZE       =          256 : Threadblock size of 256
GFX_SINGLE_TEAM      =            1 : Combining CUs to work across entire data array
GFX_UNROLL           =            4 : Using GFX unroll factor of 4
GFX_WAVE_ORDER       =            0 : Using GFX wave ordering of Unroll,Wavefront,CU
GFX_WORD_SIZE        =            4 : Using GFX word size of 4 (DWORDx4)
MIN_VAR_SUBEXEC      =            1 : Using at least 1 subexecutor(s) for variable subExec tranfers
MAX_VAR_SUBEXEC      =            0 : Using up to all available subexecutors for variable subExec transfers
NUM_ITERATIONS       =           10 : Running 10  timed iteration(s)
NUM_SUBITERATIONS    =            1 : Running 1 subiterations
NUM_WARMUPS          =            3 : Running 3 warmup iteration(s) per Test
SHOW_ITERATIONS      =            0 : Hiding per-iteration timing
USE_HIP_EVENTS       =            1 : Using HIP events for GFX/DMA Executor timing
USE_HSA_DMA          =            0 : Using hipMemcpyAsync for DMA execution
USE_INTERACTIVE      =            0 : Running in non-interactive mode
USE_SINGLE_STREAM    =            1 : Using single stream per GFX device
VALIDATE_DIRECT      =            0 : Validate GPU destination memory via CPU staging buffer
VALIDATE_SOURCE      =            0 : Do not perform source validation after prep

[P2P Related]
NUM_CPU_DEVICES      =            2 : Using 2 CPUs
NUM_CPU_SE           =            4 : Using 4 CPU threads per Transfer
NUM_GPU_DEVICES      =            8 : Using 8 GPUs
NUM_GPU_SE           =          304 : Using 304 GPU subexecutors/CUs per Transfer
P2P_MODE             =            0 : Running Uni + Bi transfers
USE_FINE_GRAIN       =            0 : Using coarse-grained memory
USE_GPU_DMA          =            0 : Using GPU-GFX as GPU executor
USE_REMOTE_READ      =            0 : Using SRC as executor

Bytes Per Direction 8589934592
Unidirectional copy peak bandwidth GB/s [Local read / Remote write] (GPU-Executor: GFX)
 SRC+EXE\DST    CPU 00    CPU 01       GPU 00    GPU 01    GPU 02    GPU 03    GPU 04    GPU 05    GPU 06    GPU 07
  CPU 00  ->     47.99     49.30        44.47     44.56     44.20     44.49     33.75     33.85     33.71     33.81
  CPU 01  ->     49.68     47.97        33.79     33.72     33.71     33.85     44.06     44.23     44.49     44.36

  GPU 00  ->     55.21     55.15      1865.97     49.10     48.94     49.23     48.09     48.27     48.19     48.00
  GPU 01  ->     55.19     55.16        48.95   1895.35     49.43     49.03     47.78     48.24     48.59     48.74
  GPU 02  ->     55.21     55.17        48.93     49.13   1865.83     49.00     48.72     48.65     48.96     49.10
  GPU 03  ->     55.19     55.15        49.22     48.80     49.04   1922.70     48.54     48.09     48.94     48.71
  GPU 04  ->     55.18     55.21        48.04     48.19     48.63     48.56   1896.90     49.13     49.21     48.54
  GPU 05  ->     55.17     55.17        48.11     48.37     48.70     48.30     49.09   1931.46     48.70     49.29
  GPU 06  ->     55.23     55.27        48.42     48.50     48.66     49.04     49.04     48.86   1895.49     49.03
  GPU 07  ->     55.19     55.20        48.10     48.47     49.11     48.59     48.67     49.25     49.20   1863.96
                           CPU->CPU  CPU->GPU  GPU->CPU  GPU->GPU
Averages (During UniDir):     49.49     39.07     55.19     48.72

Bidirectional copy peak bandwidth GB/s [Local read / Remote write] (GPU-Executor: GFX)
     SRC\DST    CPU 00    CPU 01       GPU 00    GPU 01    GPU 02    GPU 03    GPU 04    GPU 05    GPU 06    GPU 07
  CPU 00  ->       N/A     47.68        41.62     41.77     41.49     41.60     33.05     33.22     33.25     33.12
  CPU 00 <-        N/A     47.96        54.72     54.72     54.21     54.29     27.76     27.64     27.76     27.75
  CPU 00 <->       N/A     95.64        96.34     96.49     95.70     95.89     60.81     60.86     61.01     60.87

  CPU 01  ->     48.22       N/A        33.37     33.10     33.25     33.11     41.63     41.33     41.78     41.78
  CPU 01 <-      47.59       N/A        27.82     27.76     27.82     27.73     54.71     54.71     54.21     54.30
  CPU 01 <->     95.81       N/A        61.19     60.86     61.07     60.83     96.34     96.04     95.99     96.08


  GPU 00  ->     54.71     27.81          N/A     46.44     46.31     46.53     46.33     46.14     46.22     46.28
  GPU 00 <-      41.31     33.31          N/A     46.40     46.33     46.36     46.21     46.10     45.99     46.28
  GPU 00 <->     96.02     61.13          N/A     92.84     92.64     92.89     92.54     92.24     92.20     92.56

  GPU 01  ->     54.72     27.85        46.37       N/A     46.52     46.31     46.14     46.23     46.39     46.23
  GPU 01 <-      41.66     32.78        46.43       N/A     46.55     46.07     46.38     46.22     46.23     46.15
  GPU 01 <->     96.38     60.64        92.80       N/A     93.06     92.39     92.52     92.45     92.62     92.38

  GPU 02  ->     54.35     27.84        46.33     46.49       N/A     46.41     46.38     46.22     46.30     46.51
  GPU 02 <-      41.59     33.29        46.32     46.50       N/A     46.46     46.25     46.27     46.12     46.49
  GPU 02 <->     95.94     61.13        92.65     93.00       N/A     92.87     92.63     92.49     92.42     93.01

  GPU 03  ->     54.23     27.68        46.37     46.10     46.48       N/A     46.22     46.08     46.39     46.26
  GPU 03 <-      41.30     33.19        46.56     46.32     46.39       N/A     46.48     46.18     46.25     46.24
  GPU 03 <->     95.53     60.86        92.93     92.41     92.87       N/A     92.70     92.27     92.64     92.50

  GPU 04  ->     27.79     54.70        46.18     46.40     46.24     46.39       N/A     46.39     46.51     46.30
  GPU 04 <-      33.08     41.65        46.35     46.15     46.39     46.15       N/A     46.33     46.17     46.48
  GPU 04 <->     60.87     96.35        92.52     92.55     92.63     92.54       N/A     92.73     92.68     92.78

  GPU 05  ->     27.72     54.72        46.08     46.27     46.22     46.29     46.33       N/A     46.28     46.54
  GPU 05 <-      32.93     41.33        46.13     46.33     46.23     46.23     46.40       N/A     46.03     46.42
  GPU 05 <->     60.65     96.06        92.21     92.60     92.45     92.52     92.74       N/A     92.31     92.95

  GPU 06  ->     27.77     54.19        46.03     46.22     46.14     46.24     46.15     46.07       N/A     46.28
  GPU 06 <-      33.01     41.72        46.18     46.35     46.30     46.40     46.56     46.30       N/A     46.39
  GPU 06 <->     60.78     95.91        92.21     92.58     92.44     92.64     92.72     92.37       N/A     92.67

  GPU 07  ->     27.74     54.29        46.28     46.17     46.46     46.16     46.47     46.40     46.42       N/A
  GPU 07 <-      33.13     41.62        46.30     46.21     46.51     46.23     46.26     46.52     46.27       N/A
  GPU 07 <->     60.87     95.91        92.57     92.38     92.97     92.39     92.72     92.91     92.69       N/A
                           CPU->CPU  CPU->GPU  GPU->CPU  GPU->GPU
Averages (During  BiDir):     47.86     39.26     39.22     46.30

