Node Binding: Process 0 [(p,q)=(0,0)] GPU: 0, CPU Cores: 40 - {0-78}
Local matrix size       = 2.92577 GiBs
Total device memory use = 3.41645 GiBs
--------------------------------------------------------------------------------------------------------------------------------------------------------------------
   %   | Column    | Step Time (s) ||         DGEMM GFLOPS         || pdfact (s) | pmxswp (s) | Lbcast (s) | laswp (s) | GPU Sync (s) | Step GFLOPS | Overall GFLOPS
       |           |               |  Small   |  First   | Second   |            |            |            |           |              |             |               
--------------------------------------------------------------------------------------------------------------------------------------------------------------------
  3.2% | 000000640 |    0.0356537  | 4.523e+04| 5.708e+04|          |  2.584e-02 |  3.789e-04 |  0.000e+00 | 0.000e+00 |   8.453e-03  |  1.357e+04  |    7.762e+03   
  6.5% | 000001280 |    0.0354743  | 3.958e+04| 5.705e+04|          |  2.614e-02 |  3.731e-04 |  0.000e+00 | 0.000e+00 |   7.820e-03  |  1.275e+04  |    9.571e+03   
  9.7% | 000001920 |    0.0347453  | 3.851e+04| 5.638e+04|          |  2.589e-02 |  3.719e-04 |  0.000e+00 | 0.000e+00 |   7.370e-03  |  1.215e+04  |    1.025e+04   
 13.0% | 000002560 |    0.0344698  | 3.732e+04| 5.687e+04|          |  2.620e-02 |  3.716e-04 |  0.000e+00 | 0.000e+00 |   6.787e-03  |  1.140e+04  |    1.048e+04   
 16.2% | 000003200 |    0.0336245  | 3.627e+04| 5.649e+04|          |  2.580e-02 |  3.716e-04 |  0.000e+00 | 0.000e+00 |   6.392e-03  |  1.085e+04  |    1.054e+04   
 19.4% | 000003840 |    0.0327727  | 3.334e+04| 5.633e+04|          |  2.533e-02 |  3.725e-04 |  0.000e+00 | 0.000e+00 |   5.907e-03  |  1.030e+04  |    1.051e+04   
 22.7% | 000004480 |    0.0318645  | 4.451e+04| 5.598e+04|          |  2.498e-02 |  3.847e-04 |  0.000e+00 | 0.000e+00 |   5.538e-03  |  9.777e+03  |    1.042e+04   
 25.9% | 000005120 |    0.0309766  | 4.411e+04| 5.619e+04|          |  2.460e-02 |  3.728e-04 |  0.000e+00 | 0.000e+00 |   4.932e-03  |  9.249e+03  |    1.030e+04   
 29.1% | 000005760 |    0.0302073  | 4.202e+04| 5.600e+04|          |  2.429e-02 |  3.742e-04 |  0.000e+00 | 0.000e+00 |   4.558e-03  |  8.690e+03  |    1.015e+04   
 32.4% | 000006400 |    0.0288515  | 4.224e+04| 5.683e+04|          |  2.342e-02 |  3.737e-04 |  0.000e+00 | 0.000e+00 |   4.110e-03  |  8.304e+03  |    9.999e+03   
 35.6% | 000007040 |    0.0272318  | 3.604e+04| 5.530e+04|          |  2.207e-02 |  3.729e-04 |  0.000e+00 | 0.000e+00 |   3.817e-03  |  7.994e+03  |    9.856e+03   
 38.9% | 000007680 |    0.0257944  | 3.903e+04| 5.543e+04|          |  2.102e-02 |  3.751e-04 |  0.000e+00 | 0.000e+00 |   3.424e-03  |  7.631e+03  |    9.715e+03   
 42.1% | 000008320 |    0.0252126  | 3.396e+04| 5.528e+04|          |  2.076e-02 |  3.748e-04 |  0.000e+00 | 0.000e+00 |   3.071e-03  |  7.023e+03  |    9.558e+03   
 45.3% | 000008960 |    0.0245641  | 3.761e+04| 5.508e+04|          |  2.062e-02 |  3.725e-04 |  0.000e+00 | 0.000e+00 |   2.590e-03  |  6.445e+03  |    9.391e+03   
 48.6% | 000009600 |    0.0241897  | 3.631e+04| 5.614e+04|          |  2.061e-02 |  3.725e-04 |  0.000e+00 | 0.000e+00 |   2.313e-03  |  5.813e+03  |    9.212e+03   
 51.8% | 000010240 |    0.0240464  | 3.346e+04| 5.429e+04|          |  2.073e-02 |  3.772e-04 |  0.000e+00 | 0.000e+00 |   2.041e-03  |  5.156e+03  |    9.019e+03   
 55.1% | 000010880 |    0.0236530  | 3.096e+04| 5.622e+04|          |  2.069e-02 |  3.748e-04 |  0.000e+00 | 0.000e+00 |   1.697e-03  |  4.582e+03  |    8.821e+03   
 58.3% | 000011520 |    0.0235501  | 2.931e+04| 5.074e+04|          |  2.067e-02 |  3.723e-04 |  0.000e+00 | 0.000e+00 |   1.594e-03  |  3.984e+03  |    8.615e+03   
 61.5% | 000012160 |    0.0230630  | 4.306e+04| 5.402e+04|          |  2.060e-02 |  3.741e-04 |  0.000e+00 | 0.000e+00 |   1.198e-03  |  3.483e+03  |    8.410e+03   
 64.8% | 000012800 |    0.0229101  | 4.033e+04| 5.101e+04|          |  2.062e-02 |  3.715e-04 |  0.000e+00 | 0.000e+00 |   1.116e-03  |  2.963e+03  |    8.201e+03   
 68.0% | 000013440 |    0.0224145  | 4.115e+04| 5.338e+04|          |  2.043e-02 |  3.720e-04 |  0.000e+00 | 0.000e+00 |   8.429e-04  |  2.520e+03  |    7.997e+03   
 71.3% | 000014080 |    0.0221559  | 3.631e+04| 5.172e+04|          |  2.041e-02 |  3.727e-04 |  0.000e+00 | 0.000e+00 |   5.109e-04  |  2.082e+03  |    7.793e+03   
 74.5% | 000014720 |    0.0221456  | 3.306e+04| 4.818e+04|          |  2.056e-02 |  3.720e-04 |  0.000e+00 | 0.000e+00 |   4.519e-04  |  1.662e+03  |    7.589e+03   
 77.7% | 000015360 |    0.0218787  | 3.145e+04| 4.802e+04|          |  2.047e-02 |  3.722e-04 |  0.000e+00 | 0.000e+00 |   2.635e-04  |  1.305e+03  |    7.389e+03   
 81.0% | 000016000 |    0.0214566  | 3.815e+04| 4.349e+04|          |  2.020e-02 |  3.725e-04 |  0.000e+00 | 0.000e+00 |   8.976e-05  |  9.950e+02  |    7.196e+03   
 84.2% | 000016640 |    0.0212785  | 3.440e+04| 4.112e+04|          |  2.011e-02 |  3.725e-04 |  0.000e+00 | 0.000e+00 |   1.410e-05  |  7.138e+02  |    7.007e+03   
 87.4% | 000017280 |    0.0212330  | 2.871e+04| 3.238e+04|          |  2.018e-02 |  3.720e-04 |  0.000e+00 | 0.000e+00 |   1.407e-05  |  4.746e+02  |    6.823e+03   
 90.7% | 000017920 |    0.0214544  | 2.453e+04| 2.616e+04|          |  2.026e-02 |  3.719e-04 |  0.000e+00 | 0.000e+00 |   1.950e-05  |  2.803e+02  |    6.641e+03   
 93.9% | 000018560 |    0.0214617  | 2.033e+04| 1.859e+04|          |  2.033e-02 |  3.722e-04 |  0.000e+00 | 0.000e+00 |   1.897e-05  |  1.398e+02  |    6.466e+03   
 97.2% | 000019200 |    0.0175801  | 7.551e+03|          |          |  1.693e-02 |  3.262e-04 |  0.000e+00 | 0.000e+00 |   1.328e-05  |  4.659e+01  |    6.327e+03   
Final Score:    6.1852e+03 GFLOPS 
Residual value = 0.000184433403253 (0x3f282c8ededaa588)
Residual Check: PASSED 
