Node Binding: Process 0 [(p,q)=(0,0)] GPU: 0, CPU Cores: 40 - {0-78}
Local matrix size       = 186.224 GiBs
Total device memory use = 190.011 GiBs
--------------------------------------------------------------------------------------------------------------------------------------------------------------------
   %   | Column    | Step Time (s) ||         DGEMM GFLOPS         || pdfact (s) | pmxswp (s) | Lbcast (s) | laswp (s) | GPU Sync (s) | Step GFLOPS | Overall GFLOPS
       |           |               |  Small   |  First   | Second   |            |            |            |           |              |             |               
--------------------------------------------------------------------------------------------------------------------------------------------------------------------
  0.4% | 000000640 |    0.5973392  | 5.582e+04| 5.871e+04|          |  4.557e-02 |  3.916e-04 |  0.000e+00 | 0.000e+00 |   5.479e-01  |  5.333e+04  |    4.948e+04   
  0.8% | 000001280 |    0.5933391  | 5.632e+04| 5.865e+04|          |  4.544e-02 |  3.894e-04 |  0.000e+00 | 0.000e+00 |   5.440e-01  |  5.326e+04  |    5.129e+04   
  1.2% | 000001920 |    0.5880092  | 5.628e+04| 5.865e+04|          |  4.467e-02 |  3.886e-04 |  0.000e+00 | 0.000e+00 |   5.395e-01  |  5.330e+04  |    5.194e+04   
  1.6% | 000002560 |    0.5828520  | 5.756e+04| 5.868e+04|          |  4.432e-02 |  3.890e-04 |  0.000e+00 | 0.000e+00 |   5.348e-01  |  5.333e+04  |    5.228e+04   
  2.0% | 000003200 |    0.5778005  | 5.745e+04| 5.869e+04|          |  4.374e-02 |  3.866e-04 |  0.000e+00 | 0.000e+00 |   5.303e-01  |  5.336e+04  |    5.249e+04   
  2.4% | 000003840 |    0.5735047  | 5.735e+04| 5.866e+04|          |  4.344e-02 |  3.887e-04 |  0.000e+00 | 0.000e+00 |   5.263e-01  |  5.332e+04  |    5.262e+04   
  2.8% | 000004480 |    0.5689579  | 5.700e+04| 5.871e+04|          |  4.372e-02 |  3.881e-04 |  0.000e+00 | 0.000e+00 |   5.215e-01  |  5.330e+04  |    5.271e+04   
  3.2% | 000005120 |    0.5658910  | 5.686e+04| 5.867e+04|          |  4.464e-02 |  3.867e-04 |  0.000e+00 | 0.000e+00 |   5.175e-01  |  5.314e+04  |    5.276e+04   
  3.6% | 000005760 |    0.5617896  | 5.692e+04| 5.868e+04|          |  4.488e-02 |  3.976e-04 |  0.000e+00 | 0.000e+00 |   5.131e-01  |  5.309e+04  |    5.280e+04   
  4.0% | 000006400 |    0.5568137  | 5.651e+04| 5.864e+04|          |  4.393e-02 |  3.917e-04 |  0.000e+00 | 0.000e+00 |   5.091e-01  |  5.311e+04  |    5.283e+04   
  4.5% | 000007040 |    0.5540276  | 5.658e+04| 5.859e+04|          |  4.493e-02 |  3.974e-04 |  0.000e+00 | 0.000e+00 |   5.053e-01  |  5.293e+04  |    5.284e+04   
  4.9% | 000007680 |    0.5480113  | 5.634e+04| 5.866e+04|          |  4.373e-02 |  3.930e-04 |  0.000e+00 | 0.000e+00 |   5.006e-01  |  5.306e+04  |    5.285e+04   
  5.3% | 000008320 |    0.5442738  | 5.639e+04| 5.879e+04|          |  4.522e-02 |  3.926e-04 |  0.000e+00 | 0.000e+00 |   4.953e-01  |  5.297e+04  |    5.286e+04   
  5.7% | 000008960 |    0.5390345  | 5.589e+04| 5.876e+04|          |  4.406e-02 |  3.920e-04 |  0.000e+00 | 0.000e+00 |   4.912e-01  |  5.303e+04  |    5.287e+04   
  6.1% | 000009600 |    0.5359298  | 5.612e+04| 5.879e+04|          |  4.536e-02 |  3.933e-04 |  0.000e+00 | 0.000e+00 |   4.868e-01  |  5.288e+04  |    5.287e+04   
  6.5% | 000010240 |    0.5324323  | 5.765e+04| 5.866e+04|          |  4.502e-02 |  3.910e-04 |  0.000e+00 | 0.000e+00 |   4.837e-01  |  5.277e+04  |    5.287e+04   
  6.9% | 000010880 |    0.5278333  | 5.748e+04| 5.878e+04|          |  4.551e-02 |  3.939e-04 |  0.000e+00 | 0.000e+00 |   4.787e-01  |  5.277e+04  |    5.286e+04   
  7.3% | 000011520 |    0.5236320  | 5.729e+04| 5.874e+04|          |  4.523e-02 |  4.009e-04 |  0.000e+00 | 0.000e+00 |   4.748e-01  |  5.274e+04  |    5.286e+04   
  7.7% | 000012160 |    0.5192697  | 5.697e+04| 5.882e+04|          |  4.548e-02 |  3.945e-04 |  0.000e+00 | 0.000e+00 |   4.702e-01  |  5.272e+04  |    5.285e+04   
  8.1% | 000012800 |    0.5164752  | 5.688e+04| 5.865e+04|          |  4.556e-02 |  3.936e-04 |  0.000e+00 | 0.000e+00 |   4.673e-01  |  5.254e+04  |    5.284e+04   
  8.5% | 000013440 |    0.5113614  | 5.684e+04| 5.880e+04|          |  4.559e-02 |  3.923e-04 |  0.000e+00 | 0.000e+00 |   4.622e-01  |  5.260e+04  |    5.282e+04   
  8.9% | 000014080 |    0.5075816  | 5.643e+04| 5.879e+04|          |  4.586e-02 |  3.960e-04 |  0.000e+00 | 0.000e+00 |   4.581e-01  |  5.252e+04  |    5.281e+04   
  9.3% | 000014720 |    0.5030016  | 5.637e+04| 5.882e+04|          |  4.563e-02 |  3.942e-04 |  0.000e+00 | 0.000e+00 |   4.538e-01  |  5.253e+04  |    5.280e+04   
  9.7% | 000015360 |    0.4999772  | 5.634e+04| 5.872e+04|          |  4.578e-02 |  3.941e-04 |  0.000e+00 | 0.000e+00 |   4.506e-01  |  5.238e+04  |    5.278e+04   
 10.1% | 000016000 |    0.4953901  | 5.622e+04| 5.876e+04|          |  4.555e-02 |  3.962e-04 |  0.000e+00 | 0.000e+00 |   4.463e-01  |  5.239e+04  |    5.277e+04   
 10.5% | 000016640 |    0.4915478  | 5.624e+04| 5.874e+04|          |  4.559e-02 |  3.936e-04 |  0.000e+00 | 0.000e+00 |   4.424e-01  |  5.233e+04  |    5.276e+04   
 10.9% | 000017280 |    0.4883313  | 5.577e+04| 5.868e+04|          |  4.579e-02 |  4.035e-04 |  0.000e+00 | 0.000e+00 |   4.390e-01  |  5.220e+04  |    5.274e+04   
 11.3% | 000017920 |    0.4832836  | 5.593e+04| 5.872e+04|          |  4.517e-02 |  3.928e-04 |  0.000e+00 | 0.000e+00 |   4.346e-01  |  5.227e+04  |    5.272e+04   
 11.7% | 000018560 |    0.4791433  | 5.734e+04| 5.870e+04|          |  4.476e-02 |  3.873e-04 |  0.000e+00 | 0.000e+00 |   4.309e-01  |  5.224e+04  |    5.271e+04   
 12.1% | 000019200 |    0.4758726  | 5.643e+04| 5.866e+04|          |  4.505e-02 |  3.876e-04 |  0.000e+00 | 0.000e+00 |   4.273e-01  |  5.212e+04  |    5.269e+04   
 12.6% | 000019840 |    0.4708521  | 5.689e+04| 5.873e+04|          |  4.453e-02 |  3.954e-04 |  0.000e+00 | 0.000e+00 |   4.228e-01  |  5.219e+04  |    5.268e+04   
 13.0% | 000020480 |    0.4710701  | 5.677e+04| 5.836e+04|          |  4.592e-02 |  3.910e-04 |  0.000e+00 | 0.000e+00 |   4.217e-01  |  5.169e+04  |    5.265e+04   
 13.4% | 000021120 |    0.4656158  | 5.654e+04| 5.837e+04|          |  4.454e-02 |  3.865e-04 |  0.000e+00 | 0.000e+00 |   4.176e-01  |  5.181e+04  |    5.263e+04   
 13.8% | 000021760 |    0.4640735  | 5.618e+04| 5.818e+04|          |  4.543e-02 |  3.895e-04 |  0.000e+00 | 0.000e+00 |   4.151e-01  |  5.150e+04  |    5.260e+04   
 14.2% | 000022400 |    0.4594457  | 5.627e+04| 5.819e+04|          |  4.481e-02 |  3.868e-04 |  0.000e+00 | 0.000e+00 |   4.112e-01  |  5.153e+04  |    5.257e+04   
 14.6% | 000023040 |    0.4564926  | 5.583e+04| 5.810e+04|          |  4.511e-02 |  3.885e-04 |  0.000e+00 | 0.000e+00 |   4.079e-01  |  5.138e+04  |    5.254e+04   
 15.0% | 000023680 |    0.4518706  | 5.597e+04| 5.822e+04|          |  4.507e-02 |  3.947e-04 |  0.000e+00 | 0.000e+00 |   4.034e-01  |  5.141e+04  |    5.251e+04   
 15.4% | 000024320 |    0.4484940  | 5.598e+04| 5.815e+04|          |  4.520e-02 |  3.870e-04 |  0.000e+00 | 0.000e+00 |   3.999e-01  |  5.131e+04  |    5.249e+04   
 15.8% | 000024960 |    0.4445933  | 5.596e+04| 5.820e+04|          |  4.528e-02 |  3.949e-04 |  0.000e+00 | 0.000e+00 |   3.959e-01  |  5.126e+04  |    5.246e+04   
 16.2% | 000025600 |    0.4414700  | 5.547e+04| 5.805e+04|          |  4.492e-02 |  3.912e-04 |  0.000e+00 | 0.000e+00 |   3.931e-01  |  5.113e+04  |    5.243e+04   
 16.6% | 000026240 |    0.4379686  | 5.695e+04| 5.806e+04|          |  4.528e-02 |  3.923e-04 |  0.000e+00 | 0.000e+00 |   3.893e-01  |  5.105e+04  |    5.240e+04   
 17.0% | 000026880 |    0.4364762  | 5.689e+04| 5.797e+04|          |  4.705e-02 |  3.912e-04 |  0.000e+00 | 0.000e+00 |   3.861e-01  |  5.073e+04  |    5.237e+04   
 17.4% | 000027520 |    0.4312744  | 5.673e+04| 5.788e+04|          |  4.500e-02 |  3.919e-04 |  0.000e+00 | 0.000e+00 |   3.829e-01  |  5.084e+04  |    5.234e+04   
 17.8% | 000028160 |    0.4285162  | 5.644e+04| 5.768e+04|          |  4.462e-02 |  4.004e-04 |  0.000e+00 | 0.000e+00 |   3.805e-01  |  5.067e+04  |    5.231e+04   
 18.2% | 000028800 |    0.4231292  | 5.643e+04| 5.799e+04|          |  4.491e-02 |  3.927e-04 |  0.000e+00 | 0.000e+00 |   3.749e-01  |  5.081e+04  |    5.228e+04   
 18.6% | 000029440 |    0.4206664  | 5.624e+04| 5.779e+04|          |  4.485e-02 |  3.915e-04 |  0.000e+00 | 0.000e+00 |   3.725e-01  |  5.060e+04  |    5.225e+04   
 19.0% | 000030080 |    0.4152923  | 5.615e+04| 5.807e+04|          |  4.502e-02 |  3.947e-04 |  0.000e+00 | 0.000e+00 |   3.669e-01  |  5.075e+04  |    5.222e+04   
 19.4% | 000030720 |    0.4123843  | 5.598e+04| 5.798e+04|          |  4.516e-02 |  3.881e-04 |  0.000e+00 | 0.000e+00 |   3.639e-01  |  5.060e+04  |    5.219e+04   
 19.8% | 000031360 |    0.4065034  | 5.570e+04| 5.831e+04|          |  4.482e-02 |  3.942e-04 |  0.000e+00 | 0.000e+00 |   3.583e-01  |  5.082e+04  |    5.217e+04   
 20.2% | 000032000 |    0.4028392  | 5.567e+04| 5.828e+04|          |  4.466e-02 |  3.969e-04 |  0.000e+00 | 0.000e+00 |   3.548e-01  |  5.077e+04  |    5.215e+04   
 20.6% | 000032640 |    0.3993525  | 5.569e+04| 5.829e+04|          |  4.480e-02 |  3.969e-04 |  0.000e+00 | 0.000e+00 |   3.511e-01  |  5.069e+04  |    5.213e+04   
 21.1% | 000033280 |    0.3945600  | 5.549e+04| 5.855e+04|          |  4.500e-02 |  3.948e-04 |  0.000e+00 | 0.000e+00 |   3.462e-01  |  5.079e+04  |    5.211e+04   
 21.5% | 000033920 |    0.3899917  | 5.696e+04| 5.866e+04|          |  4.475e-02 |  3.936e-04 |  0.000e+00 | 0.000e+00 |   3.420e-01  |  5.086e+04  |    5.209e+04   
 21.9% | 000034560 |    0.3861730  | 5.668e+04| 5.868e+04|          |  4.462e-02 |  3.919e-04 |  0.000e+00 | 0.000e+00 |   3.383e-01  |  5.083e+04  |    5.207e+04   
 22.3% | 000035200 |    0.3833416  | 5.651e+04| 5.871e+04|          |  4.532e-02 |  3.920e-04 |  0.000e+00 | 0.000e+00 |   3.348e-01  |  5.068e+04  |    5.205e+04   
 22.7% | 000035840 |    0.3792748  | 5.679e+04| 5.873e+04|          |  4.480e-02 |  3.905e-04 |  0.000e+00 | 0.000e+00 |   3.312e-01  |  5.069e+04  |    5.203e+04   
 23.1% | 000036480 |    0.3751830  | 5.647e+04| 5.886e+04|          |  4.483e-02 |  3.867e-04 |  0.000e+00 | 0.000e+00 |   3.271e-01  |  5.071e+04  |    5.201e+04   
 23.5% | 000037120 |    0.3715465  | 5.635e+04| 5.882e+04|          |  4.439e-02 |  3.867e-04 |  0.000e+00 | 0.000e+00 |   3.239e-01  |  5.067e+04  |    5.199e+04   
 23.9% | 000037760 |    0.3685409  | 5.614e+04| 5.875e+04|          |  4.445e-02 |  3.888e-04 |  0.000e+00 | 0.000e+00 |   3.209e-01  |  5.055e+04  |    5.197e+04   
 24.3% | 000038400 |    0.3649936  | 5.571e+04| 5.878e+04|          |  4.445e-02 |  3.871e-04 |  0.000e+00 | 0.000e+00 |   3.173e-01  |  5.050e+04  |    5.196e+04   
 24.7% | 000039040 |    0.3615525  | 5.610e+04| 5.884e+04|          |  4.466e-02 |  3.866e-04 |  0.000e+00 | 0.000e+00 |   3.137e-01  |  5.044e+04  |    5.194e+04   
 25.1% | 000039680 |    0.3571891  | 5.583e+04| 5.887e+04|          |  4.389e-02 |  3.938e-04 |  0.000e+00 | 0.000e+00 |   3.101e-01  |  5.051e+04  |    5.192e+04   
 25.5% | 000040320 |    0.3536987  | 5.598e+04| 5.894e+04|          |  4.400e-02 |  3.924e-04 |  0.000e+00 | 0.000e+00 |   3.065e-01  |  5.046e+04  |    5.190e+04   
 25.9% | 000040960 |    0.3507520  | 5.577e+04| 5.885e+04|          |  4.399e-02 |  3.918e-04 |  0.000e+00 | 0.000e+00 |   3.036e-01  |  5.033e+04  |    5.188e+04   
 26.3% | 000041600 |    0.3472288  | 5.746e+04| 5.894e+04|          |  4.421e-02 |  3.917e-04 |  0.000e+00 | 0.000e+00 |   2.999e-01  |  5.029e+04  |    5.187e+04   
 26.7% | 000042240 |    0.3444064  | 5.705e+04| 5.892e+04|          |  4.454e-02 |  3.930e-04 |  0.000e+00 | 0.000e+00 |   2.968e-01  |  5.015e+04  |    5.185e+04   
 27.1% | 000042880 |    0.3414242  | 5.711e+04| 5.894e+04|          |  4.494e-02 |  3.958e-04 |  0.000e+00 | 0.000e+00 |   2.934e-01  |  5.003e+04  |    5.183e+04   
 27.5% | 000043520 |    0.3384247  | 5.691e+04| 5.891e+04|          |  4.504e-02 |  3.921e-04 |  0.000e+00 | 0.000e+00 |   2.903e-01  |  4.992e+04  |    5.181e+04   
 27.9% | 000044160 |    0.3342107  | 5.648e+04| 5.895e+04|          |  4.428e-02 |  3.950e-04 |  0.000e+00 | 0.000e+00 |   2.868e-01  |  4.998e+04  |    5.179e+04   
 28.3% | 000044800 |    0.3314781  | 5.629e+04| 5.894e+04|          |  4.461e-02 |  3.931e-04 |  0.000e+00 | 0.000e+00 |   2.838e-01  |  4.983e+04  |    5.177e+04   
 28.7% | 000045440 |    0.3272053  | 5.629e+04| 5.897e+04|          |  4.371e-02 |  3.910e-04 |  0.000e+00 | 0.000e+00 |   2.804e-01  |  4.992e+04  |    5.175e+04   
 29.1% | 000046080 |    0.3239584  | 5.617e+04| 5.891e+04|          |  4.345e-02 |  3.921e-04 |  0.000e+00 | 0.000e+00 |   2.774e-01  |  4.985e+04  |    5.173e+04   
 29.6% | 000046720 |    0.3205892  | 5.579e+04| 5.893e+04|          |  4.329e-02 |  3.932e-04 |  0.000e+00 | 0.000e+00 |   2.742e-01  |  4.980e+04  |    5.171e+04   
 30.0% | 000047360 |    0.3171259  | 5.566e+04| 5.897e+04|          |  4.304e-02 |  3.920e-04 |  0.000e+00 | 0.000e+00 |   2.710e-01  |  4.977e+04  |    5.169e+04   
 30.4% | 000048000 |    0.3145520  | 5.554e+04| 5.896e+04|          |  4.353e-02 |  3.918e-04 |  0.000e+00 | 0.000e+00 |   2.680e-01  |  4.960e+04  |    5.167e+04   
 30.8% | 000048640 |    0.3113889  | 5.514e+04| 5.894e+04|          |  4.342e-02 |  4.008e-04 |  0.000e+00 | 0.000e+00 |   2.649e-01  |  4.952e+04  |    5.165e+04   
 31.2% | 000049280 |    0.3076555  | 5.757e+04| 5.901e+04|          |  4.320e-02 |  3.934e-04 |  0.000e+00 | 0.000e+00 |   2.613e-01  |  4.954e+04  |    5.163e+04   
 31.6% | 000049920 |    0.3047448  | 5.736e+04| 5.897e+04|          |  4.320e-02 |  3.928e-04 |  0.000e+00 | 0.000e+00 |   2.586e-01  |  4.943e+04  |    5.161e+04   
 32.0% | 000050560 |    0.3024675  | 5.722e+04| 5.885e+04|          |  4.342e-02 |  3.935e-04 |  0.000e+00 | 0.000e+00 |   2.561e-01  |  4.921e+04  |    5.159e+04   
 32.4% | 000051200 |    0.2992476  | 5.682e+04| 5.899e+04|          |  4.387e-02 |  3.949e-04 |  0.000e+00 | 0.000e+00 |   2.524e-01  |  4.916e+04  |    5.157e+04   
 32.8% | 000051840 |    0.2971630  | 5.652e+04| 5.899e+04|          |  4.473e-02 |  3.930e-04 |  0.000e+00 | 0.000e+00 |   2.495e-01  |  4.891e+04  |    5.155e+04   
 33.2% | 000052480 |    0.2935348  | 5.634e+04| 5.898e+04|          |  4.405e-02 |  3.950e-04 |  0.000e+00 | 0.000e+00 |   2.465e-01  |  4.892e+04  |    5.153e+04   
 33.6% | 000053120 |    0.2913881  | 5.614e+04| 5.904e+04|          |  4.509e-02 |  3.920e-04 |  0.000e+00 | 0.000e+00 |   2.434e-01  |  4.869e+04  |    5.151e+04   
 34.0% | 000053760 |    0.2879361  | 5.574e+04| 5.897e+04|          |  4.428e-02 |  3.941e-04 |  0.000e+00 | 0.000e+00 |   2.407e-01  |  4.868e+04  |    5.148e+04   
 34.4% | 000054400 |    0.2855036  | 5.573e+04| 5.902e+04|          |  4.506e-02 |  3.919e-04 |  0.000e+00 | 0.000e+00 |   2.375e-01  |  4.849e+04  |    5.146e+04   
 34.8% | 000055040 |    0.2817059  | 5.541e+04| 5.899e+04|          |  4.402e-02 |  3.916e-04 |  0.000e+00 | 0.000e+00 |   2.348e-01  |  4.854e+04  |    5.144e+04   
 35.2% | 000055680 |    0.2787040  | 5.531e+04| 5.900e+04|          |  4.392e-02 |  3.909e-04 |  0.000e+00 | 0.000e+00 |   2.319e-01  |  4.846e+04  |    5.142e+04   
 35.6% | 000056320 |    0.2756081  | 5.525e+04| 5.902e+04|          |  4.378e-02 |  3.941e-04 |  0.000e+00 | 0.000e+00 |   2.289e-01  |  4.839e+04  |    5.139e+04   
 36.0% | 000056960 |    0.2733609  | 5.769e+04| 5.903e+04|          |  4.453e-02 |  3.943e-04 |  0.000e+00 | 0.000e+00 |   2.260e-01  |  4.818e+04  |    5.137e+04   
 36.4% | 000057600 |    0.2705518  | 5.753e+04| 5.901e+04|          |  4.445e-02 |  3.943e-04 |  0.000e+00 | 0.000e+00 |   2.233e-01  |  4.807e+04  |    5.135e+04   
 36.8% | 000058240 |    0.2673104  | 5.725e+04| 5.905e+04|          |  4.413e-02 |  3.922e-04 |  0.000e+00 | 0.000e+00 |   2.204e-01  |  4.804e+04  |    5.132e+04   
 37.2% | 000058880 |    0.2652957  | 5.684e+04| 5.902e+04|          |  4.476e-02 |  3.940e-04 |  0.000e+00 | 0.000e+00 |   2.177e-01  |  4.779e+04  |    5.130e+04   
 37.7% | 000059520 |    0.2638396  | 5.666e+04| 5.903e+04|          |  4.619e-02 |  3.941e-04 |  0.000e+00 | 0.000e+00 |   2.148e-01  |  4.743e+04  |    5.127e+04   
 38.1% | 000060160 |    0.2599372  | 5.627e+04| 5.903e+04|          |  4.504e-02 |  3.950e-04 |  0.000e+00 | 0.000e+00 |   2.121e-01  |  4.752e+04  |    5.125e+04   
 38.5% | 000060800 |    0.2560847  | 5.588e+04| 5.905e+04|          |  4.404e-02 |  3.910e-04 |  0.000e+00 | 0.000e+00 |   2.092e-01  |  4.761e+04  |    5.123e+04   
 38.9% | 000061440 |    0.2530834  | 5.587e+04| 5.903e+04|          |  4.378e-02 |  3.930e-04 |  0.000e+00 | 0.000e+00 |   2.065e-01  |  4.755e+04  |    5.120e+04   
 39.3% | 000062080 |    0.2497792  | 5.552e+04| 5.909e+04|          |  4.339e-02 |  3.941e-04 |  0.000e+00 | 0.000e+00 |   2.036e-01  |  4.754e+04  |    5.118e+04   
 39.7% | 000062720 |    0.2475217  | 5.519e+04| 5.899e+04|          |  4.344e-02 |  3.921e-04 |  0.000e+00 | 0.000e+00 |   2.013e-01  |  4.734e+04  |    5.116e+04   
 40.1% | 000063360 |    0.2442456  | 5.535e+04| 5.907e+04|          |  4.313e-02 |  3.920e-04 |  0.000e+00 | 0.000e+00 |   1.983e-01  |  4.734e+04  |    5.113e+04   
 40.5% | 000064000 |    0.2419248  | 5.501e+04| 5.905e+04|          |  4.334e-02 |  3.945e-04 |  0.000e+00 | 0.000e+00 |   1.958e-01  |  4.715e+04  |    5.111e+04   
 40.9% | 000064640 |    0.2383273  | 5.580e+04| 5.905e+04|          |  4.247e-02 |  3.934e-04 |  0.000e+00 | 0.000e+00 |   1.931e-01  |  4.721e+04  |    5.109e+04   
 41.3% | 000065280 |    0.2353940  | 5.764e+04| 5.900e+04|          |  4.202e-02 |  3.972e-04 |  0.000e+00 | 0.000e+00 |   1.907e-01  |  4.715e+04  |    5.106e+04   
 41.7% | 000065920 |    0.2327367  | 5.736e+04| 5.908e+04|          |  4.218e-02 |  3.921e-04 |  0.000e+00 | 0.000e+00 |   1.879e-01  |  4.704e+04  |    5.104e+04   
 42.1% | 000066560 |    0.2302639  | 5.717e+04| 5.906e+04|          |  4.228e-02 |  3.918e-04 |  0.000e+00 | 0.000e+00 |   1.853e-01  |  4.689e+04  |    5.102e+04   
 42.5% | 000067200 |    0.2275167  | 5.688e+04| 5.911e+04|          |  4.222e-02 |  3.945e-04 |  0.000e+00 | 0.000e+00 |   1.826e-01  |  4.679e+04  |    5.099e+04   
 42.9% | 000067840 |    0.2249129  | 5.655e+04| 5.907e+04|          |  4.207e-02 |  3.952e-04 |  0.000e+00 | 0.000e+00 |   1.802e-01  |  4.667e+04  |    5.097e+04   
 43.3% | 000068480 |    0.2236503  | 5.623e+04| 5.907e+04|          |  4.333e-02 |  3.987e-04 |  0.000e+00 | 0.000e+00 |   1.776e-01  |  4.628e+04  |    5.095e+04   
 43.7% | 000069120 |    0.2213067  | 5.581e+04| 5.905e+04|          |  4.342e-02 |  3.935e-04 |  0.000e+00 | 0.000e+00 |   1.752e-01  |  4.610e+04  |    5.092e+04   
 44.1% | 000069760 |    0.2197542  | 5.546e+04| 5.909e+04|          |  4.448e-02 |  3.923e-04 |  0.000e+00 | 0.000e+00 |   1.726e-01  |  4.576e+04  |    5.089e+04   
 44.5% | 000070400 |    0.2174896  | 5.507e+04| 5.904e+04|          |  4.460e-02 |  3.936e-04 |  0.000e+00 | 0.000e+00 |   1.702e-01  |  4.558e+04  |    5.087e+04   
 44.9% | 000071040 |    0.2155288  | 5.484e+04| 5.907e+04|          |  4.513e-02 |  3.932e-04 |  0.000e+00 | 0.000e+00 |   1.677e-01  |  4.532e+04  |    5.084e+04   
 45.3% | 000071680 |    0.2117527  | 5.421e+04| 5.905e+04|          |  4.370e-02 |  3.933e-04 |  0.000e+00 | 0.000e+00 |   1.654e-01  |  4.546e+04  |    5.081e+04   
 45.7% | 000072320 |    0.2091407  | 5.470e+04| 5.922e+04|          |  4.406e-02 |  3.992e-04 |  0.000e+00 | 0.000e+00 |   1.624e-01  |  4.535e+04  |    5.079e+04   
 46.2% | 000072960 |    0.2057852  | 5.765e+04| 5.904e+04|          |  4.263e-02 |  3.919e-04 |  0.000e+00 | 0.000e+00 |   1.606e-01  |  4.541e+04  |    5.076e+04   
 46.6% | 000073600 |    0.2040131  | 5.735e+04| 5.910e+04|          |  4.344e-02 |  3.953e-04 |  0.000e+00 | 0.000e+00 |   1.580e-01  |  4.512e+04  |    5.074e+04   
 47.0% | 000074240 |    0.2012441  | 5.699e+04| 5.920e+04|          |  4.324e-02 |  3.927e-04 |  0.000e+00 | 0.000e+00 |   1.554e-01  |  4.505e+04  |    5.071e+04   
 47.4% | 000074880 |    0.1999973  | 5.629e+04| 5.907e+04|          |  4.405e-02 |  3.912e-04 |  0.000e+00 | 0.000e+00 |   1.534e-01  |  4.464e+04  |    5.068e+04   
 47.8% | 000075520 |    0.1974994  | 5.610e+04| 5.907e+04|          |  4.385e-02 |  3.949e-04 |  0.000e+00 | 0.000e+00 |   1.511e-01  |  4.452e+04  |    5.066e+04   
 48.2% | 000076160 |    0.1949642  | 5.602e+04| 5.908e+04|          |  4.361e-02 |  3.938e-04 |  0.000e+00 | 0.000e+00 |   1.488e-01  |  4.440e+04  |    5.063e+04   
 48.6% | 000076800 |    0.1906782  | 5.557e+04| 5.909e+04|          |  4.167e-02 |  3.923e-04 |  0.000e+00 | 0.000e+00 |   1.465e-01  |  4.470e+04  |    5.060e+04   
 49.0% | 000077440 |    0.1885401  | 5.549e+04| 5.909e+04|          |  4.187e-02 |  3.924e-04 |  0.000e+00 | 0.000e+00 |   1.441e-01  |  4.450e+04  |    5.058e+04   
 49.4% | 000078080 |    0.1859023  | 5.516e+04| 5.907e+04|          |  4.148e-02 |  3.922e-04 |  0.000e+00 | 0.000e+00 |   1.419e-01  |  4.442e+04  |    5.055e+04   
 49.8% | 000078720 |    0.1826796  | 5.368e+04| 5.909e+04|          |  4.047e-02 |  3.918e-04 |  0.000e+00 | 0.000e+00 |   1.396e-01  |  4.449e+04  |    5.053e+04   
 50.2% | 000079360 |    0.1803584  | 5.320e+04| 5.909e+04|          |  4.035e-02 |  3.941e-04 |  0.000e+00 | 0.000e+00 |   1.375e-01  |  4.434e+04  |    5.050e+04   
 50.6% | 000080000 |    0.1776023  | 5.327e+04| 5.911e+04|          |  3.978e-02 |  3.946e-04 |  0.000e+00 | 0.000e+00 |   1.353e-01  |  4.430e+04  |    5.048e+04   
 51.0% | 000080640 |    0.1752922  | 5.370e+04| 5.913e+04|          |  3.979e-02 |  3.940e-04 |  0.000e+00 | 0.000e+00 |   1.330e-01  |  4.415e+04  |    5.046e+04   
 51.4% | 000081280 |    0.1724466  | 5.376e+04| 5.910e+04|          |  3.908e-02 |  3.936e-04 |  0.000e+00 | 0.000e+00 |   1.309e-01  |  4.415e+04  |    5.043e+04   
 51.8% | 000081920 |    0.1698450  | 5.526e+04| 5.907e+04|          |  3.864e-02 |  3.925e-04 |  0.000e+00 | 0.000e+00 |   1.287e-01  |  4.408e+04  |    5.041e+04   
 52.2% | 000082560 |    0.1670512  | 5.517e+04| 5.909e+04|          |  3.793e-02 |  3.912e-04 |  0.000e+00 | 0.000e+00 |   1.267e-01  |  4.407e+04  |    5.039e+04   
 52.6% | 000083200 |    0.1643962  | 5.444e+04| 5.911e+04|          |  3.750e-02 |  3.916e-04 |  0.000e+00 | 0.000e+00 |   1.245e-01  |  4.403e+04  |    5.036e+04   
 53.0% | 000083840 |    0.1625846  | 5.451e+04| 5.911e+04|          |  3.778e-02 |  3.935e-04 |  0.000e+00 | 0.000e+00 |   1.224e-01  |  4.377e+04  |    5.034e+04   
 53.4% | 000084480 |    0.1614481  | 5.464e+04| 5.911e+04|          |  3.875e-02 |  3.986e-04 |  0.000e+00 | 0.000e+00 |   1.203e-01  |  4.332e+04  |    5.032e+04   
 53.8% | 000085120 |    0.1591881  | 5.389e+04| 5.912e+04|          |  3.872e-02 |  3.944e-04 |  0.000e+00 | 0.000e+00 |   1.181e-01  |  4.318e+04  |    5.029e+04   
 54.3% | 000085760 |    0.1564173  | 5.408e+04| 5.911e+04|          |  3.797e-02 |  3.923e-04 |  0.000e+00 | 0.000e+00 |   1.160e-01  |  4.318e+04  |    5.027e+04   
 54.7% | 000086400 |    0.1551600  | 5.436e+04| 5.917e+04|          |  3.882e-02 |  3.919e-04 |  0.000e+00 | 0.000e+00 |   1.140e-01  |  4.277e+04  |    5.024e+04   
 55.1% | 000087040 |    0.1543998  | 5.412e+04| 5.912e+04|          |  3.998e-02 |  3.924e-04 |  0.000e+00 | 0.000e+00 |   1.120e-01  |  4.222e+04  |    5.022e+04   
 55.5% | 000087680 |    0.1522261  | 5.375e+04| 5.909e+04|          |  3.978e-02 |  3.923e-04 |  0.000e+00 | 0.000e+00 |   1.101e-01  |  4.205e+04  |    5.019e+04   
 55.9% | 000088320 |    0.1498922  | 5.795e+04| 5.913e+04|          |  3.951e-02 |  3.922e-04 |  0.000e+00 | 0.000e+00 |   1.081e-01  |  4.194e+04  |    5.017e+04   
 56.3% | 000088960 |    0.1475371  | 5.761e+04| 5.912e+04|          |  3.914e-02 |  3.937e-04 |  0.000e+00 | 0.000e+00 |   1.061e-01  |  4.183e+04  |    5.014e+04   
 56.7% | 000089600 |    0.1448733  | 5.710e+04| 5.914e+04|          |  3.839e-02 |  3.963e-04 |  0.000e+00 | 0.000e+00 |   1.042e-01  |  4.182e+04  |    5.012e+04   
 57.1% | 000090240 |    0.1428353  | 5.627e+04| 5.915e+04|          |  3.835e-02 |  3.923e-04 |  0.000e+00 | 0.000e+00 |   1.022e-01  |  4.163e+04  |    5.009e+04   
 57.5% | 000090880 |    0.1414912  | 5.591e+04| 5.908e+04|          |  3.879e-02 |  3.917e-04 |  0.000e+00 | 0.000e+00 |   1.004e-01  |  4.124e+04  |    5.007e+04   
 57.9% | 000091520 |    0.1400335  | 5.544e+04| 5.920e+04|          |  3.941e-02 |  3.905e-04 |  0.000e+00 | 0.000e+00 |   9.831e-02  |  4.089e+04  |    5.004e+04   
 58.3% | 000092160 |    0.1385823  | 5.507e+04| 5.913e+04|          |  3.972e-02 |  3.910e-04 |  0.000e+00 | 0.000e+00 |   9.659e-02  |  4.053e+04  |    5.001e+04   
 58.7% | 000092800 |    0.1380086  | 5.437e+04| 5.919e+04|          |  4.106e-02 |  3.916e-04 |  0.000e+00 | 0.000e+00 |   9.466e-02  |  3.991e+04  |    4.998e+04   
 59.1% | 000093440 |    0.1344969  | 5.376e+04| 5.904e+04|          |  3.915e-02 |  3.938e-04 |  0.000e+00 | 0.000e+00 |   9.307e-02  |  4.016e+04  |    4.996e+04   
 59.5% | 000094080 |    0.1319616  | 5.220e+04| 5.901e+04|          |  3.833e-02 |  3.933e-04 |  0.000e+00 | 0.000e+00 |   9.133e-02  |  4.013e+04  |    4.993e+04   
 59.9% | 000094720 |    0.1302072  | 5.334e+04| 5.906e+04|          |  3.855e-02 |  3.952e-04 |  0.000e+00 | 0.000e+00 |   8.939e-02  |  3.986e+04  |    4.990e+04   
 60.3% | 000095360 |    0.1270939  | 5.304e+04| 5.914e+04|          |  3.731e-02 |  3.926e-04 |  0.000e+00 | 0.000e+00 |   8.754e-02  |  4.002e+04  |    4.988e+04   
 60.7% | 000096000 |    0.1257709  | 5.752e+04| 5.896e+04|          |  3.758e-02 |  3.922e-04 |  0.000e+00 | 0.000e+00 |   8.602e-02  |  3.963e+04  |    4.985e+04   
 61.1% | 000096640 |    0.1237891  | 5.696e+04| 5.907e+04|          |  3.741e-02 |  3.918e-04 |  0.000e+00 | 0.000e+00 |   8.421e-02  |  3.944e+04  |    4.983e+04   
 61.5% | 000097280 |    0.1220682  | 5.566e+04| 5.908e+04|          |  3.753e-02 |  3.935e-04 |  0.000e+00 | 0.000e+00 |   8.237e-02  |  3.917e+04  |    4.980e+04   
 61.9% | 000097920 |    0.1202176  | 5.537e+04| 5.906e+04|          |  3.729e-02 |  3.928e-04 |  0.000e+00 | 0.000e+00 |   8.075e-02  |  3.895e+04  |    4.977e+04   
 62.3% | 000098560 |    0.1176175  | 5.499e+04| 5.917e+04|          |  3.656e-02 |  3.920e-04 |  0.000e+00 | 0.000e+00 |   7.889e-02  |  3.897e+04  |    4.975e+04   
 62.8% | 000099200 |    0.1153165  | 5.273e+04| 5.914e+04|          |  3.575e-02 |  3.916e-04 |  0.000e+00 | 0.000e+00 |   7.738e-02  |  3.890e+04  |    4.972e+04   
 63.2% | 000099840 |    0.1131282  | 5.466e+04| 5.901e+04|          |  3.524e-02 |  3.938e-04 |  0.000e+00 | 0.000e+00 |   7.573e-02  |  3.880e+04  |    4.970e+04   
 63.6% | 000100480 |    0.1110306  | 5.274e+04| 5.922e+04|          |  3.496e-02 |  3.959e-04 |  0.000e+00 | 0.000e+00 |   7.389e-02  |  3.867e+04  |    4.967e+04   
 64.0% | 000101120 |    0.1085400  | 5.185e+04| 5.916e+04|          |  3.406e-02 |  3.937e-04 |  0.000e+00 | 0.000e+00 |   7.232e-02  |  3.869e+04  |    4.965e+04   
 64.4% | 000101760 |    0.1068667  | 5.172e+04| 5.915e+04|          |  3.394e-02 |  3.965e-04 |  0.000e+00 | 0.000e+00 |   7.077e-02  |  3.843e+04  |    4.963e+04   
 64.8% | 000102400 |    0.1055419  | 5.291e+04| 5.916e+04|          |  3.415e-02 |  3.926e-04 |  0.000e+00 | 0.000e+00 |   6.923e-02  |  3.803e+04  |    4.960e+04   
 65.2% | 000103040 |    0.1042197  | 5.060e+04| 5.914e+04|          |  3.444e-02 |  3.912e-04 |  0.000e+00 | 0.000e+00 |   6.763e-02  |  3.764e+04  |    4.958e+04   
 65.6% | 000103680 |    0.1024416  | 5.548e+04| 5.904e+04|          |  3.413e-02 |  3.919e-04 |  0.000e+00 | 0.000e+00 |   6.624e-02  |  3.741e+04  |    4.955e+04   
 66.0% | 000104320 |    0.1008667  | 5.506e+04| 5.913e+04|          |  3.423e-02 |  3.920e-04 |  0.000e+00 | 0.000e+00 |   6.457e-02  |  3.711e+04  |    4.953e+04   
 66.4% | 000104960 |    0.1000720  | 5.665e+04| 5.914e+04|          |  3.489e-02 |  3.943e-04 |  0.000e+00 | 0.000e+00 |   6.313e-02  |  3.653e+04  |    4.950e+04   
 66.8% | 000105600 |    0.0988925  | 5.625e+04| 5.915e+04|          |  3.526e-02 |  3.929e-04 |  0.000e+00 | 0.000e+00 |   6.158e-02  |  3.608e+04  |    4.948e+04   
 67.2% | 000106240 |    0.0970580  | 5.378e+04| 5.897e+04|          |  3.472e-02 |  3.919e-04 |  0.000e+00 | 0.000e+00 |   6.028e-02  |  3.588e+04  |    4.945e+04   
 67.6% | 000106880 |    0.0952924  | 5.268e+04| 5.896e+04|          |  3.444e-02 |  3.932e-04 |  0.000e+00 | 0.000e+00 |   5.879e-02  |  3.565e+04  |    4.943e+04   
 68.0% | 000107520 |    0.0942423  | 5.238e+04| 5.890e+04|          |  3.469e-02 |  3.934e-04 |  0.000e+00 | 0.000e+00 |   5.750e-02  |  3.516e+04  |    4.940e+04   
 68.4% | 000108160 |    0.0922793  | 5.354e+04| 5.900e+04|          |  3.437e-02 |  3.926e-04 |  0.000e+00 | 0.000e+00 |   5.591e-02  |  3.501e+04  |    4.938e+04   
 68.8% | 000108800 |    0.0942371  | 5.283e+04| 5.891e+04|          |  3.762e-02 |  3.947e-04 |  0.000e+00 | 0.000e+00 |   5.461e-02  |  3.342e+04  |    4.935e+04   
 69.2% | 000109440 |    0.0901138  | 5.175e+04| 5.890e+04|          |  3.511e-02 |  3.953e-04 |  0.000e+00 | 0.000e+00 |   5.299e-02  |  3.405e+04  |    4.932e+04   
 69.6% | 000110080 |    0.0882960  | 5.195e+04| 5.908e+04|          |  3.478e-02 |  3.909e-04 |  0.000e+00 | 0.000e+00 |   5.153e-02  |  3.385e+04  |    4.929e+04   
 70.0% | 000110720 |    0.0871357  | 4.951e+04| 5.902e+04|          |  3.483e-02 |  3.927e-04 |  0.000e+00 | 0.000e+00 |   5.028e-02  |  3.340e+04  |    4.927e+04   
 70.4% | 000111360 |    0.0852324  | 4.977e+04| 5.904e+04|          |  3.435e-02 |  3.916e-04 |  0.000e+00 | 0.000e+00 |   4.885e-02  |  3.323e+04  |    4.924e+04   
 70.9% | 000112000 |    0.0835500  | 5.459e+04| 5.898e+04|          |  3.401e-02 |  3.919e-04 |  0.000e+00 | 0.000e+00 |   4.761e-02  |  3.298e+04  |    4.921e+04   
 71.3% | 000112640 |    0.0819763  | 5.569e+04| 5.898e+04|          |  3.370e-02 |  3.919e-04 |  0.000e+00 | 0.000e+00 |   4.630e-02  |  3.270e+04  |    4.919e+04   
 71.7% | 000113280 |    0.0809686  | 5.507e+04| 5.893e+04|          |  3.400e-02 |  3.914e-04 |  0.000e+00 | 0.000e+00 |   4.505e-02  |  3.218e+04  |    4.916e+04   
 72.1% | 000113920 |    0.0794392  | 5.125e+04| 5.902e+04|          |  3.374e-02 |  3.919e-04 |  0.000e+00 | 0.000e+00 |   4.373e-02  |  3.188e+04  |    4.914e+04   
 72.5% | 000114560 |    0.0777566  | 5.363e+04| 5.916e+04|          |  3.340e-02 |  3.934e-04 |  0.000e+00 | 0.000e+00 |   4.244e-02  |  3.164e+04  |    4.911e+04   
 72.9% | 000115200 |    0.0763587  | 5.120e+04| 5.902e+04|          |  3.313e-02 |  3.997e-04 |  0.000e+00 | 0.000e+00 |   4.132e-02  |  3.128e+04  |    4.908e+04   
 73.3% | 000115840 |    0.0748993  | 5.075e+04| 5.905e+04|          |  3.297e-02 |  3.928e-04 |  0.000e+00 | 0.000e+00 |   4.001e-02  |  3.096e+04  |    4.906e+04   
 73.7% | 000116480 |    0.0735069  | 4.985e+04| 5.904e+04|          |  3.273e-02 |  3.939e-04 |  0.000e+00 | 0.000e+00 |   3.887e-02  |  3.060e+04  |    4.903e+04   
 74.1% | 000117120 |    0.0718660  | 5.100e+04| 5.916e+04|          |  3.238e-02 |  3.934e-04 |  0.000e+00 | 0.000e+00 |   3.761e-02  |  3.035e+04  |    4.901e+04   
 74.5% | 000117760 |    0.0708082  | 4.805e+04| 5.904e+04|          |  3.227e-02 |  3.931e-04 |  0.000e+00 | 0.000e+00 |   3.662e-02  |  2.986e+04  |    4.898e+04   
 74.9% | 000118400 |    0.0691547  | 4.978e+04| 5.899e+04|          |  3.179e-02 |  3.942e-04 |  0.000e+00 | 0.000e+00 |   3.545e-02  |  2.962e+04  |    4.896e+04   
 75.3% | 000119040 |    0.0677492  | 4.712e+04| 5.898e+04|          |  3.151e-02 |  3.916e-04 |  0.000e+00 | 0.000e+00 |   3.432e-02  |  2.927e+04  |    4.893e+04   
 75.7% | 000119680 |    0.0660808  | 5.609e+04| 5.900e+04|          |  3.100e-02 |  3.921e-04 |  0.000e+00 | 0.000e+00 |   3.330e-02  |  2.904e+04  |    4.891e+04   
 76.1% | 000120320 |    0.0647270  | 5.302e+04| 5.884e+04|          |  3.069e-02 |  3.908e-04 |  0.000e+00 | 0.000e+00 |   3.221e-02  |  2.868e+04  |    4.888e+04   
 76.5% | 000120960 |    0.0636800  | 5.180e+04| 5.859e+04|          |  3.060e-02 |  3.907e-04 |  0.000e+00 | 0.000e+00 |   3.126e-02  |  2.818e+04  |    4.886e+04   
 76.9% | 000121600 |    0.0626064  | 5.129e+04| 5.860e+04|          |  3.049e-02 |  3.914e-04 |  0.000e+00 | 0.000e+00 |   3.029e-02  |  2.769e+04  |    4.883e+04   
 77.3% | 000122240 |    0.0616895  | 4.913e+04| 5.846e+04|          |  3.052e-02 |  3.920e-04 |  0.000e+00 | 0.000e+00 |   2.933e-02  |  2.713e+04  |    4.881e+04   
 77.7% | 000122880 |    0.0607003  | 4.869e+04| 5.836e+04|          |  3.058e-02 |  3.918e-04 |  0.000e+00 | 0.000e+00 |   2.829e-02  |  2.661e+04  |    4.878e+04   
 78.1% | 000123520 |    0.0597754  | 4.773e+04| 5.863e+04|          |  3.081e-02 |  3.924e-04 |  0.000e+00 | 0.000e+00 |   2.714e-02  |  2.605e+04  |    4.876e+04   
 78.5% | 000124160 |    0.0577078  | 5.130e+04| 5.856e+04|          |  2.974e-02 |  3.927e-04 |  0.000e+00 | 0.000e+00 |   2.622e-02  |  2.600e+04  |    4.873e+04   
 78.9% | 000124800 |    0.0575440  | 4.808e+04| 5.856e+04|          |  3.053e-02 |  3.914e-04 |  0.000e+00 | 0.000e+00 |   2.523e-02  |  2.511e+04  |    4.871e+04   
 79.4% | 000125440 |    0.0543847  | 4.603e+04| 5.877e+04|          |  2.837e-02 |  3.917e-04 |  0.000e+00 | 0.000e+00 |   2.421e-02  |  2.557e+04  |    4.868e+04   
 79.8% | 000126080 |    0.0553477  | 4.497e+04| 5.872e+04|          |  3.024e-02 |  3.941e-04 |  0.000e+00 | 0.000e+00 |   2.331e-02  |  2.416e+04  |    4.866e+04   
 80.2% | 000126720 |    0.0542281  | 4.435e+04| 5.852e+04|          |  3.000e-02 |  3.935e-04 |  0.000e+00 | 0.000e+00 |   2.242e-02  |  2.369e+04  |    4.863e+04   
 80.6% | 000127360 |    0.0531727  | 5.490e+04| 5.887e+04|          |  3.006e-02 |  3.925e-04 |  0.000e+00 | 0.000e+00 |   2.143e-02  |  2.319e+04  |    4.861e+04   
 81.0% | 000128000 |    0.0521391  | 5.406e+04| 5.862e+04|          |  2.979e-02 |  3.940e-04 |  0.000e+00 | 0.000e+00 |   2.068e-02  |  2.269e+04  |    4.858e+04   
 81.4% | 000128640 |    0.0509682  | 5.350e+04| 5.888e+04|          |  2.956e-02 |  3.941e-04 |  0.000e+00 | 0.000e+00 |   1.976e-02  |  2.224e+04  |    4.856e+04   
 81.8% | 000129280 |    0.0494657  | 5.097e+04| 5.869e+04|          |  2.884e-02 |  3.931e-04 |  0.000e+00 | 0.000e+00 |   1.895e-02  |  2.194e+04  |    4.853e+04   
 82.2% | 000129920 |    0.0489010  | 5.119e+04| 5.854e+04|          |  2.904e-02 |  3.970e-04 |  0.000e+00 | 0.000e+00 |   1.820e-02  |  2.123e+04  |    4.851e+04   
 82.6% | 000130560 |    0.0480194  | 4.672e+04| 5.845e+04|          |  2.893e-02 |  3.935e-04 |  0.000e+00 | 0.000e+00 |   1.741e-02  |  2.066e+04  |    4.848e+04   
 83.0% | 000131200 |    0.0469944  | 4.644e+04| 5.843e+04|          |  2.870e-02 |  3.924e-04 |  0.000e+00 | 0.000e+00 |   1.661e-02  |  2.015e+04  |    4.846e+04   
 83.4% | 000131840 |    0.0463475  | 4.516e+04| 5.855e+04|          |  2.887e-02 |  3.917e-04 |  0.000e+00 | 0.000e+00 |   1.578e-02  |  1.948e+04  |    4.843e+04   
 83.8% | 000132480 |    0.0449076  | 4.493e+04| 5.878e+04|          |  2.825e-02 |  3.922e-04 |  0.000e+00 | 0.000e+00 |   1.498e-02  |  1.915e+04  |    4.841e+04   
 84.2% | 000133120 |    0.0439411  | 4.582e+04| 5.843e+04|          |  2.794e-02 |  3.921e-04 |  0.000e+00 | 0.000e+00 |   1.437e-02  |  1.862e+04  |    4.839e+04   
 84.6% | 000133760 |    0.0427526  | 4.507e+04| 5.831e+04|          |  2.768e-02 |  3.916e-04 |  0.000e+00 | 0.000e+00 |   1.342e-02  |  1.818e+04  |    4.836e+04   
 85.0% | 000134400 |    0.0421234  | 4.431e+04| 5.823e+04|          |  2.773e-02 |  3.918e-04 |  0.000e+00 | 0.000e+00 |   1.276e-02  |  1.750e+04  |    4.834e+04   
 85.4% | 000135040 |    0.0412189  | 5.166e+04| 5.810e+04|          |  2.750e-02 |  3.911e-04 |  0.000e+00 | 0.000e+00 |   1.209e-02  |  1.695e+04  |    4.831e+04   
 85.8% | 000135680 |    0.0405041  | 5.190e+04| 5.806e+04|          |  2.753e-02 |  3.954e-04 |  0.000e+00 | 0.000e+00 |   1.143e-02  |  1.631e+04  |    4.829e+04   
 86.2% | 000136320 |    0.0390980  | 4.932e+04| 5.868e+04|          |  2.685e-02 |  3.924e-04 |  0.000e+00 | 0.000e+00 |   1.067e-02  |  1.596e+04  |    4.827e+04   
 86.6% | 000136960 |    0.0388269  | 4.934e+04| 5.819e+04|          |  2.707e-02 |  3.969e-04 |  0.000e+00 | 0.000e+00 |   1.023e-02  |  1.515e+04  |    4.824e+04   
 87.0% | 000137600 |    0.0378194  | 4.346e+04| 5.819e+04|          |  2.662e-02 |  3.923e-04 |  0.000e+00 | 0.000e+00 |   9.637e-03  |  1.464e+04  |    4.822e+04   
 87.4% | 000138240 |    0.0371438  | 4.265e+04| 5.794e+04|          |  2.659e-02 |  3.911e-04 |  0.000e+00 | 0.000e+00 |   9.001e-03  |  1.401e+04  |    4.820e+04   
 87.9% | 000138880 |    0.0363933  | 4.215e+04| 5.746e+04|          |  2.634e-02 |  3.915e-04 |  0.000e+00 | 0.000e+00 |   8.502e-03  |  1.340e+04  |    4.817e+04   
 88.3% | 000139520 |    0.0357309  | 4.147e+04| 5.761e+04|          |  2.628e-02 |  3.920e-04 |  0.000e+00 | 0.000e+00 |   7.919e-03  |  1.277e+04  |    4.815e+04   
 88.7% | 000140160 |    0.0349722  | 3.959e+04| 5.804e+04|          |  2.609e-02 |  3.921e-04 |  0.000e+00 | 0.000e+00 |   7.333e-03  |  1.218e+04  |    4.813e+04   
 89.1% | 000140800 |    0.0348910  | 3.860e+04| 5.738e+04|          |  2.648e-02 |  3.930e-04 |  0.000e+00 | 0.000e+00 |   6.757e-03  |  1.136e+04  |    4.810e+04   
 89.5% | 000141440 |    0.0339262  | 3.744e+04| 5.808e+04|          |  2.609e-02 |  3.925e-04 |  0.000e+00 | 0.000e+00 |   6.342e-03  |  1.085e+04  |    4.808e+04   
 89.9% | 000142080 |    0.0330436  | 3.415e+04| 5.778e+04|          |  2.564e-02 |  3.938e-04 |  0.000e+00 | 0.000e+00 |   5.883e-03  |  1.032e+04  |    4.806e+04   
 90.3% | 000142720 |    0.0321357  | 4.484e+04| 5.776e+04|          |  2.527e-02 |  3.920e-04 |  0.000e+00 | 0.000e+00 |   5.455e-03  |  9.794e+03  |    4.804e+04   
 90.7% | 000143360 |    0.0311827  | 4.451e+04| 5.784e+04|          |  2.483e-02 |  3.919e-04 |  0.000e+00 | 0.000e+00 |   4.819e-03  |  9.286e+03  |    4.801e+04   
 91.1% | 000144000 |    0.0304221  | 4.315e+04| 5.761e+04|          |  2.447e-02 |  3.956e-04 |  0.000e+00 | 0.000e+00 |   4.539e-03  |  8.726e+03  |    4.799e+04   
 91.5% | 000144640 |    0.0291987  | 4.442e+04| 5.833e+04|          |  2.374e-02 |  3.916e-04 |  0.000e+00 | 0.000e+00 |   4.082e-03  |  8.301e+03  |    4.797e+04   
 91.9% | 000145280 |    0.0276292  | 3.719e+04| 5.658e+04|          |  2.245e-02 |  3.909e-04 |  0.000e+00 | 0.000e+00 |   3.778e-03  |  7.976e+03  |    4.795e+04   
 92.3% | 000145920 |    0.0268570  | 4.068e+04| 5.719e+04|          |  2.208e-02 |  3.918e-04 |  0.000e+00 | 0.000e+00 |   3.397e-03  |  7.424e+03  |    4.793e+04   
 92.7% | 000146560 |    0.0253154  | 4.157e+04| 5.685e+04|          |  2.093e-02 |  3.918e-04 |  0.000e+00 | 0.000e+00 |   3.050e-03  |  7.090e+03  |    4.791e+04   
 93.1% | 000147200 |    0.0248890  | 3.904e+04| 5.679e+04|          |  2.086e-02 |  3.944e-04 |  0.000e+00 | 0.000e+00 |   2.711e-03  |  6.453e+03  |    4.789e+04   
 93.5% | 000147840 |    0.0245135  | 3.757e+04| 5.796e+04|          |  2.085e-02 |  3.980e-04 |  0.000e+00 | 0.000e+00 |   2.234e-03  |  5.824e+03  |    4.787e+04   
 93.9% | 000148480 |    0.0243149  | 3.135e+04| 5.572e+04|          |  2.093e-02 |  3.928e-04 |  0.000e+00 | 0.000e+00 |   2.031e-03  |  5.182e+03  |    4.785e+04   
 94.3% | 000149120 |    0.0240320  | 3.214e+04| 5.519e+04|          |  2.089e-02 |  3.984e-04 |  0.000e+00 | 0.000e+00 |   1.767e-03  |  4.588e+03  |    4.784e+04   
 94.7% | 000149760 |    0.0238069  | 3.106e+04| 5.171e+04|          |  2.087e-02 |  3.932e-04 |  0.000e+00 | 0.000e+00 |   1.590e-03  |  4.015e+03  |    4.782e+04   
 95.1% | 000150400 |    0.0235575  | 3.647e+04| 5.356e+04|          |  2.086e-02 |  3.935e-04 |  0.000e+00 | 0.000e+00 |   1.337e-03  |  3.479e+03  |    4.780e+04   
 95.5% | 000151040 |    0.0232361  | 4.189e+04| 5.357e+04|          |  2.080e-02 |  3.928e-04 |  0.000e+00 | 0.000e+00 |   1.190e-03  |  2.986e+03  |    4.778e+04   
 96.0% | 000151680 |    0.0228356  | 4.169e+04| 5.245e+04|          |  2.064e-02 |  3.928e-04 |  0.000e+00 | 0.000e+00 |   9.743e-04  |  2.533e+03  |    4.776e+04   
 96.4% | 000152320 |    0.0226388  | 3.683e+04| 4.925e+04|          |  2.060e-02 |  3.933e-04 |  0.000e+00 | 0.000e+00 |   8.131e-04  |  2.092e+03  |    4.774e+04   
 96.8% | 000152960 |    0.0223886  | 3.378e+04| 5.052e+04|          |  2.062e-02 |  3.924e-04 |  0.000e+00 | 0.000e+00 |   4.545e-04  |  1.694e+03  |    4.772e+04   
 97.2% | 000153600 |    0.0222563  | 3.395e+04| 5.042e+04|          |  2.065e-02 |  3.923e-04 |  0.000e+00 | 0.000e+00 |   3.865e-04  |  1.327e+03  |    4.770e+04   
 97.6% | 000154240 |    0.0223297  | 3.971e+04| 4.536e+04|          |  2.074e-02 |  3.920e-04 |  0.000e+00 | 0.000e+00 |   2.613e-04  |  9.938e+02  |    4.769e+04   
 98.0% | 000154880 |    0.0216549  | 3.579e+04| 4.423e+04|          |  2.026e-02 |  3.916e-04 |  0.000e+00 | 0.000e+00 |   2.495e-04  |  7.343e+02  |    4.767e+04   
 98.4% | 000155520 |    0.0214032  | 2.959e+04| 3.583e+04|          |  2.021e-02 |  3.924e-04 |  0.000e+00 | 0.000e+00 |   1.321e-05  |  4.980e+02  |    4.765e+04   
 98.8% | 000156160 |    0.0216745  | 2.598e+04| 3.078e+04|          |  2.041e-02 |  3.914e-04 |  0.000e+00 | 0.000e+00 |   1.989e-05  |  2.983e+02  |    4.763e+04   
 99.2% | 000156800 |    0.0216660  | 2.213e+04| 2.310e+04|          |  2.045e-02 |  3.918e-04 |  0.000e+00 | 0.000e+00 |   2.033e-05  |  1.532e+02  |    4.761e+04   
 99.6% | 000157440 |    0.0207693  | 9.063e+03| 3.566e+01|          |  1.977e-02 |  3.905e-04 |  0.000e+00 | 0.000e+00 |   1.903e-04  |  5.887e+01  |    4.759e+04   
Final Score:    4.7446e+04 GFLOPS 
Residual value = 0.000043388407185 (0x3f06bf7e51afb710)
Residual Check: PASSED 
