Node Binding: Process 6 [(p,q)=(2,1)] GPU: 6, CPU Cores: 10 - {41-59}
Node Binding: Process 7 [(p,q)=(3,1)] GPU: 7, CPU Cores: 10 - {61-79}
Node Binding: Process 3 [(p,q)=(3,0)] GPU: 3, CPU Cores: 10 - {60-78}
Node Binding: Process 1 [(p,q)=(1,0)] GPU: 1, CPU Cores: 10 - {20-38}
Node Binding: Process 4 [(p,q)=(0,1)] GPU: 4, CPU Cores: 10 - {1-19}
Node Binding: Process 5 [(p,q)=(1,1)] GPU: 5, CPU Cores: 10 - {21-39}
Node Binding: Process 0 [(p,q)=(0,0)] GPU: 0, CPU Cores: 10 - {0-18}
Node Binding: Process 2 [(p,q)=(2,0)] GPU: 2, CPU Cores: 10 - {40-58}
Local matrix size       = 46.2245 GiBs
Total device memory use = 48.3673 GiBs
--------------------------------------------------------------------------------------------------------------------------------------------------------------------
   %   | Column    | Step Time (s) ||         DGEMM GFLOPS         || pdfact (s) | pmxswp (s) | Lbcast (s) | laswp (s) | GPU Sync (s) | Step GFLOPS | Overall GFLOPS
       |           |               |  Small   |  First   | Second   |            |            |            |           |              |             |               
--------------------------------------------------------------------------------------------------------------------------------------------------------------------
  0.3% | 000000640 |    0.1671778  |          | 5.885e+04| 5.888e+04|            |            |  4.918e-02 | 2.592e-02 |   9.122e-02  |  3.787e+05  |    2.895e+05   
  0.6% | 000001280 |    0.1764206  | 5.209e+04| 5.919e+04| 5.891e+04|  3.797e-02 |  9.439e-03 |  8.335e-03 | 2.595e-02 |   1.006e-01  |  3.568e+05  |    3.196e+05   
  0.9% | 000001920 |    0.1444237  |          | 5.931e+04| 5.900e+04|            |            |  3.118e-02 | 3.260e-02 |   8.015e-02  |  4.333e+05  |    3.500e+05   
  1.1% | 000002560 |    0.1769582  | 5.205e+04| 5.918e+04| 5.893e+04|  3.916e-02 |  6.596e-03 |  8.278e-03 | 1.528e-02 |   1.112e-01  |  3.516e+05  |    3.504e+05   
  1.4% | 000003200 |    0.1380817  |          | 5.926e+04| 5.893e+04|            |            |  2.782e-02 | 2.040e-02 |   8.938e-02  |  4.480e+05  |    3.662e+05   
  1.7% | 000003840 |    0.1729001  | 5.698e+04| 5.937e+04| 5.900e+04|  3.837e-02 |  1.006e-02 |  8.221e-03 | 1.536e-02 |   1.080e-01  |  3.557e+05  |    3.644e+05   
  2.0% | 000004480 |    0.1388515  |          | 5.924e+04| 5.890e+04|            |            |  3.007e-02 | 2.475e-02 |   8.358e-02  |  4.404e+05  |    3.734e+05   
  2.3% | 000005120 |    0.1731186  | 5.753e+04| 5.938e+04| 5.889e+04|  3.880e-02 |  6.345e-03 |  8.143e-03 | 1.438e-02 |   1.089e-01  |  3.511e+05  |    3.705e+05   
  2.6% | 000005760 |    0.1348117  |          | 5.925e+04| 5.894e+04|            |            |  2.677e-02 | 1.996e-02 |   8.755e-02  |  4.483e+05  |    3.776e+05   
  2.9% | 000006400 |    0.1698953  | 5.708e+04| 5.938e+04| 5.891e+04|  3.816e-02 |  9.743e-03 |  8.112e-03 | 1.504e-02 |   1.057e-01  |  3.536e+05  |    3.752e+05   
  3.2% | 000007040 |    0.1354376  |          | 5.928e+04| 5.897e+04|            |            |  2.881e-02 | 2.393e-02 |   8.225e-02  |  4.409e+05  |    3.802e+05   
  3.4% | 000007680 |    0.1701851  | 5.693e+04| 5.926e+04| 5.892e+04|  3.877e-02 |  6.369e-03 |  8.045e-03 | 1.417e-02 |   1.063e-01  |  3.488e+05  |    3.774e+05   
  3.7% | 000008320 |    0.1313844  |          | 5.925e+04| 5.897e+04|            |            |  2.657e-02 | 1.885e-02 |   8.549e-02  |  4.492e+05  |    3.819e+05   
  4.0% | 000008960 |    0.1669732  | 5.648e+04| 5.942e+04| 5.897e+04|  3.831e-02 |  9.509e-03 |  7.983e-03 | 1.468e-02 |   1.031e-01  |  3.513e+05  |    3.797e+05   
  4.3% | 000009600 |    0.1320602  |          | 5.929e+04| 5.905e+04|            |            |  2.889e-02 | 2.330e-02 |   7.936e-02  |  4.416e+05  |    3.831e+05   
  4.6% | 000010240 |    0.1687945  | 5.646e+04| 5.929e+04| 5.893e+04|  3.998e-02 |  6.424e-03 |  7.998e-03 | 1.417e-02 |   1.037e-01  |  3.434e+05  |    3.805e+05   
  4.9% | 000010880 |    0.1282853  |          | 5.932e+04| 5.911e+04|            |            |  2.770e-02 | 1.864e-02 |   8.145e-02  |  4.491e+05  |    3.838e+05   
  5.2% | 000011520 |    0.1649410  | 5.609e+04| 5.944e+04| 5.889e+04|  3.896e-02 |  1.013e-02 |  7.925e-03 | 1.436e-02 |   1.008e-01  |  3.472e+05  |    3.816e+05   
  5.5% | 000012160 |    0.1290543  |          | 5.929e+04| 5.900e+04|            |            |  3.002e-02 | 2.226e-02 |   7.627e-02  |  4.411e+05  |    3.842e+05   
  5.7% | 000012800 |    0.1660969  | 5.591e+04| 5.917e+04| 5.885e+04|  4.014e-02 |  6.643e-03 |  7.875e-03 | 1.419e-02 |   1.010e-01  |  3.406e+05  |    3.819e+05   
  6.0% | 000013440 |    0.1252367  |          | 5.926e+04| 5.899e+04|            |            |  2.750e-02 | 1.795e-02 |   7.931e-02  |  4.490e+05  |    3.845e+05   
  6.3% | 000014080 |    0.1619421  | 5.555e+04| 5.928e+04| 5.897e+04|  3.883e-02 |  1.001e-02 |  7.818e-03 | 1.398e-02 |   9.840e-02  |  3.451e+05  |    3.826e+05   
  6.6% | 000014720 |    0.1261433  |          | 5.928e+04| 5.901e+04|            |            |  2.947e-02 | 2.204e-02 |   7.420e-02  |  4.404e+05  |    3.847e+05   
  6.9% | 000015360 |    0.1626140  | 5.522e+04| 5.925e+04| 5.888e+04|  3.972e-02 |  6.649e-03 |  7.750e-03 | 1.332e-02 |   9.892e-02  |  3.395e+05  |    3.827e+05   
  7.2% | 000016000 |    0.1222944  |          | 5.924e+04| 5.899e+04|            |            |  2.714e-02 | 1.739e-02 |   7.726e-02  |  4.487e+05  |    3.848e+05   
  7.5% | 000016640 |    0.1583912  | 5.481e+04| 5.930e+04| 5.896e+04|  3.831e-02 |  1.025e-02 |  7.753e-03 | 1.443e-02 |   9.498e-02  |  3.443e+05  |    3.832e+05   
  7.8% | 000017280 |    0.1234253  |          | 5.929e+04| 5.898e+04|            |            |  2.947e-02 | 2.182e-02 |   7.168e-02  |  4.391e+05  |    3.849e+05   
  8.0% | 000017920 |    0.1586056  | 5.458e+04| 5.925e+04| 5.888e+04|  3.862e-02 |  6.415e-03 |  7.683e-03 | 1.297e-02 |   9.642e-02  |  3.396e+05  |    3.832e+05   
  8.3% | 000018560 |    0.1193872  |          | 5.890e+04| 5.897e+04|            |            |  2.643e-02 | 1.667e-02 |   7.578e-02  |  4.483e+05  |    3.849e+05   
  8.6% | 000019200 |    0.1549496  | 5.410e+04| 5.934e+04| 5.898e+04|  3.774e-02 |  9.026e-03 |  7.642e-03 | 1.408e-02 |   9.261e-02  |  3.432e+05  |    3.835e+05   
  8.9% | 000019840 |    0.1201960  |          | 5.926e+04| 5.902e+04|            |            |  2.909e-02 | 2.132e-02 |   6.934e-02  |  4.397e+05  |    3.850e+05   
  9.2% | 000020480 |    0.1570890  | 5.391e+04| 5.892e+04| 5.892e+04|  3.977e-02 |  6.479e-03 |  7.602e-03 | 1.336e-02 |   9.343e-02  |  3.343e+05  |    3.833e+05   
  9.5% | 000021120 |    0.1163554  |          | 5.921e+04| 5.902e+04|            |            |  2.769e-02 | 1.671e-02 |   7.150e-02  |  4.485e+05  |    3.848e+05   
  9.8% | 000021760 |    0.1531683  | 5.333e+04| 5.922e+04| 5.893e+04|  3.860e-02 |  9.982e-03 |  7.463e-03 | 1.410e-02 |   9.011e-02  |  3.386e+05  |    3.835e+05   
 10.1% | 000022400 |    0.1174022  |          | 5.928e+04| 5.902e+04|            |            |  2.955e-02 | 1.969e-02 |   6.771e-02  |  4.389e+05  |    3.847e+05   
 10.3% | 000023040 |    0.1534038  | 5.340e+04| 5.934e+04| 5.898e+04|  3.928e-02 |  6.595e-03 |  7.555e-03 | 1.313e-02 |   9.051e-02  |  3.338e+05  |    3.832e+05   
 10.6% | 000023680 |    0.1143435  |          | 5.928e+04| 5.903e+04|            |            |  2.800e-02 | 1.822e-02 |   6.761e-02  |  4.449e+05  |    3.845e+05   
 10.9% | 000024320 |    0.1510158  | 5.295e+04| 5.937e+04| 5.898e+04|  3.942e-02 |  8.944e-03 |  7.452e-03 | 1.388e-02 |   8.736e-02  |  3.347e+05  |    3.832e+05   
 11.2% | 000024960 |    0.1150543  |          | 5.934e+04| 5.899e+04|            |            |  3.080e-02 | 1.653e-02 |   6.729e-02  |  4.365e+05  |    3.843e+05   
 11.5% | 000025600 |    0.1546168  | 5.320e+04| 5.941e+04| 5.900e+04|  4.322e-02 |  6.655e-03 |  7.388e-03 | 1.282e-02 |   8.824e-02  |  3.227e+05  |    3.826e+05   
 11.8% | 000026240 |    0.1113843  |          | 5.908e+04| 5.900e+04|            |            |  3.021e-02 | 1.373e-02 |   6.693e-02  |  4.451e+05  |    3.838e+05   
 12.1% | 000026880 |    0.1501333  | 5.194e+04| 5.922e+04| 5.899e+04|  4.098e-02 |  1.205e-02 |  7.303e-03 | 1.385e-02 |   8.510e-02  |  3.281e+05  |    3.824e+05   
 12.4% | 000027520 |    0.1122752  |          | 5.911e+04| 5.901e+04|            |            |  3.148e-02 | 1.528e-02 |   6.506e-02  |  4.358e+05  |    3.834e+05   
 12.6% | 000028160 |    0.1487365  | 5.199e+04| 5.906e+04| 5.895e+04|  3.986e-02 |  6.248e-03 |  7.281e-03 | 1.259e-02 |   8.610e-02  |  3.268e+05  |    3.821e+05   
 12.9% | 000028800 |    0.1083145  |          | 5.927e+04| 5.909e+04|            |            |  2.875e-02 | 1.522e-02 |   6.384e-02  |  4.459e+05  |    3.831e+05   
 13.2% | 000029440 |    0.1450810  | 5.192e+04| 5.912e+04| 5.885e+04|  3.869e-02 |  1.012e-02 |  7.223e-03 | 1.311e-02 |   8.317e-02  |  3.307e+05  |    3.820e+05   
 13.5% | 000030080 |    0.1089642  |          | 5.902e+04| 5.895e+04|            |            |  3.076e-02 | 1.470e-02 |   6.305e-02  |  4.374e+05  |    3.829e+05   
 13.8% | 000030720 |    0.1459362  | 5.211e+04| 5.933e+04| 5.878e+04|  3.978e-02 |  6.559e-03 |  7.279e-03 | 1.245e-02 |   8.352e-02  |  3.244e+05  |    3.817e+05   
 14.1% | 000031360 |    0.1057780  |          | 5.949e+04| 5.900e+04|            |            |  2.837e-02 | 1.550e-02 |   6.139e-02  |  4.446e+05  |    3.826e+05   
 14.4% | 000032000 |    0.1418481  | 5.139e+04| 5.952e+04| 5.888e+04|  3.852e-02 |  9.766e-03 |  7.048e-03 | 1.404e-02 |   7.937e-02  |  3.293e+05  |    3.815e+05   
 14.7% | 000032640 |    0.1063390  |          | 5.953e+04| 5.888e+04|            |            |  3.057e-02 | 1.508e-02 |   6.025e-02  |  4.364e+05  |    3.823e+05   
 14.9% | 000033280 |    0.1428358  | 5.169e+04| 5.951e+04| 5.897e+04|  3.993e-02 |  6.476e-03 |  7.071e-03 | 1.234e-02 |   8.062e-02  |  3.227e+05  |    3.812e+05   
 15.2% | 000033920 |    0.1025725  |          | 5.953e+04| 5.902e+04|            |            |  2.800e-02 | 1.499e-02 |   5.912e-02  |  4.463e+05  |    3.821e+05   
 15.5% | 000034560 |    0.1390699  | 5.147e+04| 5.955e+04| 5.902e+04|  3.853e-02 |  1.016e-02 |  7.005e-03 | 1.262e-02 |   7.803e-02  |  3.270e+05  |    3.811e+05   
 15.8% | 000035200 |    0.1032499  |          | 5.953e+04| 5.892e+04|            |            |  3.022e-02 | 1.370e-02 |   5.886e-02  |  4.374e+05  |    3.818e+05   
 16.1% | 000035840 |    0.1396355  | 5.213e+04| 5.955e+04| 5.895e+04|  3.920e-02 |  6.262e-03 |  6.974e-03 | 1.189e-02 |   7.865e-02  |  3.212e+05  |    3.808e+05   
 16.4% | 000036480 |    0.0999829  |          | 5.882e+04| 5.894e+04|            |            |  2.752e-02 | 1.486e-02 |   5.710e-02  |  4.456e+05  |    3.816e+05   
 16.7% | 000037120 |    0.1365035  | 5.693e+04| 5.918e+04| 5.893e+04|  3.836e-02 |  1.019e-02 |  7.019e-03 | 1.226e-02 |   7.606e-02  |  3.241e+05  |    3.806e+05   
 17.0% | 000037760 |    0.1008704  |          | 5.886e+04| 5.887e+04|            |            |  2.912e-02 | 1.558e-02 |   5.569e-02  |  4.356e+05  |    3.813e+05   
 17.2% | 000038400 |    0.1370195  | 5.670e+04| 5.916e+04| 5.895e+04|  3.895e-02 |  6.337e-03 |  6.951e-03 | 1.220e-02 |   7.612e-02  |  3.185e+05  |    3.803e+05   
 17.5% | 000039040 |    0.0983301  |          | 5.871e+04| 5.896e+04|            |            |  2.786e-02 | 1.491e-02 |   5.510e-02  |  4.407e+05  |    3.810e+05   
 17.8% | 000039680 |    0.1336486  | 5.552e+04| 5.913e+04| 5.882e+04|  3.774e-02 |  9.877e-03 |  6.789e-03 | 1.276e-02 |   7.356e-02  |  3.220e+05  |    3.800e+05   
 18.1% | 000040320 |    0.0986755  |          | 5.885e+04| 5.882e+04|            |            |  2.918e-02 | 1.526e-02 |   5.381e-02  |  4.331e+05  |    3.806e+05   
 18.4% | 000040960 |    0.1339836  | 5.553e+04| 5.916e+04| 5.886e+04|  3.841e-02 |  6.192e-03 |  6.878e-03 | 1.163e-02 |   7.427e-02  |  3.167e+05  |    3.797e+05   
 18.7% | 000041600 |    0.0953964  |          | 5.885e+04| 5.884e+04|            |            |  2.690e-02 | 1.526e-02 |   5.277e-02  |  4.417e+05  |    3.803e+05   
 19.0% | 000042240 |    0.1311064  | 5.463e+04| 5.880e+04| 5.877e+04|  3.747e-02 |  9.355e-03 |  6.771e-03 | 1.241e-02 |   7.166e-02  |  3.191e+05  |    3.794e+05   
 19.3% | 000042880 |    0.0954700  |          | 5.873e+04| 5.881e+04|            |            |  2.854e-02 | 1.436e-02 |   5.208e-02  |  4.352e+05  |    3.800e+05   
 19.5% | 000043520 |    0.1320732  | 5.482e+04| 5.915e+04| 5.880e+04|  3.897e-02 |  6.409e-03 |  6.709e-03 | 1.261e-02 |   7.098e-02  |  3.123e+05  |    3.791e+05   
 19.8% | 000044160 |    0.0932961  |          | 5.858e+04| 5.874e+04|            |            |  2.826e-02 | 1.251e-02 |   5.199e-02  |  4.390e+05  |    3.797e+05   
 20.1% | 000044800 |    0.1287358  | 5.417e+04| 5.904e+04| 5.876e+04|  3.775e-02 |  9.927e-03 |  6.766e-03 | 1.245e-02 |   6.900e-02  |  3.159e+05  |    3.788e+05   
 20.4% | 000045440 |    0.0933953  |          | 5.873e+04| 5.881e+04|            |            |  2.915e-02 | 1.298e-02 |   5.078e-02  |  4.323e+05  |    3.793e+05   
 20.7% | 000046080 |    0.1293583  | 5.410e+04| 5.913e+04| 5.867e+04|  3.874e-02 |  6.385e-03 |  6.662e-03 | 1.151e-02 |   6.964e-02  |  3.099e+05  |    3.784e+05   
 21.0% | 000046720 |    0.0904247  |          | 5.858e+04| 5.880e+04|            |            |  2.716e-02 | 1.301e-02 |   4.977e-02  |  4.401e+05  |    3.790e+05   
 21.3% | 000047360 |    0.1258228  | 5.378e+04| 5.898e+04| 5.874e+04|  3.737e-02 |  9.738e-03 |  6.548e-03 | 1.201e-02 |   6.710e-02  |  3.140e+05  |    3.781e+05   
 21.6% | 000048000 |    0.0906745  |          | 5.872e+04| 5.889e+04|            |            |  2.840e-02 | 1.362e-02 |   4.821e-02  |  4.325e+05  |    3.786e+05   
 21.8% | 000048640 |    0.1261769  | 5.373e+04| 5.882e+04| 5.887e+04|  3.807e-02 |  6.197e-03 |  6.474e-03 | 1.186e-02 |   6.699e-02  |  3.085e+05  |    3.778e+05   
 22.1% | 000049280 |    0.0878563  |          | 5.861e+04| 5.891e+04|            |            |  2.664e-02 | 1.312e-02 |   4.765e-02  |  4.399e+05  |    3.783e+05   
 22.4% | 000049920 |    0.1229632  | 5.323e+04| 5.905e+04| 5.877e+04|  3.713e-02 |  9.688e-03 |  6.512e-03 | 1.218e-02 |   6.434e-02  |  3.120e+05  |    3.775e+05   
 22.7% | 000050560 |    0.0884203  |          | 5.869e+04| 5.877e+04|            |            |  2.820e-02 | 1.365e-02 |   4.614e-02  |  4.307e+05  |    3.780e+05   
 23.0% | 000051200 |    0.1237960  | 5.335e+04| 5.881e+04| 5.880e+04|  3.798e-02 |  6.163e-03 |  6.431e-03 | 1.161e-02 |   6.499e-02  |  3.053e+05  |    3.771e+05   
 23.3% | 000051840 |    0.0853148  |          | 5.866e+04| 5.891e+04|            |            |  2.666e-02 | 1.229e-02 |   4.587e-02  |  4.397e+05  |    3.776e+05   
 23.6% | 000052480 |    0.1206291  | 5.267e+04| 5.925e+04| 5.873e+04|  3.702e-02 |  9.667e-03 |  6.296e-03 | 1.224e-02 |   6.230e-02  |  3.087e+05  |    3.768e+05   
 23.9% | 000053120 |    0.0859035  |          | 5.860e+04| 5.874e+04|            |            |  2.838e-02 | 1.207e-02 |   4.501e-02  |  4.302e+05  |    3.773e+05   
 24.1% | 000053760 |    0.1212104  | 5.276e+04| 5.904e+04| 5.878e+04|  3.785e-02 |  6.369e-03 |  6.329e-03 | 1.094e-02 |   6.330e-02  |  3.026e+05  |    3.764e+05   
 24.4% | 000054400 |    0.0831030  |          | 5.843e+04| 5.895e+04|            |            |  2.652e-02 | 1.213e-02 |   4.395e-02  |  4.380e+05  |    3.769e+05   
 24.7% | 000055040 |    0.1179364  | 5.200e+04| 5.891e+04| 5.881e+04|  3.672e-02 |  9.513e-03 |  6.365e-03 | 1.196e-02 |   6.010e-02  |  3.063e+05  |    3.762e+05   
 25.0% | 000055680 |    0.0840377  |          | 5.850e+04| 5.875e+04|            |            |  2.777e-02 | 1.357e-02 |   4.223e-02  |  4.266e+05  |    3.765e+05   
 25.3% | 000056320 |    0.1186444  | 5.205e+04| 5.885e+04| 5.879e+04|  3.764e-02 |  6.251e-03 |  6.228e-03 | 1.078e-02 |   6.122e-02  |  2.999e+05  |    3.757e+05   
 25.6% | 000056960 |    0.0807635  |          | 5.861e+04| 5.875e+04|            |            |  2.648e-02 | 1.152e-02 |   4.227e-02  |  4.371e+05  |    3.762e+05   
 25.9% | 000057600 |    0.1158374  | 5.136e+04| 5.906e+04| 5.867e+04|  3.677e-02 |  9.513e-03 |  6.180e-03 | 1.165e-02 |   5.847e-02  |  3.024e+05  |    3.754e+05   
 26.1% | 000058240 |    0.0813298  |          | 5.850e+04| 5.883e+04|            |            |  2.740e-02 | 1.266e-02 |   4.082e-02  |  4.274e+05  |    3.758e+05   
 26.4% | 000058880 |    0.1163111  | 5.124e+04| 5.859e+04| 5.866e+04|  3.757e-02 |  6.503e-03 |  6.167e-03 | 1.089e-02 |   5.891e-02  |  2.966e+05  |    3.750e+05   
 26.7% | 000059520 |    0.0783131  |          | 5.853e+04| 5.917e+04|            |            |  2.575e-02 | 1.280e-02 |   3.922e-02  |  4.370e+05  |    3.754e+05   
 27.0% | 000060160 |    0.1126212  | 5.042e+04| 5.854e+04| 5.907e+04|  3.638e-02 |  9.441e-03 |  5.977e-03 | 1.232e-02 |   5.518e-02  |  3.015e+05  |    3.747e+05   
 27.3% | 000060800 |    0.0790961  |          | 5.854e+04| 5.911e+04|            |            |  2.793e-02 | 1.176e-02 |   3.896e-02  |  4.260e+05  |    3.751e+05   
 27.6% | 000061440 |    0.1134550  | 5.056e+04| 5.844e+04| 5.900e+04|  3.723e-02 |  6.299e-03 |  5.992e-03 | 1.043e-02 |   5.702e-02  |  2.946e+05  |    3.743e+05   
 27.9% | 000062080 |    0.0756210  |          | 5.861e+04| 5.917e+04|            |            |  2.594e-02 | 1.129e-02 |   3.794e-02  |  4.385e+05  |    3.747e+05   
 28.2% | 000062720 |    0.1103379  | 4.982e+04| 5.850e+04| 5.890e+04|  3.611e-02 |  9.317e-03 |  5.939e-03 | 1.151e-02 |   5.402e-02  |  2.982e+05  |    3.740e+05   
 28.4% | 000063360 |    0.0767778  |          | 5.857e+04| 5.912e+04|            |            |  2.767e-02 | 1.122e-02 |   3.743e-02  |  4.251e+05  |    3.743e+05   
 28.7% | 000064000 |    0.1108029  | 4.981e+04| 5.849e+04| 5.904e+04|  3.688e-02 |  6.292e-03 |  5.902e-03 | 1.004e-02 |   5.523e-02  |  2.922e+05  |    3.736e+05   
 29.0% | 000064640 |    0.0734795  |          | 5.854e+04| 5.909e+04|            |            |  2.568e-02 | 1.061e-02 |   3.665e-02  |  4.371e+05  |    3.740e+05   
 29.3% | 000065280 |    0.1078339  | 4.910e+04| 5.851e+04| 5.897e+04|  3.592e-02 |  9.370e-03 |  5.792e-03 | 1.071e-02 |   5.264e-02  |  2.954e+05  |    3.733e+05   
 29.6% | 000065920 |    0.0741684  |          | 5.856e+04| 5.912e+04|            |            |  2.723e-02 | 1.112e-02 |   3.537e-02  |  4.260e+05  |    3.736e+05   
 29.9% | 000066560 |    0.1083435  | 4.910e+04| 5.833e+04| 5.899e+04|  3.658e-02 |  6.325e-03 |  5.809e-03 | 1.044e-02 |   5.268e-02  |  2.893e+05  |    3.729e+05   
 30.2% | 000067200 |    0.0715103  |          | 5.856e+04| 5.911e+04|            |            |  2.542e-02 | 1.089e-02 |   3.473e-02  |  4.347e+05  |    3.733e+05   
 30.5% | 000067840 |    0.1050093  | 5.612e+04| 5.852e+04| 5.898e+04|  3.542e-02 |  9.326e-03 |  5.740e-03 | 1.092e-02 |   5.017e-02  |  2.936e+05  |    3.726e+05   
 30.7% | 000068480 |    0.0722379  |          | 5.854e+04| 5.906e+04|            |            |  2.683e-02 | 1.109e-02 |   3.388e-02  |  4.233e+05  |    3.729e+05   
 31.0% | 000069120 |    0.1053814  | 5.605e+04| 5.846e+04| 5.901e+04|  3.588e-02 |  6.204e-03 |  5.676e-03 | 1.012e-02 |   5.098e-02  |  2.878e+05  |    3.722e+05   
 31.3% | 000069760 |    0.0689093  |          | 5.856e+04| 5.906e+04|            |            |  2.490e-02 | 1.047e-02 |   3.304e-02  |  4.364e+05  |    3.725e+05   
 31.6% | 000070400 |    0.1024136  | 5.566e+04| 5.850e+04| 5.896e+04|  3.497e-02 |  9.168e-03 |  5.661e-03 | 1.090e-02 |   4.809e-02  |  2.912e+05  |    3.719e+05   
 31.9% | 000071040 |    0.0700569  |          | 5.858e+04| 5.905e+04|            |            |  2.652e-02 | 1.105e-02 |   3.205e-02  |  4.221e+05  |    3.722e+05   
 32.2% | 000071680 |    0.1028863  | 5.582e+04| 5.849e+04| 5.903e+04|  3.559e-02 |  6.182e-03 |  5.651e-03 | 1.016e-02 |   4.875e-02  |  2.850e+05  |    3.715e+05   
 32.5% | 000072320 |    0.0669923  |          | 5.853e+04| 5.896e+04|            |            |  2.487e-02 | 1.026e-02 |   3.138e-02  |  4.340e+05  |    3.718e+05   
 32.8% | 000072960 |    0.1001222  | 5.510e+04| 5.848e+04| 5.885e+04|  3.475e-02 |  8.883e-03 |  5.513e-03 | 1.056e-02 |   4.662e-02  |  2.880e+05  |    3.712e+05   
 33.0% | 000073600 |    0.0675164  |          | 5.858e+04| 5.905e+04|            |            |  2.605e-02 | 1.063e-02 |   3.040e-02  |  4.234e+05  |    3.715e+05   
 33.3% | 000074240 |    0.1008471  | 5.495e+04| 5.852e+04| 5.895e+04|  3.552e-02 |  6.106e-03 |  5.525e-03 | 9.679e-03 |   4.737e-02  |  2.810e+05  |    3.708e+05   
 33.6% | 000074880 |    0.0651363  |          | 5.853e+04| 5.917e+04|            |            |  2.444e-02 | 1.070e-02 |   2.951e-02  |  4.314e+05  |    3.711e+05   
 33.9% | 000075520 |    0.0979051  | 5.437e+04| 5.849e+04| 5.887e+04|  3.452e-02 |  8.893e-03 |  5.488e-03 | 1.040e-02 |   4.480e-02  |  2.845e+05  |    3.705e+05   
 34.2% | 000076160 |    0.0654347  |          | 5.854e+04| 5.907e+04|            |            |  2.586e-02 | 1.010e-02 |   2.901e-02  |  4.220e+05  |    3.707e+05   
 34.5% | 000076800 |    0.0986427  | 5.428e+04| 5.852e+04| 5.887e+04|  3.544e-02 |  6.102e-03 |  5.460e-03 | 9.538e-03 |   4.553e-02  |  2.775e+05  |    3.701e+05   
 34.8% | 000077440 |    0.0631120  |          | 5.855e+04| 5.898e+04|            |            |  2.433e-02 | 1.045e-02 |   2.783e-02  |  4.300e+05  |    3.704e+05   
 35.1% | 000078080 |    0.0957141  | 5.203e+04| 5.853e+04| 5.894e+04|  3.443e-02 |  8.849e-03 |  5.314e-03 | 1.027e-02 |   4.299e-02  |  2.810e+05  |    3.698e+05   
 35.3% | 000078720 |    0.0636280  |          | 5.858e+04| 5.897e+04|            |            |  2.591e-02 | 9.648e-03 |   2.763e-02  |  4.190e+05  |    3.700e+05   
 35.6% | 000079360 |    0.0969163  | 5.185e+04| 5.855e+04| 5.824e+04|  3.543e-02 |  6.200e-03 |  5.320e-03 | 9.421e-03 |   4.404e-02  |  2.726e+05  |    3.693e+05   
 35.9% | 000080000 |    0.0616459  |          | 5.851e+04| 5.824e+04|            |            |  2.403e-02 | 1.023e-02 |   2.687e-02  |  4.248e+05  |    3.696e+05   
 36.2% | 000080640 |    0.0941658  | 4.865e+04| 5.851e+04| 5.819e+04|  3.448e-02 |  8.853e-03 |  5.247e-03 | 1.025e-02 |   4.145e-02  |  2.756e+05  |    3.690e+05   
 36.5% | 000081280 |    0.0623873  |          | 5.863e+04| 5.839e+04|            |            |  2.566e-02 | 1.044e-02 |   2.584e-02  |  4.123e+05  |    3.692e+05   
 36.8% | 000081920 |    0.0948745  | 5.142e+04| 5.852e+04| 5.811e+04|  3.543e-02 |  6.016e-03 |  5.276e-03 | 9.569e-03 |   4.184e-02  |  2.687e+05  |    3.685e+05   
 37.1% | 000082560 |    0.0604680  |          | 5.865e+04| 5.826e+04|            |            |  2.489e-02 | 9.700e-03 |   2.540e-02  |  4.177e+05  |    3.687e+05   
 37.4% | 000083200 |    0.0923903  | 5.054e+04| 5.852e+04| 5.819e+04|  3.466e-02 |  8.884e-03 |  5.203e-03 | 1.001e-02 |   3.978e-02  |  2.709e+05  |    3.681e+05   
 37.6% | 000083840 |    0.0603920  |          | 5.848e+04| 5.840e+04|            |            |  2.537e-02 | 9.962e-03 |   2.462e-02  |  4.107e+05  |    3.683e+05   
 37.9% | 000084480 |    0.0933430  | 4.491e+04| 5.846e+04| 5.821e+04|  3.573e-02 |  6.271e-03 |  5.148e-03 | 9.279e-03 |   4.040e-02  |  2.633e+05  |    3.676e+05   
 38.2% | 000085120 |    0.0585180  |          | 5.844e+04| 5.844e+04|            |            |  2.463e-02 | 9.632e-03 |   2.378e-02  |  4.161e+05  |    3.678e+05   
 38.5% | 000085760 |    0.0900893  | 5.123e+04| 5.851e+04| 5.827e+04|  3.444e-02 |  9.357e-03 |  5.085e-03 | 1.006e-02 |   3.777e-02  |  2.678e+05  |    3.672e+05   
 38.8% | 000086400 |    0.0592091  |          | 5.859e+04| 5.850e+04|            |            |  2.579e-02 | 9.804e-03 |   2.318e-02  |  4.036e+05  |    3.674e+05   
 39.1% | 000087040 |    0.0903250  | 5.112e+04| 5.851e+04| 5.824e+04|  3.481e-02 |  6.298e-03 |  5.103e-03 | 8.874e-03 |   3.885e-02  |  2.621e+05  |    3.668e+05   
 39.4% | 000087680 |    0.0562802  |          | 5.850e+04| 5.808e+04|            |            |  2.399e-02 | 9.200e-03 |   2.261e-02  |  4.167e+05  |    3.669e+05   
 39.7% | 000088320 |    0.0878952  | 4.803e+04| 5.846e+04| 5.805e+04|  3.397e-02 |  8.676e-03 |  4.954e-03 | 9.401e-03 |   3.678e-02  |  2.643e+05  |    3.664e+05   
 39.9% | 000088960 |    0.0565599  |          | 5.863e+04| 5.834e+04|            |            |  2.489e-02 | 9.274e-03 |   2.192e-02  |  4.068e+05  |    3.665e+05   
 40.2% | 000089600 |    0.0887132  | 4.643e+04| 5.853e+04| 5.818e+04|  3.508e-02 |  6.165e-03 |  4.977e-03 | 8.652e-03 |   3.727e-02  |  2.569e+05  |    3.659e+05   
 40.5% | 000090240 |    0.0545449  |          | 5.862e+04| 5.823e+04|            |            |  2.406e-02 | 8.737e-03 |   2.127e-02  |  4.139e+05  |    3.661e+05   
 40.8% | 000090880 |    0.0857011  | 4.773e+04| 5.850e+04| 5.806e+04|  3.378e-02 |  9.069e-03 |  4.853e-03 | 9.349e-03 |   3.504e-02  |  2.609e+05  |    3.655e+05   
 41.1% | 000091520 |    0.0550847  |          | 5.840e+04| 5.853e+04|            |            |  2.514e-02 | 9.298e-03 |   2.020e-02  |  4.019e+05  |    3.656e+05   
 41.4% | 000092160 |    0.0849675  | 4.502e+04| 5.849e+04| 5.798e+04|  3.313e-02 |  6.544e-03 |  4.834e-03 | 8.815e-03 |   3.543e-02  |  2.580e+05  |    3.651e+05   
 41.7% | 000092800 |    0.0521548  |          | 5.826e+04| 5.829e+04|            |            |  2.318e-02 | 8.760e-03 |   1.975e-02  |  4.163e+05  |    3.652e+05   
 42.0% | 000093440 |    0.0827689  | 4.370e+04| 5.847e+04| 5.864e+04|  3.290e-02 |  7.525e-03 |  4.684e-03 | 9.335e-03 |   3.298e-02  |  2.597e+05  |    3.647e+05   
 42.2% | 000094080 |    0.0533124  |          | 5.844e+04| 5.871e+04|            |            |  2.493e-02 | 9.061e-03 |   1.887e-02  |  3.993e+05  |    3.648e+05   
 42.5% | 000094720 |    0.0846503  | 4.440e+04| 5.844e+04| 5.867e+04|  3.492e-02 |  6.096e-03 |  4.757e-03 | 8.660e-03 |   3.361e-02  |  2.490e+05  |    3.642e+05   
 42.8% | 000095360 |    0.0519804  |          | 5.842e+04| 5.882e+04|            |            |  2.485e-02 | 8.743e-03 |   1.791e-02  |  4.014e+05  |    3.643e+05   
 43.1% | 000096000 |    0.0821722  | 4.378e+04| 5.836e+04| 5.851e+04|  3.390e-02 |  8.718e-03 |  4.610e-03 | 9.308e-03 |   3.160e-02  |  2.514e+05  |    3.638e+05   
 43.4% | 000096640 |    0.0518069  |          | 5.845e+04| 5.873e+04|            |            |  2.534e-02 | 8.500e-03 |   1.752e-02  |  3.947e+05  |    3.639e+05   
 43.7% | 000097280 |    0.0826945  | 4.412e+04| 5.843e+04| 5.846e+04|  3.466e-02 |  5.922e-03 |  4.677e-03 | 8.265e-03 |   3.241e-02  |  2.448e+05  |    3.633e+05   
 44.0% | 000097920 |    0.0499843  |          | 5.828e+04| 5.879e+04|            |            |  2.458e-02 | 8.199e-03 |   1.673e-02  |  4.009e+05  |    3.634e+05   
 44.3% | 000098560 |    0.0801640  | 5.486e+04| 5.843e+04| 5.868e+04|  3.395e-02 |  8.709e-03 |  4.472e-03 | 9.088e-03 |   3.003e-02  |  2.474e+05  |    3.628e+05   
 44.5% | 000099200 |    0.0502597  |          | 5.847e+04| 5.879e+04|            |            |  2.533e-02 | 8.158e-03 |   1.631e-02  |  3.906e+05  |    3.629e+05   
 44.8% | 000099840 |    0.0811892  | 5.482e+04| 5.845e+04| 5.851e+04|  3.500e-02 |  6.047e-03 |  4.520e-03 | 7.875e-03 |   3.118e-02  |  2.393e+05  |    3.623e+05   
 45.1% | 000100480 |    0.0481999  |          | 5.842e+04| 5.890e+04|            |            |  2.437e-02 | 7.748e-03 |   1.560e-02  |  3.989e+05  |    3.624e+05   
 45.4% | 000101120 |    0.0784489  | 5.391e+04| 5.843e+04| 5.846e+04|  3.391e-02 |  8.872e-03 |  4.449e-03 | 8.808e-03 |   2.857e-02  |  2.425e+05  |    3.619e+05   
 45.7% | 000101760 |    0.0489691  |          | 5.842e+04| 5.853e+04|            |            |  2.516e-02 | 8.122e-03 |   1.515e-02  |  3.845e+05  |    3.619e+05   
 46.0% | 000102400 |    0.0790031  | 5.452e+04| 5.846e+04| 5.849e+04|  3.471e-02 |  6.053e-03 |  4.436e-03 | 8.213e-03 |   2.909e-02  |  2.358e+05  |    3.613e+05   
 46.3% | 000103040 |    0.0469903  |          | 5.843e+04| 5.870e+04|            |            |  2.417e-02 | 7.870e-03 |   1.444e-02  |  3.923e+05  |    3.614e+05   
 46.6% | 000103680 |    0.0764873  | 5.270e+04| 5.842e+04| 5.823e+04|  3.369e-02 |  8.566e-03 |  4.415e-03 | 8.821e-03 |   2.697e-02  |  2.384e+05  |    3.609e+05   
 46.8% | 000104320 |    0.0470318  |          | 5.844e+04| 5.843e+04|            |            |  2.505e-02 | 7.650e-03 |   1.388e-02  |  3.836e+05  |    3.609e+05   
 47.1% | 000104960 |    0.0771302  | 5.325e+04| 5.842e+04| 5.850e+04|  3.443e-02 |  6.068e-03 |  4.420e-03 | 8.023e-03 |   2.772e-02  |  2.314e+05  |    3.604e+05   
 47.4% | 000105600 |    0.0454073  |          | 5.840e+04| 5.860e+04|            |            |  2.408e-02 | 7.501e-03 |   1.335e-02  |  3.888e+05  |    3.604e+05   
 47.7% | 000106240 |    0.0745965  | 4.844e+04| 5.808e+04| 5.800e+04|  3.320e-02 |  8.783e-03 |  4.207e-03 | 8.764e-03 |   2.579e-02  |  2.341e+05  |    3.599e+05   
 48.0% | 000106880 |    0.0451113  |          | 5.857e+04| 5.850e+04|            |            |  2.423e-02 | 7.710e-03 |   1.272e-02  |  3.829e+05  |    3.600e+05   
 48.3% | 000107520 |    0.0746556  | 5.151e+04| 5.808e+04| 5.857e+04|  3.366e-02 |  5.977e-03 |  4.315e-03 | 7.688e-03 |   2.634e-02  |  2.288e+05  |    3.594e+05   
 48.6% | 000108160 |    0.0429939  |          | 5.818e+04| 5.875e+04|            |            |  2.329e-02 | 7.852e-03 |   1.138e-02  |  3.929e+05  |    3.595e+05   
 48.9% | 000108800 |    0.0720765  | 5.076e+04| 5.819e+04| 5.852e+04|  3.268e-02 |  8.276e-03 |  4.096e-03 | 9.458e-03 |   2.319e-02  |  2.318e+05  |    3.590e+05   
 49.1% | 000109440 |    0.0440993  |          | 5.813e+04| 5.873e+04|            |            |  2.472e-02 | 7.735e-03 |   1.121e-02  |  3.746e+05  |    3.590e+05   
 49.4% | 000110080 |    0.0732445  | 5.097e+04| 5.838e+04| 5.810e+04|  3.402e-02 |  6.044e-03 |  4.144e-03 | 7.854e-03 |   2.462e-02  |  2.230e+05  |    3.585e+05   
 49.7% | 000110720 |    0.0423198  |          | 5.852e+04| 5.824e+04|            |            |  2.377e-02 | 7.268e-03 |   1.082e-02  |  3.816e+05  |    3.585e+05   
 50.0% | 000111360 |    0.0708592  | 4.799e+04| 5.823e+04| 5.804e+04|  3.295e-02 |  8.261e-03 |  4.073e-03 | 8.552e-03 |   2.265e-02  |  2.253e+05  |    3.580e+05   
 50.3% | 000112000 |    0.0425920  |          | 5.854e+04| 5.865e+04|            |            |  2.468e-02 | 7.176e-03 |   1.029e-02  |  3.705e+05  |    3.580e+05   
 50.6% | 000112640 |    0.0715180  | 4.916e+04| 5.835e+04| 5.786e+04|  3.386e-02 |  6.016e-03 |  4.095e-03 | 7.642e-03 |   2.337e-02  |  2.181e+05  |    3.575e+05   
 50.9% | 000113280 |    0.0409246  |          | 5.837e+04| 5.839e+04|            |            |  2.383e-02 | 6.813e-03 |   9.784e-03  |  3.768e+05  |    3.575e+05   
 51.1% | 000113920 |    0.0690463  | 4.651e+04| 5.836e+04| 5.781e+04|  3.271e-02 |  8.194e-03 |  4.039e-03 | 7.936e-03 |   2.173e-02  |  2.207e+05  |    3.570e+05   
 51.4% | 000114560 |    0.0410050  |          | 5.847e+04| 5.816e+04|            |            |  2.442e-02 | 6.881e-03 |   9.249e-03  |  3.673e+05  |    3.570e+05   
 51.7% | 000115200 |    0.0697040  | 4.674e+04| 5.836e+04| 5.828e+04|  3.349e-02 |  5.943e-03 |  3.933e-03 | 7.191e-03 |   2.238e-02  |  2.136e+05  |    3.565e+05   
 52.0% | 000115840 |    0.0395190  |          | 5.813e+04| 5.817e+04|            |            |  2.369e-02 | 6.734e-03 |   8.622e-03  |  3.722e+05  |    3.565e+05   
 52.3% | 000116480 |    0.0674836  | 4.502e+04| 5.825e+04| 5.797e+04|  3.266e-02 |  8.287e-03 |  3.869e-03 | 7.876e-03 |   2.044e-02  |  2.154e+05  |    3.560e+05   
 52.6% | 000117120 |    0.0397120  |          | 5.854e+04| 5.816e+04|            |            |  2.424e-02 | 6.721e-03 |   8.296e-03  |  3.616e+05  |    3.560e+05   
 52.9% | 000117760 |    0.0685169  | 4.560e+04| 5.803e+04| 5.803e+04|  3.376e-02 |  5.935e-03 |  3.847e-03 | 7.021e-03 |   2.122e-02  |  2.071e+05  |    3.554e+05   
 53.2% | 000118400 |    0.0384416  |          | 5.840e+04| 5.797e+04|            |            |  2.364e-02 | 6.749e-03 |   7.555e-03  |  3.646e+05  |    3.555e+05   
 53.4% | 000119040 |    0.0657105  | 4.525e+04| 5.832e+04| 5.806e+04|  3.254e-02 |  8.506e-03 |  3.729e-03 | 8.099e-03 |   1.873e-02  |  2.107e+05  |    3.550e+05   
 53.7% | 000119680 |    0.0386309  |          | 5.831e+04| 5.748e+04|            |            |  2.439e-02 | 6.497e-03 |   7.290e-03  |  3.540e+05  |    3.549e+05   
 54.0% | 000120320 |    0.0662427  | 4.480e+04| 5.830e+04| 5.818e+04|  3.303e-02 |  5.896e-03 |  3.764e-03 | 6.940e-03 |   1.988e-02  |  2.039e+05  |    3.544e+05   
 54.3% | 000120960 |    0.0368887  |          | 5.834e+04| 5.781e+04|            |            |  2.322e-02 | 6.443e-03 |   6.740e-03  |  3.616e+05  |    3.544e+05   
 54.6% | 000121600 |    0.0637665  | 4.544e+04| 5.820e+04| 5.806e+04|  3.193e-02 |  8.123e-03 |  3.624e-03 | 8.005e-03 |   1.760e-02  |  2.066e+05  |    3.539e+05   
 54.9% | 000122240 |    0.0369952  |          | 5.842e+04| 5.788e+04|            |            |  2.373e-02 | 6.525e-03 |   6.302e-03  |  3.515e+05  |    3.539e+05   
 55.2% | 000122880 |    0.0646594  | 4.705e+04| 5.834e+04| 5.811e+04|  3.300e-02 |  6.048e-03 |  3.543e-03 | 6.914e-03 |   1.869e-02  |  1.986e+05  |    3.534e+05   
 55.5% | 000123520 |    0.0356830  |          | 5.839e+04| 5.762e+04|            |            |  2.313e-02 | 6.230e-03 |   5.868e-03  |  3.553e+05  |    3.534e+05   
 55.7% | 000124160 |    0.0621797  | 4.590e+04| 5.818e+04| 5.802e+04|  3.176e-02 |  7.893e-03 |  3.506e-03 | 7.425e-03 |   1.692e-02  |  2.013e+05  |    3.529e+05   
 56.0% | 000124800 |    0.0359466  |          | 5.820e+04| 5.765e+04|            |            |  2.391e-02 | 6.297e-03 |   5.295e-03  |  3.437e+05  |    3.529e+05   
 56.3% | 000125440 |    0.0628188  | 4.601e+04| 5.781e+04| 5.916e+04|  3.245e-02 |  5.942e-03 |  3.499e-03 | 6.471e-03 |   1.780e-02  |  1.941e+05  |    3.524e+05   
 56.6% | 000126080 |    0.0343746  |          | 5.815e+04| 5.882e+04|            |            |  2.299e-02 | 6.187e-03 |   4.721e-03  |  3.501e+05  |    3.524e+05   
 56.9% | 000126720 |    0.0605129  | 4.345e+04| 5.789e+04| 5.872e+04|  3.146e-02 |  7.684e-03 |  3.413e-03 | 7.256e-03 |   1.561e-02  |  1.962e+05  |    3.519e+05   
 57.2% | 000127360 |    0.0343008  |          | 5.851e+04| 5.832e+04|            |            |  2.335e-02 | 6.142e-03 |   4.363e-03  |  3.416e+05  |    3.518e+05   
 57.5% | 000128000 |    0.0609338  | 4.304e+04| 5.816e+04| 5.919e+04|  3.210e-02 |  5.854e-03 |  3.372e-03 | 6.094e-03 |   1.675e-02  |  1.897e+05  |    3.513e+05   
 57.8% | 000128640 |    0.0331171  |          | 5.805e+04| 5.873e+04|            |            |  2.291e-02 | 5.849e-03 |   3.898e-03  |  3.444e+05  |    3.513e+05   
 58.0% | 000129280 |    0.0587225  | 5.347e+04| 5.822e+04| 5.906e+04|  3.126e-02 |  7.869e-03 |  3.283e-03 | 7.134e-03 |   1.455e-02  |  1.916e+05  |    3.508e+05   
 58.3% | 000129920 |    0.0332115  |          | 5.826e+04| 5.836e+04|            |            |  2.336e-02 | 5.852e-03 |   3.564e-03  |  3.342e+05  |    3.508e+05   
 58.6% | 000130560 |    0.0595273  | 5.352e+04| 5.776e+04| 5.914e+04|  3.195e-02 |  5.777e-03 |  3.285e-03 | 5.868e-03 |   1.593e-02  |  1.839e+05  |    3.503e+05   
 58.9% | 000131200 |    0.0318516  |          | 5.850e+04| 5.697e+04|            |            |  2.262e-02 | 5.675e-03 |   3.083e-03  |  3.390e+05  |    3.503e+05   
 59.2% | 000131840 |    0.0573739  | 5.111e+04| 5.825e+04| 5.667e+04|  3.104e-02 |  7.583e-03 |  3.243e-03 | 7.170e-03 |   1.345e-02  |  1.856e+05  |    3.498e+05   
 59.5% | 000132480 |    0.0322747  |          | 5.849e+04| 5.663e+04|            |            |  2.336e-02 | 5.734e-03 |   2.758e-03  |  3.253e+05  |    3.498e+05   
 59.8% | 000133120 |    0.0583171  | 5.135e+04| 5.822e+04| 5.699e+04|  3.203e-02 |  5.836e-03 |  3.160e-03 | 6.160e-03 |   1.449e-02  |  1.775e+05  |    3.493e+05   
 60.1% | 000133760 |    0.0310410  |          | 5.825e+04| 5.645e+04|            |            |  2.258e-02 | 5.606e-03 |   2.401e-03  |  3.287e+05  |    3.492e+05   
 60.3% | 000134400 |    0.0560533  | 4.979e+04| 5.825e+04| 5.663e+04|  3.095e-02 |  7.558e-03 |  3.055e-03 | 7.150e-03 |   1.241e-02  |  1.794e+05  |    3.487e+05   
 60.6% | 000135040 |    0.0314110  |          | 5.848e+04| 5.622e+04|            |            |  2.334e-02 | 5.875e-03 |   1.740e-03  |  3.156e+05  |    3.487e+05   
 60.9% | 000135680 |    0.0566017  | 5.070e+04| 5.808e+04| 5.685e+04|  3.149e-02 |  6.022e-03 |  3.087e-03 | 6.035e-03 |   1.332e-02  |  1.726e+05  |    3.482e+05   
 61.2% | 000136320 |    0.0299828  |          | 5.828e+04| 5.801e+04|            |            |  2.239e-02 | 5.486e-03 |   1.614e-03  |  3.211e+05  |    3.481e+05   
 61.5% | 000136960 |    0.0544039  | 4.941e+04| 5.804e+04| 5.735e+04|  3.056e-02 |  7.428e-03 |  3.031e-03 | 6.422e-03 |   1.189e-02  |  1.743e+05  |    3.477e+05   
 61.8% | 000137600 |    0.0299349  |          | 5.814e+04| 5.733e+04|            |            |  2.295e-02 | 5.443e-03 |   1.111e-03  |  3.121e+05  |    3.476e+05   
 62.1% | 000138240 |    0.0550031  | 5.017e+04| 5.810e+04| 5.866e+04|  3.136e-02 |  5.823e-03 |  3.014e-03 | 5.529e-03 |   1.261e-02  |  1.673e+05  |    3.471e+05   
 62.4% | 000138880 |    0.0291060  |          | 5.814e+04| 5.803e+04|            |            |  2.257e-02 | 5.255e-03 |   8.036e-04  |  3.115e+05  |    3.471e+05   
 62.6% | 000139520 |    0.0538777  | 4.725e+04| 5.813e+04| 5.676e+04|  3.030e-02 |  7.581e-03 |  2.913e-03 | 6.562e-03 |   1.164e-02  |  1.657e+05  |    3.466e+05   
 62.9% | 000140160 |    0.0278625  |          | 5.789e+04| 5.644e+04|            |            |  2.167e-02 | 5.489e-03 |   2.680e-04  |  3.156e+05  |    3.465e+05   
 63.2% | 000140800 |    0.0539130  | 4.453e+04| 5.809e+04| 5.798e+04|  3.126e-02 |  5.760e-03 |  2.913e-03 | 5.353e-03 |   1.172e-02  |  1.606e+05  |    3.460e+05   
 63.5% | 000141440 |    0.0279034  |          | 5.812e+04| 5.618e+04|            |            |  2.224e-02 | 5.145e-03 |   5.267e-05  |  3.054e+05  |    3.460e+05   
 63.8% | 000142080 |    0.0529410  | 4.533e+04| 5.813e+04| 5.631e+04|  3.015e-02 |  7.317e-03 |  2.810e-03 | 6.085e-03 |   1.127e-02  |  1.585e+05  |    3.455e+05   
 64.1% | 000142720 |    0.0268708  |          | 5.817e+04| 5.699e+04|            |            |  2.149e-02 | 4.913e-03 |   2.337e-05  |  3.073e+05  |    3.455e+05   
 64.4% | 000143360 |    0.0531114  | 4.640e+04| 5.810e+04| 5.530e+04|  3.093e-02 |  5.775e-03 |  2.832e-03 | 5.228e-03 |   1.172e-02  |  1.530e+05  |    3.450e+05   
 64.7% | 000144000 |    0.0271300  |          | 5.817e+04| 5.643e+04|            |            |  2.175e-02 | 4.905e-03 |   2.455e-05  |  2.947e+05  |    3.449e+05   
 64.9% | 000144640 |    0.0523551  | 4.474e+04| 5.814e+04| 5.344e+04|  2.992e-02 |  7.347e-03 |  2.706e-03 | 6.199e-03 |   1.097e-02  |  1.503e+05  |    3.444e+05   
 65.2% | 000145280 |    0.0266469  |          | 5.821e+04| 5.507e+04|            |            |  2.131e-02 | 4.868e-03 |   2.395e-05  |  2.905e+05  |    3.443e+05   
 65.5% | 000145920 |    0.0522878  | 4.553e+04| 5.810e+04| 5.444e+04|  3.060e-02 |  5.723e-03 |  2.715e-03 | 5.082e-03 |   1.137e-02  |  1.456e+05  |    3.438e+05   
 65.8% | 000146560 |    0.0267682  |          | 5.818e+04| 5.441e+04|            |            |  2.149e-02 | 4.808e-03 |   2.493e-05  |  2.797e+05  |    3.437e+05   
 66.1% | 000147200 |    0.0514358  | 4.119e+04| 5.808e+04| 5.314e+04|  2.967e-02 |  7.058e-03 |  2.619e-03 | 5.792e-03 |   1.080e-02  |  1.431e+05  |    3.432e+05   
 66.4% | 000147840 |    0.0262480  |          | 5.822e+04| 5.550e+04|            |            |  2.112e-02 | 4.668e-03 |   2.448e-05  |  2.758e+05  |    3.431e+05   
 66.7% | 000148480 |    0.0517104  | 4.411e+04| 5.801e+04| 5.104e+04|  3.052e-02 |  5.691e-03 |  2.619e-03 | 4.885e-03 |   1.119e-02  |  1.376e+05  |    3.426e+05   
 67.0% | 000149120 |    0.0263070  |          | 5.811e+04| 5.550e+04|            |            |  2.146e-02 | 4.367e-03 |   2.441e-05  |  2.659e+05  |    3.425e+05   
 67.2% | 000149760 |    0.0507635  | 4.303e+04| 5.798e+04| 4.993e+04|  2.953e-02 |  7.077e-03 |  2.542e-03 | 5.482e-03 |   1.081e-02  |  1.354e+05  |    3.420e+05   
 67.5% | 000150400 |    0.0260192  |          | 5.804e+04| 5.333e+04|            |            |  2.116e-02 | 4.412e-03 |   2.903e-05  |  2.596e+05  |    3.419e+05   
 67.8% | 000151040 |    0.0511317  | 4.303e+04| 5.803e+04| 4.678e+04|  3.049e-02 |  5.682e-03 |  2.546e-03 | 4.666e-03 |   1.081e-02  |  1.298e+05  |    3.414e+05   
 68.1% | 000151680 |    0.0264667  |          | 5.813e+04| 4.823e+04|            |            |  2.180e-02 | 4.191e-03 |   2.776e-05  |  2.463e+05  |    3.413e+05   
 68.4% | 000152320 |    0.0502553  | 4.131e+04| 5.798e+04| 4.656e+04|  2.957e-02 |  7.038e-03 |  2.483e-03 | 5.282e-03 |   1.032e-02  |  1.274e+05  |    3.408e+05   
 68.7% | 000152960 |    0.0261147  |          | 5.806e+04| 4.912e+04|            |            |  2.133e-02 | 4.328e-03 |   2.384e-05  |  2.407e+05  |    3.406e+05   
 69.0% | 000153600 |    0.0508364  | 4.116e+04| 5.796e+04| 3.940e+04|  3.060e-02 |  5.724e-03 |  2.449e-03 | 4.573e-03 |   1.059e-02  |  1.214e+05  |    3.401e+05   
 69.3% | 000154240 |    0.0268012  |          | 5.804e+04| 3.949e+04|            |            |  2.201e-02 | 4.312e-03 |   2.420e-05  |  2.261e+05  |    3.400e+05   
 69.5% | 000154880 |    0.0496623  | 3.977e+04| 5.781e+04| 3.073e+02|  2.954e-02 |  7.141e-03 |  2.372e-03 | 5.045e-03 |   9.843e-03  |  1.197e+05  |    3.394e+05   
 69.8% | 000155520 |    0.0261700  |          | 5.791e+04| 3.296e+02|            |            |  2.154e-02 | 4.179e-03 |   2.446e-05  |  2.230e+05  |    3.393e+05   
 70.1% | 000156160 |    0.0498836  | 4.013e+04| 5.789e+04|          |  3.024e-02 |  5.718e-03 |  2.379e-03 | 4.504e-03 |   1.059e-02  |  1.148e+05  |    3.388e+05   
 70.4% | 000156800 |    0.0264034  |          | 5.810e+04|          |            |            |  2.206e-02 | 3.866e-03 |   2.083e-04  |  2.127e+05  |    3.386e+05   
 70.7% | 000157440 |    0.0483757  | 3.822e+04| 5.779e+04|          |  2.928e-02 |  7.168e-03 |  2.278e-03 | 4.783e-03 |   9.871e-03  |  1.139e+05  |    3.381e+05   
 71.0% | 000158080 |    0.0264067  |          | 5.783e+04|          |            |            |  2.184e-02 | 4.125e-03 |   1.843e-04  |  2.045e+05  |    3.379e+05   
 71.3% | 000158720 |    0.0484137  | 3.699e+04| 5.759e+04|          |  3.004e-02 |  5.702e-03 |  2.281e-03 | 4.065e-03 |   9.834e-03  |  1.094e+05  |    3.374e+05   
 71.6% | 000159360 |    0.0271648  |          | 5.788e+04|          |            |            |  2.255e-02 | 4.157e-03 |   1.911e-04  |  1.911e+05  |    3.372e+05   
 71.8% | 000160000 |    0.0474491  | 4.865e+04| 5.722e+04|          |  2.908e-02 |  7.228e-03 |  2.204e-03 | 5.003e-03 |   9.078e-03  |  1.072e+05  |    3.367e+05   
 72.1% | 000160640 |    0.0266283  |          | 5.784e+04|          |            |            |  2.226e-02 | 3.919e-03 |   1.817e-04  |  1.872e+05  |    3.365e+05   
 72.4% | 000161280 |    0.0469028  | 4.772e+04| 5.751e+04|          |  2.975e-02 |  5.764e-03 |  2.198e-03 | 3.879e-03 |   8.973e-03  |  1.041e+05  |    3.360e+05   
 72.7% | 000161920 |    0.0269244  |          | 5.789e+04|          |            |            |  2.275e-02 | 3.682e-03 |   2.095e-04  |  1.776e+05  |    3.358e+05   
 73.0% | 000162560 |    0.0459585  | 4.704e+04| 5.759e+04|          |  2.867e-02 |  6.953e-03 |  2.107e-03 | 4.832e-03 |   8.262e-03  |  1.019e+05  |    3.353e+05   
 73.3% | 000163200 |    0.0266224  |          | 5.779e+04|          |            |            |  2.247e-02 | 3.673e-03 |   1.998e-04  |  1.722e+05  |    3.351e+05   
 73.6% | 000163840 |    0.0455357  | 4.664e+04| 5.747e+04|          |  2.945e-02 |  5.817e-03 |  2.107e-03 | 3.647e-03 |   8.247e-03  |  9.851e+04  |    3.346e+05   
 73.9% | 000164480 |    0.0272507  |          | 5.805e+04|          |            |            |  2.315e-02 | 3.632e-03 |   1.802e-04  |  1.611e+05  |    3.344e+05   
 74.1% | 000165120 |    0.0441123  | 4.562e+04| 5.768e+04|          |  2.821e-02 |  6.768e-03 |  2.022e-03 | 4.315e-03 |   7.495e-03  |  9.734e+04  |    3.339e+05   
 74.4% | 000165760 |    0.0270016  |          | 5.790e+04|          |            |            |  2.282e-02 | 3.766e-03 |   1.604e-04  |  1.555e+05  |    3.337e+05   
 74.7% | 000166400 |    0.0440532  | 4.486e+04| 5.729e+04|          |  2.891e-02 |  5.709e-03 |  2.022e-03 | 3.547e-03 |   7.483e-03  |  9.321e+04  |    3.332e+05   
 75.0% | 000167040 |    0.0271721  |          | 5.777e+04|          |            |            |  2.321e-02 | 3.499e-03 |   1.789e-04  |  1.477e+05  |    3.330e+05   
 75.3% | 000167680 |    0.0429698  | 4.593e+04| 5.756e+04|          |  2.779e-02 |  6.681e-03 |  1.930e-03 | 4.404e-03 |   6.787e-03  |  9.129e+04  |    3.325e+05   
 75.6% | 000168320 |    0.0266628  |          | 5.776e+04|          |            |            |  2.288e-02 | 3.367e-03 |   1.616e-04  |  1.437e+05  |    3.323e+05   
 75.9% | 000168960 |    0.0424147  | 4.612e+04| 5.732e+04|          |  2.816e-02 |  5.800e-03 |  1.932e-03 | 3.498e-03 |   6.767e-03  |  8.826e+04  |    3.318e+05   
 76.1% | 000169600 |    0.0269268  |          | 5.772e+04|          |            |            |  2.311e-02 | 3.379e-03 |   1.600e-04  |  1.358e+05  |    3.316e+05   
 76.4% | 000170240 |    0.0407614  | 4.357e+04| 5.679e+04|          |  2.688e-02 |  6.266e-03 |  1.838e-03 | 3.807e-03 |   6.169e-03  |  8.754e+04  |    3.311e+05   
 76.7% | 000170880 |    0.0264225  |          | 5.725e+04|          |            |            |  2.264e-02 | 3.374e-03 |   1.568e-04  |  1.318e+05  |    3.309e+05   
 77.0% | 000171520 |    0.0401572  | 4.455e+04| 5.723e+04|          |  2.698e-02 |  5.631e-03 |  1.841e-03 | 3.174e-03 |   6.111e-03  |  8.461e+04  |    3.304e+05   
 77.3% | 000172160 |    0.0263097  |          | 5.734e+04|          |            |            |  2.269e-02 | 3.201e-03 |   1.603e-04  |  1.259e+05  |    3.302e+05   
 77.6% | 000172800 |    0.0393736  | 4.251e+04| 5.715e+04|          |  2.625e-02 |  5.853e-03 |  1.762e-03 | 3.838e-03 |   5.481e-03  |  8.206e+04  |    3.297e+05   
 77.9% | 000173440 |    0.0261720  |          | 5.751e+04|          |            |            |  2.241e-02 | 3.332e-03 |   1.492e-04  |  1.203e+05  |    3.295e+05   
 78.2% | 000174080 |    0.0388022  | 4.220e+04| 5.673e+04|          |  2.659e-02 |  5.620e-03 |  1.763e-03 | 3.119e-03 |   5.268e-03  |  7.907e+04  |    3.290e+05   
 78.4% | 000174720 |    0.0264894  |          | 5.765e+04|          |            |            |  2.300e-02 | 3.008e-03 |   1.744e-04  |  1.128e+05  |    3.288e+05   
 78.7% | 000175360 |    0.0375166  | 4.086e+04| 5.776e+04|          |  2.554e-02 |  6.337e-03 |  1.659e-03 | 3.672e-03 |   4.599e-03  |  7.756e+04  |    3.284e+05   
 79.0% | 000176000 |    0.0261447  |          | 5.767e+04|          |            |            |  2.278e-02 | 2.957e-03 |   1.658e-04  |  1.083e+05  |    3.281e+05   
 79.3% | 000176640 |    0.0367941  | 4.156e+04| 5.745e+04|          |  2.556e-02 |  5.632e-03 |  1.663e-03 | 2.938e-03 |   4.581e-03  |  7.490e+04  |    3.277e+05   
 79.6% | 000177280 |    0.0261509  |          | 5.786e+04|          |            |            |  2.280e-02 | 2.881e-03 |   1.554e-04  |  1.025e+05  |    3.274e+05   
 79.9% | 000177920 |    0.0358863  | 3.885e+04| 5.791e+04|          |  2.497e-02 |  5.771e-03 |  1.581e-03 | 3.277e-03 |   4.005e-03  |  7.261e+04  |    3.270e+05   
 80.2% | 000178560 |    0.0260895  |          | 5.793e+04|          |            |            |  2.291e-02 | 2.785e-03 |   1.334e-04  |  9.707e+04  |    3.267e+05   
 80.5% | 000179200 |    0.0360245  | 3.872e+04| 5.756e+04|          |  2.556e-02 |  5.687e-03 |  1.578e-03 | 2.894e-03 |   3.946e-03  |  6.829e+04  |    3.263e+05   
 80.7% | 000179840 |    0.0264016  |          | 5.814e+04|          |            |            |  2.325e-02 | 2.743e-03 |   1.400e-04  |  9.048e+04  |    3.260e+05   
 81.0% | 000180480 |    0.0353486  | 3.666e+04| 5.708e+04|          |  2.499e-02 |  5.965e-03 |  1.492e-03 | 3.323e-03 |   3.517e-03  |  6.559e+04  |    3.256e+05   
 81.3% | 000181120 |    0.0260717  |          | 5.763e+04|          |            |            |  2.300e-02 | 2.675e-03 |   1.240e-04  |  8.628e+04  |    3.254e+05   
 81.6% | 000181760 |    0.0351522  | 3.684e+04| 5.694e+04|          |  2.548e-02 |  5.648e-03 |  1.495e-03 | 2.658e-03 |   3.484e-03  |  6.205e+04  |    3.250e+05   
 81.9% | 000182400 |    0.0266860  |          | 5.781e+04|          |            |            |  2.371e-02 | 2.584e-03 |   1.255e-04  |  7.922e+04  |    3.247e+05   
 82.2% | 000183040 |    0.0344824  | 3.449e+04| 5.695e+04|          |  2.498e-02 |  5.752e-03 |  1.412e-03 | 3.036e-03 |   3.016e-03  |  5.939e+04  |    3.243e+05   
 82.5% | 000183680 |    0.0265341  |          | 5.743e+04|          |            |            |  2.364e-02 | 2.500e-03 |   1.255e-04  |  7.473e+04  |    3.240e+05   
 82.8% | 000184320 |    0.0344105  | 3.498e+04| 5.656e+04|          |  2.558e-02 |  5.651e-03 |  1.411e-03 | 2.377e-03 |   3.002e-03  |  5.577e+04  |    3.236e+05   
 83.0% | 000184960 |    0.0270145  |          | 5.748e+04|          |            |            |  2.417e-02 | 2.425e-03 |   1.386e-04  |  6.871e+04  |    3.233e+05   
 83.3% | 000185600 |    0.0336214  | 3.299e+04| 5.655e+04|          |  2.501e-02 |  5.856e-03 |  1.322e-03 | 2.655e-03 |   2.598e-03  |  5.337e+04  |    3.229e+05   
 83.6% | 000186240 |    0.0267459  |          | 5.681e+04|          |            |            |  2.403e-02 | 2.286e-03 |   1.211e-04  |  6.481e+04  |    3.225e+05   
 83.9% | 000186880 |    0.0337971  | 3.251e+04| 5.719e+04|          |  2.551e-02 |  5.652e-03 |  1.318e-03 | 2.493e-03 |   2.442e-03  |  4.952e+04  |    3.221e+05   
 84.2% | 000187520 |    0.0270326  |          | 5.712e+04|          |            |            |  2.438e-02 | 2.281e-03 |   1.088e-04  |  5.974e+04  |    3.218e+05   
 84.5% | 000188160 |    0.0329868  | 3.022e+04| 5.682e+04|          |  2.494e-02 |  5.814e-03 |  1.228e-03 | 2.698e-03 |   2.096e-03  |  4.721e+04  |    3.214e+05   
 84.8% | 000188800 |    0.0270461  |          | 5.672e+04|          |            |            |  2.435e-02 | 2.307e-03 |   1.293e-04  |  5.549e+04  |    3.211e+05   
 85.1% | 000189440 |    0.0330452  | 3.071e+04| 5.790e+04|          |  2.560e-02 |  5.745e-03 |  1.225e-03 | 2.122e-03 |   2.070e-03  |  4.373e+04  |    3.207e+05   
 85.3% | 000190080 |    0.0275776  |          | 5.623e+04|          |            |            |  2.487e-02 | 2.300e-03 |   1.126e-04  |  5.042e+04  |    3.204e+05   
 85.6% | 000190720 |    0.0320740  | 4.393e+04| 5.668e+04|          |  2.507e-02 |  6.003e-03 |  1.149e-03 | 2.203e-03 |   1.708e-03  |  4.169e+04  |    3.200e+05   
 85.9% | 000191360 |    0.0274531  |          | 5.743e+04|          |            |            |  2.497e-02 | 2.111e-03 |   1.183e-04  |  4.679e+04  |    3.197e+05   
 86.2% | 000192000 |    0.0321011  | 4.409e+04| 5.660e+04|          |  2.559e-02 |  5.763e-03 |  1.156e-03 | 1.733e-03 |   1.666e-03  |  3.842e+04  |    3.193e+05   
 86.5% | 000192640 |    0.0275546  |          | 5.686e+04|          |            |            |  2.523e-02 | 1.947e-03 |   1.051e-04  |  4.293e+04  |    3.190e+05   
 86.8% | 000193280 |    0.0312228  | 4.018e+04| 5.545e+04|          |  2.497e-02 |  5.902e-03 |  1.057e-03 | 1.931e-03 |   1.318e-03  |  3.631e+04  |    3.186e+05   
 87.1% | 000193920 |    0.0274038  |          | 5.556e+04|          |            |            |  2.512e-02 | 1.922e-03 |   1.052e-04  |  3.961e+04  |    3.182e+05   
 87.4% | 000194560 |    0.0314335  | 4.083e+04| 5.548e+04|          |  2.549e-02 |  5.666e-03 |  1.055e-03 | 1.649e-03 |   1.290e-03  |  3.303e+04  |    3.179e+05   
 87.6% | 000195200 |    0.0276777  |          | 5.580e+04|          |            |            |  2.547e-02 | 1.835e-03 |   1.098e-04  |  3.585e+04  |    3.175e+05   
 87.9% | 000195840 |    0.0305860  | 4.003e+04| 5.603e+04|          |  2.484e-02 |  6.013e-03 |  9.756e-04 | 1.872e-03 |   9.652e-04  |  3.096e+04  |    3.171e+05   
 88.2% | 000196480 |    0.0274448  |          | 5.631e+04|          |            |            |  2.534e-02 | 1.736e-03 |   9.207e-05  |  3.290e+04  |    3.168e+05   
 88.5% | 000197120 |    0.0306904  | 4.189e+04| 5.584e+04|          |  2.530e-02 |  5.645e-03 |  9.752e-04 | 1.527e-03 |   9.481e-04  |  2.802e+04  |    3.164e+05   
 88.8% | 000197760 |    0.0275357  |          | 5.381e+04|          |            |            |  2.549e-02 | 1.667e-03 |   8.769e-05  |  2.971e+04  |    3.161e+05   
 89.1% | 000198400 |    0.0298255  | 3.593e+04| 5.544e+04|          |  2.460e-02 |  5.863e-03 |  8.823e-04 | 1.705e-03 |   6.943e-04  |  2.606e+04  |    3.157e+05   
 89.4% | 000199040 |    0.0273312  |          | 5.450e+04|          |            |            |  2.540e-02 | 1.609e-03 |   7.928e-05  |  2.698e+04  |    3.154e+05   
 89.7% | 000199680 |    0.0300145  | 3.738e+04| 5.682e+04|          |  2.521e-02 |  5.652e-03 |  8.871e-04 | 1.354e-03 |   6.202e-04  |  2.327e+04  |    3.150e+05   
 89.9% | 000200320 |    0.0275861  |          | 5.159e+04|          |            |            |  2.568e-02 | 1.529e-03 |   7.840e-05  |  2.395e+04  |    3.146e+05   
 90.2% | 000200960 |    0.0293399  | 3.499e+04| 5.242e+04|          |  2.466e-02 |  5.872e-03 |  8.035e-04 | 1.440e-03 |   5.159e-04  |  2.127e+04  |    3.143e+05   
 90.5% | 000201600 |    0.0272591  |          | 5.265e+04|          |            |            |  2.549e-02 | 1.426e-03 |   7.830e-05  |  2.159e+04  |    3.139e+05   
 90.8% | 000202240 |    0.0295647  | 3.477e+04| 5.601e+04|          |  2.523e-02 |  5.584e-03 |  8.016e-04 | 1.158e-03 |   4.311e-04  |  1.873e+04  |    3.136e+05   
 91.1% | 000202880 |    0.0278558  |          | 5.462e+04|          |            |            |  2.615e-02 | 1.369e-03 |   7.036e-05  |  1.868e+04  |    3.132e+05   
 91.4% | 000203520 |    0.0293182  | 3.213e+04| 5.265e+04|          |  2.515e-02 |  6.050e-03 |  7.115e-04 | 1.311e-03 |   2.186e-04  |  1.664e+04  |    3.128e+05   
 91.7% | 000204160 |    0.0274453  |          | 5.249e+04|          |            |            |  2.581e-02 | 1.301e-03 |   7.007e-05  |  1.663e+04  |    3.125e+05   
 92.0% | 000204800 |    0.0290045  | 3.299e+04| 5.449e+04|          |  2.522e-02 |  5.640e-03 |  7.096e-04 | 9.618e-04 |   1.901e-04  |  1.468e+04  |    3.121e+05   
 92.2% | 000205440 |    0.0276369  |          | 5.350e+04|          |            |            |  2.593e-02 | 1.320e-03 |   7.434e-05  |  1.435e+04  |    3.118e+05   
 92.5% | 000206080 |    0.0283608  | 4.076e+04| 5.547e+04|          |  2.460e-02 |  5.879e-03 |  6.303e-04 | 1.118e-03 |   7.177e-05  |  1.298e+04  |    3.114e+05   
 92.8% | 000206720 |    0.0274139  |          | 5.501e+04|          |            |            |  2.593e-02 | 1.158e-03 |   6.287e-05  |  1.244e+04  |    3.111e+05   
 93.1% | 000207360 |    0.0283891  | 3.770e+04| 5.098e+04|          |  2.480e-02 |  5.653e-03 |  6.331e-04 | 8.702e-04 |   1.257e-04  |  1.109e+04  |    3.107e+05   
 93.4% | 000208000 |    0.0269995  |          | 4.970e+04|          |            |            |  2.555e-02 | 1.078e-03 |   6.420e-05  |  1.073e+04  |    3.104e+05   
 93.7% | 000208640 |    0.0277461  | 3.268e+04| 4.585e+04|          |  2.430e-02 |  5.663e-03 |  5.381e-04 | 9.739e-04 |   6.457e-05  |  9.567e+03  |    3.100e+05   
 94.0% | 000209280 |    0.0267759  |          | 4.589e+04|          |            |            |  2.538e-02 | 1.070e-03 |   5.607e-05  |  9.052e+03  |    3.097e+05   
 94.3% | 000209920 |    0.0280032  | 3.651e+04| 4.729e+04|          |  2.477e-02 |  5.733e-03 |  5.362e-04 | 7.126e-04 |   9.182e-05  |  7.869e+03  |    3.093e+05   
 94.5% | 000210560 |    0.0264508  |          | 4.933e+04|          |            |            |  2.522e-02 | 9.042e-04 |   5.580e-05  |  7.538e+03  |    3.090e+05   
 94.8% | 000211200 |    0.0271953  | 3.136e+04| 4.752e+04|          |  2.403e-02 |  5.737e-03 |  4.462e-04 | 7.913e-04 |   5.154e-05  |  6.599e+03  |    3.087e+05   
 95.1% | 000211840 |    0.0262396  |          | 4.808e+04|          |            |            |  2.509e-02 | 8.356e-04 |   5.657e-05  |  6.121e+03  |    3.083e+05   
 95.4% | 000212480 |    0.0275544  | 2.944e+04| 4.322e+04|          |  2.457e-02 |  5.653e-03 |  4.456e-04 | 5.749e-04 |   9.176e-05  |  5.182e+03  |    3.080e+05   
 95.7% | 000213120 |    0.0260094  |          | 4.644e+04|          |            |            |  2.492e-02 | 7.408e-04 |   4.980e-05  |  4.844e+03  |    3.076e+05   
 96.0% | 000213760 |    0.0267234  | 2.649e+04| 4.060e+04|          |  2.384e-02 |  5.637e-03 |  3.665e-04 | 6.225e-04 |   5.590e-05  |  4.126e+03  |    3.073e+05   
 96.3% | 000214400 |    0.0258275  |          | 4.078e+04|          |            |            |  2.482e-02 | 7.029e-04 |   5.147e-05  |  3.701e+03  |    3.070e+05   
 96.6% | 000215040 |    0.0273185  | 2.662e+04| 3.512e+04|          |  2.454e-02 |  5.644e-03 |  3.657e-04 | 4.827e-04 |   6.835e-05  |  3.000e+03  |    3.066e+05   
 96.8% | 000215680 |    0.0257926  |          | 2.968e+04|          |            |            |  2.485e-02 | 6.181e-04 |   4.525e-05  |  2.690e+03  |    3.063e+05   
 97.1% | 000216320 |    0.0264340  | 2.413e+04| 3.625e+04|          |  2.378e-02 |  5.745e-03 |  2.751e-04 | 5.132e-04 |   4.859e-05  |  2.188e+03  |    3.060e+05   
 97.4% | 000216960 |    0.0255070  |          | 3.600e+04|          |            |            |  2.462e-02 | 5.847e-04 |   4.396e-05  |  1.857e+03  |    3.057e+05   
 97.7% | 000217600 |    0.0269184  | 2.542e+04| 3.059e+04|          |  2.447e-02 |  5.782e-03 |  2.735e-04 | 2.815e-04 |   5.627e-05  |  1.409e+03  |    3.053e+05   
 98.0% | 000218240 |    0.0252935  |          | 2.060e+04|          |            |            |  2.448e-02 | 4.926e-04 |   3.989e-05  |  1.168e+03  |    3.050e+05   
 98.3% | 000218880 |    0.0259856  | 9.139e+03| 1.503e+04|          |  2.359e-02 |  6.049e-03 |  1.944e-04 | 3.369e-04 |   3.762e-05  |  8.540e+02  |    3.047e+05   
 98.6% | 000219520 |    0.0250641  |          | 1.490e+04|          |            |            |  2.435e-02 | 4.161e-04 |   3.851e-05  |  6.344e+02  |    3.044e+05   
 98.9% | 000220160 |    0.0260770  | 1.026e+04| 1.050e+04|          |  2.387e-02 |  5.803e-03 |  1.945e-04 | 1.611e-04 |   3.221e-05  |  4.087e+02  |    3.040e+05   
 99.1% | 000220800 |    0.0244767  |          | 0.000e+00|          |            |            |  2.380e-02 | 3.956e-04 |   3.641e-05  |  2.641e+02  |    3.037e+05   
 99.4% | 000221440 |    0.0251649  | 0.000e+00| 0.000e+00|          |  2.321e-02 |  2.315e-02 |  1.026e-04 | 2.216e-04 |   2.411e-05  |  1.319e+02  |    3.034e+05   
 99.7% | 000222080 |    0.0232593  |          | 0.000e+00|          |            |            |  2.283e-02 | 1.766e-04 |   3.018e-05  |  5.257e+01  |    3.031e+05   
Final Score:    3.0054e+05 GFLOPS 
Residual value = 0.000060586198707 (0x3f0fc3bdefb00e1c)
Residual Check: PASSED 
