Node Binding: Process 0 [(p,q)=(0,0)] GPU: 0, CPU Cores: 40 - {0-78}
Local matrix size       = 46.6033 GiBs
Total device memory use = 48.5074 GiBs
--------------------------------------------------------------------------------------------------------------------------------------------------------------------
   %   | Column    | Step Time (s) ||         DGEMM GFLOPS         || pdfact (s) | pmxswp (s) | Lbcast (s) | laswp (s) | GPU Sync (s) | Step GFLOPS | Overall GFLOPS
       |           |               |  Small   |  First   | Second   |            |            |            |           |              |             |               
--------------------------------------------------------------------------------------------------------------------------------------------------------------------
  0.8% | 000000640 |    0.1164754  | 4.847e+04| 8.844e+04|          |  2.218e-02 |  3.851e-04 |  0.000e+00 | 0.000e+00 |   9.198e-02  |  6.810e+04  |    5.705e+04   
  1.6% | 000001280 |    0.1280597  | 4.842e+04| 7.666e+04|          |  2.181e-02 |  3.836e-04 |  0.000e+00 | 0.000e+00 |   1.036e-01  |  6.094e+04  |    5.891e+04   
  2.4% | 000001920 |    0.1251999  | 5.664e+04| 7.699e+04|          |  2.126e-02 |  3.885e-04 |  0.000e+00 | 0.000e+00 |   1.016e-01  |  6.131e+04  |    5.967e+04   
  3.2% | 000002560 |    0.1237351  | 5.514e+04| 7.681e+04|          |  2.122e-02 |  3.889e-04 |  0.000e+00 | 0.000e+00 |   1.002e-01  |  6.102e+04  |    5.999e+04   
  4.0% | 000003200 |    0.1215004  | 6.250e+04| 7.691e+04|          |  2.094e-02 |  3.885e-04 |  0.000e+00 | 0.000e+00 |   9.838e-02  |  6.111e+04  |    6.020e+04   
  4.9% | 000003840 |    0.1196039  | 6.230e+04| 7.681e+04|          |  2.052e-02 |  3.907e-04 |  0.000e+00 | 0.000e+00 |   9.691e-02  |  6.104e+04  |    6.033e+04   
  5.7% | 000004480 |    0.1181515  | 5.922e+04| 7.667e+04|          |  2.048e-02 |  3.846e-04 |  0.000e+00 | 0.000e+00 |   9.546e-02  |  6.074e+04  |    6.039e+04   
  6.5% | 000005120 |    0.1162364  | 6.168e+04| 7.697e+04|          |  2.056e-02 |  3.896e-04 |  0.000e+00 | 0.000e+00 |   9.352e-02  |  6.069e+04  |    6.042e+04   
  7.3% | 000005760 |    0.1146495  | 6.287e+04| 7.665e+04|          |  2.031e-02 |  3.969e-04 |  0.000e+00 | 0.000e+00 |   9.220e-02  |  6.048e+04  |    6.043e+04   
  8.1% | 000006400 |    0.1127861  | 6.223e+04| 7.690e+04|          |  2.030e-02 |  3.826e-04 |  0.000e+00 | 0.000e+00 |   9.034e-02  |  6.041e+04  |    6.043e+04   
  8.9% | 000007040 |    0.1107440  | 6.249e+04| 7.687e+04|          |  1.989e-02 |  3.827e-04 |  0.000e+00 | 0.000e+00 |   8.873e-02  |  6.045e+04  |    6.043e+04   
  9.7% | 000007680 |    0.1098413  | 6.095e+04| 7.713e+04|          |  2.075e-02 |  3.828e-04 |  0.000e+00 | 0.000e+00 |   8.694e-02  |  5.987e+04  |    6.038e+04   
 10.5% | 000008320 |    0.1084785  | 6.197e+04| 7.661e+04|          |  2.042e-02 |  3.861e-04 |  0.000e+00 | 0.000e+00 |   8.595e-02  |  5.955e+04  |    6.033e+04   
 11.3% | 000008960 |    0.1073021  | 5.952e+04| 7.683e+04|          |  2.099e-02 |  3.843e-04 |  0.000e+00 | 0.000e+00 |   8.418e-02  |  5.912e+04  |    6.025e+04   
 12.1% | 000009600 |    0.1056902  | 6.020e+04| 7.663e+04|          |  2.070e-02 |  3.842e-04 |  0.000e+00 | 0.000e+00 |   8.290e-02  |  5.894e+04  |    6.017e+04   
 13.0% | 000010240 |    0.1039233  | 6.089e+04| 7.670e+04|          |  2.052e-02 |  3.841e-04 |  0.000e+00 | 0.000e+00 |   8.131e-02  |  5.884e+04  |    6.009e+04   
 13.8% | 000010880 |    0.1016166  | 6.043e+04| 7.674e+04|          |  1.978e-02 |  3.837e-04 |  0.000e+00 | 0.000e+00 |   7.973e-02  |  5.907e+04  |    6.004e+04   
 14.6% | 000011520 |    0.1007660  | 6.155e+04| 7.649e+04|          |  2.024e-02 |  3.830e-04 |  0.000e+00 | 0.000e+00 |   7.850e-02  |  5.846e+04  |    5.996e+04   
 15.4% | 000012160 |    0.0990852  | 6.554e+04| 7.658e+04|          |  2.011e-02 |  3.866e-04 |  0.000e+00 | 0.000e+00 |   7.701e-02  |  5.834e+04  |    5.989e+04   
 16.2% | 000012800 |    0.0982718  | 6.409e+04| 7.650e+04|          |  2.068e-02 |  3.865e-04 |  0.000e+00 | 0.000e+00 |   7.557e-02  |  5.770e+04  |    5.979e+04   
 17.0% | 000013440 |    0.0976846  | 6.115e+04| 7.578e+04|          |  2.084e-02 |  3.828e-04 |  0.000e+00 | 0.000e+00 |   7.480e-02  |  5.694e+04  |    5.967e+04   
 17.8% | 000014080 |    0.0950458  | 6.277e+04| 7.696e+04|          |  2.075e-02 |  3.847e-04 |  0.000e+00 | 0.000e+00 |   7.233e-02  |  5.739e+04  |    5.959e+04   
 18.6% | 000014720 |    0.0940588  | 6.354e+04| 7.593e+04|          |  2.026e-02 |  3.829e-04 |  0.000e+00 | 0.000e+00 |   7.181e-02  |  5.686e+04  |    5.949e+04   
 19.4% | 000015360 |    0.0923968  | 5.961e+04| 7.646e+04|          |  2.035e-02 |  3.830e-04 |  0.000e+00 | 0.000e+00 |   6.996e-02  |  5.674e+04  |    5.939e+04   
 20.2% | 000016000 |    0.0906440  | 6.092e+04| 7.627e+04|          |  1.991e-02 |  3.831e-04 |  0.000e+00 | 0.000e+00 |   6.875e-02  |  5.669e+04  |    5.930e+04   
 21.1% | 000016640 |    0.0889961  | 6.002e+04| 7.638e+04|          |  1.969e-02 |  3.848e-04 |  0.000e+00 | 0.000e+00 |   6.727e-02  |  5.658e+04  |    5.921e+04   
 21.9% | 000017280 |    0.0877051  | 6.739e+04| 7.629e+04|          |  1.984e-02 |  3.856e-04 |  0.000e+00 | 0.000e+00 |   6.597e-02  |  5.625e+04  |    5.912e+04   
 22.7% | 000017920 |    0.0867990  | 6.325e+04| 7.596e+04|          |  1.998e-02 |  3.838e-04 |  0.000e+00 | 0.000e+00 |   6.490e-02  |  5.567e+04  |    5.902e+04   
 23.5% | 000018560 |    0.0852990  | 6.349e+04| 7.594e+04|          |  1.981e-02 |  3.854e-04 |  0.000e+00 | 0.000e+00 |   6.357e-02  |  5.547e+04  |    5.892e+04   
 24.3% | 000019200 |    0.0832858  | 5.999e+04| 7.647e+04|          |  1.946e-02 |  3.833e-04 |  0.000e+00 | 0.000e+00 |   6.185e-02  |  5.562e+04  |    5.884e+04   
 25.1% | 000019840 |    0.0823680  | 6.053e+04| 7.582e+04|          |  1.938e-02 |  3.830e-04 |  0.000e+00 | 0.000e+00 |   6.105e-02  |  5.505e+04  |    5.874e+04   
 25.9% | 000020480 |    0.0804708  | 6.094e+04| 7.609e+04|          |  1.896e-02 |  3.826e-04 |  0.000e+00 | 0.000e+00 |   5.958e-02  |  5.515e+04  |    5.865e+04   
 26.7% | 000021120 |    0.0787973  | 6.738e+04| 7.642e+04|          |  1.887e-02 |  3.831e-04 |  0.000e+00 | 0.000e+00 |   5.808e-02  |  5.510e+04  |    5.857e+04   
 27.5% | 000021760 |    0.0781563  | 6.430e+04| 7.578e+04|          |  1.908e-02 |  3.829e-04 |  0.000e+00 | 0.000e+00 |   5.723e-02  |  5.434e+04  |    5.848e+04   
 28.3% | 000022400 |    0.0764374  | 6.151e+04| 7.573e+04|          |  1.850e-02 |  3.827e-04 |  0.000e+00 | 0.000e+00 |   5.606e-02  |  5.433e+04  |    5.839e+04   
 29.1% | 000023040 |    0.0754549  | 6.109e+04| 7.510e+04|          |  1.839e-02 |  3.847e-04 |  0.000e+00 | 0.000e+00 |   5.522e-02  |  5.381e+04  |    5.829e+04   
 30.0% | 000023680 |    0.0737064  | 6.227e+04| 7.561e+04|          |  1.827e-02 |  3.825e-04 |  0.000e+00 | 0.000e+00 |   5.360e-02  |  5.384e+04  |    5.820e+04   
 30.8% | 000024320 |    0.0726471  | 6.489e+04| 7.563e+04|          |  1.844e-02 |  3.828e-04 |  0.000e+00 | 0.000e+00 |   5.239e-02  |  5.338e+04  |    5.811e+04   
 31.6% | 000024960 |    0.0709611  | 6.347e+04| 7.636e+04|          |  1.840e-02 |  3.830e-04 |  0.000e+00 | 0.000e+00 |   5.073e-02  |  5.338e+04  |    5.802e+04   
 32.4% | 000025600 |    0.0712091  | 6.229e+04| 7.422e+04|          |  1.846e-02 |  3.837e-04 |  0.000e+00 | 0.000e+00 |   5.088e-02  |  5.195e+04  |    5.791e+04   
 33.2% | 000026240 |    0.0694021  | 7.181e+04| 7.558e+04|          |  1.880e-02 |  3.836e-04 |  0.000e+00 | 0.000e+00 |   4.889e-02  |  5.204e+04  |    5.781e+04   
 34.0% | 000026880 |    0.0683141  | 6.445e+04| 7.548e+04|          |  1.879e-02 |  3.846e-04 |  0.000e+00 | 0.000e+00 |   4.777e-02  |  5.160e+04  |    5.771e+04   
 34.8% | 000027520 |    0.0670222  | 6.386e+04| 7.566e+04|          |  1.875e-02 |  3.860e-04 |  0.000e+00 | 0.000e+00 |   4.651e-02  |  5.132e+04  |    5.760e+04   
 35.6% | 000028160 |    0.0663973  | 6.228e+04| 7.440e+04|          |  1.849e-02 |  3.830e-04 |  0.000e+00 | 0.000e+00 |   4.611e-02  |  5.054e+04  |    5.749e+04   
 36.4% | 000028800 |    0.0647233  | 6.157e+04| 7.548e+04|          |  1.856e-02 |  3.833e-04 |  0.000e+00 | 0.000e+00 |   4.438e-02  |  5.056e+04  |    5.739e+04   
 37.2% | 000029440 |    0.0642776  | 6.453e+04| 7.473e+04|          |  1.887e-02 |  3.832e-04 |  0.000e+00 | 0.000e+00 |   4.366e-02  |  4.963e+04  |    5.727e+04   
 38.1% | 000030080 |    0.0620228  | 6.196e+04| 7.519e+04|          |  1.807e-02 |  3.832e-04 |  0.000e+00 | 0.000e+00 |   4.224e-02  |  5.012e+04  |    5.717e+04   
 38.9% | 000030720 |    0.0616642  | 6.587e+04| 7.501e+04|          |  1.876e-02 |  3.822e-04 |  0.000e+00 | 0.000e+00 |   4.122e-02  |  4.911e+04  |    5.706e+04   
 39.7% | 000031360 |    0.0605295  | 6.457e+04| 7.519e+04|          |  1.878e-02 |  3.834e-04 |  0.000e+00 | 0.000e+00 |   4.005e-02  |  4.872e+04  |    5.695e+04   
 40.5% | 000032000 |    0.0597723  | 6.012e+04| 7.455e+04|          |  1.871e-02 |  3.834e-04 |  0.000e+00 | 0.000e+00 |   3.931e-02  |  4.803e+04  |    5.683e+04   
 41.3% | 000032640 |    0.0587448  | 7.338e+04| 7.449e+04|          |  1.876e-02 |  3.829e-04 |  0.000e+00 | 0.000e+00 |   3.829e-02  |  4.756e+04  |    5.671e+04   
 42.1% | 000033280 |    0.0575598  | 7.412e+04| 7.430e+04|          |  1.854e-02 |  3.828e-04 |  0.000e+00 | 0.000e+00 |   3.737e-02  |  4.722e+04  |    5.659e+04   
 42.9% | 000033920 |    0.0560047  | 6.776e+04| 7.455e+04|          |  1.814e-02 |  3.938e-04 |  0.000e+00 | 0.000e+00 |   3.624e-02  |  4.719e+04  |    5.648e+04   
 43.7% | 000034560 |    0.0545752  | 6.721e+04| 7.607e+04|          |  1.842e-02 |  3.940e-04 |  0.000e+00 | 0.000e+00 |   3.449e-02  |  4.707e+04  |    5.638e+04   
 44.5% | 000035200 |    0.0529861  | 7.232e+04| 7.729e+04|          |  1.838e-02 |  3.858e-04 |  0.000e+00 | 0.000e+00 |   3.299e-02  |  4.711e+04  |    5.627e+04   
 45.3% | 000035840 |    0.0522665  | 7.322e+04| 7.626e+04|          |  1.817e-02 |  3.829e-04 |  0.000e+00 | 0.000e+00 |   3.248e-02  |  4.638e+04  |    5.617e+04   
 46.2% | 000036480 |    0.0509931  | 7.025e+04| 7.666e+04|          |  1.799e-02 |  3.835e-04 |  0.000e+00 | 0.000e+00 |   3.138e-02  |  4.615e+04  |    5.607e+04   
 47.0% | 000037120 |    0.0501646  | 6.809e+04| 7.634e+04|          |  1.793e-02 |  3.916e-04 |  0.000e+00 | 0.000e+00 |   3.058e-02  |  4.553e+04  |    5.596e+04   
 47.8% | 000037760 |    0.0494154  | 6.862e+04| 7.591e+04|          |  1.803e-02 |  3.860e-04 |  0.000e+00 | 0.000e+00 |   2.979e-02  |  4.483e+04  |    5.585e+04   
 48.6% | 000038400 |    0.0483769  | 6.647e+04| 7.612e+04|          |  1.798e-02 |  3.837e-04 |  0.000e+00 | 0.000e+00 |   2.881e-02  |  4.439e+04  |    5.574e+04   
 49.4% | 000039040 |    0.0474306  | 6.527e+04| 7.592e+04|          |  1.786e-02 |  3.835e-04 |  0.000e+00 | 0.000e+00 |   2.798e-02  |  4.387e+04  |    5.563e+04   
 50.2% | 000039680 |    0.0461900  | 6.357e+04| 7.621e+04|          |  1.764e-02 |  3.833e-04 |  0.000e+00 | 0.000e+00 |   2.696e-02  |  4.363e+04  |    5.553e+04   
 51.0% | 000040320 |    0.0454945  | 7.344e+04| 7.536e+04|          |  1.755e-02 |  3.860e-04 |  0.000e+00 | 0.000e+00 |   2.639e-02  |  4.288e+04  |    5.542e+04   
 51.8% | 000040960 |    0.0444950  | 7.411e+04| 7.522e+04|          |  1.731e-02 |  3.877e-04 |  0.000e+00 | 0.000e+00 |   2.564e-02  |  4.242e+04  |    5.531e+04   
 52.6% | 000041600 |    0.0432040  | 7.594e+04| 7.626e+04|          |  1.725e-02 |  3.838e-04 |  0.000e+00 | 0.000e+00 |   2.443e-02  |  4.224e+04  |    5.520e+04   
 53.4% | 000042240 |    0.0431703  | 6.807e+04| 7.286e+04|          |  1.700e-02 |  3.830e-04 |  0.000e+00 | 0.000e+00 |   2.464e-02  |  4.086e+04  |    5.509e+04   
 54.3% | 000042880 |    0.0426092  | 6.859e+04| 7.220e+04|          |  1.707e-02 |  3.836e-04 |  0.000e+00 | 0.000e+00 |   2.398e-02  |  3.998e+04  |    5.497e+04   
 55.1% | 000043520 |    0.0419320  | 7.270e+04| 7.191e+04|          |  1.717e-02 |  3.832e-04 |  0.000e+00 | 0.000e+00 |   2.324e-02  |  3.921e+04  |    5.485e+04   
 55.9% | 000044160 |    0.0409236  | 6.786e+04| 7.219e+04|          |  1.707e-02 |  3.833e-04 |  0.000e+00 | 0.000e+00 |   2.231e-02  |  3.875e+04  |    5.473e+04   
 56.7% | 000044800 |    0.0397909  | 6.865e+04| 7.229e+04|          |  1.677e-02 |  3.847e-04 |  0.000e+00 | 0.000e+00 |   2.151e-02  |  3.842e+04  |    5.461e+04   
 57.5% | 000045440 |    0.0395796  | 6.067e+04| 7.141e+04|          |  1.703e-02 |  3.836e-04 |  0.000e+00 | 0.000e+00 |   2.097e-02  |  3.721e+04  |    5.448e+04   
 58.3% | 000046080 |    0.0391928  | 6.066e+04| 7.129e+04|          |  1.742e-02 |  3.833e-04 |  0.000e+00 | 0.000e+00 |   2.021e-02  |  3.617e+04  |    5.436e+04   
 59.1% | 000046720 |    0.0375489  | 6.626e+04| 7.181e+04|          |  1.677e-02 |  3.830e-04 |  0.000e+00 | 0.000e+00 |   1.931e-02  |  3.632e+04  |    5.424e+04   
 59.9% | 000047360 |    0.0362866  | 5.636e+04| 7.303e+04|          |  1.651e-02 |  3.827e-04 |  0.000e+00 | 0.000e+00 |   1.822e-02  |  3.612e+04  |    5.412e+04   
 60.7% | 000048000 |    0.0360989  | 5.867e+04| 7.278e+04|          |  1.695e-02 |  3.827e-04 |  0.000e+00 | 0.000e+00 |   1.755e-02  |  3.487e+04  |    5.400e+04   
 61.5% | 000048640 |    0.0353478  | 6.130e+04| 7.170e+04|          |  1.669e-02 |  3.829e-04 |  0.000e+00 | 0.000e+00 |   1.710e-02  |  3.417e+04  |    5.388e+04   
 62.3% | 000049280 |    0.0340287  | 6.806e+04| 7.291e+04|          |  1.647e-02 |  3.831e-04 |  0.000e+00 | 0.000e+00 |   1.595e-02  |  3.404e+04  |    5.376e+04   
 63.2% | 000049920 |    0.0336253  | 6.133e+04| 7.157e+04|          |  1.637e-02 |  3.854e-04 |  0.000e+00 | 0.000e+00 |   1.576e-02  |  3.299e+04  |    5.364e+04   
 64.0% | 000050560 |    0.0329385  | 6.114e+04| 7.208e+04|          |  1.651e-02 |  3.825e-04 |  0.000e+00 | 0.000e+00 |   1.495e-02  |  3.223e+04  |    5.352e+04   
 64.8% | 000051200 |    0.0324076  | 5.955e+04| 7.080e+04|          |  1.638e-02 |  3.825e-04 |  0.000e+00 | 0.000e+00 |   1.452e-02  |  3.132e+04  |    5.340e+04   
 65.6% | 000051840 |    0.0312348  | 6.506e+04| 7.192e+04|          |  1.619e-02 |  3.869e-04 |  0.000e+00 | 0.000e+00 |   1.363e-02  |  3.104e+04  |    5.328e+04   
 66.4% | 000052480 |    0.0308893  | 5.666e+04| 7.116e+04|          |  1.619e-02 |  3.847e-04 |  0.000e+00 | 0.000e+00 |   1.315e-02  |  2.994e+04  |    5.316e+04   
 67.2% | 000053120 |    0.0300542  | 5.311e+04| 7.130e+04|          |  1.599e-02 |  3.828e-04 |  0.000e+00 | 0.000e+00 |   1.253e-02  |  2.933e+04  |    5.304e+04   
 68.0% | 000053760 |    0.0295628  | 5.346e+04| 7.009e+04|          |  1.594e-02 |  3.827e-04 |  0.000e+00 | 0.000e+00 |   1.209e-02  |  2.838e+04  |    5.292e+04   
 68.8% | 000054400 |    0.0285200  | 6.406e+04| 6.990e+04|          |  1.570e-02 |  3.847e-04 |  0.000e+00 | 0.000e+00 |   1.144e-02  |  2.796e+04  |    5.280e+04   
 69.6% | 000055040 |    0.0283125  | 5.025e+04| 6.770e+04|          |  1.563e-02 |  3.833e-04 |  0.000e+00 | 0.000e+00 |   1.116e-02  |  2.674e+04  |    5.268e+04   
 70.4% | 000055680 |    0.0274752  | 5.729e+04| 6.770e+04|          |  1.551e-02 |  3.837e-04 |  0.000e+00 | 0.000e+00 |   1.054e-02  |  2.612e+04  |    5.256e+04   
 71.3% | 000056320 |    0.0264646  | 7.024e+04| 6.959e+04|          |  1.543e-02 |  3.859e-04 |  0.000e+00 | 0.000e+00 |   9.695e-03  |  2.568e+04  |    5.244e+04   
 72.1% | 000056960 |    0.0260758  | 5.608e+04| 7.021e+04|          |  1.556e-02 |  3.833e-04 |  0.000e+00 | 0.000e+00 |   9.105e-03  |  2.463e+04  |    5.233e+04   
 72.9% | 000057600 |    0.0255006  | 5.736e+04| 6.877e+04|          |  1.544e-02 |  3.896e-04 |  0.000e+00 | 0.000e+00 |   8.660e-03  |  2.377e+04  |    5.221e+04   
 73.7% | 000058240 |    0.0245552  | 6.301e+04| 6.965e+04|          |  1.516e-02 |  3.833e-04 |  0.000e+00 | 0.000e+00 |   8.067e-03  |  2.325e+04  |    5.209e+04   
 74.5% | 000058880 |    0.0240796  | 5.451e+04| 7.011e+04|          |  1.512e-02 |  3.862e-04 |  0.000e+00 | 0.000e+00 |   7.546e-03  |  2.230e+04  |    5.198e+04   
 75.3% | 000059520 |    0.0234073  | 5.211e+04| 7.025e+04|          |  1.503e-02 |  3.830e-04 |  0.000e+00 | 0.000e+00 |   6.993e-03  |  2.153e+04  |    5.186e+04   
 76.1% | 000060160 |    0.0234346  | 5.125e+04| 6.565e+04|          |  1.509e-02 |  3.830e-04 |  0.000e+00 | 0.000e+00 |   6.942e-03  |  2.014e+04  |    5.175e+04   
 76.9% | 000060800 |    0.0230708  | 5.224e+04| 6.432e+04|          |  1.505e-02 |  3.823e-04 |  0.000e+00 | 0.000e+00 |   6.659e-03  |  1.911e+04  |    5.163e+04   
 77.7% | 000061440 |    0.0222277  | 5.113e+04| 6.581e+04|          |  1.484e-02 |  3.828e-04 |  0.000e+00 | 0.000e+00 |   6.028e-03  |  1.849e+04  |    5.151e+04   
 78.5% | 000062080 |    0.0220624  | 4.167e+04| 6.509e+04|          |  1.501e-02 |  3.831e-04 |  0.000e+00 | 0.000e+00 |   5.607e-03  |  1.733e+04  |    5.139e+04   
 79.4% | 000062720 |    0.0216816  | 3.989e+04| 6.326e+04|          |  1.496e-02 |  3.830e-04 |  0.000e+00 | 0.000e+00 |   5.334e-03  |  1.635e+04  |    5.127e+04   
 80.2% | 000063360 |    0.0207223  | 3.809e+04| 6.653e+04|          |  1.467e-02 |  3.829e-04 |  0.000e+00 | 0.000e+00 |   4.651e-03  |  1.581e+04  |    5.116e+04   
 81.0% | 000064000 |    0.0203778  | 4.982e+04| 6.422e+04|          |  1.468e-02 |  3.827e-04 |  0.000e+00 | 0.000e+00 |   4.407e-03  |  1.482e+04  |    5.104e+04   
 81.8% | 000064640 |    0.0197596  | 4.905e+04| 6.418e+04|          |  1.443e-02 |  3.824e-04 |  0.000e+00 | 0.000e+00 |   3.901e-03  |  1.404e+04  |    5.093e+04   
 82.6% | 000065280 |    0.0191335  | 4.651e+04| 6.613e+04|          |  1.430e-02 |  3.827e-04 |  0.000e+00 | 0.000e+00 |   3.540e-03  |  1.326e+04  |    5.081e+04   
 83.4% | 000065920 |    0.0184772  | 4.784e+04| 6.694e+04|          |  1.404e-02 |  3.824e-04 |  0.000e+00 | 0.000e+00 |   3.150e-03  |  1.252e+04  |    5.070e+04   
 84.2% | 000066560 |    0.0176772  | 4.986e+04| 6.470e+04|          |  1.351e-02 |  3.859e-04 |  0.000e+00 | 0.000e+00 |   2.920e-03  |  1.187e+04  |    5.060e+04   
 85.0% | 000067200 |    0.0173457  | 4.797e+04| 6.342e+04|          |  1.345e-02 |  3.833e-04 |  0.000e+00 | 0.000e+00 |   2.637e-03  |  1.091e+04  |    5.049e+04   
 85.8% | 000067840 |    0.0170307  | 5.158e+04| 5.831e+04|          |  1.332e-02 |  3.832e-04 |  0.000e+00 | 0.000e+00 |   2.519e-03  |  9.976e+03  |    5.039e+04   
 86.6% | 000068480 |    0.0165333  | 4.791e+04| 5.981e+04|          |  1.321e-02 |  3.837e-04 |  0.000e+00 | 0.000e+00 |   2.039e-03  |  9.167e+03  |    5.028e+04   
 87.4% | 000069120 |    0.0160055  | 4.116e+04| 6.006e+04|          |  1.296e-02 |  3.830e-04 |  0.000e+00 | 0.000e+00 |   1.817e-03  |  8.388e+03  |    5.018e+04   
 88.3% | 000069760 |    0.0158465  | 3.850e+04| 5.752e+04|          |  1.303e-02 |  3.830e-04 |  0.000e+00 | 0.000e+00 |   1.593e-03  |  7.447e+03  |    5.008e+04   
 89.1% | 000070400 |    0.0156289  | 4.315e+04| 5.877e+04|          |  1.317e-02 |  3.838e-04 |  0.000e+00 | 0.000e+00 |   1.293e-03  |  6.577e+03  |    4.997e+04   
 89.9% | 000071040 |    0.0150361  | 3.883e+04| 5.329e+04|          |  1.273e-02 |  3.830e-04 |  0.000e+00 | 0.000e+00 |   1.163e-03  |  5.895e+03  |    4.987e+04   
 90.7% | 000071680 |    0.0148102  | 4.992e+04| 5.663e+04|          |  1.284e-02 |  3.831e-04 |  0.000e+00 | 0.000e+00 |   7.607e-04  |  5.100e+03  |    4.977e+04   
 91.5% | 000072320 |    0.0143579  | 5.083e+04| 5.817e+04|          |  1.263e-02 |  3.830e-04 |  0.000e+00 | 0.000e+00 |   6.347e-04  |  4.421e+03  |    4.967e+04   
 92.3% | 000072960 |    0.0141272  | 5.120e+04| 5.601e+04|          |  1.259e-02 |  3.855e-04 |  0.000e+00 | 0.000e+00 |   4.605e-04  |  3.714e+03  |    4.958e+04   
 93.1% | 000073600 |    0.0139092  | 4.313e+04| 5.532e+04|          |  1.254e-02 |  3.829e-04 |  0.000e+00 | 0.000e+00 |   2.185e-04  |  3.056e+03  |    4.948e+04   
 93.9% | 000074240 |    0.0136921  | 4.139e+04| 5.591e+04|          |  1.255e-02 |  3.832e-04 |  0.000e+00 | 0.000e+00 |   9.526e-05  |  2.454e+03  |    4.938e+04   
 94.7% | 000074880 |    0.0131663  | 3.979e+04| 5.130e+04|          |  1.211e-02 |  3.840e-04 |  0.000e+00 | 0.000e+00 |   1.194e-05  |  1.954e+03  |    4.929e+04   
 95.5% | 000075520 |    0.0132165  | 4.223e+04| 4.787e+04|          |  1.206e-02 |  3.849e-04 |  0.000e+00 | 0.000e+00 |   1.747e-05  |  1.431e+03  |    4.919e+04   
 96.4% | 000076160 |    0.0131110  | 3.598e+04| 5.013e+04|          |  1.199e-02 |  3.859e-04 |  0.000e+00 | 0.000e+00 |   1.677e-05  |  1.003e+03  |    4.910e+04   
 97.2% | 000076800 |    0.0130271  | 3.065e+04| 3.726e+04|          |  1.195e-02 |  3.828e-04 |  0.000e+00 | 0.000e+00 |   1.701e-05  |  6.472e+02  |    4.900e+04   
 98.0% | 000077440 |    0.0131305  | 2.429e+04| 3.427e+04|          |  1.203e-02 |  3.838e-04 |  0.000e+00 | 0.000e+00 |   1.664e-05  |  3.626e+02  |    4.891e+04   
 98.8% | 000078080 |    0.0130355  | 3.203e+04| 2.000e+04|          |  1.199e-02 |  3.836e-04 |  0.000e+00 | 0.000e+00 |   1.677e-05  |  1.642e+02  |    4.882e+04   
 99.6% | 000078720 |    0.0059419  | 6.032e+03|          |          |  5.526e-03 |  1.918e-04 |  0.000e+00 | 0.000e+00 |   1.082e-05  |  2.571e+01  |    4.877e+04   
Final Score:    4.8508e+04 GFLOPS 
Residual value = 0.000079706063102 (0x3f14e4fbbcbdc346)
Residual Check: PASSED 
