Node Binding: Process 0 [(p,q)=(0,0)] GPU: 0, CPU Cores: 40 - {0-78}
Local matrix size       = 2.92577 GiBs
Total device memory use = 3.41645 GiBs
--------------------------------------------------------------------------------------------------------------------------------------------------------------------
   %   | Column    | Step Time (s) ||         DGEMM GFLOPS         || pdfact (s) | pmxswp (s) | Lbcast (s) | laswp (s) | GPU Sync (s) | Step GFLOPS | Overall GFLOPS
       |           |               |  Small   |  First   | Second   |            |            |            |           |              |             |               
--------------------------------------------------------------------------------------------------------------------------------------------------------------------
  3.2% | 000000640 |    0.0231277  | 5.482e+04| 6.871e+04|          |  1.500e-02 |  3.974e-04 |  0.000e+00 | 0.000e+00 |   6.959e-03  |  2.092e+04  |    1.257e+04   
  6.5% | 000001280 |    0.0232850  | 5.543e+04| 6.577e+04|          |  1.524e-02 |  3.969e-04 |  0.000e+00 | 0.000e+00 |   6.648e-03  |  1.943e+04  |    1.515e+04   
  9.7% | 000001920 |    0.0229217  | 4.693e+04| 6.599e+04|          |  1.536e-02 |  3.980e-04 |  0.000e+00 | 0.000e+00 |   6.206e-03  |  1.842e+04  |    1.603e+04   
 13.0% | 000002560 |    0.0226040  | 4.370e+04| 6.512e+04|          |  1.542e-02 |  3.971e-04 |  0.000e+00 | 0.000e+00 |   5.786e-03  |  1.738e+04  |    1.631e+04   
 16.2% | 000003200 |    0.0218683  | 4.079e+04| 6.549e+04|          |  1.517e-02 |  3.973e-04 |  0.000e+00 | 0.000e+00 |   5.333e-03  |  1.668e+04  |    1.637e+04   
 19.4% | 000003840 |    0.0213197  | 4.185e+04| 6.547e+04|          |  1.503e-02 |  4.001e-04 |  0.000e+00 | 0.000e+00 |   4.904e-03  |  1.584e+04  |    1.630e+04   
 22.7% | 000004480 |    0.0208955  | 4.696e+04| 6.465e+04|          |  1.494e-02 |  3.981e-04 |  0.000e+00 | 0.000e+00 |   4.578e-03  |  1.491e+04  |    1.613e+04   
 25.9% | 000005120 |    0.0200661  | 4.982e+04| 6.524e+04|          |  1.466e-02 |  4.017e-04 |  0.000e+00 | 0.000e+00 |   4.027e-03  |  1.428e+04  |    1.593e+04   
 29.1% | 000005760 |    0.0196390  | 4.411e+04| 6.659e+04|          |  1.464e-02 |  3.976e-04 |  0.000e+00 | 0.000e+00 |   3.663e-03  |  1.337e+04  |    1.569e+04   
 32.4% | 000006400 |    0.0188097  | 5.084e+04| 6.727e+04|          |  1.425e-02 |  3.964e-04 |  0.000e+00 | 0.000e+00 |   3.303e-03  |  1.274e+04  |    1.545e+04   
 35.6% | 000007040 |    0.0182501  | 3.983e+04| 6.475e+04|          |  1.395e-02 |  3.973e-04 |  0.000e+00 | 0.000e+00 |   3.036e-03  |  1.193e+04  |    1.519e+04   
 38.9% | 000007680 |    0.0176214  | 5.099e+04| 6.167e+04|          |  1.357e-02 |  3.973e-04 |  0.000e+00 | 0.000e+00 |   2.843e-03  |  1.117e+04  |    1.492e+04   
 42.1% | 000008320 |    0.0171740  | 5.221e+04| 6.220e+04|          |  1.353e-02 |  3.973e-04 |  0.000e+00 | 0.000e+00 |   2.499e-03  |  1.031e+04  |    1.464e+04   
 45.3% | 000008960 |    0.0165900  | 5.157e+04| 6.015e+04|          |  1.325e-02 |  3.963e-04 |  0.000e+00 | 0.000e+00 |   2.161e-03  |  9.543e+03  |    1.436e+04   
 48.6% | 000009600 |    0.0162732  | 4.912e+04| 6.118e+04|          |  1.324e-02 |  3.958e-04 |  0.000e+00 | 0.000e+00 |   1.904e-03  |  8.641e+03  |    1.406e+04   
 51.8% | 000010240 |    0.0162691  | 4.951e+04| 5.830e+04|          |  1.347e-02 |  3.993e-04 |  0.000e+00 | 0.000e+00 |   1.686e-03  |  7.620e+03  |    1.375e+04   
 55.1% | 000010880 |    0.0157151  | 3.712e+04| 6.025e+04|          |  1.323e-02 |  3.962e-04 |  0.000e+00 | 0.000e+00 |   1.354e-03  |  6.896e+03  |    1.344e+04   
 58.3% | 000011520 |    0.0156204  | 3.984e+04| 5.370e+04|          |  1.326e-02 |  3.963e-04 |  0.000e+00 | 0.000e+00 |   1.266e-03  |  6.007e+03  |    1.312e+04   
 61.5% | 000012160 |    0.0149605  | 6.244e+04| 5.741e+04|          |  1.297e-02 |  3.966e-04 |  0.000e+00 | 0.000e+00 |   8.705e-04  |  5.369e+03  |    1.281e+04   
 64.8% | 000012800 |    0.0147530  | 4.922e+04| 5.692e+04|          |  1.299e-02 |  3.962e-04 |  0.000e+00 | 0.000e+00 |   7.534e-04  |  4.601e+03  |    1.250e+04   
 68.0% | 000013440 |    0.0143576  | 4.594e+04| 5.568e+04|          |  1.280e-02 |  3.993e-04 |  0.000e+00 | 0.000e+00 |   5.588e-04  |  3.933e+03  |    1.220e+04   
 71.3% | 000014080 |    0.0140459  | 4.345e+04| 5.590e+04|          |  1.270e-02 |  3.964e-04 |  0.000e+00 | 0.000e+00 |   2.736e-04  |  3.284e+03  |    1.190e+04   
 74.5% | 000014720 |    0.0138827  | 4.290e+04| 5.436e+04|          |  1.272e-02 |  3.967e-04 |  0.000e+00 | 0.000e+00 |   1.865e-04  |  2.652e+03  |    1.161e+04   
 77.7% | 000015360 |    0.0135984  | 4.014e+04| 5.231e+04|          |  1.256e-02 |  3.965e-04 |  0.000e+00 | 0.000e+00 |   6.137e-05  |  2.100e+03  |    1.132e+04   
 81.0% | 000016000 |    0.0133083  | 4.158e+04| 5.444e+04|          |  1.225e-02 |  3.966e-04 |  0.000e+00 | 0.000e+00 |   1.709e-05  |  1.604e+03  |    1.104e+04   
 84.2% | 000016640 |    0.0132773  | 3.737e+04| 5.066e+04|          |  1.227e-02 |  3.963e-04 |  0.000e+00 | 0.000e+00 |   1.654e-05  |  1.144e+03  |    1.076e+04   
 87.4% | 000017280 |    0.0131159  | 4.069e+04| 4.911e+04|          |  1.221e-02 |  4.018e-04 |  0.000e+00 | 0.000e+00 |   1.687e-05  |  7.683e+02  |    1.050e+04   
 90.7% | 000017920 |    0.0132884  | 3.067e+04| 3.146e+04|          |  1.224e-02 |  3.965e-04 |  0.000e+00 | 0.000e+00 |   1.747e-05  |  4.526e+02  |    1.023e+04   
 93.9% | 000018560 |    0.0132481  | 2.672e+04| 3.175e+04|          |  1.225e-02 |  3.958e-04 |  0.000e+00 | 0.000e+00 |   1.677e-05  |  2.264e+02  |    9.973e+03   
 97.2% | 000019200 |    0.0113475  | 1.449e+04|          |          |  1.085e-02 |  3.473e-04 |  0.000e+00 | 0.000e+00 |   1.667e-05  |  7.218e+01  |    9.760e+03   
Final Score:    9.6009e+03 GFLOPS 
Residual value = 0.000184433403253 (0x3f282c8ededaa588)
Residual Check: PASSED 
