Node Binding: Process 6 [(p,q)=(2,1)] GPU: 6, CPU Cores: 10 - {41-59}
Node Binding: Process 7 [(p,q)=(3,1)] GPU: 7, CPU Cores: 10 - {61-79}
Node Binding: Process 0 [(p,q)=(0,0)] GPU: 0, CPU Cores: 10 - {0-18}
Node Binding: Process 2 [(p,q)=(2,0)] GPU: 2, CPU Cores: 10 - {40-58}
Node Binding: Process 3 [(p,q)=(3,0)] GPU: 3, CPU Cores: 10 - {60-78}
Node Binding: Process 5 [(p,q)=(1,1)] GPU: 5, CPU Cores: 10 - {21-39}
Node Binding: Process 1 [(p,q)=(1,0)] GPU: 1, CPU Cores: 10 - {20-38}
Node Binding: Process 4 [(p,q)=(0,1)] GPU: 4, CPU Cores: 10 - {1-19}
Local matrix size       = 46.2245 GiBs
Total device memory use = 48.3673 GiBs
--------------------------------------------------------------------------------------------------------------------------------------------------------------------
   %   | Column    | Step Time (s) ||         DGEMM GFLOPS         || pdfact (s) | pmxswp (s) | Lbcast (s) | laswp (s) | GPU Sync (s) | Step GFLOPS | Overall GFLOPS
       |           |               |  Small   |  First   | Second   |            |            |            |           |              |             |               
--------------------------------------------------------------------------------------------------------------------------------------------------------------------
  0.3% | 000000640 |    0.1309100  |          | 7.483e+04| 7.419e+04|            |            |  3.521e-02 | 2.328e-02 |   7.155e-02  |  4.836e+05  |    3.788e+05   
  0.6% | 000001280 |    0.1338444  | 5.343e+04| 7.467e+04| 7.498e+04|  2.433e-02 |  7.885e-03 |  8.187e-03 | 2.496e-02 |   7.317e-02  |  4.703e+05  |    4.194e+05   
  0.9% | 000001920 |    0.1138704  |          | 7.385e+04| 7.459e+04|            |            |  1.573e-02 | 2.890e-02 |   6.855e-02  |  5.496e+05  |    4.551e+05   
  1.1% | 000002560 |    0.1330009  | 5.466e+04| 7.533e+04| 7.483e+04|  2.443e-02 |  6.387e-03 |  8.203e-03 | 1.460e-02 |   8.308e-02  |  4.678e+05  |    4.582e+05   
  1.4% | 000003200 |    0.1108734  |          | 7.471e+04| 7.425e+04|            |            |  1.380e-02 | 2.002e-02 |   7.632e-02  |  5.579e+05  |    4.750e+05   
  1.7% | 000003840 |    0.1309109  | 5.599e+04| 7.509e+04| 7.522e+04|  2.501e-02 |  8.807e-03 |  8.123e-03 | 1.536e-02 |   7.975e-02  |  4.698e+05  |    4.741e+05   
  2.0% | 000004480 |    0.1105582  |          | 7.409e+04| 7.551e+04|            |            |  1.444e-02 | 2.352e-02 |   7.192e-02  |  5.530e+05  |    4.838e+05   
  2.3% | 000005120 |    0.1302124  | 5.704e+04| 7.503e+04| 7.510e+04|  2.413e-02 |  6.295e-03 |  8.089e-03 | 1.415e-02 |   8.122e-02  |  4.668e+05  |    4.816e+05   
  2.6% | 000005760 |    0.1055512  |          | 7.529e+04| 7.494e+04|            |            |  1.371e-02 | 1.735e-02 |   7.375e-02  |  5.725e+05  |    4.901e+05   
  2.9% | 000006400 |    0.1288075  | 5.868e+04| 7.458e+04| 7.496e+04|  2.476e-02 |  8.446e-03 |  8.121e-03 | 1.434e-02 |   7.899e-02  |  4.664e+05  |    4.877e+05   
  3.2% | 000007040 |    0.1066872  |          | 7.509e+04| 7.474e+04|            |            |  1.429e-02 | 2.027e-02 |   7.141e-02  |  5.598e+05  |    4.933e+05   
  3.4% | 000007680 |    0.1278786  | 5.740e+04| 7.505e+04| 7.532e+04|  2.427e-02 |  6.386e-03 |  8.164e-03 | 1.399e-02 |   7.888e-02  |  4.642e+05  |    4.908e+05   
  3.7% | 000008320 |    0.1032631  |          | 7.492e+04| 7.498e+04|            |            |  1.444e-02 | 1.723e-02 |   7.089e-02  |  5.715e+05  |    4.960e+05   
  4.0% | 000008960 |    0.1271567  | 5.633e+04| 7.480e+04| 7.450e+04|  2.487e-02 |  8.379e-03 |  7.949e-03 | 1.438e-02 |   7.736e-02  |  4.613e+05  |    4.934e+05   
  4.3% | 000009600 |    0.1038795  |          | 7.493e+04| 7.441e+04|            |            |  1.399e-02 | 1.894e-02 |   7.027e-02  |  5.613e+05  |    4.973e+05   
  4.6% | 000010240 |    0.1259277  | 5.557e+04| 7.482e+04| 7.520e+04|  2.450e-02 |  6.000e-03 |  8.082e-03 | 1.441e-02 |   7.625e-02  |  4.603e+05  |    4.949e+05   
  4.9% | 000010880 |    0.1019618  |          | 7.590e+04| 7.452e+04|            |            |  1.523e-02 | 1.839e-02 |   6.758e-02  |  5.651e+05  |    4.984e+05   
  5.2% | 000011520 |    0.1249330  | 5.617e+04| 7.453e+04| 7.482e+04|  2.512e-02 |  8.655e-03 |  7.810e-03 | 1.415e-02 |   7.514e-02  |  4.584e+05  |    4.961e+05   
  5.5% | 000012160 |    0.1129694  |          | 7.382e+04| 7.486e+04|            |            |  1.483e-02 | 3.058e-02 |   6.686e-02  |  5.039e+05  |    4.964e+05   
  5.7% | 000012800 |    0.1249411  | 5.538e+04| 7.444e+04| 7.398e+04|  2.480e-02 |  6.357e-03 |  7.739e-03 | 1.405e-02 |   7.579e-02  |  4.528e+05  |    4.942e+05   
  6.0% | 000013440 |    0.0982182  |          | 7.482e+04| 7.428e+04|            |            |  1.440e-02 | 1.458e-02 |   6.853e-02  |  5.725e+05  |    4.972e+05   
  6.3% | 000014080 |    0.1228740  | 5.796e+04| 7.323e+04| 7.479e+04|  2.494e-02 |  8.311e-03 |  7.813e-03 | 1.332e-02 |   7.418e-02  |  4.549e+05  |    4.953e+05   
  6.6% | 000014720 |    0.0991685  |          | 7.516e+04| 7.428e+04|            |            |  1.429e-02 | 1.865e-02 |   6.555e-02  |  5.601e+05  |    4.976e+05   
  6.9% | 000015360 |    0.1217420  | 5.581e+04| 7.446e+04| 7.452e+04|  2.440e-02 |  6.185e-03 |  7.846e-03 | 1.305e-02 |   7.384e-02  |  4.535e+05  |    4.957e+05   
  7.2% | 000016000 |    0.0972494  |          | 7.430e+04| 7.472e+04|            |            |  1.372e-02 | 1.662e-02 |   6.617e-02  |  5.642e+05  |    4.980e+05   
  7.5% | 000016640 |    0.1203117  | 5.687e+04| 7.369e+04| 7.457e+04|  2.479e-02 |  8.588e-03 |  7.864e-03 | 1.350e-02 |   7.151e-02  |  4.532e+05  |    4.962e+05   
  7.8% | 000017280 |    0.0982960  |          | 7.388e+04| 7.413e+04|            |            |  1.443e-02 | 2.001e-02 |   6.313e-02  |  5.513e+05  |    4.979e+05   
  8.0% | 000017920 |    0.1189584  | 5.505e+04| 7.501e+04| 7.526e+04|  2.403e-02 |  6.299e-03 |  7.793e-03 | 1.277e-02 |   7.173e-02  |  4.527e+05  |    4.963e+05   
  8.3% | 000018560 |    0.0929339  |          | 7.411e+04| 7.530e+04|            |            |  1.481e-02 | 1.366e-02 |   6.367e-02  |  5.759e+05  |    4.985e+05   
  8.6% | 000019200 |    0.1186255  | 5.774e+04| 7.208e+04| 7.468e+04|  2.456e-02 |  8.025e-03 |  7.771e-03 | 1.359e-02 |   7.001e-02  |  4.483e+05  |    4.968e+05   
  8.9% | 000019840 |    0.0952646  |          | 7.336e+04| 7.473e+04|            |            |  1.364e-02 | 1.835e-02 |   6.257e-02  |  5.548e+05  |    4.983e+05   
  9.2% | 000020480 |    0.1177386  | 5.497e+04| 7.180e+04| 7.510e+04|  2.436e-02 |  6.054e-03 |  7.783e-03 | 1.318e-02 |   6.982e-02  |  4.461e+05  |    4.967e+05   
  9.5% | 000021120 |    0.0955011  |          | 7.249e+04| 7.486e+04|            |            |  1.445e-02 | 1.969e-02 |   6.062e-02  |  5.465e+05  |    4.979e+05   
  9.8% | 000021760 |    0.1164614  | 5.486e+04| 7.101e+04| 7.500e+04|  2.477e-02 |  8.447e-03 |  7.548e-03 | 1.304e-02 |   6.847e-02  |  4.453e+05  |    4.963e+05   
 10.1% | 000022400 |    0.0935147  |          | 7.308e+04| 7.406e+04|            |            |  1.444e-02 | 1.869e-02 |   5.970e-02  |  5.510e+05  |    4.976e+05   
 10.3% | 000023040 |    0.1157985  | 5.516e+04| 7.130e+04| 7.472e+04|  2.421e-02 |  6.225e-03 |  7.733e-03 | 1.297e-02 |   6.830e-02  |  4.421e+05  |    4.961e+05   
 10.6% | 000023680 |    0.0930527  |          | 7.206e+04| 7.428e+04|            |            |  1.369e-02 | 2.006e-02 |   5.861e-02  |  5.467e+05  |    4.972e+05   
 10.9% | 000024320 |    0.1150517  | 5.462e+04| 7.141e+04| 7.429e+04|  2.498e-02 |  7.735e-03 |  7.429e-03 | 1.322e-02 |   6.685e-02  |  4.393e+05  |    4.956e+05   
 11.2% | 000024960 |    0.0926543  |          | 7.254e+04| 7.414e+04|            |            |  1.498e-02 | 2.042e-02 |   5.659e-02  |  5.420e+05  |    4.966e+05   
 11.5% | 000025600 |    0.1155092  | 5.405e+04| 7.185e+04| 7.399e+04|  2.575e-02 |  6.215e-03 |  7.537e-03 | 1.239e-02 |   6.719e-02  |  4.320e+05  |    4.950e+05   
 11.8% | 000026240 |    0.0882837  |          | 7.275e+04| 7.431e+04|            |            |  1.496e-02 | 1.472e-02 |   5.790e-02  |  5.615e+05  |    4.962e+05   
 12.1% | 000026880 |    0.1156663  | 5.801e+04| 7.103e+04| 7.415e+04|  2.761e-02 |  1.110e-02 |  7.362e-03 | 1.300e-02 |   6.516e-02  |  4.258e+05  |    4.945e+05   
 12.4% | 000027520 |    0.0893530  |          | 7.294e+04| 7.434e+04|            |            |  1.643e-02 | 1.902e-02 |   5.317e-02  |  5.476e+05  |    4.955e+05   
 12.6% | 000028160 |    0.1123220  | 5.381e+04| 7.143e+04| 7.379e+04|  2.443e-02 |  6.084e-03 |  7.603e-03 | 1.214e-02 |   6.555e-02  |  4.328e+05  |    4.941e+05   
 12.9% | 000028800 |    0.0867322  |          | 7.226e+04| 7.438e+04|            |            |  1.374e-02 | 1.482e-02 |   5.746e-02  |  5.568e+05  |    4.951e+05   
 13.2% | 000029440 |    0.1111054  | 5.498e+04| 7.056e+04| 7.370e+04|  2.474e-02 |  8.424e-03 |  7.484e-03 | 1.236e-02 |   6.389e-02  |  4.318e+05  |    4.938e+05   
 13.5% | 000030080 |    0.0869677  |          | 7.287e+04| 7.365e+04|            |            |  1.456e-02 | 1.738e-02 |   5.437e-02  |  5.480e+05  |    4.947e+05   
 13.8% | 000030720 |    0.1102827  | 5.362e+04| 7.096e+04| 7.356e+04|  2.431e-02 |  6.086e-03 |  7.187e-03 | 1.273e-02 |   6.341e-02  |  4.293e+05  |    4.933e+05   
 14.1% | 000031360 |    0.0850174  |          | 7.963e+04| 7.396e+04|            |            |  1.305e-02 | 2.100e-02 |   5.023e-02  |  5.532e+05  |    4.943e+05   
 14.4% | 000032000 |    0.1054880  | 5.329e+04| 7.832e+04| 7.442e+04|  2.487e-02 |  8.582e-03 |  7.005e-03 | 1.636e-02 |   5.467e-02  |  4.428e+05  |    4.933e+05   
 14.7% | 000032640 |    0.0873209  |          | 7.609e+04| 7.448e+04|            |            |  1.851e-02 | 2.560e-02 |   4.252e-02  |  5.314e+05  |    4.939e+05   
 14.9% | 000033280 |    0.1047543  | 5.354e+04| 7.791e+04| 7.471e+04|  2.445e-02 |  6.213e-03 |  6.994e-03 | 1.240e-02 |   5.833e-02  |  4.400e+05  |    4.929e+05   
 15.2% | 000033920 |    0.0807722  |          | 8.114e+04| 7.412e+04|            |            |  1.671e-02 | 1.785e-02 |   4.550e-02  |  5.668e+05  |    4.939e+05   
 15.5% | 000034560 |    0.1031556  | 5.275e+04| 7.845e+04| 7.430e+04|  2.457e-02 |  8.540e-03 |  7.062e-03 | 1.255e-02 |   5.644e-02  |  4.408e+05  |    4.930e+05   
 15.8% | 000035200 |    0.0911494  |          | 7.925e+04| 7.479e+04|            |            |  1.767e-02 | 3.060e-02 |   4.220e-02  |  4.955e+05  |    4.930e+05   
 16.1% | 000035840 |    0.1023278  | 5.283e+04| 7.804e+04| 7.532e+04|  2.433e-02 |  6.291e-03 |  7.011e-03 | 1.161e-02 |   5.683e-02  |  4.384e+05  |    4.921e+05   
 16.4% | 000036480 |    0.0795899  |          | 7.380e+04| 7.317e+04|            |            |  1.748e-02 | 1.366e-02 |   4.769e-02  |  5.597e+05  |    4.930e+05   
 16.7% | 000037120 |    0.1037784  | 5.494e+04| 7.059e+04| 7.434e+04|  2.429e-02 |  8.254e-03 |  7.216e-03 | 1.148e-02 |   5.824e-02  |  4.263e+05  |    4.919e+05   
 17.0% | 000037760 |    0.0884589  |          | 7.287e+04| 7.411e+04|            |            |  1.562e-02 | 2.531e-02 |   4.681e-02  |  4.967e+05  |    4.919e+05   
 17.2% | 000038400 |    0.1029789  | 5.506e+04| 7.098e+04| 7.486e+04|  2.430e-02 |  6.373e-03 |  6.912e-03 | 1.201e-02 |   5.727e-02  |  4.238e+05  |    4.909e+05   
 17.5% | 000039040 |    0.0799348  |          | 7.219e+04| 7.408e+04|            |            |  1.522e-02 | 1.802e-02 |   4.599e-02  |  5.421e+05  |    4.915e+05   
 17.8% | 000039680 |    0.1017619  | 5.410e+04| 7.058e+04| 7.398e+04|  2.423e-02 |  8.336e-03 |  7.187e-03 | 1.212e-02 |   5.570e-02  |  4.229e+05  |    4.904e+05   
 18.1% | 000040320 |    0.0878311  |          | 7.258e+04| 7.374e+04|            |            |  1.499e-02 | 2.993e-02 |   4.221e-02  |  4.866e+05  |    4.904e+05   
 18.4% | 000040960 |    0.1020851  | 5.291e+04| 7.040e+04| 7.326e+04|  2.412e-02 |  6.285e-03 |  6.766e-03 | 1.133e-02 |   5.737e-02  |  4.157e+05  |    4.893e+05   
 18.7% | 000041600 |    0.0769070  |          | 7.274e+04| 7.440e+04|            |            |  1.348e-02 | 1.638e-02 |   4.632e-02  |  5.479e+05  |    4.899e+05   
 19.0% | 000042240 |    0.0991717  | 5.573e+04| 7.114e+04| 7.452e+04|  2.406e-02 |  8.141e-03 |  6.929e-03 | 1.236e-02 |   5.334e-02  |  4.219e+05  |    4.890e+05   
 19.3% | 000042880 |    0.0893737  |          | 7.220e+04| 7.297e+04|            |            |  1.593e-02 | 3.323e-02 |   3.957e-02  |  4.649e+05  |    4.887e+05   
 19.5% | 000043520 |    0.0993891  | 5.243e+04| 7.026e+04| 7.415e+04|  2.408e-02 |  6.114e-03 |  6.756e-03 | 1.204e-02 |   5.402e-02  |  4.150e+05  |    4.876e+05   
 19.8% | 000044160 |    0.0760998  |          | 7.232e+04| 7.353e+04|            |            |  1.529e-02 | 1.802e-02 |   4.206e-02  |  5.382e+05  |    4.882e+05   
 20.1% | 000044800 |    0.0978120  | 5.493e+04| 7.051e+04| 7.368e+04|  2.403e-02 |  8.233e-03 |  6.814e-03 | 1.196e-02 |   5.251e-02  |  4.157e+05  |    4.872e+05   
 20.4% | 000045440 |    0.0848608  |          | 7.284e+04| 7.408e+04|            |            |  1.547e-02 | 3.127e-02 |   3.749e-02  |  4.758e+05  |    4.871e+05   
 20.7% | 000046080 |    0.0966847  | 5.133e+04| 7.079e+04| 7.464e+04|  2.400e-02 |  6.143e-03 |  6.541e-03 | 1.150e-02 |   5.212e-02  |  4.146e+05  |    4.862e+05   
 21.0% | 000046720 |    0.0836368  |          | 7.128e+04| 7.385e+04|            |            |  1.577e-02 | 2.946e-02 |   3.769e-02  |  4.758e+05  |    4.860e+05   
 21.3% | 000047360 |    0.0965486  | 5.236e+04| 7.103e+04| 7.267e+04|  2.460e-02 |  8.806e-03 |  6.484e-03 | 1.165e-02 |   5.134e-02  |  4.092e+05  |    4.851e+05   
 21.6% | 000048000 |    0.0737892  |          | 7.184e+04| 7.418e+04|            |            |  1.934e-02 | 1.802e-02 |   3.573e-02  |  5.315e+05  |    4.855e+05   
 21.8% | 000048640 |    0.0947223  | 5.360e+04| 7.147e+04| 7.365e+04|  2.366e-02 |  5.931e-03 |  6.407e-03 | 1.221e-02 |   4.996e-02  |  4.110e+05  |    4.846e+05   
 22.1% | 000049280 |    0.0750493  |          | 7.279e+04| 7.263e+04|            |            |  2.540e-02 | 1.100e-02 |   3.796e-02  |  5.149e+05  |    4.849e+05   
 22.4% | 000049920 |    0.0936974  | 5.147e+04| 6.965e+04| 7.384e+04|  2.387e-02 |  8.248e-03 |  6.357e-03 | 1.177e-02 |   4.916e-02  |  4.094e+05  |    4.840e+05   
 22.7% | 000050560 |    0.0800385  |          | 7.217e+04| 7.201e+04|            |            |  3.092e-02 | 1.130e-02 |   3.717e-02  |  4.758e+05  |    4.840e+05   
 23.0% | 000051200 |    0.0934828  | 5.613e+04| 6.945e+04| 7.394e+04|  2.371e-02 |  6.110e-03 |  6.403e-03 | 1.144e-02 |   4.941e-02  |  4.043e+05  |    4.831e+05   
 23.3% | 000051840 |    0.0731141  |          | 7.239e+04| 7.284e+04|            |            |  2.565e-02 | 1.072e-02 |   3.600e-02  |  5.131e+05  |    4.833e+05   
 23.6% | 000052480 |    0.0916645  | 5.219e+04| 6.994e+04| 7.324e+04|  2.343e-02 |  7.859e-03 |  6.161e-03 | 1.200e-02 |   4.758e-02  |  4.062e+05  |    4.825e+05   
 23.9% | 000053120 |    0.0779083  |          | 7.155e+04| 7.168e+04|            |            |  3.048e-02 | 1.063e-02 |   3.612e-02  |  4.744e+05  |    4.824e+05   
 24.1% | 000053760 |    0.0916180  | 5.208e+04| 6.991e+04| 7.266e+04|  2.330e-02 |  5.786e-03 |  6.173e-03 | 1.100e-02 |   4.862e-02  |  4.003e+05  |    4.815e+05   
 24.4% | 000054400 |    0.0748473  |          | 7.159e+04| 7.242e+04|            |            |  2.830e-02 | 1.084e-02 |   3.499e-02  |  4.864e+05  |    4.816e+05   
 24.7% | 000055040 |    0.0893713  | 5.091e+04| 7.079e+04| 7.380e+04|  2.368e-02 |  8.108e-03 |  6.146e-03 | 1.180e-02 |   4.524e-02  |  4.042e+05  |    4.808e+05   
 25.0% | 000055680 |    0.0781171  |          | 7.243e+04| 7.090e+04|            |            |  3.250e-02 | 9.758e-03 |   3.517e-02  |  4.590e+05  |    4.806e+05   
 25.3% | 000056320 |    0.0889172  | 5.490e+04| 7.000e+04| 7.414e+04|  2.333e-02 |  5.778e-03 |  6.105e-03 | 1.080e-02 |   4.618e-02  |  4.001e+05  |    4.798e+05   
 25.6% | 000056960 |    0.0732827  |          | 7.374e+04| 7.137e+04|            |            |  2.849e-02 | 1.021e-02 |   3.390e-02  |  4.818e+05  |    4.798e+05   
 25.9% | 000057600 |    0.0874275  | 5.241e+04| 7.069e+04| 7.367e+04|  2.347e-02 |  7.978e-03 |  5.986e-03 | 1.176e-02 |   4.371e-02  |  4.007e+05  |    4.791e+05   
 26.1% | 000058240 |    0.0751975  |          | 7.201e+04| 7.163e+04|            |            |  3.108e-02 | 1.066e-02 |   3.273e-02  |  4.623e+05  |    4.789e+05   
 26.4% | 000058880 |    0.0866975  | 5.513e+04| 7.001e+04| 7.427e+04|  2.333e-02 |  6.011e-03 |  6.262e-03 | 1.056e-02 |   4.411e-02  |  3.979e+05  |    4.782e+05   
 26.7% | 000059520 |    0.0707094  |          | 7.380e+04| 7.425e+04|            |            |  2.767e-02 | 1.194e-02 |   3.038e-02  |  4.840e+05  |    4.782e+05   
 27.0% | 000060160 |    0.0836998  | 5.388e+04| 7.215e+04| 7.566e+04|  2.339e-02 |  8.006e-03 |  6.008e-03 | 1.253e-02 |   3.933e-02  |  4.057e+05  |    4.776e+05   
 27.3% | 000060800 |    0.0631719  |          | 7.247e+04| 7.518e+04|            |            |  2.198e-02 | 1.079e-02 |   2.973e-02  |  5.333e+05  |    4.779e+05   
 27.6% | 000061440 |    0.0838724  | 5.642e+04| 7.191e+04| 7.613e+04|  2.351e-02 |  5.870e-03 |  5.875e-03 | 1.011e-02 |   4.184e-02  |  3.985e+05  |    4.772e+05   
 27.9% | 000062080 |    0.0649144  |          | 7.312e+04| 7.461e+04|            |            |  2.475e-02 | 1.036e-02 |   2.911e-02  |  5.109e+05  |    4.775e+05   
 28.2% | 000062720 |    0.0815144  | 5.611e+04| 7.223e+04| 7.698e+04|  2.331e-02 |  7.998e-03 |  5.938e-03 | 1.137e-02 |   3.845e-02  |  4.036e+05  |    4.768e+05   
 28.4% | 000063360 |    0.0690365  |          | 7.265e+04| 7.473e+04|            |            |  2.965e-02 | 9.855e-03 |   2.881e-02  |  4.727e+05  |    4.768e+05   
 28.7% | 000064000 |    0.0819793  | 5.367e+04| 7.101e+04| 7.631e+04|  2.308e-02 |  5.873e-03 |  6.005e-03 | 9.655e-03 |   4.069e-02  |  3.949e+05  |    4.761e+05   
 29.0% | 000064640 |    0.0622730  |          | 7.365e+04| 7.462e+04|            |            |  2.380e-02 | 9.717e-03 |   2.807e-02  |  5.157e+05  |    4.764e+05   
 29.3% | 000065280 |    0.0803316  | 5.379e+04| 7.202e+04| 7.577e+04|  2.337e-02 |  8.113e-03 |  5.880e-03 | 1.035e-02 |   3.822e-02  |  3.966e+05  |    4.757e+05   
 29.6% | 000065920 |    0.0610686  |          | 7.290e+04| 7.384e+04|            |            |  2.265e-02 | 1.032e-02 |   2.744e-02  |  5.174e+05  |    4.760e+05   
 29.9% | 000066560 |    0.0795560  | 5.358e+04| 7.174e+04| 7.634e+04|  2.298e-02 |  5.969e-03 |  5.572e-03 | 1.024e-02 |   3.832e-02  |  3.940e+05  |    4.753e+05   
 30.2% | 000067200 |    0.0621682  |          | 7.442e+04| 7.349e+04|            |            |  2.526e-02 | 9.189e-03 |   2.706e-02  |  5.000e+05  |    4.755e+05   
 30.5% | 000067840 |    0.0780104  | 6.042e+04| 7.172e+04| 7.633e+04|  2.303e-02 |  7.944e-03 |  5.657e-03 | 1.081e-02 |   3.606e-02  |  3.952e+05  |    4.749e+05   
 30.7% | 000068480 |    0.0597943  |          | 7.280e+04| 7.427e+04|            |            |  2.280e-02 | 1.018e-02 |   2.615e-02  |  5.114e+05  |    4.751e+05   
 31.0% | 000069120 |    0.0781334  | 5.685e+04| 7.166e+04| 7.585e+04|  2.270e-02 |  6.005e-03 |  5.671e-03 | 1.015e-02 |   3.724e-02  |  3.881e+05  |    4.744e+05   
 31.3% | 000069760 |    0.0629045  |          | 7.346e+04| 7.419e+04|            |            |  2.730e-02 | 9.602e-03 |   2.528e-02  |  4.781e+05  |    4.745e+05   
 31.6% | 000070400 |    0.0762415  | 5.629e+04| 7.233e+04| 7.469e+04|  2.257e-02 |  7.691e-03 |  5.532e-03 | 1.087e-02 |   3.475e-02  |  3.912e+05  |    4.739e+05   
 31.9% | 000071040 |    0.0626773  |          | 7.574e+04| 7.372e+04|            |            |  2.733e-02 | 9.865e-03 |   2.480e-02  |  4.718e+05  |    4.738e+05   
 32.2% | 000071680 |    0.0756993  | 5.289e+04| 7.171e+04| 7.612e+04|  2.243e-02 |  5.763e-03 |  5.617e-03 | 9.937e-03 |   3.517e-02  |  3.874e+05  |    4.732e+05   
 32.5% | 000072320 |    0.0560654  |          | 7.504e+04| 7.462e+04|            |            |  2.139e-02 | 1.006e-02 |   2.390e-02  |  5.186e+05  |    4.735e+05   
 32.8% | 000072960 |    0.0749743  | 5.661e+04| 7.148e+04| 7.504e+04|  2.297e-02 |  8.131e-03 |  5.493e-03 | 9.905e-03 |   3.426e-02  |  3.845e+05  |    4.729e+05   
 33.0% | 000073600 |    0.0601546  |          | 7.308e+04| 7.372e+04|            |            |  2.638e-02 | 9.501e-03 |   2.360e-02  |  4.752e+05  |    4.729e+05   
 33.3% | 000074240 |    0.0741153  | 6.194e+04| 7.173e+04| 7.591e+04|  2.246e-02 |  5.808e-03 |  5.592e-03 | 9.390e-03 |   3.421e-02  |  3.824e+05  |    4.723e+05   
 33.6% | 000074880 |    0.0553644  |          | 7.403e+04| 7.389e+04|            |            |  2.224e-02 | 9.770e-03 |   2.265e-02  |  5.075e+05  |    4.724e+05   
 33.9% | 000075520 |    0.0730487  | 5.799e+04| 7.178e+04| 7.468e+04|  2.247e-02 |  7.594e-03 |  5.462e-03 | 9.945e-03 |   3.270e-02  |  3.813e+05  |    4.718e+05   
 34.2% | 000076160 |    0.0589084  |          | 7.745e+04| 7.195e+04|            |            |  2.632e-02 | 8.946e-03 |   2.296e-02  |  4.688e+05  |    4.718e+05   
 34.5% | 000076800 |    0.0728853  | 5.878e+04| 7.146e+04| 7.410e+04|  2.222e-02 |  5.719e-03 |  5.259e-03 | 9.575e-03 |   3.348e-02  |  3.756e+05  |    4.712e+05   
 34.8% | 000077440 |    0.0536529  |          | 7.350e+04| 7.331e+04|            |            |  2.196e-02 | 9.510e-03 |   2.145e-02  |  5.058e+05  |    4.714e+05   
 35.1% | 000078080 |    0.0711632  | 5.854e+04| 7.147e+04| 7.545e+04|  2.240e-02 |  7.608e-03 |  5.279e-03 | 1.001e-02 |   3.109e-02  |  3.780e+05  |    4.708e+05   
 35.3% | 000078720 |    0.0566162  |          | 7.321e+04| 7.308e+04|            |            |  2.591e-02 | 8.737e-03 |   2.129e-02  |  4.709e+05  |    4.708e+05   
 35.6% | 000079360 |    0.0724434  | 5.555e+04| 7.125e+04| 7.207e+04|  2.217e-02 |  5.545e-03 |  5.278e-03 | 9.237e-03 |   3.320e-02  |  3.648e+05  |    4.701e+05   
 35.9% | 000080000 |    0.0506205  |          | 7.177e+04| 7.241e+04|            |            |  1.921e-02 | 9.969e-03 |   2.077e-02  |  5.174e+05  |    4.703e+05   
 36.2% | 000080640 |    0.0709468  | 7.083e+04| 7.159e+04| 7.152e+04|  2.271e-02 |  7.592e-03 |  5.433e-03 | 1.045e-02 |   3.002e-02  |  3.658e+05  |    4.697e+05   
 36.5% | 000081280 |    0.0525986  |          | 7.307e+04| 7.147e+04|            |            |  1.900e-02 | 1.436e-02 |   1.855e-02  |  4.890e+05  |    4.698e+05   
 36.8% | 000081920 |    0.0707977  | 5.444e+04| 7.146e+04| 7.189e+04|  2.259e-02 |  5.977e-03 |  5.381e-03 | 9.395e-03 |   3.106e-02  |  3.601e+05  |    4.691e+05   
 37.1% | 000082560 |    0.0487443  |          | 7.374e+04| 7.094e+04|            |            |  1.837e-02 | 9.913e-03 |   1.976e-02  |  5.182e+05  |    4.693e+05   
 37.4% | 000083200 |    0.0695551  | 6.948e+04| 7.111e+04| 7.226e+04|  2.304e-02 |  7.898e-03 |  5.118e-03 | 1.018e-02 |   2.894e-02  |  3.599e+05  |    4.686e+05   
 37.6% | 000083840 |    0.0491398  |          | 7.422e+04| 7.186e+04|            |            |  1.875e-02 | 1.069e-02 |   1.899e-02  |  5.047e+05  |    4.688e+05   
 37.9% | 000084480 |    0.0692191  | 6.386e+04| 7.119e+04| 7.238e+04|  2.259e-02 |  5.596e-03 |  5.213e-03 | 9.512e-03 |   2.948e-02  |  3.550e+05  |    4.681e+05   
 38.2% | 000085120 |    0.0490173  |          | 7.281e+04| 7.149e+04|            |            |  1.813e-02 | 1.182e-02 |   1.835e-02  |  4.967e+05  |    4.683e+05   
 38.5% | 000085760 |    0.0688973  | 5.886e+04| 7.025e+04| 7.089e+04|  2.325e-02 |  8.527e-03 |  5.250e-03 | 9.198e-03 |   2.884e-02  |  3.501e+05  |    4.676e+05   
 38.8% | 000086400 |    0.0488707  |          | 7.448e+04| 7.058e+04|            |            |  1.777e-02 | 1.260e-02 |   1.786e-02  |  4.890e+05  |    4.677e+05   
 39.1% | 000087040 |    0.0676773  | 5.679e+04| 7.114e+04| 7.182e+04|  2.246e-02 |  6.100e-03 |  5.200e-03 | 8.995e-03 |   2.870e-02  |  3.498e+05  |    4.670e+05   
 39.4% | 000087680 |    0.0471774  |          | 7.254e+04| 7.086e+04|            |            |  1.719e-02 | 1.233e-02 |   1.694e-02  |  4.971e+05  |    4.671e+05   
 39.7% | 000088320 |    0.0668013  | 5.796e+04| 7.033e+04| 7.140e+04|  2.283e-02 |  8.075e-03 |  4.966e-03 | 9.188e-03 |   2.743e-02  |  3.478e+05  |    4.665e+05   
 39.9% | 000088960 |    0.0478141  |          | 7.138e+04| 7.109e+04|            |            |  1.743e-02 | 1.359e-02 |   1.612e-02  |  4.813e+05  |    4.665e+05   
 40.2% | 000089600 |    0.0660868  | 5.533e+04| 7.087e+04| 7.189e+04|  2.259e-02 |  6.184e-03 |  5.125e-03 | 8.139e-03 |   2.790e-02  |  3.449e+05  |    4.659e+05   
 40.5% | 000090240 |    0.0449410  |          | 7.414e+04| 6.926e+04|            |            |  1.671e-02 | 1.045e-02 |   1.708e-02  |  5.023e+05  |    4.660e+05   
 40.8% | 000090880 |    0.0653652  | 5.508e+04| 7.058e+04| 7.133e+04|  2.311e-02 |  8.449e-03 |  4.961e-03 | 9.079e-03 |   2.583e-02  |  3.420e+05  |    4.654e+05   
 41.1% | 000091520 |    0.0460151  |          | 7.713e+04| 7.059e+04|            |            |  1.760e-02 | 1.205e-02 |   1.566e-02  |  4.812e+05  |    4.654e+05   
 41.4% | 000092160 |    0.0635325  | 5.395e+04| 7.086e+04| 7.240e+04|  2.191e-02 |  6.496e-03 |  5.094e-03 | 8.364e-03 |   2.583e-02  |  3.451e+05  |    4.648e+05   
 41.7% | 000092800 |    0.0441285  |          | 7.341e+04| 7.155e+04|            |            |  1.735e-02 | 1.131e-02 |   1.477e-02  |  4.920e+05  |    4.649e+05   
 42.0% | 000093440 |    0.0624485  | 5.507e+04| 7.057e+04| 7.382e+04|  2.223e-02 |  7.479e-03 |  4.804e-03 | 8.770e-03 |   2.414e-02  |  3.443e+05  |    4.643e+05   
 42.2% | 000094080 |    0.0440937  |          | 7.233e+04| 7.031e+04|            |            |  1.836e-02 | 1.008e-02 |   1.496e-02  |  4.828e+05  |    4.644e+05   
 42.5% | 000094720 |    0.0626526  | 5.422e+04| 7.065e+04| 7.317e+04|  2.257e-02 |  6.017e-03 |  4.782e-03 | 8.353e-03 |   2.459e-02  |  3.364e+05  |    4.638e+05   
 42.8% | 000095360 |    0.0427686  |          | 7.372e+04| 7.168e+04|            |            |  1.935e-02 | 9.075e-03 |   1.363e-02  |  4.879e+05  |    4.638e+05   
 43.1% | 000096000 |    0.0618781  | 4.992e+04| 7.073e+04| 7.145e+04|  2.259e-02 |  8.064e-03 |  4.678e-03 | 8.796e-03 |   2.338e-02  |  3.339e+05  |    4.632e+05   
 43.4% | 000096640 |    0.0424257  |          | 7.698e+04| 7.097e+04|            |            |  1.955e-02 | 8.655e-03 |   1.354e-02  |  4.820e+05  |    4.633e+05   
 43.7% | 000097280 |    0.0614710  | 5.381e+04| 7.039e+04| 7.186e+04|  2.208e-02 |  5.839e-03 |  4.775e-03 | 8.105e-03 |   2.410e-02  |  3.293e+05  |    4.627e+05   
 44.0% | 000097920 |    0.0402016  |          | 7.480e+04| 7.132e+04|            |            |  1.797e-02 | 8.709e-03 |   1.282e-02  |  4.984e+05  |    4.628e+05   
 44.3% | 000098560 |    0.0598217  | 6.969e+04| 7.118e+04| 7.345e+04|  2.271e-02 |  7.794e-03 |  4.505e-03 | 8.934e-03 |   2.134e-02  |  3.316e+05  |    4.622e+05   
 44.5% | 000099200 |    0.0417143  |          | 7.330e+04| 7.105e+04|            |            |  2.029e-02 | 8.126e-03 |   1.261e-02  |  4.706e+05  |    4.622e+05   
 44.8% | 000099840 |    0.0604293  | 6.094e+04| 7.021e+04| 7.040e+04|  2.227e-02 |  6.051e-03 |  4.535e-03 | 7.683e-03 |   2.359e-02  |  3.215e+05  |    4.616e+05   
 45.1% | 000100480 |    0.0385664  |          | 7.474e+04| 7.049e+04|            |            |  1.739e-02 | 8.375e-03 |   1.213e-02  |  4.985e+05  |    4.617e+05   
 45.4% | 000101120 |    0.0589864  | 6.295e+04| 7.110e+04| 7.196e+04|  2.282e-02 |  8.166e-03 |  4.454e-03 | 8.574e-03 |   2.077e-02  |  3.226e+05  |    4.610e+05   
 45.7% | 000101760 |    0.0411476  |          | 7.241e+04| 6.916e+04|            |            |  2.050e-02 | 8.125e-03 |   1.188e-02  |  4.576e+05  |    4.610e+05   
 46.0% | 000102400 |    0.0582080  | 5.757e+04| 7.058e+04| 7.114e+04|  2.205e-02 |  6.049e-03 |  4.439e-03 | 8.036e-03 |   2.142e-02  |  3.200e+05  |    4.604e+05   
 46.3% | 000103040 |    0.0385848  |          | 7.056e+04| 6.998e+04|            |            |  1.814e-02 | 8.475e-03 |   1.119e-02  |  4.777e+05  |    4.605e+05   
 46.6% | 000103680 |    0.0577330  | 6.125e+04| 6.859e+04| 7.225e+04|  2.255e-02 |  8.067e-03 |  4.366e-03 | 7.794e-03 |   2.072e-02  |  3.159e+05  |    4.599e+05   
 46.8% | 000104320 |    0.0396619  |          | 7.082e+04| 6.881e+04|            |            |  2.068e-02 | 7.522e-03 |   1.080e-02  |  4.549e+05  |    4.598e+05   
 47.1% | 000104960 |    0.0570241  | 7.232e+04| 6.862e+04| 7.296e+04|  2.166e-02 |  5.760e-03 |  4.290e-03 | 8.190e-03 |   2.059e-02  |  3.130e+05  |    4.592e+05   
 47.4% | 000105600 |    0.0387618  |          | 7.203e+04| 7.014e+04|            |            |  2.020e-02 | 7.678e-03 |   1.020e-02  |  4.554e+05  |    4.592e+05   
 47.7% | 000106240 |    0.0559674  | 6.498e+04| 6.808e+04| 7.268e+04|  2.200e-02 |  7.954e-03 |  4.189e-03 | 7.980e-03 |   1.946e-02  |  3.120e+05  |    4.586e+05   
 48.0% | 000106880 |    0.0388996  |          | 7.001e+04| 6.938e+04|            |            |  2.060e-02 | 7.881e-03 |   9.743e-03  |  4.440e+05  |    4.586e+05   
 48.3% | 000107520 |    0.0554729  | 5.828e+04| 6.807e+04| 7.211e+04|  2.141e-02 |  5.741e-03 |  4.388e-03 | 7.517e-03 |   1.979e-02  |  3.079e+05  |    4.580e+05   
 48.6% | 000108160 |    0.0367353  |          | 7.131e+04| 6.870e+04|            |            |  1.946e-02 | 7.740e-03 |   8.811e-03  |  4.598e+05  |    4.580e+05   
 48.9% | 000108800 |    0.0545403  | 6.231e+04| 6.905e+04| 6.979e+04|  2.153e-02 |  7.401e-03 |  4.002e-03 | 8.999e-03 |   1.754e-02  |  3.063e+05  |    4.574e+05   
 49.1% | 000109440 |    0.0361740  |          | 7.114e+04| 6.840e+04|            |            |  1.850e-02 | 8.140e-03 |   8.868e-03  |  4.566e+05  |    4.574e+05   
 49.4% | 000110080 |    0.0541732  | 6.663e+04| 6.819e+04| 7.276e+04|  2.200e-02 |  5.955e-03 |  4.249e-03 | 6.998e-03 |   1.873e-02  |  3.015e+05  |    4.568e+05   
 49.7% | 000110720 |    0.0346136  |          | 6.956e+04| 7.000e+04|            |            |  1.750e-02 | 8.285e-03 |   8.139e-03  |  4.665e+05  |    4.568e+05   
 50.0% | 000111360 |    0.0541894  | 5.859e+04| 6.843e+04| 6.968e+04|  2.237e-02 |  7.959e-03 |  4.076e-03 | 8.041e-03 |   1.739e-02  |  2.946e+05  |    4.562e+05   
 50.3% | 000112000 |    0.0351349  |          | 7.101e+04| 6.887e+04|            |            |  1.814e-02 | 8.218e-03 |   8.090e-03  |  4.492e+05  |    4.562e+05   
 50.6% | 000112640 |    0.0533367  | 5.570e+04| 6.798e+04| 7.071e+04|  2.192e-02 |  5.988e-03 |  4.186e-03 | 6.876e-03 |   1.805e-02  |  2.925e+05  |    4.556e+05   
 50.9% | 000113280 |    0.0331586  |          | 6.911e+04| 6.697e+04|            |            |  1.758e-02 | 6.997e-03 |   7.878e-03  |  4.651e+05  |    4.556e+05   
 51.1% | 000113920 |    0.0527345  | 6.830e+04| 6.850e+04| 6.991e+04|  2.244e-02 |  8.039e-03 |  4.045e-03 | 7.329e-03 |   1.668e-02  |  2.890e+05  |    4.550e+05   
 51.4% | 000114560 |    0.0329694  |          | 7.188e+04| 6.760e+04|            |            |  1.806e-02 | 7.012e-03 |   7.201e-03  |  4.569e+05  |    4.550e+05   
 51.7% | 000115200 |    0.0521443  | 6.218e+04| 6.892e+04| 7.053e+04|  2.202e-02 |  6.115e-03 |  3.907e-03 | 7.224e-03 |   1.661e-02  |  2.855e+05  |    4.543e+05   
 52.0% | 000115840 |    0.0332518  |          | 7.140e+04| 6.817e+04|            |            |  1.823e-02 | 7.744e-03 |   6.536e-03  |  4.424e+05  |    4.543e+05   
 52.3% | 000116480 |    0.0516376  | 5.280e+04| 6.804e+04| 6.951e+04|  2.237e-02 |  8.346e-03 |  3.724e-03 | 7.768e-03 |   1.547e-02  |  2.815e+05  |    4.537e+05   
 52.6% | 000117120 |    0.0315331  |          | 7.282e+04| 6.813e+04|            |            |  1.746e-02 | 7.169e-03 |   6.254e-03  |  4.554e+05  |    4.537e+05   
 52.9% | 000117760 |    0.0504679  | 5.690e+04| 6.765e+04| 7.300e+04|  2.184e-02 |  6.029e-03 |  3.800e-03 | 6.559e-03 |   1.588e-02  |  2.811e+05  |    4.531e+05   
 53.2% | 000118400 |    0.0314956  |          | 7.028e+04| 7.175e+04|            |            |  1.803e-02 | 7.450e-03 |   5.253e-03  |  4.450e+05  |    4.531e+05   
 53.4% | 000119040 |    0.0494544  | 5.112e+04| 6.754e+04| 7.146e+04|  2.185e-02 |  8.034e-03 |  3.648e-03 | 7.606e-03 |   1.403e-02  |  2.799e+05  |    4.525e+05   
 53.7% | 000119680 |    0.0309995  |          | 7.144e+04| 6.823e+04|            |            |  1.735e-02 | 7.630e-03 |   5.344e-03  |  4.411e+05  |    4.525e+05   
 54.0% | 000120320 |    0.0488770  | 5.542e+04| 6.777e+04| 7.579e+04|  2.166e-02 |  6.176e-03 |  3.809e-03 | 6.814e-03 |   1.436e-02  |  2.763e+05  |    4.519e+05   
 54.3% | 000120960 |    0.0291338  |          | 7.036e+04| 7.114e+04|            |            |  1.735e-02 | 6.486e-03 |   4.605e-03  |  4.578e+05  |    4.519e+05   
 54.6% | 000121600 |    0.0488281  | 5.920e+04| 6.738e+04| 7.037e+04|  2.205e-02 |  8.204e-03 |  3.612e-03 | 7.479e-03 |   1.338e-02  |  2.697e+05  |    4.513e+05   
 54.9% | 000122240 |    0.0297776  |          | 7.180e+04| 6.694e+04|            |            |  1.757e-02 | 6.828e-03 |   4.678e-03  |  4.368e+05  |    4.513e+05   
 55.2% | 000122880 |    0.0483547  | 6.369e+04| 6.756e+04| 7.116e+04|  2.184e-02 |  6.168e-03 |  3.622e-03 | 6.620e-03 |   1.408e-02  |  2.656e+05  |    4.507e+05   
 55.5% | 000123520 |    0.0285205  |          | 7.017e+04| 6.806e+04|            |            |  1.683e-02 | 6.709e-03 |   4.249e-03  |  4.445e+05  |    4.507e+05   
 55.7% | 000124160 |    0.0471340  | 5.583e+04| 6.786e+04| 7.323e+04|  2.209e-02 |  8.308e-03 |  3.533e-03 | 7.085e-03 |   1.229e-02  |  2.655e+05  |    4.501e+05   
 56.0% | 000124800 |    0.0294169  |          | 7.168e+04| 6.616e+04|            |            |  1.819e-02 | 6.812e-03 |   3.799e-03  |  4.199e+05  |    4.500e+05   
 56.3% | 000125440 |    0.0470668  | 5.360e+04| 6.782e+04| 6.895e+04|  2.144e-02 |  6.368e-03 |  3.684e-03 | 7.310e-03 |   1.242e-02  |  2.591e+05  |    4.494e+05   
 56.6% | 000126080 |    0.0274695  |          | 7.059e+04| 6.664e+04|            |            |  1.655e-02 | 6.814e-03 |   3.405e-03  |  4.381e+05  |    4.494e+05   
 56.9% | 000126720 |    0.0463771  | 5.084e+04| 6.751e+04| 6.683e+04|  2.176e-02 |  8.097e-03 |  3.550e-03 | 6.385e-03 |   1.215e-02  |  2.561e+05  |    4.488e+05   
 57.2% | 000127360 |    0.0282768  |          | 7.154e+04| 6.508e+04|            |            |  1.825e-02 | 6.082e-03 |   3.277e-03  |  4.144e+05  |    4.487e+05   
 57.5% | 000128000 |    0.0448023  | 5.874e+04| 6.824e+04| 7.304e+04|  2.081e-02 |  5.739e-03 |  3.372e-03 | 6.609e-03 |   1.172e-02  |  2.581e+05  |    4.482e+05   
 57.8% | 000128640 |    0.0272662  |          | 7.056e+04| 6.643e+04|            |            |  1.736e-02 | 6.345e-03 |   2.847e-03  |  4.183e+05  |    4.481e+05   
 58.0% | 000129280 |    0.0449594  | 6.530e+04| 6.723e+04| 6.904e+04|  2.157e-02 |  7.998e-03 |  3.298e-03 | 6.547e-03 |   1.132e-02  |  2.503e+05  |    4.475e+05   
 58.3% | 000129920 |    0.0263979  |          | 7.239e+04| 6.278e+04|            |            |  1.675e-02 | 6.261e-03 |   2.733e-03  |  4.205e+05  |    4.475e+05   
 58.6% | 000130560 |    0.0442182  | 5.854e+04| 6.717e+04| 6.829e+04|  2.102e-02 |  5.984e-03 |  3.385e-03 | 5.776e-03 |   1.182e-02  |  2.476e+05  |    4.469e+05   
 58.9% | 000131200 |    0.0252756  |          | 7.097e+04| 6.233e+04|            |            |  1.656e-02 | 5.782e-03 |   2.243e-03  |  4.271e+05  |    4.469e+05   
 59.2% | 000131840 |    0.0436703  | 6.291e+04| 6.717e+04| 7.022e+04|  2.158e-02 |  7.913e-03 |  3.334e-03 | 6.386e-03 |   1.007e-02  |  2.438e+05  |    4.463e+05   
 59.5% | 000132480 |    0.0261966  |          | 7.010e+04| 6.047e+04|            |            |  1.739e-02 | 6.197e-03 |   1.946e-03  |  4.007e+05  |    4.462e+05   
 59.8% | 000133120 |    0.0435487  | 5.812e+04| 6.703e+04| 6.642e+04|  2.113e-02 |  6.142e-03 |  3.459e-03 | 5.632e-03 |   1.111e-02  |  2.377e+05  |    4.456e+05   
 60.1% | 000133760 |    0.0244086  |          | 7.035e+04| 6.151e+04|            |            |  1.611e-02 | 5.802e-03 |   1.767e-03  |  4.180e+05  |    4.456e+05   
 60.3% | 000134400 |    0.0425889  | 6.620e+04| 6.849e+04| 6.638e+04|  2.124e-02 |  7.779e-03 |  3.189e-03 | 7.014e-03 |   8.924e-03  |  2.361e+05  |    4.450e+05   
 60.6% | 000135040 |    0.0247855  |          | 7.095e+04| 6.129e+04|            |            |  1.717e-02 | 5.969e-03 |   9.645e-04  |  3.999e+05  |    4.449e+05   
 60.9% | 000135680 |    0.0418469  | 6.226e+04| 6.763e+04| 7.018e+04|  2.100e-02 |  6.115e-03 |  3.267e-03 | 5.640e-03 |   9.486e-03  |  2.334e+05  |    4.444e+05   
 61.2% | 000136320 |    0.0239949  |          | 7.308e+04| 6.393e+04|            |            |  1.645e-02 | 5.928e-03 |   8.583e-04  |  4.012e+05  |    4.443e+05   
 61.5% | 000136960 |    0.0414685  | 6.003e+04| 6.742e+04| 6.195e+04|  2.097e-02 |  7.581e-03 |  3.120e-03 | 6.010e-03 |   9.079e-03  |  2.287e+05  |    4.437e+05   
 61.8% | 000137600 |    0.0231582  |          | 7.006e+04| 6.133e+04|            |            |  1.643e-02 | 5.558e-03 |   4.902e-04  |  4.035e+05  |    4.437e+05   
 62.1% | 000138240 |    0.0409037  | 6.180e+04| 6.745e+04| 6.748e+04|  2.069e-02 |  5.818e-03 |  3.175e-03 | 5.597e-03 |   9.186e-03  |  2.250e+05  |    4.431e+05   
 62.4% | 000138880 |    0.0224234  |          | 7.186e+04| 6.111e+04|            |            |  1.624e-02 | 5.183e-03 |   2.699e-04  |  4.043e+05  |    4.430e+05   
 62.6% | 000139520 |    0.0410421  | 6.589e+04| 6.779e+04| 6.514e+04|  2.111e-02 |  7.904e-03 |  3.057e-03 | 6.090e-03 |   8.676e-03  |  2.176e+05  |    4.425e+05   
 62.9% | 000140160 |    0.0225311  |          | 7.040e+04| 5.926e+04|            |            |  1.660e-02 | 5.228e-03 |   2.367e-05  |  3.902e+05  |    4.424e+05   
 63.2% | 000140800 |    0.0398781  | 6.458e+04| 6.687e+04| 6.852e+04|  2.059e-02 |  5.862e-03 |  2.989e-03 | 5.029e-03 |   8.989e-03  |  2.171e+05  |    4.418e+05   
 63.5% | 000141440 |    0.0216073  |          | 7.512e+04| 5.697e+04|            |            |  1.577e-02 | 5.053e-03 |   2.612e-05  |  3.944e+05  |    4.418e+05   
 63.8% | 000142080 |    0.0404321  | 6.306e+04| 7.253e+04| 6.300e+04|  2.099e-02 |  7.707e-03 |  2.955e-03 | 6.434e-03 |   7.771e-03  |  2.075e+05  |    4.412e+05   
 64.1% | 000142720 |    0.0208050  |          | 7.332e+04| 5.618e+04|            |            |  1.531e-02 | 4.800e-03 |   2.267e-05  |  3.969e+05  |    4.411e+05   
 64.4% | 000143360 |    0.0390424  | 6.113e+04| 7.267e+04| 6.332e+04|  2.039e-02 |  5.722e-03 |  2.974e-03 | 5.359e-03 |   8.206e-03  |  2.081e+05  |    4.405e+05   
 64.7% | 000144000 |    0.0214773  |          | 7.685e+04| 5.599e+04|            |            |  1.576e-02 | 4.915e-03 |   9.911e-05  |  3.723e+05  |    4.404e+05   
 64.9% | 000144640 |    0.0394923  | 5.877e+04| 7.270e+04| 5.749e+04|  2.035e-02 |  7.184e-03 |  2.862e-03 | 6.256e-03 |   7.628e-03  |  1.992e+05  |    4.398e+05   
 65.2% | 000145280 |    0.0209310  |          | 7.594e+04| 5.387e+04|            |            |  1.528e-02 | 4.957e-03 |   2.125e-05  |  3.698e+05  |    4.398e+05   
 65.5% | 000145920 |    0.0383397  | 4.805e+04| 7.215e+04| 6.270e+04|  2.000e-02 |  5.566e-03 |  2.866e-03 | 5.168e-03 |   8.034e-03  |  1.986e+05  |    4.392e+05   
 65.8% | 000146560 |    0.0206149  |          | 7.599e+04| 5.313e+04|            |            |  1.522e-02 | 4.666e-03 |   2.041e-05  |  3.632e+05  |    4.391e+05   
 66.1% | 000147200 |    0.0385573  | 5.081e+04| 7.114e+04| 6.005e+04|  2.004e-02 |  7.055e-03 |  2.760e-03 | 5.847e-03 |   7.677e-03  |  1.909e+05  |    4.385e+05   
 66.4% | 000147840 |    0.0202983  |          | 7.423e+04| 5.302e+04|            |            |  1.503e-02 | 4.617e-03 |   1.970e-05  |  3.566e+05  |    4.384e+05   
 66.7% | 000148480 |    0.0378250  | 5.076e+04| 7.145e+04| 5.876e+04|  1.992e-02 |  5.572e-03 |  2.762e-03 | 4.858e-03 |   8.110e-03  |  1.881e+05  |    4.378e+05   
 67.0% | 000149120 |    0.0202310  |          | 7.399e+04| 5.309e+04|            |            |  1.517e-02 | 4.314e-03 |   3.746e-05  |  3.457e+05  |    4.377e+05   
 67.2% | 000149760 |    0.0377556  | 4.973e+04| 7.172e+04| 5.889e+04|  1.998e-02 |  7.027e-03 |  2.668e-03 | 5.346e-03 |   7.741e-03  |  1.821e+05  |    4.371e+05   
 67.5% | 000150400 |    0.0200292  |          | 7.335e+04| 5.218e+04|            |            |  1.496e-02 | 4.368e-03 |   1.994e-05  |  3.372e+05  |    4.370e+05   
 67.8% | 000151040 |    0.0370971  | 4.468e+04| 7.169e+04| 5.902e+04|  1.975e-02 |  5.415e-03 |  2.697e-03 | 4.586e-03 |   7.779e-03  |  1.789e+05  |    4.364e+05   
 68.1% | 000151680 |    0.0200969  |          | 7.422e+04| 4.999e+04|            |            |  1.532e-02 | 4.044e-03 |   2.087e-05  |  3.243e+05  |    4.362e+05   
 68.4% | 000152320 |    0.0374485  | 4.699e+04| 7.051e+04| 5.981e+04|  2.001e-02 |  7.049e-03 |  2.548e-03 | 5.119e-03 |   7.524e-03  |  1.709e+05  |    4.356e+05   
 68.7% | 000152960 |    0.0199180  |          | 7.299e+04| 4.965e+04|            |            |  1.489e-02 | 4.255e-03 |   2.117e-05  |  3.156e+05  |    4.355e+05   
 69.0% | 000153600 |    0.0370627  | 4.815e+04| 7.022e+04| 5.389e+04|  1.985e-02 |  5.470e-03 |  2.580e-03 | 4.556e-03 |   7.834e-03  |  1.665e+05  |    4.349e+05   
 69.3% | 000154240 |    0.0200910  |          | 7.441e+04| 4.415e+04|            |            |  1.508e-02 | 4.258e-03 |   2.078e-05  |  3.016e+05  |    4.347e+05   
 69.5% | 000154880 |    0.0370971  | 4.544e+04| 7.130e+04| 4.144e+02|  2.000e-02 |  7.097e-03 |  2.435e-03 | 5.172e-03 |   6.988e-03  |  1.603e+05  |    4.341e+05   
 69.8% | 000155520 |    0.0196234  |          | 7.233e+04| 5.877e+02|            |            |  1.481e-02 | 4.100e-03 |   2.003e-05  |  2.974e+05  |    4.339e+05   
 70.1% | 000156160 |    0.0367925  | 4.650e+04| 6.691e+04|          |  1.985e-02 |  5.531e-03 |  2.498e-03 | 4.258e-03 |   8.408e-03  |  1.556e+05  |    4.333e+05   
 70.4% | 000156800 |    0.0194727  |          | 6.833e+04|          |            |            |  1.500e-02 | 3.788e-03 |   1.912e-04  |  2.884e+05  |    4.331e+05   
 70.7% | 000157440 |    0.0363590  | 4.253e+04| 6.588e+04|          |  1.992e-02 |  7.166e-03 |  2.323e-03 | 4.335e-03 |   7.953e-03  |  1.515e+05  |    4.325e+05   
 71.0% | 000158080 |    0.0197725  |          | 7.035e+04|          |            |            |  1.511e-02 | 4.011e-03 |   1.647e-04  |  2.732e+05  |    4.323e+05   
 71.3% | 000158720 |    0.0354419  | 4.325e+04| 6.649e+04|          |  1.965e-02 |  5.579e-03 |  2.371e-03 | 3.961e-03 |   7.672e-03  |  1.494e+05  |    4.317e+05   
 71.6% | 000159360 |    0.0202649  |          | 6.928e+04|          |            |            |  1.553e-02 | 4.085e-03 |   1.728e-04  |  2.561e+05  |    4.315e+05   
 71.8% | 000160000 |    0.0353074  | 5.117e+04| 6.567e+04|          |  1.968e-02 |  7.124e-03 |  2.243e-03 | 4.385e-03 |   7.280e-03  |  1.441e+05  |    4.309e+05   
 72.1% | 000160640 |    0.0200199  |          | 6.840e+04|          |            |            |  1.559e-02 | 3.830e-03 |   1.635e-04  |  2.490e+05  |    4.307e+05   
 72.4% | 000161280 |    0.0342670  | 4.851e+04| 6.569e+04|          |  1.932e-02 |  5.454e-03 |  2.259e-03 | 3.854e-03 |   7.107e-03  |  1.425e+05  |    4.301e+05   
 72.7% | 000161920 |    0.0198519  |          | 6.869e+04|          |            |            |  1.551e-02 | 3.652e-03 |   1.983e-04  |  2.409e+05  |    4.299e+05   
 73.0% | 000162560 |    0.0341867  | 4.927e+04| 6.550e+04|          |  1.949e-02 |  7.022e-03 |  2.148e-03 | 4.213e-03 |   6.600e-03  |  1.370e+05  |    4.293e+05   
 73.3% | 000163200 |    0.0200993  |          | 6.818e+04|          |            |            |  1.590e-02 | 3.560e-03 |   1.841e-04  |  2.280e+05  |    4.290e+05   
 73.6% | 000163840 |    0.0329136  | 4.911e+04| 6.647e+04|          |  1.918e-02 |  5.534e-03 |  2.145e-03 | 3.355e-03 |   6.517e-03  |  1.363e+05  |    4.285e+05   
 73.9% | 000164480 |    0.0207184  |          | 6.815e+04|          |            |            |  1.654e-02 | 3.522e-03 |   1.755e-04  |  2.119e+05  |    4.282e+05   
 74.1% | 000165120 |    0.0331892  | 4.691e+04| 6.572e+04|          |  1.926e-02 |  6.900e-03 |  2.099e-03 | 4.214e-03 |   5.869e-03  |  1.294e+05  |    4.276e+05   
 74.4% | 000165760 |    0.0202474  |          | 6.713e+04|          |            |            |  1.599e-02 | 3.663e-03 |   1.410e-04  |  2.074e+05  |    4.274e+05   
 74.7% | 000166400 |    0.0323727  | 4.938e+04| 6.650e+04|          |  1.908e-02 |  5.542e-03 |  2.095e-03 | 3.710e-03 |   5.776e-03  |  1.268e+05  |    4.268e+05   
 75.0% | 000167040 |    0.0205085  |          | 6.746e+04|          |            |            |  1.641e-02 | 3.457e-03 |   1.699e-04  |  1.957e+05  |    4.265e+05   
 75.3% | 000167680 |    0.0324333  | 4.884e+04| 6.352e+04|          |  1.926e-02 |  7.076e-03 |  1.999e-03 | 3.968e-03 |   5.526e-03  |  1.210e+05  |    4.259e+05   
 75.6% | 000168320 |    0.0202525  |          | 6.611e+04|          |            |            |  1.635e-02 | 3.282e-03 |   1.496e-04  |  1.892e+05  |    4.256e+05   
 75.9% | 000168960 |    0.0313541  | 4.844e+04| 6.553e+04|          |  1.889e-02 |  5.684e-03 |  1.980e-03 | 3.503e-03 |   5.279e-03  |  1.194e+05  |    4.251e+05   
 76.1% | 000169600 |    0.0207147  |          | 6.572e+04|          |            |            |  1.680e-02 | 3.294e-03 |   1.460e-04  |  1.765e+05  |    4.248e+05   
 76.4% | 000170240 |    0.0312840  | 4.838e+04| 6.250e+04|          |  1.897e-02 |  6.938e-03 |  1.880e-03 | 3.725e-03 |   5.028e-03  |  1.141e+05  |    4.242e+05   
 76.7% | 000170880 |    0.0203803  |          | 6.492e+04|          |            |            |  1.648e-02 | 3.285e-03 |   1.472e-04  |  1.709e+05  |    4.239e+05   
 77.0% | 000171520 |    0.0302922  | 4.634e+04| 6.325e+04|          |  1.857e-02 |  5.763e-03 |  1.882e-03 | 3.177e-03 |   4.975e-03  |  1.122e+05  |    4.234e+05   
 77.3% | 000172160 |    0.0206182  |          | 6.388e+04|          |            |            |  1.693e-02 | 3.099e-03 |   1.478e-04  |  1.607e+05  |    4.230e+05   
 77.6% | 000172800 |    0.0302108  | 4.835e+04| 6.117e+04|          |  1.861e-02 |  6.681e-03 |  1.806e-03 | 3.539e-03 |   4.568e-03  |  1.069e+05  |    4.225e+05   
 77.9% | 000173440 |    0.0206534  |          | 6.450e+04|          |            |            |  1.680e-02 | 3.243e-03 |   1.347e-04  |  1.525e+05  |    4.222e+05   
 78.2% | 000174080 |    0.0294512  | 4.847e+04| 6.306e+04|          |  1.850e-02 |  5.772e-03 |  1.824e-03 | 3.173e-03 |   4.207e-03  |  1.042e+05  |    4.216e+05   
 78.4% | 000174720 |    0.0211057  |          | 6.701e+04|          |            |            |  1.754e-02 | 2.918e-03 |   1.601e-04  |  1.416e+05  |    4.213e+05   
 78.7% | 000175360 |    0.0292947  | 4.967e+04| 6.544e+04|          |  1.854e-02 |  6.899e-03 |  1.681e-03 | 3.811e-03 |   3.572e-03  |  9.933e+04  |    4.207e+05   
 79.0% | 000176000 |    0.0206467  |          | 6.729e+04|          |            |            |  1.723e-02 | 2.817e-03 |   1.515e-04  |  1.372e+05  |    4.204e+05   
 79.3% | 000176640 |    0.0281833  | 4.870e+04| 6.386e+04|          |  1.813e-02 |  5.814e-03 |  1.688e-03 | 3.010e-03 |   3.632e-03  |  9.778e+04  |    4.199e+05   
 79.6% | 000177280 |    0.0211060  |          | 6.788e+04|          |            |            |  1.773e-02 | 2.787e-03 |   1.439e-04  |  1.270e+05  |    4.195e+05   
 79.9% | 000177920 |    0.0279062  | 4.894e+04| 6.504e+04|          |  1.835e-02 |  6.705e-03 |  1.605e-03 | 3.233e-03 |   3.079e-03  |  9.338e+04  |    4.190e+05   
 80.2% | 000178560 |    0.0210963  |          | 6.697e+04|          |            |            |  1.781e-02 | 2.721e-03 |   1.203e-04  |  1.200e+05  |    4.186e+05   
 80.5% | 000179200 |    0.0273002  | 4.945e+04| 6.543e+04|          |  1.812e-02 |  5.801e-03 |  1.615e-03 | 2.939e-03 |   2.973e-03  |  9.011e+04  |    4.181e+05   
 80.7% | 000179840 |    0.0212913  |          | 6.773e+04|          |            |            |  1.804e-02 | 2.639e-03 |   1.287e-04  |  1.122e+05  |    4.178e+05   
 81.0% | 000180480 |    0.0272364  | 4.608e+04| 6.390e+04|          |  1.817e-02 |  6.647e-03 |  1.510e-03 | 3.242e-03 |   2.667e-03  |  8.513e+04  |    4.172e+05   
 81.3% | 000181120 |    0.0210146  |          | 6.240e+04|          |            |            |  1.786e-02 | 2.605e-03 |   1.111e-04  |  1.070e+05  |    4.169e+05   
 81.6% | 000181760 |    0.0267607  | 4.643e+04| 6.367e+04|          |  1.806e-02 |  5.775e-03 |  1.544e-03 | 2.891e-03 |   2.616e-03  |  8.151e+04  |    4.164e+05   
 81.9% | 000182400 |    0.0211947  |          | 6.440e+04|          |            |            |  1.812e-02 | 2.525e-03 |   1.207e-04  |  9.975e+04  |    4.160e+05   
 82.2% | 000183040 |    0.0266438  | 4.559e+04| 6.316e+04|          |  1.826e-02 |  6.638e-03 |  1.462e-03 | 3.049e-03 |   2.200e-03  |  7.687e+04  |    4.155e+05   
 82.5% | 000183680 |    0.0211708  |          | 6.386e+04|          |            |            |  1.819e-02 | 2.403e-03 |   1.148e-04  |  9.367e+04  |    4.151e+05   
 82.8% | 000184320 |    0.0259105  | 4.594e+04| 6.368e+04|          |  1.815e-02 |  5.782e-03 |  1.434e-03 | 2.484e-03 |   2.195e-03  |  7.406e+04  |    4.146e+05   
 83.0% | 000184960 |    0.0216599  |          | 6.370e+04|          |            |            |  1.874e-02 | 2.357e-03 |   1.266e-04  |  8.569e+04  |    4.142e+05   
 83.3% | 000185600 |    0.0257097  | 4.316e+04| 6.308e+04|          |  1.823e-02 |  6.676e-03 |  1.343e-03 | 2.603e-03 |   1.913e-03  |  6.979e+04  |    4.137e+05   
 83.6% | 000186240 |    0.0213504  |          | 6.210e+04|          |            |            |  1.864e-02 | 2.213e-03 |   1.058e-04  |  8.119e+04  |    4.133e+05   
 83.9% | 000186880 |    0.0251150  | 4.235e+04| 6.345e+04|          |  1.804e-02 |  5.759e-03 |  1.338e-03 | 2.352e-03 |   1.716e-03  |  6.664e+04  |    4.128e+05   
 84.2% | 000187520 |    0.0219335  |          | 6.305e+04|          |            |            |  1.916e-02 | 2.218e-03 |   9.456e-05  |  7.363e+04  |    4.124e+05   
 84.5% | 000188160 |    0.0251834  | 4.105e+04| 6.203e+04|          |  1.824e-02 |  6.693e-03 |  1.250e-03 | 2.640e-03 |   1.431e-03  |  6.184e+04  |    4.119e+05   
 84.8% | 000188800 |    0.0216888  |          | 6.069e+04|          |            |            |  1.884e-02 | 2.287e-03 |   1.063e-04  |  6.919e+04  |    4.115e+05   
 85.1% | 000189440 |    0.0244886  | 4.099e+04| 6.327e+04|          |  1.806e-02 |  5.845e-03 |  1.240e-03 | 2.193e-03 |   1.337e-03  |  5.901e+04  |    4.110e+05   
 85.3% | 000190080 |    0.0221142  |          | 6.032e+04|          |            |            |  1.931e-02 | 2.233e-03 |   1.068e-04  |  6.288e+04  |    4.105e+05   
 85.6% | 000190720 |    0.0243499  | 4.821e+04| 6.137e+04|          |  1.817e-02 |  6.697e-03 |  1.162e-03 | 2.311e-03 |   1.118e-03  |  5.491e+04  |    4.101e+05   
 85.9% | 000191360 |    0.0216772  |          | 6.039e+04|          |            |            |  1.899e-02 | 2.051e-03 |   1.041e-04  |  5.926e+04  |    4.096e+05   
 86.2% | 000192000 |    0.0238470  | 4.776e+04| 5.994e+04|          |  1.797e-02 |  5.800e-03 |  1.162e-03 | 1.993e-03 |   1.082e-03  |  5.172e+04  |    4.092e+05   
 86.5% | 000192640 |    0.0218164  |          | 5.813e+04|          |            |            |  1.938e-02 | 1.876e-03 |   9.265e-05  |  5.422e+04  |    4.087e+05   
 86.8% | 000193280 |    0.0237000  | 4.562e+04| 5.895e+04|          |  1.811e-02 |  6.671e-03 |  1.071e-03 | 2.098e-03 |   8.358e-04  |  4.783e+04  |    4.082e+05   
 87.1% | 000193920 |    0.0217121  |          | 5.800e+04|          |            |            |  1.936e-02 | 1.852e-03 |   8.900e-05  |  4.999e+04  |    4.078e+05   
 87.4% | 000194560 |    0.0229570  | 4.533e+04| 5.920e+04|          |  1.781e-02 |  5.674e-03 |  1.072e-03 | 1.707e-03 |   7.883e-04  |  4.523e+04  |    4.074e+05   
 87.6% | 000195200 |    0.0220617  |          | 5.845e+04|          |            |            |  1.974e-02 | 1.766e-03 |   9.861e-05  |  4.497e+04  |    4.069e+05   
 87.9% | 000195840 |    0.0230642  | 4.459e+04| 5.856e+04|          |  1.802e-02 |  6.680e-03 |  9.848e-04 | 1.967e-03 |   5.293e-04  |  4.106e+04  |    4.064e+05   
 88.2% | 000196480 |    0.0216609  |          | 5.755e+04|          |            |            |  1.947e-02 | 1.673e-03 |   9.143e-05  |  4.169e+04  |    4.060e+05   
 88.5% | 000197120 |    0.0224650  | 4.452e+04| 5.794e+04|          |  1.777e-02 |  5.732e-03 |  9.883e-04 | 1.614e-03 |   4.975e-04  |  3.828e+04  |    4.056e+05   
 88.8% | 000197760 |    0.0219187  |          | 5.578e+04|          |            |            |  1.977e-02 | 1.557e-03 |   7.623e-05  |  3.732e+04  |    4.051e+05   
 89.1% | 000198400 |    0.0223419  | 4.232e+04| 5.563e+04|          |  1.793e-02 |  6.706e-03 |  9.230e-04 | 1.633e-03 |   2.800e-04  |  3.478e+04  |    4.047e+05   
 89.4% | 000199040 |    0.0218799  |          | 5.728e+04|          |            |            |  1.979e-02 | 1.579e-03 |   6.390e-05  |  3.370e+04  |    4.042e+05   
 89.7% | 000199680 |    0.0219537  | 4.255e+04| 6.011e+04|          |  1.782e-02 |  5.760e-03 |  8.945e-04 | 1.492e-03 |   1.636e-04  |  3.182e+04  |    4.038e+05   
 89.9% | 000200320 |    0.0219789  |          | 6.103e+04|          |            |            |  1.996e-02 | 1.466e-03 |   6.688e-05  |  3.006e+04  |    4.033e+05   
 90.2% | 000200960 |    0.0219274  | 4.216e+04| 5.773e+04|          |  1.796e-02 |  6.742e-03 |  8.166e-04 | 1.535e-03 |   6.817e-05  |  2.846e+04  |    4.029e+05   
 90.5% | 000201600 |    0.0217060  |          | 5.594e+04|          |            |            |  1.982e-02 | 1.378e-03 |   6.415e-05  |  2.711e+04  |    4.024e+05   
 90.8% | 000202240 |    0.0215323  | 3.895e+04| 5.770e+04|          |  1.782e-02 |  5.744e-03 |  8.150e-04 | 1.193e-03 |   1.212e-04  |  2.572e+04  |    4.020e+05   
 91.1% | 000202880 |    0.0222077  |          | 6.026e+04|          |            |            |  2.035e-02 | 1.309e-03 |   5.720e-05  |  2.343e+04  |    4.015e+05   
 91.4% | 000203520 |    0.0221380  | 3.987e+04| 5.702e+04|          |  1.854e-02 |  6.967e-03 |  7.228e-04 | 1.253e-03 |   6.508e-05  |  2.203e+04  |    4.010e+05   
 91.7% | 000204160 |    0.0216294  |          | 5.701e+04|          |            |            |  1.987e-02 | 1.230e-03 |   5.809e-05  |  2.110e+04  |    4.006e+05   
 92.0% | 000204800 |    0.0210254  | 4.142e+04| 5.776e+04|          |  1.765e-02 |  5.696e-03 |  7.264e-04 | 9.915e-04 |   1.105e-04  |  2.026e+04  |    4.002e+05   
 92.2% | 000205440 |    0.0215660  |          | 5.495e+04|          |            |            |  1.971e-02 | 1.295e-03 |   5.162e-05  |  1.839e+04  |    3.997e+05   
 92.5% | 000206080 |    0.0212439  | 3.735e+04| 5.509e+04|          |  1.779e-02 |  6.616e-03 |  6.389e-04 | 1.104e-03 |   1.423e-04  |  1.733e+04  |    3.993e+05   
 92.8% | 000206720 |    0.0211998  |          | 5.482e+04|          |            |            |  1.955e-02 | 1.126e-03 |   5.156e-05  |  1.608e+04  |    3.988e+05   
 93.1% | 000207360 |    0.0206065  | 4.399e+04| 5.649e+04|          |  1.741e-02 |  5.806e-03 |  6.449e-04 | 8.752e-04 |   9.850e-05  |  1.527e+04  |    3.984e+05   
 93.4% | 000208000 |    0.0209824  |          | 5.445e+04|          |            |            |  1.934e-02 | 1.054e-03 |   4.939e-05  |  1.380e+04  |    3.980e+05   
 93.7% | 000208640 |    0.0205904  | 3.507e+04| 5.278e+04|          |  1.751e-02 |  6.349e-03 |  5.488e-04 | 9.614e-04 |   5.409e-05  |  1.289e+04  |    3.975e+05   
 94.0% | 000209280 |    0.0207587  |          | 5.242e+04|          |            |            |  1.922e-02 | 1.013e-03 |   4.216e-05  |  1.168e+04  |    3.971e+05   
 94.3% | 000209920 |    0.0202910  | 3.311e+04| 5.093e+04|          |  1.738e-02 |  5.774e-03 |  5.459e-04 | 7.143e-04 |   8.404e-05  |  1.086e+04  |    3.967e+05   
 94.5% | 000210560 |    0.0207794  |          | 5.308e+04|          |            |            |  1.945e-02 | 8.709e-04 |   4.081e-05  |  9.596e+03  |    3.963e+05   
 94.8% | 000211200 |    0.0203640  | 3.833e+04| 5.424e+04|          |  1.756e-02 |  6.496e-03 |  4.456e-04 | 8.050e-04 |   4.434e-05  |  8.813e+03  |    3.958e+05   
 95.1% | 000211840 |    0.0203395  |          | 5.517e+04|          |            |            |  1.907e-02 | 7.784e-04 |   4.627e-05  |  7.896e+03  |    3.954e+05   
 95.4% | 000212480 |    0.0198748  | 3.970e+04| 5.309e+04|          |  1.728e-02 |  5.737e-03 |  4.532e-04 | 5.763e-04 |   7.225e-05  |  7.184e+03  |    3.950e+05   
 95.7% | 000213120 |    0.0202285  |          | 4.944e+04|          |            |            |  1.898e-02 | 6.803e-04 |   3.843e-05  |  6.229e+03  |    3.946e+05   
 96.0% | 000213760 |    0.0199495  | 2.962e+04| 4.981e+04|          |  1.737e-02 |  6.355e-03 |  3.694e-04 | 6.795e-04 |   4.520e-05  |  5.527e+03  |    3.942e+05   
 96.3% | 000214400 |    0.0199309  |          | 5.046e+04|          |            |            |  1.884e-02 | 6.546e-04 |   3.558e-05  |  4.796e+03  |    3.937e+05   
 96.6% | 000215040 |    0.0195299  | 3.129e+04| 4.855e+04|          |  1.714e-02 |  5.699e-03 |  3.688e-04 | 4.652e-04 |   5.330e-05  |  4.197e+03  |    3.933e+05   
 96.8% | 000215680 |    0.0199652  |          | 3.637e+04|          |            |            |  1.892e-02 | 5.601e-04 |   3.312e-05  |  3.475e+03  |    3.929e+05   
 97.1% | 000216320 |    0.0197294  | 3.045e+04| 4.254e+04|          |  1.743e-02 |  6.448e-03 |  2.768e-04 | 5.184e-04 |   3.640e-05  |  2.932e+03  |    3.925e+05   
 97.4% | 000216960 |    0.0197429  |          | 4.344e+04|          |            |            |  1.875e-02 | 5.021e-04 |   3.116e-05  |  2.399e+03  |    3.921e+05   
 97.7% | 000217600 |    0.0193132  | 3.222e+04| 3.881e+04|          |  1.722e-02 |  5.800e-03 |  2.789e-04 | 2.868e-04 |   4.293e-05  |  1.963e+03  |    3.917e+05   
 98.0% | 000218240 |    0.0196728  |          | 2.508e+04|          |            |            |  1.869e-02 | 4.327e-04 |   2.696e-05  |  1.501e+03  |    3.913e+05   
 98.3% | 000218880 |    0.0193639  | 1.876e+04| 3.192e+04|          |  1.735e-02 |  6.584e-03 |  1.979e-04 | 2.961e-04 |   3.156e-05  |  1.146e+03  |    3.909e+05   
 98.6% | 000219520 |    0.0192808  |          | 3.239e+04|          |            |            |  1.846e-02 | 3.474e-04 |   2.557e-05  |  8.247e+02  |    3.905e+05   
 98.9% | 000220160 |    0.0188261  | 1.926e+04| 2.294e+04|          |  1.699e-02 |  5.891e-03 |  1.958e-04 | 1.598e-04 |   3.292e-05  |  5.662e+02  |    3.901e+05   
 99.1% | 000220800 |    0.0189532  |          | 0.000e+00|          |            |            |  1.818e-02 | 3.366e-04 |   2.750e-05  |  3.411e+02  |    3.897e+05   
 99.4% | 000221440 |    0.0188026  | 0.000e+00| 0.000e+00|          |  1.717e-02 |  1.668e-02 |  1.045e-04 | 2.017e-04 |   2.741e-05  |  1.765e+02  |    3.893e+05   
 99.7% | 000222080 |    0.0166683  |          | 0.000e+00|          |            |            |  1.610e-02 | 1.431e-04 |   2.785e-05  |  7.336e+01  |    3.890e+05   
Final Score:    3.8679e+05 GFLOPS 
Residual value = 0.000060586198707 (0x3f0fc3bdefb00e1c)
Residual Check: PASSED 
