Node Binding: Process 0 [(p,q)=(0,0)] GPU: 0, CPU Cores: 40 - {0-78}
Local matrix size       = 0.727947 GiBs
Total device memory use = 0.980509 GiBs
--------------------------------------------------------------------------------------------------------------------------------------------------------------------
   %   | Column    | Step Time (s) ||         DGEMM GFLOPS         || pdfact (s) | pmxswp (s) | Lbcast (s) | laswp (s) | GPU Sync (s) | Step GFLOPS | Overall GFLOPS
       |           |               |  Small   |  First   | Second   |            |            |            |           |              |             |               
--------------------------------------------------------------------------------------------------------------------------------------------------------------------
  6.5% | 000000640 |    0.0149407  | 4.357e+04| 5.875e+04|          |  1.233e-02 |  3.717e-04 |  0.000e+00 | 0.000e+00 |   1.598e-03  |  7.832e+03  |    4.274e+03   
 13.0% | 000001280 |    0.0150588  | 3.642e+04| 5.895e+04|          |  1.258e-02 |  3.727e-04 |  0.000e+00 | 0.000e+00 |   1.267e-03  |  6.766e+03  |    5.156e+03   
 19.4% | 000001920 |    0.0148308  | 3.758e+04| 5.329e+04|          |  1.253e-02 |  3.761e-04 |  0.000e+00 | 0.000e+00 |   1.160e-03  |  5.920e+03  |    5.353e+03   
 25.9% | 000002560 |    0.0143119  | 4.492e+04| 5.625e+04|          |  1.233e-02 |  3.714e-04 |  0.000e+00 | 0.000e+00 |   7.897e-04  |  5.223e+03  |    5.326e+03   
 32.4% | 000003200 |    0.0141813  | 5.735e+04| 5.718e+04|          |  1.245e-02 |  3.726e-04 |  0.000e+00 | 0.000e+00 |   6.626e-04  |  4.426e+03  |    5.177e+03   
 38.9% | 000003840 |    0.0137367  | 5.457e+04| 5.899e+04|          |  1.224e-02 |  3.723e-04 |  0.000e+00 | 0.000e+00 |   4.353e-04  |  3.772e+03  |    4.982e+03   
 45.3% | 000004480 |    0.0136439  | 4.425e+04| 5.480e+04|          |  1.227e-02 |  3.739e-04 |  0.000e+00 | 0.000e+00 |   2.110e-04  |  3.072e+03  |    4.752e+03   
 51.8% | 000005120 |    0.0134326  | 4.284e+04| 5.575e+04|          |  1.227e-02 |  3.739e-04 |  0.000e+00 | 0.000e+00 |   9.642e-05  |  2.462e+03  |    4.508e+03   
 58.3% | 000005760 |    0.0129999  | 3.951e+04| 4.938e+04|          |  1.188e-02 |  3.712e-04 |  0.000e+00 | 0.000e+00 |   1.280e-05  |  1.944e+03  |    4.269e+03   
 64.8% | 000006400 |    0.0127361  | 4.394e+04| 4.859e+04|          |  1.171e-02 |  3.737e-04 |  0.000e+00 | 0.000e+00 |   1.691e-05  |  1.454e+03  |    4.034e+03   
 71.3% | 000007040 |    0.0127058  | 3.675e+04| 4.980e+04|          |  1.163e-02 |  3.708e-04 |  0.000e+00 | 0.000e+00 |   1.650e-05  |  1.009e+03  |    3.801e+03   
 77.7% | 000007680 |    0.0126287  | 3.122e+04| 3.642e+04|          |  1.159e-02 |  3.720e-04 |  0.000e+00 | 0.000e+00 |   1.651e-05  |  6.470e+02  |    3.577e+03   
 84.2% | 000008320 |    0.0127297  | 2.633e+04| 3.508e+04|          |  1.166e-02 |  3.714e-04 |  0.000e+00 | 0.000e+00 |   1.747e-05  |  3.587e+02  |    3.361e+03   
 90.7% | 000008960 |    0.0124887  | 2.761e+04| 1.600e+04|          |  1.142e-02 |  3.725e-04 |  0.000e+00 | 0.000e+00 |   1.712e-05  |  1.610e+02  |    3.164e+03   
 97.2% | 000009600 |    0.0052770  | 2.700e+03|          |          |  4.887e-03 |  1.633e-04 |  0.000e+00 | 0.000e+00 |   1.168e-05  |  1.939e+01  |    3.087e+03   
Final Score:    3.0246e+03 GFLOPS 
Residual value = 0.000216145124020 (0x3f2c54a07a4b33df)
Residual Check: PASSED 
