Node Binding: Process 7 [(p,q)=(3,1)] GPU: 7, CPU Cores: 10 - {61-79}
Node Binding: Process 2 [(p,q)=(2,0)] GPU: 2, CPU Cores: 10 - {40-58}
Node Binding: Process 3 [(p,q)=(3,0)] GPU: 3, CPU Cores: 10 - {60-78}
Node Binding: Process 1 [(p,q)=(1,0)] GPU: 1, CPU Cores: 10 - {20-38}
Node Binding: Process 4 [(p,q)=(0,1)] GPU: 4, CPU Cores: 10 - {1-19}
Node Binding: Process 5 [(p,q)=(1,1)] GPU: 5, CPU Cores: 10 - {21-39}
Node Binding: Process 0 [(p,q)=(0,0)] GPU: 0, CPU Cores: 10 - {0-18}
Node Binding: Process 6 [(p,q)=(2,1)] GPU: 6, CPU Cores: 10 - {41-59}
Local matrix size       = 11.6956 GiBs
Total device memory use = 12.7791 GiBs
--------------------------------------------------------------------------------------------------------------------------------------------------------------------
   %   | Column    | Step Time (s) ||         DGEMM GFLOPS         || pdfact (s) | pmxswp (s) | Lbcast (s) | laswp (s) | GPU Sync (s) | Step GFLOPS | Overall GFLOPS
       |           |               |  Small   |  First   | Second   |            |            |            |           |              |             |               
--------------------------------------------------------------------------------------------------------------------------------------------------------------------
  0.6% | 000000640 |    0.0635907  |          | 6.780e+04| 6.912e+04|            |            |  2.825e-02 | 1.625e-02 |   1.825e-02  |  2.482e+05  |    1.719e+05   
  1.1% | 000001280 |    0.0541221  | 5.778e+04| 6.945e+04| 7.118e+04|  2.179e-02 |  7.075e-03 |  4.060e-03 | 1.663e-02 |   8.887e-03  |  2.883e+05  |    2.151e+05   
  1.7% | 000001920 |    0.0554935  |          | 7.324e+04| 6.894e+04|            |            |  2.830e-02 | 1.714e-02 |   9.599e-03  |  2.779e+05  |    2.323e+05   
  2.3% | 000002560 |    0.0529449  | 4.958e+04| 6.872e+04| 7.178e+04|  2.191e-02 |  5.841e-03 |  4.074e-03 | 7.111e-03 |   1.749e-02  |  2.879e+05  |    2.439e+05   
  2.9% | 000003200 |    0.0523983  |          | 7.231e+04| 6.987e+04|            |            |  2.682e-02 | 7.615e-03 |   1.748e-02  |  2.875e+05  |    2.513e+05   
  3.4% | 000003840 |    0.0515500  | 5.482e+04| 6.934e+04| 7.085e+04|  2.136e-02 |  6.874e-03 |  3.902e-03 | 7.245e-03 |   1.676e-02  |  2.888e+05  |    2.567e+05   
  4.0% | 000004480 |    0.0514346  |          | 7.142e+04| 6.833e+04|            |            |  2.717e-02 | 6.344e-03 |   1.746e-02  |  2.860e+05  |    2.604e+05   
  4.6% | 000005120 |    0.0503526  | 5.891e+04| 6.958e+04| 7.406e+04|  2.129e-02 |  5.385e-03 |  3.896e-03 | 6.827e-03 |   1.592e-02  |  2.887e+05  |    2.634e+05   
  5.2% | 000005760 |    0.0504149  |          | 7.568e+04| 6.992e+04|            |            |  2.683e-02 | 6.676e-03 |   1.647e-02  |  2.848e+05  |    2.656e+05   
  5.7% | 000006400 |    0.0490833  | 6.039e+04| 6.809e+04| 7.345e+04|  2.106e-02 |  6.574e-03 |  3.785e-03 | 6.996e-03 |   1.505e-02  |  2.890e+05  |    2.676e+05   
  6.3% | 000007040 |    0.0505832  |          | 7.182e+04| 6.928e+04|            |            |  2.766e-02 | 6.358e-03 |   1.614e-02  |  2.771e+05  |    2.684e+05   
  6.9% | 000007680 |    0.0494270  | 6.136e+04| 6.844e+04| 7.335e+04|  2.147e-02 |  5.434e-03 |  3.812e-03 | 6.707e-03 |   1.505e-02  |  2.801e+05  |    2.693e+05   
  7.5% | 000008320 |    0.0497105  |          | 7.182e+04| 6.977e+04|            |            |  2.707e-02 | 6.793e-03 |   1.539e-02  |  2.751e+05  |    2.697e+05   
  8.0% | 000008960 |    0.0479243  | 5.356e+04| 6.875e+04| 7.281e+04|  2.086e-02 |  6.573e-03 |  3.718e-03 | 6.892e-03 |   1.419e-02  |  2.818e+05  |    2.704e+05   
  8.6% | 000009600 |    0.0488844  |          | 7.537e+04| 6.928e+04|            |            |  2.720e-02 | 6.226e-03 |   1.502e-02  |  2.728e+05  |    2.706e+05   
  9.2% | 000010240 |    0.0480533  | 6.362e+04| 6.750e+04| 7.236e+04|  2.104e-02 |  5.320e-03 |  3.608e-03 | 6.893e-03 |   1.422e-02  |  2.741e+05  |    2.708e+05   
  9.8% | 000010880 |    0.0479850  |          | 7.388e+04| 7.030e+04|            |            |  2.674e-02 | 6.508e-03 |   1.429e-02  |  2.710e+05  |    2.708e+05   
 10.3% | 000011520 |    0.0462578  | 6.049e+04| 6.754e+04| 7.490e+04|  2.100e-02 |  6.773e-03 |  3.566e-03 | 6.673e-03 |   1.278e-02  |  2.776e+05  |    2.711e+05   
 10.9% | 000012160 |    0.0478188  |          | 7.393e+04| 7.051e+04|            |            |  2.734e-02 | 6.459e-03 |   1.359e-02  |  2.651e+05  |    2.708e+05   
 11.5% | 000012800 |    0.0467240  | 6.610e+04| 6.803e+04| 7.274e+04|  2.120e-02 |  5.737e-03 |  3.689e-03 | 6.605e-03 |   1.306e-02  |  2.678e+05  |    2.707e+05   
 12.1% | 000013440 |    0.0469608  |          | 6.723e+04| 6.939e+04|            |            |  2.628e-02 | 6.786e-03 |   1.345e-02  |  2.631e+05  |    2.703e+05   
 12.6% | 000014080 |    0.0450125  | 6.503e+04| 6.799e+04| 7.398e+04|  2.067e-02 |  6.362e-03 |  3.424e-03 | 6.543e-03 |   1.211e-02  |  2.709e+05  |    2.704e+05   
 13.2% | 000014720 |    0.0466841  |          | 6.926e+04| 6.833e+04|            |            |  2.704e-02 | 6.067e-03 |   1.315e-02  |  2.578e+05  |    2.699e+05   
 13.8% | 000015360 |    0.0449819  | 6.131e+04| 6.848e+04| 7.380e+04|  2.085e-02 |  5.356e-03 |  3.418e-03 | 6.278e-03 |   1.211e-02  |  2.640e+05  |    2.696e+05   
 14.4% | 000016000 |    0.0457723  |          | 6.764e+04| 6.839e+04|            |            |  2.669e-02 | 6.030e-03 |   1.257e-02  |  2.560e+05  |    2.691e+05   
 14.9% | 000016640 |    0.0442136  | 5.611e+04| 6.666e+04| 7.349e+04|  2.074e-02 |  6.506e-03 |  3.399e-03 | 6.339e-03 |   1.141e-02  |  2.615e+05  |    2.689e+05   
 15.5% | 000017280 |    0.0450544  |          | 7.421e+04| 6.922e+04|            |            |  2.645e-02 | 6.076e-03 |   1.207e-02  |  2.532e+05  |    2.684e+05   
 16.1% | 000017920 |    0.0440841  | 5.538e+04| 6.884e+04| 7.365e+04|  2.085e-02 |  5.536e-03 |  3.347e-03 | 6.119e-03 |   1.139e-02  |  2.552e+05  |    2.680e+05   
 16.7% | 000018560 |    0.0441401  |          | 7.186e+04| 6.813e+04|            |            |  2.593e-02 | 5.956e-03 |   1.178e-02  |  2.515e+05  |    2.674e+05   
 17.2% | 000019200 |    0.0426814  | 6.168e+04| 6.716e+04| 7.351e+04|  2.055e-02 |  6.565e-03 |  3.239e-03 | 6.335e-03 |   1.037e-02  |  2.565e+05  |    2.671e+05   
 17.8% | 000019840 |    0.0433863  |          | 6.984e+04| 6.837e+04|            |            |  2.590e-02 | 5.920e-03 |   1.114e-02  |  2.488e+05  |    2.666e+05   
 18.4% | 000020480 |    0.0429340  | 6.964e+04| 6.594e+04| 7.377e+04|  2.080e-02 |  5.520e-03 |  3.302e-03 | 6.235e-03 |   1.042e-02  |  2.480e+05  |    2.661e+05   
 19.0% | 000021120 |    0.0425855  |          | 6.730e+04| 6.787e+04|            |            |  2.542e-02 | 5.884e-03 |   1.084e-02  |  2.465e+05  |    2.656e+05   
 19.5% | 000021760 |    0.0416803  | 6.476e+04| 6.634e+04| 7.404e+04|  2.049e-02 |  6.449e-03 |  3.222e-03 | 6.141e-03 |   9.572e-03  |  2.483e+05  |    2.652e+05   
 20.1% | 000022400 |    0.0425197  |          | 7.528e+04| 6.761e+04|            |            |  2.573e-02 | 5.789e-03 |   1.057e-02  |  2.400e+05  |    2.645e+05   
 20.7% | 000023040 |    0.0419543  | 7.055e+04| 6.794e+04| 7.229e+04|  2.066e-02 |  5.407e-03 |  3.161e-03 | 6.051e-03 |   9.820e-03  |  2.397e+05  |    2.639e+05   
 21.3% | 000023680 |    0.0414249  |          | 7.005e+04| 6.825e+04|            |            |  2.499e-02 | 6.036e-03 |   9.947e-03  |  2.393e+05  |    2.634e+05   
 21.8% | 000024320 |    0.0402627  | 7.070e+04| 6.817e+04| 7.364e+04|  2.029e-02 |  6.353e-03 |  3.106e-03 | 6.005e-03 |   8.682e-03  |  2.426e+05  |    2.629e+05   
 22.4% | 000024960 |    0.0408976  |          | 7.415e+04| 6.640e+04|            |            |  2.542e-02 | 5.126e-03 |   9.896e-03  |  2.354e+05  |    2.623e+05   
 23.0% | 000025600 |    0.0406819  | 6.824e+04| 6.725e+04| 7.237e+04|  2.042e-02 |  5.486e-03 |  3.132e-03 | 5.634e-03 |   9.234e-03  |  2.331e+05  |    2.617e+05   
 23.6% | 000026240 |    0.0397668  |          | 6.880e+04| 6.655e+04|            |            |  2.454e-02 | 5.407e-03 |   9.368e-03  |  2.350e+05  |    2.611e+05   
 24.1% | 000026880 |    0.0393099  | 6.511e+04| 6.744e+04| 7.350e+04|  2.022e-02 |  6.396e-03 |  2.990e-03 | 5.984e-03 |   7.941e-03  |  2.342e+05  |    2.606e+05   
 24.7% | 000027520 |    0.0397466  |          | 6.884e+04| 6.713e+04|            |            |  2.528e-02 | 5.109e-03 |   8.933e-03  |  2.281e+05  |    2.600e+05   
 25.3% | 000028160 |    0.0395103  | 6.060e+04| 6.965e+04| 7.259e+04|  2.046e-02 |  5.396e-03 |  3.084e-03 | 5.731e-03 |   7.957e-03  |  2.260e+05  |    2.593e+05   
 25.9% | 000028800 |    0.0388714  |          | 7.660e+04| 6.613e+04|            |            |  2.453e-02 | 5.290e-03 |   8.595e-03  |  2.262e+05  |    2.587e+05   
 26.4% | 000029440 |    0.0384041  | 6.246e+04| 6.710e+04| 7.202e+04|  2.023e-02 |  6.481e-03 |  2.972e-03 | 5.583e-03 |   7.410e-03  |  2.254e+05  |    2.581e+05   
 27.0% | 000030080 |    0.0388273  |          | 7.183e+04| 6.697e+04|            |            |  2.533e-02 | 5.178e-03 |   7.889e-03  |  2.195e+05  |    2.574e+05   
 27.6% | 000030720 |    0.0385247  | 6.302e+04| 6.572e+04| 7.347e+04|  2.042e-02 |  5.346e-03 |  2.995e-03 | 5.327e-03 |   7.495e-03  |  2.178e+05  |    2.567e+05   
 28.2% | 000031360 |    0.0379270  |          | 7.942e+04| 6.962e+04|            |            |  2.472e-02 | 5.574e-03 |   7.145e-03  |  2.177e+05  |    2.561e+05   
 28.7% | 000032000 |    0.0365966  | 5.934e+04| 6.658e+04| 8.124e+04|  2.020e-02 |  6.512e-03 |  2.822e-03 | 5.630e-03 |   5.721e-03  |  2.221e+05  |    2.555e+05   
 29.3% | 000032640 |    0.0385877  |          | 7.717e+04| 6.975e+04|            |            |  2.586e-02 | 5.546e-03 |   6.758e-03  |  2.072e+05  |    2.547e+05   
 29.9% | 000033280 |    0.0370438  | 6.235e+04| 6.694e+04| 7.739e+04|  2.040e-02 |  5.565e-03 |  2.831e-03 | 5.453e-03 |   6.164e-03  |  2.124e+05  |    2.541e+05   
 30.5% | 000033920 |    0.0370716  |          | 6.795e+04| 6.390e+04|            |            |  2.465e-02 | 4.778e-03 |   7.153e-03  |  2.088e+05  |    2.534e+05   
 31.0% | 000034560 |    0.0367223  | 6.298e+04| 6.458e+04| 7.093e+04|  2.007e-02 |  6.425e-03 |  2.760e-03 | 5.321e-03 |   6.415e-03  |  2.073e+05  |    2.527e+05   
 31.6% | 000035200 |    0.0358809  |          | 7.277e+04| 6.544e+04|            |            |  2.423e-02 | 4.739e-03 |   6.492e-03  |  2.087e+05  |    2.520e+05   
 32.2% | 000035840 |    0.0371348  | 6.296e+04| 6.296e+04| 7.076e+04|  2.034e-02 |  5.627e-03 |  2.815e-03 | 4.894e-03 |   6.883e-03  |  1.983e+05  |    2.512e+05   
 32.8% | 000036480 |    0.0352057  |          | 6.908e+04| 6.283e+04|            |            |  2.368e-02 | 4.578e-03 |   6.507e-03  |  2.056e+05  |    2.506e+05   
 33.3% | 000037120 |    0.0355370  | 6.215e+04| 6.545e+04| 7.164e+04|  1.986e-02 |  6.193e-03 |  2.662e-03 | 5.150e-03 |   5.637e-03  |  2.002e+05  |    2.499e+05   
 33.9% | 000037760 |    0.0354293  |          | 7.164e+04| 6.549e+04|            |            |  2.431e-02 | 4.912e-03 |   5.800e-03  |  1.974e+05  |    2.492e+05   
 34.5% | 000038400 |    0.0359402  | 5.872e+04| 6.367e+04| 7.077e+04|  2.018e-02 |  5.475e-03 |  2.658e-03 | 4.796e-03 |   6.097e-03  |  1.912e+05  |    2.484e+05   
 35.1% | 000039040 |    0.0344996  |          | 7.161e+04| 6.555e+04|            |            |  2.358e-02 | 5.036e-03 |   5.437e-03  |  1.958e+05  |    2.478e+05   
 35.6% | 000039680 |    0.0353198  | 5.489e+04| 6.096e+04| 6.990e+04|  2.002e-02 |  6.472e-03 |  2.586e-03 | 4.754e-03 |   5.746e-03  |  1.879e+05  |    2.470e+05   
 36.2% | 000040320 |    0.0338823  |          | 7.258e+04| 6.110e+04|            |            |  2.338e-02 | 4.472e-03 |   5.584e-03  |  1.924e+05  |    2.463e+05   
 36.8% | 000040960 |    0.0356004  | 5.575e+04| 6.254e+04| 6.814e+04|  2.015e-02 |  5.427e-03 |  2.636e-03 | 4.549e-03 |   5.951e-03  |  1.798e+05  |    2.455e+05   
 37.4% | 000041600 |    0.0328101  |          | 6.648e+04| 6.393e+04|            |            |  2.301e-02 | 4.664e-03 |   4.647e-03  |  1.916e+05  |    2.448e+05   
 37.9% | 000042240 |    0.0342239  | 5.255e+04| 6.284e+04| 7.030e+04|  1.995e-02 |  6.419e-03 |  2.499e-03 | 5.000e-03 |   4.513e-03  |  1.803e+05  |    2.441e+05   
 38.5% | 000042880 |    0.0334958  |          | 7.229e+04| 6.276e+04|            |            |  2.422e-02 | 4.147e-03 |   4.689e-03  |  1.809e+05  |    2.433e+05   
 39.1% | 000043520 |    0.0346321  | 4.791e+04| 6.225e+04| 6.964e+04|  2.015e-02 |  5.359e-03 |  2.468e-03 | 4.373e-03 |   5.283e-03  |  1.717e+05  |    2.425e+05   
 39.7% | 000044160 |    0.0322044  |          | 7.101e+04| 6.109e+04|            |            |  2.302e-02 | 4.216e-03 |   4.501e-03  |  1.812e+05  |    2.418e+05   
 40.2% | 000044800 |    0.0335232  | 5.062e+04| 6.238e+04| 6.966e+04|  1.998e-02 |  6.475e-03 |  2.421e-03 | 4.522e-03 |   4.340e-03  |  1.708e+05  |    2.410e+05   
 40.8% | 000045440 |    0.0324381  |          | 7.094e+04| 6.017e+04|            |            |  2.374e-02 | 4.057e-03 |   4.226e-03  |  1.731e+05  |    2.403e+05   
 41.4% | 000046080 |    0.0335767  | 4.464e+04| 6.254e+04| 7.216e+04|  2.016e-02 |  5.389e-03 |  2.417e-03 | 4.511e-03 |   4.160e-03  |  1.641e+05  |    2.395e+05   
 42.0% | 000046720 |    0.0316034  |          | 7.356e+04| 6.128e+04|            |            |  2.308e-02 | 4.331e-03 |   3.733e-03  |  1.709e+05  |    2.388e+05   
 42.5% | 000047360 |    0.0327995  | 4.473e+04| 6.207e+04| 7.044e+04|  1.989e-02 |  6.410e-03 |  2.342e-03 | 4.391e-03 |   3.827e-03  |  1.614e+05  |    2.380e+05   
 43.1% | 000048000 |    0.0313648  |          | 6.898e+04| 6.316e+04|            |            |  2.343e-02 | 4.202e-03 |   3.290e-03  |  1.655e+05  |    2.372e+05   
 43.7% | 000048640 |    0.0326959  | 4.512e+04| 6.219e+04| 7.270e+04|  2.002e-02 |  5.470e-03 |  2.333e-03 | 4.016e-03 |   3.731e-03  |  1.556e+05  |    2.364e+05   
 44.3% | 000049280 |    0.0303434  |          | 6.767e+04| 6.204e+04|            |            |  2.288e-02 | 3.959e-03 |   3.057e-03  |  1.643e+05  |    2.357e+05   
 44.8% | 000049920 |    0.0319613  | 5.265e+04| 5.877e+04| 6.919e+04|  1.959e-02 |  6.211e-03 |  2.217e-03 | 4.005e-03 |   3.821e-03  |  1.528e+05  |    2.349e+05   
 45.4% | 000050560 |    0.0296420  |          | 7.330e+04| 6.418e+04|            |            |  2.268e-02 | 3.978e-03 |   2.551e-03  |  1.613e+05  |    2.342e+05   
 46.0% | 000051200 |    0.0319456  | 5.400e+04| 6.166e+04| 6.733e+04|  1.983e-02 |  5.354e-03 |  2.253e-03 | 4.126e-03 |   3.371e-03  |  1.466e+05  |    2.334e+05   
 46.6% | 000051840 |    0.0293002  |          | 7.522e+04| 6.152e+04|            |            |  2.237e-02 | 3.992e-03 |   2.480e-03  |  1.564e+05  |    2.327e+05   
 47.1% | 000052480 |    0.0308801  | 5.528e+04| 6.468e+04| 6.218e+04|  1.941e-02 |  6.156e-03 |  2.100e-03 | 4.283e-03 |   2.869e-03  |  1.453e+05  |    2.319e+05   
 47.7% | 000053120 |    0.0287662  |          | 7.298e+04| 6.078e+04|            |            |  2.241e-02 | 3.806e-03 |   2.130e-03  |  1.526e+05  |    2.313e+05   
 48.3% | 000053760 |    0.0309173  | 5.773e+04| 6.259e+04| 6.857e+04|  1.966e-02 |  5.404e-03 |  2.106e-03 | 3.938e-03 |   2.939e-03  |  1.389e+05  |    2.304e+05   
 48.9% | 000054400 |    0.0280081  |          | 7.442e+04| 6.026e+04|            |            |  2.196e-02 | 3.559e-03 |   2.055e-03  |  1.499e+05  |    2.298e+05   
 49.4% | 000055040 |    0.0294658  | 4.917e+04| 6.506e+04| 8.049e+04|  1.936e-02 |  6.146e-03 |  2.054e-03 | 3.806e-03 |   1.838e-03  |  1.394e+05  |    2.290e+05   
 50.0% | 000055680 |    0.0286961  |          | 7.362e+04| 6.417e+04|            |            |  2.312e-02 | 3.620e-03 |   1.523e-03  |  1.399e+05  |    2.283e+05   
 50.6% | 000056320 |    0.0300540  | 4.766e+04| 6.590e+04| 7.113e+04|  1.978e-02 |  5.581e-03 |  2.054e-03 | 3.627e-03 |   2.303e-03  |  1.305e+05  |    2.275e+05   
 51.1% | 000056960 |    0.0274115  |          | 7.744e+04| 6.234e+04|            |            |  2.209e-02 | 3.374e-03 |   1.458e-03  |  1.398e+05  |    2.268e+05   
 51.7% | 000057600 |    0.0284915  | 5.570e+04| 6.339e+04| 8.502e+04|  1.919e-02 |  6.103e-03 |  1.975e-03 | 3.557e-03 |   1.435e-03  |  1.314e+05  |    2.260e+05   
 52.3% | 000058240 |    0.0274409  |          | 7.965e+04| 6.386e+04|            |            |  2.258e-02 | 3.325e-03 |   1.110e-03  |  1.332e+05  |    2.253e+05   
 52.9% | 000058880 |    0.0288806  | 5.137e+04| 6.314e+04| 7.525e+04|  1.926e-02 |  5.402e-03 |  1.974e-03 | 3.420e-03 |   1.935e-03  |  1.236e+05  |    2.245e+05   
 53.4% | 000059520 |    0.0260785  |          | 7.421e+04| 5.835e+04|            |            |  2.138e-02 | 3.164e-03 |   1.105e-03  |  1.335e+05  |    2.239e+05   
 54.0% | 000060160 |    0.0273708  | 6.035e+04| 6.362e+04| 8.279e+04|  1.883e-02 |  6.056e-03 |  1.841e-03 | 3.725e-03 |   8.968e-04  |  1.241e+05  |    2.232e+05   
 54.6% | 000060800 |    0.0265367  |          | 7.182e+04| 6.065e+04|            |            |  2.222e-02 | 3.138e-03 |   7.400e-04  |  1.249e+05  |    2.225e+05   
 55.2% | 000061440 |    0.0274947  | 6.248e+04| 6.582e+04| 7.674e+04|  1.900e-02 |  5.767e-03 |  1.876e-03 | 3.168e-03 |   1.443e-03  |  1.175e+05  |    2.217e+05   
 55.7% | 000062080 |    0.0253559  |          | 7.212e+04| 5.768e+04|            |            |  2.123e-02 | 3.066e-03 |   6.264e-04  |  1.242e+05  |    2.211e+05   
 56.3% | 000062720 |    0.0266901  | 6.082e+04| 6.701e+04| 7.448e+04|  1.861e-02 |  6.207e-03 |  1.799e-03 | 3.489e-03 |   6.405e-04  |  1.150e+05  |    2.203e+05   
 56.9% | 000063360 |    0.0252672  |          | 7.102e+04| 5.830e+04|            |            |  2.145e-02 | 3.056e-03 |   3.353e-04  |  1.183e+05  |    2.196e+05   
 57.5% | 000064000 |    0.0266700  | 5.801e+04| 6.494e+04| 7.949e+04|  1.863e-02 |  5.587e-03 |  1.796e-03 | 3.068e-03 |   1.034e-03  |  1.091e+05  |    2.189e+05   
 58.0% | 000064640 |    0.0240683  |          | 6.919e+04| 5.853e+04|            |            |  2.052e-02 | 3.081e-03 |   2.228e-05  |  1.177e+05  |    2.183e+05   
 58.6% | 000065280 |    0.0262594  | 5.907e+04| 6.522e+04| 7.101e+04|  1.834e-02 |  5.958e-03 |  1.662e-03 | 3.371e-03 |   8.794e-04  |  1.049e+05  |    2.175e+05   
 59.2% | 000065920 |    0.0237450  |          | 7.008e+04| 5.772e+04|            |            |  2.048e-02 | 2.834e-03 |   2.035e-05  |  1.129e+05  |    2.169e+05   
 59.8% | 000066560 |    0.0262258  | 6.284e+04| 6.525e+04| 6.934e+04|  1.852e-02 |  5.643e-03 |  1.672e-03 | 2.959e-03 |   9.660e-04  |  9.936e+04  |    2.161e+05   
 60.3% | 000067200 |    0.0231940  |          | 6.807e+04| 5.641e+04|            |            |  1.996e-02 | 2.771e-03 |   2.228e-05  |  1.092e+05  |    2.155e+05   
 60.9% | 000067840 |    0.0258248  | 5.187e+04| 6.485e+04| 6.512e+04|  1.821e-02 |  5.888e-03 |  1.586e-03 | 3.081e-03 |   8.435e-04  |  9.526e+04  |    2.147e+05   
 61.5% | 000068480 |    0.0230170  |          | 6.541e+04| 5.639e+04|            |            |  1.994e-02 | 2.616e-03 |   2.198e-05  |  1.038e+05  |    2.141e+05   
 62.1% | 000069120 |    0.0260452  | 5.376e+04| 6.332e+04| 6.273e+04|  1.833e-02 |  5.501e-03 |  1.589e-03 | 2.735e-03 |   1.188e-03  |  8.902e+04  |    2.133e+05   
 62.6% | 000069760 |    0.0227751  |          | 6.806e+04| 5.506e+04|            |            |  1.945e-02 | 2.866e-03 |   2.112e-05  |  9.876e+04  |    2.126e+05   
 63.2% | 000070400 |    0.0254776  | 5.015e+04| 6.133e+04| 6.055e+04|  1.802e-02 |  5.939e-03 |  1.491e-03 | 2.882e-03 |   1.013e-03  |  8.561e+04  |    2.119e+05   
 63.8% | 000071040 |    0.0228928  |          | 6.303e+04| 5.606e+04|            |            |  1.988e-02 | 2.571e-03 |   2.107e-05  |  9.235e+04  |    2.112e+05   
 64.4% | 000071680 |    0.0256499  | 5.051e+04| 6.419e+04| 5.972e+04|  1.826e-02 |  5.525e-03 |  1.494e-03 | 2.687e-03 |   1.240e-03  |  7.985e+04  |    2.104e+05   
 64.9% | 000072320 |    0.0223205  |          | 6.407e+04| 5.334e+04|            |            |  1.928e-02 | 2.548e-03 |   2.092e-05  |  8.884e+04  |    2.097e+05   
 65.5% | 000072960 |    0.0252009  | 4.509e+04| 6.235e+04| 4.994e+04|  1.799e-02 |  5.797e-03 |  1.414e-03 | 2.722e-03 |   1.067e-03  |  7.615e+04  |    2.090e+05   
 66.1% | 000073600 |    0.0223230  |          | 6.015e+04| 5.198e+04|            |            |  1.951e-02 | 2.371e-03 |   2.116e-05  |  8.315e+04  |    2.083e+05   
 66.7% | 000074240 |    0.0254571  | 4.496e+04| 6.288e+04| 4.642e+04|  1.823e-02 |  5.511e-03 |  1.420e-03 | 2.580e-03 |   1.144e-03  |  7.048e+04  |    2.075e+05   
 67.2% | 000074880 |    0.0218481  |          | 6.358e+04| 4.863e+04|            |            |  1.905e-02 | 2.339e-03 |   2.143e-05  |  7.934e+04  |    2.068e+05   
 67.8% | 000075520 |    0.0248484  | 4.336e+04| 6.504e+04| 4.141e+04|  1.795e-02 |  5.819e-03 |  1.319e-03 | 2.634e-03 |   8.079e-04  |  6.736e+04  |    2.060e+05   
 68.4% | 000076160 |    0.0220991  |          | 6.132e+04| 4.405e+04|            |            |  1.943e-02 | 2.208e-03 |   2.040e-05  |  7.308e+04  |    2.053e+05   
 69.0% | 000076800 |    0.0249803  | 4.284e+04| 6.424e+04| 2.071e+02|  1.814e-02 |  5.490e-03 |  1.319e-03 | 2.370e-03 |   8.182e-04  |  6.234e+04  |    2.045e+05   
 69.5% | 000077440 |    0.0216002  |          | 5.933e+04| 3.177e+02|            |            |  1.889e-02 | 2.170e-03 |   2.066e-05  |  6.947e+04  |    2.039e+05   
 70.1% | 000078080 |    0.0242321  | 3.893e+04| 6.317e+04|          |  1.788e-02 |  5.777e-03 |  1.233e-03 | 2.185e-03 |   1.288e-03  |  5.964e+04  |    2.031e+05   
 70.7% | 000078720 |    0.0216980  |          | 6.274e+04|          |            |            |  1.938e-02 | 1.975e-03 |   1.004e-04  |  6.409e+04  |    2.024e+05   
 71.3% | 000079360 |    0.0242720  | 4.077e+04| 6.412e+04|          |  1.817e-02 |  5.519e-03 |  1.229e-03 | 2.036e-03 |   1.205e-03  |  5.509e+04  |    2.016e+05   
 71.8% | 000080000 |    0.0213991  |          | 5.966e+04|          |            |            |  1.895e-02 | 2.043e-03 |   1.060e-04  |  6.003e+04  |    2.009e+05   
 72.4% | 000080640 |    0.0236187  | 4.898e+04| 6.061e+04|          |  1.788e-02 |  5.811e-03 |  1.146e-03 | 1.914e-03 |   1.085e-03  |  5.222e+04  |    2.001e+05   
 73.0% | 000081280 |    0.0217617  |          | 5.875e+04|          |            |            |  1.954e-02 | 1.837e-03 |   1.073e-04  |  5.436e+04  |    1.994e+05   
 73.6% | 000081920 |    0.0236526  | 4.784e+04| 5.900e+04|          |  1.812e-02 |  5.519e-03 |  1.145e-03 | 1.750e-03 |   1.036e-03  |  4.793e+04  |    1.986e+05   
 74.1% | 000082560 |    0.0214952  |          | 5.648e+04|          |            |            |  1.930e-02 | 1.832e-03 |   1.009e-04  |  5.050e+04  |    1.979e+05   
 74.7% | 000083200 |    0.0230043  | 4.455e+04| 5.830e+04|          |  1.780e-02 |  5.798e-03 |  1.055e-03 | 1.782e-03 |   7.652e-04  |  4.513e+04  |    1.972e+05   
 75.3% | 000083840 |    0.0217107  |          | 5.905e+04|          |            |            |  1.970e-02 | 1.670e-03 |   9.007e-05  |  4.570e+04  |    1.965e+05   
 75.9% | 000084480 |    0.0229052  | 4.521e+04| 5.896e+04|          |  1.805e-02 |  5.497e-03 |  1.050e-03 | 1.514e-03 |   6.979e-04  |  4.135e+04  |    1.957e+05   
 76.4% | 000085120 |    0.0215092  |          | 6.033e+04|          |            |            |  1.945e-02 | 1.699e-03 |   8.436e-05  |  4.198e+04  |    1.950e+05   
 77.0% | 000085760 |    0.0223499  | 4.343e+04| 5.805e+04|          |  1.772e-02 |  5.796e-03 |  9.742e-04 | 1.552e-03 |   5.158e-04  |  3.848e+04  |    1.942e+05   
 77.6% | 000086400 |    0.0218227  |          | 5.889e+04|          |            |            |  1.992e-02 | 1.583e-03 |   7.420e-05  |  3.749e+04  |    1.935e+05   
 78.2% | 000087040 |    0.0223766  | 4.388e+04| 5.703e+04|          |  1.800e-02 |  5.467e-03 |  9.877e-04 | 1.386e-03 |   4.112e-04  |  3.473e+04  |    1.928e+05   
 78.7% | 000087680 |    0.0216471  |          | 5.493e+04|          |            |            |  1.967e-02 | 1.637e-03 |   7.760e-05  |  3.406e+04  |    1.920e+05   
 79.3% | 000088320 |    0.0216979  | 4.267e+04| 5.905e+04|          |  1.768e-02 |  5.830e-03 |  8.838e-04 | 1.400e-03 |   1.316e-04  |  3.219e+04  |    1.913e+05   
 79.9% | 000088960 |    0.0219188  |          | 5.948e+04|          |            |            |  2.018e-02 | 1.416e-03 |   7.506e-05  |  3.015e+04  |    1.906e+05   
 80.5% | 000089600 |    0.0217739  | 4.177e+04| 5.509e+04|          |  1.783e-02 |  5.357e-03 |  8.916e-04 | 1.250e-03 |   2.049e-04  |  2.866e+04  |    1.898e+05   
 81.0% | 000090240 |    0.0213602  |          | 6.126e+04|          |            |            |  1.960e-02 | 1.414e-03 |   7.110e-05  |  2.755e+04  |    1.891e+05   
 81.6% | 000090880 |    0.0220494  | 4.189e+04| 5.714e+04|          |  1.812e-02 |  6.260e-03 |  8.047e-04 | 1.474e-03 |   7.005e-05  |  2.512e+04  |    1.884e+05   
 82.2% | 000091520 |    0.0215976  |          | 5.743e+04|          |            |            |  1.994e-02 | 1.299e-03 |   1.072e-04  |  2.409e+04  |    1.876e+05   
 82.8% | 000092160 |    0.0226849  | 2.761e+04| 5.553e+04|          |  1.823e-02 |  5.305e-03 |  8.025e-04 | 1.154e-03 |   1.152e-04  |  2.150e+04  |    1.869e+05   
 83.3% | 000092800 |    0.0213392  |          | 5.609e+04|          |            |            |  1.976e-02 | 1.226e-03 |   6.468e-05  |  2.138e+04  |    1.862e+05   
 83.9% | 000093440 |    0.0220780  | 3.886e+04| 5.761e+04|          |  1.868e-02 |  6.792e-03 |  7.207e-04 | 1.053e-03 |   7.470e-05  |  1.929e+04  |    1.854e+05   
 84.5% | 000094080 |    0.0222047  |          | 5.752e+04|          |            |            |  2.069e-02 | 1.209e-03 |   6.182e-05  |  1.786e+04  |    1.847e+05   
 85.1% | 000094720 |    0.0210677  | 3.856e+04| 5.346e+04|          |  1.775e-02 |  5.292e-03 |  7.106e-04 | 9.354e-04 |   1.026e-04  |  1.748e+04  |    1.840e+05   
 85.6% | 000095360 |    0.0217175  |          | 5.426e+04|          |            |            |  2.026e-02 | 1.127e-03 |   5.917e-05  |  1.570e+04  |    1.832e+05   
 86.2% | 000096000 |    0.0203704  | 4.244e+04| 5.653e+04|          |  1.724e-02 |  5.458e-03 |  6.300e-04 | 8.552e-04 |   6.328e-05  |  1.545e+04  |    1.825e+05   
 86.8% | 000096640 |    0.0208148  |          | 5.731e+04|          |            |            |  1.954e-02 | 9.635e-04 |   5.324e-05  |  1.391e+04  |    1.818e+05   
 87.4% | 000097280 |    0.0204656  | 4.376e+04| 5.280e+04|          |  1.736e-02 |  5.375e-03 |  6.305e-04 | 7.983e-04 |   9.488e-05  |  1.297e+04  |    1.812e+05   
 87.9% | 000097920 |    0.0202487  |          | 5.217e+04|          |            |            |  1.892e-02 | 9.996e-04 |   5.067e-05  |  1.197e+04  |    1.805e+05   
 88.5% | 000098560 |    0.0200857  | 3.491e+04| 5.078e+04|          |  1.722e-02 |  5.457e-03 |  5.383e-04 | 7.386e-04 |   5.437e-05  |  1.097e+04  |    1.798e+05   
 89.1% | 000099200 |    0.0204193  |          | 5.098e+04|          |            |            |  1.931e-02 | 8.008e-04 |   5.164e-05  |  9.765e+03  |    1.791e+05   
 89.7% | 000099840 |    0.0202212  | 3.607e+04| 5.265e+04|          |  1.740e-02 |  5.340e-03 |  5.376e-04 | 6.735e-04 |   8.235e-05  |  8.876e+03  |    1.785e+05   
 90.2% | 000100480 |    0.0198826  |          | 5.551e+04|          |            |            |  1.871e-02 | 8.513e-04 |   5.005e-05  |  8.077e+03  |    1.778e+05   
 90.8% | 000101120 |    0.0196522  | 3.891e+04| 5.384e+04|          |  1.709e-02 |  5.429e-03 |  4.428e-04 | 5.717e-04 |   4.986e-05  |  7.265e+03  |    1.772e+05   
 91.4% | 000101760 |    0.0198234  |          | 5.470e+04|          |            |            |  1.883e-02 | 6.921e-04 |   4.785e-05  |  6.356e+03  |    1.765e+05   
 92.0% | 000102400 |    0.0198071  | 3.863e+04| 4.726e+04|          |  1.728e-02 |  5.327e-03 |  4.460e-04 | 5.003e-04 |   6.737e-05  |  5.567e+03  |    1.759e+05   
 92.5% | 000103040 |    0.0193340  |          | 5.169e+04|          |            |            |  1.838e-02 | 6.343e-04 |   4.235e-05  |  4.944e+03  |    1.753e+05   
 93.1% | 000103680 |    0.0193095  | 3.021e+04| 4.873e+04|          |  1.697e-02 |  5.426e-03 |  3.662e-04 | 4.189e-04 |   4.349e-05  |  4.244e+03  |    1.746e+05   
 93.7% | 000104320 |    0.0195286  |          | 4.914e+04|          |            |            |  1.869e-02 | 5.432e-04 |   4.046e-05  |  3.553e+03  |    1.740e+05   
 94.3% | 000104960 |    0.0194360  | 3.168e+04| 4.912e+04|          |  1.716e-02 |  5.269e-03 |  3.667e-04 | 3.623e-04 |   5.736e-05  |  2.976e+03  |    1.734e+05   
 94.8% | 000105600 |    0.0190564  |          | 4.305e+04|          |            |            |  1.821e-02 | 5.478e-04 |   3.576e-05  |  2.485e+03  |    1.728e+05   
 95.4% | 000106240 |    0.0190435  | 2.989e+04| 3.829e+04|          |  1.695e-02 |  5.488e-03 |  2.745e-04 | 2.903e-04 |   3.881e-05  |  1.991e+03  |    1.721e+05   
 96.0% | 000106880 |    0.0191917  |          | 4.035e+04|          |            |            |  1.851e-02 | 3.883e-04 |   3.377e-05  |  1.539e+03  |    1.715e+05   
 96.6% | 000107520 |    0.0191414  | 2.889e+04| 4.162e+04|          |  1.711e-02 |  5.327e-03 |  2.804e-04 | 2.270e-04 |   4.878e-05  |  1.159e+03  |    1.709e+05   
 97.1% | 000108160 |    0.0186121  |          | 3.188e+04|          |            |            |  1.795e-02 | 3.717e-04 |   3.095e-05  |  8.543e+02  |    1.703e+05   
 97.7% | 000108800 |    0.0185829  | 1.917e+04| 2.403e+04|          |  1.676e-02 |  5.562e-03 |  1.974e-04 | 1.485e-04 |   3.435e-05  |  5.736e+02  |    1.698e+05   
 98.3% | 000109440 |    0.0186464  |          | 2.063e+04|          |            |            |  1.812e-02 | 2.473e-04 |   2.892e-05  |  3.467e+02  |    1.692e+05   
 98.9% | 000110080 |    0.0186697  | 1.581e+04| 9.204e+01|          |  1.697e-02 |  5.379e-03 |  1.970e-04 | 5.779e-05 |   2.802e-05  |  1.778e+02  |    1.686e+05   
 99.4% | 000110720 |    0.0160212  |          | 0.000e+00|          |            |            |  1.566e-02 | 9.139e-05 |   2.414e-05  |  7.632e+01  |    1.681e+05   
Final Score:    1.6650e+05 GFLOPS 
Residual value = 0.000021119392117 (0x3ef625319343165e)
Residual Check: PASSED 
