[INFO] GPU Roofline Tools 
[INFO] Version 1.0.0 (C)2024 Bagus Hanindhito 
[INFO] Built for AMD Instinct MI300X (gfx942) GPUs
[INFO] Detected 8 HIP-capable device(s)
[INFO] +---+------------------------+----+----+-----------+--------------+--------------+
[INFO] |#  |Device Name             |CC  |#CU |Freq. (MHz)|Mem. Size (MB)|Mem. BW (GB/s)|
[INFO] +---+------------------------+----+----+-----------+--------------+--------------+
[INFO] |0  |AMD Instinct MI325X     |9.4 |304 |2100       |262128        |3072          |
[INFO] +---+------------------------+----+----+-----------+--------------+--------------+
[INFO] |1  |AMD Instinct MI325X     |9.4 |304 |2100       |262128        |3072          |
[INFO] +---+------------------------+----+----+-----------+--------------+--------------+
[INFO] |2  |AMD Instinct MI325X     |9.4 |304 |2100       |262128        |3072          |
[INFO] +---+------------------------+----+----+-----------+--------------+--------------+
[INFO] |3  |AMD Instinct MI325X     |9.4 |304 |2100       |262128        |3072          |
[INFO] +---+------------------------+----+----+-----------+--------------+--------------+
[INFO] |4  |AMD Instinct MI325X     |9.4 |304 |2100       |262128        |3072          |
[INFO] +---+------------------------+----+----+-----------+--------------+--------------+
[INFO] |5  |AMD Instinct MI325X     |9.4 |304 |2100       |262128        |3072          |
[INFO] +---+------------------------+----+----+-----------+--------------+--------------+
[INFO] |6  |AMD Instinct MI325X     |9.4 |304 |2100       |262128        |3072          |
[INFO] +---+------------------------+----+----+-----------+--------------+--------------+
[INFO] |7  |AMD Instinct MI325X     |9.4 |304 |2100       |262128        |3072          |
[INFO] +---+------------------------+----+----+-----------+--------------+--------------+
[WARN] This program does not currently support Multi-GPU run.
[INFO] Set default GPU to GPU index 0
[INFO] (1743263128) Running with 1 wavefront(s) per workgroup and 1 workgroup(s)
[INFO] (1743263131) Running with 2 wavefront(s) per workgroup and 1 workgroup(s)
[INFO] (1743263133) Running with 3 wavefront(s) per workgroup and 1 workgroup(s)
[INFO] (1743263135) Running with 4 wavefront(s) per workgroup and 1 workgroup(s)
[INFO] (1743263137) Running with 5 wavefront(s) per workgroup and 1 workgroup(s)
[INFO] (1743263141) Running with 6 wavefront(s) per workgroup and 1 workgroup(s)
[INFO] (1743263145) Running with 7 wavefront(s) per workgroup and 1 workgroup(s)
[INFO] (1743263149) Running with 8 wavefront(s) per workgroup and 1 workgroup(s)
[INFO] (1743263153) Running with 9 wavefront(s) per workgroup and 1 workgroup(s)
[INFO] (1743263159) Running with 10 wavefront(s) per workgroup and 1 workgroup(s)
[INFO] (1743263165) Running with 11 wavefront(s) per workgroup and 1 workgroup(s)
[INFO] (1743263172) Running with 12 wavefront(s) per workgroup and 1 workgroup(s)
[INFO] (1743263178) Running with 13 wavefront(s) per workgroup and 1 workgroup(s)
[INFO] (1743263186) Running with 14 wavefront(s) per workgroup and 1 workgroup(s)
[INFO] (1743263194) Running with 15 wavefront(s) per workgroup and 1 workgroup(s)
[INFO] (1743263202) Running with 16 wavefront(s) per workgroup and 1 workgroup(s)
Result V_ADD1 with fp16
n_iter, n_thread, n_wg, n_wf, wf_size, wg_size, n_flops, n_bytes, time_ms, gflop/s, avg_clock, max_clock, min_clock, stdev_clock 
1073741824, 64, 1, 1, 64, 64, 68719476736, 128, 2057.15, 33.4052, 4.30336e+09, 4303358984, 4303358984, 1 
1073741824, 128, 1, 2, 64, 128, 137438953472, 256, 2052.56, 66.9597, 4.30336e+09, 4303358792, 4303358764, 1 
1073741824, 192, 1, 3, 64, 192, 206158430208, 384, 2052.74, 100.431, 4.30336e+09, 4303357040, 4303357040, 1 
1073741824, 256, 1, 4, 64, 256, 274877906944, 512, 2054.8, 133.774, 4.30336e+09, 4303357080, 4303357048, 1 
1073741824, 320, 1, 5, 64, 320, 343597383680, 640, 4102.93, 83.7444, 5.16235e+09, 8598315688, 4303357116, 1.05392 
1073741824, 384, 1, 6, 64, 384, 412316860416, 768, 4101.41, 100.53, 5.73501e+09, 8598315696, 4303356480, 1.06049 
1073741824, 448, 1, 7, 64, 448, 481036337152, 896, 4103.53, 117.225, 6.14405e+09, 8598315764, 4303356504, 1.05815 
1073741824, 512, 1, 8, 64, 512, 549755813888, 1024, 4103.72, 133.965, 6.45084e+09, 8598315720, 4303356460, 1.05396 
1073741824, 576, 1, 9, 64, 576, 618475290624, 1152, 6150.69, 100.554, 7.16666e+09, 12893283012, 4303356968, 1.07686 
1073741824, 640, 1, 10, 64, 640, 687194767360, 1280, 6150.29, 111.734, 7.73933e+09, 12893283128, 4303357008, 1.0828 
1073741824, 704, 1, 11, 64, 704, 755914244096, 1408, 6152.02, 122.872, 8.20787e+09, 12893283084, 4303356892, 1.08258 
1073741824, 768, 1, 12, 64, 768, 824633720832, 1536, 6151.92, 134.045, 8.59832e+09, 12893283324, 4303357080, 1.07997 
1073741824, 832, 1, 13, 64, 832, 893353197568, 1664, 8199.33, 108.954, 9.25908e+09, 17188250396, 4303356432, 1.09249 
1073741824, 896, 1, 14, 64, 896, 962072674304, 1792, 8200.95, 117.312, 9.82545e+09, 17188250460, 4303356496, 1.09671 
1073741824, 960, 1, 15, 64, 960, 1030792151040, 1920, 8200.76, 125.695, 1.03163e+10, 17188250468, 4303356456, 1.09698 
1073741824, 1024, 1, 16, 64, 1024, 1099511627776, 2048, 8201.75, 134.058, 1.07458e+10, 17188250484, 4303356472, 1.0953 
