[INFO] GPU Roofline Tools 
[INFO] Version 1.0.0 (C)2024 Bagus Hanindhito 
[INFO] Built for AMD Instinct MI300X (gfx942) GPUs
[INFO] Detected 8 HIP-capable device(s)
[INFO] +---+------------------------+----+----+-----------+--------------+--------------+
[INFO] |#  |Device Name             |CC  |#CU |Freq. (MHz)|Mem. Size (MB)|Mem. BW (GB/s)|
[INFO] +---+------------------------+----+----+-----------+--------------+--------------+
[INFO] |0  |AMD Instinct MI325X     |9.4 |304 |2100       |262128        |3072          |
[INFO] +---+------------------------+----+----+-----------+--------------+--------------+
[INFO] |1  |AMD Instinct MI325X     |9.4 |304 |2100       |262128        |3072          |
[INFO] +---+------------------------+----+----+-----------+--------------+--------------+
[INFO] |2  |AMD Instinct MI325X     |9.4 |304 |2100       |262128        |3072          |
[INFO] +---+------------------------+----+----+-----------+--------------+--------------+
[INFO] |3  |AMD Instinct MI325X     |9.4 |304 |2100       |262128        |3072          |
[INFO] +---+------------------------+----+----+-----------+--------------+--------------+
[INFO] |4  |AMD Instinct MI325X     |9.4 |304 |2100       |262128        |3072          |
[INFO] +---+------------------------+----+----+-----------+--------------+--------------+
[INFO] |5  |AMD Instinct MI325X     |9.4 |304 |2100       |262128        |3072          |
[INFO] +---+------------------------+----+----+-----------+--------------+--------------+
[INFO] |6  |AMD Instinct MI325X     |9.4 |304 |2100       |262128        |3072          |
[INFO] +---+------------------------+----+----+-----------+--------------+--------------+
[INFO] |7  |AMD Instinct MI325X     |9.4 |304 |2100       |262128        |3072          |
[INFO] +---+------------------------+----+----+-----------+--------------+--------------+
[WARN] This program does not currently support Multi-GPU run.
[INFO] Set default GPU to GPU index 0
[INFO] (1743293743) Running with 1 wavefront(s) per workgroup and 1 workgroup(s)
[INFO] (1743293745) Running with 2 wavefront(s) per workgroup and 1 workgroup(s)
[INFO] (1743293747) Running with 3 wavefront(s) per workgroup and 1 workgroup(s)
[INFO] (1743293749) Running with 4 wavefront(s) per workgroup and 1 workgroup(s)
[INFO] (1743293751) Running with 5 wavefront(s) per workgroup and 1 workgroup(s)
[INFO] (1743293755) Running with 6 wavefront(s) per workgroup and 1 workgroup(s)
[INFO] (1743293759) Running with 7 wavefront(s) per workgroup and 1 workgroup(s)
[INFO] (1743293763) Running with 8 wavefront(s) per workgroup and 1 workgroup(s)
[INFO] (1743293767) Running with 9 wavefront(s) per workgroup and 1 workgroup(s)
[INFO] (1743293774) Running with 10 wavefront(s) per workgroup and 1 workgroup(s)
[INFO] (1743293780) Running with 11 wavefront(s) per workgroup and 1 workgroup(s)
[INFO] (1743293786) Running with 12 wavefront(s) per workgroup and 1 workgroup(s)
[INFO] (1743293792) Running with 13 wavefront(s) per workgroup and 1 workgroup(s)
[INFO] (1743293800) Running with 14 wavefront(s) per workgroup and 1 workgroup(s)
[INFO] (1743293808) Running with 15 wavefront(s) per workgroup and 1 workgroup(s)
[INFO] (1743293817) Running with 16 wavefront(s) per workgroup and 1 workgroup(s)
Result V_FMA2 with fp64
n_iter, n_thread, n_wg, n_wf, wf_size, wg_size, n_flops, n_bytes, time_ms, gflop/s, avg_clock, max_clock, min_clock, stdev_clock 
1073741824, 64, 1, 1, 64, 64, 137438953472, 1024, 2057.88, 66.7867, 4.30651e+09, 4306510296, 4306510296, 1 
1073741824, 128, 1, 2, 64, 128, 274877906944, 2048, 2056.63, 133.654, 4.30651e+09, 4306508308, 4306508304, 1 
1073741824, 192, 1, 3, 64, 192, 412316860416, 3072, 2054.9, 200.65, 4.3065e+09, 4306503668, 4306503644, 1 
1073741824, 256, 1, 4, 64, 256, 549755813888, 4096, 2057.57, 267.187, 4.3065e+09, 4306503612, 4306503596, 1 
1073741824, 320, 1, 5, 64, 320, 687194767360, 5120, 4104.57, 167.422, 5.16556e+09, 8601803764, 4306503596, 1.05386 
1073741824, 384, 1, 6, 64, 384, 824633720832, 6144, 4105.25, 200.873, 5.73827e+09, 8601803848, 4306502380, 1.06043 
1073741824, 448, 1, 7, 64, 448, 962072674304, 7168, 4106.3, 234.292, 6.14735e+09, 8601803856, 4306502372, 1.05809 
1073741824, 512, 1, 8, 64, 512, 1099511627776, 8192, 4109.24, 267.57, 6.45415e+09, 8601803852, 4306502352, 1.05391 
1073741824, 576, 1, 9, 64, 576, 1236950581248, 9216, 6156.51, 200.918, 7.17e+09, 12896769832, 4306503724, 1.0768 
1073741824, 640, 1, 10, 64, 640, 1374389534720, 10240, 6155.06, 223.294, 7.74268e+09, 12896769664, 4306503452, 1.08274 
1073741824, 704, 1, 11, 64, 704, 1511828488192, 11264, 6156.56, 245.564, 8.21123e+09, 12896769684, 4306503468, 1.08252 
1073741824, 768, 1, 12, 64, 768, 1649267441664, 12288, 6161.7, 267.664, 8.60169e+09, 12896769612, 4306503620, 1.07992 
1073741824, 832, 1, 13, 64, 832, 1786706395136, 13312, 8205.89, 217.735, 9.26246e+09, 17191736868, 4306502360, 1.09243 
1073741824, 896, 1, 14, 64, 896, 1924145348608, 14336, 8205.03, 234.508, 9.82884e+09, 17191736924, 4306503284, 1.09665 
1073741824, 960, 1, 15, 64, 960, 2061584302080, 15360, 8203.16, 251.316, 1.03197e+10, 17191736872, 4306502380, 1.09693 
1073741824, 1024, 1, 16, 64, 1024, 2199023255552, 16384, 8206.31, 267.967, 1.07492e+10, 17191736860, 4306503412, 1.09525 
