[INFO] GPU Roofline Tools 
[INFO] Version 1.0.0 (C)2024 Bagus Hanindhito 
[INFO] Built for AMD Instinct MI300X (gfx942) GPUs
[INFO] Detected 8 HIP-capable device(s)
[INFO] +---+------------------------+----+----+-----------+--------------+--------------+
[INFO] |#  |Device Name             |CC  |#CU |Freq. (MHz)|Mem. Size (MB)|Mem. BW (GB/s)|
[INFO] +---+------------------------+----+----+-----------+--------------+--------------+
[INFO] |0  |AMD Instinct MI325X     |9.4 |304 |2100       |262128        |3072          |
[INFO] +---+------------------------+----+----+-----------+--------------+--------------+
[INFO] |1  |AMD Instinct MI325X     |9.4 |304 |2100       |262128        |3072          |
[INFO] +---+------------------------+----+----+-----------+--------------+--------------+
[INFO] |2  |AMD Instinct MI325X     |9.4 |304 |2100       |262128        |3072          |
[INFO] +---+------------------------+----+----+-----------+--------------+--------------+
[INFO] |3  |AMD Instinct MI325X     |9.4 |304 |2100       |262128        |3072          |
[INFO] +---+------------------------+----+----+-----------+--------------+--------------+
[INFO] |4  |AMD Instinct MI325X     |9.4 |304 |2100       |262128        |3072          |
[INFO] +---+------------------------+----+----+-----------+--------------+--------------+
[INFO] |5  |AMD Instinct MI325X     |9.4 |304 |2100       |262128        |3072          |
[INFO] +---+------------------------+----+----+-----------+--------------+--------------+
[INFO] |6  |AMD Instinct MI325X     |9.4 |304 |2100       |262128        |3072          |
[INFO] +---+------------------------+----+----+-----------+--------------+--------------+
[INFO] |7  |AMD Instinct MI325X     |9.4 |304 |2100       |262128        |3072          |
[INFO] +---+------------------------+----+----+-----------+--------------+--------------+
[WARN] This program does not currently support Multi-GPU run.
[INFO] Set default GPU to GPU index 0
[INFO] (1743269130) Running with 1 wavefront(s) per workgroup and 1 workgroup(s)
[INFO] (1743269133) Running with 2 wavefront(s) per workgroup and 1 workgroup(s)
[INFO] (1743269135) Running with 3 wavefront(s) per workgroup and 1 workgroup(s)
[INFO] (1743269138) Running with 4 wavefront(s) per workgroup and 1 workgroup(s)
[INFO] (1743269140) Running with 5 wavefront(s) per workgroup and 1 workgroup(s)
[INFO] (1743269143) Running with 6 wavefront(s) per workgroup and 1 workgroup(s)
[INFO] (1743269146) Running with 7 wavefront(s) per workgroup and 1 workgroup(s)
[INFO] (1743269148) Running with 8 wavefront(s) per workgroup and 1 workgroup(s)
[INFO] (1743269151) Running with 9 wavefront(s) per workgroup and 1 workgroup(s)
[INFO] (1743269155) Running with 10 wavefront(s) per workgroup and 1 workgroup(s)
[INFO] (1743269158) Running with 11 wavefront(s) per workgroup and 1 workgroup(s)
[INFO] (1743269162) Running with 12 wavefront(s) per workgroup and 1 workgroup(s)
[INFO] (1743269166) Running with 13 wavefront(s) per workgroup and 1 workgroup(s)
[INFO] (1743269171) Running with 14 wavefront(s) per workgroup and 1 workgroup(s)
[INFO] (1743269176) Running with 15 wavefront(s) per workgroup and 1 workgroup(s)
[INFO] (1743269181) Running with 16 wavefront(s) per workgroup and 1 workgroup(s)
Result V_ADD2 with fp64
n_iter, n_thread, n_wg, n_wf, wf_size, wg_size, n_flops, n_bytes, time_ms, gflop/s, avg_clock, max_clock, min_clock, stdev_clock 
1073741824, 64, 1, 1, 64, 64, 68719476736, 1024, 2570.19, 26.7371, 5.3771e+09, 5377104160, 5377104160, 1 
1073741824, 128, 1, 2, 64, 128, 137438953472, 2048, 2565.78, 53.5662, 5.3771e+09, 5377102276, 5377102252, 1 
1073741824, 192, 1, 3, 64, 192, 206158430208, 3072, 2567.55, 80.2937, 5.3771e+09, 5377100500, 5377100464, 1 
1073741824, 256, 1, 4, 64, 256, 274877906944, 4096, 2566.3, 107.11, 5.3771e+09, 5377099492, 5377099480, 1 
1073741824, 320, 1, 5, 64, 320, 343597383680, 5120, 2568.22, 133.788, 5.3771e+09, 5377099500, 5377099484, 1 
1073741824, 384, 1, 6, 64, 384, 412316860416, 6144, 2566.06, 160.681, 5.3771e+09, 5377098784, 5377098456, 1 
1073741824, 448, 1, 7, 64, 448, 481036337152, 7168, 2568.1, 187.312, 5.3771e+09, 5377098816, 5377098476, 1 
1073741824, 512, 1, 8, 64, 512, 549755813888, 8192, 2566.6, 214.196, 5.3771e+09, 5377098844, 5377098428, 1 
1073741824, 576, 1, 9, 64, 576, 618475290624, 9216, 3847.33, 160.754, 5.67498e+09, 8056993920, 5377099448, 1.01095 
1073741824, 640, 1, 10, 64, 640, 687194767360, 10240, 3847.18, 178.623, 5.91329e+09, 8056994420, 5377099232, 1.0163 
1073741824, 704, 1, 11, 64, 704, 755914244096, 11264, 3845.64, 196.564, 6.10827e+09, 8056997440, 5377099304, 1.01891 
1073741824, 768, 1, 12, 64, 768, 824633720832, 12288, 3847.99, 214.302, 6.27075e+09, 8056997480, 5377621788, 1.02008 
1073741824, 832, 1, 13, 64, 832, 893353197568, 13312, 5130.29, 174.133, 6.6141e+09, 10744874980, 5377618920, 1.03252 
1073741824, 896, 1, 14, 64, 896, 962072674304, 14336, 5129.52, 187.556, 6.90897e+09, 10746169428, 5377620220, 1.03922 
1073741824, 960, 1, 15, 64, 960, 1030792151040, 15360, 5129.97, 200.935, 7.16499e+09, 10746691180, 5377620244, 1.04272 
1073741824, 1024, 1, 16, 64, 1024, 1099511627776, 16384, 5130.33, 214.316, 7.38881e+09, 10745396164, 5377619780, 1.04435 
