[INFO] GPU Roofline Tools 
[INFO] Version 1.0.0 (C)2024 Bagus Hanindhito 
[INFO] Built for AMD Instinct MI300X (gfx942) GPUs
[INFO] Detected 8 HIP-capable device(s)
[INFO] +---+------------------------+----+----+-----------+--------------+--------------+
[INFO] |#  |Device Name             |CC  |#CU |Freq. (MHz)|Mem. Size (MB)|Mem. BW (GB/s)|
[INFO] +---+------------------------+----+----+-----------+--------------+--------------+
[INFO] |0  |AMD Instinct MI325X     |9.4 |304 |2100       |262128        |3072          |
[INFO] +---+------------------------+----+----+-----------+--------------+--------------+
[INFO] |1  |AMD Instinct MI325X     |9.4 |304 |2100       |262128        |3072          |
[INFO] +---+------------------------+----+----+-----------+--------------+--------------+
[INFO] |2  |AMD Instinct MI325X     |9.4 |304 |2100       |262128        |3072          |
[INFO] +---+------------------------+----+----+-----------+--------------+--------------+
[INFO] |3  |AMD Instinct MI325X     |9.4 |304 |2100       |262128        |3072          |
[INFO] +---+------------------------+----+----+-----------+--------------+--------------+
[INFO] |4  |AMD Instinct MI325X     |9.4 |304 |2100       |262128        |3072          |
[INFO] +---+------------------------+----+----+-----------+--------------+--------------+
[INFO] |5  |AMD Instinct MI325X     |9.4 |304 |2100       |262128        |3072          |
[INFO] +---+------------------------+----+----+-----------+--------------+--------------+
[INFO] |6  |AMD Instinct MI325X     |9.4 |304 |2100       |262128        |3072          |
[INFO] +---+------------------------+----+----+-----------+--------------+--------------+
[INFO] |7  |AMD Instinct MI325X     |9.4 |304 |2100       |262128        |3072          |
[INFO] +---+------------------------+----+----+-----------+--------------+--------------+
[WARN] This program does not currently support Multi-GPU run.
[INFO] Set default GPU to GPU index 0
[INFO] (1743268695) Running with 1 wavefront(s) per workgroup and 1 workgroup(s)
[INFO] (1743268697) Running with 2 wavefront(s) per workgroup and 1 workgroup(s)
[INFO] (1743268699) Running with 3 wavefront(s) per workgroup and 1 workgroup(s)
[INFO] (1743268701) Running with 4 wavefront(s) per workgroup and 1 workgroup(s)
[INFO] (1743268703) Running with 5 wavefront(s) per workgroup and 1 workgroup(s)
[INFO] (1743268705) Running with 6 wavefront(s) per workgroup and 1 workgroup(s)
[INFO] (1743268707) Running with 7 wavefront(s) per workgroup and 1 workgroup(s)
[INFO] (1743268709) Running with 8 wavefront(s) per workgroup and 1 workgroup(s)
[INFO] (1743268711) Running with 9 wavefront(s) per workgroup and 1 workgroup(s)
[INFO] (1743268716) Running with 10 wavefront(s) per workgroup and 1 workgroup(s)
[INFO] (1743268720) Running with 11 wavefront(s) per workgroup and 1 workgroup(s)
[INFO] (1743268724) Running with 12 wavefront(s) per workgroup and 1 workgroup(s)
[INFO] (1743268728) Running with 13 wavefront(s) per workgroup and 1 workgroup(s)
[INFO] (1743268732) Running with 14 wavefront(s) per workgroup and 1 workgroup(s)
[INFO] (1743268736) Running with 15 wavefront(s) per workgroup and 1 workgroup(s)
[INFO] (1743268740) Running with 16 wavefront(s) per workgroup and 1 workgroup(s)
Result V_ADD2 with fp16
n_iter, n_thread, n_wg, n_wf, wf_size, wg_size, n_flops, n_bytes, time_ms, gflop/s, avg_clock, max_clock, min_clock, stdev_clock 
1073741824, 64, 1, 1, 64, 64, 68719476736, 256, 2057.64, 33.3972, 4.30336e+09, 4303358732, 4303358732, 1 
1073741824, 128, 1, 2, 64, 128, 137438953472, 512, 2053.06, 66.9435, 4.30336e+09, 4303358252, 4303358244, 1 
1073741824, 192, 1, 3, 64, 192, 206158430208, 768, 2052.88, 100.424, 4.30336e+09, 4303357044, 4303356968, 1 
1073741824, 256, 1, 4, 64, 256, 274877906944, 1024, 2054.92, 133.766, 4.30336e+09, 4303357268, 4303356776, 1 
1073741824, 320, 1, 5, 64, 320, 343597383680, 1280, 2053.26, 167.342, 4.30336e+09, 4303356940, 4303356836, 1 
1073741824, 384, 1, 6, 64, 384, 412316860416, 1536, 2055.04, 200.637, 4.30336e+09, 4303356928, 4303356888, 1 
1073741824, 448, 1, 7, 64, 448, 481036337152, 1792, 2053.6, 234.241, 4.30336e+09, 4303357052, 4303356496, 1 
1073741824, 512, 1, 8, 64, 512, 549755813888, 2048, 2053.59, 267.704, 4.30336e+09, 4303357700, 4303356772, 1 
1073741824, 576, 1, 9, 64, 576, 618475290624, 2304, 4102.47, 150.757, 4.78023e+09, 8595175304, 4303356856, 1.03904 
1073741824, 640, 1, 10, 64, 640, 687194767360, 2560, 4099.4, 167.633, 5.16067e+09, 8589924496, 4303356472, 1.05375 
1073741824, 704, 1, 11, 64, 704, 755914244096, 2816, 4102.39, 184.262, 5.4729e+09, 8595175460, 4303356984, 1.05914 
1073741824, 768, 1, 12, 64, 768, 824633720832, 3072, 4098.71, 201.194, 5.73221e+09, 8589924368, 4303356452, 1.06032 
1073741824, 832, 1, 13, 64, 832, 893353197568, 3328, 4108.85, 217.422, 5.95333e+09, 8606696152, 4303356484, 1.05967 
1073741824, 896, 1, 14, 64, 896, 962072674304, 3584, 4107.32, 234.234, 6.14353e+09, 8604591084, 4303356804, 1.05812 
1073741824, 960, 1, 15, 64, 960, 1030792151040, 3840, 4108.81, 250.874, 6.30711e+09, 8606696184, 4303356508, 1.0561 
1073741824, 1024, 1, 16, 64, 1024, 1099511627776, 4096, 4109.42, 267.559, 6.45083e+09, 8606691028, 4303356704, 1.05396 
