[INFO] GPU Roofline Tools 
[INFO] Version 1.0.0 (C)2024 Bagus Hanindhito 
[INFO] Built for AMD Instinct MI300X (gfx942) GPUs
[INFO] Detected 8 HIP-capable device(s)
[INFO] +---+------------------------+----+----+-----------+--------------+--------------+
[INFO] |#  |Device Name             |CC  |#CU |Freq. (MHz)|Mem. Size (MB)|Mem. BW (GB/s)|
[INFO] +---+------------------------+----+----+-----------+--------------+--------------+
[INFO] |0  |AMD Instinct MI325X     |9.4 |304 |2100       |262128        |3072          |
[INFO] +---+------------------------+----+----+-----------+--------------+--------------+
[INFO] |1  |AMD Instinct MI325X     |9.4 |304 |2100       |262128        |3072          |
[INFO] +---+------------------------+----+----+-----------+--------------+--------------+
[INFO] |2  |AMD Instinct MI325X     |9.4 |304 |2100       |262128        |3072          |
[INFO] +---+------------------------+----+----+-----------+--------------+--------------+
[INFO] |3  |AMD Instinct MI325X     |9.4 |304 |2100       |262128        |3072          |
[INFO] +---+------------------------+----+----+-----------+--------------+--------------+
[INFO] |4  |AMD Instinct MI325X     |9.4 |304 |2100       |262128        |3072          |
[INFO] +---+------------------------+----+----+-----------+--------------+--------------+
[INFO] |5  |AMD Instinct MI325X     |9.4 |304 |2100       |262128        |3072          |
[INFO] +---+------------------------+----+----+-----------+--------------+--------------+
[INFO] |6  |AMD Instinct MI325X     |9.4 |304 |2100       |262128        |3072          |
[INFO] +---+------------------------+----+----+-----------+--------------+--------------+
[INFO] |7  |AMD Instinct MI325X     |9.4 |304 |2100       |262128        |3072          |
[INFO] +---+------------------------+----+----+-----------+--------------+--------------+
[WARN] This program does not currently support Multi-GPU run.
[INFO] Set default GPU to GPU index 0
[INFO] (1743537381) Running with 1 wavefront(s) per workgroup and 1 workgroup(s)
[INFO] (1743537385) Running with 2 wavefront(s) per workgroup and 1 workgroup(s)
[INFO] (1743537389) Running with 3 wavefront(s) per workgroup and 1 workgroup(s)
[INFO] (1743537393) Running with 4 wavefront(s) per workgroup and 1 workgroup(s)
[INFO] (1743537397) Running with 5 wavefront(s) per workgroup and 1 workgroup(s)
[INFO] (1743537405) Running with 6 wavefront(s) per workgroup and 1 workgroup(s)
[INFO] (1743537414) Running with 7 wavefront(s) per workgroup and 1 workgroup(s)
[INFO] (1743537422) Running with 8 wavefront(s) per workgroup and 1 workgroup(s)
[INFO] (1743537430) Running with 9 wavefront(s) per workgroup and 1 workgroup(s)
[INFO] (1743537442) Running with 10 wavefront(s) per workgroup and 1 workgroup(s)
[INFO] (1743537455) Running with 11 wavefront(s) per workgroup and 1 workgroup(s)
[INFO] (1743537467) Running with 12 wavefront(s) per workgroup and 1 workgroup(s)
[INFO] (1743537479) Running with 13 wavefront(s) per workgroup and 1 workgroup(s)
[INFO] (1743537495) Running with 14 wavefront(s) per workgroup and 1 workgroup(s)
[INFO] (1743537512) Running with 15 wavefront(s) per workgroup and 1 workgroup(s)
[INFO] (1743537528) Running with 16 wavefront(s) per workgroup and 1 workgroup(s)
Result V_FMA1 with fp16
n_iter, n_thread, n_wg, n_wf, wf_size, wg_size, n_flops, n_bytes, time_ms, gflop/s, avg_clock, max_clock, min_clock, stdev_clock 
1073741824, 64, 1, 1, 64, 64, 137438953472, 128, 4100.62, 33.5167, 8.59938e+09, 8599376460, 8599376460, 1 
1073741824, 128, 1, 2, 64, 128, 274877906944, 256, 4097.2, 67.0893, 8.59938e+09, 8599376040, 8599376024, 1 
1073741824, 192, 1, 3, 64, 192, 412316860416, 384, 4095.94, 100.665, 8.59937e+09, 8599373152, 8599373140, 1 
1073741824, 256, 1, 4, 64, 256, 549755813888, 512, 4098.89, 134.123, 8.59937e+09, 8599373236, 8599373224, 1 
1073741824, 320, 1, 5, 64, 320, 687194767360, 640, 8190.95, 83.8968, 1.03176e+10, 17189299220, 8599373216, 1.05399 
1073741824, 384, 1, 6, 64, 384, 824633720832, 768, 8188.52, 100.706, 1.1463e+10, 17189299248, 8599372260, 1.06055 
1073741824, 448, 1, 7, 64, 448, 962072674304, 896, 8189.62, 117.475, 1.22812e+10, 17189299296, 8599372960, 1.0582 
1073741824, 512, 1, 8, 64, 512, 1099511627776, 1024, 8189.92, 134.252, 1.28949e+10, 17189299280, 8600421844, 1.054 
1073741824, 576, 1, 9, 64, 576, 1236950581248, 1152, 12282.2, 100.71, 1.43266e+10, 25779233912, 8600421828, 1.07692 
1073741824, 640, 1, 10, 64, 640, 1374389534720, 1280, 12280.1, 111.92, 1.54719e+10, 25779233932, 8600421676, 1.08286 
1073741824, 704, 1, 11, 64, 704, 1511828488192, 1408, 12282.6, 123.087, 1.64091e+10, 25779233916, 8600420768, 1.08264 
1073741824, 768, 1, 12, 64, 768, 1649267441664, 1536, 12286.1, 134.239, 1.719e+10, 25779233912, 8600420760, 1.08002 
1073741824, 832, 1, 13, 64, 832, 1786706395136, 1664, 16373.4, 109.123, 1.85116e+10, 34369168592, 8600420760, 1.09254 
1073741824, 896, 1, 14, 64, 896, 1924145348608, 1792, 16372.9, 117.52, 1.96443e+10, 34369168620, 8600420784, 1.09677 
1073741824, 960, 1, 15, 64, 960, 2061584302080, 1920, 16374.7, 125.9, 2.0626e+10, 34369168672, 8600421572, 1.09704 
1073741824, 1024, 1, 16, 64, 1024, 2199023255552, 2048, 16382, 134.234, 2.14851e+10, 34369168652, 8600421912, 1.09535 
