[INFO] GPU Roofline Tools 
[INFO] Version 1.0.0 (C)2024 Bagus Hanindhito 
[INFO] Built for AMD Instinct MI300X (gfx942) GPUs
[INFO] Detected 8 HIP-capable device(s)
[INFO] +---+------------------------+----+----+-----------+--------------+--------------+
[INFO] |#  |Device Name             |CC  |#CU |Freq. (MHz)|Mem. Size (MB)|Mem. BW (GB/s)|
[INFO] +---+------------------------+----+----+-----------+--------------+--------------+
[INFO] |0  |AMD Instinct MI325X     |9.4 |304 |2100       |262128        |3072          |
[INFO] +---+------------------------+----+----+-----------+--------------+--------------+
[INFO] |1  |AMD Instinct MI325X     |9.4 |304 |2100       |262128        |3072          |
[INFO] +---+------------------------+----+----+-----------+--------------+--------------+
[INFO] |2  |AMD Instinct MI325X     |9.4 |304 |2100       |262128        |3072          |
[INFO] +---+------------------------+----+----+-----------+--------------+--------------+
[INFO] |3  |AMD Instinct MI325X     |9.4 |304 |2100       |262128        |3072          |
[INFO] +---+------------------------+----+----+-----------+--------------+--------------+
[INFO] |4  |AMD Instinct MI325X     |9.4 |304 |2100       |262128        |3072          |
[INFO] +---+------------------------+----+----+-----------+--------------+--------------+
[INFO] |5  |AMD Instinct MI325X     |9.4 |304 |2100       |262128        |3072          |
[INFO] +---+------------------------+----+----+-----------+--------------+--------------+
[INFO] |6  |AMD Instinct MI325X     |9.4 |304 |2100       |262128        |3072          |
[INFO] +---+------------------------+----+----+-----------+--------------+--------------+
[INFO] |7  |AMD Instinct MI325X     |9.4 |304 |2100       |262128        |3072          |
[INFO] +---+------------------------+----+----+-----------+--------------+--------------+
[WARN] This program does not currently support Multi-GPU run.
[INFO] Set default GPU to GPU index 0
[INFO] (1743290944) Running with 1 wavefront(s) per workgroup and 1 workgroup(s)
[INFO] (1743290947) Running with 2 wavefront(s) per workgroup and 1 workgroup(s)
[INFO] (1743290949) Running with 3 wavefront(s) per workgroup and 1 workgroup(s)
[INFO] (1743290951) Running with 4 wavefront(s) per workgroup and 1 workgroup(s)
[INFO] (1743290953) Running with 5 wavefront(s) per workgroup and 1 workgroup(s)
[INFO] (1743290957) Running with 6 wavefront(s) per workgroup and 1 workgroup(s)
[INFO] (1743290961) Running with 7 wavefront(s) per workgroup and 1 workgroup(s)
[INFO] (1743290965) Running with 8 wavefront(s) per workgroup and 1 workgroup(s)
[INFO] (1743290969) Running with 9 wavefront(s) per workgroup and 1 workgroup(s)
[INFO] (1743290975) Running with 10 wavefront(s) per workgroup and 1 workgroup(s)
[INFO] (1743290982) Running with 11 wavefront(s) per workgroup and 1 workgroup(s)
[INFO] (1743290988) Running with 12 wavefront(s) per workgroup and 1 workgroup(s)
[INFO] (1743290994) Running with 13 wavefront(s) per workgroup and 1 workgroup(s)
[INFO] (1743291002) Running with 14 wavefront(s) per workgroup and 1 workgroup(s)
[INFO] (1743291010) Running with 15 wavefront(s) per workgroup and 1 workgroup(s)
[INFO] (1743291019) Running with 16 wavefront(s) per workgroup and 1 workgroup(s)
Result V_FMA2 with fp32
n_iter, n_thread, n_wg, n_wf, wf_size, wg_size, n_flops, n_bytes, time_ms, gflop/s, avg_clock, max_clock, min_clock, stdev_clock 
1073741824, 64, 1, 1, 64, 64, 137438953472, 512, 2056.59, 66.8287, 4.30441e+09, 4304412960, 4304412960, 1 
1073741824, 128, 1, 2, 64, 128, 274877906944, 1024, 2053.44, 133.862, 4.30441e+09, 4304409520, 4304409520, 1 
1073741824, 192, 1, 3, 64, 192, 412316860416, 1536, 2055.39, 200.603, 4.30441e+09, 4304406100, 4304406072, 1 
1073741824, 256, 1, 4, 64, 256, 549755813888, 2048, 2053.97, 267.656, 4.30441e+09, 4304406328, 4304406316, 1 
1073741824, 320, 1, 5, 64, 320, 687194767360, 2560, 4104.4, 167.429, 5.16361e+09, 8600402584, 4304406224, 1.05392 
1073741824, 384, 1, 6, 64, 384, 824633720832, 3072, 4104.51, 200.909, 5.7364e+09, 8600402684, 4304405084, 1.06049 
1073741824, 448, 1, 7, 64, 448, 962072674304, 3584, 4105.21, 234.354, 6.14555e+09, 8600402700, 4304405092, 1.05815 
1073741824, 512, 1, 8, 64, 512, 1099511627776, 4096, 4103.95, 267.916, 6.4524e+09, 8600402656, 4304405060, 1.05396 
1073741824, 576, 1, 9, 64, 576, 1236950581248, 4608, 6155, 200.967, 7.16829e+09, 12895365620, 4304406292, 1.07685 
1073741824, 640, 1, 10, 64, 640, 1374389534720, 5120, 6153.01, 223.369, 7.741e+09, 12895365688, 4304406072, 1.08279 
1073741824, 704, 1, 11, 64, 704, 1511828488192, 5632, 6153.63, 245.681, 8.20958e+09, 12895365712, 4304406076, 1.08257 
1073741824, 768, 1, 12, 64, 768, 1649267441664, 6144, 6153.7, 268.013, 8.60006e+09, 12895365688, 4304406252, 1.07996 
1073741824, 832, 1, 13, 64, 832, 1786706395136, 6656, 8203.44, 217.8, 9.26085e+09, 17190332624, 4304405084, 1.09247 
1073741824, 896, 1, 14, 64, 896, 1924145348608, 7168, 8201.39, 234.612, 9.82724e+09, 17190332740, 4304405096, 1.09669 
1073741824, 960, 1, 15, 64, 960, 2061584302080, 7680, 8204.59, 251.272, 1.03181e+10, 17190332740, 4304405108, 1.09697 
1073741824, 1024, 1, 16, 64, 1024, 2199023255552, 8192, 8205.55, 267.992, 1.07476e+10, 17190332724, 4304405068, 1.09528 
