[INFO] GPU Roofline Tools 
[INFO] Version 1.0.0 (C)2024 Bagus Hanindhito 
[INFO] Built for AMD Instinct MI300X (gfx942) GPUs
[INFO] Detected 8 HIP-capable device(s)
[INFO] +---+------------------------+----+----+-----------+--------------+--------------+
[INFO] |#  |Device Name             |CC  |#CU |Freq. (MHz)|Mem. Size (MB)|Mem. BW (GB/s)|
[INFO] +---+------------------------+----+----+-----------+--------------+--------------+
[INFO] |0  |AMD Instinct MI325X     |9.4 |304 |2100       |262128        |3072          |
[INFO] +---+------------------------+----+----+-----------+--------------+--------------+
[INFO] |1  |AMD Instinct MI325X     |9.4 |304 |2100       |262128        |3072          |
[INFO] +---+------------------------+----+----+-----------+--------------+--------------+
[INFO] |2  |AMD Instinct MI325X     |9.4 |304 |2100       |262128        |3072          |
[INFO] +---+------------------------+----+----+-----------+--------------+--------------+
[INFO] |3  |AMD Instinct MI325X     |9.4 |304 |2100       |262128        |3072          |
[INFO] +---+------------------------+----+----+-----------+--------------+--------------+
[INFO] |4  |AMD Instinct MI325X     |9.4 |304 |2100       |262128        |3072          |
[INFO] +---+------------------------+----+----+-----------+--------------+--------------+
[INFO] |5  |AMD Instinct MI325X     |9.4 |304 |2100       |262128        |3072          |
[INFO] +---+------------------------+----+----+-----------+--------------+--------------+
[INFO] |6  |AMD Instinct MI325X     |9.4 |304 |2100       |262128        |3072          |
[INFO] +---+------------------------+----+----+-----------+--------------+--------------+
[INFO] |7  |AMD Instinct MI325X     |9.4 |304 |2100       |262128        |3072          |
[INFO] +---+------------------------+----+----+-----------+--------------+--------------+
[WARN] This program does not currently support Multi-GPU run.
[INFO] Set default GPU to GPU index 0
[INFO] (1743257318) Running with 1 wavefront(s) per workgroup and 1 workgroup(s)
[INFO] (1743257320) Running with 2 wavefront(s) per workgroup and 1 workgroup(s)
[INFO] (1743257322) Running with 3 wavefront(s) per workgroup and 1 workgroup(s)
[INFO] (1743257324) Running with 4 wavefront(s) per workgroup and 1 workgroup(s)
[INFO] (1743257326) Running with 5 wavefront(s) per workgroup and 1 workgroup(s)
[INFO] (1743257330) Running with 6 wavefront(s) per workgroup and 1 workgroup(s)
[INFO] (1743257334) Running with 7 wavefront(s) per workgroup and 1 workgroup(s)
[INFO] (1743257338) Running with 8 wavefront(s) per workgroup and 1 workgroup(s)
[INFO] (1743257343) Running with 9 wavefront(s) per workgroup and 1 workgroup(s)
[INFO] (1743257349) Running with 10 wavefront(s) per workgroup and 1 workgroup(s)
[INFO] (1743257355) Running with 11 wavefront(s) per workgroup and 1 workgroup(s)
[INFO] (1743257361) Running with 12 wavefront(s) per workgroup and 1 workgroup(s)
[INFO] (1743257367) Running with 13 wavefront(s) per workgroup and 1 workgroup(s)
[INFO] (1743257375) Running with 14 wavefront(s) per workgroup and 1 workgroup(s)
[INFO] (1743257384) Running with 15 wavefront(s) per workgroup and 1 workgroup(s)
[INFO] (1743257392) Running with 16 wavefront(s) per workgroup and 1 workgroup(s)
Result V_MUL1 with fp16
n_iter, n_thread, n_wg, n_wf, wf_size, wg_size, n_flops, n_bytes, time_ms, gflop/s, avg_clock, max_clock, min_clock, stdev_clock 
1073741824, 64, 1, 1, 64, 64, 68719476736, 128, 2057.74, 33.3956, 4.30336e+09, 4303359504, 4303359504, 1 
1073741824, 128, 1, 2, 64, 128, 137438953472, 256, 2052.7, 66.955, 4.30336e+09, 4303357824, 4303357808, 1 
1073741824, 192, 1, 3, 64, 192, 206158430208, 384, 2053.12, 100.412, 4.30336e+09, 4303356844, 4303356840, 1 
1073741824, 256, 1, 4, 64, 256, 274877906944, 512, 2054.65, 133.783, 4.30336e+09, 4303356800, 4303356780, 1 
1073741824, 320, 1, 5, 64, 320, 343597383680, 640, 4103.72, 83.7283, 5.16235e+09, 8598315620, 4303356784, 1.05392 
1073741824, 384, 1, 6, 64, 384, 412316860416, 768, 4101.31, 100.533, 5.73501e+09, 8598315608, 4303356868, 1.06049 
1073741824, 448, 1, 7, 64, 448, 481036337152, 896, 4102.29, 117.261, 6.14405e+09, 8598315660, 4303356392, 1.05815 
1073741824, 512, 1, 8, 64, 512, 549755813888, 1024, 4103.54, 133.971, 6.45084e+09, 8598315688, 4303356796, 1.05396 
1073741824, 576, 1, 9, 64, 576, 618475290624, 1152, 6151.7, 100.537, 7.16666e+09, 12893282992, 4303356788, 1.07686 
1073741824, 640, 1, 10, 64, 640, 687194767360, 1280, 6151.11, 111.719, 7.73933e+09, 12893282996, 4303356404, 1.0828 
1073741824, 704, 1, 11, 64, 704, 755914244096, 1408, 6151.8, 122.877, 8.20787e+09, 12893283056, 4303356872, 1.08258 
1073741824, 768, 1, 12, 64, 768, 824633720832, 1536, 6154.95, 133.979, 8.59832e+09, 12893283076, 4303356428, 1.07997 
1073741824, 832, 1, 13, 64, 832, 893353197568, 1664, 8201.03, 108.932, 9.25908e+09, 17188250388, 4303356428, 1.09249 
1073741824, 896, 1, 14, 64, 896, 962072674304, 1792, 8202.02, 117.297, 9.82545e+09, 17188250396, 4303356876, 1.09671 
1073741824, 960, 1, 15, 64, 960, 1030792151040, 1920, 8200.78, 125.694, 1.03163e+10, 17188250424, 4303356404, 1.09698 
1073741824, 1024, 1, 16, 64, 1024, 1099511627776, 2048, 8202.79, 134.041, 1.07458e+10, 17188250448, 4303356788, 1.0953 
