[INFO] GPU Roofline Tools 
[INFO] Version 1.0.0 (C)2024 Bagus Hanindhito 
[INFO] Built for AMD Instinct MI300X (gfx942) GPUs
[INFO] Detected 8 HIP-capable device(s)
[INFO] +---+------------------------+----+----+-----------+--------------+--------------+
[INFO] |#  |Device Name             |CC  |#CU |Freq. (MHz)|Mem. Size (MB)|Mem. BW (GB/s)|
[INFO] +---+------------------------+----+----+-----------+--------------+--------------+
[INFO] |0  |AMD Instinct MI325X     |9.4 |304 |2100       |262128        |3072          |
[INFO] +---+------------------------+----+----+-----------+--------------+--------------+
[INFO] |1  |AMD Instinct MI325X     |9.4 |304 |2100       |262128        |3072          |
[INFO] +---+------------------------+----+----+-----------+--------------+--------------+
[INFO] |2  |AMD Instinct MI325X     |9.4 |304 |2100       |262128        |3072          |
[INFO] +---+------------------------+----+----+-----------+--------------+--------------+
[INFO] |3  |AMD Instinct MI325X     |9.4 |304 |2100       |262128        |3072          |
[INFO] +---+------------------------+----+----+-----------+--------------+--------------+
[INFO] |4  |AMD Instinct MI325X     |9.4 |304 |2100       |262128        |3072          |
[INFO] +---+------------------------+----+----+-----------+--------------+--------------+
[INFO] |5  |AMD Instinct MI325X     |9.4 |304 |2100       |262128        |3072          |
[INFO] +---+------------------------+----+----+-----------+--------------+--------------+
[INFO] |6  |AMD Instinct MI325X     |9.4 |304 |2100       |262128        |3072          |
[INFO] +---+------------------------+----+----+-----------+--------------+--------------+
[INFO] |7  |AMD Instinct MI325X     |9.4 |304 |2100       |262128        |3072          |
[INFO] +---+------------------------+----+----+-----------+--------------+--------------+
[WARN] This program does not currently support Multi-GPU run.
[INFO] Set default GPU to GPU index 0
[INFO] (1743263382) Running with 1 wavefront(s) per workgroup and 1 workgroup(s)
[INFO] (1743263384) Running with 2 wavefront(s) per workgroup and 1 workgroup(s)
[INFO] (1743263386) Running with 3 wavefront(s) per workgroup and 1 workgroup(s)
[INFO] (1743263388) Running with 4 wavefront(s) per workgroup and 1 workgroup(s)
[INFO] (1743263390) Running with 5 wavefront(s) per workgroup and 1 workgroup(s)
[INFO] (1743263395) Running with 6 wavefront(s) per workgroup and 1 workgroup(s)
[INFO] (1743263399) Running with 7 wavefront(s) per workgroup and 1 workgroup(s)
[INFO] (1743263403) Running with 8 wavefront(s) per workgroup and 1 workgroup(s)
[INFO] (1743263407) Running with 9 wavefront(s) per workgroup and 1 workgroup(s)
[INFO] (1743263413) Running with 10 wavefront(s) per workgroup and 1 workgroup(s)
[INFO] (1743263419) Running with 11 wavefront(s) per workgroup and 1 workgroup(s)
[INFO] (1743263425) Running with 12 wavefront(s) per workgroup and 1 workgroup(s)
[INFO] (1743263431) Running with 13 wavefront(s) per workgroup and 1 workgroup(s)
[INFO] (1743263440) Running with 14 wavefront(s) per workgroup and 1 workgroup(s)
[INFO] (1743263448) Running with 15 wavefront(s) per workgroup and 1 workgroup(s)
[INFO] (1743263456) Running with 16 wavefront(s) per workgroup and 1 workgroup(s)
Result V_ADD1 with fp32
n_iter, n_thread, n_wg, n_wf, wf_size, wg_size, n_flops, n_bytes, time_ms, gflop/s, avg_clock, max_clock, min_clock, stdev_clock 
1073741824, 64, 1, 1, 64, 64, 68719476736, 256, 2057.15, 33.4052, 4.30336e+09, 4303358916, 4303358916, 1 
1073741824, 128, 1, 2, 64, 128, 137438953472, 512, 2052.4, 66.965, 4.30336e+09, 4303359096, 4303359092, 1 
1073741824, 192, 1, 3, 64, 192, 206158430208, 768, 2054.05, 100.367, 4.30336e+09, 4303357024, 4303356984, 1 
1073741824, 256, 1, 4, 64, 256, 274877906944, 1024, 2053.22, 133.877, 4.30336e+09, 4303356996, 4303356988, 1 
1073741824, 320, 1, 5, 64, 320, 343597383680, 1280, 4101.5, 83.7735, 5.16235e+09, 8598315608, 4303356876, 1.05392 
1073741824, 384, 1, 6, 64, 384, 412316860416, 1536, 4101.7, 100.523, 5.73501e+09, 8598315652, 4303356960, 1.06049 
1073741824, 448, 1, 7, 64, 448, 481036337152, 1792, 4100.29, 117.318, 6.14405e+09, 8598315692, 4303356456, 1.05815 
1073741824, 512, 1, 8, 64, 512, 549755813888, 2048, 4101.59, 134.035, 6.45084e+09, 8598315644, 4303356840, 1.05396 
1073741824, 576, 1, 9, 64, 576, 618475290624, 2304, 6149.67, 100.57, 7.16666e+09, 12893282948, 4303356896, 1.07686 
1073741824, 640, 1, 10, 64, 640, 687194767360, 2560, 6150.64, 111.727, 7.73933e+09, 12893283036, 4303356436, 1.0828 
1073741824, 704, 1, 11, 64, 704, 755914244096, 2816, 6150.58, 122.901, 8.20787e+09, 12893283296, 4303357016, 1.08258 
1073741824, 768, 1, 12, 64, 768, 824633720832, 3072, 6149.96, 134.088, 8.59832e+09, 12893283004, 4303356420, 1.07997 
1073741824, 832, 1, 13, 64, 832, 893353197568, 3328, 8198.2, 108.969, 9.25908e+09, 17188250312, 4303356448, 1.09249 
1073741824, 896, 1, 14, 64, 896, 962072674304, 3584, 8200.55, 117.318, 9.82545e+09, 17188250340, 4303356956, 1.09671 
1073741824, 960, 1, 15, 64, 960, 1030792151040, 3840, 8201.86, 125.678, 1.03163e+10, 17188250392, 4303356464, 1.09698 
1073741824, 1024, 1, 16, 64, 1024, 1099511627776, 4096, 8199.81, 134.09, 1.07458e+10, 17188250344, 4303356872, 1.0953 
