[INFO] GPU Roofline Tools 
[INFO] Version 1.0.0 (C)2024 Bagus Hanindhito 
[INFO] Built for AMD Instinct MI300X (gfx942) GPUs
[INFO] Detected 8 HIP-capable device(s)
[INFO] +---+------------------------+----+----+-----------+--------------+--------------+
[INFO] |#  |Device Name             |CC  |#CU |Freq. (MHz)|Mem. Size (MB)|Mem. BW (GB/s)|
[INFO] +---+------------------------+----+----+-----------+--------------+--------------+
[INFO] |0  |AMD Instinct MI325X     |9.4 |304 |2100       |262128        |3072          |
[INFO] +---+------------------------+----+----+-----------+--------------+--------------+
[INFO] |1  |AMD Instinct MI325X     |9.4 |304 |2100       |262128        |3072          |
[INFO] +---+------------------------+----+----+-----------+--------------+--------------+
[INFO] |2  |AMD Instinct MI325X     |9.4 |304 |2100       |262128        |3072          |
[INFO] +---+------------------------+----+----+-----------+--------------+--------------+
[INFO] |3  |AMD Instinct MI325X     |9.4 |304 |2100       |262128        |3072          |
[INFO] +---+------------------------+----+----+-----------+--------------+--------------+
[INFO] |4  |AMD Instinct MI325X     |9.4 |304 |2100       |262128        |3072          |
[INFO] +---+------------------------+----+----+-----------+--------------+--------------+
[INFO] |5  |AMD Instinct MI325X     |9.4 |304 |2100       |262128        |3072          |
[INFO] +---+------------------------+----+----+-----------+--------------+--------------+
[INFO] |6  |AMD Instinct MI325X     |9.4 |304 |2100       |262128        |3072          |
[INFO] +---+------------------------+----+----+-----------+--------------+--------------+
[INFO] |7  |AMD Instinct MI325X     |9.4 |304 |2100       |262128        |3072          |
[INFO] +---+------------------------+----+----+-----------+--------------+--------------+
[WARN] This program does not currently support Multi-GPU run.
[INFO] Set default GPU to GPU index 0
[INFO] (1743279893) Running with 1 wavefront(s) per workgroup and 1 workgroup(s)
[INFO] (1743279895) Running with 2 wavefront(s) per workgroup and 1 workgroup(s)
[INFO] (1743279898) Running with 3 wavefront(s) per workgroup and 1 workgroup(s)
[INFO] (1743279900) Running with 4 wavefront(s) per workgroup and 1 workgroup(s)
[INFO] (1743279902) Running with 5 wavefront(s) per workgroup and 1 workgroup(s)
[INFO] (1743279904) Running with 6 wavefront(s) per workgroup and 1 workgroup(s)
[INFO] (1743279906) Running with 7 wavefront(s) per workgroup and 1 workgroup(s)
[INFO] (1743279908) Running with 8 wavefront(s) per workgroup and 1 workgroup(s)
[INFO] (1743279910) Running with 9 wavefront(s) per workgroup and 1 workgroup(s)
[INFO] (1743279914) Running with 10 wavefront(s) per workgroup and 1 workgroup(s)
[INFO] (1743279918) Running with 11 wavefront(s) per workgroup and 1 workgroup(s)
[INFO] (1743279922) Running with 12 wavefront(s) per workgroup and 1 workgroup(s)
[INFO] (1743279926) Running with 13 wavefront(s) per workgroup and 1 workgroup(s)
[INFO] (1743279930) Running with 14 wavefront(s) per workgroup and 1 workgroup(s)
[INFO] (1743279934) Running with 15 wavefront(s) per workgroup and 1 workgroup(s)
[INFO] (1743279939) Running with 16 wavefront(s) per workgroup and 1 workgroup(s)
Result V_FMA3 with fp32
n_iter, n_thread, n_wg, n_wf, wf_size, wg_size, n_flops, n_bytes, time_ms, gflop/s, avg_clock, max_clock, min_clock, stdev_clock 
1073741824, 64, 1, 1, 64, 64, 137438953472, 768, 2058.31, 66.7728, 4.30441e+09, 4304413564, 4304413564, 1 
1073741824, 128, 1, 2, 64, 128, 274877906944, 1536, 2053.68, 133.846, 4.30441e+09, 4304410184, 4304410172, 1 
1073741824, 192, 1, 3, 64, 192, 412316860416, 2304, 2054.06, 200.732, 4.30441e+09, 4304406340, 4304406320, 1 
1073741824, 256, 1, 4, 64, 256, 549755813888, 3072, 2056.6, 267.313, 4.30441e+09, 4304406236, 4304406212, 1 
1073741824, 320, 1, 5, 64, 320, 687194767360, 3840, 2054.08, 334.552, 4.30441e+09, 4304406128, 4304406088, 1 
1073741824, 384, 1, 6, 64, 384, 824633720832, 4608, 2055.32, 401.218, 4.30441e+09, 4304406144, 4304406096, 1 
1073741824, 448, 1, 7, 64, 448, 962072674304, 5376, 2053.86, 468.421, 4.30441e+09, 4304405392, 4304405112, 1 
1073741824, 512, 1, 8, 64, 512, 1099511627776, 6144, 2054.03, 535.294, 4.30441e+09, 4304405944, 4304405816, 1 
1073741824, 576, 1, 9, 64, 576, 1236950581248, 6912, 4102.22, 301.532, 4.78128e+09, 8596226404, 4304405772, 1.03903 
1073741824, 640, 1, 10, 64, 640, 1374389534720, 7680, 4100.3, 335.192, 5.16192e+09, 8591995508, 4304405064, 1.05375 
1073741824, 704, 1, 11, 64, 704, 1511828488192, 8448, 4101.92, 368.567, 5.47433e+09, 8596226436, 4304406044, 1.05915 
1073741824, 768, 1, 12, 64, 768, 1649267441664, 9216, 4099.41, 402.318, 5.7336e+09, 8591999568, 4304405044, 1.06031 
1073741824, 832, 1, 13, 64, 832, 1786706395136, 9984, 4108.79, 434.85, 5.95461e+09, 8606707916, 4304405032, 1.05966 
1073741824, 896, 1, 14, 64, 896, 1924145348608, 10752, 4106.18, 468.598, 6.14475e+09, 8603338380, 4304408036, 1.05811 
1073741824, 960, 1, 15, 64, 960, 2061584302080, 11520, 4108.39, 501.798, 6.30822e+09, 8606707980, 4304405056, 1.05609 
1073741824, 1024, 1, 16, 64, 1024, 2199023255552, 12288, 4107.29, 535.395, 6.4521e+09, 8603341000, 4304409164, 1.05395 
