[INFO] GPU Roofline Tools 
[INFO] Version 1.0.0 (C)2024 Bagus Hanindhito 
[INFO] Built for AMD Instinct MI300X (gfx942) GPUs
[INFO] Detected 8 HIP-capable device(s)
[INFO] +---+------------------------+----+----+-----------+--------------+--------------+
[INFO] |#  |Device Name             |CC  |#CU |Freq. (MHz)|Mem. Size (MB)|Mem. BW (GB/s)|
[INFO] +---+------------------------+----+----+-----------+--------------+--------------+
[INFO] |0  |AMD Instinct MI325X     |9.4 |304 |2100       |262128        |3072          |
[INFO] +---+------------------------+----+----+-----------+--------------+--------------+
[INFO] |1  |AMD Instinct MI325X     |9.4 |304 |2100       |262128        |3072          |
[INFO] +---+------------------------+----+----+-----------+--------------+--------------+
[INFO] |2  |AMD Instinct MI325X     |9.4 |304 |2100       |262128        |3072          |
[INFO] +---+------------------------+----+----+-----------+--------------+--------------+
[INFO] |3  |AMD Instinct MI325X     |9.4 |304 |2100       |262128        |3072          |
[INFO] +---+------------------------+----+----+-----------+--------------+--------------+
[INFO] |4  |AMD Instinct MI325X     |9.4 |304 |2100       |262128        |3072          |
[INFO] +---+------------------------+----+----+-----------+--------------+--------------+
[INFO] |5  |AMD Instinct MI325X     |9.4 |304 |2100       |262128        |3072          |
[INFO] +---+------------------------+----+----+-----------+--------------+--------------+
[INFO] |6  |AMD Instinct MI325X     |9.4 |304 |2100       |262128        |3072          |
[INFO] +---+------------------------+----+----+-----------+--------------+--------------+
[INFO] |7  |AMD Instinct MI325X     |9.4 |304 |2100       |262128        |3072          |
[INFO] +---+------------------------+----+----+-----------+--------------+--------------+
[WARN] This program does not currently support Multi-GPU run.
[INFO] Set default GPU to GPU index 0
[INFO] (1743265157) Running with 1 wavefront(s) per workgroup and 1 workgroup(s)
[INFO] (1743265159) Running with 2 wavefront(s) per workgroup and 1 workgroup(s)
[INFO] (1743265161) Running with 3 wavefront(s) per workgroup and 1 workgroup(s)
[INFO] (1743265163) Running with 4 wavefront(s) per workgroup and 1 workgroup(s)
[INFO] (1743265165) Running with 5 wavefront(s) per workgroup and 1 workgroup(s)
[INFO] (1743265167) Running with 6 wavefront(s) per workgroup and 1 workgroup(s)
[INFO] (1743265169) Running with 7 wavefront(s) per workgroup and 1 workgroup(s)
[INFO] (1743265171) Running with 8 wavefront(s) per workgroup and 1 workgroup(s)
[INFO] (1743265173) Running with 9 wavefront(s) per workgroup and 1 workgroup(s)
[INFO] (1743265177) Running with 10 wavefront(s) per workgroup and 1 workgroup(s)
[INFO] (1743265181) Running with 11 wavefront(s) per workgroup and 1 workgroup(s)
[INFO] (1743265185) Running with 12 wavefront(s) per workgroup and 1 workgroup(s)
[INFO] (1743265190) Running with 13 wavefront(s) per workgroup and 1 workgroup(s)
[INFO] (1743265194) Running with 14 wavefront(s) per workgroup and 1 workgroup(s)
[INFO] (1743265198) Running with 15 wavefront(s) per workgroup and 1 workgroup(s)
[INFO] (1743265202) Running with 16 wavefront(s) per workgroup and 1 workgroup(s)
Result V_MUL2 with fp16
n_iter, n_thread, n_wg, n_wf, wf_size, wg_size, n_flops, n_bytes, time_ms, gflop/s, avg_clock, max_clock, min_clock, stdev_clock 
1073741824, 64, 1, 1, 64, 64, 68719476736, 256, 2056.11, 33.4221, 4.30336e+09, 4303358808, 4303358808, 1 
1073741824, 128, 1, 2, 64, 128, 137438953472, 512, 2054.47, 66.8974, 4.30336e+09, 4303357988, 4303357952, 1 
1073741824, 192, 1, 3, 64, 192, 206158430208, 768, 2053.09, 100.414, 4.30336e+09, 4303356924, 4303356920, 1 
1073741824, 256, 1, 4, 64, 256, 274877906944, 1024, 2053.8, 133.838, 4.30336e+09, 4303356992, 4303356972, 1 
1073741824, 320, 1, 5, 64, 320, 343597383680, 1280, 2054.82, 167.215, 4.30336e+09, 4303357004, 4303356980, 1 
1073741824, 384, 1, 6, 64, 384, 412316860416, 1536, 2053.53, 200.785, 4.30336e+09, 4303356952, 4303356904, 1 
1073741824, 448, 1, 7, 64, 448, 481036337152, 1792, 2053.45, 234.257, 4.30336e+09, 4303357060, 4303356508, 1 
1073741824, 512, 1, 8, 64, 512, 549755813888, 2048, 2056.76, 267.293, 4.30336e+09, 4303356992, 4303356968, 1 
1073741824, 576, 1, 9, 64, 576, 618475290624, 2304, 4100.11, 150.844, 4.77976e+09, 8590977912, 4303356856, 1.03898 
1073741824, 640, 1, 10, 64, 640, 687194767360, 2560, 4099, 167.649, 5.16067e+09, 8589924224, 4303356764, 1.05375 
1073741824, 704, 1, 11, 64, 704, 755914244096, 2816, 4104.05, 184.187, 5.47385e+09, 8595175232, 4303356756, 1.05921 
1073741824, 768, 1, 12, 64, 768, 824633720832, 3072, 4103.23, 200.972, 5.73396e+09, 8595175248, 4303356824, 1.06042 
1073741824, 832, 1, 13, 64, 832, 893353197568, 3328, 4109.05, 217.411, 5.95333e+09, 8606696140, 4303356440, 1.05967 
1073741824, 896, 1, 14, 64, 896, 962072674304, 3584, 4109.32, 234.12, 6.14308e+09, 8606696168, 4303356460, 1.0581 
1073741824, 960, 1, 15, 64, 960, 1030792151040, 3840, 4108.09, 250.918, 6.30711e+09, 8606696172, 4303356452, 1.0561 
1073741824, 1024, 1, 16, 64, 1024, 1099511627776, 4096, 4109.93, 267.526, 6.45083e+09, 8606696156, 4303356440, 1.05396 
