[INFO] GPU Roofline Tools 
[INFO] Version 1.0.0 (C)2024 Bagus Hanindhito 
[INFO] Built for AMD Instinct MI300X (gfx942) GPUs
[INFO] Detected 8 HIP-capable device(s)
[INFO] +---+------------------------+----+----+-----------+--------------+--------------+
[INFO] |#  |Device Name             |CC  |#CU |Freq. (MHz)|Mem. Size (MB)|Mem. BW (GB/s)|
[INFO] +---+------------------------+----+----+-----------+--------------+--------------+
[INFO] |0  |AMD Instinct MI325X     |9.4 |304 |2100       |262128        |3072          |
[INFO] +---+------------------------+----+----+-----------+--------------+--------------+
[INFO] |1  |AMD Instinct MI325X     |9.4 |304 |2100       |262128        |3072          |
[INFO] +---+------------------------+----+----+-----------+--------------+--------------+
[INFO] |2  |AMD Instinct MI325X     |9.4 |304 |2100       |262128        |3072          |
[INFO] +---+------------------------+----+----+-----------+--------------+--------------+
[INFO] |3  |AMD Instinct MI325X     |9.4 |304 |2100       |262128        |3072          |
[INFO] +---+------------------------+----+----+-----------+--------------+--------------+
[INFO] |4  |AMD Instinct MI325X     |9.4 |304 |2100       |262128        |3072          |
[INFO] +---+------------------------+----+----+-----------+--------------+--------------+
[INFO] |5  |AMD Instinct MI325X     |9.4 |304 |2100       |262128        |3072          |
[INFO] +---+------------------------+----+----+-----------+--------------+--------------+
[INFO] |6  |AMD Instinct MI325X     |9.4 |304 |2100       |262128        |3072          |
[INFO] +---+------------------------+----+----+-----------+--------------+--------------+
[INFO] |7  |AMD Instinct MI325X     |9.4 |304 |2100       |262128        |3072          |
[INFO] +---+------------------------+----+----+-----------+--------------+--------------+
[WARN] This program does not currently support Multi-GPU run.
[INFO] Set default GPU to GPU index 0
[INFO] (1743282786) Running with 1 wavefront(s) per workgroup and 1 workgroup(s)
[INFO] (1743282789) Running with 2 wavefront(s) per workgroup and 1 workgroup(s)
[INFO] (1743282791) Running with 3 wavefront(s) per workgroup and 1 workgroup(s)
[INFO] (1743282794) Running with 4 wavefront(s) per workgroup and 1 workgroup(s)
[INFO] (1743282796) Running with 5 wavefront(s) per workgroup and 1 workgroup(s)
[INFO] (1743282801) Running with 6 wavefront(s) per workgroup and 1 workgroup(s)
[INFO] (1743282805) Running with 7 wavefront(s) per workgroup and 1 workgroup(s)
[INFO] (1743282810) Running with 8 wavefront(s) per workgroup and 1 workgroup(s)
[INFO] (1743282814) Running with 9 wavefront(s) per workgroup and 1 workgroup(s)
[INFO] (1743282821) Running with 10 wavefront(s) per workgroup and 1 workgroup(s)
[INFO] (1743282827) Running with 11 wavefront(s) per workgroup and 1 workgroup(s)
[INFO] (1743282834) Running with 12 wavefront(s) per workgroup and 1 workgroup(s)
[INFO] (1743282841) Running with 13 wavefront(s) per workgroup and 1 workgroup(s)
[INFO] (1743282849) Running with 14 wavefront(s) per workgroup and 1 workgroup(s)
[INFO] (1743282858) Running with 15 wavefront(s) per workgroup and 1 workgroup(s)
[INFO] (1743282866) Running with 16 wavefront(s) per workgroup and 1 workgroup(s)
Result V_FMA3 with fp64
n_iter, n_thread, n_wg, n_wf, wf_size, wg_size, n_flops, n_bytes, time_ms, gflop/s, avg_clock, max_clock, min_clock, stdev_clock 
1073741824, 64, 1, 1, 64, 64, 137438953472, 1536, 2570.55, 53.4668, 5.37815e+09, 5378151176, 5378151176, 1 
1073741824, 128, 1, 2, 64, 128, 274877906944, 3072, 2566, 107.123, 5.37815e+09, 5378151340, 5378151336, 1 
1073741824, 192, 1, 3, 64, 192, 412316860416, 4608, 2568.1, 160.554, 5.37815e+09, 5378148316, 5378148304, 1 
1073741824, 256, 1, 4, 64, 256, 549755813888, 6144, 2567.1, 214.154, 5.37815e+09, 5378148456, 5378148436, 1 
1073741824, 320, 1, 5, 64, 320, 687194767360, 7680, 4487.4, 153.139, 6.18288e+09, 9401526292, 5378148164, 1.03332 
1073741824, 384, 1, 6, 64, 384, 824633720832, 9216, 4488.38, 183.726, 6.71936e+09, 9401526396, 5378148136, 1.03907 
1073741824, 448, 1, 7, 64, 448, 962072674304, 10752, 4488.42, 214.345, 7.10256e+09, 9401526184, 5378147128, 1.03855 
1073741824, 512, 1, 8, 64, 512, 1099511627776, 12288, 4488.66, 244.953, 7.38997e+09, 9401526208, 5378409992, 1.03638 
1073741824, 576, 1, 9, 64, 576, 1236950581248, 13824, 6568.9, 188.304, 8.09828e+09, 13764589004, 5378410160, 1.05643 
1073741824, 640, 1, 10, 64, 640, 1374389534720, 15360, 6570.02, 209.191, 8.66493e+09, 13764588804, 5378408932, 1.06288 
1073741824, 704, 1, 11, 64, 704, 1511828488192, 16896, 6571.86, 230.046, 9.12855e+09, 13764588820, 5378409960, 1.06397 
1073741824, 768, 1, 12, 64, 768, 1649267441664, 18432, 6571.88, 250.958, 9.51491e+09, 13764588784, 5378408920, 1.0628 
1073741824, 832, 1, 13, 64, 832, 1786706395136, 19968, 8612.23, 207.462, 1.01709e+10, 18042482316, 5378408920, 1.07451 
1073741824, 896, 1, 14, 64, 896, 1924145348608, 21504, 8610.42, 223.467, 1.07332e+10, 18042482316, 5378410080, 1.07915 
1073741824, 960, 1, 15, 64, 960, 2061584302080, 23040, 8613.05, 239.356, 1.12205e+10, 18042482300, 5378408936, 1.08025 
1073741824, 1024, 1, 16, 64, 1024, 2199023255552, 24576, 8618.3, 255.157, 1.16469e+10, 18042482236, 5378410052, 1.07952 
