[INFO] GPU Roofline Tools 
[INFO] Version 1.0.0 (C)2024 Bagus Hanindhito 
[INFO] Built for AMD Instinct MI300X (gfx942) GPUs
[INFO] Detected 8 HIP-capable device(s)
[INFO] +---+------------------------+----+----+-----------+--------------+--------------+
[INFO] |#  |Device Name             |CC  |#CU |Freq. (MHz)|Mem. Size (MB)|Mem. BW (GB/s)|
[INFO] +---+------------------------+----+----+-----------+--------------+--------------+
[INFO] |0  |AMD Instinct MI325X     |9.4 |304 |2100       |262128        |3072          |
[INFO] +---+------------------------+----+----+-----------+--------------+--------------+
[INFO] |1  |AMD Instinct MI325X     |9.4 |304 |2100       |262128        |3072          |
[INFO] +---+------------------------+----+----+-----------+--------------+--------------+
[INFO] |2  |AMD Instinct MI325X     |9.4 |304 |2100       |262128        |3072          |
[INFO] +---+------------------------+----+----+-----------+--------------+--------------+
[INFO] |3  |AMD Instinct MI325X     |9.4 |304 |2100       |262128        |3072          |
[INFO] +---+------------------------+----+----+-----------+--------------+--------------+
[INFO] |4  |AMD Instinct MI325X     |9.4 |304 |2100       |262128        |3072          |
[INFO] +---+------------------------+----+----+-----------+--------------+--------------+
[INFO] |5  |AMD Instinct MI325X     |9.4 |304 |2100       |262128        |3072          |
[INFO] +---+------------------------+----+----+-----------+--------------+--------------+
[INFO] |6  |AMD Instinct MI325X     |9.4 |304 |2100       |262128        |3072          |
[INFO] +---+------------------------+----+----+-----------+--------------+--------------+
[INFO] |7  |AMD Instinct MI325X     |9.4 |304 |2100       |262128        |3072          |
[INFO] +---+------------------------+----+----+-----------+--------------+--------------+
[WARN] This program does not currently support Multi-GPU run.
[INFO] Set default GPU to GPU index 0
[INFO] (1743263636) Running with 1 wavefront(s) per workgroup and 1 workgroup(s)
[INFO] (1743263638) Running with 2 wavefront(s) per workgroup and 1 workgroup(s)
[INFO] (1743263640) Running with 3 wavefront(s) per workgroup and 1 workgroup(s)
[INFO] (1743263642) Running with 4 wavefront(s) per workgroup and 1 workgroup(s)
[INFO] (1743263644) Running with 5 wavefront(s) per workgroup and 1 workgroup(s)
[INFO] (1743263648) Running with 6 wavefront(s) per workgroup and 1 workgroup(s)
[INFO] (1743263653) Running with 7 wavefront(s) per workgroup and 1 workgroup(s)
[INFO] (1743263657) Running with 8 wavefront(s) per workgroup and 1 workgroup(s)
[INFO] (1743263661) Running with 9 wavefront(s) per workgroup and 1 workgroup(s)
[INFO] (1743263667) Running with 10 wavefront(s) per workgroup and 1 workgroup(s)
[INFO] (1743263673) Running with 11 wavefront(s) per workgroup and 1 workgroup(s)
[INFO] (1743263679) Running with 12 wavefront(s) per workgroup and 1 workgroup(s)
[INFO] (1743263685) Running with 13 wavefront(s) per workgroup and 1 workgroup(s)
[INFO] (1743263694) Running with 14 wavefront(s) per workgroup and 1 workgroup(s)
[INFO] (1743263702) Running with 15 wavefront(s) per workgroup and 1 workgroup(s)
[INFO] (1743263710) Running with 16 wavefront(s) per workgroup and 1 workgroup(s)
Result V_ADD1 with fp64
n_iter, n_thread, n_wg, n_wf, wf_size, wg_size, n_flops, n_bytes, time_ms, gflop/s, avg_clock, max_clock, min_clock, stdev_clock 
1073741824, 64, 1, 1, 64, 64, 68719476736, 512, 2058.57, 33.3821, 4.30546e+09, 4305461700, 4305461700, 1 
1073741824, 128, 1, 2, 64, 128, 137438953472, 1024, 2053.69, 66.9231, 4.30546e+09, 4305458908, 4305458888, 1 
1073741824, 192, 1, 3, 64, 192, 206158430208, 1536, 2055.67, 100.288, 4.30545e+09, 4305454664, 4305454656, 1 
1073741824, 256, 1, 4, 64, 256, 274877906944, 2048, 2054.06, 133.822, 4.30545e+09, 4305454764, 4305454756, 1 
1073741824, 320, 1, 5, 64, 320, 343597383680, 2560, 4104.34, 83.7156, 5.16445e+09, 8600408260, 4305454928, 1.05388 
1073741824, 384, 1, 6, 64, 384, 412316860416, 3072, 4103.88, 100.47, 5.73711e+09, 8600408268, 4305454608, 1.06044 
1073741824, 448, 1, 7, 64, 448, 481036337152, 3584, 4101.89, 117.272, 6.14615e+09, 8600408324, 4305453760, 1.05811 
1073741824, 512, 1, 8, 64, 512, 549755813888, 4096, 4104.53, 133.939, 6.45293e+09, 8600408300, 4305457324, 1.05392 
1073741824, 576, 1, 9, 64, 576, 618475290624, 4608, 6151.91, 100.534, 7.16876e+09, 12895375900, 4305457732, 1.07682 
1073741824, 640, 1, 10, 64, 640, 687194767360, 5120, 6152.97, 111.685, 7.74142e+09, 12895375712, 4305456276, 1.08276 
1073741824, 704, 1, 11, 64, 704, 755914244096, 5632, 6151.84, 122.876, 8.20996e+09, 12895376104, 4305457268, 1.08254 
1073741824, 768, 1, 12, 64, 768, 824633720832, 6144, 6154.54, 133.988, 8.60041e+09, 12895375728, 4305456200, 1.07994 
1073741824, 832, 1, 13, 64, 832, 893353197568, 6656, 8203.82, 108.895, 9.26118e+09, 17190343004, 4305456276, 1.09245 
1073741824, 896, 1, 14, 64, 896, 962072674304, 7168, 8200.98, 117.312, 9.82755e+09, 17190343052, 4305457212, 1.09667 
1073741824, 960, 1, 15, 64, 960, 1030792151040, 7680, 8205.44, 125.623, 1.03184e+10, 17190343076, 4305456308, 1.09695 
1073741824, 1024, 1, 16, 64, 1024, 1099511627776, 8192, 8207.48, 133.965, 1.07479e+10, 17190343476, 4305457332, 1.09527 
