[INFO] GPU Roofline Tools 
[INFO] Version 1.0.0 (C)2024 Bagus Hanindhito 
[INFO] Built for AMD Instinct MI300X (gfx942) GPUs
[INFO] Detected 8 HIP-capable device(s)
[INFO] +---+------------------------+----+----+-----------+--------------+--------------+
[INFO] |#  |Device Name             |CC  |#CU |Freq. (MHz)|Mem. Size (MB)|Mem. BW (GB/s)|
[INFO] +---+------------------------+----+----+-----------+--------------+--------------+
[INFO] |0  |AMD Instinct MI325X     |9.4 |304 |2100       |262128        |3072          |
[INFO] +---+------------------------+----+----+-----------+--------------+--------------+
[INFO] |1  |AMD Instinct MI325X     |9.4 |304 |2100       |262128        |3072          |
[INFO] +---+------------------------+----+----+-----------+--------------+--------------+
[INFO] |2  |AMD Instinct MI325X     |9.4 |304 |2100       |262128        |3072          |
[INFO] +---+------------------------+----+----+-----------+--------------+--------------+
[INFO] |3  |AMD Instinct MI325X     |9.4 |304 |2100       |262128        |3072          |
[INFO] +---+------------------------+----+----+-----------+--------------+--------------+
[INFO] |4  |AMD Instinct MI325X     |9.4 |304 |2100       |262128        |3072          |
[INFO] +---+------------------------+----+----+-----------+--------------+--------------+
[INFO] |5  |AMD Instinct MI325X     |9.4 |304 |2100       |262128        |3072          |
[INFO] +---+------------------------+----+----+-----------+--------------+--------------+
[INFO] |6  |AMD Instinct MI325X     |9.4 |304 |2100       |262128        |3072          |
[INFO] +---+------------------------+----+----+-----------+--------------+--------------+
[INFO] |7  |AMD Instinct MI325X     |9.4 |304 |2100       |262128        |3072          |
[INFO] +---+------------------------+----+----+-----------+--------------+--------------+
[WARN] This program does not currently support Multi-GPU run.
[INFO] Set default GPU to GPU index 0
[INFO] (1743260086) Running with 1 wavefront(s) per workgroup and 1 workgroup(s)
[INFO] (1743260088) Running with 2 wavefront(s) per workgroup and 1 workgroup(s)
[INFO] (1743260090) Running with 3 wavefront(s) per workgroup and 1 workgroup(s)
[INFO] (1743260092) Running with 4 wavefront(s) per workgroup and 1 workgroup(s)
[INFO] (1743260094) Running with 5 wavefront(s) per workgroup and 1 workgroup(s)
[INFO] (1743260098) Running with 6 wavefront(s) per workgroup and 1 workgroup(s)
[INFO] (1743260102) Running with 7 wavefront(s) per workgroup and 1 workgroup(s)
[INFO] (1743260106) Running with 8 wavefront(s) per workgroup and 1 workgroup(s)
[INFO] (1743260110) Running with 9 wavefront(s) per workgroup and 1 workgroup(s)
[INFO] (1743260117) Running with 10 wavefront(s) per workgroup and 1 workgroup(s)
[INFO] (1743260123) Running with 11 wavefront(s) per workgroup and 1 workgroup(s)
[INFO] (1743260129) Running with 12 wavefront(s) per workgroup and 1 workgroup(s)
[INFO] (1743260135) Running with 13 wavefront(s) per workgroup and 1 workgroup(s)
[INFO] (1743260143) Running with 14 wavefront(s) per workgroup and 1 workgroup(s)
[INFO] (1743260152) Running with 15 wavefront(s) per workgroup and 1 workgroup(s)
[INFO] (1743260160) Running with 16 wavefront(s) per workgroup and 1 workgroup(s)
Result V_MUL1 with fp32
n_iter, n_thread, n_wg, n_wf, wf_size, wg_size, n_flops, n_bytes, time_ms, gflop/s, avg_clock, max_clock, min_clock, stdev_clock 
1073741824, 64, 1, 1, 64, 64, 68719476736, 256, 2056.35, 33.4181, 4.30336e+09, 4303358656, 4303358656, 1 
1073741824, 128, 1, 2, 64, 128, 137438953472, 512, 2053.65, 66.9244, 4.30336e+09, 4303359668, 4303359648, 1 
1073741824, 192, 1, 3, 64, 192, 206158430208, 768, 2055.18, 100.312, 4.30336e+09, 4303357072, 4303357056, 1 
1073741824, 256, 1, 4, 64, 256, 274877906944, 1024, 2053.87, 133.834, 4.30336e+09, 4303357044, 4303357036, 1 
1073741824, 320, 1, 5, 64, 320, 343597383680, 1280, 4104.64, 83.7095, 5.16235e+09, 8598315696, 4303356988, 1.05392 
1073741824, 384, 1, 6, 64, 384, 412316860416, 1536, 4104.73, 100.449, 5.73501e+09, 8598315784, 4303357136, 1.06049 
1073741824, 448, 1, 7, 64, 448, 481036337152, 1792, 4104.44, 117.199, 6.14405e+09, 8598315760, 4303356508, 1.05815 
1073741824, 512, 1, 8, 64, 512, 549755813888, 2048, 4103.57, 133.97, 6.45084e+09, 8598315796, 4303357068, 1.05396 
1073741824, 576, 1, 9, 64, 576, 618475290624, 2304, 6154.7, 100.488, 7.16666e+09, 12893283124, 4303357084, 1.07686 
1073741824, 640, 1, 10, 64, 640, 687194767360, 2560, 6152.69, 111.69, 7.73933e+09, 12893283124, 4303356536, 1.0828 
1073741824, 704, 1, 11, 64, 704, 755914244096, 2816, 6152.4, 122.865, 8.20787e+09, 12893283108, 4303357092, 1.08258 
1073741824, 768, 1, 12, 64, 768, 824633720832, 3072, 6156.24, 133.951, 8.59832e+09, 12893283152, 4303356564, 1.07997 
1073741824, 832, 1, 13, 64, 832, 893353197568, 3328, 8206.1, 108.865, 9.25908e+09, 17188250408, 4303356540, 1.09249 
1073741824, 896, 1, 14, 64, 896, 962072674304, 3584, 8204.29, 117.265, 9.82545e+09, 17188250452, 4303357144, 1.09671 
1073741824, 960, 1, 15, 64, 960, 1030792151040, 3840, 8206.74, 125.603, 1.03163e+10, 17188250468, 4303356520, 1.09698 
1073741824, 1024, 1, 16, 64, 1024, 1099511627776, 4096, 8209.3, 133.935, 1.07458e+10, 17188250764, 4303357060, 1.0953 
