[INFO] GPU Roofline Tools 
[INFO] Version 1.0.0 (C)2024 Bagus Hanindhito 
[INFO] Built for AMD Instinct MI300X (gfx942) GPUs
[INFO] Detected 8 HIP-capable device(s)
[INFO] +---+------------------------+----+----+-----------+--------------+--------------+
[INFO] |#  |Device Name             |CC  |#CU |Freq. (MHz)|Mem. Size (MB)|Mem. BW (GB/s)|
[INFO] +---+------------------------+----+----+-----------+--------------+--------------+
[INFO] |0  |AMD Instinct MI325X     |9.4 |304 |2100       |262128        |3072          |
[INFO] +---+------------------------+----+----+-----------+--------------+--------------+
[INFO] |1  |AMD Instinct MI325X     |9.4 |304 |2100       |262128        |3072          |
[INFO] +---+------------------------+----+----+-----------+--------------+--------------+
[INFO] |2  |AMD Instinct MI325X     |9.4 |304 |2100       |262128        |3072          |
[INFO] +---+------------------------+----+----+-----------+--------------+--------------+
[INFO] |3  |AMD Instinct MI325X     |9.4 |304 |2100       |262128        |3072          |
[INFO] +---+------------------------+----+----+-----------+--------------+--------------+
[INFO] |4  |AMD Instinct MI325X     |9.4 |304 |2100       |262128        |3072          |
[INFO] +---+------------------------+----+----+-----------+--------------+--------------+
[INFO] |5  |AMD Instinct MI325X     |9.4 |304 |2100       |262128        |3072          |
[INFO] +---+------------------------+----+----+-----------+--------------+--------------+
[INFO] |6  |AMD Instinct MI325X     |9.4 |304 |2100       |262128        |3072          |
[INFO] +---+------------------------+----+----+-----------+--------------+--------------+
[INFO] |7  |AMD Instinct MI325X     |9.4 |304 |2100       |262128        |3072          |
[INFO] +---+------------------------+----+----+-----------+--------------+--------------+
[WARN] This program does not currently support Multi-GPU run.
[INFO] Set default GPU to GPU index 0
[INFO] (1743266645) Running with 1 wavefront(s) per workgroup and 1 workgroup(s)
[INFO] (1743266647) Running with 2 wavefront(s) per workgroup and 1 workgroup(s)
[INFO] (1743266649) Running with 3 wavefront(s) per workgroup and 1 workgroup(s)
[INFO] (1743266651) Running with 4 wavefront(s) per workgroup and 1 workgroup(s)
[INFO] (1743266653) Running with 5 wavefront(s) per workgroup and 1 workgroup(s)
[INFO] (1743266655) Running with 6 wavefront(s) per workgroup and 1 workgroup(s)
[INFO] (1743266657) Running with 7 wavefront(s) per workgroup and 1 workgroup(s)
[INFO] (1743266659) Running with 8 wavefront(s) per workgroup and 1 workgroup(s)
[INFO] (1743266661) Running with 9 wavefront(s) per workgroup and 1 workgroup(s)
[INFO] (1743266666) Running with 10 wavefront(s) per workgroup and 1 workgroup(s)
[INFO] (1743266670) Running with 11 wavefront(s) per workgroup and 1 workgroup(s)
[INFO] (1743266674) Running with 12 wavefront(s) per workgroup and 1 workgroup(s)
[INFO] (1743266678) Running with 13 wavefront(s) per workgroup and 1 workgroup(s)
[INFO] (1743266682) Running with 14 wavefront(s) per workgroup and 1 workgroup(s)
[INFO] (1743266686) Running with 15 wavefront(s) per workgroup and 1 workgroup(s)
[INFO] (1743266690) Running with 16 wavefront(s) per workgroup and 1 workgroup(s)
Result V_MUL2 with fp32
n_iter, n_thread, n_wg, n_wf, wf_size, wg_size, n_flops, n_bytes, time_ms, gflop/s, avg_clock, max_clock, min_clock, stdev_clock 
1073741824, 64, 1, 1, 64, 64, 68719476736, 512, 2055.58, 33.4307, 4.30336e+09, 4303358996, 4303358996, 1 
1073741824, 128, 1, 2, 64, 128, 137438953472, 1024, 2052.88, 66.9494, 4.30336e+09, 4303358176, 4303358172, 1 
1073741824, 192, 1, 3, 64, 192, 206158430208, 1536, 2054.41, 100.349, 4.30336e+09, 4303356956, 4303356912, 1 
1073741824, 256, 1, 4, 64, 256, 274877906944, 2048, 2052.95, 133.894, 4.30336e+09, 4303356848, 4303356816, 1 
1073741824, 320, 1, 5, 64, 320, 343597383680, 2560, 2054.37, 167.252, 4.30336e+09, 4303356880, 4303356852, 1 
1073741824, 384, 1, 6, 64, 384, 412316860416, 3072, 2052.97, 200.839, 4.30336e+09, 4303356768, 4303356492, 1 
1073741824, 448, 1, 7, 64, 448, 481036337152, 3584, 2053.19, 234.287, 4.30336e+09, 4303356836, 4303356484, 1 
1073741824, 512, 1, 8, 64, 512, 549755813888, 4096, 2054.87, 267.538, 4.30336e+09, 4303356816, 4303356476, 1 
1073741824, 576, 1, 9, 64, 576, 618475290624, 4608, 4099.2, 150.877, 4.77964e+09, 8589924132, 4303356808, 1.03896 
1073741824, 640, 1, 10, 64, 640, 687194767360, 5120, 4100.83, 167.574, 5.16172e+09, 8595175116, 4303356928, 1.05386 
1073741824, 704, 1, 11, 64, 704, 755914244096, 5632, 4101.06, 184.322, 5.47318e+09, 8593072536, 4303356976, 1.05916 
1073741824, 768, 1, 12, 64, 768, 824633720832, 6144, 4103.08, 200.979, 5.73396e+09, 8595175220, 4303356860, 1.06042 
1073741824, 832, 1, 13, 64, 832, 893353197568, 6656, 4108.02, 217.466, 5.95333e+09, 8606696104, 4303356468, 1.05967 
1073741824, 896, 1, 14, 64, 896, 962072674304, 7168, 4106.51, 234.28, 6.14308e+09, 8606696136, 4303356504, 1.0581 
1073741824, 960, 1, 15, 64, 960, 1030792151040, 7680, 4107.71, 250.941, 6.30711e+09, 8606696136, 4303356496, 1.0561 
1073741824, 1024, 1, 16, 64, 1024, 1099511627776, 8192, 4108.63, 267.61, 6.45083e+09, 8606696120, 4303356484, 1.05396 
