[INFO] GPU Roofline Tools 
[INFO] Version 1.0.0 (C)2024 Bagus Hanindhito 
[INFO] Built for AMD Instinct MI300X (gfx942) GPUs
[INFO] Detected 8 HIP-capable device(s)
[INFO] +---+------------------------+----+----+-----------+--------------+--------------+
[INFO] |#  |Device Name             |CC  |#CU |Freq. (MHz)|Mem. Size (MB)|Mem. BW (GB/s)|
[INFO] +---+------------------------+----+----+-----------+--------------+--------------+
[INFO] |0  |AMD Instinct MI325X     |9.4 |304 |2100       |262128        |3072          |
[INFO] +---+------------------------+----+----+-----------+--------------+--------------+
[INFO] |1  |AMD Instinct MI325X     |9.4 |304 |2100       |262128        |3072          |
[INFO] +---+------------------------+----+----+-----------+--------------+--------------+
[INFO] |2  |AMD Instinct MI325X     |9.4 |304 |2100       |262128        |3072          |
[INFO] +---+------------------------+----+----+-----------+--------------+--------------+
[INFO] |3  |AMD Instinct MI325X     |9.4 |304 |2100       |262128        |3072          |
[INFO] +---+------------------------+----+----+-----------+--------------+--------------+
[INFO] |4  |AMD Instinct MI325X     |9.4 |304 |2100       |262128        |3072          |
[INFO] +---+------------------------+----+----+-----------+--------------+--------------+
[INFO] |5  |AMD Instinct MI325X     |9.4 |304 |2100       |262128        |3072          |
[INFO] +---+------------------------+----+----+-----------+--------------+--------------+
[INFO] |6  |AMD Instinct MI325X     |9.4 |304 |2100       |262128        |3072          |
[INFO] +---+------------------------+----+----+-----------+--------------+--------------+
[INFO] |7  |AMD Instinct MI325X     |9.4 |304 |2100       |262128        |3072          |
[INFO] +---+------------------------+----+----+-----------+--------------+--------------+
[WARN] This program does not currently support Multi-GPU run.
[INFO] Set default GPU to GPU index 0
[INFO] (1743222208) Running with 1 wavefront(s) per workgroup and 1 workgroup(s)
[INFO] (1743222210) Running with 2 wavefront(s) per workgroup and 1 workgroup(s)
[INFO] (1743222213) Running with 3 wavefront(s) per workgroup and 1 workgroup(s)
[INFO] (1743222215) Running with 4 wavefront(s) per workgroup and 1 workgroup(s)
[INFO] (1743222217) Running with 5 wavefront(s) per workgroup and 1 workgroup(s)
[INFO] (1743222221) Running with 6 wavefront(s) per workgroup and 1 workgroup(s)
[INFO] (1743222225) Running with 7 wavefront(s) per workgroup and 1 workgroup(s)
[INFO] (1743222229) Running with 8 wavefront(s) per workgroup and 1 workgroup(s)
[INFO] (1743222233) Running with 9 wavefront(s) per workgroup and 1 workgroup(s)
[INFO] (1743222239) Running with 10 wavefront(s) per workgroup and 1 workgroup(s)
[INFO] (1743222245) Running with 11 wavefront(s) per workgroup and 1 workgroup(s)
[INFO] (1743222251) Running with 12 wavefront(s) per workgroup and 1 workgroup(s)
[INFO] (1743222258) Running with 13 wavefront(s) per workgroup and 1 workgroup(s)
[INFO] (1743222266) Running with 14 wavefront(s) per workgroup and 1 workgroup(s)
[INFO] (1743222274) Running with 15 wavefront(s) per workgroup and 1 workgroup(s)
[INFO] (1743222282) Running with 16 wavefront(s) per workgroup and 1 workgroup(s)
Result M_WMMA with bf16/fp32
n_iter, n_thread, n_wg, n_wf, wf_size, wg_size, n_flops, n_bytes, time_ms, gflop/s, avg_clock, max_clock, min_clock, stdev_clock 
268435456, 64, 1, 1, 64, 64, 8796093022208, 4096, 2053.72, 4283.01, 4.29602e+09, 4296020640, 4296020640, 1 
268435456, 128, 1, 2, 64, 128, 17592186044416, 8192, 2049.11, 8585.29, 4.29602e+09, 4296020404, 4296020376, 1 
268435456, 192, 1, 3, 64, 192, 26388279066624, 12288, 2049.37, 12876.3, 4.29602e+09, 4296016984, 4296016960, 1 
268435456, 256, 1, 4, 64, 256, 35184372088832, 16384, 2053.16, 17136.7, 4.29602e+09, 4296017136, 4296017112, 1 
268435456, 320, 1, 5, 64, 320, 43980465111040, 20480, 4099.9, 10727.2, 5.15501e+09, 8590983212, 4296017128, 1.05407 
268435456, 384, 1, 6, 64, 384, 52776558133248, 24576, 4098.61, 12876.7, 5.72767e+09, 8590983148, 4296016784, 1.06064 
268435456, 448, 1, 7, 64, 448, 61572651155456, 28672, 4100.94, 15014.3, 6.13672e+09, 8590983272, 4296016232, 1.05828 
268435456, 512, 1, 8, 64, 512, 70368744177664, 32768, 4100.88, 17159.4, 6.4435e+09, 8590983152, 4296017020, 1.05408 
268435456, 576, 1, 9, 64, 576, 79164837199872, 36864, 6149.7, 12873, 7.15933e+09, 12885950628, 4296017312, 1.07701 
268435456, 640, 1, 10, 64, 640, 87960930222080, 40960, 6149.2, 14304.5, 7.73199e+09, 12885950364, 4296016184, 1.08296 
268435456, 704, 1, 11, 64, 704, 96757023244288, 45056, 6151.15, 15729.9, 8.20053e+09, 12885950392, 4296016764, 1.08272 
268435456, 768, 1, 12, 64, 768, 105553116266496, 49152, 6150.64, 17161.3, 8.59098e+09, 12885950432, 4296016164, 1.0801 
268435456, 832, 1, 13, 64, 832, 114349209288704, 53248, 8198.6, 13947.4, 9.25175e+09, 17180917492, 4296016164, 1.09263 
268435456, 896, 1, 14, 64, 896, 123145302310912, 57344, 8199.49, 15018.7, 9.81812e+09, 17180917532, 4296016760, 1.09685 
268435456, 960, 1, 15, 64, 960, 131941395333120, 61440, 8198.14, 16094.1, 1.0309e+10, 17180917532, 4296016180, 1.09712 
268435456, 1024, 1, 16, 64, 1024, 140737488355328, 65536, 8200.96, 17161.1, 1.07385e+10, 17180917508, 4296016996, 1.09543 
