[INFO] GPU Roofline Tools 
[INFO] Version 1.0.0 (C)2024 Bagus Hanindhito 
[INFO] Built for AMD Instinct MI300X (gfx942) GPUs
[INFO] Detected 8 HIP-capable device(s)
[INFO] +---+------------------------+----+----+-----------+--------------+--------------+
[INFO] |#  |Device Name             |CC  |#CU |Freq. (MHz)|Mem. Size (MB)|Mem. BW (GB/s)|
[INFO] +---+------------------------+----+----+-----------+--------------+--------------+
[INFO] |0  |AMD Instinct MI325X     |9.4 |304 |2100       |262128        |3072          |
[INFO] +---+------------------------+----+----+-----------+--------------+--------------+
[INFO] |1  |AMD Instinct MI325X     |9.4 |304 |2100       |262128        |3072          |
[INFO] +---+------------------------+----+----+-----------+--------------+--------------+
[INFO] |2  |AMD Instinct MI325X     |9.4 |304 |2100       |262128        |3072          |
[INFO] +---+------------------------+----+----+-----------+--------------+--------------+
[INFO] |3  |AMD Instinct MI325X     |9.4 |304 |2100       |262128        |3072          |
[INFO] +---+------------------------+----+----+-----------+--------------+--------------+
[INFO] |4  |AMD Instinct MI325X     |9.4 |304 |2100       |262128        |3072          |
[INFO] +---+------------------------+----+----+-----------+--------------+--------------+
[INFO] |5  |AMD Instinct MI325X     |9.4 |304 |2100       |262128        |3072          |
[INFO] +---+------------------------+----+----+-----------+--------------+--------------+
[INFO] |6  |AMD Instinct MI325X     |9.4 |304 |2100       |262128        |3072          |
[INFO] +---+------------------------+----+----+-----------+--------------+--------------+
[INFO] |7  |AMD Instinct MI325X     |9.4 |304 |2100       |262128        |3072          |
[INFO] +---+------------------------+----+----+-----------+--------------+--------------+
[WARN] This program does not currently support Multi-GPU run.
[INFO] Set default GPU to GPU index 0
[INFO] (1743222372) Running with 1 wavefront(s) per workgroup and 1 workgroup(s)
[INFO] (1743222374) Running with 2 wavefront(s) per workgroup and 1 workgroup(s)
[INFO] (1743222376) Running with 3 wavefront(s) per workgroup and 1 workgroup(s)
[INFO] (1743222378) Running with 4 wavefront(s) per workgroup and 1 workgroup(s)
[INFO] (1743222380) Running with 5 wavefront(s) per workgroup and 1 workgroup(s)
[INFO] (1743222384) Running with 6 wavefront(s) per workgroup and 1 workgroup(s)
[INFO] (1743222389) Running with 7 wavefront(s) per workgroup and 1 workgroup(s)
[INFO] (1743222393) Running with 8 wavefront(s) per workgroup and 1 workgroup(s)
[INFO] (1743222397) Running with 9 wavefront(s) per workgroup and 1 workgroup(s)
[INFO] (1743222403) Running with 10 wavefront(s) per workgroup and 1 workgroup(s)
[INFO] (1743222409) Running with 11 wavefront(s) per workgroup and 1 workgroup(s)
[INFO] (1743222415) Running with 12 wavefront(s) per workgroup and 1 workgroup(s)
[INFO] (1743222421) Running with 13 wavefront(s) per workgroup and 1 workgroup(s)
[INFO] (1743222430) Running with 14 wavefront(s) per workgroup and 1 workgroup(s)
[INFO] (1743222438) Running with 15 wavefront(s) per workgroup and 1 workgroup(s)
[INFO] (1743222446) Running with 16 wavefront(s) per workgroup and 1 workgroup(s)
Result M_WMMA with fp16/fp32
n_iter, n_thread, n_wg, n_wf, wf_size, wg_size, n_flops, n_bytes, time_ms, gflop/s, avg_clock, max_clock, min_clock, stdev_clock 
268435456, 64, 1, 1, 64, 64, 8796093022208, 4096, 2052.38, 4285.8, 4.29602e+09, 4296020484, 4296020484, 1 
268435456, 128, 1, 2, 64, 128, 17592186044416, 8192, 2051.42, 8575.59, 4.29602e+09, 4296020584, 4296020564, 1 
268435456, 192, 1, 3, 64, 192, 26388279066624, 12288, 2049.71, 12874.2, 4.29602e+09, 4296016984, 4296016956, 1 
268435456, 256, 1, 4, 64, 256, 35184372088832, 16384, 2050.26, 17160.9, 4.29602e+09, 4296016792, 4296016760, 1 
268435456, 320, 1, 5, 64, 320, 43980465111040, 20480, 4100.78, 10724.9, 5.15501e+09, 8590983180, 4296016752, 1.05407 
268435456, 384, 1, 6, 64, 384, 52776558133248, 24576, 4099.74, 12873.1, 5.72767e+09, 8590983172, 4296017004, 1.06064 
268435456, 448, 1, 7, 64, 448, 61572651155456, 28672, 4100.29, 15016.6, 6.13672e+09, 8590983240, 4296016200, 1.05828 
268435456, 512, 1, 8, 64, 512, 70368744177664, 32768, 4101.23, 17158, 6.4435e+09, 8590983172, 4296016804, 1.05408 
268435456, 576, 1, 9, 64, 576, 79164837199872, 36864, 6148.7, 12875.1, 7.15933e+09, 12885950648, 4296017112, 1.07701 
268435456, 640, 1, 10, 64, 640, 87960930222080, 40960, 6148.66, 14305.7, 7.73199e+09, 12885950368, 4296016208, 1.08296 
268435456, 704, 1, 11, 64, 704, 96757023244288, 45056, 6147.24, 15739.9, 8.20053e+09, 12885950372, 4296017068, 1.08272 
268435456, 768, 1, 12, 64, 768, 105553116266496, 49152, 6149.33, 17165, 8.59098e+09, 12885950440, 4296016188, 1.0801 
268435456, 832, 1, 13, 64, 832, 114349209288704, 53248, 8198.4, 13947.7, 9.25175e+09, 17180917508, 4296016188, 1.09263 
268435456, 896, 1, 14, 64, 896, 123145302310912, 57344, 8198.7, 15020.1, 9.81812e+09, 17180917540, 4296017032, 1.09685 
268435456, 960, 1, 15, 64, 960, 131941395333120, 61440, 8195.51, 16099.2, 1.0309e+10, 17180917540, 4296016212, 1.09712 
268435456, 1024, 1, 16, 64, 1024, 140737488355328, 65536, 8199.01, 17165.2, 1.07385e+10, 17180917508, 4296016876, 1.09543 
