[INFO] GPU Roofline Tools 
[INFO] Version 1.0.0 (C)2024 Bagus Hanindhito 
[INFO] Built for AMD Instinct MI300X (gfx942) GPUs
[INFO] Detected 8 HIP-capable device(s)
[INFO] +---+------------------------+----+----+-----------+--------------+--------------+
[INFO] |#  |Device Name             |CC  |#CU |Freq. (MHz)|Mem. Size (MB)|Mem. BW (GB/s)|
[INFO] +---+------------------------+----+----+-----------+--------------+--------------+
[INFO] |0  |AMD Instinct MI325X     |9.4 |304 |2100       |262128        |3072          |
[INFO] +---+------------------------+----+----+-----------+--------------+--------------+
[INFO] |1  |AMD Instinct MI325X     |9.4 |304 |2100       |262128        |3072          |
[INFO] +---+------------------------+----+----+-----------+--------------+--------------+
[INFO] |2  |AMD Instinct MI325X     |9.4 |304 |2100       |262128        |3072          |
[INFO] +---+------------------------+----+----+-----------+--------------+--------------+
[INFO] |3  |AMD Instinct MI325X     |9.4 |304 |2100       |262128        |3072          |
[INFO] +---+------------------------+----+----+-----------+--------------+--------------+
[INFO] |4  |AMD Instinct MI325X     |9.4 |304 |2100       |262128        |3072          |
[INFO] +---+------------------------+----+----+-----------+--------------+--------------+
[INFO] |5  |AMD Instinct MI325X     |9.4 |304 |2100       |262128        |3072          |
[INFO] +---+------------------------+----+----+-----------+--------------+--------------+
[INFO] |6  |AMD Instinct MI325X     |9.4 |304 |2100       |262128        |3072          |
[INFO] +---+------------------------+----+----+-----------+--------------+--------------+
[INFO] |7  |AMD Instinct MI325X     |9.4 |304 |2100       |262128        |3072          |
[INFO] +---+------------------------+----+----+-----------+--------------+--------------+
[WARN] This program does not currently support Multi-GPU run.
[INFO] Set default GPU to GPU index 0
[INFO] (1743222945) Running with 1 wavefront(s) per workgroup and 1 workgroup(s)
[INFO] (1743222949) Running with 2 wavefront(s) per workgroup and 1 workgroup(s)
[INFO] (1743222954) Running with 3 wavefront(s) per workgroup and 1 workgroup(s)
[INFO] (1743222958) Running with 4 wavefront(s) per workgroup and 1 workgroup(s)
[INFO] (1743222962) Running with 5 wavefront(s) per workgroup and 1 workgroup(s)
[INFO] (1743222970) Running with 6 wavefront(s) per workgroup and 1 workgroup(s)
[INFO] (1743222978) Running with 7 wavefront(s) per workgroup and 1 workgroup(s)
[INFO] (1743222986) Running with 8 wavefront(s) per workgroup and 1 workgroup(s)
[INFO] (1743222995) Running with 9 wavefront(s) per workgroup and 1 workgroup(s)
[INFO] (1743223007) Running with 10 wavefront(s) per workgroup and 1 workgroup(s)
[INFO] (1743223019) Running with 11 wavefront(s) per workgroup and 1 workgroup(s)
[INFO] (1743223031) Running with 12 wavefront(s) per workgroup and 1 workgroup(s)
[INFO] (1743223044) Running with 13 wavefront(s) per workgroup and 1 workgroup(s)
[INFO] (1743223060) Running with 14 wavefront(s) per workgroup and 1 workgroup(s)
[INFO] (1743223077) Running with 15 wavefront(s) per workgroup and 1 workgroup(s)
[INFO] (1743223093) Running with 16 wavefront(s) per workgroup and 1 workgroup(s)
Result M_WMMA with fp64/fp64
n_iter, n_thread, n_wg, n_wf, wf_size, wg_size, n_flops, n_bytes, time_ms, gflop/s, avg_clock, max_clock, min_clock, stdev_clock 
268435456, 64, 1, 1, 64, 64, 2199023255552, 6144, 4106.04, 535.558, 8.59702e+09, 8597016280, 8597016280, 1 
268435456, 128, 1, 2, 64, 128, 4398046511104, 12288, 4100.8, 1072.49, 8.59702e+09, 8597016268, 8597016232, 1 
268435456, 192, 1, 3, 64, 192, 6597069766656, 18432, 4102.46, 1608.07, 8.59701e+09, 8597013556, 8597013524, 1 
268435456, 256, 1, 4, 64, 256, 8796093022208, 24576, 4103.91, 2143.34, 8.59701e+09, 8597013424, 8597012920, 1 
268435456, 320, 1, 5, 64, 320, 10995116277760, 30720, 8202.65, 1340.43, 1.11739e+10, 17188389176, 8597012892, 1.04622 
268435456, 384, 1, 6, 64, 384, 13194139533312, 36864, 8200.86, 1608.87, 1.28918e+10, 17188389208, 8597012884, 1.03635 
268435456, 448, 1, 7, 64, 448, 15393162788864, 43008, 8203.91, 1876.32, 1.41188e+10, 17188389212, 8597012872, 1.02243 
268435456, 512, 1, 8, 64, 512, 17592186044416, 49152, 8204.99, 2144.08, 1.50391e+10, 17188389208, 12889882992, 1.01016 
268435456, 576, 1, 9, 64, 576, 19791209299968, 55296, 12304.4, 1608.46, 1.69484e+10, 25780814268, 12889883228, 1.02894 
268435456, 640, 1, 10, 64, 640, 21990232555520, 61440, 12301.1, 1787.66, 1.84758e+10, 25780814100, 12890014156, 1.03089 
268435456, 704, 1, 11, 64, 704, 24189255811072, 67584, 12300, 1966.61, 1.97254e+10, 25780814104, 12890014112, 1.02747 
268435456, 768, 1, 12, 64, 768, 26388279066624, 73728, 12309.6, 2143.72, 2.07669e+10, 25780814056, 15037366640, 1.02235 
268435456, 832, 1, 13, 64, 832, 28587302322176, 79872, 16399.4, 1743.19, 2.23916e+10, 34373238916, 15037366640, 1.03341 
268435456, 896, 1, 14, 64, 896, 30786325577728, 86016, 16399.2, 1877.3, 2.37842e+10, 34373238924, 15037366592, 1.03675 
268435456, 960, 1, 15, 64, 960, 32985348833280, 92160, 16401.5, 2011.11, 2.49911e+10, 34373238932, 15037366680, 1.03647 
268435456, 1024, 1, 16, 64, 1024, 35184372088832, 98304, 16401.3, 2145.22, 2.60469e+10, 34372720884, 16110977320, 1.03443 
