[INFO] GPU Roofline Tools 
[INFO] Version 1.0.0 (C)2024 Bagus Hanindhito 
[INFO] Built for AMD Instinct MI300X (gfx942) GPUs
[INFO] Detected 8 HIP-capable device(s)
[INFO] +---+------------------------+----+----+-----------+--------------+--------------+
[INFO] |#  |Device Name             |CC  |#CU |Freq. (MHz)|Mem. Size (MB)|Mem. BW (GB/s)|
[INFO] +---+------------------------+----+----+-----------+--------------+--------------+
[INFO] |0  |AMD Instinct MI325X     |9.4 |304 |2100       |262128        |3072          |
[INFO] +---+------------------------+----+----+-----------+--------------+--------------+
[INFO] |1  |AMD Instinct MI325X     |9.4 |304 |2100       |262128        |3072          |
[INFO] +---+------------------------+----+----+-----------+--------------+--------------+
[INFO] |2  |AMD Instinct MI325X     |9.4 |304 |2100       |262128        |3072          |
[INFO] +---+------------------------+----+----+-----------+--------------+--------------+
[INFO] |3  |AMD Instinct MI325X     |9.4 |304 |2100       |262128        |3072          |
[INFO] +---+------------------------+----+----+-----------+--------------+--------------+
[INFO] |4  |AMD Instinct MI325X     |9.4 |304 |2100       |262128        |3072          |
[INFO] +---+------------------------+----+----+-----------+--------------+--------------+
[INFO] |5  |AMD Instinct MI325X     |9.4 |304 |2100       |262128        |3072          |
[INFO] +---+------------------------+----+----+-----------+--------------+--------------+
[INFO] |6  |AMD Instinct MI325X     |9.4 |304 |2100       |262128        |3072          |
[INFO] +---+------------------------+----+----+-----------+--------------+--------------+
[INFO] |7  |AMD Instinct MI325X     |9.4 |304 |2100       |262128        |3072          |
[INFO] +---+------------------------+----+----+-----------+--------------+--------------+
[WARN] This program does not currently support Multi-GPU run.
[INFO] Set default GPU to GPU index 0
[INFO] (1743222699) Running with 1 wavefront(s) per workgroup and 1 workgroup(s)
[INFO] (1743222704) Running with 2 wavefront(s) per workgroup and 1 workgroup(s)
[INFO] (1743222708) Running with 3 wavefront(s) per workgroup and 1 workgroup(s)
[INFO] (1743222712) Running with 4 wavefront(s) per workgroup and 1 workgroup(s)
[INFO] (1743222716) Running with 5 wavefront(s) per workgroup and 1 workgroup(s)
[INFO] (1743222724) Running with 6 wavefront(s) per workgroup and 1 workgroup(s)
[INFO] (1743222732) Running with 7 wavefront(s) per workgroup and 1 workgroup(s)
[INFO] (1743222741) Running with 8 wavefront(s) per workgroup and 1 workgroup(s)
[INFO] (1743222749) Running with 9 wavefront(s) per workgroup and 1 workgroup(s)
[INFO] (1743222761) Running with 10 wavefront(s) per workgroup and 1 workgroup(s)
[INFO] (1743222773) Running with 11 wavefront(s) per workgroup and 1 workgroup(s)
[INFO] (1743222786) Running with 12 wavefront(s) per workgroup and 1 workgroup(s)
[INFO] (1743222798) Running with 13 wavefront(s) per workgroup and 1 workgroup(s)
[INFO] (1743222814) Running with 14 wavefront(s) per workgroup and 1 workgroup(s)
[INFO] (1743222831) Running with 15 wavefront(s) per workgroup and 1 workgroup(s)
[INFO] (1743222847) Running with 16 wavefront(s) per workgroup and 1 workgroup(s)
Result M_WMMA with fp32/fp32
n_iter, n_thread, n_wg, n_wf, wf_size, wg_size, n_flops, n_bytes, time_ms, gflop/s, avg_clock, max_clock, min_clock, stdev_clock 
268435456, 64, 1, 1, 64, 64, 2199023255552, 3072, 4101.84, 536.107, 8.59046e+09, 8590463592, 8590463592, 1 
268435456, 128, 1, 2, 64, 128, 4398046511104, 6144, 4099.93, 1072.71, 8.59046e+09, 8590462176, 8590462136, 1 
268435456, 192, 1, 3, 64, 192, 6597069766656, 9216, 4099.77, 1609.13, 8.59046e+09, 8590459416, 8590459384, 1 
268435456, 256, 1, 4, 64, 256, 8796093022208, 12288, 4097.98, 2146.44, 8.59046e+09, 8590459880, 8590459260, 1 
268435456, 320, 1, 5, 64, 320, 10995116277760, 15360, 8198.16, 1341.17, 1.03088e+10, 17180393772, 8590459284, 1.05408 
268435456, 384, 1, 6, 64, 384, 13194139533312, 18432, 8197.47, 1609.54, 1.14543e+10, 17180393792, 8590459360, 1.06064 
268435456, 448, 1, 7, 64, 448, 15393162788864, 21504, 8196.78, 1877.95, 1.22725e+10, 17180393828, 8590459312, 1.05827 
268435456, 512, 1, 8, 64, 512, 17592186044416, 24576, 8198.45, 2145.79, 1.28862e+10, 17180393872, 8592032200, 1.05406 
268435456, 576, 1, 9, 64, 576, 19791209299968, 27648, 12294.6, 1609.75, 1.52724e+10, 25770328228, 8592032156, 1.06064 
268435456, 640, 1, 10, 64, 640, 21990232555520, 30720, 12295.2, 1788.52, 1.71814e+10, 25770328312, 8592163300, 1.04879 
268435456, 704, 1, 11, 64, 704, 24189255811072, 33792, 12297, 1967.09, 1.87432e+10, 25770328384, 8592163260, 1.03413 
268435456, 768, 1, 12, 64, 768, 26388279066624, 36864, 12297.1, 2145.89, 2.00448e+10, 25770328416, 17181966616, 1.02019 
268435456, 832, 1, 13, 64, 832, 28587302322176, 39936, 16391.4, 1744.04, 2.24676e+10, 34360262872, 17181966736, 1.02814 
268435456, 896, 1, 14, 64, 896, 30786325577728, 43008, 16394.8, 1877.81, 2.45443e+10, 34360262820, 17181966744, 1.02469 
268435456, 960, 1, 15, 64, 960, 32985348833280, 46080, 16395.4, 2011.87, 2.63441e+10, 34360262824, 17181966756, 1.01733 
268435456, 1024, 1, 16, 64, 1024, 35184372088832, 49152, 16399.9, 2145.4, 2.7919e+10, 34360262916, 25771901172, 1.00883 
