[INFO] GPU Roofline Tools 
[INFO] Version 1.0.0 (C)2024 Bagus Hanindhito 
[INFO] Built for AMD Instinct MI300X (gfx942) GPUs
[INFO] Detected 8 HIP-capable device(s)
[INFO] +---+------------------------+----+----+-----------+--------------+--------------+
[INFO] |#  |Device Name             |CC  |#CU |Freq. (MHz)|Mem. Size (MB)|Mem. BW (GB/s)|
[INFO] +---+------------------------+----+----+-----------+--------------+--------------+
[INFO] |0  |AMD Instinct MI325X     |9.4 |304 |2100       |262128        |3072          |
[INFO] +---+------------------------+----+----+-----------+--------------+--------------+
[INFO] |1  |AMD Instinct MI325X     |9.4 |304 |2100       |262128        |3072          |
[INFO] +---+------------------------+----+----+-----------+--------------+--------------+
[INFO] |2  |AMD Instinct MI325X     |9.4 |304 |2100       |262128        |3072          |
[INFO] +---+------------------------+----+----+-----------+--------------+--------------+
[INFO] |3  |AMD Instinct MI325X     |9.4 |304 |2100       |262128        |3072          |
[INFO] +---+------------------------+----+----+-----------+--------------+--------------+
[INFO] |4  |AMD Instinct MI325X     |9.4 |304 |2100       |262128        |3072          |
[INFO] +---+------------------------+----+----+-----------+--------------+--------------+
[INFO] |5  |AMD Instinct MI325X     |9.4 |304 |2100       |262128        |3072          |
[INFO] +---+------------------------+----+----+-----------+--------------+--------------+
[INFO] |6  |AMD Instinct MI325X     |9.4 |304 |2100       |262128        |3072          |
[INFO] +---+------------------------+----+----+-----------+--------------+--------------+
[INFO] |7  |AMD Instinct MI325X     |9.4 |304 |2100       |262128        |3072          |
[INFO] +---+------------------------+----+----+-----------+--------------+--------------+
[WARN] This program does not currently support Multi-GPU run.
[INFO] Set default GPU to GPU index 0
[INFO] (1743221881) Running with 1 wavefront(s) per workgroup and 1 workgroup(s)
[INFO] (1743221883) Running with 2 wavefront(s) per workgroup and 1 workgroup(s)
[INFO] (1743221885) Running with 3 wavefront(s) per workgroup and 1 workgroup(s)
[INFO] (1743221887) Running with 4 wavefront(s) per workgroup and 1 workgroup(s)
[INFO] (1743221889) Running with 5 wavefront(s) per workgroup and 1 workgroup(s)
[INFO] (1743221893) Running with 6 wavefront(s) per workgroup and 1 workgroup(s)
[INFO] (1743221897) Running with 7 wavefront(s) per workgroup and 1 workgroup(s)
[INFO] (1743221902) Running with 8 wavefront(s) per workgroup and 1 workgroup(s)
[INFO] (1743221906) Running with 9 wavefront(s) per workgroup and 1 workgroup(s)
[INFO] (1743221912) Running with 10 wavefront(s) per workgroup and 1 workgroup(s)
[INFO] (1743221918) Running with 11 wavefront(s) per workgroup and 1 workgroup(s)
[INFO] (1743221924) Running with 12 wavefront(s) per workgroup and 1 workgroup(s)
[INFO] (1743221930) Running with 13 wavefront(s) per workgroup and 1 workgroup(s)
[INFO] (1743221938) Running with 14 wavefront(s) per workgroup and 1 workgroup(s)
[INFO] (1743221947) Running with 15 wavefront(s) per workgroup and 1 workgroup(s)
[INFO] (1743221955) Running with 16 wavefront(s) per workgroup and 1 workgroup(s)
Result M_WMMA with fp8/fp32
n_iter, n_thread, n_wg, n_wf, wf_size, wg_size, n_flops, n_bytes, time_ms, gflop/s, avg_clock, max_clock, min_clock, stdev_clock 
268435456, 64, 1, 1, 64, 64, 17592186044416, 4096, 2052.08, 8572.84, 4.29602e+09, 4296020080, 4296020080, 1 
268435456, 128, 1, 2, 64, 128, 35184372088832, 8192, 2051.18, 17153.3, 4.29602e+09, 4296020060, 4296020028, 1 
268435456, 192, 1, 3, 64, 192, 52776558133248, 12288, 2049.45, 25751.6, 4.29602e+09, 4296016832, 4296016804, 1 
268435456, 256, 1, 4, 64, 256, 70368744177664, 16384, 2049.81, 34329.4, 4.29602e+09, 4296016696, 4296016668, 1 
268435456, 320, 1, 5, 64, 320, 87960930222080, 20480, 4099.2, 21458.1, 5.15501e+09, 8590983228, 4296016652, 1.05407 
268435456, 384, 1, 6, 64, 384, 105553116266496, 24576, 4099.49, 25747.9, 5.72767e+09, 8590983204, 4296016200, 1.06064 
268435456, 448, 1, 7, 64, 448, 123145302310912, 28672, 4100.11, 30034.7, 6.13672e+09, 8590983228, 4296016200, 1.05828 
268435456, 512, 1, 8, 64, 512, 140737488355328, 32768, 4100.58, 34321.3, 6.4435e+09, 8590983244, 4296016216, 1.05408 
268435456, 576, 1, 9, 64, 576, 158329674399744, 36864, 6148.5, 25750.9, 7.15933e+09, 12885950700, 4296017000, 1.07701 
268435456, 640, 1, 10, 64, 640, 175921860444160, 40960, 6149.04, 28609.6, 7.73199e+09, 12885950388, 4296016928, 1.08296 
268435456, 704, 1, 11, 64, 704, 193514046488576, 45056, 6149.36, 31469, 8.20053e+09, 12885950384, 4296016884, 1.08272 
268435456, 768, 1, 12, 64, 768, 211106232532992, 49152, 6151.54, 34317.6, 8.59098e+09, 12885950452, 4296016688, 1.0801 
268435456, 832, 1, 13, 64, 832, 228698418577408, 53248, 8201.54, 27884.8, 9.25175e+09, 17180917620, 4296016236, 1.09263 
268435456, 896, 1, 14, 64, 896, 246290604621824, 57344, 8199.34, 30037.9, 9.81812e+09, 17180917568, 4296016196, 1.09685 
268435456, 960, 1, 15, 64, 960, 263882790666240, 61440, 8198.23, 32187.8, 1.0309e+10, 17180917580, 4296016204, 1.09712 
268435456, 1024, 1, 16, 64, 1024, 281474976710656, 65536, 8200.39, 34324.6, 1.07385e+10, 17180917564, 4296016220, 1.09543 
