[INFO] GPU Roofline Tools 
[INFO] Version 1.0.0 (C)2024 Bagus Hanindhito 
[INFO] Built for AMD Instinct MI300X (gfx942) GPUs
[INFO] Detected 8 HIP-capable device(s)
[INFO] +---+------------------------+----+----+-----------+--------------+--------------+
[INFO] |#  |Device Name             |CC  |#CU |Freq. (MHz)|Mem. Size (MB)|Mem. BW (GB/s)|
[INFO] +---+------------------------+----+----+-----------+--------------+--------------+
[INFO] |0  |AMD Instinct MI325X     |9.4 |304 |2100       |262128        |3072          |
[INFO] +---+------------------------+----+----+-----------+--------------+--------------+
[INFO] |1  |AMD Instinct MI325X     |9.4 |304 |2100       |262128        |3072          |
[INFO] +---+------------------------+----+----+-----------+--------------+--------------+
[INFO] |2  |AMD Instinct MI325X     |9.4 |304 |2100       |262128        |3072          |
[INFO] +---+------------------------+----+----+-----------+--------------+--------------+
[INFO] |3  |AMD Instinct MI325X     |9.4 |304 |2100       |262128        |3072          |
[INFO] +---+------------------------+----+----+-----------+--------------+--------------+
[INFO] |4  |AMD Instinct MI325X     |9.4 |304 |2100       |262128        |3072          |
[INFO] +---+------------------------+----+----+-----------+--------------+--------------+
[INFO] |5  |AMD Instinct MI325X     |9.4 |304 |2100       |262128        |3072          |
[INFO] +---+------------------------+----+----+-----------+--------------+--------------+
[INFO] |6  |AMD Instinct MI325X     |9.4 |304 |2100       |262128        |3072          |
[INFO] +---+------------------------+----+----+-----------+--------------+--------------+
[INFO] |7  |AMD Instinct MI325X     |9.4 |304 |2100       |262128        |3072          |
[INFO] +---+------------------------+----+----+-----------+--------------+--------------+
[WARN] This program does not currently support Multi-GPU run.
[INFO] Set default GPU to GPU index 0
[INFO] (1743221717) Running with 1 wavefront(s) per workgroup and 1 workgroup(s)
[INFO] (1743221719) Running with 2 wavefront(s) per workgroup and 1 workgroup(s)
[INFO] (1743221721) Running with 3 wavefront(s) per workgroup and 1 workgroup(s)
[INFO] (1743221723) Running with 4 wavefront(s) per workgroup and 1 workgroup(s)
[INFO] (1743221725) Running with 5 wavefront(s) per workgroup and 1 workgroup(s)
[INFO] (1743221730) Running with 6 wavefront(s) per workgroup and 1 workgroup(s)
[INFO] (1743221734) Running with 7 wavefront(s) per workgroup and 1 workgroup(s)
[INFO] (1743221738) Running with 8 wavefront(s) per workgroup and 1 workgroup(s)
[INFO] (1743221742) Running with 9 wavefront(s) per workgroup and 1 workgroup(s)
[INFO] (1743221748) Running with 10 wavefront(s) per workgroup and 1 workgroup(s)
[INFO] (1743221754) Running with 11 wavefront(s) per workgroup and 1 workgroup(s)
[INFO] (1743221760) Running with 12 wavefront(s) per workgroup and 1 workgroup(s)
[INFO] (1743221767) Running with 13 wavefront(s) per workgroup and 1 workgroup(s)
[INFO] (1743221775) Running with 14 wavefront(s) per workgroup and 1 workgroup(s)
[INFO] (1743221783) Running with 15 wavefront(s) per workgroup and 1 workgroup(s)
[INFO] (1743221791) Running with 16 wavefront(s) per workgroup and 1 workgroup(s)
Result M_WMMA with bf8/fp32
n_iter, n_thread, n_wg, n_wf, wf_size, wg_size, n_flops, n_bytes, time_ms, gflop/s, avg_clock, max_clock, min_clock, stdev_clock 
268435456, 64, 1, 1, 64, 64, 17592186044416, 4096, 2053.83, 8565.55, 4.29602e+09, 4296020284, 4296020284, 1 
268435456, 128, 1, 2, 64, 128, 35184372088832, 8192, 2049.07, 17170.9, 4.29602e+09, 4296020048, 4296020016, 1 
268435456, 192, 1, 3, 64, 192, 52776558133248, 12288, 2049.4, 25752.2, 4.29602e+09, 4296016912, 4296016884, 1 
268435456, 256, 1, 4, 64, 256, 70368744177664, 16384, 2052.22, 34289.1, 4.29602e+09, 4296016700, 4296016672, 1 
268435456, 320, 1, 5, 64, 320, 87960930222080, 20480, 4100.54, 21451.1, 5.15501e+09, 8590983232, 4296016720, 1.05407 
268435456, 384, 1, 6, 64, 384, 105553116266496, 24576, 4098.12, 25756.5, 5.72767e+09, 8590983216, 4296016996, 1.06064 
268435456, 448, 1, 7, 64, 448, 123145302310912, 28672, 4100.19, 30034, 6.13672e+09, 8590983256, 4296016232, 1.05828 
268435456, 512, 1, 8, 64, 512, 140737488355328, 32768, 4102.59, 34304.6, 6.4435e+09, 8590983252, 4296016740, 1.05408 
268435456, 576, 1, 9, 64, 576, 158329674399744, 36864, 6150, 25744.7, 7.15933e+09, 12885950732, 4296017072, 1.07701 
268435456, 640, 1, 10, 64, 640, 175921860444160, 40960, 6149.23, 28608.7, 7.73199e+09, 12885950408, 4296016232, 1.08296 
268435456, 704, 1, 11, 64, 704, 193514046488576, 45056, 6151.48, 31458.1, 8.20053e+09, 12885950380, 4296016916, 1.08272 
268435456, 768, 1, 12, 64, 768, 211106232532992, 49152, 6154.3, 34302.2, 8.59098e+09, 12885950416, 4296016244, 1.0801 
268435456, 832, 1, 13, 64, 832, 228698418577408, 53248, 8198.79, 27894.2, 9.25175e+09, 17180917632, 4296016272, 1.09263 
268435456, 896, 1, 14, 64, 896, 246290604621824, 57344, 8200.21, 30034.7, 9.81812e+09, 17180917532, 4296016944, 1.09685 
268435456, 960, 1, 15, 64, 960, 263882790666240, 61440, 8199.9, 32181.2, 1.0309e+10, 17180917576, 4296016244, 1.09712 
268435456, 1024, 1, 16, 64, 1024, 281474976710656, 65536, 8205.82, 34301.9, 1.07385e+10, 17180917568, 4296016692, 1.09543 
