[INFO] GPU Roofline Tools 
[INFO] Version 1.0.0 (C)2024 Bagus Hanindhito 
[INFO] Built for AMD Instinct MI300X (gfx942) GPUs
[INFO] Detected 8 HIP-capable device(s)
[INFO] +---+------------------------+----+----+-----------+--------------+--------------+
[INFO] |#  |Device Name             |CC  |#CU |Freq. (MHz)|Mem. Size (MB)|Mem. BW (GB/s)|
[INFO] +---+------------------------+----+----+-----------+--------------+--------------+
[INFO] |0  |AMD Instinct MI325X     |9.4 |304 |2100       |262128        |3072          |
[INFO] +---+------------------------+----+----+-----------+--------------+--------------+
[INFO] |1  |AMD Instinct MI325X     |9.4 |304 |2100       |262128        |3072          |
[INFO] +---+------------------------+----+----+-----------+--------------+--------------+
[INFO] |2  |AMD Instinct MI325X     |9.4 |304 |2100       |262128        |3072          |
[INFO] +---+------------------------+----+----+-----------+--------------+--------------+
[INFO] |3  |AMD Instinct MI325X     |9.4 |304 |2100       |262128        |3072          |
[INFO] +---+------------------------+----+----+-----------+--------------+--------------+
[INFO] |4  |AMD Instinct MI325X     |9.4 |304 |2100       |262128        |3072          |
[INFO] +---+------------------------+----+----+-----------+--------------+--------------+
[INFO] |5  |AMD Instinct MI325X     |9.4 |304 |2100       |262128        |3072          |
[INFO] +---+------------------------+----+----+-----------+--------------+--------------+
[INFO] |6  |AMD Instinct MI325X     |9.4 |304 |2100       |262128        |3072          |
[INFO] +---+------------------------+----+----+-----------+--------------+--------------+
[INFO] |7  |AMD Instinct MI325X     |9.4 |304 |2100       |262128        |3072          |
[INFO] +---+------------------------+----+----+-----------+--------------+--------------+
[WARN] This program does not currently support Multi-GPU run.
[INFO] Set default GPU to GPU index 0
[INFO] (1743222044) Running with 1 wavefront(s) per workgroup and 1 workgroup(s)
[INFO] (1743222047) Running with 2 wavefront(s) per workgroup and 1 workgroup(s)
[INFO] (1743222049) Running with 3 wavefront(s) per workgroup and 1 workgroup(s)
[INFO] (1743222051) Running with 4 wavefront(s) per workgroup and 1 workgroup(s)
[INFO] (1743222053) Running with 5 wavefront(s) per workgroup and 1 workgroup(s)
[INFO] (1743222057) Running with 6 wavefront(s) per workgroup and 1 workgroup(s)
[INFO] (1743222061) Running with 7 wavefront(s) per workgroup and 1 workgroup(s)
[INFO] (1743222065) Running with 8 wavefront(s) per workgroup and 1 workgroup(s)
[INFO] (1743222069) Running with 9 wavefront(s) per workgroup and 1 workgroup(s)
[INFO] (1743222075) Running with 10 wavefront(s) per workgroup and 1 workgroup(s)
[INFO] (1743222082) Running with 11 wavefront(s) per workgroup and 1 workgroup(s)
[INFO] (1743222088) Running with 12 wavefront(s) per workgroup and 1 workgroup(s)
[INFO] (1743222094) Running with 13 wavefront(s) per workgroup and 1 workgroup(s)
[INFO] (1743222102) Running with 14 wavefront(s) per workgroup and 1 workgroup(s)
[INFO] (1743222110) Running with 15 wavefront(s) per workgroup and 1 workgroup(s)
[INFO] (1743222119) Running with 16 wavefront(s) per workgroup and 1 workgroup(s)
Result M_WMMA with int8/int32
n_iter, n_thread, n_wg, n_wf, wf_size, wg_size, n_flops, n_bytes, time_ms, gflop/s, avg_clock, max_clock, min_clock, stdev_clock 
268435456, 64, 1, 1, 64, 64, 17592186044416, 4096, 2052.32, 8571.85, 4.29602e+09, 4296020400, 4296020400, 1 
268435456, 128, 1, 2, 64, 128, 35184372088832, 8192, 2049.37, 17168.4, 4.29602e+09, 4296019548, 4296019512, 1 
268435456, 192, 1, 3, 64, 192, 52776558133248, 12288, 2051.11, 25730.7, 4.29602e+09, 4296016872, 4296016844, 1 
268435456, 256, 1, 4, 64, 256, 70368744177664, 16384, 2050.06, 34325.1, 4.29602e+09, 4296016720, 4296016688, 1 
268435456, 320, 1, 5, 64, 320, 87960930222080, 20480, 4100.41, 21451.8, 5.15501e+09, 8590983216, 4296016660, 1.05407 
268435456, 384, 1, 6, 64, 384, 105553116266496, 24576, 4099.85, 25745.6, 5.72767e+09, 8590983224, 4296016220, 1.06064 
268435456, 448, 1, 7, 64, 448, 123145302310912, 28672, 4101.04, 30027.9, 6.13672e+09, 8590983252, 4296016220, 1.05828 
268435456, 512, 1, 8, 64, 512, 140737488355328, 32768, 4100.28, 34323.9, 6.4435e+09, 8590983268, 4296016240, 1.05408 
268435456, 576, 1, 9, 64, 576, 158329674399744, 36864, 6149.01, 25748.8, 7.15933e+09, 12885950756, 4296017088, 1.07701 
268435456, 640, 1, 10, 64, 640, 175921860444160, 40960, 6149.82, 28606, 7.73199e+09, 12885950416, 4296016864, 1.08296 
268435456, 704, 1, 11, 64, 704, 193514046488576, 45056, 6148.63, 31472.7, 8.20053e+09, 12885950408, 4296016852, 1.08272 
268435456, 768, 1, 12, 64, 768, 211106232532992, 49152, 6152.17, 34314.1, 8.59098e+09, 12885950384, 4296016688, 1.0801 
268435456, 832, 1, 13, 64, 832, 228698418577408, 53248, 8200.12, 27889.6, 9.25175e+09, 17180917632, 4296016264, 1.09263 
268435456, 896, 1, 14, 64, 896, 246290604621824, 57344, 8197.55, 30044.4, 9.81812e+09, 17180917560, 4296016216, 1.09685 
268435456, 960, 1, 15, 64, 960, 263882790666240, 61440, 8199.58, 32182.5, 1.0309e+10, 17180917576, 4296016228, 1.09712 
268435456, 1024, 1, 16, 64, 1024, 281474976710656, 65536, 8202.98, 34313.8, 1.07385e+10, 17180917572, 4296016244, 1.09543 
