[INFO] GPU Roofline Tools 
[INFO] Version 1.0.0 (C)2024 Bagus Hanindhito 
[INFO] Built for AMD Instinct MI300X (gfx942) GPUs
[INFO] Detected 8 HIP-capable device(s)
[INFO] +---+------------------------+----+----+-----------+--------------+--------------+
[INFO] |#  |Device Name             |CC  |#CU |Freq. (MHz)|Mem. Size (MB)|Mem. BW (GB/s)|
[INFO] +---+------------------------+----+----+-----------+--------------+--------------+
[INFO] |0  |AMD Instinct MI325X     |9.4 |304 |2100       |262128        |3072          |
[INFO] +---+------------------------+----+----+-----------+--------------+--------------+
[INFO] |1  |AMD Instinct MI325X     |9.4 |304 |2100       |262128        |3072          |
[INFO] +---+------------------------+----+----+-----------+--------------+--------------+
[INFO] |2  |AMD Instinct MI325X     |9.4 |304 |2100       |262128        |3072          |
[INFO] +---+------------------------+----+----+-----------+--------------+--------------+
[INFO] |3  |AMD Instinct MI325X     |9.4 |304 |2100       |262128        |3072          |
[INFO] +---+------------------------+----+----+-----------+--------------+--------------+
[INFO] |4  |AMD Instinct MI325X     |9.4 |304 |2100       |262128        |3072          |
[INFO] +---+------------------------+----+----+-----------+--------------+--------------+
[INFO] |5  |AMD Instinct MI325X     |9.4 |304 |2100       |262128        |3072          |
[INFO] +---+------------------------+----+----+-----------+--------------+--------------+
[INFO] |6  |AMD Instinct MI325X     |9.4 |304 |2100       |262128        |3072          |
[INFO] +---+------------------------+----+----+-----------+--------------+--------------+
[INFO] |7  |AMD Instinct MI325X     |9.4 |304 |2100       |262128        |3072          |
[INFO] +---+------------------------+----+----+-----------+--------------+--------------+
[WARN] This program does not currently support Multi-GPU run.
[INFO] Set default GPU to GPU index 0
[INFO] (1743222536) Running with 1 wavefront(s) per workgroup and 1 workgroup(s)
[INFO] (1743222538) Running with 2 wavefront(s) per workgroup and 1 workgroup(s)
[INFO] (1743222540) Running with 3 wavefront(s) per workgroup and 1 workgroup(s)
[INFO] (1743222542) Running with 4 wavefront(s) per workgroup and 1 workgroup(s)
[INFO] (1743222544) Running with 5 wavefront(s) per workgroup and 1 workgroup(s)
[INFO] (1743222548) Running with 6 wavefront(s) per workgroup and 1 workgroup(s)
[INFO] (1743222552) Running with 7 wavefront(s) per workgroup and 1 workgroup(s)
[INFO] (1743222556) Running with 8 wavefront(s) per workgroup and 1 workgroup(s)
[INFO] (1743222561) Running with 9 wavefront(s) per workgroup and 1 workgroup(s)
[INFO] (1743222567) Running with 10 wavefront(s) per workgroup and 1 workgroup(s)
[INFO] (1743222573) Running with 11 wavefront(s) per workgroup and 1 workgroup(s)
[INFO] (1743222579) Running with 12 wavefront(s) per workgroup and 1 workgroup(s)
[INFO] (1743222585) Running with 13 wavefront(s) per workgroup and 1 workgroup(s)
[INFO] (1743222593) Running with 14 wavefront(s) per workgroup and 1 workgroup(s)
[INFO] (1743222602) Running with 15 wavefront(s) per workgroup and 1 workgroup(s)
[INFO] (1743222610) Running with 16 wavefront(s) per workgroup and 1 workgroup(s)
Result M_WMMA with tf32/fp32
n_iter, n_thread, n_wg, n_wf, wf_size, wg_size, n_flops, n_bytes, time_ms, gflop/s, avg_clock, max_clock, min_clock, stdev_clock 
268435456, 64, 1, 1, 64, 64, 4398046511104, 4096, 2052.02, 2143.28, 4.29654e+09, 4296544788, 4296544788, 1 
268435456, 128, 1, 2, 64, 128, 8796093022208, 8192, 2049.29, 4292.27, 4.29654e+09, 4296543664, 4296543636, 1 
268435456, 192, 1, 3, 64, 192, 13194139533312, 12288, 2051.12, 6432.66, 4.29654e+09, 4296541116, 4296541084, 1 
268435456, 256, 1, 4, 64, 256, 17592186044416, 16384, 2050.99, 8577.42, 4.29654e+09, 4296541844, 4296541816, 1 
268435456, 320, 1, 5, 64, 320, 21990232555520, 20480, 4100.57, 5362.73, 5.15564e+09, 8591506896, 4296541392, 1.05405 
268435456, 384, 1, 6, 64, 384, 26388279066624, 24576, 4100.18, 6435.89, 5.72837e+09, 8591506988, 4296541140, 1.06062 
268435456, 448, 1, 7, 64, 448, 30786325577728, 28672, 4098.76, 7511.13, 6.13747e+09, 8591506980, 4296540552, 1.05826 
268435456, 512, 1, 8, 64, 512, 35184372088832, 32768, 4103.36, 8574.53, 6.44429e+09, 8591507008, 4297065648, 1.05405 
268435456, 576, 1, 9, 64, 576, 39582418599936, 36864, 6149.22, 6436.98, 7.16014e+09, 12886474368, 4297065956, 1.07698 
268435456, 640, 1, 10, 64, 640, 43980465111040, 40960, 6150.55, 7150.65, 7.73283e+09, 12886474084, 4297065248, 1.08293 
268435456, 704, 1, 11, 64, 704, 48378511622144, 45056, 6149.54, 7867.02, 8.20139e+09, 12886474140, 4297065440, 1.0827 
268435456, 768, 1, 12, 64, 768, 52776558133248, 49152, 6148.77, 8583.27, 8.59186e+09, 12886474120, 4297065476, 1.08008 
268435456, 832, 1, 13, 64, 832, 57174604644352, 53248, 8198.54, 6973.75, 9.25263e+09, 17181441260, 4297064792, 1.0926 
268435456, 896, 1, 14, 64, 896, 61572651155456, 57344, 8196.76, 7511.83, 9.81901e+09, 17181441300, 4297064748, 1.09683 
268435456, 960, 1, 15, 64, 960, 65970697666560, 61440, 8199.36, 8045.84, 1.03099e+10, 17181441312, 4297064804, 1.09709 
268435456, 1024, 1, 16, 64, 1024, 70368744177664, 65536, 8197.86, 8583.8, 1.07394e+10, 17181441268, 4297064724, 1.09541 
