Node Binding: Process 0 [(p,q)=(0,0)] GPU: 0, CPU Cores: 40 - {0-78}
Local matrix size       = 0.727947 GiBs
Total device memory use = 0.980509 GiBs
--------------------------------------------------------------------------------------------------------------------------------------------------------------------
   %   | Column    | Step Time (s) ||         DGEMM GFLOPS         || pdfact (s) | pmxswp (s) | Lbcast (s) | laswp (s) | GPU Sync (s) | Step GFLOPS | Overall GFLOPS
       |           |               |  Small   |  First   | Second   |            |            |            |           |              |             |               
--------------------------------------------------------------------------------------------------------------------------------------------------------------------
  6.5% | 000000640 |    0.0151060  | 4.665e+04| 6.036e+04|          |  1.253e-02 |  3.917e-04 |  0.000e+00 | 0.000e+00 |   1.558e-03  |  7.747e+03  |    4.210e+03   
 13.0% | 000001280 |    0.0154882  | 3.265e+04| 5.951e+04|          |  1.295e-02 |  4.006e-04 |  0.000e+00 | 0.000e+00 |   1.255e-03  |  6.578e+03  |    5.055e+03   
 19.4% | 000001920 |    0.0151561  | 3.698e+04| 5.511e+04|          |  1.284e-02 |  3.917e-04 |  0.000e+00 | 0.000e+00 |   1.135e-03  |  5.793e+03  |    5.245e+03   
 25.9% | 000002560 |    0.0146280  | 5.063e+04| 5.839e+04|          |  1.265e-02 |  3.955e-04 |  0.000e+00 | 0.000e+00 |   7.583e-04  |  5.110e+03  |    5.217e+03   
 32.4% | 000003200 |    0.0143855  | 4.903e+04| 5.772e+04|          |  1.266e-02 |  3.927e-04 |  0.000e+00 | 0.000e+00 |   6.365e-04  |  4.363e+03  |    5.076e+03   
 38.9% | 000003840 |    0.0139121  | 5.066e+04| 6.013e+04|          |  1.243e-02 |  3.922e-04 |  0.000e+00 | 0.000e+00 |   4.278e-04  |  3.724e+03  |    4.890e+03   
 45.3% | 000004480 |    0.0137765  | 4.453e+04| 5.615e+04|          |  1.241e-02 |  3.922e-04 |  0.000e+00 | 0.000e+00 |   2.163e-04  |  3.043e+03  |    4.669e+03   
 51.8% | 000005120 |    0.0135272  | 3.993e+04| 5.839e+04|          |  1.237e-02 |  3.921e-04 |  0.000e+00 | 0.000e+00 |   8.703e-05  |  2.445e+03  |    4.435e+03   
 58.3% | 000005760 |    0.0131836  | 3.897e+04| 5.058e+04|          |  1.206e-02 |  3.927e-04 |  0.000e+00 | 0.000e+00 |   1.201e-05  |  1.917e+03  |    4.201e+03   
 64.8% | 000006400 |    0.0129092  | 4.271e+04| 4.889e+04|          |  1.187e-02 |  3.930e-04 |  0.000e+00 | 0.000e+00 |   1.802e-05  |  1.435e+03  |    3.970e+03   
 71.3% | 000007040 |    0.0128068  | 3.416e+04| 4.960e+04|          |  1.172e-02 |  3.930e-04 |  0.000e+00 | 0.000e+00 |   1.730e-05  |  1.001e+03  |    3.743e+03   
 77.7% | 000007680 |    0.0127674  | 2.728e+04| 3.644e+04|          |  1.169e-02 |  3.930e-04 |  0.000e+00 | 0.000e+00 |   1.752e-05  |  6.400e+02  |    3.523e+03   
 84.2% | 000008320 |    0.0128020  | 2.250e+04| 3.693e+04|          |  1.170e-02 |  3.924e-04 |  0.000e+00 | 0.000e+00 |   1.742e-05  |  3.567e+02  |    3.313e+03   
 90.7% | 000008960 |    0.0126136  | 3.241e+04| 1.631e+04|          |  1.153e-02 |  3.921e-04 |  0.000e+00 | 0.000e+00 |   1.756e-05  |  1.594e+02  |    3.120e+03   
 97.2% | 000009600 |    0.0052429  | 2.288e+03|          |          |  4.838e-03 |  1.720e-04 |  0.000e+00 | 0.000e+00 |   1.240e-05  |  1.952e+01  |    3.045e+03   
Final Score:    2.9849e+03 GFLOPS 
Residual value = 0.000216145124020 (0x3f2c54a07a4b33df)
Residual Check: PASSED 
