Node Binding: Process 7 [(p,q)=(3,1)] GPU: 7, CPU Cores: 10 - {61-79}
Node Binding: Process 5 [(p,q)=(1,1)] GPU: 5, CPU Cores: 10 - {21-39}
Node Binding: Process 2 [(p,q)=(2,0)] GPU: 2, CPU Cores: 10 - {40-58}
Node Binding: Process 1 [(p,q)=(1,0)] GPU: 1, CPU Cores: 10 - {20-38}
Node Binding: Process 4 [(p,q)=(0,1)] GPU: 4, CPU Cores: 10 - {1-19}
Node Binding: Process 0 [(p,q)=(0,0)] GPU: 0, CPU Cores: 10 - {0-18}
Node Binding: Process 6 [(p,q)=(2,1)] GPU: 6, CPU Cores: 10 - {41-59}
Node Binding: Process 3 [(p,q)=(3,0)] GPU: 3, CPU Cores: 10 - {60-78}
Local matrix size       = 2.96092 GiBs
Total device memory use = 3.5162 GiBs
--------------------------------------------------------------------------------------------------------------------------------------------------------------------
   %   | Column    | Step Time (s) ||         DGEMM GFLOPS         || pdfact (s) | pmxswp (s) | Lbcast (s) | laswp (s) | GPU Sync (s) | Step GFLOPS | Overall GFLOPS
       |           |               |  Small   |  First   | Second   |            |            |            |           |              |             |               
--------------------------------------------------------------------------------------------------------------------------------------------------------------------
  1.1% | 000000640 |    0.0330729  |          | 6.331e+04| 6.166e+04|            |            |  2.279e-02 | 4.719e-03 |   4.817e-03  |  1.186e+05  |    6.979e+04   
  2.3% | 000001280 |    0.0389351  | 5.267e+04| 6.058e+04| 6.014e+04|  2.057e-02 |  7.944e-03 |  2.036e-03 | 1.369e-02 |   2.621e-05  |  9.844e+04  |    8.150e+04   
  3.4% | 000001920 |    0.0357040  |          | 6.143e+04| 5.843e+04|            |            |  2.176e-02 | 1.349e-02 |   2.047e-05  |  1.048e+05  |    8.786e+04   
  4.6% | 000002560 |    0.0312179  | 5.144e+04| 6.449e+04| 6.324e+04|  1.945e-02 |  6.133e-03 |  1.972e-03 | 3.300e-03 |   4.575e-03  |  1.171e+05  |    9.348e+04   
  5.7% | 000003200 |    0.0309387  |          | 6.866e+04| 6.018e+04|            |            |  2.211e-02 | 3.733e-03 |   4.567e-03  |  1.153e+05  |    9.697e+04   
  6.9% | 000003840 |    0.0314293  | 5.498e+04| 6.271e+04| 6.288e+04|  1.995e-02 |  7.492e-03 |  1.871e-03 | 3.066e-03 |   4.160e-03  |  1.108e+05  |    9.890e+04   
  8.0% | 000004480 |    0.0302864  |          | 6.686e+04| 6.127e+04|            |            |  2.209e-02 | 3.545e-03 |   4.163e-03  |  1.122e+05  |    1.005e+05   
  9.2% | 000005120 |    0.0305253  | 4.438e+04| 6.211e+04| 6.386e+04|  1.927e-02 |  6.070e-03 |  1.875e-03 | 3.112e-03 |   3.943e-03  |  1.086e+05  |    1.013e+05   
 10.3% | 000005760 |    0.0293020  |          | 6.630e+04| 6.226e+04|            |            |  2.172e-02 | 3.252e-03 |   3.836e-03  |  1.103e+05  |    1.022e+05   
 11.5% | 000006400 |    0.0303473  | 4.188e+04| 6.265e+04| 6.274e+04|  1.963e-02 |  7.373e-03 |  1.797e-03 | 3.020e-03 |   3.517e-03  |  1.038e+05  |    1.023e+05   
 12.6% | 000007040 |    0.0289858  |          | 6.836e+04| 6.029e+04|            |            |  2.177e-02 | 3.110e-03 |   3.655e-03  |  1.059e+05  |    1.026e+05   
 13.8% | 000007680 |    0.0293539  | 4.232e+04| 6.015e+04| 6.559e+04|  1.904e-02 |  6.075e-03 |  1.777e-03 | 2.924e-03 |   3.321e-03  |  1.018e+05  |    1.025e+05   
 14.9% | 000008320 |    0.0281500  |          | 6.914e+04| 6.402e+04|            |            |  2.136e-02 | 3.187e-03 |   3.111e-03  |  1.034e+05  |    1.026e+05   
 16.1% | 000008960 |    0.0293255  | 4.643e+04| 6.052e+04| 6.271e+04|  1.942e-02 |  7.308e-03 |  1.693e-03 | 2.975e-03 |   2.913e-03  |  9.658e+04  |    1.022e+05   
 17.2% | 000009600 |    0.0281475  |          | 6.660e+04| 6.260e+04|            |            |  2.143e-02 | 3.279e-03 |   2.956e-03  |  9.791e+04  |    1.019e+05   
 18.4% | 000010240 |    0.0284163  | 4.536e+04| 6.111e+04| 6.516e+04|  1.886e-02 |  6.067e-03 |  1.693e-03 | 2.859e-03 |   2.551e-03  |  9.432e+04  |    1.015e+05   
 19.5% | 000010880 |    0.0275045  |          | 6.889e+04| 6.505e+04|            |            |  2.137e-02 | 3.086e-03 |   2.565e-03  |  9.474e+04  |    1.012e+05   
 20.7% | 000011520 |    0.0284259  | 4.717e+04| 5.884e+04| 6.353e+04|  1.942e-02 |  7.328e-03 |  1.636e-03 | 2.704e-03 |   2.396e-03  |  8.909e+04  |    1.006e+05   
 21.8% | 000012160 |    0.0271330  |          | 6.686e+04| 6.147e+04|            |            |  2.111e-02 | 3.079e-03 |   2.483e-03  |  9.067e+04  |    1.001e+05   
 23.0% | 000012800 |    0.0275963  | 3.945e+04| 5.930e+04| 6.462e+04|  1.878e-02 |  6.031e-03 |  1.597e-03 | 2.640e-03 |   2.282e-03  |  8.656e+04  |    9.952e+04   
 24.1% | 000013440 |    0.0265626  |          | 6.695e+04| 6.278e+04|            |            |  2.099e-02 | 2.869e-03 |   2.213e-03  |  8.729e+04  |    9.902e+04   
 25.3% | 000014080 |    0.0275974  | 3.789e+04| 6.121e+04| 6.503e+04|  1.928e-02 |  7.295e-03 |  1.504e-03 | 2.602e-03 |   1.987e-03  |  8.151e+04  |    9.831e+04   
 26.4% | 000014720 |    0.0259843  |          | 6.871e+04| 6.243e+04|            |            |  2.072e-02 | 2.786e-03 |   2.025e-03  |  8.394e+04  |    9.779e+04   
 27.6% | 000015360 |    0.0268376  | 4.488e+04| 6.076e+04| 6.454e+04|  1.887e-02 |  6.228e-03 |  1.505e-03 | 2.452e-03 |   1.873e-03  |  7.877e+04  |    9.709e+04   
 28.7% | 000016000 |    0.0256024  |          | 6.473e+04| 6.079e+04|            |            |  2.066e-02 | 2.669e-03 |   1.779e-03  |  7.999e+04  |    9.651e+04   
 29.9% | 000016640 |    0.0267467  | 3.929e+04| 5.954e+04| 6.359e+04|  1.915e-02 |  7.082e-03 |  1.420e-03 | 2.488e-03 |   1.587e-03  |  7.414e+04  |    9.575e+04   
 31.0% | 000017280 |    0.0249091  |          | 6.506e+04| 6.415e+04|            |            |  2.037e-02 | 2.569e-03 |   1.541e-03  |  7.704e+04  |    9.518e+04   
 32.2% | 000017920 |    0.0260157  | 4.507e+04| 5.941e+04| 6.460e+04|  1.866e-02 |  5.982e-03 |  1.430e-03 | 2.319e-03 |   1.520e-03  |  7.135e+04  |    9.444e+04   
 33.3% | 000018560 |    0.0250778  |          | 6.971e+04| 6.178e+04|            |            |  2.062e-02 | 2.635e-03 |   1.323e-03  |  7.155e+04  |    9.377e+04   
 34.5% | 000019200 |    0.0260007  | 4.392e+04| 6.196e+04| 6.183e+04|  1.913e-02 |  7.282e-03 |  1.331e-03 | 2.360e-03 |   1.190e-03  |  6.667e+04  |    9.298e+04   
 35.6% | 000019840 |    0.0243893  |          | 6.894e+04| 5.888e+04|            |            |  2.020e-02 | 2.400e-03 |   1.334e-03  |  6.862e+04  |    9.233e+04   
 36.8% | 000020480 |    0.0253252  | 4.334e+04| 6.179e+04| 6.409e+04|  1.869e-02 |  6.148e-03 |  1.335e-03 | 2.116e-03 |   1.109e-03  |  6.377e+04  |    9.155e+04   
 37.9% | 000021120 |    0.0243337  |          | 6.873e+04| 6.160e+04|            |            |  2.036e-02 | 2.676e-03 |   8.416e-04  |  6.400e+04  |    9.086e+04   
 39.1% | 000021760 |    0.0253940  | 4.152e+04| 6.189e+04| 6.584e+04|  1.914e-02 |  7.355e-03 |  1.238e-03 | 2.216e-03 |   9.145e-04  |  5.910e+04  |    9.004e+04   
 40.2% | 000022400 |    0.0235706  |          | 7.131e+04| 6.168e+04|            |            |  2.008e-02 | 2.158e-03 |   8.653e-04  |  6.131e+04  |    8.937e+04   
 41.4% | 000023040 |    0.0249400  | 3.729e+04| 6.082e+04| 6.062e+04|  1.881e-02 |  6.291e-03 |  1.235e-03 | 1.992e-03 |   7.855e-04  |  5.576e+04  |    8.856e+04   
 42.5% | 000023680 |    0.0235617  |          | 6.713e+04| 5.822e+04|            |            |  2.004e-02 | 2.333e-03 |   7.158e-04  |  5.675e+04  |    8.785e+04   
 43.7% | 000024320 |    0.0246241  | 5.177e+04| 5.878e+04| 6.435e+04|  1.910e-02 |  7.246e-03 |  1.161e-03 | 1.938e-03 |   4.197e-04  |  5.217e+04  |    8.704e+04   
 44.8% | 000024960 |    0.0225361  |          | 6.802e+04| 6.025e+04|            |            |  1.949e-02 | 2.028e-03 |   5.648e-04  |  5.472e+04  |    8.639e+04   
 46.0% | 000025600 |    0.0237111  | 5.072e+04| 5.940e+04| 6.402e+04|  1.851e-02 |  6.089e-03 |  1.159e-03 | 1.812e-03 |   3.472e-04  |  4.989e+04  |    8.562e+04   
 47.1% | 000026240 |    0.0227691  |          | 6.416e+04| 5.982e+04|            |            |  1.983e-02 | 2.074e-03 |   3.691e-04  |  4.979e+04  |    8.491e+04   
 48.3% | 000026880 |    0.0239614  | 5.543e+04| 5.870e+04| 5.910e+04|  1.895e-02 |  7.328e-03 |  1.068e-03 | 1.911e-03 |   1.830e-04  |  4.530e+04  |    8.411e+04   
 49.4% | 000027520 |    0.0217950  |          | 6.300e+04| 5.933e+04|            |            |  1.916e-02 | 1.919e-03 |   2.690e-04  |  4.764e+04  |    8.344e+04   
 50.6% | 000028160 |    0.0230637  | 4.586e+04| 5.795e+04| 6.330e+04|  1.835e-02 |  6.029e-03 |  1.066e-03 | 1.609e-03 |   1.502e-04  |  4.302e+04  |    8.268e+04   
 51.7% | 000028800 |    0.0216594  |          | 6.743e+04| 6.065e+04|            |            |  1.917e-02 | 1.915e-03 |   9.012e-05  |  4.372e+04  |    8.200e+04   
 52.9% | 000029440 |    0.0232873  | 4.813e+04| 6.026e+04| 6.167e+04|  1.868e-02 |  7.211e-03 |  9.857e-04 | 1.747e-03 |   1.901e-05  |  3.878e+04  |    8.121e+04   
 54.0% | 000030080 |    0.0208344  |          | 6.339e+04| 5.966e+04|            |            |  1.862e-02 | 1.735e-03 |   1.848e-05  |  4.128e+04  |    8.056e+04   
 55.2% | 000030720 |    0.0226337  | 4.694e+04| 6.102e+04| 6.365e+04|  1.819e-02 |  5.992e-03 |  9.844e-04 | 1.584e-03 |   1.898e-05  |  3.614e+04  |    7.980e+04   
 56.3% | 000031360 |    0.0208847  |          | 6.260e+04| 5.947e+04|            |            |  1.862e-02 | 1.743e-03 |   1.938e-05  |  3.721e+04  |    7.913e+04   
 57.5% | 000032000 |    0.0229180  | 4.550e+04| 6.166e+04| 6.567e+04|  1.855e-02 |  7.149e-03 |  8.878e-04 | 1.592e-03 |   1.902e-05  |  3.217e+04  |    7.833e+04   
 58.6% | 000032640 |    0.0204302  |          | 5.975e+04| 5.836e+04|            |            |  1.831e-02 | 1.646e-03 |   1.844e-05  |  3.419e+04  |    7.768e+04   
 59.8% | 000033280 |    0.0222842  | 4.619e+04| 6.023e+04| 6.250e+04|  1.821e-02 |  6.055e-03 |  8.893e-04 | 1.367e-03 |   5.508e-05  |  2.965e+04  |    7.691e+04   
 60.9% | 000033920 |    0.0207494  |          | 6.119e+04| 5.642e+04|            |            |  1.855e-02 | 1.673e-03 |   1.899e-05  |  3.008e+04  |    7.623e+04   
 62.1% | 000034560 |    0.0225666  | 4.412e+04| 6.173e+04| 6.152e+04|  1.851e-02 |  7.167e-03 |  8.078e-04 | 1.389e-03 |   1.728e-05  |  2.607e+04  |    7.544e+04   
 63.2% | 000035200 |    0.0201871  |          | 6.116e+04| 5.608e+04|            |            |  1.825e-02 | 1.464e-03 |   1.866e-05  |  2.743e+04  |    7.478e+04   
 64.4% | 000035840 |    0.0221248  | 4.569e+04| 6.111e+04| 5.112e+04|  1.809e-02 |  5.910e-03 |  8.075e-04 | 1.338e-03 |   1.934e-05  |  2.351e+04  |    7.401e+04   
 65.5% | 000036480 |    0.0203720  |          | 5.853e+04| 4.585e+04|            |            |  1.830e-02 | 1.538e-03 |   1.853e-05  |  2.394e+04  |    7.334e+04   
 66.7% | 000037120 |    0.0223514  | 4.001e+04| 6.001e+04| 4.862e+04|  1.855e-02 |  7.112e-03 |  7.209e-04 | 1.317e-03 |   1.865e-05  |  2.041e+04  |    7.256e+04   
 67.8% | 000037760 |    0.0199873  |          | 5.995e+04| 4.633e+04|            |            |  1.808e-02 | 1.444e-03 |   1.832e-05  |  2.131e+04  |    7.190e+04   
 69.0% | 000038400 |    0.0212352  | 4.150e+04| 6.087e+04|          |  1.791e-02 |  5.830e-03 |  7.156e-04 | 9.959e-04 |   1.065e-04  |  1.867e+04  |    7.118e+04   
 70.1% | 000039040 |    0.0203449  |          | 5.980e+04|          |            |            |  1.857e-02 | 1.393e-03 |   4.944e-05  |  1.810e+04  |    7.050e+04   
 71.3% | 000039680 |    0.0216949  | 4.345e+04| 6.256e+04|          |  1.839e-02 |  7.054e-03 |  6.392e-04 | 1.058e-03 |   5.796e-05  |  1.572e+04  |    6.976e+04   
 72.4% | 000040320 |    0.0192904  |          | 6.184e+04|          |            |            |  1.795e-02 | 1.023e-03 |   5.577e-05  |  1.632e+04  |    6.913e+04   
 73.6% | 000040960 |    0.0207872  | 4.438e+04| 6.060e+04|          |  1.759e-02 |  5.901e-03 |  6.363e-04 | 9.124e-04 |   9.416e-05  |  1.393e+04  |    6.843e+04   
 74.7% | 000041600 |    0.0192682  |          | 5.631e+04|          |            |            |  1.781e-02 | 1.103e-03 |   4.781e-05  |  1.378e+04  |    6.780e+04   
 75.9% | 000042240 |    0.0210697  | 4.056e+04| 5.391e+04|          |  1.798e-02 |  6.713e-03 |  5.449e-04 | 9.911e-04 |   5.067e-05  |  1.150e+04  |    6.710e+04   
 77.0% | 000042880 |    0.0187992  |          | 5.409e+04|          |            |            |  1.761e-02 | 8.619e-04 |   5.202e-05  |  1.172e+04  |    6.649e+04   
 78.2% | 000043520 |    0.0204609  | 3.927e+04| 5.871e+04|          |  1.754e-02 |  5.808e-03 |  5.419e-04 | 7.472e-04 |   1.227e-04  |  9.745e+03  |    6.582e+04   
 79.3% | 000044160 |    0.0189192  |          | 5.522e+04|          |            |            |  1.761e-02 | 9.799e-04 |   4.516e-05  |  9.486e+03  |    6.521e+04   
 80.5% | 000044800 |    0.0206190  | 4.246e+04| 5.823e+04|          |  1.786e-02 |  6.709e-03 |  4.518e-04 | 7.666e-04 |   4.866e-05  |  7.789e+03  |    6.454e+04   
 81.6% | 000045440 |    0.0183608  |          | 5.625e+04|          |            |            |  1.726e-02 | 7.989e-04 |   4.055e-05  |  7.776e+03  |    6.395e+04   
 82.8% | 000046080 |    0.0199084  | 4.256e+04| 5.373e+04|          |  1.734e-02 |  5.701e-03 |  4.493e-04 | 5.775e-04 |   7.603e-05  |  6.329e+03  |    6.332e+04   
 83.9% | 000046720 |    0.0185355  |          | 5.422e+04|          |            |            |  1.734e-02 | 8.535e-04 |   3.578e-05  |  5.949e+03  |    6.274e+04   
 85.1% | 000047360 |    0.0202105  | 3.250e+04| 5.357e+04|          |  1.768e-02 |  6.587e-03 |  3.685e-04 | 6.438e-04 |   4.337e-05  |  4.730e+03  |    6.210e+04   
 86.2% | 000048000 |    0.0180455  |          | 5.404e+04|          |            |            |  1.716e-02 | 5.906e-04 |   3.740e-05  |  4.542e+03  |    6.154e+04   
 87.4% | 000048640 |    0.0195776  | 3.444e+04| 4.990e+04|          |  1.722e-02 |  5.652e-03 |  3.708e-04 | 4.651e-04 |   5.727e-05  |  3.544e+03  |    6.094e+04   
 88.5% | 000049280 |    0.0182407  |          | 4.217e+04|          |            |            |  1.724e-02 | 6.876e-04 |   3.181e-05  |  3.171e+03  |    6.039e+04   
 89.7% | 000049920 |    0.0198895  | 3.290e+04| 4.815e+04|          |  1.762e-02 |  6.505e-03 |  2.770e-04 | 5.332e-04 |   3.648e-05  |  2.381e+03  |    5.979e+04   
 90.8% | 000050560 |    0.0176992  |          | 4.539e+04|          |            |            |  1.693e-02 | 4.764e-04 |   3.087e-05  |  2.142e+03  |    5.926e+04   
 92.0% | 000051200 |    0.0193037  | 3.375e+04| 4.418e+04|          |  1.718e-02 |  5.653e-03 |  2.772e-04 | 3.425e-04 |   4.423e-05  |  1.530e+03  |    5.869e+04   
 93.1% | 000051840 |    0.0178550  |          | 3.813e+04|          |            |            |  1.702e-02 | 5.164e-04 |   2.681e-05  |  1.243e+03  |    5.817e+04   
 94.3% | 000052480 |    0.0194613  | 1.882e+04| 3.237e+04|          |  1.748e-02 |  6.596e-03 |  1.976e-04 | 3.559e-04 |   3.017e-05  |  8.171e+02  |    5.761e+04   
 95.4% | 000053120 |    0.0172336  |          | 3.294e+04|          |            |            |  1.663e-02 | 3.279e-04 |   2.691e-05  |  6.185e+02  |    5.713e+04   
 96.6% | 000053760 |    0.0187752  | 1.855e+04| 2.003e+04|          |  1.691e-02 |  5.703e-03 |  1.967e-04 | 2.341e-04 |   3.243e-05  |  3.443e+02  |    5.660e+04   
 97.7% | 000054400 |    0.0167191  |          | 0.000e+00|          |            |            |  1.605e-02 | 3.904e-04 |   2.697e-05  |  1.985e+02  |    5.614e+04   
 98.9% | 000055040 |    0.0180246  | 0.000e+00|          |          |  1.698e-02 |  1.658e-02 |  1.061e-04 | 0.000e+00 |   1.575e-05  |  6.784e+01  |    5.565e+04   
Final Score:    5.4945e+04 GFLOPS 
Residual value = 0.000121440525734 (0x3f1fd5bc5882541f)
Residual Check: PASSED 
