Node Binding: Process 0 [(p,q)=(0,0)] GPU: 0, CPU Cores: 40 - {0-78}
Local matrix size       = 2.92577 GiBs
Total device memory use = 3.41645 GiBs
--------------------------------------------------------------------------------------------------------------------------------------------------------------------
   %   | Column    | Step Time (s) ||         DGEMM GFLOPS         || pdfact (s) | pmxswp (s) | Lbcast (s) | laswp (s) | GPU Sync (s) | Step GFLOPS | Overall GFLOPS
       |           |               |  Small   |  First   | Second   |            |            |            |           |              |             |               
--------------------------------------------------------------------------------------------------------------------------------------------------------------------
  3.2% | 000000640 |    0.0236448  | 5.689e+04| 6.007e+04|          |  1.461e-02 |  3.843e-04 |  0.000e+00 | 0.000e+00 |   7.904e-03  |  2.046e+04  |    1.252e+04   
  6.5% | 000001280 |    0.0242127  | 4.195e+04| 5.783e+04|          |  1.512e-02 |  3.839e-04 |  0.000e+00 | 0.000e+00 |   7.555e-03  |  1.869e+04  |    1.489e+04   
  9.7% | 000001920 |    0.0238614  | 4.196e+04| 5.672e+04|          |  1.522e-02 |  3.840e-04 |  0.000e+00 | 0.000e+00 |   7.192e-03  |  1.769e+04  |    1.566e+04   
 13.0% | 000002560 |    0.0231188  | 3.794e+04| 5.873e+04|          |  1.515e-02 |  3.910e-04 |  0.000e+00 | 0.000e+00 |   6.432e-03  |  1.700e+04  |    1.594e+04   
 16.2% | 000003200 |    0.0225481  | 3.545e+04| 5.840e+04|          |  1.509e-02 |  3.838e-04 |  0.000e+00 | 0.000e+00 |   5.992e-03  |  1.618e+04  |    1.598e+04   
 19.4% | 000003840 |    0.0219278  | 3.334e+04| 5.921e+04|          |  1.499e-02 |  3.960e-04 |  0.000e+00 | 0.000e+00 |   5.445e-03  |  1.540e+04  |    1.589e+04   
 22.7% | 000004480 |    0.0211946  | 4.291e+04| 5.972e+04|          |  1.485e-02 |  3.841e-04 |  0.000e+00 | 0.000e+00 |   4.944e-03  |  1.470e+04  |    1.575e+04   
 25.9% | 000005120 |    0.0205416  | 4.058e+04| 6.058e+04|          |  1.468e-02 |  3.848e-04 |  0.000e+00 | 0.000e+00 |   4.360e-03  |  1.395e+04  |    1.556e+04   
 29.1% | 000005760 |    0.0199911  | 3.572e+04| 6.311e+04|          |  1.462e-02 |  3.841e-04 |  0.000e+00 | 0.000e+00 |   3.908e-03  |  1.313e+04  |    1.533e+04   
 32.4% | 000006400 |    0.0189453  | 4.240e+04| 6.421e+04|          |  1.410e-02 |  3.846e-04 |  0.000e+00 | 0.000e+00 |   3.451e-03  |  1.265e+04  |    1.512e+04   
 35.6% | 000007040 |    0.0183441  | 4.230e+04| 6.082e+04|          |  1.380e-02 |  3.844e-04 |  0.000e+00 | 0.000e+00 |   3.238e-03  |  1.187e+04  |    1.488e+04   
 38.9% | 000007680 |    0.0176227  | 4.331e+04| 6.207e+04|          |  1.354e-02 |  3.862e-04 |  0.000e+00 | 0.000e+00 |   2.838e-03  |  1.117e+04  |    1.464e+04   
 42.1% | 000008320 |    0.0169396  | 4.303e+04| 6.262e+04|          |  1.318e-02 |  3.887e-04 |  0.000e+00 | 0.000e+00 |   2.496e-03  |  1.045e+04  |    1.439e+04   
 45.3% | 000008960 |    0.0164911  | 4.443e+04| 6.123e+04|          |  1.307e-02 |  3.838e-04 |  0.000e+00 | 0.000e+00 |   2.113e-03  |  9.600e+03  |    1.413e+04   
 48.6% | 000009600 |    0.0161414  | 4.300e+04| 6.247e+04|          |  1.311e-02 |  3.843e-04 |  0.000e+00 | 0.000e+00 |   1.867e-03  |  8.712e+03  |    1.386e+04   
 51.8% | 000010240 |    0.0159942  | 4.103e+04| 6.039e+04|          |  1.317e-02 |  3.835e-04 |  0.000e+00 | 0.000e+00 |   1.640e-03  |  7.751e+03  |    1.357e+04   
 55.1% | 000010880 |    0.0156786  | 3.858e+04| 6.153e+04|          |  1.317e-02 |  3.914e-04 |  0.000e+00 | 0.000e+00 |   1.338e-03  |  6.912e+03  |    1.327e+04   
 58.3% | 000011520 |    0.0151590  | 4.002e+04| 5.815e+04|          |  1.282e-02 |  3.894e-04 |  0.000e+00 | 0.000e+00 |   1.162e-03  |  6.190e+03  |    1.298e+04   
 61.5% | 000012160 |    0.0147013  | 5.105e+04| 6.045e+04|          |  1.271e-02 |  3.851e-04 |  0.000e+00 | 0.000e+00 |   7.994e-04  |  5.464e+03  |    1.269e+04   
 64.8% | 000012800 |    0.0144434  | 5.136e+04| 5.848e+04|          |  1.264e-02 |  3.850e-04 |  0.000e+00 | 0.000e+00 |   7.172e-04  |  4.700e+03  |    1.240e+04   
 68.0% | 000013440 |    0.0143125  | 4.799e+04| 5.917e+04|          |  1.273e-02 |  3.841e-04 |  0.000e+00 | 0.000e+00 |   5.145e-04  |  3.946e+03  |    1.210e+04   
 71.3% | 000014080 |    0.0138515  | 4.631e+04| 5.863e+04|          |  1.247e-02 |  3.874e-04 |  0.000e+00 | 0.000e+00 |   2.182e-04  |  3.330e+03  |    1.182e+04   
 74.5% | 000014720 |    0.0135916  | 4.159e+04| 5.589e+04|          |  1.237e-02 |  3.842e-04 |  0.000e+00 | 0.000e+00 |   1.644e-04  |  2.709e+03  |    1.153e+04   
 77.7% | 000015360 |    0.0132417  | 3.776e+04| 5.531e+04|          |  1.217e-02 |  3.839e-04 |  0.000e+00 | 0.000e+00 |   2.217e-05  |  2.157e+03  |    1.126e+04   
 81.0% | 000016000 |    0.0130385  | 3.954e+04| 5.500e+04|          |  1.190e-02 |  3.860e-04 |  0.000e+00 | 0.000e+00 |   1.734e-05  |  1.637e+03  |    1.099e+04   
 84.2% | 000016640 |    0.0130215  | 4.110e+04| 5.183e+04|          |  1.191e-02 |  3.831e-04 |  0.000e+00 | 0.000e+00 |   1.737e-05  |  1.166e+03  |    1.072e+04   
 87.4% | 000017280 |    0.0128410  | 4.117e+04| 4.970e+04|          |  1.183e-02 |  3.848e-04 |  0.000e+00 | 0.000e+00 |   1.802e-05  |  7.848e+02  |    1.046e+04   
 90.7% | 000017920 |    0.0130185  | 2.222e+04| 3.216e+04|          |  1.189e-02 |  3.848e-04 |  0.000e+00 | 0.000e+00 |   1.712e-05  |  4.620e+02  |    1.020e+04   
 93.9% | 000018560 |    0.0130724  | 2.193e+04| 3.242e+04|          |  1.197e-02 |  3.848e-04 |  0.000e+00 | 0.000e+00 |   1.845e-05  |  2.295e+02  |    9.950e+03   
 97.2% | 000019200 |    0.0110950  | 8.956e+03|          |          |  1.051e-02 |  3.362e-04 |  0.000e+00 | 0.000e+00 |   1.791e-05  |  7.382e+01  |    9.743e+03   
Final Score:    9.5853e+03 GFLOPS 
Residual value = 0.000184433403253 (0x3f282c8ededaa588)
Residual Check: PASSED 
