Node Binding: Process 0 [(p,q)=(0,0)] GPU: 0, CPU Cores: 10 - {0-18}
Node Binding: Process 6 [(p,q)=(2,1)] GPU: 6, CPU Cores: 10 - {41-59}
Node Binding: Process 5 [(p,q)=(1,1)] GPU: 5, CPU Cores: 10 - {21-39}
Node Binding: Process 3 [(p,q)=(3,0)] GPU: 3, CPU Cores: 10 - {60-78}
Node Binding: Process 4 [(p,q)=(0,1)] GPU: 4, CPU Cores: 10 - {1-19}
Node Binding: Process 7 [(p,q)=(3,1)] GPU: 7, CPU Cores: 10 - {61-79}
Node Binding: Process 2 [(p,q)=(2,0)] GPU: 2, CPU Cores: 10 - {40-58}
Node Binding: Process 1 [(p,q)=(1,0)] GPU: 1, CPU Cores: 10 - {20-38}
Local matrix size       = 46.2245 GiBs
Total device memory use = 48.3673 GiBs
--------------------------------------------------------------------------------------------------------------------------------------------------------------------
   %   | Column    | Step Time (s) ||         DGEMM GFLOPS         || pdfact (s) | pmxswp (s) | Lbcast (s) | laswp (s) | GPU Sync (s) | Step GFLOPS | Overall GFLOPS
       |           |               |  Small   |  First   | Second   |            |            |            |           |              |             |               
--------------------------------------------------------------------------------------------------------------------------------------------------------------------
  0.3% | 000000640 |    0.1497718  |          | 6.171e+04| 6.063e+04|            |            |  3.678e-02 | 2.394e-02 |   8.812e-02  |  4.227e+05  |    3.398e+05   
  0.6% | 000001280 |    0.1611137  | 5.785e+04| 5.890e+04| 5.930e+04|  2.380e-02 |  6.491e-03 |  8.407e-03 | 2.448e-02 |   1.011e-01  |  3.907e+05  |    3.634e+05   
  0.9% | 000001920 |    0.1356676  |          | 6.081e+04| 5.932e+04|            |            |  1.208e-02 | 2.382e-02 |   9.930e-02  |  4.613e+05  |    3.909e+05   
  1.1% | 000002560 |    0.1602890  | 5.647e+04| 5.966e+04| 5.957e+04|  2.449e-02 |  5.876e-03 |  8.428e-03 | 1.459e-02 |   1.101e-01  |  3.882e+05  |    3.902e+05   
  1.4% | 000003200 |    0.1329631  |          | 6.018e+04| 5.930e+04|            |            |  8.660e-03 | 1.415e-02 |   1.097e-01  |  4.653e+05  |    4.030e+05   
  1.7% | 000003840 |    0.1571395  | 5.922e+04| 5.902e+04| 5.923e+04|  2.347e-02 |  6.375e-03 |  8.300e-03 | 1.433e-02 |   1.083e-01  |  3.914e+05  |    4.011e+05   
  2.0% | 000004480 |    0.1312516  |          | 6.046e+04| 5.934e+04|            |            |  8.386e-03 | 1.506e-02 |   1.073e-01  |  4.658e+05  |    4.090e+05   
  2.3% | 000005120 |    0.1560073  | 6.164e+04| 6.000e+04| 5.970e+04|  2.386e-02 |  5.327e-03 |  8.334e-03 | 1.423e-02 |   1.069e-01  |  3.896e+05  |    4.066e+05   
  2.6% | 000005760 |    0.1297042  |          | 6.033e+04| 5.937e+04|            |            |  8.210e-03 | 1.400e-02 |   1.070e-01  |  4.659e+05  |    4.123e+05   
  2.9% | 000006400 |    0.1542006  | 5.763e+04| 5.913e+04| 5.920e+04|  2.340e-02 |  6.171e-03 |  8.182e-03 | 1.407e-02 |   1.059e-01  |  3.896e+05  |    4.099e+05   
  3.2% | 000007040 |    0.1287487  |          | 6.022e+04| 5.910e+04|            |            |  8.150e-03 | 1.369e-02 |   1.064e-01  |  4.638e+05  |    4.142e+05   
  3.4% | 000007680 |    0.1531132  | 6.510e+04| 5.970e+04| 5.989e+04|  2.405e-02 |  5.366e-03 |  8.270e-03 | 1.372e-02 |   1.045e-01  |  3.877e+05  |    4.119e+05   
  3.7% | 000008320 |    0.1261750  |          | 6.076e+04| 5.957e+04|            |            |  8.677e-03 | 1.383e-02 |   1.031e-01  |  4.677e+05  |    4.156e+05   
  4.0% | 000008960 |    0.1512915  | 5.884e+04| 5.899e+04| 5.923e+04|  2.347e-02 |  6.033e-03 |  8.091e-03 | 1.381e-02 |   1.032e-01  |  3.877e+05  |    4.135e+05   
  4.3% | 000009600 |    0.1259719  |          | 6.061e+04| 5.893e+04|            |            |  8.306e-03 | 1.417e-02 |   1.030e-01  |  4.629e+05  |    4.164e+05   
  4.6% | 000010240 |    0.1509900  | 6.420e+04| 6.045e+04| 5.938e+04|  2.433e-02 |  5.343e-03 |  8.151e-03 | 1.453e-02 |   1.013e-01  |  3.839e+05  |    4.143e+05   
  4.9% | 000010880 |    0.1240837  |          | 6.025e+04| 5.927e+04|            |            |  8.993e-03 | 1.400e-02 |   1.006e-01  |  4.643e+05  |    4.168e+05   
  5.2% | 000011520 |    0.1487256  | 5.801e+04| 5.912e+04| 5.908e+04|  2.370e-02 |  6.395e-03 |  8.017e-03 | 1.344e-02 |   1.008e-01  |  3.851e+05  |    4.150e+05   
  5.5% | 000012160 |    0.1235729  |          | 6.022e+04| 5.867e+04|            |            |  8.404e-03 | 1.395e-02 |   1.008e-01  |  4.606e+05  |    4.170e+05   
  5.7% | 000012800 |    0.1486677  | 6.092e+04| 6.026e+04| 5.899e+04|  2.422e-02 |  5.253e-03 |  8.029e-03 | 1.405e-02 |   9.963e-02  |  3.806e+05  |    4.152e+05   
  6.0% | 000013440 |    0.1214875  |          | 6.048e+04| 5.897e+04|            |            |  8.125e-03 | 1.370e-02 |   9.916e-02  |  4.629e+05  |    4.171e+05   
  6.3% | 000014080 |    0.1455864  | 6.409e+04| 5.999e+04| 5.896e+04|  2.373e-02 |  6.390e-03 |  7.939e-03 | 1.333e-02 |   9.789e-02  |  3.839e+05  |    4.155e+05   
  6.6% | 000014720 |    0.1202873  |          | 6.025e+04| 5.904e+04|            |            |  7.836e-03 | 1.313e-02 |   9.882e-02  |  4.618e+05  |    4.172e+05   
  6.9% | 000015360 |    0.1458439  | 6.372e+04| 5.937e+04| 5.915e+04|  2.420e-02 |  5.432e-03 |  7.948e-03 | 1.275e-02 |   9.828e-02  |  3.785e+05  |    4.156e+05   
  7.2% | 000016000 |    0.1191200  |          | 6.015e+04| 5.869e+04|            |            |  8.029e-03 | 1.344e-02 |   9.711e-02  |  4.606e+05  |    4.171e+05   
  7.5% | 000016640 |    0.1430071  | 5.815e+04| 5.890e+04| 5.892e+04|  2.356e-02 |  6.471e-03 |  7.791e-03 | 1.312e-02 |   9.589e-02  |  3.813e+05  |    4.157e+05   
  7.8% | 000017280 |    0.1175928  |          | 6.016e+04| 5.871e+04|            |            |  7.753e-03 | 1.368e-02 |   9.568e-02  |  4.608e+05  |    4.171e+05   
  8.0% | 000017920 |    0.1431785  | 6.205e+04| 5.875e+04| 5.908e+04|  2.382e-02 |  5.353e-03 |  7.794e-03 | 1.289e-02 |   9.599e-02  |  3.761e+05  |    4.156e+05   
  8.3% | 000018560 |    0.1164755  |          | 5.896e+04| 5.900e+04|            |            |  7.926e-03 | 1.316e-02 |   9.485e-02  |  4.595e+05  |    4.169e+05   
  8.6% | 000019200 |    0.1406287  | 5.779e+04| 5.822e+04| 5.894e+04|  2.344e-02 |  6.191e-03 |  7.711e-03 | 1.348e-02 |   9.333e-02  |  3.782e+05  |    4.156e+05   
  8.9% | 000019840 |    0.1153830  |          | 5.923e+04| 5.885e+04|            |            |  7.743e-03 | 1.335e-02 |   9.381e-02  |  4.581e+05  |    4.167e+05   
  9.2% | 000020480 |    0.1408808  | 6.319e+04| 5.846e+04| 5.891e+04|  2.412e-02 |  5.339e-03 |  7.702e-03 | 1.334e-02 |   9.305e-02  |  3.728e+05  |    4.153e+05   
  9.5% | 000021120 |    0.1134990  |          | 5.983e+04| 5.868e+04|            |            |  7.950e-03 | 1.295e-02 |   9.210e-02  |  4.598e+05  |    4.164e+05   
  9.8% | 000021760 |    0.1381038  | 6.330e+04| 5.846e+04| 5.870e+04|  2.371e-02 |  6.471e-03 |  7.671e-03 | 1.316e-02 |   9.091e-02  |  3.755e+05  |    4.152e+05   
 10.1% | 000022400 |    0.1129735  |          | 5.932e+04| 5.849e+04|            |            |  8.847e-03 | 1.318e-02 |   9.043e-02  |  4.561e+05  |    4.162e+05   
 10.3% | 000023040 |    0.1383136  | 6.240e+04| 5.798e+04| 5.896e+04|  2.419e-02 |  5.374e-03 |  7.665e-03 | 1.280e-02 |   9.099e-02  |  3.702e+05  |    4.149e+05   
 10.6% | 000023680 |    0.1109295  |          | 5.945e+04| 5.867e+04|            |            |  7.879e-03 | 1.364e-02 |   8.886e-02  |  4.586e+05  |    4.159e+05   
 10.9% | 000024320 |    0.1353549  | 6.218e+04| 5.880e+04| 5.893e+04|  2.427e-02 |  6.216e-03 |  7.512e-03 | 1.296e-02 |   8.800e-02  |  3.734e+05  |    4.147e+05   
 11.2% | 000024960 |    0.1096245  |          | 5.979e+04| 5.857e+04|            |            |  9.346e-03 | 1.433e-02 |   8.548e-02  |  4.581e+05  |    4.156e+05   
 11.5% | 000025600 |    0.1371053  | 6.227e+04| 5.824e+04| 5.888e+04|  2.566e-02 |  5.435e-03 |  7.498e-03 | 1.245e-02 |   8.879e-02  |  3.639e+05  |    4.143e+05   
 11.8% | 000026240 |    0.1084013  |          | 5.903e+04| 5.879e+04|            |            |  9.741e-03 | 1.290e-02 |   8.528e-02  |  4.573e+05  |    4.152e+05   
 12.1% | 000026880 |    0.1339793  | 5.753e+04| 5.807e+04| 5.868e+04|  2.475e-02 |  7.436e-03 |  7.434e-03 | 1.269e-02 |   8.644e-02  |  3.676e+05  |    4.141e+05   
 12.4% | 000027520 |    0.1073683  |          | 5.908e+04| 5.857e+04|            |            |  9.345e-03 | 1.270e-02 |   8.486e-02  |  4.557e+05  |    4.148e+05   
 12.6% | 000028160 |    0.1334251  | 5.821e+04| 5.797e+04| 5.871e+04|  2.438e-02 |  5.241e-03 |  7.450e-03 | 1.221e-02 |   8.671e-02  |  3.643e+05  |    4.137e+05   
 12.9% | 000028800 |    0.1049387  |          | 6.017e+04| 5.879e+04|            |            |  7.968e-03 | 1.277e-02 |   8.370e-02  |  4.602e+05  |    4.145e+05   
 13.2% | 000029440 |    0.1303561  | 6.068e+04| 5.826e+04| 5.848e+04|  2.392e-02 |  6.777e-03 |  7.293e-03 | 1.239e-02 |   8.416e-02  |  3.680e+05  |    4.135e+05   
 13.5% | 000030080 |    0.1048095  |          | 5.909e+04| 5.844e+04|            |            |  8.974e-03 | 1.241e-02 |   8.295e-02  |  4.547e+05  |    4.142e+05   
 13.8% | 000030720 |    0.1305028  | 6.103e+04| 5.872e+04| 5.829e+04|  2.422e-02 |  5.268e-03 |  7.280e-03 | 1.232e-02 |   8.399e-02  |  3.628e+05  |    4.132e+05   
 14.1% | 000031360 |    0.1010884  |          | 6.206e+04| 5.880e+04|            |            |  8.781e-03 | 1.266e-02 |   7.908e-02  |  4.652e+05  |    4.140e+05   
 14.4% | 000032000 |    0.1247351  | 6.061e+04| 6.303e+04| 5.862e+04|  2.380e-02 |  6.674e-03 |  7.120e-03 | 1.536e-02 |   7.580e-02  |  3.745e+05  |    4.132e+05   
 14.7% | 000032640 |    0.1015604  |          | 6.294e+04| 5.863e+04|            |            |  1.282e-02 | 1.777e-02 |   7.024e-02  |  4.569e+05  |    4.139e+05   
 14.9% | 000033280 |    0.1256386  | 5.531e+04| 6.183e+04| 5.898e+04|  2.484e-02 |  5.906e-03 |  7.243e-03 | 1.249e-02 |   7.850e-02  |  3.669e+05  |    4.130e+05   
 15.2% | 000033920 |    0.0977036  |          | 6.321e+04| 5.899e+04|            |            |  1.211e-02 | 1.236e-02 |   7.253e-02  |  4.686e+05  |    4.138e+05   
 15.5% | 000034560 |    0.1233256  | 5.869e+04| 6.069e+04| 5.855e+04|  2.375e-02 |  6.669e-03 |  7.116e-03 | 1.195e-02 |   7.787e-02  |  3.687e+05  |    4.130e+05   
 15.8% | 000035200 |    0.0974757  |          | 6.257e+04| 5.847e+04|            |            |  1.043e-02 | 1.212e-02 |   7.425e-02  |  4.633e+05  |    4.137e+05   
 16.1% | 000035840 |    0.1230613  | 5.912e+04| 6.134e+04| 5.871e+04|  2.414e-02 |  5.224e-03 |  7.106e-03 | 1.189e-02 |   7.726e-02  |  3.645e+05  |    4.129e+05   
 16.4% | 000036480 |    0.0975625  |          | 5.899e+04| 5.880e+04|            |            |  1.101e-02 | 1.196e-02 |   7.381e-02  |  4.566e+05  |    4.134e+05   
 16.7% | 000037120 |    0.1213223  | 6.290e+04| 5.873e+04| 5.873e+04|  2.351e-02 |  6.629e-03 |  7.037e-03 | 1.192e-02 |   7.624e-02  |  3.647e+05  |    4.126e+05   
 17.0% | 000037760 |    0.0971694  |          | 5.848e+04| 5.840e+04|            |            |  1.014e-02 | 1.200e-02 |   7.430e-02  |  4.522e+05  |    4.132e+05   
 17.2% | 000038400 |    0.1221970  | 6.221e+04| 5.771e+04| 5.880e+04|  2.392e-02 |  5.237e-03 |  7.018e-03 | 1.180e-02 |   7.685e-02  |  3.571e+05  |    4.123e+05   
 17.5% | 000039040 |    0.0955261  |          | 5.898e+04| 5.832e+04|            |            |  9.188e-03 | 1.202e-02 |   7.361e-02  |  4.537e+05  |    4.128e+05   
 17.8% | 000039680 |    0.1192203  | 5.975e+04| 5.770e+04| 5.880e+04|  2.331e-02 |  6.545e-03 |  6.991e-03 | 1.166e-02 |   7.461e-02  |  3.610e+05  |    4.120e+05   
 18.1% | 000040320 |    0.0944174  |          | 5.894e+04| 5.834e+04|            |            |  9.522e-03 | 1.176e-02 |   7.244e-02  |  4.526e+05  |    4.125e+05   
 18.4% | 000040960 |    0.1195788  | 6.123e+04| 5.777e+04| 5.878e+04|  2.390e-02 |  5.225e-03 |  6.951e-03 | 1.158e-02 |   7.457e-02  |  3.549e+05  |    4.116e+05   
 18.7% | 000041600 |    0.0929622  |          | 5.885e+04| 5.852e+04|            |            |  9.338e-03 | 1.179e-02 |   7.109e-02  |  4.533e+05  |    4.121e+05   
 19.0% | 000042240 |    0.1168381  | 6.029e+04| 5.761e+04| 5.874e+04|  2.333e-02 |  6.357e-03 |  6.818e-03 | 1.178e-02 |   7.229e-02  |  3.581e+05  |    4.113e+05   
 19.3% | 000042880 |    0.0920294  |          | 5.893e+04| 5.827e+04|            |            |  9.695e-03 | 1.207e-02 |   6.956e-02  |  4.514e+05  |    4.118e+05   
 19.5% | 000043520 |    0.1169546  | 6.082e+04| 5.781e+04| 5.877e+04|  2.386e-02 |  5.140e-03 |  6.795e-03 | 1.236e-02 |   7.131e-02  |  3.527e+05  |    4.110e+05   
 19.8% | 000044160 |    0.0900025  |          | 5.910e+04| 5.860e+04|            |            |  1.057e-02 | 1.195e-02 |   6.673e-02  |  4.551e+05  |    4.114e+05   
 20.1% | 000044800 |    0.1141649  | 5.956e+04| 5.803e+04| 5.850e+04|  2.326e-02 |  6.444e-03 |  6.782e-03 | 1.175e-02 |   6.978e-02  |  3.562e+05  |    4.107e+05   
 20.4% | 000045440 |    0.0886211  |          | 5.998e+04| 5.845e+04|            |            |  1.009e-02 | 1.177e-02 |   6.603e-02  |  4.556e+05  |    4.112e+05   
 20.7% | 000046080 |    0.1139003  | 5.879e+04| 5.848e+04| 5.886e+04|  2.384e-02 |  5.145e-03 |  6.780e-03 | 1.138e-02 |   6.922e-02  |  3.519e+05  |    4.104e+05   
 21.0% | 000046720 |    0.0868184  |          | 5.996e+04| 5.894e+04|            |            |  1.113e-02 | 1.167e-02 |   6.328e-02  |  4.584e+05  |    4.109e+05   
 21.3% | 000047360 |    0.1115744  | 5.957e+04| 5.783e+04| 5.869e+04|  2.324e-02 |  6.449e-03 |  6.586e-03 | 1.150e-02 |   6.762e-02  |  3.541e+05  |    4.102e+05   
 21.6% | 000048000 |    0.0862993  |          | 5.987e+04| 5.831e+04|            |            |  1.197e-02 | 1.187e-02 |   6.178e-02  |  4.544e+05  |    4.106e+05   
 21.8% | 000048640 |    0.1119232  | 5.696e+04| 5.785e+04| 5.871e+04|  2.391e-02 |  5.335e-03 |  6.607e-03 | 1.187e-02 |   6.685e-02  |  3.478e+05  |    4.098e+05   
 22.1% | 000049280 |    0.0850972  |          | 5.855e+04| 5.891e+04|            |            |  1.281e-02 | 1.165e-02 |   5.988e-02  |  4.541e+05  |    4.102e+05   
 22.4% | 000049920 |    0.1087021  | 6.215e+04| 5.770e+04| 5.899e+04|  2.318e-02 |  6.445e-03 |  6.506e-03 | 1.126e-02 |   6.516e-02  |  3.529e+05  |    4.096e+05   
 22.7% | 000050560 |    0.0839458  |          | 5.936e+04| 5.845e+04|            |            |  1.332e-02 | 1.219e-02 |   5.772e-02  |  4.536e+05  |    4.100e+05   
 23.0% | 000051200 |    0.1095203  | 6.064e+04| 5.771e+04| 5.871e+04|  2.384e-02 |  5.308e-03 |  6.506e-03 | 1.149e-02 |   6.508e-02  |  3.451e+05  |    4.092e+05   
 23.3% | 000051840 |    0.0826503  |          | 5.916e+04| 5.865e+04|            |            |  1.321e-02 | 1.159e-02 |   5.715e-02  |  4.539e+05  |    4.096e+05   
 23.6% | 000052480 |    0.1065985  | 6.157e+04| 5.766e+04| 5.874e+04|  2.306e-02 |  6.423e-03 |  6.388e-03 | 1.129e-02 |   6.329e-02  |  3.493e+05  |    4.090e+05   
 23.9% | 000053120 |    0.0820034  |          | 5.897e+04| 5.833e+04|            |            |  1.340e-02 | 1.109e-02 |   5.678e-02  |  4.507e+05  |    4.093e+05   
 24.1% | 000053760 |    0.1073855  | 6.107e+04| 5.712e+04| 5.857e+04|  2.365e-02 |  5.240e-03 |  6.357e-03 | 1.091e-02 |   6.389e-02  |  3.416e+05  |    4.086e+05   
 24.4% | 000054400 |    0.0804367  |          | 5.895e+04| 5.864e+04|            |            |  1.296e-02 | 1.122e-02 |   5.552e-02  |  4.526e+05  |    4.089e+05   
 24.7% | 000055040 |    0.1040338  | 6.133e+04| 5.773e+04| 5.879e+04|  2.306e-02 |  6.420e-03 |  6.258e-03 | 1.090e-02 |   6.125e-02  |  3.473e+05  |    4.083e+05   
 25.0% | 000055680 |    0.0790654  |          | 5.947e+04| 5.862e+04|            |            |  1.320e-02 | 1.127e-02 |   5.389e-02  |  4.534e+05  |    4.087e+05   
 25.3% | 000056320 |    0.1044136  | 5.966e+04| 5.738e+04| 5.922e+04|  2.371e-02 |  5.238e-03 |  6.276e-03 | 1.072e-02 |   6.111e-02  |  3.407e+05  |    4.080e+05   
 25.6% | 000056960 |    0.0777467  |          | 5.898e+04| 5.909e+04|            |            |  1.383e-02 | 1.083e-02 |   5.238e-02  |  4.541e+05  |    4.083e+05   
 25.9% | 000057600 |    0.1015193  | 5.996e+04| 5.746e+04| 5.896e+04|  2.288e-02 |  6.333e-03 |  6.166e-03 | 1.076e-02 |   5.918e-02  |  3.451e+05  |    4.077e+05   
 26.1% | 000058240 |    0.0767523  |          | 5.919e+04| 5.875e+04|            |            |  1.464e-02 | 1.087e-02 |   5.056e-02  |  4.529e+05  |    4.080e+05   
 26.4% | 000058880 |    0.1019380  | 5.990e+04| 5.713e+04| 5.888e+04|  2.347e-02 |  5.174e-03 |  6.233e-03 | 1.085e-02 |   5.884e-02  |  3.384e+05  |    4.074e+05   
 26.7% | 000059520 |    0.0746434  |          | 5.966e+04| 5.929e+04|            |            |  1.419e-02 | 1.064e-02 |   4.905e-02  |  4.585e+05  |    4.077e+05   
 27.0% | 000060160 |    0.0982874  | 5.874e+04| 5.811e+04| 5.937e+04|  2.286e-02 |  6.353e-03 |  6.078e-03 | 1.162e-02 |   5.521e-02  |  3.455e+05  |    4.072e+05   
 27.3% | 000060800 |    0.0731608  |          | 5.977e+04| 6.003e+04|            |            |  1.488e-02 | 1.065e-02 |   4.691e-02  |  4.605e+05  |    4.075e+05   
 27.6% | 000061440 |    0.0989858  | 5.818e+04| 5.805e+04| 5.960e+04|  2.367e-02 |  5.206e-03 |  6.091e-03 | 1.043e-02 |   5.617e-02  |  3.377e+05  |    4.069e+05   
 27.9% | 000062080 |    0.0725713  |          | 5.959e+04| 5.928e+04|            |            |  1.545e-02 | 1.064e-02 |   4.579e-02  |  4.570e+05  |    4.072e+05   
 28.2% | 000062720 |    0.0957953  | 5.773e+04| 5.867e+04| 5.964e+04|  2.290e-02 |  6.544e-03 |  5.923e-03 | 1.076e-02 |   5.361e-02  |  3.434e+05  |    4.067e+05   
 28.4% | 000063360 |    0.0709142  |          | 5.994e+04| 5.993e+04|            |            |  1.572e-02 | 1.050e-02 |   4.399e-02  |  4.602e+05  |    4.070e+05   
 28.7% | 000064000 |    0.0957047  | 5.699e+04| 5.843e+04| 6.049e+04|  2.344e-02 |  5.234e-03 |  6.018e-03 | 9.954e-03 |   5.370e-02  |  3.383e+05  |    4.065e+05   
 29.0% | 000064640 |    0.0701267  |          | 5.956e+04| 5.968e+04|            |            |  1.707e-02 | 1.020e-02 |   4.211e-02  |  4.580e+05  |    4.068e+05   
 29.3% | 000065280 |    0.0927425  | 5.658e+04| 5.876e+04| 6.041e+04|  2.262e-02 |  6.331e-03 |  5.861e-03 | 1.020e-02 |   5.147e-02  |  3.435e+05  |    4.063e+05   
 29.6% | 000065920 |    0.0692529  |          | 6.015e+04| 5.920e+04|            |            |  1.833e-02 | 1.160e-02 |   3.859e-02  |  4.563e+05  |    4.066e+05   
 29.9% | 000066560 |    0.0939467  | 5.634e+04| 5.861e+04| 5.953e+04|  2.346e-02 |  5.413e-03 |  5.919e-03 | 1.045e-02 |   5.154e-02  |  3.336e+05  |    4.060e+05   
 30.2% | 000067200 |    0.0676534  |          | 5.974e+04| 5.963e+04|            |            |  1.940e-02 | 1.008e-02 |   3.740e-02  |  4.595e+05  |    4.063e+05   
 30.5% | 000067840 |    0.0910652  | 6.136e+04| 5.807e+04| 5.965e+04|  2.244e-02 |  6.319e-03 |  5.843e-03 | 1.004e-02 |   5.020e-02  |  3.386e+05  |    4.058e+05   
 30.7% | 000068480 |    0.0668383  |          | 5.996e+04| 5.937e+04|            |            |  2.082e-02 | 1.039e-02 |   3.492e-02  |  4.575e+05  |    4.061e+05   
 31.0% | 000069120 |    0.0912966  | 6.347e+04| 5.809e+04| 6.013e+04|  2.305e-02 |  5.112e-03 |  5.767e-03 | 9.928e-03 |   5.004e-02  |  3.322e+05  |    4.055e+05   
 31.3% | 000069760 |    0.0649357  |          | 6.028e+04| 6.036e+04|            |            |  2.155e-02 | 9.788e-03 |   3.289e-02  |  4.631e+05  |    4.058e+05   
 31.6% | 000070400 |    0.0883903  | 6.339e+04| 5.843e+04| 5.997e+04|  2.233e-02 |  6.404e-03 |  5.677e-03 | 1.039e-02 |   4.741e-02  |  3.374e+05  |    4.053e+05   
 31.9% | 000071040 |    0.0658347  |          | 6.060e+04| 5.906e+04|            |            |  2.302e-02 | 1.053e-02 |   3.158e-02  |  4.492e+05  |    4.055e+05   
 32.2% | 000071680 |    0.0888466  | 6.243e+04| 5.869e+04| 5.978e+04|  2.286e-02 |  5.183e-03 |  5.719e-03 | 9.921e-03 |   4.779e-02  |  3.301e+05  |    4.050e+05   
 32.5% | 000072320 |    0.0635243  |          | 6.005e+04| 6.003e+04|            |            |  2.259e-02 | 9.645e-03 |   3.053e-02  |  4.577e+05  |    4.053e+05   
 32.8% | 000072960 |    0.0865788  | 6.069e+04| 5.827e+04| 6.002e+04|  2.243e-02 |  6.508e-03 |  5.599e-03 | 9.890e-03 |   4.606e-02  |  3.330e+05  |    4.048e+05   
 33.0% | 000073600 |    0.0631681  |          | 5.996e+04| 5.966e+04|            |            |  2.284e-02 | 9.727e-03 |   2.988e-02  |  4.525e+05  |    4.050e+05   
 33.3% | 000074240 |    0.0868778  | 6.093e+04| 5.817e+04| 6.034e+04|  2.300e-02 |  5.346e-03 |  5.597e-03 | 9.605e-03 |   4.617e-02  |  3.262e+05  |    4.045e+05   
 33.6% | 000074880 |    0.0614328  |          | 6.023e+04| 6.073e+04|            |            |  2.183e-02 | 1.059e-02 |   2.823e-02  |  4.574e+05  |    4.047e+05   
 33.9% | 000075520 |    0.0850292  | 6.261e+04| 5.825e+04| 5.937e+04|  2.266e-02 |  6.963e-03 |  5.441e-03 | 9.986e-03 |   4.449e-02  |  3.276e+05  |    4.042e+05   
 34.2% | 000076160 |    0.0604330  |          | 5.988e+04| 5.986e+04|            |            |  2.178e-02 | 9.893e-03 |   2.807e-02  |  4.569e+05  |    4.045e+05   
 34.5% | 000076800 |    0.0844862  | 6.129e+04| 5.844e+04| 6.054e+04|  2.289e-02 |  5.330e-03 |  5.485e-03 | 9.563e-03 |   4.403e-02  |  3.240e+05  |    4.040e+05   
 34.8% | 000077440 |    0.0603154  |          | 6.036e+04| 5.892e+04|            |            |  2.220e-02 | 9.704e-03 |   2.770e-02  |  4.499e+05  |    4.042e+05   
 35.1% | 000078080 |    0.0820189  | 5.819e+04| 5.852e+04| 6.042e+04|  2.217e-02 |  6.481e-03 |  5.375e-03 | 9.814e-03 |   4.207e-02  |  3.279e+05  |    4.037e+05   
 35.3% | 000078720 |    0.0599015  |          | 6.087e+04| 5.897e+04|            |            |  2.292e-02 | 9.081e-03 |   2.719e-02  |  4.451e+05  |    4.039e+05   
 35.6% | 000079360 |    0.0828717  | 5.947e+04| 5.875e+04| 5.912e+04|  2.267e-02 |  5.121e-03 |  5.383e-03 | 9.354e-03 |   4.286e-02  |  3.189e+05  |    4.034e+05   
 35.9% | 000080000 |    0.0584960  |          | 6.035e+04| 5.858e+04|            |            |  2.190e-02 | 9.293e-03 |   2.653e-02  |  4.477e+05  |    4.035e+05   
 36.2% | 000080640 |    0.0808695  | 5.803e+04| 5.818e+04| 5.901e+04|  2.220e-02 |  6.407e-03 |  5.245e-03 | 9.641e-03 |   4.121e-02  |  3.210e+05  |    4.030e+05   
 36.5% | 000081280 |    0.0566542  |          | 6.039e+04| 5.924e+04|            |            |  2.081e-02 | 1.049e-02 |   2.462e-02  |  4.540e+05  |    4.033e+05   
 36.8% | 000081920 |    0.0813989  | 5.923e+04| 5.797e+04| 5.903e+04|  2.289e-02 |  5.442e-03 |  5.340e-03 | 9.509e-03 |   4.110e-02  |  3.132e+05  |    4.027e+05   
 37.1% | 000082560 |    0.0559688  |          | 6.080e+04| 5.927e+04|            |            |  2.136e-02 | 9.364e-03 |   2.453e-02  |  4.513e+05  |    4.029e+05   
 37.4% | 000083200 |    0.0792956  | 5.714e+04| 5.797e+04| 5.900e+04|  2.247e-02 |  6.652e-03 |  5.202e-03 | 9.463e-03 |   3.961e-02  |  3.157e+05  |    4.024e+05   
 37.6% | 000083840 |    0.0544762  |          | 6.064e+04| 5.912e+04|            |            |  2.015e-02 | 9.452e-03 |   2.414e-02  |  4.553e+05  |    4.026e+05   
 37.9% | 000084480 |    0.0791610  | 5.504e+04| 5.812e+04| 5.965e+04|  2.291e-02 |  5.131e-03 |  5.222e-03 | 9.206e-03 |   3.923e-02  |  3.104e+05  |    4.021e+05   
 38.2% | 000085120 |    0.0534952  |          | 6.021e+04| 5.911e+04|            |            |  2.037e-02 | 9.285e-03 |   2.313e-02  |  4.551e+05  |    4.023e+05   
 38.5% | 000085760 |    0.0765247  | 5.959e+04| 5.831e+04| 5.918e+04|  2.211e-02 |  6.577e-03 |  5.141e-03 | 9.648e-03 |   3.713e-02  |  3.152e+05  |    4.018e+05   
 38.8% | 000086400 |    0.0534299  |          | 6.018e+04| 5.872e+04|            |            |  2.066e-02 | 9.844e-03 |   2.223e-02  |  4.473e+05  |    4.020e+05   
 39.1% | 000087040 |    0.0777138  | 5.848e+04| 5.773e+04| 5.847e+04|  2.273e-02 |  5.463e-03 |  5.093e-03 | 9.033e-03 |   3.834e-02  |  3.046e+05  |    4.015e+05   
 39.4% | 000087680 |    0.0516113  |          | 6.061e+04| 5.907e+04|            |            |  1.968e-02 | 8.842e-03 |   2.235e-02  |  4.544e+05  |    4.017e+05   
 39.7% | 000088320 |    0.0745659  | 5.697e+04| 5.819e+04| 5.911e+04|  2.185e-02 |  6.207e-03 |  5.003e-03 | 9.007e-03 |   3.617e-02  |  3.116e+05  |    4.012e+05   
 39.9% | 000088960 |    0.0511927  |          | 6.037e+04| 5.870e+04|            |            |  2.019e-02 | 9.639e-03 |   2.069e-02  |  4.495e+05  |    4.014e+05   
 40.2% | 000089600 |    0.0753021  | 5.714e+04| 5.815e+04| 5.956e+04|  2.280e-02 |  5.460e-03 |  5.043e-03 | 8.564e-03 |   3.635e-02  |  3.027e+05  |    4.008e+05   
 40.5% | 000090240 |    0.0498888  |          | 6.039e+04| 5.915e+04|            |            |  1.997e-02 | 8.814e-03 |   2.037e-02  |  4.525e+05  |    4.010e+05   
 40.8% | 000090880 |    0.0733821  | 5.650e+04| 5.767e+04| 5.887e+04|  2.222e-02 |  6.864e-03 |  4.885e-03 | 8.683e-03 |   3.508e-02  |  3.047e+05  |    4.005e+05   
 41.1% | 000091520 |    0.0492937  |          | 6.045e+04| 5.915e+04|            |            |  1.912e-02 | 9.668e-03 |   1.975e-02  |  4.492e+05  |    4.007e+05   
 41.4% | 000092160 |    0.0722057  | 5.667e+04| 5.793e+04| 6.034e+04|  2.195e-02 |  5.685e-03 |  4.893e-03 | 8.761e-03 |   3.411e-02  |  3.037e+05  |    4.002e+05   
 41.7% | 000092800 |    0.0478013  |          | 6.064e+04| 5.922e+04|            |            |  1.960e-02 | 8.722e-03 |   1.879e-02  |  4.542e+05  |    4.004e+05   
 42.0% | 000093440 |    0.0701599  | 5.668e+04| 5.838e+04| 6.042e+04|  2.168e-02 |  6.087e-03 |  4.850e-03 | 8.725e-03 |   3.224e-02  |  3.064e+05  |    4.000e+05   
 42.2% | 000094080 |    0.0477985  |          | 6.048e+04| 5.967e+04|            |            |  2.066e-02 | 8.617e-03 |   1.783e-02  |  4.454e+05  |    4.001e+05   
 42.5% | 000094720 |    0.0711585  | 5.671e+04| 5.810e+04| 6.018e+04|  2.260e-02 |  5.479e-03 |  4.820e-03 | 8.497e-03 |   3.267e-02  |  2.962e+05  |    3.996e+05   
 42.8% | 000095360 |    0.0475229  |          | 6.112e+04| 5.903e+04|            |            |  2.068e-02 | 8.687e-03 |   1.741e-02  |  4.391e+05  |    3.997e+05   
 43.1% | 000096000 |    0.0685901  | 5.587e+04| 5.818e+04| 6.063e+04|  2.182e-02 |  6.379e-03 |  4.689e-03 | 8.944e-03 |   3.062e-02  |  3.012e+05  |    3.993e+05   
 43.4% | 000096640 |    0.0467631  |          | 6.025e+04| 5.863e+04|            |            |  2.074e-02 | 8.373e-03 |   1.695e-02  |  4.373e+05  |    3.994e+05   
 43.7% | 000097280 |    0.0692811  | 5.325e+04| 5.775e+04| 6.022e+04|  2.235e-02 |  5.230e-03 |  4.734e-03 | 8.313e-03 |   3.133e-02  |  2.922e+05  |    3.989e+05   
 44.0% | 000097920 |    0.0457513  |          | 6.078e+04| 5.932e+04|            |            |  2.057e-02 | 8.232e-03 |   1.622e-02  |  4.380e+05  |    3.990e+05   
 44.3% | 000098560 |    0.0667185  | 6.222e+04| 5.875e+04| 6.036e+04|  2.189e-02 |  6.420e-03 |  4.711e-03 | 8.694e-03 |   2.893e-02  |  2.973e+05  |    3.986e+05   
 44.5% | 000099200 |    0.0453468  |          | 6.097e+04| 5.943e+04|            |            |  2.080e-02 | 8.363e-03 |   1.547e-02  |  4.329e+05  |    3.987e+05   
 44.8% | 000099840 |    0.0672673  | 6.222e+04| 5.869e+04| 6.063e+04|  2.259e-02 |  5.495e-03 |  4.623e-03 | 7.850e-03 |   2.973e-02  |  2.888e+05  |    3.982e+05   
 45.1% | 000100480 |    0.0423941  |          | 6.085e+04| 6.059e+04|            |            |  1.920e-02 | 7.985e-03 |   1.450e-02  |  4.535e+05  |    3.984e+05   
 45.4% | 000101120 |    0.0652188  | 6.182e+04| 5.820e+04| 6.041e+04|  2.191e-02 |  6.523e-03 |  4.525e-03 | 8.411e-03 |   2.785e-02  |  2.917e+05  |    3.979e+05   
 45.7% | 000101760 |    0.0431083  |          | 6.122e+04| 5.902e+04|            |            |  1.982e-02 | 8.214e-03 |   1.436e-02  |  4.367e+05  |    3.980e+05   
 46.0% | 000102400 |    0.0657747  | 6.291e+04| 5.771e+04| 6.074e+04|  2.243e-02 |  5.424e-03 |  4.469e-03 | 8.139e-03 |   2.823e-02  |  2.832e+05  |    3.975e+05   
 46.3% | 000103040 |    0.0418134  |          | 5.905e+04| 6.035e+04|            |            |  1.927e-02 | 8.289e-03 |   1.350e-02  |  4.408e+05  |    3.976e+05   
 46.6% | 000103680 |    0.0637216  | 6.171e+04| 5.706e+04| 6.090e+04|  2.179e-02 |  6.474e-03 |  4.446e-03 | 7.708e-03 |   2.725e-02  |  2.862e+05  |    3.972e+05   
 46.8% | 000104320 |    0.0406226  |          | 5.955e+04| 6.081e+04|            |            |  1.886e-02 | 8.785e-03 |   1.224e-02  |  4.441e+05  |    3.973e+05   
 47.1% | 000104960 |    0.0639485  | 6.249e+04| 5.723e+04| 6.115e+04|  2.224e-02 |  5.507e-03 |  4.394e-03 | 7.806e-03 |   2.710e-02  |  2.791e+05  |    3.968e+05   
 47.4% | 000105600 |    0.0401616  |          | 5.995e+04| 6.036e+04|            |            |  1.902e-02 | 8.023e-03 |   1.235e-02  |  4.396e+05  |    3.969e+05   
 47.7% | 000106240 |    0.0616664  | 6.267e+04| 5.768e+04| 6.109e+04|  2.169e-02 |  6.664e-03 |  4.328e-03 | 8.067e-03 |   2.516e-02  |  2.832e+05  |    3.965e+05   
 48.0% | 000106880 |    0.0394985  |          | 5.994e+04| 6.107e+04|            |            |  1.909e-02 | 8.435e-03 |   1.127e-02  |  4.373e+05  |    3.966e+05   
 48.3% | 000107520 |    0.0619168  | 6.461e+04| 5.698e+04| 6.137e+04|  2.200e-02 |  5.491e-03 |  4.357e-03 | 7.586e-03 |   2.553e-02  |  2.759e+05  |    3.961e+05   
 48.6% | 000108160 |    0.0384004  |          | 6.029e+04| 6.025e+04|            |            |  1.908e-02 | 8.018e-03 |   1.057e-02  |  4.399e+05  |    3.962e+05   
 48.9% | 000108800 |    0.0598218  | 5.635e+04| 5.779e+04| 6.112e+04|  2.157e-02 |  6.467e-03 |  4.246e-03 | 8.895e-03 |   2.261e-02  |  2.792e+05  |    3.958e+05   
 49.1% | 000109440 |    0.0386328  |          | 6.024e+04| 5.904e+04|            |            |  1.933e-02 | 8.081e-03 |   1.050e-02  |  4.276e+05  |    3.959e+05   
 49.4% | 000110080 |    0.0605131  | 5.764e+04| 5.731e+04| 6.102e+04|  2.210e-02 |  5.281e-03 |  4.212e-03 | 7.532e-03 |   2.411e-02  |  2.699e+05  |    3.954e+05   
 49.7% | 000110720 |    0.0368943  |          | 5.980e+04| 6.004e+04|            |            |  1.876e-02 | 7.435e-03 |   9.981e-03  |  4.377e+05  |    3.955e+05   
 50.0% | 000111360 |    0.0582134  | 5.852e+04| 5.756e+04| 6.164e+04|  2.150e-02 |  6.278e-03 |  4.168e-03 | 7.624e-03 |   2.243e-02  |  2.742e+05  |    3.951e+05   
 50.3% | 000112000 |    0.0368163  |          | 5.937e+04| 5.978e+04|            |            |  1.906e-02 | 7.525e-03 |   9.505e-03  |  4.287e+05  |    3.951e+05   
 50.6% | 000112640 |    0.0590351  | 5.711e+04| 5.702e+04| 6.093e+04|  2.209e-02 |  5.406e-03 |  4.128e-03 | 7.250e-03 |   2.307e-02  |  2.643e+05  |    3.947e+05   
 50.9% | 000113280 |    0.0356508  |          | 6.027e+04| 6.062e+04|            |            |  1.863e-02 | 7.271e-03 |   8.995e-03  |  4.325e+05  |    3.948e+05   
 51.1% | 000113920 |    0.0567828  | 5.925e+04| 5.772e+04| 6.099e+04|  2.149e-02 |  6.494e-03 |  3.971e-03 | 7.499e-03 |   2.128e-02  |  2.684e+05  |    3.943e+05   
 51.4% | 000114560 |    0.0346606  |          | 5.970e+04| 6.072e+04|            |            |  1.859e-02 | 7.356e-03 |   8.038e-03  |  4.346e+05  |    3.944e+05   
 51.7% | 000115200 |    0.0570790  | 5.308e+04| 5.763e+04| 6.079e+04|  2.184e-02 |  5.307e-03 |  4.081e-03 | 6.954e-03 |   2.171e-02  |  2.608e+05  |    3.939e+05   
 52.0% | 000115840 |    0.0344930  |          | 6.012e+04| 6.057e+04|            |            |  1.878e-02 | 7.233e-03 |   7.739e-03  |  4.265e+05  |    3.940e+05   
 52.3% | 000116480 |    0.0550627  | 5.579e+04| 5.762e+04| 6.179e+04|  2.138e-02 |  6.335e-03 |  3.958e-03 | 7.239e-03 |   2.002e-02  |  2.640e+05  |    3.936e+05   
 52.6% | 000117120 |    0.0331444  |          | 5.984e+04| 6.094e+04|            |            |  1.820e-02 | 7.118e-03 |   7.136e-03  |  4.333e+05  |    3.937e+05   
 52.9% | 000117760 |    0.0555089  | 5.753e+04| 5.706e+04| 6.315e+04|  2.190e-02 |  5.294e-03 |  3.865e-03 | 6.916e-03 |   2.030e-02  |  2.556e+05  |    3.932e+05   
 53.2% | 000118400 |    0.0322751  |          | 6.047e+04| 6.307e+04|            |            |  1.787e-02 | 7.523e-03 |   6.092e-03  |  4.342e+05  |    3.933e+05   
 53.4% | 000119040 |    0.0531387  | 5.558e+04| 5.735e+04| 6.419e+04|  2.130e-02 |  6.535e-03 |  3.818e-03 | 7.571e-03 |   1.804e-02  |  2.605e+05  |    3.929e+05   
 53.7% | 000119680 |    0.0311189  |          | 6.073e+04| 6.539e+04|            |            |  1.751e-02 | 7.627e-03 |   5.315e-03  |  4.394e+05  |    3.929e+05   
 54.0% | 000120320 |    0.0533263  | 5.264e+04| 5.736e+04| 6.536e+04|  2.163e-02 |  5.412e-03 |  3.862e-03 | 6.661e-03 |   1.876e-02  |  2.533e+05  |    3.925e+05   
 54.3% | 000120960 |    0.0309444  |          | 6.006e+04| 6.307e+04|            |            |  1.788e-02 | 6.878e-03 |   5.452e-03  |  4.310e+05  |    3.926e+05   
 54.6% | 000121600 |    0.0516000  | 5.461e+04| 5.732e+04| 6.502e+04|  2.112e-02 |  6.404e-03 |  3.689e-03 | 7.457e-03 |   1.689e-02  |  2.553e+05  |    3.922e+05   
 54.9% | 000122240 |    0.0301998  |          | 5.986e+04| 6.486e+04|            |            |  1.734e-02 | 7.562e-03 |   4.608e-03  |  4.307e+05  |    3.922e+05   
 55.2% | 000122880 |    0.0519504  | 5.549e+04| 5.810e+04| 6.547e+04|  2.185e-02 |  5.434e-03 |  3.746e-03 | 6.463e-03 |   1.752e-02  |  2.472e+05  |    3.918e+05   
 55.5% | 000123520 |    0.0296869  |          | 6.044e+04| 6.251e+04|            |            |  1.758e-02 | 6.635e-03 |   4.733e-03  |  4.270e+05  |    3.919e+05   
 55.7% | 000124160 |    0.0502491  | 5.313e+04| 5.679e+04| 6.609e+04|  2.099e-02 |  6.236e-03 |  3.614e-03 | 6.630e-03 |   1.654e-02  |  2.491e+05  |    3.914e+05   
 56.0% | 000124800 |    0.0285082  |          | 6.007e+04| 6.593e+04|            |            |  1.735e-02 | 6.938e-03 |   3.539e-03  |  4.333e+05  |    3.915e+05   
 56.3% | 000125440 |    0.0506501  | 5.413e+04| 5.705e+04| 6.397e+04|  2.130e-02 |  5.295e-03 |  3.601e-03 | 6.359e-03 |   1.693e-02  |  2.407e+05  |    3.911e+05   
 56.6% | 000126080 |    0.0283758  |          | 6.022e+04| 6.156e+04|            |            |  1.706e-02 | 6.581e-03 |   3.958e-03  |  4.241e+05  |    3.911e+05   
 56.9% | 000126720 |    0.0488116  | 5.181e+04| 5.741e+04| 6.444e+04|  2.085e-02 |  6.164e-03 |  3.525e-03 | 7.018e-03 |   1.483e-02  |  2.433e+05  |    3.907e+05   
 57.2% | 000127360 |    0.0271386  |          | 6.019e+04| 6.316e+04|            |            |  1.607e-02 | 7.242e-03 |   3.105e-03  |  4.318e+05  |    3.908e+05   
 57.5% | 000128000 |    0.0489965  | 5.384e+04| 5.799e+04| 6.409e+04|  2.130e-02 |  5.364e-03 |  3.597e-03 | 5.980e-03 |   1.566e-02  |  2.360e+05  |    3.903e+05   
 57.8% | 000128640 |    0.0257262  |          | 6.005e+04| 6.549e+04|            |            |  1.579e-02 | 6.526e-03 |   2.703e-03  |  4.434e+05  |    3.904e+05   
 58.0% | 000129280 |    0.0475554  | 5.418e+04| 5.699e+04| 6.423e+04|  2.072e-02 |  6.194e-03 |  3.480e-03 | 6.320e-03 |   1.452e-02  |  2.366e+05  |    3.900e+05   
 58.3% | 000129920 |    0.0255449  |          | 6.018e+04| 6.534e+04|            |            |  1.572e-02 | 6.997e-03 |   2.139e-03  |  4.345e+05  |    3.900e+05   
 58.6% | 000130560 |    0.0479312  | 6.264e+04| 5.741e+04| 6.255e+04|  2.126e-02 |  5.394e-03 |  3.416e-03 | 5.926e-03 |   1.498e-02  |  2.284e+05  |    3.896e+05   
 58.9% | 000131200 |    0.0249736  |          | 5.989e+04| 6.012e+04|            |            |  1.554e-02 | 6.267e-03 |   2.427e-03  |  4.323e+05  |    3.897e+05   
 59.2% | 000131840 |    0.0460015  | 5.444e+04| 5.775e+04| 6.389e+04|  2.070e-02 |  6.119e-03 |  3.333e-03 | 7.074e-03 |   1.246e-02  |  2.314e+05  |    3.893e+05   
 59.5% | 000132480 |    0.0249535  |          | 6.009e+04| 6.351e+04|            |            |  1.597e-02 | 6.867e-03 |   1.423e-03  |  4.207e+05  |    3.893e+05   
 59.8% | 000133120 |    0.0464541  | 6.164e+04| 5.811e+04| 6.321e+04|  2.132e-02 |  5.463e-03 |  3.422e-03 | 6.002e-03 |   1.336e-02  |  2.228e+05  |    3.889e+05   
 60.1% | 000133760 |    0.0237342  |          | 6.027e+04| 6.406e+04|            |            |  1.552e-02 | 6.213e-03 |   1.236e-03  |  4.299e+05  |    3.889e+05   
 60.3% | 000134400 |    0.0447956  | 5.512e+04| 5.813e+04| 6.525e+04|  2.079e-02 |  6.285e-03 |  3.228e-03 | 6.818e-03 |   1.155e-02  |  2.245e+05  |    3.885e+05   
 60.6% | 000135040 |    0.0243873  |          | 6.016e+04| 6.117e+04|            |            |  1.667e-02 | 6.322e-03 |   6.849e-04  |  4.065e+05  |    3.885e+05   
 60.9% | 000135680 |    0.0452409  | 5.271e+04| 5.745e+04| 6.423e+04|  2.108e-02 |  5.353e-03 |  3.242e-03 | 6.015e-03 |   1.232e-02  |  2.159e+05  |    3.881e+05   
 61.2% | 000136320 |    0.0222330  |          | 6.037e+04| 7.205e+04|            |            |  1.503e-02 | 6.257e-03 |   1.855e-04  |  4.330e+05  |    3.881e+05   
 61.5% | 000136960 |    0.0437362  | 5.653e+04| 5.734e+04| 6.373e+04|  2.062e-02 |  6.331e-03 |  3.153e-03 | 6.108e-03 |   1.147e-02  |  2.169e+05  |    3.877e+05   
 61.8% | 000137600 |    0.0224976  |          | 6.027e+04| 6.196e+04|            |            |  1.542e-02 | 6.274e-03 |   9.285e-05  |  4.153e+05  |    3.878e+05   
 62.1% | 000138240 |    0.0437560  | 5.811e+04| 5.717e+04| 7.174e+04|  2.103e-02 |  5.463e-03 |  3.127e-03 | 5.578e-03 |   1.172e-02  |  2.104e+05  |    3.873e+05   
 62.4% | 000138880 |    0.0213991  |          | 6.043e+04| 7.185e+04|            |            |  1.491e-02 | 5.735e-03 |   2.651e-05  |  4.237e+05  |    3.874e+05   
 62.6% | 000139520 |    0.0429801  | 5.562e+04| 5.735e+04| 6.520e+04|  2.024e-02 |  6.099e-03 |  3.038e-03 | 6.089e-03 |   1.125e-02  |  2.077e+05  |    3.869e+05   
 62.9% | 000140160 |    0.0210179  |          | 6.121e+04| 6.363e+04|            |            |  1.423e-02 | 6.016e-03 |   2.683e-05  |  4.183e+05  |    3.870e+05   
 63.2% | 000140800 |    0.0426967  | 5.841e+04| 5.741e+04| 7.344e+04|  2.069e-02 |  5.297e-03 |  3.040e-03 | 5.275e-03 |   1.142e-02  |  2.028e+05  |    3.865e+05   
 63.5% | 000141440 |    0.0216311  |          | 6.508e+04| 5.889e+04|            |            |  1.512e-02 | 5.699e-03 |   2.483e-05  |  3.940e+05  |    3.866e+05   
 63.8% | 000142080 |    0.0418702  | 5.684e+04| 6.001e+04| 6.096e+04|  2.009e-02 |  6.068e-03 |  2.913e-03 | 6.480e-03 |   1.009e-02  |  2.004e+05  |    3.861e+05   
 64.1% | 000142720 |    0.0206254  |          | 6.266e+04| 6.107e+04|            |            |  1.449e-02 | 5.401e-03 |   2.573e-05  |  4.004e+05  |    3.861e+05   
 64.4% | 000143360 |    0.0417408  | 5.817e+04| 5.958e+04| 6.364e+04|  2.064e-02 |  5.319e-03 |  2.920e-03 | 5.168e-03 |   1.084e-02  |  1.947e+05  |    3.857e+05   
 64.7% | 000144000 |    0.0207655  |          | 6.279e+04| 5.795e+04|            |            |  1.478e-02 | 5.180e-03 |   2.710e-05  |  3.851e+05  |    3.857e+05   
 64.9% | 000144640 |    0.0411442  | 5.565e+04| 5.967e+04| 5.689e+04|  2.007e-02 |  6.108e-03 |  2.808e-03 | 5.943e-03 |   1.008e-02  |  1.912e+05  |    3.853e+05   
 65.2% | 000145280 |    0.0199266  |          | 6.316e+04| 5.818e+04|            |            |  1.377e-02 | 5.385e-03 |   2.484e-05  |  3.884e+05  |    3.853e+05   
 65.5% | 000145920 |    0.0406006  | 5.261e+04| 6.066e+04| 6.044e+04|  2.023e-02 |  5.124e-03 |  2.831e-03 | 5.081e-03 |   1.028e-02  |  1.875e+05  |    3.848e+05   
 65.8% | 000146560 |    0.0204141  |          | 6.270e+04| 5.599e+04|            |            |  1.461e-02 | 5.044e-03 |   2.452e-05  |  3.668e+05  |    3.848e+05   
 66.1% | 000147200 |    0.0402108  | 5.157e+04| 6.048e+04| 5.792e+04|  1.971e-02 |  5.858e-03 |  2.721e-03 | 5.709e-03 |   9.860e-03  |  1.831e+05  |    3.844e+05   
 66.4% | 000147840 |    0.0193841  |          | 6.177e+04| 6.227e+04|            |            |  1.351e-02 | 5.154e-03 |   2.353e-05  |  3.734e+05  |    3.844e+05   
 66.7% | 000148480 |    0.0399357  | 5.199e+04| 6.119e+04| 5.778e+04|  2.018e-02 |  5.116e-03 |  2.725e-03 | 4.858e-03 |   1.005e-02  |  1.782e+05  |    3.839e+05   
 67.0% | 000149120 |    0.0200836  |          | 6.259e+04| 5.631e+04|            |            |  1.473e-02 | 4.601e-03 |   1.039e-04  |  3.483e+05  |    3.839e+05   
 67.2% | 000149760 |    0.0390743  | 5.203e+04| 6.095e+04| 5.628e+04|  1.962e-02 |  5.796e-03 |  2.687e-03 | 5.069e-03 |   9.660e-03  |  1.759e+05  |    3.834e+05   
 67.5% | 000150400 |    0.0196232  |          | 6.196e+04| 5.543e+04|            |            |  1.412e-02 | 4.804e-03 |   2.332e-05  |  3.442e+05  |    3.834e+05   
 67.8% | 000151040 |    0.0395236  | 5.182e+04| 6.021e+04| 5.425e+04|  2.013e-02 |  5.142e-03 |  2.675e-03 | 4.634e-03 |   9.863e-03  |  1.679e+05  |    3.829e+05   
 68.1% | 000151680 |    0.0197656  |          | 6.252e+04| 5.307e+04|            |            |  1.461e-02 | 4.376e-03 |   2.408e-05  |  3.298e+05  |    3.829e+05   
 68.4% | 000152320 |    0.0387089  | 5.120e+04| 6.048e+04| 5.051e+04|  1.962e-02 |  5.835e-03 |  2.539e-03 | 5.047e-03 |   9.341e-03  |  1.654e+05  |    3.824e+05   
 68.7% | 000152960 |    0.0192516  |          | 6.189e+04| 4.955e+04|            |            |  1.388e-02 | 4.643e-03 |   2.383e-05  |  3.265e+05  |    3.824e+05   
 69.0% | 000153600 |    0.0392078  | 5.062e+04| 6.053e+04| 4.734e+04|  2.017e-02 |  5.091e-03 |  2.578e-03 | 4.639e-03 |   9.627e-03  |  1.574e+05  |    3.819e+05   
 69.3% | 000154240 |    0.0198183  |          | 6.227e+04| 4.757e+04|            |            |  1.457e-02 | 4.444e-03 |   2.416e-05  |  3.057e+05  |    3.818e+05   
 69.5% | 000154880 |    0.0381345  | 4.793e+04| 5.965e+04| 3.604e+02|  1.959e-02 |  5.855e-03 |  2.456e-03 | 4.608e-03 |   9.112e-03  |  1.559e+05  |    3.814e+05   
 69.8% | 000155520 |    0.0189585  |          | 6.186e+04| 4.402e+02|            |            |  1.378e-02 | 4.390e-03 |   2.399e-05  |  3.078e+05  |    3.813e+05   
 70.1% | 000156160 |    0.0386665  | 4.899e+04| 5.766e+04|          |  2.001e-02 |  5.147e-03 |  2.466e-03 | 4.250e-03 |   1.018e-02  |  1.481e+05  |    3.808e+05   
 70.4% | 000156800 |    0.0192947  |          | 5.959e+04|          |            |            |  1.447e-02 | 4.027e-03 |   2.774e-04  |  2.911e+05  |    3.807e+05   
 70.7% | 000157440 |    0.0373003  | 4.567e+04| 5.793e+04|          |  1.945e-02 |  5.878e-03 |  2.394e-03 | 4.355e-03 |   9.317e-03  |  1.477e+05  |    3.802e+05   
 71.0% | 000158080 |    0.0190794  |          | 5.872e+04|          |            |            |  1.405e-02 | 4.298e-03 |   2.375e-04  |  2.831e+05  |    3.801e+05   
 71.3% | 000158720 |    0.0373480  | 4.618e+04| 5.824e+04|          |  1.995e-02 |  5.185e-03 |  2.377e-03 | 4.058e-03 |   9.161e-03  |  1.418e+05  |    3.797e+05   
 71.6% | 000159360 |    0.0198222  |          | 5.902e+04|          |            |            |  1.501e-02 | 4.110e-03 |   1.994e-04  |  2.619e+05  |    3.796e+05   
 71.8% | 000160000 |    0.0364187  | 5.296e+04| 5.767e+04|          |  1.929e-02 |  5.974e-03 |  2.356e-03 | 4.602e-03 |   8.426e-03  |  1.397e+05  |    3.791e+05   
 72.1% | 000160640 |    0.0188764  |          | 5.817e+04|          |            |            |  1.430e-02 | 3.935e-03 |   2.034e-04  |  2.640e+05  |    3.790e+05   
 72.4% | 000161280 |    0.0358991  | 5.198e+04| 5.829e+04|          |  1.971e-02 |  5.161e-03 |  2.291e-03 | 3.811e-03 |   8.331e-03  |  1.360e+05  |    3.785e+05   
 72.7% | 000161920 |    0.0196688  |          | 5.993e+04|          |            |            |  1.535e-02 | 3.651e-03 |   2.180e-04  |  2.431e+05  |    3.784e+05   
 73.0% | 000162560 |    0.0351936  | 5.142e+04| 5.749e+04|          |  1.917e-02 |  5.876e-03 |  2.141e-03 | 4.340e-03 |   7.825e-03  |  1.330e+05  |    3.779e+05   
 73.3% | 000163200 |    0.0189591  |          | 6.011e+04|          |            |            |  1.463e-02 | 3.661e-03 |   2.066e-04  |  2.418e+05  |    3.778e+05   
 73.6% | 000163840 |    0.0346890  | 5.070e+04| 5.826e+04|          |  1.952e-02 |  5.168e-03 |  2.141e-03 | 3.627e-03 |   7.653e-03  |  1.293e+05  |    3.773e+05   
 73.9% | 000164480 |    0.0200883  |          | 6.054e+04|          |            |            |  1.582e-02 | 3.612e-03 |   1.827e-04  |  2.185e+05  |    3.772e+05   
 74.1% | 000165120 |    0.0338966  | 5.079e+04| 5.766e+04|          |  1.911e-02 |  5.958e-03 |  2.029e-03 | 3.989e-03 |   7.071e-03  |  1.267e+05  |    3.767e+05   
 74.4% | 000165760 |    0.0195678  |          | 5.930e+04|          |            |            |  1.519e-02 | 3.725e-03 |   1.654e-04  |  2.146e+05  |    3.766e+05   
 74.7% | 000166400 |    0.0337593  | 5.010e+04| 5.762e+04|          |  1.953e-02 |  5.266e-03 |  2.022e-03 | 3.505e-03 |   6.984e-03  |  1.216e+05  |    3.761e+05   
 75.0% | 000167040 |    0.0204848  |          | 6.013e+04|          |            |            |  1.635e-02 | 3.451e-03 |   1.913e-04  |  1.960e+05  |    3.759e+05   
 75.3% | 000167680 |    0.0329537  | 4.978e+04| 5.748e+04|          |  1.901e-02 |  5.972e-03 |  1.933e-03 | 3.947e-03 |   6.362e-03  |  1.190e+05  |    3.755e+05   
 75.6% | 000168320 |    0.0196777  |          | 6.063e+04|          |            |            |  1.564e-02 | 3.343e-03 |   1.665e-04  |  1.948e+05  |    3.753e+05   
 75.9% | 000168960 |    0.0327508  | 4.988e+04| 5.826e+04|          |  1.933e-02 |  5.417e-03 |  1.939e-03 | 3.578e-03 |   6.200e-03  |  1.143e+05  |    3.749e+05   
 76.1% | 000169600 |    0.0206190  |          | 5.957e+04|          |            |            |  1.661e-02 | 3.379e-03 |   1.617e-04  |  1.773e+05  |    3.747e+05   
 76.4% | 000170240 |    0.0316261  | 4.989e+04| 5.697e+04|          |  1.873e-02 |  5.917e-03 |  1.847e-03 | 3.650e-03 |   5.713e-03  |  1.128e+05  |    3.742e+05   
 76.7% | 000170880 |    0.0198838  |          | 5.869e+04|          |            |            |  1.601e-02 | 3.315e-03 |   1.644e-04  |  1.751e+05  |    3.740e+05   
 77.0% | 000171520 |    0.0311119  | 5.006e+04| 5.849e+04|          |  1.891e-02 |  5.397e-03 |  1.844e-03 | 3.160e-03 |   5.494e-03  |  1.092e+05  |    3.736e+05   
 77.3% | 000172160 |    0.0205823  |          | 6.023e+04|          |            |            |  1.679e-02 | 3.174e-03 |   1.645e-04  |  1.610e+05  |    3.734e+05   
 77.6% | 000172800 |    0.0306210  | 5.015e+04| 5.769e+04|          |  1.857e-02 |  5.869e-03 |  1.764e-03 | 3.618e-03 |   4.985e-03  |  1.055e+05  |    3.730e+05   
 77.9% | 000173440 |    0.0200896  |          | 5.850e+04|          |            |            |  1.614e-02 | 3.290e-03 |   1.487e-04  |  1.567e+05  |    3.727e+05   
 78.2% | 000174080 |    0.0301463  | 5.063e+04| 5.774e+04|          |  1.881e-02 |  5.415e-03 |  1.754e-03 | 3.097e-03 |   4.796e-03  |  1.018e+05  |    3.723e+05   
 78.4% | 000174720 |    0.0210051  |          | 6.119e+04|          |            |            |  1.738e-02 | 2.935e-03 |   1.801e-04  |  1.423e+05  |    3.721e+05   
 78.7% | 000175360 |    0.0294202  | 5.103e+04| 5.829e+04|          |  1.827e-02 |  5.862e-03 |  1.671e-03 | 3.549e-03 |   4.228e-03  |  9.891e+04  |    3.717e+05   
 79.0% | 000176000 |    0.0201996  |          | 6.253e+04|          |            |            |  1.663e-02 | 2.888e-03 |   1.693e-04  |  1.402e+05  |    3.714e+05   
 79.3% | 000176640 |    0.0290147  | 5.079e+04| 6.094e+04|          |  1.842e-02 |  5.362e-03 |  1.708e-03 | 3.285e-03 |   3.924e-03  |  9.498e+04  |    3.710e+05   
 79.6% | 000177280 |    0.0208209  |          | 6.268e+04|          |            |            |  1.726e-02 | 2.879e-03 |   1.649e-04  |  1.287e+05  |    3.708e+05   
 79.9% | 000177920 |    0.0279531  | 5.003e+04| 5.911e+04|          |  1.811e-02 |  5.727e-03 |  1.585e-03 | 3.019e-03 |   3.579e-03  |  9.322e+04  |    3.704e+05   
 80.2% | 000178560 |    0.0208074  |          | 6.229e+04|          |            |            |  1.750e-02 | 2.694e-03 |   1.321e-04  |  1.217e+05  |    3.701e+05   
 80.5% | 000179200 |    0.0277894  | 4.954e+04| 6.107e+04|          |  1.836e-02 |  5.350e-03 |  1.650e-03 | 2.860e-03 |   3.241e-03  |  8.853e+04  |    3.697e+05   
 80.7% | 000179840 |    0.0214714  |          | 6.264e+04|          |            |            |  1.811e-02 | 2.722e-03 |   1.409e-04  |  1.113e+05  |    3.694e+05   
 81.0% | 000180480 |    0.0275110  | 4.987e+04| 5.893e+04|          |  1.801e-02 |  5.676e-03 |  1.494e-03 | 3.345e-03 |   3.024e-03  |  8.428e+04  |    3.690e+05   
 81.3% | 000181120 |    0.0205765  |          | 6.189e+04|          |            |            |  1.735e-02 | 2.653e-03 |   1.163e-04  |  1.093e+05  |    3.688e+05   
 81.6% | 000181760 |    0.0271263  | 5.038e+04| 6.036e+04|          |  1.836e-02 |  5.367e-03 |  1.487e-03 | 2.761e-03 |   2.877e-03  |  8.041e+04  |    3.684e+05   
 81.9% | 000182400 |    0.0214054  |          | 6.392e+04|          |            |            |  1.823e-02 | 2.573e-03 |   1.317e-04  |  9.876e+04  |    3.681e+05   
 82.2% | 000183040 |    0.0263638  | 4.758e+04| 6.126e+04|          |  1.804e-02 |  5.661e-03 |  1.420e-03 | 2.782e-03 |   2.465e-03  |  7.768e+04  |    3.677e+05   
 82.5% | 000183680 |    0.0211615  |          | 6.187e+04|          |            |            |  1.814e-02 | 2.444e-03 |   1.231e-04  |  9.371e+04  |    3.674e+05   
 82.8% | 000184320 |    0.0263545  | 4.658e+04| 6.137e+04|          |  1.838e-02 |  5.296e-03 |  1.409e-03 | 2.609e-03 |   2.312e-03  |  7.282e+04  |    3.670e+05   
 83.0% | 000184960 |    0.0217390  |          | 6.398e+04|          |            |            |  1.868e-02 | 2.381e-03 |   1.436e-04  |  8.538e+04  |    3.667e+05   
 83.3% | 000185600 |    0.0257799  | 4.472e+04| 6.301e+04|          |  1.803e-02 |  5.718e-03 |  1.317e-03 | 2.938e-03 |   1.859e-03  |  6.960e+04  |    3.663e+05   
 83.6% | 000186240 |    0.0212263  |          | 6.307e+04|          |            |            |  1.842e-02 | 2.265e-03 |   1.145e-04  |  8.166e+04  |    3.660e+05   
 83.9% | 000186880 |    0.0259768  | 4.433e+04| 6.365e+04|          |  1.831e-02 |  5.332e-03 |  1.323e-03 | 2.858e-03 |   1.837e-03  |  6.443e+04  |    3.656e+05   
 84.2% | 000187520 |    0.0216277  |          | 6.283e+04|          |            |            |  1.878e-02 | 2.313e-03 |   1.056e-04  |  7.467e+04  |    3.653e+05   
 84.5% | 000188160 |    0.0249594  | 4.169e+04| 6.263e+04|          |  1.802e-02 |  5.688e-03 |  1.229e-03 | 2.633e-03 |   1.430e-03  |  6.239e+04  |    3.649e+05   
 84.8% | 000188800 |    0.0217304  |          | 6.217e+04|          |            |            |  1.891e-02 | 2.246e-03 |   1.262e-04  |  6.906e+04  |    3.646e+05   
 85.1% | 000189440 |    0.0245073  | 4.175e+04| 6.581e+04|          |  1.829e-02 |  5.307e-03 |  1.233e-03 | 2.067e-03 |   1.272e-03  |  5.897e+04  |    3.642e+05   
 85.3% | 000190080 |    0.0226401  |          | 6.479e+04|          |            |            |  1.977e-02 | 2.276e-03 |   1.114e-04  |  6.142e+04  |    3.639e+05   
 85.6% | 000190720 |    0.0242422  | 4.909e+04| 6.395e+04|          |  1.797e-02 |  5.698e-03 |  1.148e-03 | 2.479e-03 |   1.039e-03  |  5.516e+04  |    3.635e+05   
 85.9% | 000191360 |    0.0217576  |          | 6.332e+04|          |            |            |  1.906e-02 | 2.106e-03 |   1.152e-04  |  5.904e+04  |    3.632e+05   
 86.2% | 000192000 |    0.0239619  | 4.780e+04| 6.380e+04|          |  1.824e-02 |  5.357e-03 |  1.147e-03 | 1.982e-03 |   9.880e-04  |  5.147e+04  |    3.628e+05   
 86.5% | 000192640 |    0.0222393  |          | 5.997e+04|          |            |            |  1.967e-02 | 1.938e-03 |   1.020e-04  |  5.319e+04  |    3.625e+05   
 86.8% | 000193280 |    0.0235054  | 4.587e+04| 5.958e+04|          |  1.792e-02 |  5.736e-03 |  1.054e-03 | 2.126e-03 |   8.284e-04  |  4.823e+04  |    3.621e+05   
 87.1% | 000193920 |    0.0216818  |          | 6.080e+04|          |            |            |  1.915e-02 | 1.918e-03 |   9.575e-05  |  5.006e+04  |    3.618e+05   
 87.4% | 000194560 |    0.0231004  | 4.634e+04| 6.296e+04|          |  1.817e-02 |  5.308e-03 |  1.060e-03 | 1.614e-03 |   6.636e-04  |  4.495e+04  |    3.614e+05   
 87.6% | 000195200 |    0.0225924  |          | 6.405e+04|          |            |            |  2.015e-02 | 1.829e-03 |   1.159e-04  |  4.391e+04  |    3.611e+05   
 87.9% | 000195840 |    0.0228074  | 4.847e+04| 6.081e+04|          |  1.788e-02 |  5.769e-03 |  9.705e-04 | 1.916e-03 |   4.641e-04  |  4.152e+04  |    3.607e+05   
 88.2% | 000196480 |    0.0218325  |          | 6.218e+04|          |            |            |  1.956e-02 | 1.707e-03 |   8.351e-05  |  4.136e+04  |    3.604e+05   
 88.5% | 000197120 |    0.0226521  | 4.745e+04| 6.146e+04|          |  1.815e-02 |  5.369e-03 |  9.761e-04 | 1.511e-03 |   4.142e-04  |  3.797e+04  |    3.600e+05   
 88.8% | 000197760 |    0.0224690  |          | 5.830e+04|          |            |            |  2.023e-02 | 1.645e-03 |   8.523e-05  |  3.641e+04  |    3.597e+05   
 89.1% | 000198400 |    0.0221350  | 4.536e+04| 5.831e+04|          |  1.787e-02 |  5.841e-03 |  8.875e-04 | 1.551e-03 |   2.468e-04  |  3.511e+04  |    3.593e+05   
 89.4% | 000199040 |    0.0221001  |          | 5.907e+04|          |            |            |  1.991e-02 | 1.622e-03 |   7.056e-05  |  3.336e+04  |    3.590e+05   
 89.7% | 000199680 |    0.0221469  | 4.663e+04| 6.183e+04|          |  1.814e-02 |  5.392e-03 |  8.832e-04 | 1.398e-03 |   1.282e-04  |  3.154e+04  |    3.586e+05   
 89.9% | 000200320 |    0.0225695  |          | 6.110e+04|          |            |            |  2.050e-02 | 1.513e-03 |   7.202e-05  |  2.928e+04  |    3.583e+05   
 90.2% | 000200960 |    0.0216620  | 4.372e+04| 5.716e+04|          |  1.780e-02 |  5.788e-03 |  8.038e-04 | 1.434e-03 |   7.232e-05  |  2.881e+04  |    3.579e+05   
 90.5% | 000201600 |    0.0218528  |          | 5.762e+04|          |            |            |  1.989e-02 | 1.432e-03 |   6.922e-05  |  2.693e+04  |    3.576e+05   
 90.8% | 000202240 |    0.0219176  | 4.424e+04| 5.891e+04|          |  1.822e-02 |  5.415e-03 |  8.027e-04 | 1.183e-03 |   1.273e-04  |  2.527e+04  |    3.572e+05   
 91.1% | 000202880 |    0.0225173  |          | 5.974e+04|          |            |            |  2.066e-02 | 1.337e-03 |   6.564e-05  |  2.310e+04  |    3.568e+05   
 91.4% | 000203520 |    0.0219446  | 4.144e+04| 5.985e+04|          |  1.834e-02 |  5.969e-03 |  7.127e-04 | 1.254e-03 |   6.677e-05  |  2.223e+04  |    3.565e+05   
 91.7% | 000204160 |    0.0216640  |          | 5.860e+04|          |            |            |  1.985e-02 | 1.266e-03 |   5.985e-05  |  2.106e+04  |    3.561e+05   
 92.0% | 000204800 |    0.0213782  | 4.172e+04| 5.947e+04|          |  1.799e-02 |  5.321e-03 |  7.157e-04 | 9.688e-04 |   1.533e-04  |  1.992e+04  |    3.558e+05   
 92.2% | 000205440 |    0.0220272  |          | 5.858e+04|          |            |            |  2.009e-02 | 1.352e-03 |   5.521e-05  |  1.800e+04  |    3.554e+05   
 92.5% | 000206080 |    0.0209896  | 4.347e+04| 5.875e+04|          |  1.759e-02 |  5.652e-03 |  6.312e-04 | 1.054e-03 |   1.511e-04  |  1.754e+04  |    3.551e+05   
 92.8% | 000206720 |    0.0212196  |          | 5.868e+04|          |            |            |  1.952e-02 | 1.158e-03 |   5.486e-05  |  1.607e+04  |    3.547e+05   
 93.1% | 000207360 |    0.0208435  | 4.269e+04| 5.969e+04|          |  1.760e-02 |  5.313e-03 |  6.323e-04 | 8.716e-04 |   1.135e-04  |  1.510e+04  |    3.544e+05   
 93.4% | 000208000 |    0.0214088  |          | 5.618e+04|          |            |            |  1.977e-02 | 1.093e-03 |   5.395e-05  |  1.353e+04  |    3.540e+05   
 93.7% | 000208640 |    0.0205205  | 4.094e+04| 5.369e+04|          |  1.743e-02 |  5.484e-03 |  5.418e-04 | 9.665e-04 |   5.924e-05  |  1.294e+04  |    3.537e+05   
 94.0% | 000209280 |    0.0209120  |          | 5.316e+04|          |            |            |  1.929e-02 | 1.082e-03 |   5.024e-05  |  1.159e+04  |    3.534e+05   
 94.3% | 000209920 |    0.0207183  | 4.186e+04| 5.394e+04|          |  1.782e-02 |  5.449e-03 |  5.419e-04 | 7.126e-04 |   8.908e-05  |  1.064e+04  |    3.530e+05   
 94.5% | 000210560 |    0.0212666  |          | 5.449e+04|          |            |            |  1.979e-02 | 9.300e-04 |   4.650e-05  |  9.376e+03  |    3.527e+05   
 94.8% | 000211200 |    0.0201533  | 3.883e+04| 5.639e+04|          |  1.734e-02 |  5.549e-03 |  4.499e-04 | 7.715e-04 |   5.580e-05  |  8.905e+03  |    3.523e+05   
 95.1% | 000211840 |    0.0205100  |          | 5.518e+04|          |            |            |  1.917e-02 | 8.397e-04 |   4.655e-05  |  7.830e+03  |    3.520e+05   
 95.4% | 000212480 |    0.0202587  | 4.185e+04| 5.424e+04|          |  1.765e-02 |  5.413e-03 |  4.509e-04 | 5.635e-04 |   7.843e-05  |  7.048e+03  |    3.517e+05   
 95.7% | 000213120 |    0.0207922  |          | 5.084e+04|          |            |            |  1.947e-02 | 7.369e-04 |   3.760e-05  |  6.060e+03  |    3.513e+05   
 96.0% | 000213760 |    0.0196622  | 3.314e+04| 5.331e+04|          |  1.711e-02 |  5.377e-03 |  3.658e-04 | 6.474e-04 |   4.960e-05  |  5.608e+03  |    3.510e+05   
 96.3% | 000214400 |    0.0200721  |          | 5.296e+04|          |            |            |  1.884e-02 | 7.143e-04 |   4.210e-05  |  4.762e+03  |    3.507e+05   
 96.6% | 000215040 |    0.0199403  | 3.365e+04| 4.847e+04|          |  1.752e-02 |  5.368e-03 |  3.677e-04 | 4.746e-04 |   6.203e-05  |  4.110e+03  |    3.503e+05   
 96.8% | 000215680 |    0.0205141  |          | 4.218e+04|          |            |            |  1.940e-02 | 6.086e-04 |   3.887e-05  |  3.382e+03  |    3.500e+05   
 97.1% | 000216320 |    0.0194994  | 2.962e+04| 4.505e+04|          |  1.721e-02 |  5.471e-03 |  2.760e-04 | 5.010e-04 |   4.290e-05  |  2.966e+03  |    3.497e+05   
 97.4% | 000216960 |    0.0198027  |          | 4.490e+04|          |            |            |  1.865e-02 | 6.038e-04 |   3.245e-05  |  2.391e+03  |    3.494e+05   
 97.7% | 000217600 |    0.0196291  | 3.233e+04| 4.342e+04|          |  1.751e-02 |  5.430e-03 |  2.754e-04 | 2.768e-04 |   4.860e-05  |  1.932e+03  |    3.490e+05   
 98.0% | 000218240 |    0.0201733  |          | 2.876e+04|          |            |            |  1.913e-02 | 5.056e-04 |   3.261e-05  |  1.464e+03  |    3.487e+05   
 98.3% | 000218880 |    0.0189870  | 1.874e+04| 3.019e+04|          |  1.697e-02 |  5.437e-03 |  1.947e-04 | 3.210e-04 |   4.086e-05  |  1.169e+03  |    3.484e+05   
 98.6% | 000219520 |    0.0192909  |          | 3.094e+04|          |            |            |  1.838e-02 | 4.153e-04 |   3.140e-05  |  8.243e+02  |    3.481e+05   
 98.9% | 000220160 |    0.0190852  | 1.898e+04| 2.274e+04|          |  1.725e-02 |  5.481e-03 |  1.940e-04 | 1.415e-04 |   3.870e-05  |  5.585e+02  |    3.478e+05   
 99.1% | 000220800 |    0.0196171  |          | 0.000e+00|          |            |            |  1.871e-02 | 4.396e-04 |   3.421e-05  |  3.295e+02  |    3.474e+05   
 99.4% | 000221440 |    0.0183600  | 0.000e+00| 0.000e+00|          |  1.672e-02 |  1.621e-02 |  1.048e-04 | 2.178e-04 |   3.192e-05  |  1.808e+02  |    3.471e+05   
 99.7% | 000222080 |    0.0172631  |          | 0.000e+00|          |            |            |  1.661e-02 | 2.113e-04 |   3.375e-05  |  7.083e+01  |    3.469e+05   
Final Score:    3.4512e+05 GFLOPS 
Residual value = 0.000060586198707 (0x3f0fc3bdefb00e1c)
Residual Check: PASSED 
