[INFO] GPU Roofline Tools 
[INFO] Version 1.0.0 (C)2024 Bagus Hanindhito 
[INFO] Built for AMD Instinct MI300X (gfx942) GPUs
[INFO] Detected 8 HIP-capable device(s)
[INFO] +---+------------------------+----+----+-----------+--------------+--------------+
[INFO] |#  |Device Name             |CC  |#CU |Freq. (MHz)|Mem. Size (MB)|Mem. BW (GB/s)|
[INFO] +---+------------------------+----+----+-----------+--------------+--------------+
[INFO] |0  |AMD Instinct MI300X     |9.4 |304 |2100       |196592        |2662.4        |
[INFO] +---+------------------------+----+----+-----------+--------------+--------------+
[INFO] |1  |AMD Instinct MI300X     |9.4 |304 |2100       |196592        |2662.4        |
[INFO] +---+------------------------+----+----+-----------+--------------+--------------+
[INFO] |2  |AMD Instinct MI300X     |9.4 |304 |2100       |196592        |2662.4        |
[INFO] +---+------------------------+----+----+-----------+--------------+--------------+
[INFO] |3  |AMD Instinct MI300X     |9.4 |304 |2100       |196592        |2662.4        |
[INFO] +---+------------------------+----+----+-----------+--------------+--------------+
[INFO] |4  |AMD Instinct MI300X     |9.4 |304 |2100       |196592        |2662.4        |
[INFO] +---+------------------------+----+----+-----------+--------------+--------------+
[INFO] |5  |AMD Instinct MI300X     |9.4 |304 |2100       |196592        |2662.4        |
[INFO] +---+------------------------+----+----+-----------+--------------+--------------+
[INFO] |6  |AMD Instinct MI300X     |9.4 |304 |2100       |196592        |2662.4        |
[INFO] +---+------------------------+----+----+-----------+--------------+--------------+
[INFO] |7  |AMD Instinct MI300X     |9.4 |304 |2100       |196592        |2662.4        |
[INFO] +---+------------------------+----+----+-----------+--------------+--------------+
[WARN] This program does not currently support Multi-GPU run.
[INFO] Set default GPU to GPU index 0
[INFO] (1743260100) Running with 1 wavefront(s) per workgroup and 1 workgroup(s)
[INFO] (1743260102) Running with 2 wavefront(s) per workgroup and 1 workgroup(s)
[INFO] (1743260104) Running with 3 wavefront(s) per workgroup and 1 workgroup(s)
[INFO] (1743260106) Running with 4 wavefront(s) per workgroup and 1 workgroup(s)
[INFO] (1743260109) Running with 5 wavefront(s) per workgroup and 1 workgroup(s)
[INFO] (1743260113) Running with 6 wavefront(s) per workgroup and 1 workgroup(s)
[INFO] (1743260117) Running with 7 wavefront(s) per workgroup and 1 workgroup(s)
[INFO] (1743260121) Running with 8 wavefront(s) per workgroup and 1 workgroup(s)
[INFO] (1743260125) Running with 9 wavefront(s) per workgroup and 1 workgroup(s)
[INFO] (1743260131) Running with 10 wavefront(s) per workgroup and 1 workgroup(s)
[INFO] (1743260137) Running with 11 wavefront(s) per workgroup and 1 workgroup(s)
[INFO] (1743260143) Running with 12 wavefront(s) per workgroup and 1 workgroup(s)
[INFO] (1743260150) Running with 13 wavefront(s) per workgroup and 1 workgroup(s)
[INFO] (1743260158) Running with 14 wavefront(s) per workgroup and 1 workgroup(s)
[INFO] (1743260166) Running with 15 wavefront(s) per workgroup and 1 workgroup(s)
[INFO] (1743260174) Running with 16 wavefront(s) per workgroup and 1 workgroup(s)
Result V_MUL1 with fp32
n_iter, n_thread, n_wg, n_wf, wf_size, wg_size, n_flops, n_bytes, time_ms, gflop/s, avg_clock, max_clock, min_clock, stdev_clock 
1073741824, 64, 1, 1, 64, 64, 68719476736, 256, 2071.76, 33.1696, 4.30833e+09, 4308332621, 4308332621, 1 
1073741824, 128, 1, 2, 64, 128, 137438953472, 512, 2071.38, 66.3513, 4.30772e+09, 4307721078, 4307721070, 1 
1073741824, 192, 1, 3, 64, 192, 206158430208, 768, 2071.21, 99.5353, 4.30771e+09, 4307708340, 4307708332, 1 
1073741824, 256, 1, 4, 64, 256, 274877906944, 1024, 2061.76, 133.322, 4.30472e+09, 4304717566, 4304717540, 1 
1073741824, 320, 1, 5, 64, 320, 343597383680, 1280, 4110.44, 83.5913, 5.1652e+09, 8601166629, 4306211340, 1.05386 
1073741824, 384, 1, 6, 64, 384, 412316860416, 1536, 4110.18, 100.316, 5.73596e+09, 8599260289, 4304305475, 1.06047 
1073741824, 448, 1, 7, 64, 448, 481036337152, 1792, 4110.16, 117.036, 6.145e+09, 8599261766, 4304306713, 1.05813 
1073741824, 512, 1, 8, 64, 512, 549755813888, 2048, 4110.22, 133.753, 6.45095e+09, 8598541905, 4303356904, 1.05396 
1073741824, 576, 1, 9, 64, 576, 618475290624, 2304, 6157.46, 100.443, 7.16675e+09, 12894070222, 4303356788, 1.07687 
1073741824, 640, 1, 10, 64, 640, 687194767360, 2560, 6146.9, 111.795, 7.73933e+09, 12893282956, 4303356912, 1.0828 
1073741824, 704, 1, 11, 64, 704, 755914244096, 2816, 6157.99, 122.753, 8.21156e+09, 12896972036, 4307049900, 1.08251 
1073741824, 768, 1, 12, 64, 768, 824633720832, 3072, 6148.39, 134.122, 8.59832e+09, 12893283616, 4303356876, 1.07997 
1073741824, 832, 1, 13, 64, 832, 893353197568, 3328, 8209.33, 108.822, 9.26005e+09, 17189216325, 4304326525, 1.09247 
1073741824, 896, 1, 14, 64, 896, 962072674304, 3584, 8209.72, 117.187, 9.82568e+09, 17189825335, 4303356800, 1.09672 
1073741824, 960, 1, 15, 64, 960, 1030792151040, 3840, 8196.42, 125.761, 1.03163e+10, 17188250388, 4303356916, 1.09698 
1073741824, 1024, 1, 16, 64, 1024, 1099511627776, 4096, 8206.41, 133.982, 1.07464e+10, 17190840411, 4303356924, 1.09532 
