[INFO] GPU Roofline Tools 
[INFO] Version 1.0.0 (C)2024 Bagus Hanindhito 
[INFO] Built for AMD Instinct MI300X (gfx942) GPUs
[INFO] Detected 8 HIP-capable device(s)
[INFO] +---+------------------------+----+----+-----------+--------------+--------------+
[INFO] |#  |Device Name             |CC  |#CU |Freq. (MHz)|Mem. Size (MB)|Mem. BW (GB/s)|
[INFO] +---+------------------------+----+----+-----------+--------------+--------------+
[INFO] |0  |AMD Instinct MI300X     |9.4 |304 |2100       |196592        |2662.4        |
[INFO] +---+------------------------+----+----+-----------+--------------+--------------+
[INFO] |1  |AMD Instinct MI300X     |9.4 |304 |2100       |196592        |2662.4        |
[INFO] +---+------------------------+----+----+-----------+--------------+--------------+
[INFO] |2  |AMD Instinct MI300X     |9.4 |304 |2100       |196592        |2662.4        |
[INFO] +---+------------------------+----+----+-----------+--------------+--------------+
[INFO] |3  |AMD Instinct MI300X     |9.4 |304 |2100       |196592        |2662.4        |
[INFO] +---+------------------------+----+----+-----------+--------------+--------------+
[INFO] |4  |AMD Instinct MI300X     |9.4 |304 |2100       |196592        |2662.4        |
[INFO] +---+------------------------+----+----+-----------+--------------+--------------+
[INFO] |5  |AMD Instinct MI300X     |9.4 |304 |2100       |196592        |2662.4        |
[INFO] +---+------------------------+----+----+-----------+--------------+--------------+
[INFO] |6  |AMD Instinct MI300X     |9.4 |304 |2100       |196592        |2662.4        |
[INFO] +---+------------------------+----+----+-----------+--------------+--------------+
[INFO] |7  |AMD Instinct MI300X     |9.4 |304 |2100       |196592        |2662.4        |
[INFO] +---+------------------------+----+----+-----------+--------------+--------------+
[WARN] This program does not currently support Multi-GPU run.
[INFO] Set default GPU to GPU index 0
[INFO] (1743269228) Running with 1 wavefront(s) per workgroup and 1 workgroup(s)
[INFO] (1743269231) Running with 2 wavefront(s) per workgroup and 1 workgroup(s)
[INFO] (1743269234) Running with 3 wavefront(s) per workgroup and 1 workgroup(s)
[INFO] (1743269236) Running with 4 wavefront(s) per workgroup and 1 workgroup(s)
[INFO] (1743269239) Running with 5 wavefront(s) per workgroup and 1 workgroup(s)
[INFO] (1743269241) Running with 6 wavefront(s) per workgroup and 1 workgroup(s)
[INFO] (1743269244) Running with 7 wavefront(s) per workgroup and 1 workgroup(s)
[INFO] (1743269246) Running with 8 wavefront(s) per workgroup and 1 workgroup(s)
[INFO] (1743269249) Running with 9 wavefront(s) per workgroup and 1 workgroup(s)
[INFO] (1743269253) Running with 10 wavefront(s) per workgroup and 1 workgroup(s)
[INFO] (1743269257) Running with 11 wavefront(s) per workgroup and 1 workgroup(s)
[INFO] (1743269261) Running with 12 wavefront(s) per workgroup and 1 workgroup(s)
[INFO] (1743269264) Running with 13 wavefront(s) per workgroup and 1 workgroup(s)
[INFO] (1743269270) Running with 14 wavefront(s) per workgroup and 1 workgroup(s)
[INFO] (1743269275) Running with 15 wavefront(s) per workgroup and 1 workgroup(s)
[INFO] (1743269280) Running with 16 wavefront(s) per workgroup and 1 workgroup(s)
Result V_ADD2 with fp64
n_iter, n_thread, n_wg, n_wf, wf_size, wg_size, n_flops, n_bytes, time_ms, gflop/s, avg_clock, max_clock, min_clock, stdev_clock 
1073741824, 64, 1, 1, 64, 64, 68719476736, 1024, 2585.81, 26.5756, 5.38033e+09, 5380333418, 5380333418, 1 
1073741824, 128, 1, 2, 64, 128, 137438953472, 2048, 2574.08, 53.3934, 5.37975e+09, 5379752614, 5379752609, 1 
1073741824, 192, 1, 3, 64, 192, 206158430208, 3072, 2583.78, 79.7894, 5.38191e+09, 5381914475, 5381914463, 1 
1073741824, 256, 1, 4, 64, 256, 274877906944, 4096, 2575.1, 106.745, 5.38012e+09, 5380115883, 5380115866, 1 
1073741824, 320, 1, 5, 64, 320, 343597383680, 5120, 2575, 133.436, 5.37954e+09, 5379540773, 5379540757, 1 
1073741824, 384, 1, 6, 64, 384, 412316860416, 6144, 2565.62, 160.708, 5.3771e+09, 5377099528, 5377099508, 1 
1073741824, 448, 1, 7, 64, 448, 481036337152, 7168, 2575.9, 186.745, 5.37996e+09, 5379955712, 5379955666, 1 
1073741824, 512, 1, 8, 64, 512, 549755813888, 8192, 2566.05, 214.242, 5.3771e+09, 5377099556, 5377099496, 1 
1073741824, 576, 1, 9, 64, 576, 618475290624, 9216, 3854.24, 160.466, 5.6767e+09, 8057653731, 5378948162, 1.01094 
1073741824, 640, 1, 10, 64, 640, 687194767360, 10240, 3855.06, 178.258, 5.9139e+09, 8060071669, 5377099484, 1.01633 
1073741824, 704, 1, 11, 64, 704, 755914244096, 11264, 3845.13, 196.59, 6.10827e+09, 8056997568, 5377099692, 1.01891 
1073741824, 768, 1, 12, 64, 768, 824633720832, 12288, 3854.3, 213.952, 6.27106e+09, 8057941846, 5377621848, 1.0201 
1073741824, 832, 1, 13, 64, 832, 893353197568, 13312, 5127.16, 174.239, 6.61486e+09, 10744216016, 5377625500, 1.03254 
1073741824, 896, 1, 14, 64, 896, 962072674304, 14336, 5136.96, 187.284, 6.91001e+09, 10745562221, 5377625424, 1.03923 
1073741824, 960, 1, 15, 64, 960, 1030792151040, 15360, 5126.77, 201.061, 7.16536e+09, 10744216120, 5377625400, 1.04269 
1073741824, 1024, 1, 16, 64, 1024, 1099511627776, 16384, 5128.28, 214.402, 7.38902e+09, 10744215828, 5377625628, 1.04433 
