[INFO] GPU Roofline Tools 
[INFO] Version 1.0.0 (C)2024 Bagus Hanindhito 
[INFO] Built for AMD Instinct MI300X (gfx942) GPUs
[INFO] Detected 8 HIP-capable device(s)
[INFO] +---+------------------------+----+----+-----------+--------------+--------------+
[INFO] |#  |Device Name             |CC  |#CU |Freq. (MHz)|Mem. Size (MB)|Mem. BW (GB/s)|
[INFO] +---+------------------------+----+----+-----------+--------------+--------------+
[INFO] |0  |AMD Instinct MI300X     |9.4 |304 |2100       |196592        |2662.4        |
[INFO] +---+------------------------+----+----+-----------+--------------+--------------+
[INFO] |1  |AMD Instinct MI300X     |9.4 |304 |2100       |196592        |2662.4        |
[INFO] +---+------------------------+----+----+-----------+--------------+--------------+
[INFO] |2  |AMD Instinct MI300X     |9.4 |304 |2100       |196592        |2662.4        |
[INFO] +---+------------------------+----+----+-----------+--------------+--------------+
[INFO] |3  |AMD Instinct MI300X     |9.4 |304 |2100       |196592        |2662.4        |
[INFO] +---+------------------------+----+----+-----------+--------------+--------------+
[INFO] |4  |AMD Instinct MI300X     |9.4 |304 |2100       |196592        |2662.4        |
[INFO] +---+------------------------+----+----+-----------+--------------+--------------+
[INFO] |5  |AMD Instinct MI300X     |9.4 |304 |2100       |196592        |2662.4        |
[INFO] +---+------------------------+----+----+-----------+--------------+--------------+
[INFO] |6  |AMD Instinct MI300X     |9.4 |304 |2100       |196592        |2662.4        |
[INFO] +---+------------------------+----+----+-----------+--------------+--------------+
[INFO] |7  |AMD Instinct MI300X     |9.4 |304 |2100       |196592        |2662.4        |
[INFO] +---+------------------------+----+----+-----------+--------------+--------------+
[WARN] This program does not currently support Multi-GPU run.
[INFO] Set default GPU to GPU index 0
[INFO] (1743269007) Running with 1 wavefront(s) per workgroup and 1 workgroup(s)
[INFO] (1743269009) Running with 2 wavefront(s) per workgroup and 1 workgroup(s)
[INFO] (1743269011) Running with 3 wavefront(s) per workgroup and 1 workgroup(s)
[INFO] (1743269013) Running with 4 wavefront(s) per workgroup and 1 workgroup(s)
[INFO] (1743269015) Running with 5 wavefront(s) per workgroup and 1 workgroup(s)
[INFO] (1743269018) Running with 6 wavefront(s) per workgroup and 1 workgroup(s)
[INFO] (1743269020) Running with 7 wavefront(s) per workgroup and 1 workgroup(s)
[INFO] (1743269022) Running with 8 wavefront(s) per workgroup and 1 workgroup(s)
[INFO] (1743269024) Running with 9 wavefront(s) per workgroup and 1 workgroup(s)
[INFO] (1743269028) Running with 10 wavefront(s) per workgroup and 1 workgroup(s)
[INFO] (1743269032) Running with 11 wavefront(s) per workgroup and 1 workgroup(s)
[INFO] (1743269036) Running with 12 wavefront(s) per workgroup and 1 workgroup(s)
[INFO] (1743269040) Running with 13 wavefront(s) per workgroup and 1 workgroup(s)
[INFO] (1743269044) Running with 14 wavefront(s) per workgroup and 1 workgroup(s)
[INFO] (1743269048) Running with 15 wavefront(s) per workgroup and 1 workgroup(s)
[INFO] (1743269052) Running with 16 wavefront(s) per workgroup and 1 workgroup(s)
Result V_ADD2 with fp32
n_iter, n_thread, n_wg, n_wf, wf_size, wg_size, n_flops, n_bytes, time_ms, gflop/s, avg_clock, max_clock, min_clock, stdev_clock 
1073741824, 64, 1, 1, 64, 64, 68719476736, 512, 2072.5, 33.1577, 4.30711e+09, 4307109639, 4307109639, 1 
1073741824, 128, 1, 2, 64, 128, 137438953472, 1024, 2060.71, 66.6948, 4.30468e+09, 4304677329, 4304677317, 1 
1073741824, 192, 1, 3, 64, 192, 206158430208, 1536, 2061.86, 99.9865, 4.30621e+09, 4306206981, 4306206964, 1 
1073741824, 256, 1, 4, 64, 256, 274877906944, 2048, 2061.83, 133.317, 4.30451e+09, 4304507188, 4304507163, 1 
1073741824, 320, 1, 5, 64, 320, 343597383680, 2560, 2061.95, 166.637, 4.30557e+09, 4305569925, 4305569901, 1 
1073741824, 384, 1, 6, 64, 384, 412316860416, 3072, 2062.58, 199.904, 4.30623e+09, 4306225501, 4306225460, 1 
1073741824, 448, 1, 7, 64, 448, 481036337152, 3584, 2053.24, 234.281, 4.30336e+09, 4303357344, 4303357080, 1 
1073741824, 512, 1, 8, 64, 512, 549755813888, 4096, 2063.47, 266.423, 4.30496e+09, 4304959379, 4304959331, 1 
1073741824, 576, 1, 9, 64, 576, 618475290624, 4608, 4099.86, 150.853, 4.78023e+09, 8595175268, 4303357036, 1.03904 
1073741824, 640, 1, 10, 64, 640, 687194767360, 5120, 4109.06, 167.239, 5.1643e+09, 8598036564, 4306221794, 1.05377 
1073741824, 704, 1, 11, 64, 704, 755914244096, 5632, 4110.05, 183.919, 5.47393e+09, 8596519248, 4303357044, 1.05922 
1073741824, 768, 1, 12, 64, 768, 824633720832, 6144, 4098.18, 201.22, 5.73239e+09, 8592025172, 4303356900, 1.06033 
1073741824, 832, 1, 13, 64, 832, 893353197568, 6656, 4112.76, 217.215, 5.95503e+09, 8603983238, 4303356816, 1.05976 
1073741824, 896, 1, 14, 64, 896, 962072674304, 7168, 4103.2, 234.469, 6.1436e+09, 8601457072, 4303357048, 1.05813 
1073741824, 960, 1, 15, 64, 960, 1030792151040, 7680, 4104.99, 251.107, 6.30725e+09, 8605639000, 4303356896, 1.05611 
1073741824, 1024, 1, 16, 64, 1024, 1099511627776, 8192, 4116.45, 267.102, 6.45338e+09, 8606453884, 4305903449, 1.05391 
