[INFO] GPU Roofline Tools 
[INFO] Version 1.0.0 (C)2024 Bagus Hanindhito 
[INFO] Built for AMD Instinct MI300X (gfx942) GPUs
[INFO] Detected 8 HIP-capable device(s)
[INFO] +---+------------------------+----+----+-----------+--------------+--------------+
[INFO] |#  |Device Name             |CC  |#CU |Freq. (MHz)|Mem. Size (MB)|Mem. BW (GB/s)|
[INFO] +---+------------------------+----+----+-----------+--------------+--------------+
[INFO] |0  |AMD Instinct MI300X     |9.4 |304 |2100       |196592        |2662.4        |
[INFO] +---+------------------------+----+----+-----------+--------------+--------------+
[INFO] |1  |AMD Instinct MI300X     |9.4 |304 |2100       |196592        |2662.4        |
[INFO] +---+------------------------+----+----+-----------+--------------+--------------+
[INFO] |2  |AMD Instinct MI300X     |9.4 |304 |2100       |196592        |2662.4        |
[INFO] +---+------------------------+----+----+-----------+--------------+--------------+
[INFO] |3  |AMD Instinct MI300X     |9.4 |304 |2100       |196592        |2662.4        |
[INFO] +---+------------------------+----+----+-----------+--------------+--------------+
[INFO] |4  |AMD Instinct MI300X     |9.4 |304 |2100       |196592        |2662.4        |
[INFO] +---+------------------------+----+----+-----------+--------------+--------------+
[INFO] |5  |AMD Instinct MI300X     |9.4 |304 |2100       |196592        |2662.4        |
[INFO] +---+------------------------+----+----+-----------+--------------+--------------+
[INFO] |6  |AMD Instinct MI300X     |9.4 |304 |2100       |196592        |2662.4        |
[INFO] +---+------------------------+----+----+-----------+--------------+--------------+
[INFO] |7  |AMD Instinct MI300X     |9.4 |304 |2100       |196592        |2662.4        |
[INFO] +---+------------------------+----+----+-----------+--------------+--------------+
[WARN] This program does not currently support Multi-GPU run.
[INFO] Set default GPU to GPU index 0
[INFO] (1743278304) Running with 1 wavefront(s) per workgroup and 1 workgroup(s)
[INFO] (1743278308) Running with 2 wavefront(s) per workgroup and 1 workgroup(s)
[INFO] (1743278312) Running with 3 wavefront(s) per workgroup and 1 workgroup(s)
[INFO] (1743278316) Running with 4 wavefront(s) per workgroup and 1 workgroup(s)
[INFO] (1743278320) Running with 5 wavefront(s) per workgroup and 1 workgroup(s)
[INFO] (1743278329) Running with 6 wavefront(s) per workgroup and 1 workgroup(s)
[INFO] (1743278337) Running with 7 wavefront(s) per workgroup and 1 workgroup(s)
[INFO] (1743278345) Running with 8 wavefront(s) per workgroup and 1 workgroup(s)
[INFO] (1743278353) Running with 9 wavefront(s) per workgroup and 1 workgroup(s)
[INFO] (1743278365) Running with 10 wavefront(s) per workgroup and 1 workgroup(s)
[INFO] (1743278378) Running with 11 wavefront(s) per workgroup and 1 workgroup(s)
[INFO] (1743278390) Running with 12 wavefront(s) per workgroup and 1 workgroup(s)
[INFO] (1743278402) Running with 13 wavefront(s) per workgroup and 1 workgroup(s)
[INFO] (1743278419) Running with 14 wavefront(s) per workgroup and 1 workgroup(s)
[INFO] (1743278435) Running with 15 wavefront(s) per workgroup and 1 workgroup(s)
[INFO] (1743278452) Running with 16 wavefront(s) per workgroup and 1 workgroup(s)
Result V_FMA3 with fp16
n_iter, n_thread, n_wg, n_wf, wf_size, wg_size, n_flops, n_bytes, time_ms, gflop/s, avg_clock, max_clock, min_clock, stdev_clock 
1073741824, 64, 1, 1, 64, 64, 137438953472, 384, 4137.81, 33.2154, 8.60825e+09, 8608254697, 8608254697, 1 
1073741824, 128, 1, 2, 64, 128, 274877906944, 768, 4117.27, 66.7621, 8.60231e+09, 8602305585, 8602305570, 1 
1073741824, 192, 1, 3, 64, 192, 412316860416, 1152, 4119.09, 100.099, 8.60256e+09, 8602558032, 8602558008, 1 
1073741824, 256, 1, 4, 64, 256, 549755813888, 1536, 4108.82, 133.799, 8.59928e+09, 8599277789, 8599277751, 1 
1073741824, 320, 1, 5, 64, 320, 687194767360, 1920, 8212.67, 83.6749, 1.03179e+10, 17190537481, 8599695359, 1.054 
1073741824, 384, 1, 6, 64, 384, 824633720832, 2304, 8204.82, 100.506, 1.1462e+10, 17189218963, 8598324900, 1.06058 
1073741824, 448, 1, 7, 64, 448, 962072674304, 2688, 8204.31, 117.264, 1.22808e+10, 17190776954, 8598324776, 1.05825 
1073741824, 512, 1, 8, 64, 512, 1099511627776, 3072, 8195.47, 134.161, 1.28933e+10, 17188254500, 8598324980, 1.05402 
1073741824, 576, 1, 9, 64, 576, 1236950581248, 3456, 12296.7, 100.592, 1.43259e+10, 25779120030, 8599262427, 1.07694 
1073741824, 640, 1, 10, 64, 640, 1374389534720, 3840, 12302, 111.72, 1.54722e+10, 25781349997, 8598324976, 1.0829 
1073741824, 704, 1, 11, 64, 704, 1511828488192, 4224, 12301, 122.903, 1.6408e+10, 25779172716, 8598324728, 1.08267 
1073741824, 768, 1, 12, 64, 768, 1649267441664, 4608, 12307.4, 134.006, 1.71887e+10, 25779623267, 8598325040, 1.08006 
1073741824, 832, 1, 13, 64, 832, 1786706395136, 4992, 16399.4, 108.95, 1.851e+10, 34371243889, 8598324720, 1.09257 
1073741824, 896, 1, 14, 64, 896, 1924145348608, 5376, 16404.4, 117.295, 1.96431e+10, 34369565769, 8598324828, 1.0968 
1073741824, 960, 1, 15, 64, 960, 2061584302080, 5760, 16403.5, 125.679, 2.06255e+10, 34370851493, 8598324740, 1.09707 
1073741824, 1024, 1, 16, 64, 1024, 2199023255552, 6144, 16404.9, 134.047, 2.14838e+10, 34369272681, 8598324836, 1.09538 
