[INFO] GPU Roofline Tools 
[INFO] Version 1.0.0 (C)2024 Bagus Hanindhito 
[INFO] Built for AMD Instinct MI300X (gfx942) GPUs
[INFO] Detected 8 HIP-capable device(s)
[INFO] +---+------------------------+----+----+-----------+--------------+--------------+
[INFO] |#  |Device Name             |CC  |#CU |Freq. (MHz)|Mem. Size (MB)|Mem. BW (GB/s)|
[INFO] +---+------------------------+----+----+-----------+--------------+--------------+
[INFO] |0  |AMD Instinct MI300X     |9.4 |304 |2100       |196592        |2662.4        |
[INFO] +---+------------------------+----+----+-----------+--------------+--------------+
[INFO] |1  |AMD Instinct MI300X     |9.4 |304 |2100       |196592        |2662.4        |
[INFO] +---+------------------------+----+----+-----------+--------------+--------------+
[INFO] |2  |AMD Instinct MI300X     |9.4 |304 |2100       |196592        |2662.4        |
[INFO] +---+------------------------+----+----+-----------+--------------+--------------+
[INFO] |3  |AMD Instinct MI300X     |9.4 |304 |2100       |196592        |2662.4        |
[INFO] +---+------------------------+----+----+-----------+--------------+--------------+
[INFO] |4  |AMD Instinct MI300X     |9.4 |304 |2100       |196592        |2662.4        |
[INFO] +---+------------------------+----+----+-----------+--------------+--------------+
[INFO] |5  |AMD Instinct MI300X     |9.4 |304 |2100       |196592        |2662.4        |
[INFO] +---+------------------------+----+----+-----------+--------------+--------------+
[INFO] |6  |AMD Instinct MI300X     |9.4 |304 |2100       |196592        |2662.4        |
[INFO] +---+------------------------+----+----+-----------+--------------+--------------+
[INFO] |7  |AMD Instinct MI300X     |9.4 |304 |2100       |196592        |2662.4        |
[INFO] +---+------------------------+----+----+-----------+--------------+--------------+
[WARN] This program does not currently support Multi-GPU run.
[INFO] Set default GPU to GPU index 0
[INFO] (1743263406) Running with 1 wavefront(s) per workgroup and 1 workgroup(s)
[INFO] (1743263409) Running with 2 wavefront(s) per workgroup and 1 workgroup(s)
[INFO] (1743263411) Running with 3 wavefront(s) per workgroup and 1 workgroup(s)
[INFO] (1743263413) Running with 4 wavefront(s) per workgroup and 1 workgroup(s)
[INFO] (1743263415) Running with 5 wavefront(s) per workgroup and 1 workgroup(s)
[INFO] (1743263419) Running with 6 wavefront(s) per workgroup and 1 workgroup(s)
[INFO] (1743263423) Running with 7 wavefront(s) per workgroup and 1 workgroup(s)
[INFO] (1743263427) Running with 8 wavefront(s) per workgroup and 1 workgroup(s)
[INFO] (1743263431) Running with 9 wavefront(s) per workgroup and 1 workgroup(s)
[INFO] (1743263437) Running with 10 wavefront(s) per workgroup and 1 workgroup(s)
[INFO] (1743263443) Running with 11 wavefront(s) per workgroup and 1 workgroup(s)
[INFO] (1743263450) Running with 12 wavefront(s) per workgroup and 1 workgroup(s)
[INFO] (1743263456) Running with 13 wavefront(s) per workgroup and 1 workgroup(s)
[INFO] (1743263464) Running with 14 wavefront(s) per workgroup and 1 workgroup(s)
[INFO] (1743263472) Running with 15 wavefront(s) per workgroup and 1 workgroup(s)
[INFO] (1743263480) Running with 16 wavefront(s) per workgroup and 1 workgroup(s)
Result V_ADD1 with fp32
n_iter, n_thread, n_wg, n_wf, wf_size, wg_size, n_flops, n_bytes, time_ms, gflop/s, avg_clock, max_clock, min_clock, stdev_clock 
1073741824, 64, 1, 1, 64, 64, 68719476736, 256, 2070.65, 33.1874, 4.30834e+09, 4308337843, 4308337843, 1 
1073741824, 128, 1, 2, 64, 128, 137438953472, 512, 2069.63, 66.4075, 4.30727e+09, 4307269118, 4307269101, 1 
1073741824, 192, 1, 3, 64, 192, 206158430208, 768, 2070.92, 99.549, 4.30826e+09, 4308257767, 4308257742, 1 
1073741824, 256, 1, 4, 64, 256, 274877906944, 1024, 2060.62, 133.396, 4.30477e+09, 4304769694, 4304769676, 1 
1073741824, 320, 1, 5, 64, 320, 343597383680, 1280, 4107.51, 83.651, 5.16495e+09, 8600914211, 4305959560, 1.05387 
1073741824, 384, 1, 6, 64, 384, 412316860416, 1536, 4108.48, 100.358, 5.73593e+09, 8599232940, 4304277590, 1.06047 
1073741824, 448, 1, 7, 64, 448, 481036337152, 1792, 4108.25, 117.09, 6.14633e+09, 8600586467, 4305631415, 1.0581 
1073741824, 512, 1, 8, 64, 512, 549755813888, 2048, 4107.47, 133.843, 6.45131e+09, 8599257035, 4303356956, 1.05397 
1073741824, 576, 1, 9, 64, 576, 618475290624, 2304, 6156.65, 100.457, 7.16685e+09, 12894927648, 4303356840, 1.07687 
1073741824, 640, 1, 10, 64, 640, 687194767360, 2560, 6145.04, 111.829, 7.73933e+09, 12893283052, 4303356972, 1.0828 
1073741824, 704, 1, 11, 64, 704, 755914244096, 2816, 6157.19, 122.769, 8.21111e+09, 12896521550, 4306598342, 1.08252 
1073741824, 768, 1, 12, 64, 768, 824633720832, 3072, 6145.3, 134.189, 8.59832e+09, 12893284664, 4303356828, 1.07997 
1073741824, 832, 1, 13, 64, 832, 893353197568, 3328, 8202.98, 108.906, 9.26003e+09, 17189200620, 4304310686, 1.09247 
1073741824, 896, 1, 14, 64, 896, 962072674304, 3584, 8203.31, 117.279, 9.82589e+09, 17191329295, 4303356716, 1.09673 
1073741824, 960, 1, 15, 64, 960, 1030792151040, 3840, 8192.19, 125.826, 1.03163e+10, 17188250308, 4303356860, 1.09698 
1073741824, 1024, 1, 16, 64, 1024, 1099511627776, 4096, 8202.39, 134.048, 1.0746e+10, 17189166407, 4303356900, 1.09531 
