[INFO] GPU Roofline Tools 
[INFO] Version 1.0.0 (C)2024 Bagus Hanindhito 
[INFO] Built for AMD Instinct MI300X (gfx942) GPUs
[INFO] Detected 8 HIP-capable device(s)
[INFO] +---+------------------------+----+----+-----------+--------------+--------------+
[INFO] |#  |Device Name             |CC  |#CU |Freq. (MHz)|Mem. Size (MB)|Mem. BW (GB/s)|
[INFO] +---+------------------------+----+----+-----------+--------------+--------------+
[INFO] |0  |AMD Instinct MI300X     |9.4 |304 |2100       |196592        |2662.4        |
[INFO] +---+------------------------+----+----+-----------+--------------+--------------+
[INFO] |1  |AMD Instinct MI300X     |9.4 |304 |2100       |196592        |2662.4        |
[INFO] +---+------------------------+----+----+-----------+--------------+--------------+
[INFO] |2  |AMD Instinct MI300X     |9.4 |304 |2100       |196592        |2662.4        |
[INFO] +---+------------------------+----+----+-----------+--------------+--------------+
[INFO] |3  |AMD Instinct MI300X     |9.4 |304 |2100       |196592        |2662.4        |
[INFO] +---+------------------------+----+----+-----------+--------------+--------------+
[INFO] |4  |AMD Instinct MI300X     |9.4 |304 |2100       |196592        |2662.4        |
[INFO] +---+------------------------+----+----+-----------+--------------+--------------+
[INFO] |5  |AMD Instinct MI300X     |9.4 |304 |2100       |196592        |2662.4        |
[INFO] +---+------------------------+----+----+-----------+--------------+--------------+
[INFO] |6  |AMD Instinct MI300X     |9.4 |304 |2100       |196592        |2662.4        |
[INFO] +---+------------------------+----+----+-----------+--------------+--------------+
[INFO] |7  |AMD Instinct MI300X     |9.4 |304 |2100       |196592        |2662.4        |
[INFO] +---+------------------------+----+----+-----------+--------------+--------------+
[WARN] This program does not currently support Multi-GPU run.
[INFO] Set default GPU to GPU index 0
[INFO] (1743288165) Running with 1 wavefront(s) per workgroup and 1 workgroup(s)
[INFO] (1743288170) Running with 2 wavefront(s) per workgroup and 1 workgroup(s)
[INFO] (1743288174) Running with 3 wavefront(s) per workgroup and 1 workgroup(s)
[INFO] (1743288178) Running with 4 wavefront(s) per workgroup and 1 workgroup(s)
[INFO] (1743288182) Running with 5 wavefront(s) per workgroup and 1 workgroup(s)
[INFO] (1743288190) Running with 6 wavefront(s) per workgroup and 1 workgroup(s)
[INFO] (1743288199) Running with 7 wavefront(s) per workgroup and 1 workgroup(s)
[INFO] (1743288207) Running with 8 wavefront(s) per workgroup and 1 workgroup(s)
[INFO] (1743288215) Running with 9 wavefront(s) per workgroup and 1 workgroup(s)
[INFO] (1743288227) Running with 10 wavefront(s) per workgroup and 1 workgroup(s)
[INFO] (1743288240) Running with 11 wavefront(s) per workgroup and 1 workgroup(s)
[INFO] (1743288252) Running with 12 wavefront(s) per workgroup and 1 workgroup(s)
[INFO] (1743288264) Running with 13 wavefront(s) per workgroup and 1 workgroup(s)
[INFO] (1743288281) Running with 14 wavefront(s) per workgroup and 1 workgroup(s)
[INFO] (1743288297) Running with 15 wavefront(s) per workgroup and 1 workgroup(s)
[INFO] (1743288313) Running with 16 wavefront(s) per workgroup and 1 workgroup(s)
Result V_FMA2 with fp16
n_iter, n_thread, n_wg, n_wf, wf_size, wg_size, n_flops, n_bytes, time_ms, gflop/s, avg_clock, max_clock, min_clock, stdev_clock 
1073741824, 64, 1, 1, 64, 64, 137438953472, 256, 4149.61, 33.1209, 8.6061e+09, 8606103091, 8606103091, 1 
1073741824, 128, 1, 2, 64, 128, 274877906944, 512, 4129.74, 66.5607, 8.60269e+09, 8602693840, 8602693830, 1 
1073741824, 192, 1, 3, 64, 192, 412316860416, 768, 4111.74, 100.278, 8.59966e+09, 8599664721, 8599664711, 1 
1073741824, 256, 1, 4, 64, 256, 549755813888, 1024, 4122.48, 133.356, 8.60238e+09, 8602375871, 8602375847, 1 
1073741824, 320, 1, 5, 64, 320, 687194767360, 1280, 8207.84, 83.7241, 1.03169e+10, 17191005386, 8598324792, 1.05403 
1073741824, 384, 1, 6, 64, 384, 824633720832, 1536, 8207.17, 100.477, 1.14626e+10, 17189187261, 8599262945, 1.06056 
1073741824, 448, 1, 7, 64, 448, 962072674304, 1792, 8208.92, 117.198, 1.22826e+10, 17191150137, 8601229289, 1.0582 
1073741824, 512, 1, 8, 64, 512, 1099511627776, 2048, 8208.81, 133.943, 1.28953e+10, 17190257710, 8600334473, 1.05401 
1073741824, 576, 1, 9, 64, 576, 1236950581248, 2304, 12307.9, 100.501, 1.43251e+10, 25779149750, 8598324848, 1.07695 
1073741824, 640, 1, 10, 64, 640, 1374389534720, 2560, 12306.7, 111.678, 1.54709e+10, 25781232106, 8598324640, 1.08291 
1073741824, 704, 1, 11, 64, 704, 1511828488192, 2816, 12300.5, 122.908, 1.64074e+10, 25778189124, 8598324808, 1.08266 
1073741824, 768, 1, 12, 64, 768, 1649267441664, 3072, 12309.7, 133.982, 1.71891e+10, 25779064388, 8599207601, 1.08004 
1073741824, 832, 1, 13, 64, 832, 1786706395136, 3328, 16403.5, 108.922, 1.85115e+10, 34370614049, 8598324464, 1.09257 
1073741824, 896, 1, 14, 64, 896, 1924145348608, 3584, 16400.1, 117.325, 1.96437e+10, 34369301733, 8599511212, 1.09678 
1073741824, 960, 1, 15, 64, 960, 2061584302080, 3840, 16405.5, 125.664, 2.06272e+10, 34371050521, 8601259385, 1.09703 
1073741824, 1024, 1, 16, 64, 1024, 2199023255552, 4096, 16414.6, 133.968, 2.14859e+10, 34373021177, 8600213943, 1.09537 
