[INFO] GPU Roofline Tools 
[INFO] Version 1.0.0 (C)2024 Bagus Hanindhito 
[INFO] Built for AMD Instinct MI300X (gfx942) GPUs
[INFO] Detected 8 HIP-capable device(s)
[INFO] +---+------------------------+----+----+-----------+--------------+--------------+
[INFO] |#  |Device Name             |CC  |#CU |Freq. (MHz)|Mem. Size (MB)|Mem. BW (GB/s)|
[INFO] +---+------------------------+----+----+-----------+--------------+--------------+
[INFO] |0  |AMD Instinct MI300X     |9.4 |304 |2100       |196592        |2662.4        |
[INFO] +---+------------------------+----+----+-----------+--------------+--------------+
[INFO] |1  |AMD Instinct MI300X     |9.4 |304 |2100       |196592        |2662.4        |
[INFO] +---+------------------------+----+----+-----------+--------------+--------------+
[INFO] |2  |AMD Instinct MI300X     |9.4 |304 |2100       |196592        |2662.4        |
[INFO] +---+------------------------+----+----+-----------+--------------+--------------+
[INFO] |3  |AMD Instinct MI300X     |9.4 |304 |2100       |196592        |2662.4        |
[INFO] +---+------------------------+----+----+-----------+--------------+--------------+
[INFO] |4  |AMD Instinct MI300X     |9.4 |304 |2100       |196592        |2662.4        |
[INFO] +---+------------------------+----+----+-----------+--------------+--------------+
[INFO] |5  |AMD Instinct MI300X     |9.4 |304 |2100       |196592        |2662.4        |
[INFO] +---+------------------------+----+----+-----------+--------------+--------------+
[INFO] |6  |AMD Instinct MI300X     |9.4 |304 |2100       |196592        |2662.4        |
[INFO] +---+------------------------+----+----+-----------+--------------+--------------+
[INFO] |7  |AMD Instinct MI300X     |9.4 |304 |2100       |196592        |2662.4        |
[INFO] +---+------------------------+----+----+-----------+--------------+--------------+
[WARN] This program does not currently support Multi-GPU run.
[INFO] Set default GPU to GPU index 0
[INFO] (1743268788) Running with 1 wavefront(s) per workgroup and 1 workgroup(s)
[INFO] (1743268790) Running with 2 wavefront(s) per workgroup and 1 workgroup(s)
[INFO] (1743268792) Running with 3 wavefront(s) per workgroup and 1 workgroup(s)
[INFO] (1743268794) Running with 4 wavefront(s) per workgroup and 1 workgroup(s)
[INFO] (1743268796) Running with 5 wavefront(s) per workgroup and 1 workgroup(s)
[INFO] (1743268798) Running with 6 wavefront(s) per workgroup and 1 workgroup(s)
[INFO] (1743268800) Running with 7 wavefront(s) per workgroup and 1 workgroup(s)
[INFO] (1743268802) Running with 8 wavefront(s) per workgroup and 1 workgroup(s)
[INFO] (1743268804) Running with 9 wavefront(s) per workgroup and 1 workgroup(s)
[INFO] (1743268808) Running with 10 wavefront(s) per workgroup and 1 workgroup(s)
[INFO] (1743268813) Running with 11 wavefront(s) per workgroup and 1 workgroup(s)
[INFO] (1743268817) Running with 12 wavefront(s) per workgroup and 1 workgroup(s)
[INFO] (1743268821) Running with 13 wavefront(s) per workgroup and 1 workgroup(s)
[INFO] (1743268825) Running with 14 wavefront(s) per workgroup and 1 workgroup(s)
[INFO] (1743268829) Running with 15 wavefront(s) per workgroup and 1 workgroup(s)
[INFO] (1743268833) Running with 16 wavefront(s) per workgroup and 1 workgroup(s)
Result V_ADD2 with fp16
n_iter, n_thread, n_wg, n_wf, wf_size, wg_size, n_flops, n_bytes, time_ms, gflop/s, avg_clock, max_clock, min_clock, stdev_clock 
1073741824, 64, 1, 1, 64, 64, 68719476736, 256, 2073.73, 33.1381, 4.30833e+09, 4308330899, 4308330899, 1 
1073741824, 128, 1, 2, 64, 128, 137438953472, 512, 2061.16, 66.6803, 4.30493e+09, 4304932742, 4304932738, 1 
1073741824, 192, 1, 3, 64, 192, 206158430208, 768, 2063.27, 99.9183, 4.30642e+09, 4306423851, 4306423837, 1 
1073741824, 256, 1, 4, 64, 256, 274877906944, 1024, 2063.41, 133.215, 4.30473e+09, 4304734607, 4304734584, 1 
1073741824, 320, 1, 5, 64, 320, 343597383680, 1280, 2062.29, 166.61, 4.3058e+09, 4305796969, 4305796945, 1 
1073741824, 384, 1, 6, 64, 384, 412316860416, 1536, 2062.98, 199.865, 4.30629e+09, 4306288932, 4306288905, 1 
1073741824, 448, 1, 7, 64, 448, 481036337152, 1792, 2052.39, 234.379, 4.30336e+09, 4303357028, 4303357012, 1 
1073741824, 512, 1, 8, 64, 512, 549755813888, 2048, 2062.54, 266.543, 4.30463e+09, 4304627997, 4304627957, 1 
1073741824, 576, 1, 9, 64, 576, 618475290624, 2304, 4099.51, 150.866, 4.78023e+09, 8595175428, 4303357244, 1.03904 
1073741824, 640, 1, 10, 64, 640, 687194767360, 2560, 4107.63, 167.297, 5.16382e+09, 8593444992, 4306410337, 1.0537 
1073741824, 704, 1, 11, 64, 704, 755914244096, 2816, 4108.83, 183.973, 5.47276e+09, 8591167916, 4303357248, 1.05913 
1073741824, 768, 1, 12, 64, 768, 824633720832, 3072, 4099.17, 201.171, 5.73326e+09, 8595175320, 4303357028, 1.06038 
1073741824, 832, 1, 13, 64, 832, 893353197568, 3328, 4113.15, 217.194, 5.95596e+09, 8605149536, 4303356936, 1.0598 
1073741824, 896, 1, 14, 64, 896, 962072674304, 3584, 4105.13, 234.358, 6.14285e+09, 8606691112, 4303357112, 1.05809 
1073741824, 960, 1, 15, 64, 960, 1030792151040, 3840, 4106.01, 251.045, 6.30746e+09, 8606691044, 4303356972, 1.05611 
1073741824, 1024, 1, 16, 64, 1024, 1099511627776, 4096, 4116.66, 267.089, 6.45304e+09, 8607214385, 4305567185, 1.05392 
