[INFO] GPU Roofline Tools 
[INFO] Version 1.0.0 (C)2024 Bagus Hanindhito 
[INFO] Built for AMD Instinct MI300X (gfx942) GPUs
[INFO] Detected 8 HIP-capable device(s)
[INFO] +---+------------------------+----+----+-----------+--------------+--------------+
[INFO] |#  |Device Name             |CC  |#CU |Freq. (MHz)|Mem. Size (MB)|Mem. BW (GB/s)|
[INFO] +---+------------------------+----+----+-----------+--------------+--------------+
[INFO] |0  |AMD Instinct MI300X     |9.4 |304 |2100       |196592        |2662.4        |
[INFO] +---+------------------------+----+----+-----------+--------------+--------------+
[INFO] |1  |AMD Instinct MI300X     |9.4 |304 |2100       |196592        |2662.4        |
[INFO] +---+------------------------+----+----+-----------+--------------+--------------+
[INFO] |2  |AMD Instinct MI300X     |9.4 |304 |2100       |196592        |2662.4        |
[INFO] +---+------------------------+----+----+-----------+--------------+--------------+
[INFO] |3  |AMD Instinct MI300X     |9.4 |304 |2100       |196592        |2662.4        |
[INFO] +---+------------------------+----+----+-----------+--------------+--------------+
[INFO] |4  |AMD Instinct MI300X     |9.4 |304 |2100       |196592        |2662.4        |
[INFO] +---+------------------------+----+----+-----------+--------------+--------------+
[INFO] |5  |AMD Instinct MI300X     |9.4 |304 |2100       |196592        |2662.4        |
[INFO] +---+------------------------+----+----+-----------+--------------+--------------+
[INFO] |6  |AMD Instinct MI300X     |9.4 |304 |2100       |196592        |2662.4        |
[INFO] +---+------------------------+----+----+-----------+--------------+--------------+
[INFO] |7  |AMD Instinct MI300X     |9.4 |304 |2100       |196592        |2662.4        |
[INFO] +---+------------------------+----+----+-----------+--------------+--------------+
[WARN] This program does not currently support Multi-GPU run.
[INFO] Set default GPU to GPU index 0
[INFO] (1743263150) Running with 1 wavefront(s) per workgroup and 1 workgroup(s)
[INFO] (1743263152) Running with 2 wavefront(s) per workgroup and 1 workgroup(s)
[INFO] (1743263154) Running with 3 wavefront(s) per workgroup and 1 workgroup(s)
[INFO] (1743263156) Running with 4 wavefront(s) per workgroup and 1 workgroup(s)
[INFO] (1743263158) Running with 5 wavefront(s) per workgroup and 1 workgroup(s)
[INFO] (1743263162) Running with 6 wavefront(s) per workgroup and 1 workgroup(s)
[INFO] (1743263167) Running with 7 wavefront(s) per workgroup and 1 workgroup(s)
[INFO] (1743263171) Running with 8 wavefront(s) per workgroup and 1 workgroup(s)
[INFO] (1743263175) Running with 9 wavefront(s) per workgroup and 1 workgroup(s)
[INFO] (1743263181) Running with 10 wavefront(s) per workgroup and 1 workgroup(s)
[INFO] (1743263187) Running with 11 wavefront(s) per workgroup and 1 workgroup(s)
[INFO] (1743263193) Running with 12 wavefront(s) per workgroup and 1 workgroup(s)
[INFO] (1743263199) Running with 13 wavefront(s) per workgroup and 1 workgroup(s)
[INFO] (1743263208) Running with 14 wavefront(s) per workgroup and 1 workgroup(s)
[INFO] (1743263216) Running with 15 wavefront(s) per workgroup and 1 workgroup(s)
[INFO] (1743263224) Running with 16 wavefront(s) per workgroup and 1 workgroup(s)
Result V_ADD1 with fp16
n_iter, n_thread, n_wg, n_wf, wf_size, wg_size, n_flops, n_bytes, time_ms, gflop/s, avg_clock, max_clock, min_clock, stdev_clock 
1073741824, 64, 1, 1, 64, 64, 68719476736, 128, 2070.45, 33.1905, 4.30855e+09, 4308548127, 4308548127, 1 
1073741824, 128, 1, 2, 64, 128, 137438953472, 256, 2069.44, 66.4136, 4.30704e+09, 4307038887, 4307038852, 1 
1073741824, 192, 1, 3, 64, 192, 206158430208, 384, 2070.59, 99.5651, 4.30774e+09, 4307743006, 4307742949, 1 
1073741824, 256, 1, 4, 64, 256, 274877906944, 512, 2060.21, 133.422, 4.30473e+09, 4304732485, 4304732475, 1 
1073741824, 320, 1, 5, 64, 320, 343597383680, 640, 4107, 83.6613, 5.16549e+09, 8601454409, 4306498973, 1.05386 
1073741824, 384, 1, 6, 64, 384, 412316860416, 768, 4106.47, 100.407, 5.73596e+09, 8599267834, 4304312576, 1.06047 
1073741824, 448, 1, 7, 64, 448, 481036337152, 896, 4107.09, 117.123, 6.14524e+09, 8599502831, 4304547587, 1.05812 
1073741824, 512, 1, 8, 64, 512, 549755813888, 1024, 4106.03, 133.89, 6.4513e+09, 8599245555, 4303357032, 1.05397 
1073741824, 576, 1, 9, 64, 576, 618475290624, 1152, 6155.94, 100.468, 7.16677e+09, 12894215332, 4303356904, 1.07687 
1073741824, 640, 1, 10, 64, 640, 687194767360, 1280, 6144.18, 111.845, 7.73933e+09, 12893283044, 4303356920, 1.0828 
1073741824, 704, 1, 11, 64, 704, 755914244096, 1408, 6153.8, 122.837, 8.2107e+09, 12896118678, 4306195930, 1.08253 
1073741824, 768, 1, 12, 64, 768, 824633720832, 1536, 6144.2, 134.213, 8.59832e+09, 12893283096, 4303356904, 1.07997 
1073741824, 832, 1, 13, 64, 832, 893353197568, 1664, 8201.64, 108.924, 9.2599e+09, 17189068605, 4304178661, 1.09247 
1073741824, 896, 1, 14, 64, 896, 962072674304, 1792, 8202.41, 117.292, 9.82587e+09, 17191192026, 4303356788, 1.09673 
1073741824, 960, 1, 15, 64, 960, 1030792151040, 1920, 8191.42, 125.838, 1.03163e+10, 17188250484, 4303356920, 1.09698 
1073741824, 1024, 1, 16, 64, 1024, 1099511627776, 2048, 8203.4, 134.031, 1.07462e+10, 17189967440, 4303356924, 1.09532 
