[INFO] GPU Roofline Tools 
[INFO] Version 1.0.0 (C)2024 Bagus Hanindhito 
[INFO] Built for AMD Instinct MI300X (gfx942) GPUs
[INFO] Detected 8 HIP-capable device(s)
[INFO] +---+------------------------+----+----+-----------+--------------+--------------+
[INFO] |#  |Device Name             |CC  |#CU |Freq. (MHz)|Mem. Size (MB)|Mem. BW (GB/s)|
[INFO] +---+------------------------+----+----+-----------+--------------+--------------+
[INFO] |0  |AMD Instinct MI300X     |9.4 |304 |2100       |196592        |2662.4        |
[INFO] +---+------------------------+----+----+-----------+--------------+--------------+
[INFO] |1  |AMD Instinct MI300X     |9.4 |304 |2100       |196592        |2662.4        |
[INFO] +---+------------------------+----+----+-----------+--------------+--------------+
[INFO] |2  |AMD Instinct MI300X     |9.4 |304 |2100       |196592        |2662.4        |
[INFO] +---+------------------------+----+----+-----------+--------------+--------------+
[INFO] |3  |AMD Instinct MI300X     |9.4 |304 |2100       |196592        |2662.4        |
[INFO] +---+------------------------+----+----+-----------+--------------+--------------+
[INFO] |4  |AMD Instinct MI300X     |9.4 |304 |2100       |196592        |2662.4        |
[INFO] +---+------------------------+----+----+-----------+--------------+--------------+
[INFO] |5  |AMD Instinct MI300X     |9.4 |304 |2100       |196592        |2662.4        |
[INFO] +---+------------------------+----+----+-----------+--------------+--------------+
[INFO] |6  |AMD Instinct MI300X     |9.4 |304 |2100       |196592        |2662.4        |
[INFO] +---+------------------------+----+----+-----------+--------------+--------------+
[INFO] |7  |AMD Instinct MI300X     |9.4 |304 |2100       |196592        |2662.4        |
[INFO] +---+------------------------+----+----+-----------+--------------+--------------+
[WARN] This program does not currently support Multi-GPU run.
[INFO] Set default GPU to GPU index 0
[INFO] (1743291035) Running with 1 wavefront(s) per workgroup and 1 workgroup(s)
[INFO] (1743291038) Running with 2 wavefront(s) per workgroup and 1 workgroup(s)
[INFO] (1743291040) Running with 3 wavefront(s) per workgroup and 1 workgroup(s)
[INFO] (1743291042) Running with 4 wavefront(s) per workgroup and 1 workgroup(s)
[INFO] (1743291044) Running with 5 wavefront(s) per workgroup and 1 workgroup(s)
[INFO] (1743291048) Running with 6 wavefront(s) per workgroup and 1 workgroup(s)
[INFO] (1743291052) Running with 7 wavefront(s) per workgroup and 1 workgroup(s)
[INFO] (1743291056) Running with 8 wavefront(s) per workgroup and 1 workgroup(s)
[INFO] (1743291060) Running with 9 wavefront(s) per workgroup and 1 workgroup(s)
[INFO] (1743291067) Running with 10 wavefront(s) per workgroup and 1 workgroup(s)
[INFO] (1743291073) Running with 11 wavefront(s) per workgroup and 1 workgroup(s)
[INFO] (1743291079) Running with 12 wavefront(s) per workgroup and 1 workgroup(s)
[INFO] (1743291085) Running with 13 wavefront(s) per workgroup and 1 workgroup(s)
[INFO] (1743291093) Running with 14 wavefront(s) per workgroup and 1 workgroup(s)
[INFO] (1743291101) Running with 15 wavefront(s) per workgroup and 1 workgroup(s)
[INFO] (1743291110) Running with 16 wavefront(s) per workgroup and 1 workgroup(s)
Result V_FMA2 with fp32
n_iter, n_thread, n_wg, n_wf, wf_size, wg_size, n_flops, n_bytes, time_ms, gflop/s, avg_clock, max_clock, min_clock, stdev_clock 
1073741824, 64, 1, 1, 64, 64, 137438953472, 512, 2064.02, 66.588, 4.30517e+09, 4305169451, 4305169451, 1 
1073741824, 128, 1, 2, 64, 128, 274877906944, 1024, 2063.1, 133.235, 4.30721e+09, 4307209150, 4307209141, 1 
1073741824, 192, 1, 3, 64, 192, 412316860416, 1536, 2062.56, 199.905, 4.30634e+09, 4306339342, 4306339326, 1 
1073741824, 256, 1, 4, 64, 256, 549755813888, 2048, 2064.09, 266.343, 4.3071e+09, 4307101048, 4307101025, 1 
1073741824, 320, 1, 5, 64, 320, 687194767360, 2560, 4122.64, 166.688, 5.16698e+09, 8604653483, 4307565927, 1.05388 
1073741824, 384, 1, 6, 64, 384, 824633720832, 3072, 4114.19, 200.437, 5.73742e+09, 8603438502, 4304405968, 1.06055 
1073741824, 448, 1, 7, 64, 448, 962072674304, 3584, 4102.87, 234.488, 6.14555e+09, 8600402636, 4304406164, 1.05815 
1073741824, 512, 1, 8, 64, 512, 1099511627776, 4096, 4115.97, 267.133, 6.454e+09, 8601996025, 4306008524, 1.05393 
1073741824, 576, 1, 9, 64, 576, 1236950581248, 4608, 6161.53, 200.754, 7.16999e+09, 12898426674, 4304405808, 1.07688 
1073741824, 640, 1, 10, 64, 640, 1374389534720, 5120, 6162.94, 223.009, 7.74119e+09, 12896326692, 4304406264, 1.0828 
1073741824, 704, 1, 11, 64, 704, 1511828488192, 5632, 6151.89, 245.75, 8.20958e+09, 12895365616, 4304405792, 1.08257 
1073741824, 768, 1, 12, 64, 768, 1649267441664, 6144, 6161.4, 267.678, 8.60169e+09, 12897801360, 4304405960, 1.07997 
1073741824, 832, 1, 13, 64, 832, 1786706395136, 6656, 8199.98, 217.891, 9.26085e+09, 17190332600, 4304405768, 1.09247 
1073741824, 896, 1, 14, 64, 896, 1924145348608, 7168, 8208.1, 234.42, 9.82948e+09, 17193464227, 4304405860, 1.0967 
1073741824, 960, 1, 15, 64, 960, 2061584302080, 7680, 8199.15, 251.439, 1.03181e+10, 17190332652, 4304406028, 1.09697 
1073741824, 1024, 1, 16, 64, 1024, 2199023255552, 8192, 8211.62, 267.794, 1.07483e+10, 17190972671, 4305054199, 1.09527 
