[INFO] GPU Roofline Tools 
[INFO] Version 1.0.0 (C)2024 Bagus Hanindhito 
[INFO] Built for AMD Instinct MI300X (gfx942) GPUs
[INFO] Detected 8 HIP-capable device(s)
[INFO] +---+------------------------+----+----+-----------+--------------+--------------+
[INFO] |#  |Device Name             |CC  |#CU |Freq. (MHz)|Mem. Size (MB)|Mem. BW (GB/s)|
[INFO] +---+------------------------+----+----+-----------+--------------+--------------+
[INFO] |0  |AMD Instinct MI300X     |9.4 |304 |2100       |196592        |2662.4        |
[INFO] +---+------------------------+----+----+-----------+--------------+--------------+
[INFO] |1  |AMD Instinct MI300X     |9.4 |304 |2100       |196592        |2662.4        |
[INFO] +---+------------------------+----+----+-----------+--------------+--------------+
[INFO] |2  |AMD Instinct MI300X     |9.4 |304 |2100       |196592        |2662.4        |
[INFO] +---+------------------------+----+----+-----------+--------------+--------------+
[INFO] |3  |AMD Instinct MI300X     |9.4 |304 |2100       |196592        |2662.4        |
[INFO] +---+------------------------+----+----+-----------+--------------+--------------+
[INFO] |4  |AMD Instinct MI300X     |9.4 |304 |2100       |196592        |2662.4        |
[INFO] +---+------------------------+----+----+-----------+--------------+--------------+
[INFO] |5  |AMD Instinct MI300X     |9.4 |304 |2100       |196592        |2662.4        |
[INFO] +---+------------------------+----+----+-----------+--------------+--------------+
[INFO] |6  |AMD Instinct MI300X     |9.4 |304 |2100       |196592        |2662.4        |
[INFO] +---+------------------------+----+----+-----------+--------------+--------------+
[INFO] |7  |AMD Instinct MI300X     |9.4 |304 |2100       |196592        |2662.4        |
[INFO] +---+------------------------+----+----+-----------+--------------+--------------+
[WARN] This program does not currently support Multi-GPU run.
[INFO] Set default GPU to GPU index 0
[INFO] (1743262893) Running with 1 wavefront(s) per workgroup and 1 workgroup(s)
[INFO] (1743262896) Running with 2 wavefront(s) per workgroup and 1 workgroup(s)
[INFO] (1743262898) Running with 3 wavefront(s) per workgroup and 1 workgroup(s)
[INFO] (1743262900) Running with 4 wavefront(s) per workgroup and 1 workgroup(s)
[INFO] (1743262902) Running with 5 wavefront(s) per workgroup and 1 workgroup(s)
[INFO] (1743262906) Running with 6 wavefront(s) per workgroup and 1 workgroup(s)
[INFO] (1743262910) Running with 7 wavefront(s) per workgroup and 1 workgroup(s)
[INFO] (1743262914) Running with 8 wavefront(s) per workgroup and 1 workgroup(s)
[INFO] (1743262918) Running with 9 wavefront(s) per workgroup and 1 workgroup(s)
[INFO] (1743262925) Running with 10 wavefront(s) per workgroup and 1 workgroup(s)
[INFO] (1743262931) Running with 11 wavefront(s) per workgroup and 1 workgroup(s)
[INFO] (1743262937) Running with 12 wavefront(s) per workgroup and 1 workgroup(s)
[INFO] (1743262943) Running with 13 wavefront(s) per workgroup and 1 workgroup(s)
[INFO] (1743262951) Running with 14 wavefront(s) per workgroup and 1 workgroup(s)
[INFO] (1743262959) Running with 15 wavefront(s) per workgroup and 1 workgroup(s)
[INFO] (1743262968) Running with 16 wavefront(s) per workgroup and 1 workgroup(s)
Result V_MUL1 with fp64
n_iter, n_thread, n_wg, n_wf, wf_size, wg_size, n_flops, n_bytes, time_ms, gflop/s, avg_clock, max_clock, min_clock, stdev_clock 
1073741824, 64, 1, 1, 64, 64, 68719476736, 512, 2075.63, 33.1077, 4.30897e+09, 4308967409, 4308967409, 1 
1073741824, 128, 1, 2, 64, 128, 137438953472, 1024, 2071.06, 66.3616, 4.31048e+09, 4310477611, 4310477607, 1 
1073741824, 192, 1, 3, 64, 192, 206158430208, 1536, 2072.49, 99.4736, 4.30939e+09, 4309392496, 4309392488, 1 
1073741824, 256, 1, 4, 64, 256, 274877906944, 2048, 2061.53, 133.337, 4.30831e+09, 4308306708, 4308306696, 1 
1073741824, 320, 1, 5, 64, 320, 343597383680, 2560, 4108.67, 83.6275, 5.1663e+09, 8602257556, 4307312382, 1.05384 
1073741824, 384, 1, 6, 64, 384, 412316860416, 3072, 4108.03, 100.368, 5.73976e+09, 8603055595, 4308112079, 1.06039 
1073741824, 448, 1, 7, 64, 448, 481036337152, 3584, 4109.86, 117.044, 6.14761e+09, 8601860496, 4306917859, 1.05808 
1073741824, 512, 1, 8, 64, 512, 549755813888, 4096, 4108.61, 133.806, 6.45304e+09, 8600616166, 4305457432, 1.05392 
1073741824, 576, 1, 9, 64, 576, 618475290624, 4608, 6154.83, 100.486, 7.16885e+09, 12896174397, 4305457404, 1.07682 
1073741824, 640, 1, 10, 64, 640, 687194767360, 5120, 6146.05, 111.811, 7.74142e+09, 12895375648, 4305457436, 1.08276 
1073741824, 704, 1, 11, 64, 704, 755914244096, 5632, 6156.04, 122.792, 8.21354e+09, 12898952657, 4309043201, 1.08247 
1073741824, 768, 1, 12, 64, 768, 824633720832, 6144, 6146.76, 134.157, 8.60041e+09, 12895375652, 4305457104, 1.07994 
1073741824, 832, 1, 13, 64, 832, 893353197568, 6656, 8203.61, 108.898, 9.26212e+09, 17191281257, 4306404211, 1.09243 
1073741824, 896, 1, 14, 64, 896, 962072674304, 7168, 8202.64, 117.288, 9.82796e+09, 17193226786, 4305457128, 1.09669 
1073741824, 960, 1, 15, 64, 960, 1030792151040, 7680, 8192.36, 125.824, 1.03184e+10, 17190343032, 4305457340, 1.09695 
1073741824, 1024, 1, 16, 64, 1024, 1099511627776, 8192, 8205.39, 133.999, 1.07482e+10, 17191505439, 4305457388, 1.09528 
