[INFO] GPU Roofline Tools 
[INFO] Version 1.0.0 (C)2024 Bagus Hanindhito 
[INFO] Built for AMD Instinct MI300X (gfx942) GPUs
[INFO] Detected 8 HIP-capable device(s)
[INFO] +---+------------------------+----+----+-----------+--------------+--------------+
[INFO] |#  |Device Name             |CC  |#CU |Freq. (MHz)|Mem. Size (MB)|Mem. BW (GB/s)|
[INFO] +---+------------------------+----+----+-----------+--------------+--------------+
[INFO] |0  |AMD Instinct MI300X     |9.4 |304 |2100       |196592        |2662.4        |
[INFO] +---+------------------------+----+----+-----------+--------------+--------------+
[INFO] |1  |AMD Instinct MI300X     |9.4 |304 |2100       |196592        |2662.4        |
[INFO] +---+------------------------+----+----+-----------+--------------+--------------+
[INFO] |2  |AMD Instinct MI300X     |9.4 |304 |2100       |196592        |2662.4        |
[INFO] +---+------------------------+----+----+-----------+--------------+--------------+
[INFO] |3  |AMD Instinct MI300X     |9.4 |304 |2100       |196592        |2662.4        |
[INFO] +---+------------------------+----+----+-----------+--------------+--------------+
[INFO] |4  |AMD Instinct MI300X     |9.4 |304 |2100       |196592        |2662.4        |
[INFO] +---+------------------------+----+----+-----------+--------------+--------------+
[INFO] |5  |AMD Instinct MI300X     |9.4 |304 |2100       |196592        |2662.4        |
[INFO] +---+------------------------+----+----+-----------+--------------+--------------+
[INFO] |6  |AMD Instinct MI300X     |9.4 |304 |2100       |196592        |2662.4        |
[INFO] +---+------------------------+----+----+-----------+--------------+--------------+
[INFO] |7  |AMD Instinct MI300X     |9.4 |304 |2100       |196592        |2662.4        |
[INFO] +---+------------------------+----+----+-----------+--------------+--------------+
[WARN] This program does not currently support Multi-GPU run.
[INFO] Set default GPU to GPU index 0
[INFO] (1743257328) Running with 1 wavefront(s) per workgroup and 1 workgroup(s)
[INFO] (1743257330) Running with 2 wavefront(s) per workgroup and 1 workgroup(s)
[INFO] (1743257332) Running with 3 wavefront(s) per workgroup and 1 workgroup(s)
[INFO] (1743257334) Running with 4 wavefront(s) per workgroup and 1 workgroup(s)
[INFO] (1743257336) Running with 5 wavefront(s) per workgroup and 1 workgroup(s)
[INFO] (1743257340) Running with 6 wavefront(s) per workgroup and 1 workgroup(s)
[INFO] (1743257344) Running with 7 wavefront(s) per workgroup and 1 workgroup(s)
[INFO] (1743257348) Running with 8 wavefront(s) per workgroup and 1 workgroup(s)
[INFO] (1743257353) Running with 9 wavefront(s) per workgroup and 1 workgroup(s)
[INFO] (1743257359) Running with 10 wavefront(s) per workgroup and 1 workgroup(s)
[INFO] (1743257365) Running with 11 wavefront(s) per workgroup and 1 workgroup(s)
[INFO] (1743257371) Running with 12 wavefront(s) per workgroup and 1 workgroup(s)
[INFO] (1743257377) Running with 13 wavefront(s) per workgroup and 1 workgroup(s)
[INFO] (1743257385) Running with 14 wavefront(s) per workgroup and 1 workgroup(s)
[INFO] (1743257394) Running with 15 wavefront(s) per workgroup and 1 workgroup(s)
[INFO] (1743257402) Running with 16 wavefront(s) per workgroup and 1 workgroup(s)
Result V_MUL1 with fp16
n_iter, n_thread, n_wg, n_wf, wf_size, wg_size, n_flops, n_bytes, time_ms, gflop/s, avg_clock, max_clock, min_clock, stdev_clock 
1073741824, 64, 1, 1, 64, 64, 68719476736, 128, 2072.22, 33.1623, 4.30853e+09, 4308533284, 4308533284, 1 
1073741824, 128, 1, 2, 64, 128, 137438953472, 256, 2070.51, 66.3793, 4.30792e+09, 4307918372, 4307918336, 1 
1073741824, 192, 1, 3, 64, 192, 206158430208, 384, 2073.86, 99.4079, 4.30811e+09, 4308113849, 4308113840, 1 
1073741824, 256, 1, 4, 64, 256, 274877906944, 512, 2061.98, 133.308, 4.30427e+09, 4304269047, 4304269017, 1 
1073741824, 320, 1, 5, 64, 320, 343597383680, 640, 4110.43, 83.5915, 5.16508e+09, 8601044503, 4306088707, 1.05387 
1073741824, 384, 1, 6, 64, 384, 412316860416, 768, 4110.77, 100.302, 5.73529e+09, 8598594927, 4303639645, 1.06048 
1073741824, 448, 1, 7, 64, 448, 481036337152, 896, 4112.19, 116.978, 6.14511e+09, 8599365561, 4304409785, 1.05813 
1073741824, 512, 1, 8, 64, 512, 549755813888, 1024, 4110.8, 133.735, 6.45141e+09, 8599458247, 4303357016, 1.05397 
1073741824, 576, 1, 9, 64, 576, 618475290624, 1152, 6160.16, 100.399, 7.1668e+09, 12894470342, 4303356900, 1.07687 
1073741824, 640, 1, 10, 64, 640, 687194767360, 1280, 6148.65, 111.764, 7.73933e+09, 12893283096, 4303357020, 1.0828 
1073741824, 704, 1, 11, 64, 704, 755914244096, 1408, 6161, 122.693, 8.21093e+09, 12896342127, 4306419230, 1.08252 
1073741824, 768, 1, 12, 64, 768, 824633720832, 1536, 6149.03, 134.108, 8.59832e+09, 12893283408, 4303356820, 1.07997 
1073741824, 832, 1, 13, 64, 832, 893353197568, 1664, 8204.34, 108.888, 9.26087e+09, 17190037244, 4305147120, 1.09245 
1073741824, 896, 1, 14, 64, 896, 962072674304, 1792, 8205.34, 117.25, 9.82556e+09, 17189000322, 4303356772, 1.09672 
1073741824, 960, 1, 15, 64, 960, 1030792151040, 1920, 8195.37, 125.777, 1.03163e+10, 17188250504, 4303356920, 1.09698 
1073741824, 1024, 1, 16, 64, 1024, 1099511627776, 2048, 8206.88, 133.974, 1.07466e+10, 17191320765, 4303357032, 1.09533 
