[INFO] GPU Roofline Tools 
[INFO] Version 1.0.0 (C)2024 Bagus Hanindhito 
[INFO] Built for AMD Instinct MI300X (gfx942) GPUs
[INFO] Detected 8 HIP-capable device(s)
[INFO] +---+------------------------+----+----+-----------+--------------+--------------+
[INFO] |#  |Device Name             |CC  |#CU |Freq. (MHz)|Mem. Size (MB)|Mem. BW (GB/s)|
[INFO] +---+------------------------+----+----+-----------+--------------+--------------+
[INFO] |0  |AMD Instinct MI300X     |9.4 |304 |2100       |196592        |2662.4        |
[INFO] +---+------------------------+----+----+-----------+--------------+--------------+
[INFO] |1  |AMD Instinct MI300X     |9.4 |304 |2100       |196592        |2662.4        |
[INFO] +---+------------------------+----+----+-----------+--------------+--------------+
[INFO] |2  |AMD Instinct MI300X     |9.4 |304 |2100       |196592        |2662.4        |
[INFO] +---+------------------------+----+----+-----------+--------------+--------------+
[INFO] |3  |AMD Instinct MI300X     |9.4 |304 |2100       |196592        |2662.4        |
[INFO] +---+------------------------+----+----+-----------+--------------+--------------+
[INFO] |4  |AMD Instinct MI300X     |9.4 |304 |2100       |196592        |2662.4        |
[INFO] +---+------------------------+----+----+-----------+--------------+--------------+
[INFO] |5  |AMD Instinct MI300X     |9.4 |304 |2100       |196592        |2662.4        |
[INFO] +---+------------------------+----+----+-----------+--------------+--------------+
[INFO] |6  |AMD Instinct MI300X     |9.4 |304 |2100       |196592        |2662.4        |
[INFO] +---+------------------------+----+----+-----------+--------------+--------------+
[INFO] |7  |AMD Instinct MI300X     |9.4 |304 |2100       |196592        |2662.4        |
[INFO] +---+------------------------+----+----+-----------+--------------+--------------+
[WARN] This program does not currently support Multi-GPU run.
[INFO] Set default GPU to GPU index 0
[INFO] (1743537392) Running with 1 wavefront(s) per workgroup and 1 workgroup(s)
[INFO] (1743537396) Running with 2 wavefront(s) per workgroup and 1 workgroup(s)
[INFO] (1743537401) Running with 3 wavefront(s) per workgroup and 1 workgroup(s)
[INFO] (1743537405) Running with 4 wavefront(s) per workgroup and 1 workgroup(s)
[INFO] (1743537409) Running with 5 wavefront(s) per workgroup and 1 workgroup(s)
[INFO] (1743537417) Running with 6 wavefront(s) per workgroup and 1 workgroup(s)
[INFO] (1743537425) Running with 7 wavefront(s) per workgroup and 1 workgroup(s)
[INFO] (1743537433) Running with 8 wavefront(s) per workgroup and 1 workgroup(s)
[INFO] (1743537442) Running with 9 wavefront(s) per workgroup and 1 workgroup(s)
[INFO] (1743537454) Running with 10 wavefront(s) per workgroup and 1 workgroup(s)
[INFO] (1743537466) Running with 11 wavefront(s) per workgroup and 1 workgroup(s)
[INFO] (1743537479) Running with 12 wavefront(s) per workgroup and 1 workgroup(s)
[INFO] (1743537491) Running with 13 wavefront(s) per workgroup and 1 workgroup(s)
[INFO] (1743537507) Running with 14 wavefront(s) per workgroup and 1 workgroup(s)
[INFO] (1743537524) Running with 15 wavefront(s) per workgroup and 1 workgroup(s)
[INFO] (1743537540) Running with 16 wavefront(s) per workgroup and 1 workgroup(s)
Result V_FMA1 with fp16
n_iter, n_thread, n_wg, n_wf, wf_size, wg_size, n_flops, n_bytes, time_ms, gflop/s, avg_clock, max_clock, min_clock, stdev_clock 
1073741824, 64, 1, 1, 64, 64, 137438953472, 128, 4107.58, 33.4598, 8.59938e+09, 8599376404, 8599376404, 1 
1073741824, 128, 1, 2, 64, 128, 274877906944, 256, 4103.33, 66.9889, 8.59938e+09, 8599375920, 8599375900, 1 
1073741824, 192, 1, 3, 64, 192, 412316860416, 384, 4103.58, 100.477, 8.59937e+09, 8599372904, 8599372900, 1 
1073741824, 256, 1, 4, 64, 256, 549755813888, 512, 4104.26, 133.948, 8.59937e+09, 8599373080, 8599373072, 1 
1073741824, 320, 1, 5, 64, 320, 687194767360, 640, 8202.36, 83.7801, 1.03176e+10, 17189299116, 8599373112, 1.05399 
1073741824, 384, 1, 6, 64, 384, 824633720832, 768, 8203.16, 100.526, 1.1463e+10, 17189299096, 8599372120, 1.06055 
1073741824, 448, 1, 7, 64, 448, 962072674304, 896, 8203.15, 117.281, 1.22812e+10, 17189299164, 8599372972, 1.0582 
1073741824, 512, 1, 8, 64, 512, 1099511627776, 1024, 8202.47, 134.046, 1.28949e+10, 17189299184, 8600420652, 1.054 
1073741824, 576, 1, 9, 64, 576, 1236950581248, 1152, 12300.4, 100.562, 1.43266e+10, 25779233808, 8600421748, 1.07692 
1073741824, 640, 1, 10, 64, 640, 1374389534720, 1280, 12301.3, 111.727, 1.54719e+10, 25779233780, 8600421508, 1.08286 
1073741824, 704, 1, 11, 64, 704, 1511828488192, 1408, 12304.9, 122.864, 1.64091e+10, 25779233840, 8600420636, 1.08264 
1073741824, 768, 1, 12, 64, 768, 1649267441664, 1536, 12305.8, 134.024, 1.719e+10, 25779233868, 8600421728, 1.08002 
1073741824, 832, 1, 13, 64, 832, 1786706395136, 1664, 16403.4, 108.923, 1.85116e+10, 34369168488, 8600420660, 1.09254 
1073741824, 896, 1, 14, 64, 896, 1924145348608, 1792, 16401, 117.319, 1.96443e+10, 34369168468, 8600420632, 1.09677 
1073741824, 960, 1, 15, 64, 960, 2061584302080, 1920, 16403, 125.683, 2.0626e+10, 34369168476, 8600421584, 1.09704 
1073741824, 1024, 1, 16, 64, 1024, 2199023255552, 2048, 16407.2, 134.028, 2.14851e+10, 34369168496, 8600420656, 1.09535 
