[INFO] GPU Roofline Tools 
[INFO] Version 1.0.0 (C)2024 Bagus Hanindhito 
[INFO] Built for AMD Instinct MI300X (gfx942) GPUs
[INFO] Detected 8 HIP-capable device(s)
[INFO] +---+------------------------+----+----+-----------+--------------+--------------+
[INFO] |#  |Device Name             |CC  |#CU |Freq. (MHz)|Mem. Size (MB)|Mem. BW (GB/s)|
[INFO] +---+------------------------+----+----+-----------+--------------+--------------+
[INFO] |0  |AMD Instinct MI300X     |9.4 |304 |2100       |196592        |2662.4        |
[INFO] +---+------------------------+----+----+-----------+--------------+--------------+
[INFO] |1  |AMD Instinct MI300X     |9.4 |304 |2100       |196592        |2662.4        |
[INFO] +---+------------------------+----+----+-----------+--------------+--------------+
[INFO] |2  |AMD Instinct MI300X     |9.4 |304 |2100       |196592        |2662.4        |
[INFO] +---+------------------------+----+----+-----------+--------------+--------------+
[INFO] |3  |AMD Instinct MI300X     |9.4 |304 |2100       |196592        |2662.4        |
[INFO] +---+------------------------+----+----+-----------+--------------+--------------+
[INFO] |4  |AMD Instinct MI300X     |9.4 |304 |2100       |196592        |2662.4        |
[INFO] +---+------------------------+----+----+-----------+--------------+--------------+
[INFO] |5  |AMD Instinct MI300X     |9.4 |304 |2100       |196592        |2662.4        |
[INFO] +---+------------------------+----+----+-----------+--------------+--------------+
[INFO] |6  |AMD Instinct MI300X     |9.4 |304 |2100       |196592        |2662.4        |
[INFO] +---+------------------------+----+----+-----------+--------------+--------------+
[INFO] |7  |AMD Instinct MI300X     |9.4 |304 |2100       |196592        |2662.4        |
[INFO] +---+------------------------+----+----+-----------+--------------+--------------+
[WARN] This program does not currently support Multi-GPU run.
[INFO] Set default GPU to GPU index 0
[INFO] (1743543342) Running with 1 wavefront(s) per workgroup and 1 workgroup(s)
[INFO] (1743543345) Running with 2 wavefront(s) per workgroup and 1 workgroup(s)
[INFO] (1743543347) Running with 3 wavefront(s) per workgroup and 1 workgroup(s)
[INFO] (1743543350) Running with 4 wavefront(s) per workgroup and 1 workgroup(s)
[INFO] (1743543353) Running with 5 wavefront(s) per workgroup and 1 workgroup(s)
[INFO] (1743543357) Running with 6 wavefront(s) per workgroup and 1 workgroup(s)
[INFO] (1743543362) Running with 7 wavefront(s) per workgroup and 1 workgroup(s)
[INFO] (1743543366) Running with 8 wavefront(s) per workgroup and 1 workgroup(s)
[INFO] (1743543371) Running with 9 wavefront(s) per workgroup and 1 workgroup(s)
[INFO] (1743543377) Running with 10 wavefront(s) per workgroup and 1 workgroup(s)
[INFO] (1743543384) Running with 11 wavefront(s) per workgroup and 1 workgroup(s)
[INFO] (1743543390) Running with 12 wavefront(s) per workgroup and 1 workgroup(s)
[INFO] (1743543397) Running with 13 wavefront(s) per workgroup and 1 workgroup(s)
[INFO] (1743543405) Running with 14 wavefront(s) per workgroup and 1 workgroup(s)
[INFO] (1743543414) Running with 15 wavefront(s) per workgroup and 1 workgroup(s)
[INFO] (1743543423) Running with 16 wavefront(s) per workgroup and 1 workgroup(s)
Result V_FMA1 with fp64
n_iter, n_thread, n_wg, n_wf, wf_size, wg_size, n_flops, n_bytes, time_ms, gflop/s, avg_clock, max_clock, min_clock, stdev_clock 
1073741824, 64, 1, 1, 64, 64, 137438953472, 512, 2569.63, 53.4858, 5.37815e+09, 5378153580, 5378153580, 1 
1073741824, 128, 1, 2, 64, 128, 274877906944, 1024, 2566.85, 107.088, 5.37815e+09, 5378151860, 5378151844, 1 
1073741824, 192, 1, 3, 64, 192, 412316860416, 1536, 2566.95, 160.625, 5.37815e+09, 5378148408, 5378148404, 1 
1073741824, 256, 1, 4, 64, 256, 549755813888, 2048, 2567.34, 214.134, 5.37815e+09, 5378148008, 5378147976, 1 
1073741824, 320, 1, 5, 64, 320, 687194767360, 2560, 4487.41, 153.138, 6.18288e+09, 9401526332, 5378148152, 1.03332 
1073741824, 384, 1, 6, 64, 384, 824633720832, 3072, 4486.84, 183.789, 6.71936e+09, 9401526276, 5378148288, 1.03907 
1073741824, 448, 1, 7, 64, 448, 962072674304, 3584, 4487.22, 214.403, 7.10257e+09, 9401526296, 5378148180, 1.03855 
1073741824, 512, 1, 8, 64, 512, 1099511627776, 4096, 4488.38, 244.968, 7.38997e+09, 9401526312, 5378409876, 1.03638 
1073741824, 576, 1, 9, 64, 576, 1236950581248, 4608, 6568.15, 188.326, 8.09828e+09, 13764589124, 5378409852, 1.05643 
1073741824, 640, 1, 10, 64, 640, 1374389534720, 5120, 6569.75, 209.2, 8.66493e+09, 13764588888, 5378408688, 1.06288 
1073741824, 704, 1, 11, 64, 704, 1511828488192, 5632, 6569.92, 230.114, 9.12855e+09, 13764588884, 5378408620, 1.06397 
1073741824, 768, 1, 12, 64, 768, 1649267441664, 6144, 6570.76, 251.001, 9.51491e+09, 13764588864, 5378408664, 1.0628 
1073741824, 832, 1, 13, 64, 832, 1786706395136, 6656, 8611.01, 207.491, 1.01709e+10, 18042482516, 5378408640, 1.07451 
1073741824, 896, 1, 14, 64, 896, 1924145348608, 7168, 8611.71, 223.434, 1.07332e+10, 18042482600, 5378409896, 1.07915 
1073741824, 960, 1, 15, 64, 960, 2061584302080, 7680, 8611.4, 239.402, 1.12205e+10, 18042482580, 5378409820, 1.08025 
1073741824, 1024, 1, 16, 64, 1024, 2199023255552, 8192, 8613.89, 255.288, 1.16469e+10, 18042483056, 5378409652, 1.07952 
