[INFO] GPU Roofline Tools 
[INFO] Version 1.0.0 (C)2024 Bagus Hanindhito 
[INFO] Built for AMD Instinct MI300X (gfx942) GPUs
[INFO] Detected 8 HIP-capable device(s)
[INFO] +---+------------------------+----+----+-----------+--------------+--------------+
[INFO] |#  |Device Name             |CC  |#CU |Freq. (MHz)|Mem. Size (MB)|Mem. BW (GB/s)|
[INFO] +---+------------------------+----+----+-----------+--------------+--------------+
[INFO] |0  |AMD Instinct MI300X     |9.4 |304 |2100       |196592        |2662.4        |
[INFO] +---+------------------------+----+----+-----------+--------------+--------------+
[INFO] |1  |AMD Instinct MI300X     |9.4 |304 |2100       |196592        |2662.4        |
[INFO] +---+------------------------+----+----+-----------+--------------+--------------+
[INFO] |2  |AMD Instinct MI300X     |9.4 |304 |2100       |196592        |2662.4        |
[INFO] +---+------------------------+----+----+-----------+--------------+--------------+
[INFO] |3  |AMD Instinct MI300X     |9.4 |304 |2100       |196592        |2662.4        |
[INFO] +---+------------------------+----+----+-----------+--------------+--------------+
[INFO] |4  |AMD Instinct MI300X     |9.4 |304 |2100       |196592        |2662.4        |
[INFO] +---+------------------------+----+----+-----------+--------------+--------------+
[INFO] |5  |AMD Instinct MI300X     |9.4 |304 |2100       |196592        |2662.4        |
[INFO] +---+------------------------+----+----+-----------+--------------+--------------+
[INFO] |6  |AMD Instinct MI300X     |9.4 |304 |2100       |196592        |2662.4        |
[INFO] +---+------------------------+----+----+-----------+--------------+--------------+
[INFO] |7  |AMD Instinct MI300X     |9.4 |304 |2100       |196592        |2662.4        |
[INFO] +---+------------------------+----+----+-----------+--------------+--------------+
[WARN] This program does not currently support Multi-GPU run.
[INFO] Set default GPU to GPU index 0
[INFO] (1743266683) Running with 1 wavefront(s) per workgroup and 1 workgroup(s)
[INFO] (1743266685) Running with 2 wavefront(s) per workgroup and 1 workgroup(s)
[INFO] (1743266687) Running with 3 wavefront(s) per workgroup and 1 workgroup(s)
[INFO] (1743266689) Running with 4 wavefront(s) per workgroup and 1 workgroup(s)
[INFO] (1743266691) Running with 5 wavefront(s) per workgroup and 1 workgroup(s)
[INFO] (1743266694) Running with 6 wavefront(s) per workgroup and 1 workgroup(s)
[INFO] (1743266696) Running with 7 wavefront(s) per workgroup and 1 workgroup(s)
[INFO] (1743266698) Running with 8 wavefront(s) per workgroup and 1 workgroup(s)
[INFO] (1743266700) Running with 9 wavefront(s) per workgroup and 1 workgroup(s)
[INFO] (1743266704) Running with 10 wavefront(s) per workgroup and 1 workgroup(s)
[INFO] (1743266708) Running with 11 wavefront(s) per workgroup and 1 workgroup(s)
[INFO] (1743266712) Running with 12 wavefront(s) per workgroup and 1 workgroup(s)
[INFO] (1743266716) Running with 13 wavefront(s) per workgroup and 1 workgroup(s)
[INFO] (1743266720) Running with 14 wavefront(s) per workgroup and 1 workgroup(s)
[INFO] (1743266724) Running with 15 wavefront(s) per workgroup and 1 workgroup(s)
[INFO] (1743266728) Running with 16 wavefront(s) per workgroup and 1 workgroup(s)
Result V_MUL2 with fp32
n_iter, n_thread, n_wg, n_wf, wf_size, wg_size, n_flops, n_bytes, time_ms, gflop/s, avg_clock, max_clock, min_clock, stdev_clock 
1073741824, 64, 1, 1, 64, 64, 68719476736, 512, 2080.02, 33.0379, 4.30989e+09, 4309894735, 4309894735, 1 
1073741824, 128, 1, 2, 64, 128, 137438953472, 1024, 2069.93, 66.3977, 4.30749e+09, 4307488664, 4307488659, 1 
1073741824, 192, 1, 3, 64, 192, 206158430208, 1536, 2069.8, 99.6032, 4.30803e+09, 4308026224, 4308026210, 1 
1073741824, 256, 1, 4, 64, 256, 274877906944, 2048, 2060.96, 133.374, 4.30431e+09, 4304306410, 4304306394, 1 
1073741824, 320, 1, 5, 64, 320, 343597383680, 2560, 2061.59, 166.666, 4.30474e+09, 4304738161, 4304738137, 1 
1073741824, 384, 1, 6, 64, 384, 412316860416, 3072, 2061.64, 199.994, 4.30579e+09, 4305789717, 4305789685, 1 
1073741824, 448, 1, 7, 64, 448, 481036337152, 3584, 2051.78, 234.448, 4.30336e+09, 4303357032, 4303357008, 1 
1073741824, 512, 1, 8, 64, 512, 549755813888, 4096, 2061.56, 266.67, 4.3047e+09, 4304699980, 4304699933, 1 
1073741824, 576, 1, 9, 64, 576, 618475290624, 4608, 4107.36, 150.577, 4.78053e+09, 8597877906, 4303356892, 1.03909 
1073741824, 640, 1, 10, 64, 640, 687194767360, 5120, 4094.27, 167.843, 5.16067e+09, 8589924424, 4303357036, 1.05375 
1073741824, 704, 1, 11, 64, 704, 755914244096, 5632, 4107.82, 184.018, 5.4756e+09, 8597384499, 4305570095, 1.05913 
1073741824, 768, 1, 12, 64, 768, 824633720832, 6144, 4098.07, 201.225, 5.73396e+09, 8595175368, 4303356888, 1.06042 
1073741824, 832, 1, 13, 64, 832, 893353197568, 6656, 4110.06, 217.358, 5.95661e+09, 8603521623, 4305428333, 1.05969 
1073741824, 896, 1, 14, 64, 896, 962072674304, 7168, 4101.18, 234.584, 6.14323e+09, 8601457160, 4303356840, 1.05811 
1073741824, 960, 1, 15, 64, 960, 1030792151040, 7680, 4113.71, 250.575, 6.30892e+09, 8608913352, 4303356800, 1.05617 
1073741824, 1024, 1, 16, 64, 1024, 1099511627776, 8192, 4102.22, 268.029, 6.45084e+09, 8603549900, 4303357104, 1.05396 
