[INFO] GPU Roofline Tools 
[INFO] Version 1.0.0 (C)2024 Bagus Hanindhito 
[INFO] Built for AMD Instinct MI300X (gfx942) GPUs
[INFO] Detected 8 HIP-capable device(s)
[INFO] +---+------------------------+----+----+-----------+--------------+--------------+
[INFO] |#  |Device Name             |CC  |#CU |Freq. (MHz)|Mem. Size (MB)|Mem. BW (GB/s)|
[INFO] +---+------------------------+----+----+-----------+--------------+--------------+
[INFO] |0  |AMD Instinct MI300X     |9.4 |304 |2100       |196592        |2662.4        |
[INFO] +---+------------------------+----+----+-----------+--------------+--------------+
[INFO] |1  |AMD Instinct MI300X     |9.4 |304 |2100       |196592        |2662.4        |
[INFO] +---+------------------------+----+----+-----------+--------------+--------------+
[INFO] |2  |AMD Instinct MI300X     |9.4 |304 |2100       |196592        |2662.4        |
[INFO] +---+------------------------+----+----+-----------+--------------+--------------+
[INFO] |3  |AMD Instinct MI300X     |9.4 |304 |2100       |196592        |2662.4        |
[INFO] +---+------------------------+----+----+-----------+--------------+--------------+
[INFO] |4  |AMD Instinct MI300X     |9.4 |304 |2100       |196592        |2662.4        |
[INFO] +---+------------------------+----+----+-----------+--------------+--------------+
[INFO] |5  |AMD Instinct MI300X     |9.4 |304 |2100       |196592        |2662.4        |
[INFO] +---+------------------------+----+----+-----------+--------------+--------------+
[INFO] |6  |AMD Instinct MI300X     |9.4 |304 |2100       |196592        |2662.4        |
[INFO] +---+------------------------+----+----+-----------+--------------+--------------+
[INFO] |7  |AMD Instinct MI300X     |9.4 |304 |2100       |196592        |2662.4        |
[INFO] +---+------------------------+----+----+-----------+--------------+--------------+
[WARN] This program does not currently support Multi-GPU run.
[INFO] Set default GPU to GPU index 0
[INFO] (1743293860) Running with 1 wavefront(s) per workgroup and 1 workgroup(s)
[INFO] (1743293862) Running with 2 wavefront(s) per workgroup and 1 workgroup(s)
[INFO] (1743293864) Running with 3 wavefront(s) per workgroup and 1 workgroup(s)
[INFO] (1743293867) Running with 4 wavefront(s) per workgroup and 1 workgroup(s)
[INFO] (1743293869) Running with 5 wavefront(s) per workgroup and 1 workgroup(s)
[INFO] (1743293873) Running with 6 wavefront(s) per workgroup and 1 workgroup(s)
[INFO] (1743293877) Running with 7 wavefront(s) per workgroup and 1 workgroup(s)
[INFO] (1743293881) Running with 8 wavefront(s) per workgroup and 1 workgroup(s)
[INFO] (1743293885) Running with 9 wavefront(s) per workgroup and 1 workgroup(s)
[INFO] (1743293891) Running with 10 wavefront(s) per workgroup and 1 workgroup(s)
[INFO] (1743293897) Running with 11 wavefront(s) per workgroup and 1 workgroup(s)
[INFO] (1743293904) Running with 12 wavefront(s) per workgroup and 1 workgroup(s)
[INFO] (1743293910) Running with 13 wavefront(s) per workgroup and 1 workgroup(s)
[INFO] (1743293918) Running with 14 wavefront(s) per workgroup and 1 workgroup(s)
[INFO] (1743293926) Running with 15 wavefront(s) per workgroup and 1 workgroup(s)
[INFO] (1743293934) Running with 16 wavefront(s) per workgroup and 1 workgroup(s)
Result V_FMA2 with fp64
n_iter, n_thread, n_wg, n_wf, wf_size, wg_size, n_flops, n_bytes, time_ms, gflop/s, avg_clock, max_clock, min_clock, stdev_clock 
1073741824, 64, 1, 1, 64, 64, 137438953472, 1024, 2074.63, 66.2474, 4.30842e+09, 4308415334, 4308415334, 1 
1073741824, 128, 1, 2, 64, 128, 274877906944, 2048, 2073.61, 132.56, 4.31076e+09, 4310760844, 4310760843, 1 
1073741824, 192, 1, 3, 64, 192, 412316860416, 3072, 2073.81, 198.821, 4.30961e+09, 4309610783, 4309610777, 1 
1073741824, 256, 1, 4, 64, 256, 549755813888, 4096, 2065.24, 266.194, 4.30744e+09, 4307443071, 4307443063, 1 
1073741824, 320, 1, 5, 64, 320, 687194767360, 5120, 4113.79, 167.047, 5.16863e+09, 8604866969, 4309573480, 1.0538 
1073741824, 384, 1, 6, 64, 384, 824633720832, 6144, 4113.22, 200.484, 5.73922e+09, 8602744241, 4307452353, 1.06041 
1073741824, 448, 1, 7, 64, 448, 962072674304, 7168, 4113.95, 233.856, 6.1483e+09, 8602749331, 4307457986, 1.05808 
1073741824, 512, 1, 8, 64, 512, 1099511627776, 8192, 4113.54, 267.291, 6.45423e+09, 8601958817, 4306503320, 1.05391 
1073741824, 576, 1, 9, 64, 576, 1236950581248, 9216, 6163.22, 200.699, 7.17016e+09, 12898188418, 4306503584, 1.07681 
1073741824, 640, 1, 10, 64, 640, 1374389534720, 10240, 6152.41, 223.39, 7.74268e+09, 12896769776, 4306503304, 1.08274 
1073741824, 704, 1, 11, 64, 704, 1511828488192, 11264, 6163.68, 245.28, 8.21469e+09, 12900226217, 4309968821, 1.08246 
1073741824, 768, 1, 12, 64, 768, 1649267441664, 12288, 6154.8, 267.965, 8.60169e+09, 12896769748, 4306503648, 1.07992 
1073741824, 832, 1, 13, 64, 832, 1786706395136, 13312, 8216.94, 217.442, 9.26409e+09, 17193354427, 4308131377, 1.0924 
1073741824, 896, 1, 14, 64, 896, 1924145348608, 14336, 8214.07, 234.25, 9.82926e+09, 17194692847, 4306503532, 1.09668 
1073741824, 960, 1, 15, 64, 960, 2061584302080, 15360, 8200.48, 251.398, 1.03197e+10, 17191736980, 4306503360, 1.09693 
1073741824, 1024, 1, 16, 64, 1024, 2199023255552, 16384, 8211.21, 267.807, 1.07493e+10, 17192314862, 4306503368, 1.09525 
