[INFO] GPU Roofline Tools 
[INFO] Version 1.0.0 (C)2024 Bagus Hanindhito 
[INFO] Built for AMD Instinct MI300X (gfx942) GPUs
[INFO] Detected 8 HIP-capable device(s)
[INFO] +---+------------------------+----+----+-----------+--------------+--------------+
[INFO] |#  |Device Name             |CC  |#CU |Freq. (MHz)|Mem. Size (MB)|Mem. BW (GB/s)|
[INFO] +---+------------------------+----+----+-----------+--------------+--------------+
[INFO] |0  |AMD Instinct MI300X     |9.4 |304 |2100       |196592        |2662.4        |
[INFO] +---+------------------------+----+----+-----------+--------------+--------------+
[INFO] |1  |AMD Instinct MI300X     |9.4 |304 |2100       |196592        |2662.4        |
[INFO] +---+------------------------+----+----+-----------+--------------+--------------+
[INFO] |2  |AMD Instinct MI300X     |9.4 |304 |2100       |196592        |2662.4        |
[INFO] +---+------------------------+----+----+-----------+--------------+--------------+
[INFO] |3  |AMD Instinct MI300X     |9.4 |304 |2100       |196592        |2662.4        |
[INFO] +---+------------------------+----+----+-----------+--------------+--------------+
[INFO] |4  |AMD Instinct MI300X     |9.4 |304 |2100       |196592        |2662.4        |
[INFO] +---+------------------------+----+----+-----------+--------------+--------------+
[INFO] |5  |AMD Instinct MI300X     |9.4 |304 |2100       |196592        |2662.4        |
[INFO] +---+------------------------+----+----+-----------+--------------+--------------+
[INFO] |6  |AMD Instinct MI300X     |9.4 |304 |2100       |196592        |2662.4        |
[INFO] +---+------------------------+----+----+-----------+--------------+--------------+
[INFO] |7  |AMD Instinct MI300X     |9.4 |304 |2100       |196592        |2662.4        |
[INFO] +---+------------------------+----+----+-----------+--------------+--------------+
[WARN] This program does not currently support Multi-GPU run.
[INFO] Set default GPU to GPU index 0
[INFO] (1743279935) Running with 1 wavefront(s) per workgroup and 1 workgroup(s)
[INFO] (1743279937) Running with 2 wavefront(s) per workgroup and 1 workgroup(s)
[INFO] (1743279939) Running with 3 wavefront(s) per workgroup and 1 workgroup(s)
[INFO] (1743279941) Running with 4 wavefront(s) per workgroup and 1 workgroup(s)
[INFO] (1743279943) Running with 5 wavefront(s) per workgroup and 1 workgroup(s)
[INFO] (1743279945) Running with 6 wavefront(s) per workgroup and 1 workgroup(s)
[INFO] (1743279947) Running with 7 wavefront(s) per workgroup and 1 workgroup(s)
[INFO] (1743279949) Running with 8 wavefront(s) per workgroup and 1 workgroup(s)
[INFO] (1743279951) Running with 9 wavefront(s) per workgroup and 1 workgroup(s)
[INFO] (1743279956) Running with 10 wavefront(s) per workgroup and 1 workgroup(s)
[INFO] (1743279960) Running with 11 wavefront(s) per workgroup and 1 workgroup(s)
[INFO] (1743279964) Running with 12 wavefront(s) per workgroup and 1 workgroup(s)
[INFO] (1743279968) Running with 13 wavefront(s) per workgroup and 1 workgroup(s)
[INFO] (1743279972) Running with 14 wavefront(s) per workgroup and 1 workgroup(s)
[INFO] (1743279976) Running with 15 wavefront(s) per workgroup and 1 workgroup(s)
[INFO] (1743279980) Running with 16 wavefront(s) per workgroup and 1 workgroup(s)
Result V_FMA3 with fp32
n_iter, n_thread, n_wg, n_wf, wf_size, wg_size, n_flops, n_bytes, time_ms, gflop/s, avg_clock, max_clock, min_clock, stdev_clock 
1073741824, 64, 1, 1, 64, 64, 137438953472, 768, 2072.72, 66.3086, 4.3091e+09, 4309102067, 4309102067, 1 
1073741824, 128, 1, 2, 64, 128, 274877906944, 1536, 2062.12, 133.299, 4.30577e+09, 4305768151, 4305768139, 1 
1073741824, 192, 1, 3, 64, 192, 412316860416, 2304, 2062.88, 199.875, 4.30598e+09, 4305978778, 4305978754, 1 
1073741824, 256, 1, 4, 64, 256, 549755813888, 3072, 2063.98, 266.357, 4.30747e+09, 4307467264, 4307467221, 1 
1073741824, 320, 1, 5, 64, 320, 687194767360, 3840, 2063.47, 333.028, 4.30705e+09, 4307050033, 4307049993, 1 
1073741824, 384, 1, 6, 64, 384, 824633720832, 4608, 2063.91, 399.549, 4.30713e+09, 4307128227, 4307128174, 1 
1073741824, 448, 1, 7, 64, 448, 962072674304, 5376, 2053.67, 468.465, 4.30441e+09, 4304406000, 4304405860, 1 
1073741824, 512, 1, 8, 64, 512, 1099511627776, 6144, 2063.85, 532.747, 4.30596e+09, 4305959568, 4305959408, 1 
1073741824, 576, 1, 9, 64, 576, 1236950581248, 6912, 4101, 301.622, 4.78128e+09, 8596226476, 4304406088, 1.03903 
1073741824, 640, 1, 10, 64, 640, 1374389534720, 7680, 4111.07, 334.314, 5.16477e+09, 8598221254, 4306410664, 1.05379 
1073741824, 704, 1, 11, 64, 704, 1511828488192, 8448, 4113.36, 367.541, 5.47525e+09, 8597482147, 4304406188, 1.05922 
1073741824, 768, 1, 12, 64, 768, 1649267441664, 9216, 4100.98, 402.164, 5.73501e+09, 8596226552, 4304409008, 1.0604 
1073741824, 832, 1, 13, 64, 832, 1786706395136, 9984, 4116.83, 434, 5.95683e+09, 8606102323, 4304407968, 1.05977 
1073741824, 896, 1, 14, 64, 896, 1924145348608, 10752, 4105.75, 468.646, 6.14478e+09, 8603417972, 4304409120, 1.05811 
1073741824, 960, 1, 15, 64, 960, 2061584302080, 11520, 4104.8, 502.238, 6.30868e+09, 8603341980, 4304409044, 1.0561 
1073741824, 1024, 1, 16, 64, 1024, 2199023255552, 12288, 4115.45, 534.334, 6.45301e+09, 8604355462, 4305352585, 1.05393 
