[INFO] GPU Roofline Tools 
[INFO] Version 1.0.0 (C)2024 Bagus Hanindhito 
[INFO] Built for AMD Instinct MI300X (gfx942) GPUs
[INFO] Detected 8 HIP-capable device(s)
[INFO] +---+------------------------+----+----+-----------+--------------+--------------+
[INFO] |#  |Device Name             |CC  |#CU |Freq. (MHz)|Mem. Size (MB)|Mem. BW (GB/s)|
[INFO] +---+------------------------+----+----+-----------+--------------+--------------+
[INFO] |0  |AMD Instinct MI300X     |9.4 |304 |2100       |196592        |2662.4        |
[INFO] +---+------------------------+----+----+-----------+--------------+--------------+
[INFO] |1  |AMD Instinct MI300X     |9.4 |304 |2100       |196592        |2662.4        |
[INFO] +---+------------------------+----+----+-----------+--------------+--------------+
[INFO] |2  |AMD Instinct MI300X     |9.4 |304 |2100       |196592        |2662.4        |
[INFO] +---+------------------------+----+----+-----------+--------------+--------------+
[INFO] |3  |AMD Instinct MI300X     |9.4 |304 |2100       |196592        |2662.4        |
[INFO] +---+------------------------+----+----+-----------+--------------+--------------+
[INFO] |4  |AMD Instinct MI300X     |9.4 |304 |2100       |196592        |2662.4        |
[INFO] +---+------------------------+----+----+-----------+--------------+--------------+
[INFO] |5  |AMD Instinct MI300X     |9.4 |304 |2100       |196592        |2662.4        |
[INFO] +---+------------------------+----+----+-----------+--------------+--------------+
[INFO] |6  |AMD Instinct MI300X     |9.4 |304 |2100       |196592        |2662.4        |
[INFO] +---+------------------------+----+----+-----------+--------------+--------------+
[INFO] |7  |AMD Instinct MI300X     |9.4 |304 |2100       |196592        |2662.4        |
[INFO] +---+------------------------+----+----+-----------+--------------+--------------+
[WARN] This program does not currently support Multi-GPU run.
[INFO] Set default GPU to GPU index 0
[INFO] (1743282849) Running with 1 wavefront(s) per workgroup and 1 workgroup(s)
[INFO] (1743282852) Running with 2 wavefront(s) per workgroup and 1 workgroup(s)
[INFO] (1743282854) Running with 3 wavefront(s) per workgroup and 1 workgroup(s)
[INFO] (1743282857) Running with 4 wavefront(s) per workgroup and 1 workgroup(s)
[INFO] (1743282859) Running with 5 wavefront(s) per workgroup and 1 workgroup(s)
[INFO] (1743282864) Running with 6 wavefront(s) per workgroup and 1 workgroup(s)
[INFO] (1743282868) Running with 7 wavefront(s) per workgroup and 1 workgroup(s)
[INFO] (1743282873) Running with 8 wavefront(s) per workgroup and 1 workgroup(s)
[INFO] (1743282877) Running with 9 wavefront(s) per workgroup and 1 workgroup(s)
[INFO] (1743282884) Running with 10 wavefront(s) per workgroup and 1 workgroup(s)
[INFO] (1743282891) Running with 11 wavefront(s) per workgroup and 1 workgroup(s)
[INFO] (1743282897) Running with 12 wavefront(s) per workgroup and 1 workgroup(s)
[INFO] (1743282904) Running with 13 wavefront(s) per workgroup and 1 workgroup(s)
[INFO] (1743282912) Running with 14 wavefront(s) per workgroup and 1 workgroup(s)
[INFO] (1743282921) Running with 15 wavefront(s) per workgroup and 1 workgroup(s)
[INFO] (1743282930) Running with 16 wavefront(s) per workgroup and 1 workgroup(s)
Result V_FMA3 with fp64
n_iter, n_thread, n_wg, n_wf, wf_size, wg_size, n_flops, n_bytes, time_ms, gflop/s, avg_clock, max_clock, min_clock, stdev_clock 
1073741824, 64, 1, 1, 64, 64, 137438953472, 1536, 2584.63, 53.1755, 5.38335e+09, 5383351195, 5383351195, 1 
1073741824, 128, 1, 2, 64, 128, 274877906944, 3072, 2594.43, 105.949, 5.38432e+09, 5384315552, 5384315545, 1 
1073741824, 192, 1, 3, 64, 192, 412316860416, 4608, 2576.72, 160.016, 5.38127e+09, 5381267391, 5381267383, 1 
1073741824, 256, 1, 4, 64, 256, 549755813888, 6144, 2584.08, 212.747, 5.383e+09, 5382998662, 5382998637, 1 
1073741824, 320, 1, 5, 64, 320, 687194767360, 7680, 4493.08, 152.945, 6.18306e+09, 9402434441, 5378148500, 1.03333 
1073741824, 384, 1, 6, 64, 384, 824633720832, 9216, 4495.11, 183.451, 6.71999e+09, 9403425364, 5378148100, 1.0391 
1073741824, 448, 1, 7, 64, 448, 962072674304, 10752, 4494.24, 214.068, 7.10296e+09, 9402456486, 5378148196, 1.03856 
1073741824, 512, 1, 8, 64, 512, 1099511627776, 12288, 4484.05, 245.205, 7.38997e+09, 9401526212, 5378409924, 1.03638 
1073741824, 576, 1, 9, 64, 576, 1236950581248, 13824, 6573.71, 188.166, 8.09986e+09, 13766166957, 5379995332, 1.05641 
1073741824, 640, 1, 10, 64, 640, 1374389534720, 15360, 6574.22, 209.058, 8.6668e+09, 13767708712, 5378409888, 1.0629 
1073741824, 704, 1, 11, 64, 704, 1511828488192, 16896, 6566.03, 230.25, 9.12855e+09, 13764588808, 5378409980, 1.06397 
1073741824, 768, 1, 12, 64, 768, 1649267441664, 18432, 6575.4, 250.824, 9.51586e+09, 13765534226, 5379364514, 1.06279 
1073741824, 832, 1, 13, 64, 832, 1786706395136, 19968, 8607.89, 207.566, 1.01709e+10, 18042482328, 5378409928, 1.07451 
1073741824, 896, 1, 14, 64, 896, 1924145348608, 21504, 8621.42, 223.182, 1.07361e+10, 18045383543, 5381319877, 1.0791 
1073741824, 960, 1, 15, 64, 960, 2061584302080, 23040, 8609.85, 239.445, 1.12205e+10, 18042482324, 5378409752, 1.08025 
1073741824, 1024, 1, 16, 64, 1024, 2199023255552, 24576, 8622.23, 255.041, 1.16478e+10, 18043448311, 5379384619, 1.07951 
