[INFO] GPU Roofline Tools 
[INFO] Version 1.0.0 (C)2024 Bagus Hanindhito 
[INFO] Built for AMD Instinct MI300X (gfx942) GPUs
[INFO] Detected 8 HIP-capable device(s)
[INFO] +---+------------------------+----+----+-----------+--------------+--------------+
[INFO] |#  |Device Name             |CC  |#CU |Freq. (MHz)|Mem. Size (MB)|Mem. BW (GB/s)|
[INFO] +---+------------------------+----+----+-----------+--------------+--------------+
[INFO] |0  |AMD Instinct MI325X     |9.4 |304 |2100       |262128        |3072          |
[INFO] +---+------------------------+----+----+-----------+--------------+--------------+
[INFO] |1  |AMD Instinct MI325X     |9.4 |304 |2100       |262128        |3072          |
[INFO] +---+------------------------+----+----+-----------+--------------+--------------+
[INFO] |2  |AMD Instinct MI325X     |9.4 |304 |2100       |262128        |3072          |
[INFO] +---+------------------------+----+----+-----------+--------------+--------------+
[INFO] |3  |AMD Instinct MI325X     |9.4 |304 |2100       |262128        |3072          |
[INFO] +---+------------------------+----+----+-----------+--------------+--------------+
[INFO] |4  |AMD Instinct MI325X     |9.4 |304 |2100       |262128        |3072          |
[INFO] +---+------------------------+----+----+-----------+--------------+--------------+
[INFO] |5  |AMD Instinct MI325X     |9.4 |304 |2100       |262128        |3072          |
[INFO] +---+------------------------+----+----+-----------+--------------+--------------+
[INFO] |6  |AMD Instinct MI325X     |9.4 |304 |2100       |262128        |3072          |
[INFO] +---+------------------------+----+----+-----------+--------------+--------------+
[INFO] |7  |AMD Instinct MI325X     |9.4 |304 |2100       |262128        |3072          |
[INFO] +---+------------------------+----+----+-----------+--------------+--------------+
[WARN] This program does not currently support Multi-GPU run.
[INFO] Set default GPU to GPU index 0
[INFO] (1743263800) Running with 16 wavefront(s) per workgroup and 1 workgroup(s)
[INFO] (1743263804) Running with 16 wavefront(s) per workgroup and 2 workgroup(s)
[INFO] (1743263808) Running with 16 wavefront(s) per workgroup and 3 workgroup(s)
[INFO] (1743263812) Running with 16 wavefront(s) per workgroup and 4 workgroup(s)
[INFO] (1743263816) Running with 16 wavefront(s) per workgroup and 5 workgroup(s)
[INFO] (1743263820) Running with 16 wavefront(s) per workgroup and 6 workgroup(s)
[INFO] (1743263825) Running with 16 wavefront(s) per workgroup and 7 workgroup(s)
[INFO] (1743263829) Running with 16 wavefront(s) per workgroup and 8 workgroup(s)
[INFO] (1743263833) Running with 16 wavefront(s) per workgroup and 9 workgroup(s)
[INFO] (1743263837) Running with 16 wavefront(s) per workgroup and 10 workgroup(s)
[INFO] (1743263841) Running with 16 wavefront(s) per workgroup and 11 workgroup(s)
[INFO] (1743263845) Running with 16 wavefront(s) per workgroup and 12 workgroup(s)
[INFO] (1743263849) Running with 16 wavefront(s) per workgroup and 13 workgroup(s)
[INFO] (1743263853) Running with 16 wavefront(s) per workgroup and 14 workgroup(s)
[INFO] (1743263858) Running with 16 wavefront(s) per workgroup and 15 workgroup(s)
[INFO] (1743263862) Running with 16 wavefront(s) per workgroup and 16 workgroup(s)
[INFO] (1743263866) Running with 16 wavefront(s) per workgroup and 17 workgroup(s)
[INFO] (1743263870) Running with 16 wavefront(s) per workgroup and 18 workgroup(s)
[INFO] (1743263874) Running with 16 wavefront(s) per workgroup and 19 workgroup(s)
[INFO] (1743263878) Running with 16 wavefront(s) per workgroup and 20 workgroup(s)
[INFO] (1743263882) Running with 16 wavefront(s) per workgroup and 21 workgroup(s)
[INFO] (1743263887) Running with 16 wavefront(s) per workgroup and 22 workgroup(s)
[INFO] (1743263891) Running with 16 wavefront(s) per workgroup and 23 workgroup(s)
[INFO] (1743263895) Running with 16 wavefront(s) per workgroup and 24 workgroup(s)
[INFO] (1743263899) Running with 16 wavefront(s) per workgroup and 25 workgroup(s)
[INFO] (1743263903) Running with 16 wavefront(s) per workgroup and 26 workgroup(s)
[INFO] (1743263907) Running with 16 wavefront(s) per workgroup and 27 workgroup(s)
[INFO] (1743263911) Running with 16 wavefront(s) per workgroup and 28 workgroup(s)
[INFO] (1743263915) Running with 16 wavefront(s) per workgroup and 29 workgroup(s)
[INFO] (1743263920) Running with 16 wavefront(s) per workgroup and 30 workgroup(s)
[INFO] (1743263924) Running with 16 wavefront(s) per workgroup and 31 workgroup(s)
[INFO] (1743263928) Running with 16 wavefront(s) per workgroup and 32 workgroup(s)
[INFO] (1743263932) Running with 16 wavefront(s) per workgroup and 33 workgroup(s)
[INFO] (1743263936) Running with 16 wavefront(s) per workgroup and 34 workgroup(s)
[INFO] (1743263940) Running with 16 wavefront(s) per workgroup and 35 workgroup(s)
[INFO] (1743263944) Running with 16 wavefront(s) per workgroup and 36 workgroup(s)
[INFO] (1743263948) Running with 16 wavefront(s) per workgroup and 37 workgroup(s)
[INFO] (1743263953) Running with 16 wavefront(s) per workgroup and 38 workgroup(s)
[INFO] (1743263957) Running with 16 wavefront(s) per workgroup and 39 workgroup(s)
[INFO] (1743263961) Running with 16 wavefront(s) per workgroup and 40 workgroup(s)
[INFO] (1743263965) Running with 16 wavefront(s) per workgroup and 41 workgroup(s)
[INFO] (1743263969) Running with 16 wavefront(s) per workgroup and 42 workgroup(s)
[INFO] (1743263973) Running with 16 wavefront(s) per workgroup and 43 workgroup(s)
[INFO] (1743263977) Running with 16 wavefront(s) per workgroup and 44 workgroup(s)
[INFO] (1743263982) Running with 16 wavefront(s) per workgroup and 45 workgroup(s)
[INFO] (1743263986) Running with 16 wavefront(s) per workgroup and 46 workgroup(s)
[INFO] (1743263990) Running with 16 wavefront(s) per workgroup and 47 workgroup(s)
[INFO] (1743263994) Running with 16 wavefront(s) per workgroup and 48 workgroup(s)
[INFO] (1743263998) Running with 16 wavefront(s) per workgroup and 49 workgroup(s)
[INFO] (1743264002) Running with 16 wavefront(s) per workgroup and 50 workgroup(s)
[INFO] (1743264006) Running with 16 wavefront(s) per workgroup and 51 workgroup(s)
[INFO] (1743264010) Running with 16 wavefront(s) per workgroup and 52 workgroup(s)
[INFO] (1743264015) Running with 16 wavefront(s) per workgroup and 53 workgroup(s)
[INFO] (1743264019) Running with 16 wavefront(s) per workgroup and 54 workgroup(s)
[INFO] (1743264023) Running with 16 wavefront(s) per workgroup and 55 workgroup(s)
[INFO] (1743264027) Running with 16 wavefront(s) per workgroup and 56 workgroup(s)
[INFO] (1743264031) Running with 16 wavefront(s) per workgroup and 57 workgroup(s)
[INFO] (1743264035) Running with 16 wavefront(s) per workgroup and 58 workgroup(s)
[INFO] (1743264039) Running with 16 wavefront(s) per workgroup and 59 workgroup(s)
[INFO] (1743264044) Running with 16 wavefront(s) per workgroup and 60 workgroup(s)
[INFO] (1743264048) Running with 16 wavefront(s) per workgroup and 61 workgroup(s)
[INFO] (1743264052) Running with 16 wavefront(s) per workgroup and 62 workgroup(s)
[INFO] (1743264056) Running with 16 wavefront(s) per workgroup and 63 workgroup(s)
[INFO] (1743264060) Running with 16 wavefront(s) per workgroup and 64 workgroup(s)
[INFO] (1743264064) Running with 16 wavefront(s) per workgroup and 65 workgroup(s)
[INFO] (1743264068) Running with 16 wavefront(s) per workgroup and 66 workgroup(s)
[INFO] (1743264073) Running with 16 wavefront(s) per workgroup and 67 workgroup(s)
[INFO] (1743264077) Running with 16 wavefront(s) per workgroup and 68 workgroup(s)
[INFO] (1743264081) Running with 16 wavefront(s) per workgroup and 69 workgroup(s)
[INFO] (1743264085) Running with 16 wavefront(s) per workgroup and 70 workgroup(s)
[INFO] (1743264089) Running with 16 wavefront(s) per workgroup and 71 workgroup(s)
[INFO] (1743264093) Running with 16 wavefront(s) per workgroup and 72 workgroup(s)
[INFO] (1743264097) Running with 16 wavefront(s) per workgroup and 73 workgroup(s)
[INFO] (1743264102) Running with 16 wavefront(s) per workgroup and 74 workgroup(s)
[INFO] (1743264106) Running with 16 wavefront(s) per workgroup and 75 workgroup(s)
[INFO] (1743264110) Running with 16 wavefront(s) per workgroup and 76 workgroup(s)
[INFO] (1743264114) Running with 16 wavefront(s) per workgroup and 77 workgroup(s)
[INFO] (1743264118) Running with 16 wavefront(s) per workgroup and 78 workgroup(s)
[INFO] (1743264122) Running with 16 wavefront(s) per workgroup and 79 workgroup(s)
[INFO] (1743264126) Running with 16 wavefront(s) per workgroup and 80 workgroup(s)
[INFO] (1743264131) Running with 16 wavefront(s) per workgroup and 81 workgroup(s)
[INFO] (1743264135) Running with 16 wavefront(s) per workgroup and 82 workgroup(s)
[INFO] (1743264139) Running with 16 wavefront(s) per workgroup and 83 workgroup(s)
[INFO] (1743264143) Running with 16 wavefront(s) per workgroup and 84 workgroup(s)
[INFO] (1743264147) Running with 16 wavefront(s) per workgroup and 85 workgroup(s)
[INFO] (1743264151) Running with 16 wavefront(s) per workgroup and 86 workgroup(s)
[INFO] (1743264156) Running with 16 wavefront(s) per workgroup and 87 workgroup(s)
[INFO] (1743264160) Running with 16 wavefront(s) per workgroup and 88 workgroup(s)
[INFO] (1743264164) Running with 16 wavefront(s) per workgroup and 89 workgroup(s)
[INFO] (1743264168) Running with 16 wavefront(s) per workgroup and 90 workgroup(s)
[INFO] (1743264172) Running with 16 wavefront(s) per workgroup and 91 workgroup(s)
[INFO] (1743264176) Running with 16 wavefront(s) per workgroup and 92 workgroup(s)
[INFO] (1743264180) Running with 16 wavefront(s) per workgroup and 93 workgroup(s)
[INFO] (1743264185) Running with 16 wavefront(s) per workgroup and 94 workgroup(s)
[INFO] (1743264189) Running with 16 wavefront(s) per workgroup and 95 workgroup(s)
[INFO] (1743264193) Running with 16 wavefront(s) per workgroup and 96 workgroup(s)
[INFO] (1743264197) Running with 16 wavefront(s) per workgroup and 97 workgroup(s)
[INFO] (1743264201) Running with 16 wavefront(s) per workgroup and 98 workgroup(s)
[INFO] (1743264205) Running with 16 wavefront(s) per workgroup and 99 workgroup(s)
[INFO] (1743264210) Running with 16 wavefront(s) per workgroup and 100 workgroup(s)
[INFO] (1743264214) Running with 16 wavefront(s) per workgroup and 101 workgroup(s)
[INFO] (1743264218) Running with 16 wavefront(s) per workgroup and 102 workgroup(s)
[INFO] (1743264222) Running with 16 wavefront(s) per workgroup and 103 workgroup(s)
[INFO] (1743264226) Running with 16 wavefront(s) per workgroup and 104 workgroup(s)
[INFO] (1743264230) Running with 16 wavefront(s) per workgroup and 105 workgroup(s)
[INFO] (1743264234) Running with 16 wavefront(s) per workgroup and 106 workgroup(s)
[INFO] (1743264239) Running with 16 wavefront(s) per workgroup and 107 workgroup(s)
[INFO] (1743264243) Running with 16 wavefront(s) per workgroup and 108 workgroup(s)
[INFO] (1743264247) Running with 16 wavefront(s) per workgroup and 109 workgroup(s)
[INFO] (1743264251) Running with 16 wavefront(s) per workgroup and 110 workgroup(s)
[INFO] (1743264255) Running with 16 wavefront(s) per workgroup and 111 workgroup(s)
[INFO] (1743264259) Running with 16 wavefront(s) per workgroup and 112 workgroup(s)
[INFO] (1743264264) Running with 16 wavefront(s) per workgroup and 113 workgroup(s)
[INFO] (1743264268) Running with 16 wavefront(s) per workgroup and 114 workgroup(s)
[INFO] (1743264272) Running with 16 wavefront(s) per workgroup and 115 workgroup(s)
[INFO] (1743264276) Running with 16 wavefront(s) per workgroup and 116 workgroup(s)
[INFO] (1743264280) Running with 16 wavefront(s) per workgroup and 117 workgroup(s)
[INFO] (1743264285) Running with 16 wavefront(s) per workgroup and 118 workgroup(s)
[INFO] (1743264289) Running with 16 wavefront(s) per workgroup and 119 workgroup(s)
[INFO] (1743264293) Running with 16 wavefront(s) per workgroup and 120 workgroup(s)
[INFO] (1743264297) Running with 16 wavefront(s) per workgroup and 121 workgroup(s)
[INFO] (1743264301) Running with 16 wavefront(s) per workgroup and 122 workgroup(s)
[INFO] (1743264305) Running with 16 wavefront(s) per workgroup and 123 workgroup(s)
[INFO] (1743264310) Running with 16 wavefront(s) per workgroup and 124 workgroup(s)
[INFO] (1743264314) Running with 16 wavefront(s) per workgroup and 125 workgroup(s)
[INFO] (1743264318) Running with 16 wavefront(s) per workgroup and 126 workgroup(s)
[INFO] (1743264322) Running with 16 wavefront(s) per workgroup and 127 workgroup(s)
[INFO] (1743264326) Running with 16 wavefront(s) per workgroup and 128 workgroup(s)
[INFO] (1743264330) Running with 16 wavefront(s) per workgroup and 129 workgroup(s)
[INFO] (1743264335) Running with 16 wavefront(s) per workgroup and 130 workgroup(s)
[INFO] (1743264339) Running with 16 wavefront(s) per workgroup and 131 workgroup(s)
[INFO] (1743264343) Running with 16 wavefront(s) per workgroup and 132 workgroup(s)
[INFO] (1743264347) Running with 16 wavefront(s) per workgroup and 133 workgroup(s)
[INFO] (1743264351) Running with 16 wavefront(s) per workgroup and 134 workgroup(s)
[INFO] (1743264356) Running with 16 wavefront(s) per workgroup and 135 workgroup(s)
[INFO] (1743264360) Running with 16 wavefront(s) per workgroup and 136 workgroup(s)
[INFO] (1743264364) Running with 16 wavefront(s) per workgroup and 137 workgroup(s)
[INFO] (1743264368) Running with 16 wavefront(s) per workgroup and 138 workgroup(s)
[INFO] (1743264372) Running with 16 wavefront(s) per workgroup and 139 workgroup(s)
[INFO] (1743264376) Running with 16 wavefront(s) per workgroup and 140 workgroup(s)
[INFO] (1743264381) Running with 16 wavefront(s) per workgroup and 141 workgroup(s)
[INFO] (1743264385) Running with 16 wavefront(s) per workgroup and 142 workgroup(s)
[INFO] (1743264389) Running with 16 wavefront(s) per workgroup and 143 workgroup(s)
[INFO] (1743264393) Running with 16 wavefront(s) per workgroup and 144 workgroup(s)
[INFO] (1743264397) Running with 16 wavefront(s) per workgroup and 145 workgroup(s)
[INFO] (1743264402) Running with 16 wavefront(s) per workgroup and 146 workgroup(s)
[INFO] (1743264406) Running with 16 wavefront(s) per workgroup and 147 workgroup(s)
[INFO] (1743264410) Running with 16 wavefront(s) per workgroup and 148 workgroup(s)
[INFO] (1743264414) Running with 16 wavefront(s) per workgroup and 149 workgroup(s)
[INFO] (1743264418) Running with 16 wavefront(s) per workgroup and 150 workgroup(s)
[INFO] (1743264423) Running with 16 wavefront(s) per workgroup and 151 workgroup(s)
[INFO] (1743264427) Running with 16 wavefront(s) per workgroup and 152 workgroup(s)
[INFO] (1743264431) Running with 16 wavefront(s) per workgroup and 153 workgroup(s)
[INFO] (1743264435) Running with 16 wavefront(s) per workgroup and 154 workgroup(s)
[INFO] (1743264439) Running with 16 wavefront(s) per workgroup and 155 workgroup(s)
[INFO] (1743264443) Running with 16 wavefront(s) per workgroup and 156 workgroup(s)
[INFO] (1743264448) Running with 16 wavefront(s) per workgroup and 157 workgroup(s)
[INFO] (1743264452) Running with 16 wavefront(s) per workgroup and 158 workgroup(s)
[INFO] (1743264456) Running with 16 wavefront(s) per workgroup and 159 workgroup(s)
[INFO] (1743264460) Running with 16 wavefront(s) per workgroup and 160 workgroup(s)
[INFO] (1743264464) Running with 16 wavefront(s) per workgroup and 161 workgroup(s)
[INFO] (1743264469) Running with 16 wavefront(s) per workgroup and 162 workgroup(s)
[INFO] (1743264473) Running with 16 wavefront(s) per workgroup and 163 workgroup(s)
[INFO] (1743264477) Running with 16 wavefront(s) per workgroup and 164 workgroup(s)
[INFO] (1743264481) Running with 16 wavefront(s) per workgroup and 165 workgroup(s)
[INFO] (1743264485) Running with 16 wavefront(s) per workgroup and 166 workgroup(s)
[INFO] (1743264490) Running with 16 wavefront(s) per workgroup and 167 workgroup(s)
[INFO] (1743264494) Running with 16 wavefront(s) per workgroup and 168 workgroup(s)
[INFO] (1743264498) Running with 16 wavefront(s) per workgroup and 169 workgroup(s)
[INFO] (1743264502) Running with 16 wavefront(s) per workgroup and 170 workgroup(s)
[INFO] (1743264506) Running with 16 wavefront(s) per workgroup and 171 workgroup(s)
[INFO] (1743264511) Running with 16 wavefront(s) per workgroup and 172 workgroup(s)
[INFO] (1743264515) Running with 16 wavefront(s) per workgroup and 173 workgroup(s)
[INFO] (1743264519) Running with 16 wavefront(s) per workgroup and 174 workgroup(s)
[INFO] (1743264523) Running with 16 wavefront(s) per workgroup and 175 workgroup(s)
[INFO] (1743264527) Running with 16 wavefront(s) per workgroup and 176 workgroup(s)
[INFO] (1743264532) Running with 16 wavefront(s) per workgroup and 177 workgroup(s)
[INFO] (1743264536) Running with 16 wavefront(s) per workgroup and 178 workgroup(s)
[INFO] (1743264540) Running with 16 wavefront(s) per workgroup and 179 workgroup(s)
[INFO] (1743264544) Running with 16 wavefront(s) per workgroup and 180 workgroup(s)
[INFO] (1743264548) Running with 16 wavefront(s) per workgroup and 181 workgroup(s)
[INFO] (1743264553) Running with 16 wavefront(s) per workgroup and 182 workgroup(s)
[INFO] (1743264557) Running with 16 wavefront(s) per workgroup and 183 workgroup(s)
[INFO] (1743264561) Running with 16 wavefront(s) per workgroup and 184 workgroup(s)
[INFO] (1743264565) Running with 16 wavefront(s) per workgroup and 185 workgroup(s)
[INFO] (1743264570) Running with 16 wavefront(s) per workgroup and 186 workgroup(s)
[INFO] (1743264574) Running with 16 wavefront(s) per workgroup and 187 workgroup(s)
[INFO] (1743264578) Running with 16 wavefront(s) per workgroup and 188 workgroup(s)
[INFO] (1743264582) Running with 16 wavefront(s) per workgroup and 189 workgroup(s)
[INFO] (1743264586) Running with 16 wavefront(s) per workgroup and 190 workgroup(s)
[INFO] (1743264591) Running with 16 wavefront(s) per workgroup and 191 workgroup(s)
[INFO] (1743264595) Running with 16 wavefront(s) per workgroup and 192 workgroup(s)
[INFO] (1743264599) Running with 16 wavefront(s) per workgroup and 193 workgroup(s)
[INFO] (1743264603) Running with 16 wavefront(s) per workgroup and 194 workgroup(s)
[INFO] (1743264607) Running with 16 wavefront(s) per workgroup and 195 workgroup(s)
[INFO] (1743264612) Running with 16 wavefront(s) per workgroup and 196 workgroup(s)
[INFO] (1743264616) Running with 16 wavefront(s) per workgroup and 197 workgroup(s)
[INFO] (1743264620) Running with 16 wavefront(s) per workgroup and 198 workgroup(s)
[INFO] (1743264624) Running with 16 wavefront(s) per workgroup and 199 workgroup(s)
[INFO] (1743264629) Running with 16 wavefront(s) per workgroup and 200 workgroup(s)
[INFO] (1743264633) Running with 16 wavefront(s) per workgroup and 201 workgroup(s)
[INFO] (1743264637) Running with 16 wavefront(s) per workgroup and 202 workgroup(s)
[INFO] (1743264641) Running with 16 wavefront(s) per workgroup and 203 workgroup(s)
[INFO] (1743264645) Running with 16 wavefront(s) per workgroup and 204 workgroup(s)
[INFO] (1743264650) Running with 16 wavefront(s) per workgroup and 205 workgroup(s)
[INFO] (1743264654) Running with 16 wavefront(s) per workgroup and 206 workgroup(s)
[INFO] (1743264658) Running with 16 wavefront(s) per workgroup and 207 workgroup(s)
[INFO] (1743264662) Running with 16 wavefront(s) per workgroup and 208 workgroup(s)
[INFO] (1743264667) Running with 16 wavefront(s) per workgroup and 209 workgroup(s)
[INFO] (1743264671) Running with 16 wavefront(s) per workgroup and 210 workgroup(s)
[INFO] (1743264675) Running with 16 wavefront(s) per workgroup and 211 workgroup(s)
[INFO] (1743264679) Running with 16 wavefront(s) per workgroup and 212 workgroup(s)
[INFO] (1743264683) Running with 16 wavefront(s) per workgroup and 213 workgroup(s)
[INFO] (1743264688) Running with 16 wavefront(s) per workgroup and 214 workgroup(s)
[INFO] (1743264692) Running with 16 wavefront(s) per workgroup and 215 workgroup(s)
[INFO] (1743264696) Running with 16 wavefront(s) per workgroup and 216 workgroup(s)
[INFO] (1743264700) Running with 16 wavefront(s) per workgroup and 217 workgroup(s)
[INFO] (1743264705) Running with 16 wavefront(s) per workgroup and 218 workgroup(s)
[INFO] (1743264709) Running with 16 wavefront(s) per workgroup and 219 workgroup(s)
[INFO] (1743264713) Running with 16 wavefront(s) per workgroup and 220 workgroup(s)
[INFO] (1743264717) Running with 16 wavefront(s) per workgroup and 221 workgroup(s)
[INFO] (1743264721) Running with 16 wavefront(s) per workgroup and 222 workgroup(s)
[INFO] (1743264726) Running with 16 wavefront(s) per workgroup and 223 workgroup(s)
[INFO] (1743264730) Running with 16 wavefront(s) per workgroup and 224 workgroup(s)
[INFO] (1743264734) Running with 16 wavefront(s) per workgroup and 225 workgroup(s)
[INFO] (1743264738) Running with 16 wavefront(s) per workgroup and 226 workgroup(s)
[INFO] (1743264743) Running with 16 wavefront(s) per workgroup and 227 workgroup(s)
[INFO] (1743264747) Running with 16 wavefront(s) per workgroup and 228 workgroup(s)
[INFO] (1743264751) Running with 16 wavefront(s) per workgroup and 229 workgroup(s)
[INFO] (1743264755) Running with 16 wavefront(s) per workgroup and 230 workgroup(s)
[INFO] (1743264760) Running with 16 wavefront(s) per workgroup and 231 workgroup(s)
[INFO] (1743264764) Running with 16 wavefront(s) per workgroup and 232 workgroup(s)
[INFO] (1743264768) Running with 16 wavefront(s) per workgroup and 233 workgroup(s)
[INFO] (1743264772) Running with 16 wavefront(s) per workgroup and 234 workgroup(s)
[INFO] (1743264777) Running with 16 wavefront(s) per workgroup and 235 workgroup(s)
[INFO] (1743264781) Running with 16 wavefront(s) per workgroup and 236 workgroup(s)
[INFO] (1743264785) Running with 16 wavefront(s) per workgroup and 237 workgroup(s)
[INFO] (1743264789) Running with 16 wavefront(s) per workgroup and 238 workgroup(s)
[INFO] (1743264794) Running with 16 wavefront(s) per workgroup and 239 workgroup(s)
[INFO] (1743264798) Running with 16 wavefront(s) per workgroup and 240 workgroup(s)
[INFO] (1743264802) Running with 16 wavefront(s) per workgroup and 241 workgroup(s)
[INFO] (1743264806) Running with 16 wavefront(s) per workgroup and 242 workgroup(s)
[INFO] (1743264811) Running with 16 wavefront(s) per workgroup and 243 workgroup(s)
[INFO] (1743264815) Running with 16 wavefront(s) per workgroup and 244 workgroup(s)
[INFO] (1743264819) Running with 16 wavefront(s) per workgroup and 245 workgroup(s)
[INFO] (1743264823) Running with 16 wavefront(s) per workgroup and 246 workgroup(s)
[INFO] (1743264827) Running with 16 wavefront(s) per workgroup and 247 workgroup(s)
[INFO] (1743264832) Running with 16 wavefront(s) per workgroup and 248 workgroup(s)
[INFO] (1743264836) Running with 16 wavefront(s) per workgroup and 249 workgroup(s)
[INFO] (1743264840) Running with 16 wavefront(s) per workgroup and 250 workgroup(s)
[INFO] (1743264844) Running with 16 wavefront(s) per workgroup and 251 workgroup(s)
[INFO] (1743264849) Running with 16 wavefront(s) per workgroup and 252 workgroup(s)
[INFO] (1743264853) Running with 16 wavefront(s) per workgroup and 253 workgroup(s)
[INFO] (1743264857) Running with 16 wavefront(s) per workgroup and 254 workgroup(s)
[INFO] (1743264862) Running with 16 wavefront(s) per workgroup and 255 workgroup(s)
[INFO] (1743264866) Running with 16 wavefront(s) per workgroup and 256 workgroup(s)
[INFO] (1743264870) Running with 16 wavefront(s) per workgroup and 257 workgroup(s)
[INFO] (1743264874) Running with 16 wavefront(s) per workgroup and 258 workgroup(s)
[INFO] (1743264879) Running with 16 wavefront(s) per workgroup and 259 workgroup(s)
[INFO] (1743264883) Running with 16 wavefront(s) per workgroup and 260 workgroup(s)
[INFO] (1743264887) Running with 16 wavefront(s) per workgroup and 261 workgroup(s)
[INFO] (1743264891) Running with 16 wavefront(s) per workgroup and 262 workgroup(s)
[INFO] (1743264896) Running with 16 wavefront(s) per workgroup and 263 workgroup(s)
[INFO] (1743264900) Running with 16 wavefront(s) per workgroup and 264 workgroup(s)
[INFO] (1743264904) Running with 16 wavefront(s) per workgroup and 265 workgroup(s)
[INFO] (1743264908) Running with 16 wavefront(s) per workgroup and 266 workgroup(s)
[INFO] (1743264913) Running with 16 wavefront(s) per workgroup and 267 workgroup(s)
[INFO] (1743264917) Running with 16 wavefront(s) per workgroup and 268 workgroup(s)
[INFO] (1743264921) Running with 16 wavefront(s) per workgroup and 269 workgroup(s)
[INFO] (1743264925) Running with 16 wavefront(s) per workgroup and 270 workgroup(s)
[INFO] (1743264930) Running with 16 wavefront(s) per workgroup and 271 workgroup(s)
[INFO] (1743264934) Running with 16 wavefront(s) per workgroup and 272 workgroup(s)
[INFO] (1743264938) Running with 16 wavefront(s) per workgroup and 273 workgroup(s)
[INFO] (1743264942) Running with 16 wavefront(s) per workgroup and 274 workgroup(s)
[INFO] (1743264947) Running with 16 wavefront(s) per workgroup and 275 workgroup(s)
[INFO] (1743264951) Running with 16 wavefront(s) per workgroup and 276 workgroup(s)
[INFO] (1743264955) Running with 16 wavefront(s) per workgroup and 277 workgroup(s)
[INFO] (1743264960) Running with 16 wavefront(s) per workgroup and 278 workgroup(s)
[INFO] (1743264964) Running with 16 wavefront(s) per workgroup and 279 workgroup(s)
[INFO] (1743264968) Running with 16 wavefront(s) per workgroup and 280 workgroup(s)
[INFO] (1743264972) Running with 16 wavefront(s) per workgroup and 281 workgroup(s)
[INFO] (1743264977) Running with 16 wavefront(s) per workgroup and 282 workgroup(s)
[INFO] (1743264981) Running with 16 wavefront(s) per workgroup and 283 workgroup(s)
[INFO] (1743264985) Running with 16 wavefront(s) per workgroup and 284 workgroup(s)
[INFO] (1743264989) Running with 16 wavefront(s) per workgroup and 285 workgroup(s)
[INFO] (1743264994) Running with 16 wavefront(s) per workgroup and 286 workgroup(s)
[INFO] (1743264998) Running with 16 wavefront(s) per workgroup and 287 workgroup(s)
[INFO] (1743265002) Running with 16 wavefront(s) per workgroup and 288 workgroup(s)
[INFO] (1743265007) Running with 16 wavefront(s) per workgroup and 289 workgroup(s)
[INFO] (1743265011) Running with 16 wavefront(s) per workgroup and 290 workgroup(s)
[INFO] (1743265015) Running with 16 wavefront(s) per workgroup and 291 workgroup(s)
[INFO] (1743265019) Running with 16 wavefront(s) per workgroup and 292 workgroup(s)
[INFO] (1743265024) Running with 16 wavefront(s) per workgroup and 293 workgroup(s)
[INFO] (1743265028) Running with 16 wavefront(s) per workgroup and 294 workgroup(s)
[INFO] (1743265032) Running with 16 wavefront(s) per workgroup and 295 workgroup(s)
[INFO] (1743265036) Running with 16 wavefront(s) per workgroup and 296 workgroup(s)
[INFO] (1743265041) Running with 16 wavefront(s) per workgroup and 297 workgroup(s)
[INFO] (1743265045) Running with 16 wavefront(s) per workgroup and 298 workgroup(s)
[INFO] (1743265049) Running with 16 wavefront(s) per workgroup and 299 workgroup(s)
[INFO] (1743265054) Running with 16 wavefront(s) per workgroup and 300 workgroup(s)
[INFO] (1743265058) Running with 16 wavefront(s) per workgroup and 301 workgroup(s)
[INFO] (1743265062) Running with 16 wavefront(s) per workgroup and 302 workgroup(s)
[INFO] (1743265066) Running with 16 wavefront(s) per workgroup and 303 workgroup(s)
[INFO] (1743265071) Running with 16 wavefront(s) per workgroup and 304 workgroup(s)
Result V_MUL2 with fp16
n_iter, n_thread, n_wg, n_wf, wf_size, wg_size, n_flops, n_bytes, time_ms, gflop/s, avg_clock, max_clock, min_clock, stdev_clock 
1073741824, 1024, 1, 16, 64, 1024, 1099511627776, 4096, 4109.35, 267.563, 6.45084e+09, 8601457768, 4303358580, 1.05396 
1073741824, 2048, 2, 16, 64, 1024, 2199023255552, 8192, 4122.12, 533.469, 6.45083e+09, 8606696596, 4303357792, 1.05396 
1073741824, 3072, 3, 16, 64, 1024, 3298534883328, 12288, 4117.8, 801.044, 6.45084e+09, 8606691664, 4303356908, 1.05396 
1073741824, 4096, 4, 16, 64, 1024, 4398046511104, 16384, 4121.03, 1067.22, 6.45084e+09, 8606691424, 4303356788, 1.05396 
1073741824, 5120, 5, 16, 64, 1024, 5497558138880, 20480, 4122.63, 1333.51, 6.45084e+09, 8606697348, 4303357000, 1.05396 
1073741824, 6144, 6, 16, 64, 1024, 6597069766656, 24576, 4123.33, 1599.94, 6.45083e+09, 8606691100, 4303356396, 1.05396 
1073741824, 7168, 7, 16, 64, 1024, 7696581394432, 28672, 4122.34, 1867.04, 6.45083e+09, 8606696060, 4303356344, 1.05396 
1073741824, 8192, 8, 16, 64, 1024, 8796093022208, 32768, 4120.15, 2134.9, 6.45083e+09, 8606696276, 4303356416, 1.05396 
1073741824, 9216, 9, 16, 64, 1024, 9895604649984, 36864, 4124.54, 2399.2, 6.45083e+09, 8606696288, 4303356512, 1.05396 
1073741824, 10240, 10, 16, 64, 1024, 10995116277760, 40960, 4125.11, 2665.41, 6.45083e+09, 8606696236, 4303356324, 1.05396 
1073741824, 11264, 11, 16, 64, 1024, 12094627905536, 45056, 4125.04, 2932, 6.45083e+09, 8606696552, 4303356548, 1.05396 
1073741824, 12288, 12, 16, 64, 1024, 13194139533312, 49152, 4125.47, 3198.21, 6.45083e+09, 8606696280, 4303356320, 1.05396 
1073741824, 13312, 13, 16, 64, 1024, 14293651161088, 53248, 4124.35, 3465.68, 6.45083e+09, 8606696292, 4303356508, 1.05396 
1073741824, 14336, 14, 16, 64, 1024, 15393162788864, 57344, 4125.24, 3731.46, 6.45083e+09, 8606696308, 4303356540, 1.05396 
1073741824, 15360, 15, 16, 64, 1024, 16492674416640, 61440, 4125.63, 3997.61, 6.45083e+09, 8606696304, 4303356392, 1.05396 
1073741824, 16384, 16, 16, 64, 1024, 17592186044416, 65536, 4126.01, 4263.73, 6.45083e+09, 8606696076, 4303356340, 1.05396 
1073741824, 17408, 17, 16, 64, 1024, 18691697672192, 69632, 4126.32, 4529.87, 6.45083e+09, 8606696472, 4303356436, 1.05396 
1073741824, 18432, 18, 16, 64, 1024, 19791209299968, 73728, 4126.72, 4795.87, 6.45083e+09, 8606696336, 4303356360, 1.05396 
1073741824, 19456, 19, 16, 64, 1024, 20890720927744, 77824, 4128.51, 5060.11, 6.45083e+09, 8606697224, 4303356372, 1.05396 
1073741824, 20480, 20, 16, 64, 1024, 21990232555520, 81920, 4128.54, 5326.4, 6.45083e+09, 8606696076, 4303356360, 1.05396 
1073741824, 21504, 21, 16, 64, 1024, 23089744183296, 86016, 4128.51, 5592.76, 6.45083e+09, 8606697292, 4303356364, 1.05396 
1073741824, 22528, 22, 16, 64, 1024, 24189255811072, 90112, 4127.87, 5859.98, 6.45083e+09, 8606696352, 4303356244, 1.05396 
1073741824, 23552, 23, 16, 64, 1024, 25288767438848, 94208, 4128.25, 6125.79, 6.45083e+09, 8606696276, 4303356228, 1.05396 
1073741824, 24576, 24, 16, 64, 1024, 26388279066624, 98304, 4127.1, 6393.91, 6.45083e+09, 8606696340, 4303356224, 1.05396 
1073741824, 25600, 25, 16, 64, 1024, 27487790694400, 102400, 4130.08, 6655.5, 6.45083e+09, 8606696592, 4303356236, 1.05396 
1073741824, 26624, 26, 16, 64, 1024, 28587302322176, 106496, 4131.72, 6918.99, 6.45083e+09, 8606696384, 4303356236, 1.05396 
1073741824, 27648, 27, 16, 64, 1024, 29686813949952, 110592, 4132.37, 7183.97, 6.45083e+09, 8606696272, 4303356236, 1.05396 
1073741824, 28672, 28, 16, 64, 1024, 30786325577728, 114688, 4132.46, 7449.89, 6.45083e+09, 8606696312, 4303356236, 1.05396 
1073741824, 29696, 29, 16, 64, 1024, 31885837205504, 118784, 4130.46, 7719.69, 6.45083e+09, 8606696668, 4303356244, 1.05396 
1073741824, 30720, 30, 16, 64, 1024, 32985348833280, 122880, 4131.84, 7983.21, 6.45083e+09, 8606696328, 4303356244, 1.05396 
1073741824, 31744, 31, 16, 64, 1024, 34084860461056, 126976, 4127.01, 8258.96, 6.45083e+09, 8606696576, 4303356228, 1.05396 
1073741824, 32768, 32, 16, 64, 1024, 35184372088832, 131072, 4133, 8513.04, 6.45083e+09, 8606696348, 4303356236, 1.05396 
1073741824, 33792, 33, 16, 64, 1024, 36283883716608, 135168, 4132.71, 8779.68, 6.45083e+09, 8606696456, 4303356220, 1.05396 
1073741824, 34816, 34, 16, 64, 1024, 37383395344384, 139264, 4125.67, 9061.18, 6.45083e+09, 8606696408, 4303356252, 1.05396 
1073741824, 35840, 35, 16, 64, 1024, 38482906972160, 143360, 4130.93, 9315.8, 6.45083e+09, 8606696528, 4303356204, 1.05396 
1073741824, 36864, 36, 16, 64, 1024, 39582418599936, 147456, 4132.15, 9579.13, 6.45083e+09, 8606696344, 4303356232, 1.05396 
1073741824, 37888, 37, 16, 64, 1024, 40681930227712, 151552, 4138.48, 9830.17, 6.45083e+09, 8606696856, 4303356220, 1.05396 
1073741824, 38912, 38, 16, 64, 1024, 41781441855488, 155648, 4131.64, 10112.6, 6.45083e+09, 8606697000, 4303356216, 1.05396 
1073741824, 39936, 39, 16, 64, 1024, 42880953483264, 159744, 4135.9, 10368, 6.45083e+09, 8606696536, 4303356204, 1.05396 
1073741824, 40960, 40, 16, 64, 1024, 43980465111040, 163840, 4138.02, 10628.4, 6.45083e+09, 8606697484, 4303356244, 1.05396 
1073741824, 41984, 41, 16, 64, 1024, 45079976738816, 167936, 4141.2, 10885.7, 6.45083e+09, 8606696728, 4303356220, 1.05396 
1073741824, 43008, 42, 16, 64, 1024, 46179488366592, 172032, 4131.5, 11177.4, 6.45083e+09, 8606696436, 4303356232, 1.05396 
1073741824, 44032, 43, 16, 64, 1024, 47278999994368, 176128, 4132.6, 11440.5, 6.45083e+09, 8606696480, 4303356228, 1.05396 
1073741824, 45056, 44, 16, 64, 1024, 48378511622144, 180224, 4134.18, 11702.1, 6.45083e+09, 8606696300, 4303356212, 1.05396 
1073741824, 46080, 45, 16, 64, 1024, 49478023249920, 184320, 4133.4, 11970.3, 6.45083e+09, 8606697992, 4303356200, 1.05396 
1073741824, 47104, 46, 16, 64, 1024, 50577534877696, 188416, 4132.87, 12237.9, 6.45083e+09, 8606696916, 4303356244, 1.05396 
1073741824, 48128, 47, 16, 64, 1024, 51677046505472, 192512, 4134.97, 12497.6, 6.45083e+09, 8606696556, 4303356244, 1.05396 
1073741824, 49152, 48, 16, 64, 1024, 52776558133248, 196608, 4127.2, 12787.5, 6.45083e+09, 8606696536, 4303356196, 1.05396 
1073741824, 50176, 49, 16, 64, 1024, 53876069761024, 200704, 4133.37, 13034.4, 6.45083e+09, 8606697168, 4303356184, 1.05396 
1073741824, 51200, 50, 16, 64, 1024, 54975581388800, 204800, 4134.26, 13297.6, 6.45083e+09, 8606696480, 4303356212, 1.05396 
1073741824, 52224, 51, 16, 64, 1024, 56075093016576, 208896, 4135.47, 13559.5, 6.45083e+09, 8606696340, 4303356244, 1.05396 
1073741824, 53248, 52, 16, 64, 1024, 57174604644352, 212992, 4138.05, 13816.8, 6.45083e+09, 8606696320, 4303356196, 1.05396 
1073741824, 54272, 53, 16, 64, 1024, 58274116272128, 217088, 4129.83, 14110.5, 6.45083e+09, 8606697100, 4303356208, 1.05396 
1073741824, 55296, 54, 16, 64, 1024, 59373627899904, 221184, 4135.35, 14357.6, 6.45083e+09, 8606697136, 4303356228, 1.05396 
1073741824, 56320, 55, 16, 64, 1024, 60473139527680, 225280, 4136.43, 14619.6, 6.45083e+09, 8606696356, 4303356200, 1.05396 
1073741824, 57344, 56, 16, 64, 1024, 61572651155456, 229376, 4138.41, 14878.3, 6.45083e+09, 8606696524, 4303356196, 1.05396 
1073741824, 58368, 57, 16, 64, 1024, 62672162783232, 233472, 4133.35, 15162.5, 6.45083e+09, 8606696636, 4303356200, 1.05396 
1073741824, 59392, 58, 16, 64, 1024, 63771674411008, 237568, 4133.46, 15428.2, 6.45083e+09, 8606696404, 4303356200, 1.05396 
1073741824, 60416, 59, 16, 64, 1024, 64871186038784, 241664, 4144.42, 15652.7, 6.45083e+09, 8606696332, 4303356196, 1.05396 
1073741824, 61440, 60, 16, 64, 1024, 65970697666560, 245760, 4137.89, 15943.1, 6.45083e+09, 8606696320, 4303356180, 1.05396 
1073741824, 62464, 61, 16, 64, 1024, 67070209294336, 249856, 4139.72, 16201.6, 6.45083e+09, 8606697088, 4303356200, 1.05396 
1073741824, 63488, 62, 16, 64, 1024, 68169720922112, 253952, 4137.23, 16477.1, 6.45083e+09, 8606696964, 4303356232, 1.05396 
1073741824, 64512, 63, 16, 64, 1024, 69269232549888, 258048, 4138.1, 16739.4, 6.45083e+09, 8606697084, 4303356224, 1.05396 
1073741824, 65536, 64, 16, 64, 1024, 70368744177664, 262144, 4141.91, 16989.4, 6.45083e+09, 8606697336, 4303356220, 1.05396 
1073741824, 66560, 65, 16, 64, 1024, 71468255805440, 266240, 4142.01, 17254.5, 6.45083e+09, 8606696324, 4303356224, 1.05396 
1073741824, 67584, 66, 16, 64, 1024, 72567767433216, 270336, 4143.67, 17512.9, 6.45083e+09, 8606696472, 4303356216, 1.05396 
1073741824, 68608, 67, 16, 64, 1024, 73667279060992, 274432, 4140.97, 17789.9, 6.45083e+09, 8606697020, 4303356212, 1.05396 
1073741824, 69632, 68, 16, 64, 1024, 74766790688768, 278528, 4152.81, 18003.9, 6.45083e+09, 8606696336, 4303356188, 1.05396 
1073741824, 70656, 69, 16, 64, 1024, 75866302316544, 282624, 4142.97, 18312.1, 6.45083e+09, 8606697648, 4303356224, 1.05396 
1073741824, 71680, 70, 16, 64, 1024, 76965813944320, 286720, 4143.82, 18573.7, 6.45083e+09, 8606697724, 4303356176, 1.05396 
1073741824, 72704, 71, 16, 64, 1024, 78065325572096, 290816, 4139.93, 18856.7, 6.45083e+09, 8606696528, 4303356192, 1.05396 
1073741824, 73728, 72, 16, 64, 1024, 79164837199872, 294912, 4148.95, 19080.7, 6.45083e+09, 8606697412, 4303356200, 1.05396 
1073741824, 74752, 73, 16, 64, 1024, 80264348827648, 299008, 4149.94, 19341.1, 6.45083e+09, 8606696752, 4303356180, 1.05396 
1073741824, 75776, 74, 16, 64, 1024, 81363860455424, 303104, 4144.08, 19633.7, 6.45083e+09, 8606696420, 4303356212, 1.05396 
1073741824, 76800, 75, 16, 64, 1024, 82463372083200, 307200, 4144.13, 19898.9, 6.45083e+09, 8606696516, 4303356200, 1.05396 
1073741824, 77824, 76, 16, 64, 1024, 83562883710976, 311296, 4152.2, 20125, 6.45083e+09, 8606696352, 4303356220, 1.05396 
1073741824, 78848, 77, 16, 64, 1024, 84662395338752, 315392, 4155.56, 20373.3, 6.45083e+09, 8606696640, 4303356180, 1.05396 
1073741824, 79872, 78, 16, 64, 1024, 85761906966528, 319488, 4146, 20685.5, 6.45083e+09, 8606696344, 4303356204, 1.05396 
1073741824, 80896, 79, 16, 64, 1024, 86861418594304, 323584, 4143.05, 20965.6, 6.45083e+09, 8606696944, 4303356196, 1.05396 
1073741824, 81920, 80, 16, 64, 1024, 87960930222080, 327680, 4149.97, 21195.5, 6.45083e+09, 8606696628, 4303356188, 1.05396 
1073741824, 82944, 81, 16, 64, 1024, 89060441849856, 331776, 4154.17, 21438.8, 6.45083e+09, 8606698124, 4303356184, 1.05396 
1073741824, 83968, 82, 16, 64, 1024, 90159953477632, 335872, 4150.96, 21720.3, 6.45083e+09, 8606696352, 4303356196, 1.05396 
1073741824, 84992, 83, 16, 64, 1024, 91259465105408, 339968, 4149.37, 21993.6, 6.45083e+09, 8606696368, 4303356240, 1.05396 
1073741824, 86016, 84, 16, 64, 1024, 92358976733184, 344064, 4155.94, 22223.4, 6.45083e+09, 8606696356, 4303356220, 1.05396 
1073741824, 87040, 85, 16, 64, 1024, 93458488360960, 348160, 4150.8, 22515.8, 6.45083e+09, 8606696712, 4303356184, 1.05396 
1073741824, 88064, 86, 16, 64, 1024, 94557999988736, 352256, 4149.7, 22786.7, 6.45083e+09, 8606696352, 4303356212, 1.05396 
1073741824, 89088, 87, 16, 64, 1024, 95657511616512, 356352, 4154.34, 23025.9, 6.45083e+09, 8606696972, 4303356216, 1.05396 
1073741824, 90112, 88, 16, 64, 1024, 96757023244288, 360448, 4157.1, 23275.1, 6.45083e+09, 8606696368, 4303356236, 1.05396 
1073741824, 91136, 89, 16, 64, 1024, 97856534872064, 364544, 4150.9, 23574.7, 6.45083e+09, 8606696656, 4303356188, 1.05396 
1073741824, 92160, 90, 16, 64, 1024, 98956046499840, 368640, 4153.96, 23822.1, 6.45083e+09, 8606696352, 4303356232, 1.05396 
1073741824, 93184, 91, 16, 64, 1024, 100055558127616, 372736, 4155.42, 24078.3, 6.45083e+09, 8606696504, 4303356208, 1.05396 
1073741824, 94208, 92, 16, 64, 1024, 101155069755392, 376832, 4156.04, 24339.3, 6.45083e+09, 8606696360, 4303356196, 1.05396 
1073741824, 95232, 93, 16, 64, 1024, 102254581383168, 380928, 4153.74, 24617.5, 6.45083e+09, 8606696796, 4303356224, 1.05396 
1073741824, 96256, 94, 16, 64, 1024, 103354093010944, 385024, 4154.49, 24877.7, 6.45083e+09, 8606696364, 4303356240, 1.05396 
1073741824, 97280, 95, 16, 64, 1024, 104453604638720, 389120, 4155.09, 25138.7, 6.45083e+09, 8606696400, 4303356200, 1.05396 
1073741824, 98304, 96, 16, 64, 1024, 105553116266496, 393216, 4155.59, 25400.3, 6.45083e+09, 8606696472, 4303356224, 1.05396 
1073741824, 99328, 97, 16, 64, 1024, 106652627894272, 397312, 4154.92, 25669, 6.45083e+09, 8606696596, 4303356184, 1.05396 
1073741824, 100352, 98, 16, 64, 1024, 107752139522048, 401408, 4158.19, 25913.2, 6.45083e+09, 8606696460, 4303356188, 1.05396 
1073741824, 101376, 99, 16, 64, 1024, 108851651149824, 405504, 4159.27, 26170.9, 6.45083e+09, 8606696540, 4303356180, 1.05396 
1073741824, 102400, 100, 16, 64, 1024, 109951162777600, 409600, 4157.79, 26444.6, 6.45083e+09, 8606696344, 4303356240, 1.05396 
1073741824, 103424, 101, 16, 64, 1024, 111050674405376, 413696, 4158.85, 26702.2, 6.45083e+09, 8606696788, 4303356240, 1.05396 
1073741824, 104448, 102, 16, 64, 1024, 112150186033152, 417792, 4162.96, 26940, 6.45083e+09, 8606696760, 4303356196, 1.05396 
1073741824, 105472, 103, 16, 64, 1024, 113249697660928, 421888, 4157.92, 27237.1, 6.45083e+09, 8606696984, 4303356220, 1.05396 
1073741824, 106496, 104, 16, 64, 1024, 114349209288704, 425984, 4157.67, 27503.2, 6.45083e+09, 8606696368, 4303356180, 1.05396 
1073741824, 107520, 105, 16, 64, 1024, 115448720916480, 430080, 4163.88, 27726.2, 6.45083e+09, 8606697868, 4303356192, 1.05396 
1073741824, 108544, 106, 16, 64, 1024, 116548232544256, 434176, 4163.64, 27991.9, 6.45083e+09, 8606696492, 4303356240, 1.05396 
1073741824, 109568, 107, 16, 64, 1024, 117647744172032, 438272, 4165.91, 28240.6, 6.45083e+09, 8606696372, 4303356220, 1.05396 
1073741824, 110592, 108, 16, 64, 1024, 118747255799808, 442368, 4165.24, 28509.1, 6.45083e+09, 8606696380, 4303356204, 1.05396 
1073741824, 111616, 109, 16, 64, 1024, 119846767427584, 446464, 4162.68, 28790.8, 6.45083e+09, 8606697148, 4303356236, 1.05396 
1073741824, 112640, 110, 16, 64, 1024, 120946279055360, 450560, 4167.72, 29019.8, 6.45083e+09, 8606696832, 4303356248, 1.05396 
1073741824, 113664, 111, 16, 64, 1024, 122045790683136, 454656, 4166.18, 29294.4, 6.45083e+09, 8606696588, 4303356188, 1.05396 
1073741824, 114688, 112, 16, 64, 1024, 123145302310912, 458752, 4166.95, 29552.8, 6.45083e+09, 8606696352, 4303356184, 1.05396 
1073741824, 115712, 113, 16, 64, 1024, 124244813938688, 462848, 4171.13, 29786.8, 6.45083e+09, 8606697064, 4303356220, 1.05396 
1073741824, 116736, 114, 16, 64, 1024, 125344325566464, 466944, 4169.25, 30064, 6.45083e+09, 8606696364, 4303356196, 1.05396 
1073741824, 117760, 115, 16, 64, 1024, 126443837194240, 471040, 4170.19, 30320.9, 6.45083e+09, 8606696516, 4303356184, 1.05396 
1073741824, 118784, 116, 16, 64, 1024, 127543348822016, 475136, 4174.77, 30551, 6.45083e+09, 8606696372, 4303356224, 1.05396 
1073741824, 119808, 117, 16, 64, 1024, 128642860449792, 479232, 4173.12, 30826.5, 6.45083e+09, 8606696372, 4303356204, 1.05396 
1073741824, 120832, 118, 16, 64, 1024, 129742372077568, 483328, 4168.99, 31120.8, 6.45083e+09, 8606696952, 4303356220, 1.05396 
1073741824, 121856, 119, 16, 64, 1024, 130841883705344, 487424, 4169.98, 31377.1, 6.45083e+09, 8606696932, 4303356216, 1.05396 
1073741824, 122880, 120, 16, 64, 1024, 131941395333120, 491520, 4168.61, 31651.2, 6.45083e+09, 8606697760, 4303356204, 1.05396 
1073741824, 123904, 121, 16, 64, 1024, 133040906960896, 495616, 4170.79, 31898.3, 6.45083e+09, 8606696660, 4303356228, 1.05396 
1073741824, 124928, 122, 16, 64, 1024, 134140418588672, 499712, 4177.86, 32107.5, 6.45083e+09, 8606696372, 4303356224, 1.05396 
1073741824, 125952, 123, 16, 64, 1024, 135239930216448, 503808, 4175.14, 32391.7, 6.45083e+09, 8606696472, 4303356180, 1.05396 
1073741824, 126976, 124, 16, 64, 1024, 136339441844224, 507904, 4178.46, 32629.1, 6.45083e+09, 8606696356, 4303356176, 1.05396 
1073741824, 128000, 125, 16, 64, 1024, 137438953472000, 512000, 4170.45, 32955.4, 6.45083e+09, 8606697104, 4303356204, 1.05396 
1073741824, 129024, 126, 16, 64, 1024, 138538465099776, 516096, 4177.14, 33165.9, 6.45083e+09, 8606697168, 4303356192, 1.05396 
1073741824, 130048, 127, 16, 64, 1024, 139637976727552, 520192, 4177.02, 33430.1, 6.45083e+09, 8606696548, 4303356220, 1.05396 
1073741824, 131072, 128, 16, 64, 1024, 140737488355328, 524288, 4176.04, 33701.2, 6.45083e+09, 8606696588, 4303356204, 1.05396 
1073741824, 132096, 129, 16, 64, 1024, 141836999983104, 528384, 4181.09, 33923.5, 6.45083e+09, 8606696852, 4303356308, 1.05396 
1073741824, 133120, 130, 16, 64, 1024, 142936511610880, 532480, 4178.74, 34205.6, 6.45083e+09, 8606697272, 4303356336, 1.05396 
1073741824, 134144, 131, 16, 64, 1024, 144036023238656, 536576, 4184.52, 34421.1, 6.45083e+09, 8606696384, 4303356276, 1.05396 
1073741824, 135168, 132, 16, 64, 1024, 145135534866432, 540672, 4181.37, 34710.1, 6.45083e+09, 8606696244, 4303356272, 1.05396 
1073741824, 136192, 133, 16, 64, 1024, 146235046494208, 544768, 4182.71, 34961.8, 6.45083e+09, 8606697388, 4303356320, 1.05396 
1073741824, 137216, 134, 16, 64, 1024, 147334558121984, 548864, 4181.71, 35233.1, 6.45083e+09, 8606696808, 4303356300, 1.05396 
1073741824, 138240, 135, 16, 64, 1024, 148434069749760, 552960, 4178.25, 35525.5, 6.45083e+09, 8606697312, 4303356280, 1.05396 
1073741824, 139264, 136, 16, 64, 1024, 149533581377536, 557056, 4186.72, 35716.2, 6.45083e+09, 8606697020, 4303356292, 1.05396 
1073741824, 140288, 137, 16, 64, 1024, 150633093005312, 561152, 4180.42, 36033, 6.45083e+09, 8606697132, 4303356316, 1.05396 
1073741824, 141312, 138, 16, 64, 1024, 151732604633088, 565248, 4190.35, 36210, 6.45083e+09, 8606696284, 4303356288, 1.05396 
1073741824, 142336, 139, 16, 64, 1024, 152832116260864, 569344, 4183.04, 36536.1, 6.45083e+09, 8606696436, 4303356288, 1.05396 
1073741824, 143360, 140, 16, 64, 1024, 153931627888640, 573440, 4189.23, 36744.6, 6.45083e+09, 8606696260, 4303356324, 1.05396 
1073741824, 144384, 141, 16, 64, 1024, 155031139516416, 577536, 4181.39, 37076.4, 6.45083e+09, 8606697172, 4303356288, 1.05396 
1073741824, 145408, 142, 16, 64, 1024, 156130651144192, 581632, 4187.85, 37281.8, 6.45083e+09, 8606696836, 4303356340, 1.05396 
1073741824, 146432, 143, 16, 64, 1024, 157230162771968, 585728, 4185.38, 37566.5, 6.45083e+09, 8606696492, 4303356320, 1.05396 
1073741824, 147456, 144, 16, 64, 1024, 158329674399744, 589824, 4187.84, 37807, 6.45083e+09, 8606696456, 4303356288, 1.05396 
1073741824, 148480, 145, 16, 64, 1024, 159429186027520, 593920, 4188.16, 38066.7, 6.45083e+09, 8606696772, 4303356280, 1.05396 
1073741824, 149504, 146, 16, 64, 1024, 160528697655296, 598016, 4192.48, 38289.7, 6.45083e+09, 8606697312, 4303356320, 1.05396 
1073741824, 150528, 147, 16, 64, 1024, 161628209283072, 602112, 4189.89, 38575.8, 6.45083e+09, 8606696268, 4303356268, 1.05396 
1073741824, 151552, 148, 16, 64, 1024, 162727720910848, 606208, 4193.67, 38803.2, 6.45083e+09, 8606696368, 4303356308, 1.05396 
1073741824, 152576, 149, 16, 64, 1024, 163827232538624, 610304, 4190.16, 39098.1, 6.45083e+09, 8606697056, 4303356296, 1.05396 
1073741824, 153600, 150, 16, 64, 1024, 164926744166400, 614400, 4193.1, 39332.9, 6.45083e+09, 8606697116, 4303356280, 1.05396 
1073741824, 154624, 151, 16, 64, 1024, 166026255794176, 618496, 4189.47, 39629.4, 6.45083e+09, 8606696472, 4303356276, 1.05396 
1073741824, 155648, 152, 16, 64, 1024, 167125767421952, 622592, 4191.61, 39871.5, 6.45083e+09, 8606696428, 4303356292, 1.05396 
1073741824, 156672, 153, 16, 64, 1024, 168225279049728, 626688, 4191.56, 40134.3, 6.45083e+09, 8606696300, 4303356320, 1.05396 
1073741824, 157696, 154, 16, 64, 1024, 169324790677504, 630784, 4195.64, 40357.3, 6.45083e+09, 8606696452, 4303356296, 1.05396 
1073741824, 158720, 155, 16, 64, 1024, 170424302305280, 634880, 4195.4, 40621.7, 6.45083e+09, 8606696372, 4303356296, 1.05396 
1073741824, 159744, 156, 16, 64, 1024, 171523813933056, 638976, 4194.74, 40890.2, 6.45083e+09, 8606696352, 4303356288, 1.05396 
1073741824, 160768, 157, 16, 64, 1024, 172623325560832, 643072, 4193.27, 41166.7, 6.45083e+09, 8606696972, 4303356284, 1.05396 
1073741824, 161792, 158, 16, 64, 1024, 173722837188608, 647168, 4194.47, 41417.1, 6.45083e+09, 8606696252, 4303356328, 1.05396 
1073741824, 162816, 159, 16, 64, 1024, 174822348816384, 651264, 4195.82, 41665.8, 6.45083e+09, 8606697292, 4303356316, 1.05396 
1073741824, 163840, 160, 16, 64, 1024, 175921860444160, 655360, 4194.46, 41941.5, 6.45083e+09, 8606696496, 4303356292, 1.05396 
1073741824, 164864, 161, 16, 64, 1024, 177021372071936, 659456, 4197.34, 42174.7, 6.45083e+09, 8606697076, 4303356180, 1.05396 
1073741824, 165888, 162, 16, 64, 1024, 178120883699712, 663552, 4197.7, 42433, 6.45083e+09, 8606696396, 4303356216, 1.05396 
1073741824, 166912, 163, 16, 64, 1024, 179220395327488, 667648, 4199.68, 42674.8, 6.45083e+09, 8606696528, 4303356188, 1.05396 
1073741824, 167936, 164, 16, 64, 1024, 180319906955264, 671744, 4198.38, 42949.9, 6.45083e+09, 8606696428, 4303356176, 1.05396 
1073741824, 168960, 165, 16, 64, 1024, 181419418583040, 675840, 4200.03, 43194.8, 6.45083e+09, 8606697120, 4303356212, 1.05396 
1073741824, 169984, 166, 16, 64, 1024, 182518930210816, 679936, 4198.95, 43467.8, 6.45083e+09, 8606696392, 4303356200, 1.05396 
1073741824, 171008, 167, 16, 64, 1024, 183618441838592, 684032, 4199.52, 43723.7, 6.45083e+09, 8606697348, 4303356180, 1.05396 
1073741824, 172032, 168, 16, 64, 1024, 184717953466368, 688128, 4197.09, 44010.9, 6.45083e+09, 8606696392, 4303356192, 1.05396 
1073741824, 173056, 169, 16, 64, 1024, 185817465094144, 692224, 4201.99, 44221.3, 6.45083e+09, 8606696436, 4303356208, 1.05396 
1073741824, 174080, 170, 16, 64, 1024, 186916976721920, 696320, 4202.57, 44476.9, 6.45083e+09, 8606696440, 4303356180, 1.05396 
1073741824, 175104, 171, 16, 64, 1024, 188016488349696, 700416, 4205.53, 44707, 6.45083e+09, 8606696640, 4303356220, 1.05396 
1073741824, 176128, 172, 16, 64, 1024, 189115999977472, 704512, 4201.54, 45011.1, 6.45083e+09, 8606696456, 4303356216, 1.05396 
1073741824, 177152, 173, 16, 64, 1024, 190215511605248, 708608, 4203.65, 45250.1, 6.45083e+09, 8606697136, 4303356196, 1.05396 
1073741824, 178176, 174, 16, 64, 1024, 191315023233024, 712704, 4200.47, 45546.1, 6.45083e+09, 8606696428, 4303356212, 1.05396 
1073741824, 179200, 175, 16, 64, 1024, 192414534860800, 716800, 4203.46, 45775.3, 6.45083e+09, 8606696612, 4303356188, 1.05396 
1073741824, 180224, 176, 16, 64, 1024, 193514046488576, 720896, 4201.67, 46056.5, 6.45083e+09, 8606696840, 4303356200, 1.05396 
1073741824, 181248, 177, 16, 64, 1024, 194613558116352, 724992, 4205.03, 46281.1, 6.45083e+09, 8606697176, 4303356224, 1.05396 
1073741824, 182272, 178, 16, 64, 1024, 195713069744128, 729088, 4205.99, 46532, 6.45083e+09, 8606696412, 4303356212, 1.05396 
1073741824, 183296, 179, 16, 64, 1024, 196812581371904, 733184, 4205.52, 46798.7, 6.45083e+09, 8606697148, 4303356200, 1.05396 
1073741824, 184320, 180, 16, 64, 1024, 197912092999680, 737280, 4208.38, 47028.1, 6.45083e+09, 8606696396, 4303356200, 1.05396 
1073741824, 185344, 181, 16, 64, 1024, 199011604627456, 741376, 4206.23, 47313.6, 6.45083e+09, 8606696448, 4303356188, 1.05396 
1073741824, 186368, 182, 16, 64, 1024, 200111116255232, 745472, 4206.74, 47569.1, 6.45083e+09, 8606696524, 4303356224, 1.05396 
1073741824, 187392, 183, 16, 64, 1024, 201210627883008, 749568, 4205.8, 47841.2, 6.45083e+09, 8606696588, 4303356188, 1.05396 
1073741824, 188416, 184, 16, 64, 1024, 202310139510784, 753664, 4205.76, 48103.1, 6.45083e+09, 8606697732, 4303356180, 1.05396 
1073741824, 189440, 185, 16, 64, 1024, 203409651138560, 757760, 4208.05, 48338.2, 6.45083e+09, 8606696656, 4303356212, 1.05396 
1073741824, 190464, 186, 16, 64, 1024, 204509162766336, 761856, 4211.11, 48564.2, 6.45083e+09, 8606696436, 4303356208, 1.05396 
1073741824, 191488, 187, 16, 64, 1024, 205608674394112, 765952, 4214.11, 48790.5, 6.45083e+09, 8606697272, 4303356204, 1.05396 
1073741824, 192512, 188, 16, 64, 1024, 206708186021888, 770048, 4211.97, 49076.3, 6.45083e+09, 8606696380, 4303356168, 1.05396 
1073741824, 193536, 189, 16, 64, 1024, 207807697649664, 774144, 4210.57, 49353.8, 6.45083e+09, 8606697000, 4303356184, 1.05396 
1073741824, 194560, 190, 16, 64, 1024, 208907209277440, 778240, 4211.6, 49602.9, 6.45083e+09, 8606696852, 4303356208, 1.05396 
1073741824, 195584, 191, 16, 64, 1024, 210006720905216, 782336, 4210.29, 49879.4, 6.45083e+09, 8606697308, 4303356176, 1.05396 
1073741824, 196608, 192, 16, 64, 1024, 211106232532992, 786432, 4212.74, 50111.4, 6.45083e+09, 8606696476, 4303356200, 1.05396 
1073741824, 197632, 193, 16, 64, 1024, 212205744160768, 790528, 4214.7, 50349, 6.45083e+09, 8606696408, 4303356336, 1.05396 
1073741824, 198656, 194, 16, 64, 1024, 213305255788544, 794624, 4217.2, 50579.8, 6.45083e+09, 8606696320, 4303356280, 1.05396 
1073741824, 199680, 195, 16, 64, 1024, 214404767416320, 798720, 4216.76, 50845.9, 6.45083e+09, 8606696392, 4303356288, 1.05396 
1073741824, 200704, 196, 16, 64, 1024, 215504279044096, 802816, 4218.49, 51085.7, 6.45083e+09, 8606696476, 4303356304, 1.05396 
1073741824, 201728, 197, 16, 64, 1024, 216603790671872, 806912, 4217.97, 51352.6, 6.45083e+09, 8606697176, 4303356316, 1.05396 
1073741824, 202752, 198, 16, 64, 1024, 217703302299648, 811008, 4218.1, 51611.7, 6.45083e+09, 8606696860, 4303356304, 1.05396 
1073741824, 203776, 199, 16, 64, 1024, 218802813927424, 815104, 4217.65, 51877.9, 6.45083e+09, 8606697224, 4303356304, 1.05396 
1073741824, 204800, 200, 16, 64, 1024, 219902325555200, 819200, 4214.74, 52174.6, 6.45083e+09, 8606696292, 4303356296, 1.05396 
1073741824, 205824, 201, 16, 64, 1024, 221001837182976, 823296, 4219.51, 52376.1, 6.45083e+09, 8606696924, 4303356292, 1.05396 
1073741824, 206848, 202, 16, 64, 1024, 222101348810752, 827392, 4222.22, 52603, 6.45083e+09, 8606696268, 4303356332, 1.05396 
1073741824, 207872, 203, 16, 64, 1024, 223200860438528, 831488, 4222.28, 52862.6, 6.45083e+09, 8606696264, 4303356292, 1.05396 
1073741824, 208896, 204, 16, 64, 1024, 224300372066304, 835584, 4221.56, 53132.1, 6.45083e+09, 8606696280, 4303356300, 1.05396 
1073741824, 209920, 205, 16, 64, 1024, 225399883694080, 839680, 4221.72, 53390.6, 6.45083e+09, 8606696704, 4303356320, 1.05396 
1073741824, 210944, 206, 16, 64, 1024, 226499395321856, 843776, 4223.79, 53624.7, 6.45083e+09, 8606696724, 4303356288, 1.05396 
1073741824, 211968, 207, 16, 64, 1024, 227598906949632, 847872, 4221.84, 53909.9, 6.45083e+09, 8606696888, 4303356316, 1.05396 
1073741824, 212992, 208, 16, 64, 1024, 228698418577408, 851968, 4221.98, 54168.5, 6.45083e+09, 8606696424, 4303356320, 1.05396 
1073741824, 214016, 209, 16, 64, 1024, 229797930205184, 856064, 4224.71, 54393.8, 6.45083e+09, 8606696508, 4303356284, 1.05396 
1073741824, 215040, 210, 16, 64, 1024, 230897441832960, 860160, 4226.73, 54628, 6.45083e+09, 8606696652, 4303356284, 1.05396 
1073741824, 216064, 211, 16, 64, 1024, 231996953460736, 864256, 4225.6, 54902.7, 6.45083e+09, 8606696752, 4303356292, 1.05396 
1073741824, 217088, 212, 16, 64, 1024, 233096465088512, 868352, 4227.42, 55139.2, 6.45083e+09, 8606696304, 4303356292, 1.05396 
1073741824, 218112, 213, 16, 64, 1024, 234195976716288, 872448, 4224.9, 55432.3, 6.45083e+09, 8606696592, 4303356288, 1.05396 
1073741824, 219136, 214, 16, 64, 1024, 235295488344064, 876544, 4226.81, 55667.3, 6.45083e+09, 8606696852, 4303356292, 1.05396 
1073741824, 220160, 215, 16, 64, 1024, 236394999971840, 880640, 4225.16, 55949.3, 6.45083e+09, 8606697012, 4303356292, 1.05396 
1073741824, 221184, 216, 16, 64, 1024, 237494511599616, 884736, 4225.52, 56204.8, 6.45083e+09, 8606697248, 4303356288, 1.05396 
1073741824, 222208, 217, 16, 64, 1024, 238594023227392, 888832, 4228.17, 56429.6, 6.45083e+09, 8606696908, 4303356328, 1.05396 
1073741824, 223232, 218, 16, 64, 1024, 239693534855168, 892928, 4232.78, 56627.9, 6.45083e+09, 8606696308, 4303356284, 1.05396 
1073741824, 224256, 219, 16, 64, 1024, 240793046482944, 897024, 4230.9, 56913, 6.45083e+09, 8606696440, 4303356280, 1.05396 
1073741824, 225280, 220, 16, 64, 1024, 241892558110720, 901120, 4233.11, 57143, 6.45083e+09, 8606697236, 4303356284, 1.05396 
1073741824, 226304, 221, 16, 64, 1024, 242992069738496, 905216, 4233.19, 57401.6, 6.45083e+09, 8606696424, 4303356308, 1.05396 
1073741824, 227328, 222, 16, 64, 1024, 244091581366272, 909312, 4231.24, 57687.9, 6.45083e+09, 8606696512, 4303356304, 1.05396 
1073741824, 228352, 223, 16, 64, 1024, 245191092994048, 913408, 4230.8, 57953.8, 6.45083e+09, 8606697212, 4303356280, 1.05396 
1073741824, 229376, 224, 16, 64, 1024, 246290604621824, 917504, 4233.02, 58183.1, 6.45083e+09, 8606696304, 4303356292, 1.05396 
1073741824, 230400, 225, 16, 64, 1024, 247390116249600, 921600, 4234.62, 58420.9, 6.45083e+09, 8606697220, 4303356176, 1.05396 
1073741824, 231424, 226, 16, 64, 1024, 248489627877376, 925696, 4237.73, 58637.4, 6.45083e+09, 8606696412, 4303356172, 1.05396 
1073741824, 232448, 227, 16, 64, 1024, 249589139505152, 929792, 4237.61, 58898.6, 6.45083e+09, 8606696476, 4303356176, 1.05396 
1073741824, 233472, 228, 16, 64, 1024, 250688651132928, 933888, 4236.97, 59167, 6.45083e+09, 8606696628, 4303356196, 1.05396 
1073741824, 234496, 229, 16, 64, 1024, 251788162760704, 937984, 4237.49, 59419.2, 6.45083e+09, 8606696988, 4303356192, 1.05396 
1073741824, 235520, 230, 16, 64, 1024, 252887674388480, 942080, 4237.34, 59680.8, 6.45083e+09, 8606696392, 4303356196, 1.05396 
1073741824, 236544, 231, 16, 64, 1024, 253987186016256, 946176, 4239.29, 59912.7, 6.45083e+09, 8606697384, 4303356188, 1.05396 
1073741824, 237568, 232, 16, 64, 1024, 255086697644032, 950272, 4237.01, 60204.4, 6.45083e+09, 8606697360, 4303356192, 1.05396 
1073741824, 238592, 233, 16, 64, 1024, 256186209271808, 954368, 4239.68, 60425.8, 6.45083e+09, 8606696512, 4303356208, 1.05396 
1073741824, 239616, 234, 16, 64, 1024, 257285720899584, 958464, 4243.4, 60631.9, 6.45083e+09, 8606696484, 4303356196, 1.05396 
1073741824, 240640, 235, 16, 64, 1024, 258385232527360, 962560, 4243.34, 60891.9, 6.45083e+09, 8606696900, 4303356180, 1.05396 
1073741824, 241664, 236, 16, 64, 1024, 259484744155136, 966656, 4242.86, 61158, 6.45083e+09, 8606696468, 4303356180, 1.05396 
1073741824, 242688, 237, 16, 64, 1024, 260584255782912, 970752, 4243.6, 61406.4, 6.45083e+09, 8606696496, 4303356208, 1.05396 
1073741824, 243712, 238, 16, 64, 1024, 261683767410688, 974848, 4243.33, 61669.4, 6.45083e+09, 8606696592, 4303356180, 1.05396 
1073741824, 244736, 239, 16, 64, 1024, 262783279038464, 978944, 4242.25, 61944.3, 6.45083e+09, 8606697268, 4303356188, 1.05396 
1073741824, 245760, 240, 16, 64, 1024, 263882790666240, 983040, 4242.41, 62201.1, 6.45083e+09, 8606696484, 4303356176, 1.05396 
1073741824, 246784, 241, 16, 64, 1024, 264982302294016, 987136, 4245.68, 62412.2, 6.45083e+09, 8606696592, 4303356184, 1.05396 
1073741824, 247808, 242, 16, 64, 1024, 266081813921792, 991232, 4246.85, 62653.9, 6.45083e+09, 8606696456, 4303356208, 1.05396 
1073741824, 248832, 243, 16, 64, 1024, 267181325549568, 995328, 4248.55, 62887.7, 6.45083e+09, 8606696448, 4303356196, 1.05396 
1073741824, 249856, 244, 16, 64, 1024, 268280837177344, 999424, 4246.29, 63180, 6.45083e+09, 8606696448, 4303356200, 1.05396 
1073741824, 250880, 245, 16, 64, 1024, 269380348805120, 1003520, 4247.13, 63426.4, 6.45083e+09, 8606697916, 4303356900, 1.05396 
1073741824, 251904, 246, 16, 64, 1024, 270479860432896, 1007616, 4246.7, 63691.7, 6.45083e+09, 8606696488, 4303356188, 1.05396 
1073741824, 252928, 247, 16, 64, 1024, 271579372060672, 1011712, 4248.29, 63926.8, 6.45083e+09, 8606696396, 4303356180, 1.05396 
1073741824, 253952, 248, 16, 64, 1024, 272678883688448, 1015808, 4247.94, 64190.9, 6.45083e+09, 8606696664, 4303356180, 1.05396 
1073741824, 254976, 249, 16, 64, 1024, 273778395316224, 1019904, 4250.52, 64410.5, 6.45083e+09, 8606696396, 4303356188, 1.05396 
1073741824, 256000, 250, 16, 64, 1024, 274877906944000, 1024000, 4252.96, 64632.1, 6.45083e+09, 8606696476, 4303356196, 1.05396 
1073741824, 257024, 251, 16, 64, 1024, 275977418571776, 1028096, 4253.15, 64887.7, 6.45083e+09, 8606696392, 4303356184, 1.05396 
1073741824, 258048, 252, 16, 64, 1024, 277076930199552, 1032192, 4254.95, 65118.7, 6.45083e+09, 8606696520, 4303356168, 1.05396 
1073741824, 259072, 253, 16, 64, 1024, 278176441827328, 1036288, 4252.49, 65415, 6.45083e+09, 8606696496, 4303356188, 1.05396 
1073741824, 260096, 254, 16, 64, 1024, 279275953455104, 1040384, 4252.58, 65672.1, 6.45083e+09, 8606696772, 4303356188, 1.05396 
1073741824, 261120, 255, 16, 64, 1024, 280375465082880, 1044480, 4251.99, 65939.9, 6.45083e+09, 8606696468, 4303356212, 1.05396 
1073741824, 262144, 256, 16, 64, 1024, 281474976710656, 1048576, 4252.31, 66193.4, 6.45083e+09, 8606696508, 4303356192, 1.05396 
1073741824, 263168, 257, 16, 64, 1024, 282574488338432, 1052672, 4256.72, 66383.2, 6.45083e+09, 8606696400, 4303356136, 1.05396 
1073741824, 264192, 258, 16, 64, 1024, 283673999966208, 1056768, 4259.45, 66598.7, 6.45083e+09, 8606696348, 4303356260, 1.05396 
1073741824, 265216, 259, 16, 64, 1024, 284773511593984, 1060864, 4258.88, 66865.8, 6.45083e+09, 8606697240, 4303356288, 1.05396 
1073741824, 266240, 260, 16, 64, 1024, 285873023221760, 1064960, 4257.97, 67138.3, 6.45083e+09, 8606697164, 4303356276, 1.05396 
1073741824, 267264, 261, 16, 64, 1024, 286972534849536, 1069056, 4256.61, 67418.1, 6.45083e+09, 8606696496, 4303356292, 1.05396 
1073741824, 268288, 262, 16, 64, 1024, 288072046477312, 1073152, 4255.96, 67686.8, 6.45083e+09, 8606696432, 4303356276, 1.05396 
1073741824, 269312, 263, 16, 64, 1024, 289171558105088, 1077248, 4258.1, 67910.9, 6.45083e+09, 8606696892, 4303356304, 1.05396 
1073741824, 270336, 264, 16, 64, 1024, 290271069732864, 1081344, 4257.18, 68183.9, 6.45083e+09, 8606696792, 4303356288, 1.05396 
1073741824, 271360, 265, 16, 64, 1024, 291370581360640, 1085440, 4260.13, 68394.8, 6.45083e+09, 8606696392, 4303356288, 1.05396 
1073741824, 272384, 266, 16, 64, 1024, 292470092988416, 1089536, 4263.48, 68598.9, 6.45083e+09, 8606696356, 4303356324, 1.05396 
1073741824, 273408, 267, 16, 64, 1024, 293569604616192, 1093632, 4262.82, 68867.5, 6.45083e+09, 8606697088, 4303356280, 1.05396 
1073741824, 274432, 268, 16, 64, 1024, 294669116243968, 1097728, 4265.32, 69084.8, 6.45083e+09, 8606697084, 4303356284, 1.05396 
1073741824, 275456, 269, 16, 64, 1024, 295768627871744, 1101824, 4265.54, 69339.1, 6.45083e+09, 8606696324, 4303356292, 1.05396 
1073741824, 276480, 270, 16, 64, 1024, 296868139499520, 1105920, 4264.15, 69619.5, 6.45083e+09, 8606696416, 4303356280, 1.05396 
1073741824, 277504, 271, 16, 64, 1024, 297967651127296, 1110016, 4264.03, 69879.4, 6.45083e+09, 8606697024, 4303356272, 1.05396 
1073741824, 278528, 272, 16, 64, 1024, 299067162755072, 1114112, 4262.79, 70157.6, 6.45083e+09, 8606696900, 4303356312, 1.05396 
1073741824, 279552, 273, 16, 64, 1024, 300166674382848, 1118208, 4266.56, 70353.4, 6.45083e+09, 8606697188, 4303356284, 1.05396 
1073741824, 280576, 274, 16, 64, 1024, 301266186010624, 1122304, 4269.13, 70568.4, 6.45083e+09, 8606696376, 4303356296, 1.05396 
1073741824, 281600, 275, 16, 64, 1024, 302365697638400, 1126400, 4269.65, 70817.5, 6.45083e+09, 8606696456, 4303356280, 1.05396 
1073741824, 282624, 276, 16, 64, 1024, 303465209266176, 1130496, 4269.72, 71073.9, 6.45083e+09, 8606696376, 4303356276, 1.05396 
1073741824, 283648, 277, 16, 64, 1024, 304564720893952, 1134592, 4269.94, 71327.7, 6.45083e+09, 8606696344, 4303356276, 1.05396 
1073741824, 284672, 278, 16, 64, 1024, 305664232521728, 1138688, 4268.59, 71607.7, 6.45083e+09, 8606696692, 4303356276, 1.05396 
1073741824, 285696, 279, 16, 64, 1024, 306763744149504, 1142784, 4270.06, 71840.6, 6.45083e+09, 8606697124, 4303356276, 1.05396 
1073741824, 286720, 280, 16, 64, 1024, 307863255777280, 1146880, 4270.4, 72092.4, 6.45083e+09, 8606697160, 4303356308, 1.05396 
1073741824, 287744, 281, 16, 64, 1024, 308962767405056, 1150976, 4273.09, 72304.4, 6.45083e+09, 8606696376, 4303356276, 1.05396 
1073741824, 288768, 282, 16, 64, 1024, 310062279032832, 1155072, 4275.82, 72515.3, 6.45083e+09, 8606696408, 4303356284, 1.05396 
1073741824, 289792, 283, 16, 64, 1024, 311161790660608, 1159168, 4275.46, 72778.6, 6.45083e+09, 8606697632, 4303356276, 1.05396 
1073741824, 290816, 284, 16, 64, 1024, 312261302288384, 1163264, 4275.49, 73035.1, 6.45083e+09, 8606697152, 4303356296, 1.05396 
1073741824, 291840, 285, 16, 64, 1024, 313360813916160, 1167360, 4273.97, 73318.5, 6.45083e+09, 8606696352, 4303356316, 1.05396 
1073741824, 292864, 286, 16, 64, 1024, 314460325543936, 1171456, 4274.25, 73570.8, 6.45083e+09, 8606697236, 4303356276, 1.05396 
1073741824, 293888, 287, 16, 64, 1024, 315559837171712, 1175552, 4274.85, 73817.8, 6.45083e+09, 8606697612, 4303356312, 1.05396 
1073741824, 294912, 288, 16, 64, 1024, 316659348799488, 1179648, 4275.38, 74065.8, 6.45083e+09, 8606696400, 4303356300, 1.05396 
1073741824, 295936, 289, 16, 64, 1024, 317758860427264, 1183744, 4279.15, 74257.5, 6.45083e+09, 8606696500, 4303356128, 1.05396 
1073741824, 296960, 290, 16, 64, 1024, 318858372055040, 1187840, 4279.98, 74500, 6.45083e+09, 8606696480, 4303356204, 1.05396 
1073741824, 297984, 291, 16, 64, 1024, 319957883682816, 1191936, 4280.65, 74745.1, 6.45083e+09, 8606696416, 4303356188, 1.05396 
1073741824, 299008, 292, 16, 64, 1024, 321057395310592, 1196032, 4280.8, 74999.3, 6.45083e+09, 8606696484, 4303356176, 1.05396 
1073741824, 300032, 293, 16, 64, 1024, 322156906938368, 1200128, 4281, 75252.6, 6.45083e+09, 8606697072, 4303356180, 1.05396 
1073741824, 301056, 294, 16, 64, 1024, 323256418566144, 1204224, 4281.16, 75506.7, 6.45083e+09, 8606697772, 4303356176, 1.05396 
1073741824, 302080, 295, 16, 64, 1024, 324355930193920, 1208320, 4279.67, 75789.9, 6.45083e+09, 8606696524, 4303356172, 1.05396 
1073741824, 303104, 296, 16, 64, 1024, 325455441821696, 1212416, 4279.72, 76046, 6.45083e+09, 8606696532, 4303356196, 1.05396 
1073741824, 304128, 297, 16, 64, 1024, 326554953449472, 1216512, 4282.07, 76260.9, 6.45083e+09, 8606696524, 4303356188, 1.05396 
1073741824, 305152, 298, 16, 64, 1024, 327654465077248, 1220608, 4285.65, 76453.9, 6.45083e+09, 8606696580, 4303356168, 1.05396 
1073741824, 306176, 299, 16, 64, 1024, 328753976705024, 1224704, 4284.37, 76733.3, 6.45083e+09, 8606697220, 4303356188, 1.05396 
1073741824, 307200, 300, 16, 64, 1024, 329853488332800, 1228800, 4285.38, 76971.8, 6.45083e+09, 8606696492, 4303356180, 1.05396 
1073741824, 308224, 301, 16, 64, 1024, 330952999960576, 1232896, 4285.87, 77219.5, 6.45083e+09, 8606696576, 4303356172, 1.05396 
1073741824, 309248, 302, 16, 64, 1024, 332052511588352, 1236992, 4286.11, 77471.8, 6.45083e+09, 8606696480, 4303356176, 1.05396 
1073741824, 310272, 303, 16, 64, 1024, 333152023216128, 1241088, 4285.5, 77739.4, 6.45083e+09, 8606696460, 4303356188, 1.05396 
1073741824, 311296, 304, 16, 64, 1024, 334251534843904, 1245184, 4285.27, 78000.1, 6.45083e+09, 8606697000, 4303356176, 1.05396 
