[INFO] GPU Roofline Tools 
[INFO] Version 1.0.0 (C)2024 Bagus Hanindhito 
[INFO] Built for AMD Instinct MI300X (gfx942) GPUs
[INFO] Detected 8 HIP-capable device(s)
[INFO] +---+------------------------+----+----+-----------+--------------+--------------+
[INFO] |#  |Device Name             |CC  |#CU |Freq. (MHz)|Mem. Size (MB)|Mem. BW (GB/s)|
[INFO] +---+------------------------+----+----+-----------+--------------+--------------+
[INFO] |0  |AMD Instinct MI325X     |9.4 |304 |2100       |262128        |3072          |
[INFO] +---+------------------------+----+----+-----------+--------------+--------------+
[INFO] |1  |AMD Instinct MI325X     |9.4 |304 |2100       |262128        |3072          |
[INFO] +---+------------------------+----+----+-----------+--------------+--------------+
[INFO] |2  |AMD Instinct MI325X     |9.4 |304 |2100       |262128        |3072          |
[INFO] +---+------------------------+----+----+-----------+--------------+--------------+
[INFO] |3  |AMD Instinct MI325X     |9.4 |304 |2100       |262128        |3072          |
[INFO] +---+------------------------+----+----+-----------+--------------+--------------+
[INFO] |4  |AMD Instinct MI325X     |9.4 |304 |2100       |262128        |3072          |
[INFO] +---+------------------------+----+----+-----------+--------------+--------------+
[INFO] |5  |AMD Instinct MI325X     |9.4 |304 |2100       |262128        |3072          |
[INFO] +---+------------------------+----+----+-----------+--------------+--------------+
[INFO] |6  |AMD Instinct MI325X     |9.4 |304 |2100       |262128        |3072          |
[INFO] +---+------------------------+----+----+-----------+--------------+--------------+
[INFO] |7  |AMD Instinct MI325X     |9.4 |304 |2100       |262128        |3072          |
[INFO] +---+------------------------+----+----+-----------+--------------+--------------+
[WARN] This program does not currently support Multi-GPU run.
[INFO] Set default GPU to GPU index 0
[INFO] (1743282956) Running with 16 wavefront(s) per workgroup and 1 workgroup(s)
[INFO] (1743282973) Running with 16 wavefront(s) per workgroup and 2 workgroup(s)
[INFO] (1743282990) Running with 16 wavefront(s) per workgroup and 3 workgroup(s)
[INFO] (1743283006) Running with 16 wavefront(s) per workgroup and 4 workgroup(s)
[INFO] (1743283022) Running with 16 wavefront(s) per workgroup and 5 workgroup(s)
[INFO] (1743283039) Running with 16 wavefront(s) per workgroup and 6 workgroup(s)
[INFO] (1743283055) Running with 16 wavefront(s) per workgroup and 7 workgroup(s)
[INFO] (1743283072) Running with 16 wavefront(s) per workgroup and 8 workgroup(s)
[INFO] (1743283088) Running with 16 wavefront(s) per workgroup and 9 workgroup(s)
[INFO] (1743283105) Running with 16 wavefront(s) per workgroup and 10 workgroup(s)
[INFO] (1743283121) Running with 16 wavefront(s) per workgroup and 11 workgroup(s)
[INFO] (1743283138) Running with 16 wavefront(s) per workgroup and 12 workgroup(s)
[INFO] (1743283154) Running with 16 wavefront(s) per workgroup and 13 workgroup(s)
[INFO] (1743283171) Running with 16 wavefront(s) per workgroup and 14 workgroup(s)
[INFO] (1743283187) Running with 16 wavefront(s) per workgroup and 15 workgroup(s)
[INFO] (1743283204) Running with 16 wavefront(s) per workgroup and 16 workgroup(s)
[INFO] (1743283220) Running with 16 wavefront(s) per workgroup and 17 workgroup(s)
[INFO] (1743283236) Running with 16 wavefront(s) per workgroup and 18 workgroup(s)
[INFO] (1743283253) Running with 16 wavefront(s) per workgroup and 19 workgroup(s)
[INFO] (1743283269) Running with 16 wavefront(s) per workgroup and 20 workgroup(s)
[INFO] (1743283286) Running with 16 wavefront(s) per workgroup and 21 workgroup(s)
[INFO] (1743283302) Running with 16 wavefront(s) per workgroup and 22 workgroup(s)
[INFO] (1743283319) Running with 16 wavefront(s) per workgroup and 23 workgroup(s)
[INFO] (1743283335) Running with 16 wavefront(s) per workgroup and 24 workgroup(s)
[INFO] (1743283352) Running with 16 wavefront(s) per workgroup and 25 workgroup(s)
[INFO] (1743283368) Running with 16 wavefront(s) per workgroup and 26 workgroup(s)
[INFO] (1743283385) Running with 16 wavefront(s) per workgroup and 27 workgroup(s)
[INFO] (1743283401) Running with 16 wavefront(s) per workgroup and 28 workgroup(s)
[INFO] (1743283418) Running with 16 wavefront(s) per workgroup and 29 workgroup(s)
[INFO] (1743283434) Running with 16 wavefront(s) per workgroup and 30 workgroup(s)
[INFO] (1743283451) Running with 16 wavefront(s) per workgroup and 31 workgroup(s)
[INFO] (1743283467) Running with 16 wavefront(s) per workgroup and 32 workgroup(s)
[INFO] (1743283484) Running with 16 wavefront(s) per workgroup and 33 workgroup(s)
[INFO] (1743283500) Running with 16 wavefront(s) per workgroup and 34 workgroup(s)
[INFO] (1743283517) Running with 16 wavefront(s) per workgroup and 35 workgroup(s)
[INFO] (1743283533) Running with 16 wavefront(s) per workgroup and 36 workgroup(s)
[INFO] (1743283550) Running with 16 wavefront(s) per workgroup and 37 workgroup(s)
[INFO] (1743283566) Running with 16 wavefront(s) per workgroup and 38 workgroup(s)
[INFO] (1743283582) Running with 16 wavefront(s) per workgroup and 39 workgroup(s)
[INFO] (1743283599) Running with 16 wavefront(s) per workgroup and 40 workgroup(s)
[INFO] (1743283615) Running with 16 wavefront(s) per workgroup and 41 workgroup(s)
[INFO] (1743283632) Running with 16 wavefront(s) per workgroup and 42 workgroup(s)
[INFO] (1743283648) Running with 16 wavefront(s) per workgroup and 43 workgroup(s)
[INFO] (1743283665) Running with 16 wavefront(s) per workgroup and 44 workgroup(s)
[INFO] (1743283681) Running with 16 wavefront(s) per workgroup and 45 workgroup(s)
[INFO] (1743283698) Running with 16 wavefront(s) per workgroup and 46 workgroup(s)
[INFO] (1743283714) Running with 16 wavefront(s) per workgroup and 47 workgroup(s)
[INFO] (1743283731) Running with 16 wavefront(s) per workgroup and 48 workgroup(s)
[INFO] (1743283747) Running with 16 wavefront(s) per workgroup and 49 workgroup(s)
[INFO] (1743283764) Running with 16 wavefront(s) per workgroup and 50 workgroup(s)
[INFO] (1743283780) Running with 16 wavefront(s) per workgroup and 51 workgroup(s)
[INFO] (1743283797) Running with 16 wavefront(s) per workgroup and 52 workgroup(s)
[INFO] (1743283813) Running with 16 wavefront(s) per workgroup and 53 workgroup(s)
[INFO] (1743283830) Running with 16 wavefront(s) per workgroup and 54 workgroup(s)
[INFO] (1743283846) Running with 16 wavefront(s) per workgroup and 55 workgroup(s)
[INFO] (1743283862) Running with 16 wavefront(s) per workgroup and 56 workgroup(s)
[INFO] (1743283879) Running with 16 wavefront(s) per workgroup and 57 workgroup(s)
[INFO] (1743283895) Running with 16 wavefront(s) per workgroup and 58 workgroup(s)
[INFO] (1743283912) Running with 16 wavefront(s) per workgroup and 59 workgroup(s)
[INFO] (1743283928) Running with 16 wavefront(s) per workgroup and 60 workgroup(s)
[INFO] (1743283945) Running with 16 wavefront(s) per workgroup and 61 workgroup(s)
[INFO] (1743283961) Running with 16 wavefront(s) per workgroup and 62 workgroup(s)
[INFO] (1743283978) Running with 16 wavefront(s) per workgroup and 63 workgroup(s)
[INFO] (1743283994) Running with 16 wavefront(s) per workgroup and 64 workgroup(s)
[INFO] (1743284011) Running with 16 wavefront(s) per workgroup and 65 workgroup(s)
[INFO] (1743284027) Running with 16 wavefront(s) per workgroup and 66 workgroup(s)
[INFO] (1743284044) Running with 16 wavefront(s) per workgroup and 67 workgroup(s)
[INFO] (1743284060) Running with 16 wavefront(s) per workgroup and 68 workgroup(s)
[INFO] (1743284077) Running with 16 wavefront(s) per workgroup and 69 workgroup(s)
[INFO] (1743284093) Running with 16 wavefront(s) per workgroup and 70 workgroup(s)
[INFO] (1743284110) Running with 16 wavefront(s) per workgroup and 71 workgroup(s)
[INFO] (1743284126) Running with 16 wavefront(s) per workgroup and 72 workgroup(s)
[INFO] (1743284143) Running with 16 wavefront(s) per workgroup and 73 workgroup(s)
[INFO] (1743284159) Running with 16 wavefront(s) per workgroup and 74 workgroup(s)
[INFO] (1743284176) Running with 16 wavefront(s) per workgroup and 75 workgroup(s)
[INFO] (1743284192) Running with 16 wavefront(s) per workgroup and 76 workgroup(s)
[INFO] (1743284209) Running with 16 wavefront(s) per workgroup and 77 workgroup(s)
[INFO] (1743284225) Running with 16 wavefront(s) per workgroup and 78 workgroup(s)
[INFO] (1743284242) Running with 16 wavefront(s) per workgroup and 79 workgroup(s)
[INFO] (1743284258) Running with 16 wavefront(s) per workgroup and 80 workgroup(s)
[INFO] (1743284275) Running with 16 wavefront(s) per workgroup and 81 workgroup(s)
[INFO] (1743284291) Running with 16 wavefront(s) per workgroup and 82 workgroup(s)
[INFO] (1743284308) Running with 16 wavefront(s) per workgroup and 83 workgroup(s)
[INFO] (1743284324) Running with 16 wavefront(s) per workgroup and 84 workgroup(s)
[INFO] (1743284341) Running with 16 wavefront(s) per workgroup and 85 workgroup(s)
[INFO] (1743284357) Running with 16 wavefront(s) per workgroup and 86 workgroup(s)
[INFO] (1743284374) Running with 16 wavefront(s) per workgroup and 87 workgroup(s)
[INFO] (1743284390) Running with 16 wavefront(s) per workgroup and 88 workgroup(s)
[INFO] (1743284407) Running with 16 wavefront(s) per workgroup and 89 workgroup(s)
[INFO] (1743284423) Running with 16 wavefront(s) per workgroup and 90 workgroup(s)
[INFO] (1743284440) Running with 16 wavefront(s) per workgroup and 91 workgroup(s)
[INFO] (1743284456) Running with 16 wavefront(s) per workgroup and 92 workgroup(s)
[INFO] (1743284473) Running with 16 wavefront(s) per workgroup and 93 workgroup(s)
[INFO] (1743284489) Running with 16 wavefront(s) per workgroup and 94 workgroup(s)
[INFO] (1743284506) Running with 16 wavefront(s) per workgroup and 95 workgroup(s)
[INFO] (1743284522) Running with 16 wavefront(s) per workgroup and 96 workgroup(s)
[INFO] (1743284539) Running with 16 wavefront(s) per workgroup and 97 workgroup(s)
[INFO] (1743284556) Running with 16 wavefront(s) per workgroup and 98 workgroup(s)
[INFO] (1743284572) Running with 16 wavefront(s) per workgroup and 99 workgroup(s)
[INFO] (1743284589) Running with 16 wavefront(s) per workgroup and 100 workgroup(s)
[INFO] (1743284605) Running with 16 wavefront(s) per workgroup and 101 workgroup(s)
[INFO] (1743284622) Running with 16 wavefront(s) per workgroup and 102 workgroup(s)
[INFO] (1743284638) Running with 16 wavefront(s) per workgroup and 103 workgroup(s)
[INFO] (1743284655) Running with 16 wavefront(s) per workgroup and 104 workgroup(s)
[INFO] (1743284671) Running with 16 wavefront(s) per workgroup and 105 workgroup(s)
[INFO] (1743284688) Running with 16 wavefront(s) per workgroup and 106 workgroup(s)
[INFO] (1743284704) Running with 16 wavefront(s) per workgroup and 107 workgroup(s)
[INFO] (1743284721) Running with 16 wavefront(s) per workgroup and 108 workgroup(s)
[INFO] (1743284737) Running with 16 wavefront(s) per workgroup and 109 workgroup(s)
[INFO] (1743284754) Running with 16 wavefront(s) per workgroup and 110 workgroup(s)
[INFO] (1743284771) Running with 16 wavefront(s) per workgroup and 111 workgroup(s)
[INFO] (1743284787) Running with 16 wavefront(s) per workgroup and 112 workgroup(s)
[INFO] (1743284804) Running with 16 wavefront(s) per workgroup and 113 workgroup(s)
[INFO] (1743284820) Running with 16 wavefront(s) per workgroup and 114 workgroup(s)
[INFO] (1743284837) Running with 16 wavefront(s) per workgroup and 115 workgroup(s)
[INFO] (1743284853) Running with 16 wavefront(s) per workgroup and 116 workgroup(s)
[INFO] (1743284870) Running with 16 wavefront(s) per workgroup and 117 workgroup(s)
[INFO] (1743284886) Running with 16 wavefront(s) per workgroup and 118 workgroup(s)
[INFO] (1743284903) Running with 16 wavefront(s) per workgroup and 119 workgroup(s)
[INFO] (1743284919) Running with 16 wavefront(s) per workgroup and 120 workgroup(s)
[INFO] (1743284936) Running with 16 wavefront(s) per workgroup and 121 workgroup(s)
[INFO] (1743284953) Running with 16 wavefront(s) per workgroup and 122 workgroup(s)
[INFO] (1743284969) Running with 16 wavefront(s) per workgroup and 123 workgroup(s)
[INFO] (1743284986) Running with 16 wavefront(s) per workgroup and 124 workgroup(s)
[INFO] (1743285002) Running with 16 wavefront(s) per workgroup and 125 workgroup(s)
[INFO] (1743285019) Running with 16 wavefront(s) per workgroup and 126 workgroup(s)
[INFO] (1743285035) Running with 16 wavefront(s) per workgroup and 127 workgroup(s)
[INFO] (1743285052) Running with 16 wavefront(s) per workgroup and 128 workgroup(s)
[INFO] (1743285069) Running with 16 wavefront(s) per workgroup and 129 workgroup(s)
[INFO] (1743285085) Running with 16 wavefront(s) per workgroup and 130 workgroup(s)
[INFO] (1743285102) Running with 16 wavefront(s) per workgroup and 131 workgroup(s)
[INFO] (1743285118) Running with 16 wavefront(s) per workgroup and 132 workgroup(s)
[INFO] (1743285135) Running with 16 wavefront(s) per workgroup and 133 workgroup(s)
[INFO] (1743285151) Running with 16 wavefront(s) per workgroup and 134 workgroup(s)
[INFO] (1743285168) Running with 16 wavefront(s) per workgroup and 135 workgroup(s)
[INFO] (1743285185) Running with 16 wavefront(s) per workgroup and 136 workgroup(s)
[INFO] (1743285201) Running with 16 wavefront(s) per workgroup and 137 workgroup(s)
[INFO] (1743285218) Running with 16 wavefront(s) per workgroup and 138 workgroup(s)
[INFO] (1743285234) Running with 16 wavefront(s) per workgroup and 139 workgroup(s)
[INFO] (1743285251) Running with 16 wavefront(s) per workgroup and 140 workgroup(s)
[INFO] (1743285267) Running with 16 wavefront(s) per workgroup and 141 workgroup(s)
[INFO] (1743285284) Running with 16 wavefront(s) per workgroup and 142 workgroup(s)
[INFO] (1743285301) Running with 16 wavefront(s) per workgroup and 143 workgroup(s)
[INFO] (1743285317) Running with 16 wavefront(s) per workgroup and 144 workgroup(s)
[INFO] (1743285334) Running with 16 wavefront(s) per workgroup and 145 workgroup(s)
[INFO] (1743285350) Running with 16 wavefront(s) per workgroup and 146 workgroup(s)
[INFO] (1743285367) Running with 16 wavefront(s) per workgroup and 147 workgroup(s)
[INFO] (1743285383) Running with 16 wavefront(s) per workgroup and 148 workgroup(s)
[INFO] (1743285400) Running with 16 wavefront(s) per workgroup and 149 workgroup(s)
[INFO] (1743285417) Running with 16 wavefront(s) per workgroup and 150 workgroup(s)
[INFO] (1743285433) Running with 16 wavefront(s) per workgroup and 151 workgroup(s)
[INFO] (1743285450) Running with 16 wavefront(s) per workgroup and 152 workgroup(s)
[INFO] (1743285466) Running with 16 wavefront(s) per workgroup and 153 workgroup(s)
[INFO] (1743285483) Running with 16 wavefront(s) per workgroup and 154 workgroup(s)
[INFO] (1743285500) Running with 16 wavefront(s) per workgroup and 155 workgroup(s)
[INFO] (1743285516) Running with 16 wavefront(s) per workgroup and 156 workgroup(s)
[INFO] (1743285533) Running with 16 wavefront(s) per workgroup and 157 workgroup(s)
[INFO] (1743285549) Running with 16 wavefront(s) per workgroup and 158 workgroup(s)
[INFO] (1743285566) Running with 16 wavefront(s) per workgroup and 159 workgroup(s)
[INFO] (1743285583) Running with 16 wavefront(s) per workgroup and 160 workgroup(s)
[INFO] (1743285599) Running with 16 wavefront(s) per workgroup and 161 workgroup(s)
[INFO] (1743285616) Running with 16 wavefront(s) per workgroup and 162 workgroup(s)
[INFO] (1743285632) Running with 16 wavefront(s) per workgroup and 163 workgroup(s)
[INFO] (1743285649) Running with 16 wavefront(s) per workgroup and 164 workgroup(s)
[INFO] (1743285666) Running with 16 wavefront(s) per workgroup and 165 workgroup(s)
[INFO] (1743285682) Running with 16 wavefront(s) per workgroup and 166 workgroup(s)
[INFO] (1743285699) Running with 16 wavefront(s) per workgroup and 167 workgroup(s)
[INFO] (1743285716) Running with 16 wavefront(s) per workgroup and 168 workgroup(s)
[INFO] (1743285732) Running with 16 wavefront(s) per workgroup and 169 workgroup(s)
[INFO] (1743285749) Running with 16 wavefront(s) per workgroup and 170 workgroup(s)
[INFO] (1743285765) Running with 16 wavefront(s) per workgroup and 171 workgroup(s)
[INFO] (1743285782) Running with 16 wavefront(s) per workgroup and 172 workgroup(s)
[INFO] (1743285799) Running with 16 wavefront(s) per workgroup and 173 workgroup(s)
[INFO] (1743285815) Running with 16 wavefront(s) per workgroup and 174 workgroup(s)
[INFO] (1743285832) Running with 16 wavefront(s) per workgroup and 175 workgroup(s)
[INFO] (1743285849) Running with 16 wavefront(s) per workgroup and 176 workgroup(s)
[INFO] (1743285865) Running with 16 wavefront(s) per workgroup and 177 workgroup(s)
[INFO] (1743285882) Running with 16 wavefront(s) per workgroup and 178 workgroup(s)
[INFO] (1743285898) Running with 16 wavefront(s) per workgroup and 179 workgroup(s)
[INFO] (1743285915) Running with 16 wavefront(s) per workgroup and 180 workgroup(s)
[INFO] (1743285932) Running with 16 wavefront(s) per workgroup and 181 workgroup(s)
[INFO] (1743285948) Running with 16 wavefront(s) per workgroup and 182 workgroup(s)
[INFO] (1743285965) Running with 16 wavefront(s) per workgroup and 183 workgroup(s)
[INFO] (1743285982) Running with 16 wavefront(s) per workgroup and 184 workgroup(s)
[INFO] (1743285998) Running with 16 wavefront(s) per workgroup and 185 workgroup(s)
[INFO] (1743286015) Running with 16 wavefront(s) per workgroup and 186 workgroup(s)
[INFO] (1743286031) Running with 16 wavefront(s) per workgroup and 187 workgroup(s)
[INFO] (1743286048) Running with 16 wavefront(s) per workgroup and 188 workgroup(s)
[INFO] (1743286065) Running with 16 wavefront(s) per workgroup and 189 workgroup(s)
[INFO] (1743286081) Running with 16 wavefront(s) per workgroup and 190 workgroup(s)
[INFO] (1743286098) Running with 16 wavefront(s) per workgroup and 191 workgroup(s)
[INFO] (1743286115) Running with 16 wavefront(s) per workgroup and 192 workgroup(s)
[INFO] (1743286131) Running with 16 wavefront(s) per workgroup and 193 workgroup(s)
[INFO] (1743286148) Running with 16 wavefront(s) per workgroup and 194 workgroup(s)
[INFO] (1743286165) Running with 16 wavefront(s) per workgroup and 195 workgroup(s)
[INFO] (1743286181) Running with 16 wavefront(s) per workgroup and 196 workgroup(s)
[INFO] (1743286198) Running with 16 wavefront(s) per workgroup and 197 workgroup(s)
[INFO] (1743286215) Running with 16 wavefront(s) per workgroup and 198 workgroup(s)
[INFO] (1743286231) Running with 16 wavefront(s) per workgroup and 199 workgroup(s)
[INFO] (1743286248) Running with 16 wavefront(s) per workgroup and 200 workgroup(s)
[INFO] (1743286265) Running with 16 wavefront(s) per workgroup and 201 workgroup(s)
[INFO] (1743286281) Running with 16 wavefront(s) per workgroup and 202 workgroup(s)
[INFO] (1743286298) Running with 16 wavefront(s) per workgroup and 203 workgroup(s)
[INFO] (1743286315) Running with 16 wavefront(s) per workgroup and 204 workgroup(s)
[INFO] (1743286331) Running with 16 wavefront(s) per workgroup and 205 workgroup(s)
[INFO] (1743286348) Running with 16 wavefront(s) per workgroup and 206 workgroup(s)
[INFO] (1743286365) Running with 16 wavefront(s) per workgroup and 207 workgroup(s)
[INFO] (1743286382) Running with 16 wavefront(s) per workgroup and 208 workgroup(s)
[INFO] (1743286398) Running with 16 wavefront(s) per workgroup and 209 workgroup(s)
[INFO] (1743286415) Running with 16 wavefront(s) per workgroup and 210 workgroup(s)
[INFO] (1743286432) Running with 16 wavefront(s) per workgroup and 211 workgroup(s)
[INFO] (1743286448) Running with 16 wavefront(s) per workgroup and 212 workgroup(s)
[INFO] (1743286465) Running with 16 wavefront(s) per workgroup and 213 workgroup(s)
[INFO] (1743286482) Running with 16 wavefront(s) per workgroup and 214 workgroup(s)
[INFO] (1743286498) Running with 16 wavefront(s) per workgroup and 215 workgroup(s)
[INFO] (1743286515) Running with 16 wavefront(s) per workgroup and 216 workgroup(s)
[INFO] (1743286532) Running with 16 wavefront(s) per workgroup and 217 workgroup(s)
[INFO] (1743286549) Running with 16 wavefront(s) per workgroup and 218 workgroup(s)
[INFO] (1743286565) Running with 16 wavefront(s) per workgroup and 219 workgroup(s)
[INFO] (1743286582) Running with 16 wavefront(s) per workgroup and 220 workgroup(s)
[INFO] (1743286599) Running with 16 wavefront(s) per workgroup and 221 workgroup(s)
[INFO] (1743286615) Running with 16 wavefront(s) per workgroup and 222 workgroup(s)
[INFO] (1743286632) Running with 16 wavefront(s) per workgroup and 223 workgroup(s)
[INFO] (1743286649) Running with 16 wavefront(s) per workgroup and 224 workgroup(s)
[INFO] (1743286666) Running with 16 wavefront(s) per workgroup and 225 workgroup(s)
[INFO] (1743286682) Running with 16 wavefront(s) per workgroup and 226 workgroup(s)
[INFO] (1743286699) Running with 16 wavefront(s) per workgroup and 227 workgroup(s)
[INFO] (1743286716) Running with 16 wavefront(s) per workgroup and 228 workgroup(s)
[INFO] (1743286732) Running with 16 wavefront(s) per workgroup and 229 workgroup(s)
[INFO] (1743286749) Running with 16 wavefront(s) per workgroup and 230 workgroup(s)
[INFO] (1743286766) Running with 16 wavefront(s) per workgroup and 231 workgroup(s)
[INFO] (1743286783) Running with 16 wavefront(s) per workgroup and 232 workgroup(s)
[INFO] (1743286799) Running with 16 wavefront(s) per workgroup and 233 workgroup(s)
[INFO] (1743286816) Running with 16 wavefront(s) per workgroup and 234 workgroup(s)
[INFO] (1743286833) Running with 16 wavefront(s) per workgroup and 235 workgroup(s)
[INFO] (1743286850) Running with 16 wavefront(s) per workgroup and 236 workgroup(s)
[INFO] (1743286866) Running with 16 wavefront(s) per workgroup and 237 workgroup(s)
[INFO] (1743286883) Running with 16 wavefront(s) per workgroup and 238 workgroup(s)
[INFO] (1743286900) Running with 16 wavefront(s) per workgroup and 239 workgroup(s)
[INFO] (1743286916) Running with 16 wavefront(s) per workgroup and 240 workgroup(s)
[INFO] (1743286933) Running with 16 wavefront(s) per workgroup and 241 workgroup(s)
[INFO] (1743286950) Running with 16 wavefront(s) per workgroup and 242 workgroup(s)
[INFO] (1743286967) Running with 16 wavefront(s) per workgroup and 243 workgroup(s)
[INFO] (1743286983) Running with 16 wavefront(s) per workgroup and 244 workgroup(s)
[INFO] (1743287000) Running with 16 wavefront(s) per workgroup and 245 workgroup(s)
[INFO] (1743287017) Running with 16 wavefront(s) per workgroup and 246 workgroup(s)
[INFO] (1743287034) Running with 16 wavefront(s) per workgroup and 247 workgroup(s)
[INFO] (1743287050) Running with 16 wavefront(s) per workgroup and 248 workgroup(s)
[INFO] (1743287067) Running with 16 wavefront(s) per workgroup and 249 workgroup(s)
[INFO] (1743287084) Running with 16 wavefront(s) per workgroup and 250 workgroup(s)
[INFO] (1743287101) Running with 16 wavefront(s) per workgroup and 251 workgroup(s)
[INFO] (1743287117) Running with 16 wavefront(s) per workgroup and 252 workgroup(s)
[INFO] (1743287134) Running with 16 wavefront(s) per workgroup and 253 workgroup(s)
[INFO] (1743287151) Running with 16 wavefront(s) per workgroup and 254 workgroup(s)
[INFO] (1743287168) Running with 16 wavefront(s) per workgroup and 255 workgroup(s)
[INFO] (1743287184) Running with 16 wavefront(s) per workgroup and 256 workgroup(s)
[INFO] (1743287201) Running with 16 wavefront(s) per workgroup and 257 workgroup(s)
[INFO] (1743287218) Running with 16 wavefront(s) per workgroup and 258 workgroup(s)
[INFO] (1743287235) Running with 16 wavefront(s) per workgroup and 259 workgroup(s)
[INFO] (1743287251) Running with 16 wavefront(s) per workgroup and 260 workgroup(s)
[INFO] (1743287268) Running with 16 wavefront(s) per workgroup and 261 workgroup(s)
[INFO] (1743287285) Running with 16 wavefront(s) per workgroup and 262 workgroup(s)
[INFO] (1743287302) Running with 16 wavefront(s) per workgroup and 263 workgroup(s)
[INFO] (1743287319) Running with 16 wavefront(s) per workgroup and 264 workgroup(s)
[INFO] (1743287335) Running with 16 wavefront(s) per workgroup and 265 workgroup(s)
[INFO] (1743287352) Running with 16 wavefront(s) per workgroup and 266 workgroup(s)
[INFO] (1743287369) Running with 16 wavefront(s) per workgroup and 267 workgroup(s)
[INFO] (1743287386) Running with 16 wavefront(s) per workgroup and 268 workgroup(s)
[INFO] (1743287402) Running with 16 wavefront(s) per workgroup and 269 workgroup(s)
[INFO] (1743287419) Running with 16 wavefront(s) per workgroup and 270 workgroup(s)
[INFO] (1743287436) Running with 16 wavefront(s) per workgroup and 271 workgroup(s)
[INFO] (1743287453) Running with 16 wavefront(s) per workgroup and 272 workgroup(s)
[INFO] (1743287469) Running with 16 wavefront(s) per workgroup and 273 workgroup(s)
[INFO] (1743287486) Running with 16 wavefront(s) per workgroup and 274 workgroup(s)
[INFO] (1743287503) Running with 16 wavefront(s) per workgroup and 275 workgroup(s)
[INFO] (1743287520) Running with 16 wavefront(s) per workgroup and 276 workgroup(s)
[INFO] (1743287537) Running with 16 wavefront(s) per workgroup and 277 workgroup(s)
[INFO] (1743287553) Running with 16 wavefront(s) per workgroup and 278 workgroup(s)
[INFO] (1743287570) Running with 16 wavefront(s) per workgroup and 279 workgroup(s)
[INFO] (1743287587) Running with 16 wavefront(s) per workgroup and 280 workgroup(s)
[INFO] (1743287604) Running with 16 wavefront(s) per workgroup and 281 workgroup(s)
[INFO] (1743287621) Running with 16 wavefront(s) per workgroup and 282 workgroup(s)
[INFO] (1743287637) Running with 16 wavefront(s) per workgroup and 283 workgroup(s)
[INFO] (1743287654) Running with 16 wavefront(s) per workgroup and 284 workgroup(s)
[INFO] (1743287671) Running with 16 wavefront(s) per workgroup and 285 workgroup(s)
[INFO] (1743287688) Running with 16 wavefront(s) per workgroup and 286 workgroup(s)
[INFO] (1743287705) Running with 16 wavefront(s) per workgroup and 287 workgroup(s)
[INFO] (1743287721) Running with 16 wavefront(s) per workgroup and 288 workgroup(s)
[INFO] (1743287738) Running with 16 wavefront(s) per workgroup and 289 workgroup(s)
[INFO] (1743287755) Running with 16 wavefront(s) per workgroup and 290 workgroup(s)
[INFO] (1743287772) Running with 16 wavefront(s) per workgroup and 291 workgroup(s)
[INFO] (1743287789) Running with 16 wavefront(s) per workgroup and 292 workgroup(s)
[INFO] (1743287805) Running with 16 wavefront(s) per workgroup and 293 workgroup(s)
[INFO] (1743287822) Running with 16 wavefront(s) per workgroup and 294 workgroup(s)
[INFO] (1743287839) Running with 16 wavefront(s) per workgroup and 295 workgroup(s)
[INFO] (1743287856) Running with 16 wavefront(s) per workgroup and 296 workgroup(s)
[INFO] (1743287873) Running with 16 wavefront(s) per workgroup and 297 workgroup(s)
[INFO] (1743287889) Running with 16 wavefront(s) per workgroup and 298 workgroup(s)
[INFO] (1743287906) Running with 16 wavefront(s) per workgroup and 299 workgroup(s)
[INFO] (1743287923) Running with 16 wavefront(s) per workgroup and 300 workgroup(s)
[INFO] (1743287940) Running with 16 wavefront(s) per workgroup and 301 workgroup(s)
[INFO] (1743287957) Running with 16 wavefront(s) per workgroup and 302 workgroup(s)
[INFO] (1743287974) Running with 16 wavefront(s) per workgroup and 303 workgroup(s)
[INFO] (1743287990) Running with 16 wavefront(s) per workgroup and 304 workgroup(s)
Result V_FMA2 with fp16
n_iter, n_thread, n_wg, n_wf, wf_size, wg_size, n_flops, n_bytes, time_ms, gflop/s, avg_clock, max_clock, min_clock, stdev_clock 
1073741824, 1024, 1, 16, 64, 1024, 2199023255552, 4096, 16408.9, 134.014, 2.14832e+10, 34368124492, 8598327804, 1.09537 
1073741824, 2048, 2, 16, 64, 1024, 4398046511104, 8192, 16459.1, 267.21, 2.14832e+10, 34368124236, 8598326704, 1.09537 
1073741824, 3072, 3, 16, 64, 1024, 6597069766656, 12288, 16454.1, 400.937, 2.14832e+10, 34368124212, 8598324708, 1.09537 
1073741824, 4096, 4, 16, 64, 1024, 8796093022208, 16384, 16455.7, 534.533, 2.14832e+10, 34368124240, 8598324508, 1.09537 
1073741824, 5120, 5, 16, 64, 1024, 10995116277760, 20480, 16457.3, 668.102, 2.14832e+10, 34368124184, 8598324732, 1.09537 
1073741824, 6144, 6, 16, 64, 1024, 13194139533312, 24576, 16458.1, 801.683, 2.14832e+10, 34368124128, 8598323688, 1.09537 
1073741824, 7168, 7, 16, 64, 1024, 15393162788864, 28672, 16456.3, 935.398, 2.14832e+10, 34368124332, 8598323656, 1.09537 
1073741824, 8192, 8, 16, 64, 1024, 17592186044416, 32768, 16453.9, 1069.18, 2.14832e+10, 34368124324, 8598323708, 1.09537 
1073741824, 9216, 9, 16, 64, 1024, 19791209299968, 36864, 16457.9, 1202.54, 2.14832e+10, 34368124028, 8598323836, 1.09537 
1073741824, 10240, 10, 16, 64, 1024, 21990232555520, 40960, 16460.9, 1335.91, 2.14832e+10, 34368124068, 8598323640, 1.09537 
1073741824, 11264, 11, 16, 64, 1024, 24189255811072, 45056, 16461.6, 1469.44, 2.14832e+10, 34368124064, 8598323860, 1.09537 
1073741824, 12288, 12, 16, 64, 1024, 26388279066624, 49152, 16459.3, 1603.24, 2.14832e+10, 34368123884, 8598323636, 1.09537 
1073741824, 13312, 13, 16, 64, 1024, 28587302322176, 53248, 16462.8, 1736.48, 2.14832e+10, 34368123968, 8598323812, 1.09537 
1073741824, 14336, 14, 16, 64, 1024, 30786325577728, 57344, 16462.6, 1870.08, 2.14832e+10, 34368123972, 8598323828, 1.09537 
1073741824, 15360, 15, 16, 64, 1024, 32985348833280, 61440, 16460.9, 2003.86, 2.14832e+10, 34368124756, 8598323704, 1.09537 
1073741824, 16384, 16, 16, 64, 1024, 35184372088832, 65536, 16461.7, 2137.34, 2.14832e+10, 34368124916, 8598323648, 1.09537 
1073741824, 17408, 17, 16, 64, 1024, 37383395344384, 69632, 16466.2, 2270.31, 2.14832e+10, 34368124112, 8598323736, 1.09537 
1073741824, 18432, 18, 16, 64, 1024, 39582418599936, 73728, 16468, 2403.6, 2.14832e+10, 34368123992, 8598323640, 1.09537 
1073741824, 19456, 19, 16, 64, 1024, 41781441855488, 77824, 16469, 2536.98, 2.14832e+10, 34368124104, 8598323648, 1.09537 
1073741824, 20480, 20, 16, 64, 1024, 43980465111040, 81920, 16467.5, 2670.74, 2.14832e+10, 34368123888, 8598323660, 1.09537 
1073741824, 21504, 21, 16, 64, 1024, 46179488366592, 86016, 16467.4, 2804.29, 2.14832e+10, 34368124772, 8598323636, 1.09537 
1073741824, 22528, 22, 16, 64, 1024, 48378511622144, 90112, 16465.4, 2938.19, 2.14832e+10, 34368123920, 8598323552, 1.09537 
1073741824, 23552, 23, 16, 64, 1024, 50577534877696, 94208, 16469.7, 3070.95, 2.14832e+10, 34368124116, 8598323560, 1.09537 
1073741824, 24576, 24, 16, 64, 1024, 52776558133248, 98304, 16469.4, 3204.53, 2.14832e+10, 34368124132, 8598323556, 1.09537 
1073741824, 25600, 25, 16, 64, 1024, 54975581388800, 102400, 16472, 3337.51, 2.14832e+10, 34368124420, 8598323548, 1.09537 
1073741824, 26624, 26, 16, 64, 1024, 57174604644352, 106496, 16476.6, 3470.05, 2.14832e+10, 34368123932, 8598323548, 1.09537 
1073741824, 27648, 27, 16, 64, 1024, 59373627899904, 110592, 16477.1, 3603.41, 2.14832e+10, 34368124056, 8598323548, 1.09537 
1073741824, 28672, 28, 16, 64, 1024, 61572651155456, 114688, 16477.8, 3736.7, 2.14832e+10, 34368123844, 8598323548, 1.09537 
1073741824, 29696, 29, 16, 64, 1024, 63771674411008, 118784, 16478.2, 3870.07, 2.14832e+10, 34368123956, 8598323532, 1.09537 
1073741824, 30720, 30, 16, 64, 1024, 65970697666560, 122880, 16482.8, 4002.39, 2.14832e+10, 34368123964, 8598323536, 1.09537 
1073741824, 31744, 31, 16, 64, 1024, 68169720922112, 126976, 16479.1, 4136.73, 2.14832e+10, 34368124088, 8598323536, 1.09537 
1073741824, 32768, 32, 16, 64, 1024, 70368744177664, 131072, 16476.2, 4270.93, 2.14832e+10, 34368124100, 8598323540, 1.09537 
1073741824, 33792, 33, 16, 64, 1024, 72567767433216, 135168, 16482, 4402.84, 2.14832e+10, 34368125004, 8598323540, 1.09537 
1073741824, 34816, 34, 16, 64, 1024, 74766790688768, 139264, 16490.4, 4533.95, 2.14832e+10, 34368123892, 8598323564, 1.09537 
1073741824, 35840, 35, 16, 64, 1024, 76965813944320, 143360, 16484, 4669.11, 2.14832e+10, 34368124220, 8598323552, 1.09537 
1073741824, 36864, 36, 16, 64, 1024, 79164837199872, 147456, 16494.8, 4799.37, 2.14832e+10, 34368123876, 8598323532, 1.09537 
1073741824, 37888, 37, 16, 64, 1024, 81363860455424, 151552, 16485.7, 4935.41, 2.14832e+10, 34368124560, 8598323464, 1.09537 
1073741824, 38912, 38, 16, 64, 1024, 83562883710976, 155648, 16489.9, 5067.51, 2.14832e+10, 34368123992, 8598323464, 1.09537 
1073741824, 39936, 39, 16, 64, 1024, 85761906966528, 159744, 16482.7, 5203.16, 2.14832e+10, 34368124024, 8598323536, 1.09537 
1073741824, 40960, 40, 16, 64, 1024, 87960930222080, 163840, 16460.3, 5343.81, 2.14832e+10, 34368124140, 8598323528, 1.09537 
1073741824, 41984, 41, 16, 64, 1024, 90159953477632, 167936, 16456.6, 5478.65, 2.14832e+10, 34368124060, 8598323440, 1.09537 
1073741824, 43008, 42, 16, 64, 1024, 92358976733184, 172032, 16468.2, 5608.32, 2.14832e+10, 34368123964, 8598323444, 1.09537 
1073741824, 44032, 43, 16, 64, 1024, 94557999988736, 176128, 16460.4, 5744.56, 2.14832e+10, 34368124108, 8598323460, 1.09537 
1073741824, 45056, 44, 16, 64, 1024, 96757023244288, 180224, 16475.5, 5872.79, 2.14832e+10, 34368123880, 8598323552, 1.09537 
1073741824, 46080, 45, 16, 64, 1024, 98956046499840, 184320, 16466, 6009.73, 2.14832e+10, 34368124704, 8598323436, 1.09537 
1073741824, 47104, 46, 16, 64, 1024, 101155069755392, 188416, 16467.3, 6142.77, 2.14832e+10, 34368124596, 8598323500, 1.09537 
1073741824, 48128, 47, 16, 64, 1024, 103354093010944, 192512, 16450, 6282.92, 2.14832e+10, 34368124104, 8598323448, 1.09537 
1073741824, 49152, 48, 16, 64, 1024, 105553116266496, 196608, 16471.4, 6408.26, 2.14832e+10, 34368124112, 8598323444, 1.09537 
1073741824, 50176, 49, 16, 64, 1024, 107752139522048, 200704, 16468.6, 6542.9, 2.14832e+10, 34368124004, 8598323476, 1.09537 
1073741824, 51200, 50, 16, 64, 1024, 109951162777600, 204800, 16463.9, 6678.3, 2.14832e+10, 34368123972, 8598323460, 1.09537 
1073741824, 52224, 51, 16, 64, 1024, 112150186033152, 208896, 16478.8, 6805.72, 2.14832e+10, 34368124748, 8598323560, 1.09537 
1073741824, 53248, 52, 16, 64, 1024, 114349209288704, 212992, 16481.8, 6937.89, 2.14832e+10, 34368123888, 8598323448, 1.09537 
1073741824, 54272, 53, 16, 64, 1024, 116548232544256, 217088, 16458.7, 7081.26, 2.14832e+10, 34368124648, 8598323448, 1.09537 
1073741824, 55296, 54, 16, 64, 1024, 118747255799808, 221184, 16495.2, 7198.91, 2.14832e+10, 34368123932, 8598323532, 1.09537 
1073741824, 56320, 55, 16, 64, 1024, 120946279055360, 225280, 16488.6, 7335.13, 2.14832e+10, 34368124096, 8598323472, 1.09537 
1073741824, 57344, 56, 16, 64, 1024, 123145302310912, 229376, 16479.1, 7472.82, 2.14832e+10, 34368124108, 8598323448, 1.09537 
1073741824, 58368, 57, 16, 64, 1024, 125344325566464, 233472, 16475, 7608.17, 2.14832e+10, 34368123968, 8598323504, 1.09537 
1073741824, 59392, 58, 16, 64, 1024, 127543348822016, 237568, 16465.7, 7746.01, 2.14832e+10, 34368123952, 8598323512, 1.09537 
1073741824, 60416, 59, 16, 64, 1024, 129742372077568, 241664, 16498.5, 7863.87, 2.14832e+10, 34368124072, 8598323436, 1.09537 
1073741824, 61440, 60, 16, 64, 1024, 131941395333120, 245760, 16502, 7995.48, 2.14832e+10, 34368123868, 8598323448, 1.09537 
1073741824, 62464, 61, 16, 64, 1024, 134140418588672, 249856, 16467.3, 8145.85, 2.14832e+10, 34368125168, 8598323508, 1.09537 
1073741824, 63488, 62, 16, 64, 1024, 136339441844224, 253952, 16475.8, 8275.14, 2.14832e+10, 34368124532, 8598323496, 1.09537 
1073741824, 64512, 63, 16, 64, 1024, 138538465099776, 258048, 16479.5, 8406.72, 2.14832e+10, 34368124648, 8598323504, 1.09537 
1073741824, 65536, 64, 16, 64, 1024, 140737488355328, 262144, 16499.9, 8529.59, 2.14832e+10, 34368124140, 8598323440, 1.09537 
1073741824, 66560, 65, 16, 64, 1024, 142936511610880, 266240, 16499.3, 8663.16, 2.14832e+10, 34368124420, 8598323444, 1.09537 
1073741824, 67584, 66, 16, 64, 1024, 145135534866432, 270336, 16476.7, 8808.51, 2.14832e+10, 34368123892, 8598323436, 1.09537 
1073741824, 68608, 67, 16, 64, 1024, 147334558121984, 274432, 16472.1, 8944.5, 2.14832e+10, 34368124668, 8598323448, 1.09537 
1073741824, 69632, 68, 16, 64, 1024, 149533581377536, 278528, 16505.3, 9059.76, 2.14832e+10, 34368123884, 8598323444, 1.09537 
1073741824, 70656, 69, 16, 64, 1024, 151732604633088, 282624, 16511.7, 9189.41, 2.14832e+10, 34368124624, 8598323472, 1.09537 
1073741824, 71680, 70, 16, 64, 1024, 153931627888640, 286720, 16490.5, 9334.55, 2.14832e+10, 34368124600, 8598323452, 1.09537 
1073741824, 72704, 71, 16, 64, 1024, 156130651144192, 290816, 16476.7, 9475.86, 2.14832e+10, 34368124100, 8598323456, 1.09537 
1073741824, 73728, 72, 16, 64, 1024, 158329674399744, 294912, 16503.8, 9593.52, 2.14832e+10, 34368124108, 8598323440, 1.09537 
1073741824, 74752, 73, 16, 64, 1024, 160528697655296, 299008, 16505.4, 9725.83, 2.14832e+10, 34368124360, 8598323496, 1.09537 
1073741824, 75776, 74, 16, 64, 1024, 162727720910848, 303104, 16507.1, 9858.05, 2.14832e+10, 34368123952, 8598323444, 1.09537 
1073741824, 76800, 75, 16, 64, 1024, 164926744166400, 307200, 16482.9, 10005.9, 2.14832e+10, 34368124316, 8598323504, 1.09537 
1073741824, 77824, 76, 16, 64, 1024, 167125767421952, 311296, 16517.3, 10118.2, 2.14832e+10, 34368123896, 8598323500, 1.09537 
1073741824, 78848, 77, 16, 64, 1024, 169324790677504, 315392, 16516, 10252.1, 2.14832e+10, 34368125052, 8598323520, 1.09537 
1073741824, 79872, 78, 16, 64, 1024, 171523813933056, 319488, 16508.3, 10390.2, 2.14832e+10, 34368124624, 8598323516, 1.09537 
1073741824, 80896, 79, 16, 64, 1024, 173722837188608, 323584, 16482.5, 10539.9, 2.14832e+10, 34368124896, 8598323520, 1.09537 
1073741824, 81920, 80, 16, 64, 1024, 175921860444160, 327680, 16511.5, 10654.5, 2.14832e+10, 34368124996, 8598323512, 1.09537 
1073741824, 82944, 81, 16, 64, 1024, 178120883699712, 331776, 16513.6, 10786.3, 2.14832e+10, 34368123964, 8598323444, 1.09537 
1073741824, 83968, 82, 16, 64, 1024, 180319906955264, 335872, 16498.8, 10929.3, 2.14832e+10, 34368123956, 8598323508, 1.09537 
1073741824, 84992, 83, 16, 64, 1024, 182518930210816, 339968, 16497.9, 11063.2, 2.14832e+10, 34368124312, 8598323496, 1.09537 
1073741824, 86016, 84, 16, 64, 1024, 184717953466368, 344064, 16524.2, 11178.6, 2.14832e+10, 34368123876, 8598323432, 1.09537 
1073741824, 87040, 85, 16, 64, 1024, 186916976721920, 348160, 16506, 11324.2, 2.14832e+10, 34368123912, 8598323464, 1.09537 
1073741824, 88064, 86, 16, 64, 1024, 189115999977472, 352256, 16499.1, 11462.2, 2.14832e+10, 34368123924, 8598323488, 1.09537 
1073741824, 89088, 87, 16, 64, 1024, 191315023233024, 356352, 16503, 11592.8, 2.14832e+10, 34368124100, 8598323516, 1.09537 
1073741824, 90112, 88, 16, 64, 1024, 193514046488576, 360448, 16516.3, 11716.5, 2.14832e+10, 34368124708, 8598323504, 1.09537 
1073741824, 91136, 89, 16, 64, 1024, 195713069744128, 364544, 16503.2, 11859.1, 2.14832e+10, 34368124288, 8598323464, 1.09537 
1073741824, 92160, 90, 16, 64, 1024, 197912092999680, 368640, 16518.6, 11981.2, 2.14832e+10, 34368123988, 8598323496, 1.09537 
1073741824, 93184, 91, 16, 64, 1024, 200111116255232, 372736, 16521.3, 12112.3, 2.14832e+10, 34368124076, 8598323440, 1.09537 
1073741824, 94208, 92, 16, 64, 1024, 202310139510784, 376832, 16511.2, 12252.9, 2.14832e+10, 34368123896, 8598323500, 1.09537 
1073741824, 95232, 93, 16, 64, 1024, 204509162766336, 380928, 16533.1, 12369.7, 2.14832e+10, 34368124608, 8598323448, 1.09537 
1073741824, 96256, 94, 16, 64, 1024, 206708186021888, 385024, 16513.8, 12517.3, 2.14832e+10, 34368123916, 8598323432, 1.09537 
1073741824, 97280, 95, 16, 64, 1024, 208907209277440, 389120, 16515.7, 12649, 2.14832e+10, 34368124052, 8598323468, 1.09537 
1073741824, 98304, 96, 16, 64, 1024, 211106232532992, 393216, 16549.5, 12756.1, 2.14832e+10, 34368124120, 8598323460, 1.09537 
1073741824, 99328, 97, 16, 64, 1024, 213305255788544, 397312, 16522.8, 12909.8, 2.14832e+10, 34368124256, 8598323500, 1.09537 
1073741824, 100352, 98, 16, 64, 1024, 215504279044096, 401408, 16528.7, 13038.2, 2.14832e+10, 34368124856, 8598323444, 1.09537 
1073741824, 101376, 99, 16, 64, 1024, 217703302299648, 405504, 16550.5, 13153.9, 2.14832e+10, 34368124072, 8598323512, 1.09537 
1073741824, 102400, 100, 16, 64, 1024, 219902325555200, 409600, 16529.8, 13303.4, 2.14832e+10, 34368123896, 8598323436, 1.09537 
1073741824, 103424, 101, 16, 64, 1024, 222101348810752, 413696, 16528.5, 13437.5, 2.14832e+10, 34368124004, 8598323444, 1.09537 
1073741824, 104448, 102, 16, 64, 1024, 224300372066304, 417792, 16551.4, 13551.8, 2.14832e+10, 34368123980, 8598323452, 1.09537 
1073741824, 105472, 103, 16, 64, 1024, 226499395321856, 421888, 16529.7, 13702.5, 2.14832e+10, 34368124796, 8598323448, 1.09537 
1073741824, 106496, 104, 16, 64, 1024, 228698418577408, 425984, 16528.2, 13836.9, 2.14832e+10, 34368124028, 8598323496, 1.09537 
1073741824, 107520, 105, 16, 64, 1024, 230897441832960, 430080, 16549.6, 13951.9, 2.14832e+10, 34368124064, 8598323464, 1.09537 
1073741824, 108544, 106, 16, 64, 1024, 233096465088512, 434176, 16537.9, 14094.7, 2.14832e+10, 34368124040, 8598323500, 1.09537 
1073741824, 109568, 107, 16, 64, 1024, 235295488344064, 438272, 16531.1, 14233.5, 2.14832e+10, 34368125544, 8598323512, 1.09537 
1073741824, 110592, 108, 16, 64, 1024, 237494511599616, 442368, 16565.6, 14336.6, 2.14832e+10, 34368124600, 8598323476, 1.09537 
1073741824, 111616, 109, 16, 64, 1024, 239693534855168, 446464, 16537, 14494.4, 2.14832e+10, 34368124404, 8598323444, 1.09537 
1073741824, 112640, 110, 16, 64, 1024, 241892558110720, 450560, 16543.2, 14621.9, 2.14832e+10, 34368123904, 8598323516, 1.09537 
1073741824, 113664, 111, 16, 64, 1024, 244091581366272, 454656, 16552.5, 14746.5, 2.14832e+10, 34368124712, 8598323504, 1.09537 
1073741824, 114688, 112, 16, 64, 1024, 246290604621824, 458752, 16535.9, 14894.3, 2.14832e+10, 34368124120, 8598323468, 1.09537 
1073741824, 115712, 113, 16, 64, 1024, 248489627877376, 462848, 16548.8, 15015.6, 2.14832e+10, 34368124296, 8598323504, 1.09537 
1073741824, 116736, 114, 16, 64, 1024, 250688651132928, 466944, 16547.5, 15149.7, 2.14832e+10, 34368124004, 8598323448, 1.09537 
1073741824, 117760, 115, 16, 64, 1024, 252887674388480, 471040, 16546.3, 15283.7, 2.14832e+10, 34368124116, 8598323476, 1.09537 
1073741824, 118784, 116, 16, 64, 1024, 255086697644032, 475136, 16559, 15404.7, 2.14832e+10, 34368123900, 8598323448, 1.09537 
1073741824, 119808, 117, 16, 64, 1024, 257285720899584, 479232, 16551.3, 15544.7, 2.14832e+10, 34368124440, 8598323508, 1.09537 
1073741824, 120832, 118, 16, 64, 1024, 259484744155136, 483328, 16547.5, 15681.2, 2.14832e+10, 34368123916, 8598323512, 1.09537 
1073741824, 121856, 119, 16, 64, 1024, 261683767410688, 487424, 16541.8, 15819.5, 2.14832e+10, 34368124048, 8598323448, 1.09537 
1073741824, 122880, 120, 16, 64, 1024, 263882790666240, 491520, 16548.4, 15946.1, 2.14832e+10, 34368124912, 8598323436, 1.09537 
1073741824, 123904, 121, 16, 64, 1024, 266081813921792, 495616, 16544.3, 16082.9, 2.14832e+10, 34368123932, 8598323504, 1.09537 
1073741824, 124928, 122, 16, 64, 1024, 268280837177344, 499712, 16564.9, 16195.8, 2.14832e+10, 34368123916, 8598323504, 1.09537 
1073741824, 125952, 123, 16, 64, 1024, 270479860432896, 503808, 16556.9, 16336.4, 2.14832e+10, 34368124560, 8598323504, 1.09537 
1073741824, 126976, 124, 16, 64, 1024, 272678883688448, 507904, 16557.8, 16468.3, 2.14832e+10, 34368124396, 8598323440, 1.09537 
1073741824, 128000, 125, 16, 64, 1024, 274877906944000, 512000, 16565.1, 16593.8, 2.14832e+10, 34368125284, 8598323476, 1.09537 
1073741824, 129024, 126, 16, 64, 1024, 277076930199552, 516096, 16549.3, 16742.5, 2.14832e+10, 34368124772, 8598323496, 1.09537 
1073741824, 130048, 127, 16, 64, 1024, 279275953455104, 520192, 16596.1, 16827.8, 2.14832e+10, 34368124128, 8598323468, 1.09537 
1073741824, 131072, 128, 16, 64, 1024, 281474976710656, 524288, 16550.6, 17007, 2.14832e+10, 34368124064, 8598323504, 1.09537 
1073741824, 132096, 129, 16, 64, 1024, 283673999966208, 528384, 16565.3, 17124.6, 2.14832e+10, 34368124136, 8598323556, 1.09537 
1073741824, 133120, 130, 16, 64, 1024, 285873023221760, 532480, 16564.3, 17258.4, 2.14832e+10, 34368124016, 8598323600, 1.09537 
1073741824, 134144, 131, 16, 64, 1024, 288072046477312, 536576, 16561.6, 17394, 2.14832e+10, 34368123936, 8598323544, 1.09537 
1073741824, 135168, 132, 16, 64, 1024, 290271069732864, 540672, 16588.9, 17497.9, 2.14832e+10, 34368123884, 8598323596, 1.09537 
1073741824, 136192, 133, 16, 64, 1024, 292470092988416, 544768, 16553.4, 17668.3, 2.14832e+10, 34368125528, 8598323584, 1.09537 
1073741824, 137216, 134, 16, 64, 1024, 294669116243968, 548864, 16596.8, 17754.6, 2.14832e+10, 34368124684, 8598323604, 1.09537 
1073741824, 138240, 135, 16, 64, 1024, 296868139499520, 552960, 16554.9, 17932.3, 2.14832e+10, 34368124000, 8598323548, 1.09537 
1073741824, 139264, 136, 16, 64, 1024, 299067162755072, 557056, 16582.8, 18034.7, 2.14832e+10, 34368124024, 8598323576, 1.09537 
1073741824, 140288, 137, 16, 64, 1024, 301266186010624, 561152, 16566.1, 18185.7, 2.14832e+10, 34368124736, 8598323536, 1.09537 
1073741824, 141312, 138, 16, 64, 1024, 303465209266176, 565248, 16572.9, 18310.9, 2.14832e+10, 34368123996, 8598323608, 1.09537 
1073741824, 142336, 139, 16, 64, 1024, 305664232521728, 569344, 16569.3, 18447.6, 2.14832e+10, 34368124524, 8598323592, 1.09537 
1073741824, 143360, 140, 16, 64, 1024, 307863255777280, 573440, 16570.9, 18578.5, 2.14832e+10, 34368123892, 8598323536, 1.09537 
1073741824, 144384, 141, 16, 64, 1024, 310062279032832, 577536, 16573.1, 18708.7, 2.14832e+10, 34368124880, 8598323568, 1.09537 
1073741824, 145408, 142, 16, 64, 1024, 312261302288384, 581632, 16575.9, 18838.3, 2.14832e+10, 34368124532, 8598323608, 1.09537 
1073741824, 146432, 143, 16, 64, 1024, 314460325543936, 585728, 16572.7, 18974.6, 2.14832e+10, 34368124032, 8598323600, 1.09537 
1073741824, 147456, 144, 16, 64, 1024, 316659348799488, 589824, 16578.8, 19100.3, 2.14832e+10, 34368124732, 8598323596, 1.09537 
1073741824, 148480, 145, 16, 64, 1024, 318858372055040, 593920, 16580.4, 19231, 2.14832e+10, 34368124460, 8598323532, 1.09537 
1073741824, 149504, 146, 16, 64, 1024, 321057395310592, 598016, 16594, 19347.9, 2.14832e+10, 34368124016, 8598323540, 1.09537 
1073741824, 150528, 147, 16, 64, 1024, 323256418566144, 602112, 16585, 19490.9, 2.14832e+10, 34368123964, 8598323592, 1.09537 
1073741824, 151552, 148, 16, 64, 1024, 325455441821696, 606208, 16618, 19584.5, 2.14832e+10, 34368123916, 8598323532, 1.09537 
1073741824, 152576, 149, 16, 64, 1024, 327654465077248, 610304, 16583.3, 19758.1, 2.14832e+10, 34368124792, 8598323592, 1.09537 
1073741824, 153600, 150, 16, 64, 1024, 329853488332800, 614400, 16617.7, 19849.6, 2.14832e+10, 34368124192, 8598323600, 1.09537 
1073741824, 154624, 151, 16, 64, 1024, 332052511588352, 618496, 16583.6, 20022.9, 2.14832e+10, 34368124048, 8598323596, 1.09537 
1073741824, 155648, 152, 16, 64, 1024, 334251534843904, 622592, 16622.2, 20108.7, 2.14832e+10, 34368124008, 8598323564, 1.09537 
1073741824, 156672, 153, 16, 64, 1024, 336450558099456, 626688, 16583.3, 20288.5, 2.14832e+10, 34368124796, 8598323560, 1.09537 
1073741824, 157696, 154, 16, 64, 1024, 338649581355008, 630784, 16615.7, 20381.3, 2.14832e+10, 34368124736, 8598323584, 1.09537 
1073741824, 158720, 155, 16, 64, 1024, 340848604610560, 634880, 16590.9, 20544.4, 2.14832e+10, 34368123932, 8598323596, 1.09537 
1073741824, 159744, 156, 16, 64, 1024, 343047627866112, 638976, 16623.6, 20636.1, 2.14832e+10, 34368123924, 8598323552, 1.09537 
1073741824, 160768, 157, 16, 64, 1024, 345246651121664, 643072, 16590.6, 20809.8, 2.14832e+10, 34368124572, 8598323556, 1.09537 
1073741824, 161792, 158, 16, 64, 1024, 347445674377216, 647168, 16606.3, 20922.5, 2.14832e+10, 34368124628, 8598323544, 1.09537 
1073741824, 162816, 159, 16, 64, 1024, 349644697632768, 651264, 16592.9, 21071.9, 2.14832e+10, 34368124224, 8598323548, 1.09537 
1073741824, 163840, 160, 16, 64, 1024, 351843720888320, 655360, 16608.7, 21184.3, 2.14832e+10, 34368123972, 8598323548, 1.09537 
1073741824, 164864, 161, 16, 64, 1024, 354042744143872, 659456, 16599.9, 21328, 2.14832e+10, 34368124516, 8598323496, 1.09537 
1073741824, 165888, 162, 16, 64, 1024, 356241767399424, 663552, 16612.9, 21443.6, 2.14832e+10, 34368123936, 8598323456, 1.09537 
1073741824, 166912, 163, 16, 64, 1024, 358440790654976, 667648, 16604.2, 21587.4, 2.14832e+10, 34368124008, 8598323440, 1.09537 
1073741824, 167936, 164, 16, 64, 1024, 360639813910528, 671744, 16617.3, 21702.7, 2.14832e+10, 34368124076, 8598323444, 1.09537 
1073741824, 168960, 165, 16, 64, 1024, 362838837166080, 675840, 16606.5, 21849.2, 2.14832e+10, 34368124764, 8598323468, 1.09537 
1073741824, 169984, 166, 16, 64, 1024, 365037860421632, 679936, 16616.1, 21968.9, 2.14832e+10, 34368123948, 8598323472, 1.09537 
1073741824, 171008, 167, 16, 64, 1024, 367236883677184, 684032, 16607.4, 22112.8, 2.14832e+10, 34368124128, 8598323452, 1.09537 
1073741824, 172032, 168, 16, 64, 1024, 369435906932736, 688128, 16636.5, 22206.3, 2.14832e+10, 34368123896, 8598323500, 1.09537 
1073741824, 173056, 169, 16, 64, 1024, 371634930188288, 692224, 16609.9, 22374.3, 2.14832e+10, 34368123956, 8598323460, 1.09537 
1073741824, 174080, 170, 16, 64, 1024, 373833953443840, 696320, 16623.5, 22488.3, 2.14832e+10, 34368123904, 8598323452, 1.09537 
1073741824, 175104, 171, 16, 64, 1024, 376032976699392, 700416, 16621.8, 22622.9, 2.14832e+10, 34368124116, 8598323448, 1.09537 
1073741824, 176128, 172, 16, 64, 1024, 378231999954944, 704512, 16618.3, 22760, 2.14832e+10, 34368124024, 8598323448, 1.09537 
1073741824, 177152, 173, 16, 64, 1024, 380431023210496, 708608, 16621.5, 22887.8, 2.14832e+10, 34368124628, 8598323456, 1.09537 
1073741824, 178176, 174, 16, 64, 1024, 382630046466048, 712704, 16618.8, 23024, 2.14832e+10, 34368123940, 8598323440, 1.09537 
1073741824, 179200, 175, 16, 64, 1024, 384829069721600, 716800, 16628.8, 23142.4, 2.14832e+10, 34368124204, 8598323436, 1.09537 
1073741824, 180224, 176, 16, 64, 1024, 387028092977152, 720896, 16611.7, 23298.6, 2.14832e+10, 34368123900, 8598323488, 1.09537 
1073741824, 181248, 177, 16, 64, 1024, 389227116232704, 724992, 16626.7, 23409.8, 2.14832e+10, 34368124408, 8598323440, 1.09537 
1073741824, 182272, 178, 16, 64, 1024, 391426139488256, 729088, 16632.1, 23534.4, 2.14832e+10, 34368123964, 8598323472, 1.09537 
1073741824, 183296, 179, 16, 64, 1024, 393625162743808, 733184, 16631.7, 23667.2, 2.14832e+10, 34368124884, 8598323444, 1.09537 
1073741824, 184320, 180, 16, 64, 1024, 395824185999360, 737280, 16638.8, 23789.2, 2.14832e+10, 34368124068, 8598323444, 1.09537 
1073741824, 185344, 181, 16, 64, 1024, 398023209254912, 741376, 16626.7, 23938.7, 2.14832e+10, 34368124192, 8598323476, 1.09537 
1073741824, 186368, 182, 16, 64, 1024, 400222232510464, 745472, 16632.7, 24062.3, 2.14832e+10, 34368123952, 8598323456, 1.09537 
1073741824, 187392, 183, 16, 64, 1024, 402421255766016, 749568, 16640.1, 24183.9, 2.14832e+10, 34368125000, 8598323456, 1.09537 
1073741824, 188416, 184, 16, 64, 1024, 404620279021568, 753664, 16634.4, 24324.3, 2.14832e+10, 34368123984, 8598323440, 1.09537 
1073741824, 189440, 185, 16, 64, 1024, 406819302277120, 757760, 16640.4, 24447.7, 2.14832e+10, 34368124088, 8598323492, 1.09537 
1073741824, 190464, 186, 16, 64, 1024, 409018325532672, 761856, 16653.6, 24560.3, 2.14832e+10, 34368123964, 8598323464, 1.09537 
1073741824, 191488, 187, 16, 64, 1024, 411217348788224, 765952, 16639.8, 24712.8, 2.14832e+10, 34368123992, 8598323456, 1.09537 
1073741824, 192512, 188, 16, 64, 1024, 413416372043776, 770048, 16655.2, 24822, 2.14832e+10, 34368123992, 8598323460, 1.09537 
1073741824, 193536, 189, 16, 64, 1024, 415615395299328, 774144, 16657.4, 24950.8, 2.14832e+10, 34368124260, 8598323436, 1.09537 
1073741824, 194560, 190, 16, 64, 1024, 417814418554880, 778240, 16641.7, 25106.5, 2.14832e+10, 34368123932, 8598323456, 1.09537 
1073741824, 195584, 191, 16, 64, 1024, 420013441810432, 782336, 16653.8, 25220.3, 2.14832e+10, 34368124120, 8598323448, 1.09537 
1073741824, 196608, 192, 16, 64, 1024, 422212465065984, 786432, 16655.5, 25349.8, 2.14832e+10, 34368123936, 8598323440, 1.09537 
1073741824, 197632, 193, 16, 64, 1024, 424411488321536, 790528, 16653.2, 25485.2, 2.14832e+10, 34368124056, 8598323548, 1.09537 
1073741824, 198656, 194, 16, 64, 1024, 426610511577088, 794624, 16667.7, 25595.1, 2.14832e+10, 34368123804, 8598323576, 1.09537 
1073741824, 199680, 195, 16, 64, 1024, 428809534832640, 798720, 16672.4, 25719.7, 2.14832e+10, 34368124772, 8598323540, 1.09537 
1073741824, 200704, 196, 16, 64, 1024, 431008558088192, 802816, 16666.7, 25860.5, 2.14832e+10, 34368123968, 8598323564, 1.09537 
1073741824, 201728, 197, 16, 64, 1024, 433207581343744, 806912, 16672.2, 25983.8, 2.14832e+10, 34368124532, 8598323564, 1.09537 
1073741824, 202752, 198, 16, 64, 1024, 435406604599296, 811008, 16669.6, 26119.8, 2.14832e+10, 34368125536, 8598323556, 1.09537 
1073741824, 203776, 199, 16, 64, 1024, 437605627854848, 815104, 16669.8, 26251.4, 2.14832e+10, 34368124032, 8598323556, 1.09537 
1073741824, 204800, 200, 16, 64, 1024, 439804651110400, 819200, 16671.8, 26380.2, 2.14832e+10, 34368123992, 8598323560, 1.09537 
1073741824, 205824, 201, 16, 64, 1024, 442003674365952, 823296, 16678.4, 26501.5, 2.14832e+10, 34368124140, 8598323572, 1.09537 
1073741824, 206848, 202, 16, 64, 1024, 444202697621504, 827392, 16697.6, 26602.8, 2.14832e+10, 34368124584, 8598323548, 1.09537 
1073741824, 207872, 203, 16, 64, 1024, 446401720877056, 831488, 16683.3, 26757.4, 2.14832e+10, 34368124292, 8598323548, 1.09537 
1073741824, 208896, 204, 16, 64, 1024, 448600744132608, 835584, 16681.5, 26892, 2.14832e+10, 34368123912, 8598323564, 1.09537 
1073741824, 209920, 205, 16, 64, 1024, 450799767388160, 839680, 16691.8, 27007.2, 2.14832e+10, 34368124540, 8598323564, 1.09537 
1073741824, 210944, 206, 16, 64, 1024, 452998790643712, 843776, 16686.8, 27147.2, 2.14832e+10, 34368124004, 8598323596, 1.09537 
1073741824, 211968, 207, 16, 64, 1024, 455197813899264, 847872, 16686.6, 27279.3, 2.14832e+10, 34368124724, 8598323552, 1.09537 
1073741824, 212992, 208, 16, 64, 1024, 457396837154816, 851968, 16692.2, 27401.9, 2.14832e+10, 34368124764, 8598323536, 1.09537 
1073741824, 214016, 209, 16, 64, 1024, 459595860410368, 856064, 16696.3, 27526.8, 2.14832e+10, 34368124144, 8598323544, 1.09537 
1073741824, 215040, 210, 16, 64, 1024, 461794883665920, 860160, 16702, 27649, 2.14832e+10, 34368124156, 8598323556, 1.09537 
1073741824, 216064, 211, 16, 64, 1024, 463993906921472, 864256, 16703.7, 27777.8, 2.14832e+10, 34368124764, 8598323556, 1.09537 
1073741824, 217088, 212, 16, 64, 1024, 466192930177024, 868352, 16714.6, 27891.4, 2.14832e+10, 34368123908, 8598323540, 1.09537 
1073741824, 218112, 213, 16, 64, 1024, 468391953432576, 872448, 16703.6, 28041.4, 2.14832e+10, 34368124092, 8598323564, 1.09537 
1073741824, 219136, 214, 16, 64, 1024, 470590976688128, 876544, 16710.3, 28161.6, 2.14832e+10, 34368124024, 8598323532, 1.09537 
1073741824, 220160, 215, 16, 64, 1024, 472789999943680, 880640, 16709.2, 28295.2, 2.14832e+10, 34368124620, 8598323536, 1.09537 
1073741824, 221184, 216, 16, 64, 1024, 474989023199232, 884736, 16707.4, 28429.8, 2.14832e+10, 34368125276, 8598323568, 1.09537 
1073741824, 222208, 217, 16, 64, 1024, 477188046454784, 888832, 16713, 28552, 2.14832e+10, 34368124708, 8598323548, 1.09537 
1073741824, 223232, 218, 16, 64, 1024, 479387069710336, 892928, 16712.3, 28684.7, 2.14832e+10, 34368124176, 8598323532, 1.09537 
1073741824, 224256, 219, 16, 64, 1024, 481586092965888, 897024, 16707.7, 28824.2, 2.14832e+10, 34368124372, 8598323564, 1.09537 
1073741824, 225280, 220, 16, 64, 1024, 483785116221440, 901120, 16718.7, 28936.8, 2.14832e+10, 34368123932, 8598323576, 1.09537 
1073741824, 226304, 221, 16, 64, 1024, 485984139476992, 905216, 16712.1, 29079.9, 2.14832e+10, 34368123952, 8598323564, 1.09537 
1073741824, 227328, 222, 16, 64, 1024, 488183162732544, 909312, 16713, 29209.9, 2.14832e+10, 34368124228, 8598323552, 1.09537 
1073741824, 228352, 223, 16, 64, 1024, 490382185988096, 913408, 16715.1, 29337.7, 2.14832e+10, 34368123928, 8598323548, 1.09537 
1073741824, 229376, 224, 16, 64, 1024, 492581209243648, 917504, 16713.2, 29472.6, 2.14832e+10, 34368124060, 8598323552, 1.09537 
1073741824, 230400, 225, 16, 64, 1024, 494780232499200, 921600, 16711.9, 29606.5, 2.14832e+10, 34368125492, 8598323460, 1.09537 
1073741824, 231424, 226, 16, 64, 1024, 496979255754752, 925696, 16713.3, 29735.5, 2.14832e+10, 34368124020, 8598323444, 1.09537 
1073741824, 232448, 227, 16, 64, 1024, 499178279010304, 929792, 16730.8, 29835.9, 2.14832e+10, 34368124044, 8598323436, 1.09537 
1073741824, 233472, 228, 16, 64, 1024, 501377302265856, 933888, 16728.4, 29971.6, 2.14832e+10, 34368124024, 8598323444, 1.09537 
1073741824, 234496, 229, 16, 64, 1024, 503576325521408, 937984, 16720.1, 30117.9, 2.14832e+10, 34368124564, 8598323436, 1.09537 
1073741824, 235520, 230, 16, 64, 1024, 505775348776960, 942080, 16720, 30249.7, 2.14832e+10, 34368124480, 8598323460, 1.09537 
1073741824, 236544, 231, 16, 64, 1024, 507974372032512, 946176, 16714.7, 30390.9, 2.14832e+10, 34368124072, 8598323508, 1.09537 
1073741824, 237568, 232, 16, 64, 1024, 510173395288064, 950272, 16720.5, 30511.8, 2.14832e+10, 34368124148, 8598323472, 1.09537 
1073741824, 238592, 233, 16, 64, 1024, 512372418543616, 954368, 16721.2, 30642, 2.14832e+10, 34368123972, 8598323440, 1.09537 
1073741824, 239616, 234, 16, 64, 1024, 514571441799168, 958464, 16737, 30744.5, 2.14832e+10, 34368124704, 8598323460, 1.09537 
1073741824, 240640, 235, 16, 64, 1024, 516770465054720, 962560, 16723.3, 30901.3, 2.14832e+10, 34368124400, 8598323440, 1.09537 
1073741824, 241664, 236, 16, 64, 1024, 518969488310272, 966656, 16721.8, 31035.5, 2.14832e+10, 34368123980, 8598323444, 1.09537 
1073741824, 242688, 237, 16, 64, 1024, 521168511565824, 970752, 16721.3, 31168, 2.14832e+10, 34368124240, 8598323460, 1.09537 
1073741824, 243712, 238, 16, 64, 1024, 523367534821376, 974848, 16746.6, 31252.2, 2.14832e+10, 34368124584, 8598323444, 1.09537 
1073741824, 244736, 239, 16, 64, 1024, 525566558076928, 978944, 16727.3, 31419.7, 2.14832e+10, 34368124208, 8598323440, 1.09537 
1073741824, 245760, 240, 16, 64, 1024, 527765581332480, 983040, 16726.2, 31553.1, 2.14832e+10, 34368124012, 8598323440, 1.09537 
1073741824, 246784, 241, 16, 64, 1024, 529964604588032, 987136, 16723.6, 31689.5, 2.14832e+10, 34368124136, 8598323456, 1.09537 
1073741824, 247808, 242, 16, 64, 1024, 532163627843584, 991232, 16739.1, 31791.6, 2.14832e+10, 34368124508, 8598323448, 1.09537 
1073741824, 248832, 243, 16, 64, 1024, 534362651099136, 995328, 16735.6, 31929.6, 2.14832e+10, 34368124072, 8598323448, 1.09537 
1073741824, 249856, 244, 16, 64, 1024, 536561674354688, 999424, 16741.1, 32050.5, 2.14832e+10, 34368123952, 8598323436, 1.09537 
1073741824, 250880, 245, 16, 64, 1024, 538760697610240, 1003520, 16735.7, 32192.4, 2.14832e+10, 34368125408, 8598324080, 1.09537 
1073741824, 251904, 246, 16, 64, 1024, 540959720865792, 1007616, 16742.3, 32310.9, 2.14832e+10, 34368124508, 8598323456, 1.09537 
1073741824, 252928, 247, 16, 64, 1024, 543158744121344, 1011712, 16743.9, 32439.2, 2.14832e+10, 34368124804, 8598323456, 1.09537 
1073741824, 253952, 248, 16, 64, 1024, 545357767376896, 1015808, 16743.2, 32572, 2.14832e+10, 34368124836, 8598323444, 1.09537 
1073741824, 254976, 249, 16, 64, 1024, 547556790632448, 1019904, 16748.5, 32692.9, 2.14832e+10, 34368123924, 8598323464, 1.09537 
1073741824, 256000, 250, 16, 64, 1024, 549755813888000, 1024000, 16750.1, 32821.1, 2.14832e+10, 34368124000, 8598323436, 1.09537 
1073741824, 257024, 251, 16, 64, 1024, 551954837143552, 1028096, 16758.1, 32936.6, 2.14832e+10, 34368124320, 8598323468, 1.09537 
1073741824, 258048, 252, 16, 64, 1024, 554153860399104, 1032192, 16759.2, 33065.7, 2.14832e+10, 34368124288, 8598323424, 1.09537 
1073741824, 259072, 253, 16, 64, 1024, 556352883654656, 1036288, 16758.3, 33198.6, 2.14832e+10, 34368124220, 8598323444, 1.09537 
1073741824, 260096, 254, 16, 64, 1024, 558551906910208, 1040384, 16751.7, 33343.1, 2.14832e+10, 34368124636, 8598323464, 1.09537 
1073741824, 261120, 255, 16, 64, 1024, 560750930165760, 1044480, 16750.8, 33476.2, 2.14832e+10, 34368124048, 8598323436, 1.09537 
1073741824, 262144, 256, 16, 64, 1024, 562949953421312, 1048576, 16760.1, 33588.8, 2.14832e+10, 34368124020, 8598323484, 1.09537 
1073741824, 263168, 257, 16, 64, 1024, 565148976676864, 1052672, 16763.7, 33712.6, 2.14832e+10, 34368123900, 8598323444, 1.09537 
1073741824, 264192, 258, 16, 64, 1024, 567347999932416, 1056768, 16773.5, 33824, 2.14832e+10, 34368123872, 8598323532, 1.09537 
1073741824, 265216, 259, 16, 64, 1024, 569547023187968, 1060864, 16769.1, 33964, 2.14832e+10, 34368124000, 8598323552, 1.09537 
1073741824, 266240, 260, 16, 64, 1024, 571746046443520, 1064960, 16766.5, 34100.4, 2.14832e+10, 34368123868, 8598323548, 1.09537 
1073741824, 267264, 261, 16, 64, 1024, 573945069699072, 1069056, 16771.5, 34221.5, 2.14832e+10, 34368123848, 8598323556, 1.09537 
1073741824, 268288, 262, 16, 64, 1024, 576144092954624, 1073152, 16775.1, 34345.2, 2.14832e+10, 34368123888, 8598323576, 1.09537 
1073741824, 269312, 263, 16, 64, 1024, 578343116210176, 1077248, 16771, 34484.7, 2.14832e+10, 34368124480, 8598323552, 1.09537 
1073741824, 270336, 264, 16, 64, 1024, 580542139465728, 1081344, 16765.1, 34628.1, 2.14832e+10, 34368124396, 8598323528, 1.09537 
1073741824, 271360, 265, 16, 64, 1024, 582741162721280, 1085440, 16774.9, 34739, 2.14832e+10, 34368123908, 8598323540, 1.09537 
1073741824, 272384, 266, 16, 64, 1024, 584940185976832, 1089536, 16772.7, 34874.6, 2.14832e+10, 34368123912, 8598323540, 1.09537 
1073741824, 273408, 267, 16, 64, 1024, 587139209232384, 1093632, 16782.7, 34984.8, 2.14832e+10, 34368124764, 8598323524, 1.09537 
1073741824, 274432, 268, 16, 64, 1024, 589338232487936, 1097728, 16782.3, 35116.7, 2.14832e+10, 34368124616, 8598323536, 1.09537 
1073741824, 275456, 269, 16, 64, 1024, 591537255743488, 1101824, 16783.1, 35246.1, 2.14832e+10, 34368123908, 8598323548, 1.09537 
1073741824, 276480, 270, 16, 64, 1024, 593736278999040, 1105920, 16776, 35392, 2.14832e+10, 34368123864, 8598323572, 1.09537 
1073741824, 277504, 271, 16, 64, 1024, 595935302254592, 1110016, 16775, 35525.2, 2.14832e+10, 34368124352, 8598323528, 1.09537 
1073741824, 278528, 272, 16, 64, 1024, 598134325510144, 1114112, 16770.1, 35666.7, 2.14832e+10, 34368124540, 8598323540, 1.09537 
1073741824, 279552, 273, 16, 64, 1024, 600333348765696, 1118208, 16779.3, 35778.2, 2.14832e+10, 34368123884, 8598323540, 1.09537 
1073741824, 280576, 274, 16, 64, 1024, 602532372021248, 1122304, 16786.7, 35893.4, 2.14832e+10, 34368124448, 8598323568, 1.09537 
1073741824, 281600, 275, 16, 64, 1024, 604731395276800, 1126400, 16786.9, 36023.9, 2.14832e+10, 34368123972, 8598323572, 1.09537 
1073741824, 282624, 276, 16, 64, 1024, 606930418532352, 1130496, 16788.1, 36152.4, 2.14832e+10, 34368124716, 8598323552, 1.09537 
1073741824, 283648, 277, 16, 64, 1024, 609129441787904, 1134592, 16788.1, 36283.3, 2.14832e+10, 34368123900, 8598323540, 1.09537 
1073741824, 284672, 278, 16, 64, 1024, 611328465043456, 1138688, 16785.4, 36420.4, 2.14832e+10, 34368123900, 8598323544, 1.09537 
1073741824, 285696, 279, 16, 64, 1024, 613527488299008, 1142784, 16786.3, 36549.3, 2.14832e+10, 34368124392, 8598323532, 1.09537 
1073741824, 286720, 280, 16, 64, 1024, 615726511554560, 1146880, 16786.3, 36680.3, 2.14832e+10, 34368124444, 8598323540, 1.09537 
1073741824, 287744, 281, 16, 64, 1024, 617925534810112, 1150976, 16792.7, 36797.2, 2.14832e+10, 34368123924, 8598323528, 1.09537 
1073741824, 288768, 282, 16, 64, 1024, 620124558065664, 1155072, 16803.2, 36905.2, 2.14832e+10, 34368123896, 8598323560, 1.09537 
1073741824, 289792, 283, 16, 64, 1024, 622323581321216, 1159168, 16802.8, 37036.9, 2.14832e+10, 34368124644, 8598323536, 1.09537 
1073741824, 290816, 284, 16, 64, 1024, 624522604576768, 1163264, 16801.4, 37170.8, 2.14832e+10, 34368124724, 8598323540, 1.09537 
1073741824, 291840, 285, 16, 64, 1024, 626721627832320, 1167360, 16799.4, 37306.2, 2.14832e+10, 34368124272, 8598323528, 1.09537 
1073741824, 292864, 286, 16, 64, 1024, 628920651087872, 1171456, 16794.8, 37447.4, 2.14832e+10, 34368124764, 8598323560, 1.09537 
1073741824, 293888, 287, 16, 64, 1024, 631119674343424, 1175552, 16798.7, 37569.5, 2.14832e+10, 34368123860, 8598323524, 1.09537 
1073741824, 294912, 288, 16, 64, 1024, 633318697598976, 1179648, 16798.7, 37700.5, 2.14832e+10, 34368124520, 8598323564, 1.09537 
1073741824, 295936, 289, 16, 64, 1024, 635517720854528, 1183744, 16802.8, 37822, 2.14832e+10, 34368123984, 8598323428, 1.09537 
1073741824, 296960, 290, 16, 64, 1024, 637716744110080, 1187840, 16811, 37934.6, 2.14832e+10, 34368123972, 8598323448, 1.09537 
1073741824, 297984, 291, 16, 64, 1024, 639915767365632, 1191936, 16813.2, 38060.2, 2.14832e+10, 34368123992, 8598323432, 1.09537 
1073741824, 299008, 292, 16, 64, 1024, 642114790621184, 1196032, 16811.3, 38195.5, 2.14832e+10, 34368124016, 8598323436, 1.09537 
1073741824, 300032, 293, 16, 64, 1024, 644313813876736, 1200128, 16815, 38317.7, 2.14832e+10, 34368124004, 8598323440, 1.09537 
1073741824, 301056, 294, 16, 64, 1024, 646512837132288, 1204224, 16810.3, 38459.2, 2.14832e+10, 34368123960, 8598323452, 1.09537 
1073741824, 302080, 295, 16, 64, 1024, 648711860387840, 1208320, 16812.3, 38585.6, 2.14832e+10, 34368123960, 8598323436, 1.09537 
1073741824, 303104, 296, 16, 64, 1024, 650910883643392, 1212416, 16812.3, 38716.3, 2.14832e+10, 34368124012, 8598323448, 1.09537 
1073741824, 304128, 297, 16, 64, 1024, 653109906898944, 1216512, 16819.9, 38829.5, 2.14832e+10, 34368123964, 8598323440, 1.09537 
1073741824, 305152, 298, 16, 64, 1024, 655308930154496, 1220608, 16828.4, 38940.6, 2.14832e+10, 34368124000, 8598323448, 1.09537 
1073741824, 306176, 299, 16, 64, 1024, 657507953410048, 1224704, 16830.9, 39065.6, 2.14832e+10, 34368124800, 8598323432, 1.09537 
1073741824, 307200, 300, 16, 64, 1024, 659706976665600, 1228800, 16832.3, 39192.9, 2.14832e+10, 34368124732, 8598323440, 1.09537 
1073741824, 308224, 301, 16, 64, 1024, 661905999921152, 1232896, 16835, 39317.3, 2.14832e+10, 34368123956, 8598323464, 1.09537 
1073741824, 309248, 302, 16, 64, 1024, 664105023176704, 1236992, 16835.2, 39447.5, 2.14832e+10, 34368125236, 8598323436, 1.09537 
1073741824, 310272, 303, 16, 64, 1024, 666304046432256, 1241088, 16832.1, 39585.2, 2.14832e+10, 34368124020, 8598323440, 1.09537 
1073741824, 311296, 304, 16, 64, 1024, 668503069687808, 1245184, 16834.4, 39710.5, 2.14832e+10, 34368125084, 8598323444, 1.09537 
