[INFO] GPU Roofline Tools 
[INFO] Version 1.0.0 (C)2024 Bagus Hanindhito 
[INFO] Built for AMD Instinct MI300X (gfx942) GPUs
[INFO] Detected 8 HIP-capable device(s)
[INFO] +---+------------------------+----+----+-----------+--------------+--------------+
[INFO] |#  |Device Name             |CC  |#CU |Freq. (MHz)|Mem. Size (MB)|Mem. BW (GB/s)|
[INFO] +---+------------------------+----+----+-----------+--------------+--------------+
[INFO] |0  |AMD Instinct MI325X     |9.4 |304 |2100       |262128        |3072          |
[INFO] +---+------------------------+----+----+-----------+--------------+--------------+
[INFO] |1  |AMD Instinct MI325X     |9.4 |304 |2100       |262128        |3072          |
[INFO] +---+------------------------+----+----+-----------+--------------+--------------+
[INFO] |2  |AMD Instinct MI325X     |9.4 |304 |2100       |262128        |3072          |
[INFO] +---+------------------------+----+----+-----------+--------------+--------------+
[INFO] |3  |AMD Instinct MI325X     |9.4 |304 |2100       |262128        |3072          |
[INFO] +---+------------------------+----+----+-----------+--------------+--------------+
[INFO] |4  |AMD Instinct MI325X     |9.4 |304 |2100       |262128        |3072          |
[INFO] +---+------------------------+----+----+-----------+--------------+--------------+
[INFO] |5  |AMD Instinct MI325X     |9.4 |304 |2100       |262128        |3072          |
[INFO] +---+------------------------+----+----+-----------+--------------+--------------+
[INFO] |6  |AMD Instinct MI325X     |9.4 |304 |2100       |262128        |3072          |
[INFO] +---+------------------------+----+----+-----------+--------------+--------------+
[INFO] |7  |AMD Instinct MI325X     |9.4 |304 |2100       |262128        |3072          |
[INFO] +---+------------------------+----+----+-----------+--------------+--------------+
[WARN] This program does not currently support Multi-GPU run.
[INFO] Set default GPU to GPU index 0
[INFO] (1743311551) Running with 16 wavefront(s) per workgroup and 1 workgroup(s)
[INFO] (1743311559) Running with 16 wavefront(s) per workgroup and 2 workgroup(s)
[INFO] (1743311567) Running with 16 wavefront(s) per workgroup and 3 workgroup(s)
[INFO] (1743311576) Running with 16 wavefront(s) per workgroup and 4 workgroup(s)
[INFO] (1743311584) Running with 16 wavefront(s) per workgroup and 5 workgroup(s)
[INFO] (1743311592) Running with 16 wavefront(s) per workgroup and 6 workgroup(s)
[INFO] (1743311600) Running with 16 wavefront(s) per workgroup and 7 workgroup(s)
[INFO] (1743311608) Running with 16 wavefront(s) per workgroup and 8 workgroup(s)
[INFO] (1743311617) Running with 16 wavefront(s) per workgroup and 9 workgroup(s)
[INFO] (1743311625) Running with 16 wavefront(s) per workgroup and 10 workgroup(s)
[INFO] (1743311633) Running with 16 wavefront(s) per workgroup and 11 workgroup(s)
[INFO] (1743311641) Running with 16 wavefront(s) per workgroup and 12 workgroup(s)
[INFO] (1743311650) Running with 16 wavefront(s) per workgroup and 13 workgroup(s)
[INFO] (1743311658) Running with 16 wavefront(s) per workgroup and 14 workgroup(s)
[INFO] (1743311666) Running with 16 wavefront(s) per workgroup and 15 workgroup(s)
[INFO] (1743311674) Running with 16 wavefront(s) per workgroup and 16 workgroup(s)
[INFO] (1743311683) Running with 16 wavefront(s) per workgroup and 17 workgroup(s)
[INFO] (1743311691) Running with 16 wavefront(s) per workgroup and 18 workgroup(s)
[INFO] (1743311699) Running with 16 wavefront(s) per workgroup and 19 workgroup(s)
[INFO] (1743311707) Running with 16 wavefront(s) per workgroup and 20 workgroup(s)
[INFO] (1743311716) Running with 16 wavefront(s) per workgroup and 21 workgroup(s)
[INFO] (1743311724) Running with 16 wavefront(s) per workgroup and 22 workgroup(s)
[INFO] (1743311732) Running with 16 wavefront(s) per workgroup and 23 workgroup(s)
[INFO] (1743311740) Running with 16 wavefront(s) per workgroup and 24 workgroup(s)
[INFO] (1743311748) Running with 16 wavefront(s) per workgroup and 25 workgroup(s)
[INFO] (1743311757) Running with 16 wavefront(s) per workgroup and 26 workgroup(s)
[INFO] (1743311765) Running with 16 wavefront(s) per workgroup and 27 workgroup(s)
[INFO] (1743311773) Running with 16 wavefront(s) per workgroup and 28 workgroup(s)
[INFO] (1743311781) Running with 16 wavefront(s) per workgroup and 29 workgroup(s)
[INFO] (1743311790) Running with 16 wavefront(s) per workgroup and 30 workgroup(s)
[INFO] (1743311798) Running with 16 wavefront(s) per workgroup and 31 workgroup(s)
[INFO] (1743311806) Running with 16 wavefront(s) per workgroup and 32 workgroup(s)
[INFO] (1743311814) Running with 16 wavefront(s) per workgroup and 33 workgroup(s)
[INFO] (1743311823) Running with 16 wavefront(s) per workgroup and 34 workgroup(s)
[INFO] (1743311831) Running with 16 wavefront(s) per workgroup and 35 workgroup(s)
[INFO] (1743311839) Running with 16 wavefront(s) per workgroup and 36 workgroup(s)
[INFO] (1743311847) Running with 16 wavefront(s) per workgroup and 37 workgroup(s)
[INFO] (1743311856) Running with 16 wavefront(s) per workgroup and 38 workgroup(s)
[INFO] (1743311864) Running with 16 wavefront(s) per workgroup and 39 workgroup(s)
[INFO] (1743311872) Running with 16 wavefront(s) per workgroup and 40 workgroup(s)
[INFO] (1743311880) Running with 16 wavefront(s) per workgroup and 41 workgroup(s)
[INFO] (1743311889) Running with 16 wavefront(s) per workgroup and 42 workgroup(s)
[INFO] (1743311897) Running with 16 wavefront(s) per workgroup and 43 workgroup(s)
[INFO] (1743311905) Running with 16 wavefront(s) per workgroup and 44 workgroup(s)
[INFO] (1743311913) Running with 16 wavefront(s) per workgroup and 45 workgroup(s)
[INFO] (1743311922) Running with 16 wavefront(s) per workgroup and 46 workgroup(s)
[INFO] (1743311930) Running with 16 wavefront(s) per workgroup and 47 workgroup(s)
[INFO] (1743311938) Running with 16 wavefront(s) per workgroup and 48 workgroup(s)
[INFO] (1743311946) Running with 16 wavefront(s) per workgroup and 49 workgroup(s)
[INFO] (1743311955) Running with 16 wavefront(s) per workgroup and 50 workgroup(s)
[INFO] (1743311963) Running with 16 wavefront(s) per workgroup and 51 workgroup(s)
[INFO] (1743311971) Running with 16 wavefront(s) per workgroup and 52 workgroup(s)
[INFO] (1743311979) Running with 16 wavefront(s) per workgroup and 53 workgroup(s)
[INFO] (1743311988) Running with 16 wavefront(s) per workgroup and 54 workgroup(s)
[INFO] (1743311996) Running with 16 wavefront(s) per workgroup and 55 workgroup(s)
[INFO] (1743312004) Running with 16 wavefront(s) per workgroup and 56 workgroup(s)
[INFO] (1743312012) Running with 16 wavefront(s) per workgroup and 57 workgroup(s)
[INFO] (1743312021) Running with 16 wavefront(s) per workgroup and 58 workgroup(s)
[INFO] (1743312029) Running with 16 wavefront(s) per workgroup and 59 workgroup(s)
[INFO] (1743312037) Running with 16 wavefront(s) per workgroup and 60 workgroup(s)
[INFO] (1743312045) Running with 16 wavefront(s) per workgroup and 61 workgroup(s)
[INFO] (1743312054) Running with 16 wavefront(s) per workgroup and 62 workgroup(s)
[INFO] (1743312062) Running with 16 wavefront(s) per workgroup and 63 workgroup(s)
[INFO] (1743312070) Running with 16 wavefront(s) per workgroup and 64 workgroup(s)
[INFO] (1743312078) Running with 16 wavefront(s) per workgroup and 65 workgroup(s)
[INFO] (1743312087) Running with 16 wavefront(s) per workgroup and 66 workgroup(s)
[INFO] (1743312095) Running with 16 wavefront(s) per workgroup and 67 workgroup(s)
[INFO] (1743312103) Running with 16 wavefront(s) per workgroup and 68 workgroup(s)
[INFO] (1743312112) Running with 16 wavefront(s) per workgroup and 69 workgroup(s)
[INFO] (1743312120) Running with 16 wavefront(s) per workgroup and 70 workgroup(s)
[INFO] (1743312128) Running with 16 wavefront(s) per workgroup and 71 workgroup(s)
[INFO] (1743312136) Running with 16 wavefront(s) per workgroup and 72 workgroup(s)
[INFO] (1743312145) Running with 16 wavefront(s) per workgroup and 73 workgroup(s)
[INFO] (1743312153) Running with 16 wavefront(s) per workgroup and 74 workgroup(s)
[INFO] (1743312161) Running with 16 wavefront(s) per workgroup and 75 workgroup(s)
[INFO] (1743312169) Running with 16 wavefront(s) per workgroup and 76 workgroup(s)
[INFO] (1743312178) Running with 16 wavefront(s) per workgroup and 77 workgroup(s)
[INFO] (1743312186) Running with 16 wavefront(s) per workgroup and 78 workgroup(s)
[INFO] (1743312194) Running with 16 wavefront(s) per workgroup and 79 workgroup(s)
[INFO] (1743312202) Running with 16 wavefront(s) per workgroup and 80 workgroup(s)
[INFO] (1743312211) Running with 16 wavefront(s) per workgroup and 81 workgroup(s)
[INFO] (1743312219) Running with 16 wavefront(s) per workgroup and 82 workgroup(s)
[INFO] (1743312227) Running with 16 wavefront(s) per workgroup and 83 workgroup(s)
[INFO] (1743312236) Running with 16 wavefront(s) per workgroup and 84 workgroup(s)
[INFO] (1743312244) Running with 16 wavefront(s) per workgroup and 85 workgroup(s)
[INFO] (1743312252) Running with 16 wavefront(s) per workgroup and 86 workgroup(s)
[INFO] (1743312260) Running with 16 wavefront(s) per workgroup and 87 workgroup(s)
[INFO] (1743312269) Running with 16 wavefront(s) per workgroup and 88 workgroup(s)
[INFO] (1743312277) Running with 16 wavefront(s) per workgroup and 89 workgroup(s)
[INFO] (1743312285) Running with 16 wavefront(s) per workgroup and 90 workgroup(s)
[INFO] (1743312294) Running with 16 wavefront(s) per workgroup and 91 workgroup(s)
[INFO] (1743312302) Running with 16 wavefront(s) per workgroup and 92 workgroup(s)
[INFO] (1743312310) Running with 16 wavefront(s) per workgroup and 93 workgroup(s)
[INFO] (1743312318) Running with 16 wavefront(s) per workgroup and 94 workgroup(s)
[INFO] (1743312327) Running with 16 wavefront(s) per workgroup and 95 workgroup(s)
[INFO] (1743312335) Running with 16 wavefront(s) per workgroup and 96 workgroup(s)
[INFO] (1743312343) Running with 16 wavefront(s) per workgroup and 97 workgroup(s)
[INFO] (1743312352) Running with 16 wavefront(s) per workgroup and 98 workgroup(s)
[INFO] (1743312360) Running with 16 wavefront(s) per workgroup and 99 workgroup(s)
[INFO] (1743312368) Running with 16 wavefront(s) per workgroup and 100 workgroup(s)
[INFO] (1743312377) Running with 16 wavefront(s) per workgroup and 101 workgroup(s)
[INFO] (1743312385) Running with 16 wavefront(s) per workgroup and 102 workgroup(s)
[INFO] (1743312393) Running with 16 wavefront(s) per workgroup and 103 workgroup(s)
[INFO] (1743312401) Running with 16 wavefront(s) per workgroup and 104 workgroup(s)
[INFO] (1743312410) Running with 16 wavefront(s) per workgroup and 105 workgroup(s)
[INFO] (1743312418) Running with 16 wavefront(s) per workgroup and 106 workgroup(s)
[INFO] (1743312426) Running with 16 wavefront(s) per workgroup and 107 workgroup(s)
[INFO] (1743312435) Running with 16 wavefront(s) per workgroup and 108 workgroup(s)
[INFO] (1743312443) Running with 16 wavefront(s) per workgroup and 109 workgroup(s)
[INFO] (1743312451) Running with 16 wavefront(s) per workgroup and 110 workgroup(s)
[INFO] (1743312460) Running with 16 wavefront(s) per workgroup and 111 workgroup(s)
[INFO] (1743312468) Running with 16 wavefront(s) per workgroup and 112 workgroup(s)
[INFO] (1743312476) Running with 16 wavefront(s) per workgroup and 113 workgroup(s)
[INFO] (1743312484) Running with 16 wavefront(s) per workgroup and 114 workgroup(s)
[INFO] (1743312493) Running with 16 wavefront(s) per workgroup and 115 workgroup(s)
[INFO] (1743312501) Running with 16 wavefront(s) per workgroup and 116 workgroup(s)
[INFO] (1743312509) Running with 16 wavefront(s) per workgroup and 117 workgroup(s)
[INFO] (1743312518) Running with 16 wavefront(s) per workgroup and 118 workgroup(s)
[INFO] (1743312526) Running with 16 wavefront(s) per workgroup and 119 workgroup(s)
[INFO] (1743312534) Running with 16 wavefront(s) per workgroup and 120 workgroup(s)
[INFO] (1743312543) Running with 16 wavefront(s) per workgroup and 121 workgroup(s)
[INFO] (1743312551) Running with 16 wavefront(s) per workgroup and 122 workgroup(s)
[INFO] (1743312559) Running with 16 wavefront(s) per workgroup and 123 workgroup(s)
[INFO] (1743312568) Running with 16 wavefront(s) per workgroup and 124 workgroup(s)
[INFO] (1743312576) Running with 16 wavefront(s) per workgroup and 125 workgroup(s)
[INFO] (1743312584) Running with 16 wavefront(s) per workgroup and 126 workgroup(s)
[INFO] (1743312593) Running with 16 wavefront(s) per workgroup and 127 workgroup(s)
[INFO] (1743312601) Running with 16 wavefront(s) per workgroup and 128 workgroup(s)
[INFO] (1743312609) Running with 16 wavefront(s) per workgroup and 129 workgroup(s)
[INFO] (1743312617) Running with 16 wavefront(s) per workgroup and 130 workgroup(s)
[INFO] (1743312626) Running with 16 wavefront(s) per workgroup and 131 workgroup(s)
[INFO] (1743312634) Running with 16 wavefront(s) per workgroup and 132 workgroup(s)
[INFO] (1743312642) Running with 16 wavefront(s) per workgroup and 133 workgroup(s)
[INFO] (1743312651) Running with 16 wavefront(s) per workgroup and 134 workgroup(s)
[INFO] (1743312659) Running with 16 wavefront(s) per workgroup and 135 workgroup(s)
[INFO] (1743312667) Running with 16 wavefront(s) per workgroup and 136 workgroup(s)
[INFO] (1743312676) Running with 16 wavefront(s) per workgroup and 137 workgroup(s)
[INFO] (1743312684) Running with 16 wavefront(s) per workgroup and 138 workgroup(s)
[INFO] (1743312692) Running with 16 wavefront(s) per workgroup and 139 workgroup(s)
[INFO] (1743312701) Running with 16 wavefront(s) per workgroup and 140 workgroup(s)
[INFO] (1743312709) Running with 16 wavefront(s) per workgroup and 141 workgroup(s)
[INFO] (1743312717) Running with 16 wavefront(s) per workgroup and 142 workgroup(s)
[INFO] (1743312726) Running with 16 wavefront(s) per workgroup and 143 workgroup(s)
[INFO] (1743312734) Running with 16 wavefront(s) per workgroup and 144 workgroup(s)
[INFO] (1743312742) Running with 16 wavefront(s) per workgroup and 145 workgroup(s)
[INFO] (1743312751) Running with 16 wavefront(s) per workgroup and 146 workgroup(s)
[INFO] (1743312759) Running with 16 wavefront(s) per workgroup and 147 workgroup(s)
[INFO] (1743312768) Running with 16 wavefront(s) per workgroup and 148 workgroup(s)
[INFO] (1743312776) Running with 16 wavefront(s) per workgroup and 149 workgroup(s)
[INFO] (1743312784) Running with 16 wavefront(s) per workgroup and 150 workgroup(s)
[INFO] (1743312793) Running with 16 wavefront(s) per workgroup and 151 workgroup(s)
[INFO] (1743312801) Running with 16 wavefront(s) per workgroup and 152 workgroup(s)
[INFO] (1743312809) Running with 16 wavefront(s) per workgroup and 153 workgroup(s)
[INFO] (1743312818) Running with 16 wavefront(s) per workgroup and 154 workgroup(s)
[INFO] (1743312826) Running with 16 wavefront(s) per workgroup and 155 workgroup(s)
[INFO] (1743312834) Running with 16 wavefront(s) per workgroup and 156 workgroup(s)
[INFO] (1743312843) Running with 16 wavefront(s) per workgroup and 157 workgroup(s)
[INFO] (1743312851) Running with 16 wavefront(s) per workgroup and 158 workgroup(s)
[INFO] (1743312859) Running with 16 wavefront(s) per workgroup and 159 workgroup(s)
[INFO] (1743312868) Running with 16 wavefront(s) per workgroup and 160 workgroup(s)
[INFO] (1743312876) Running with 16 wavefront(s) per workgroup and 161 workgroup(s)
[INFO] (1743312884) Running with 16 wavefront(s) per workgroup and 162 workgroup(s)
[INFO] (1743312893) Running with 16 wavefront(s) per workgroup and 163 workgroup(s)
[INFO] (1743312901) Running with 16 wavefront(s) per workgroup and 164 workgroup(s)
[INFO] (1743312910) Running with 16 wavefront(s) per workgroup and 165 workgroup(s)
[INFO] (1743312918) Running with 16 wavefront(s) per workgroup and 166 workgroup(s)
[INFO] (1743312926) Running with 16 wavefront(s) per workgroup and 167 workgroup(s)
[INFO] (1743312935) Running with 16 wavefront(s) per workgroup and 168 workgroup(s)
[INFO] (1743312943) Running with 16 wavefront(s) per workgroup and 169 workgroup(s)
[INFO] (1743312951) Running with 16 wavefront(s) per workgroup and 170 workgroup(s)
[INFO] (1743312960) Running with 16 wavefront(s) per workgroup and 171 workgroup(s)
[INFO] (1743312968) Running with 16 wavefront(s) per workgroup and 172 workgroup(s)
[INFO] (1743312977) Running with 16 wavefront(s) per workgroup and 173 workgroup(s)
[INFO] (1743312985) Running with 16 wavefront(s) per workgroup and 174 workgroup(s)
[INFO] (1743312993) Running with 16 wavefront(s) per workgroup and 175 workgroup(s)
[INFO] (1743313002) Running with 16 wavefront(s) per workgroup and 176 workgroup(s)
[INFO] (1743313010) Running with 16 wavefront(s) per workgroup and 177 workgroup(s)
[INFO] (1743313018) Running with 16 wavefront(s) per workgroup and 178 workgroup(s)
[INFO] (1743313027) Running with 16 wavefront(s) per workgroup and 179 workgroup(s)
[INFO] (1743313035) Running with 16 wavefront(s) per workgroup and 180 workgroup(s)
[INFO] (1743313044) Running with 16 wavefront(s) per workgroup and 181 workgroup(s)
[INFO] (1743313052) Running with 16 wavefront(s) per workgroup and 182 workgroup(s)
[INFO] (1743313060) Running with 16 wavefront(s) per workgroup and 183 workgroup(s)
[INFO] (1743313069) Running with 16 wavefront(s) per workgroup and 184 workgroup(s)
[INFO] (1743313077) Running with 16 wavefront(s) per workgroup and 185 workgroup(s)
[INFO] (1743313085) Running with 16 wavefront(s) per workgroup and 186 workgroup(s)
[INFO] (1743313094) Running with 16 wavefront(s) per workgroup and 187 workgroup(s)
[INFO] (1743313102) Running with 16 wavefront(s) per workgroup and 188 workgroup(s)
[INFO] (1743313111) Running with 16 wavefront(s) per workgroup and 189 workgroup(s)
[INFO] (1743313119) Running with 16 wavefront(s) per workgroup and 190 workgroup(s)
[INFO] (1743313127) Running with 16 wavefront(s) per workgroup and 191 workgroup(s)
[INFO] (1743313136) Running with 16 wavefront(s) per workgroup and 192 workgroup(s)
[INFO] (1743313144) Running with 16 wavefront(s) per workgroup and 193 workgroup(s)
[INFO] (1743313153) Running with 16 wavefront(s) per workgroup and 194 workgroup(s)
[INFO] (1743313161) Running with 16 wavefront(s) per workgroup and 195 workgroup(s)
[INFO] (1743313169) Running with 16 wavefront(s) per workgroup and 196 workgroup(s)
[INFO] (1743313178) Running with 16 wavefront(s) per workgroup and 197 workgroup(s)
[INFO] (1743313186) Running with 16 wavefront(s) per workgroup and 198 workgroup(s)
[INFO] (1743313195) Running with 16 wavefront(s) per workgroup and 199 workgroup(s)
[INFO] (1743313203) Running with 16 wavefront(s) per workgroup and 200 workgroup(s)
[INFO] (1743313211) Running with 16 wavefront(s) per workgroup and 201 workgroup(s)
[INFO] (1743313220) Running with 16 wavefront(s) per workgroup and 202 workgroup(s)
[INFO] (1743313228) Running with 16 wavefront(s) per workgroup and 203 workgroup(s)
[INFO] (1743313237) Running with 16 wavefront(s) per workgroup and 204 workgroup(s)
[INFO] (1743313245) Running with 16 wavefront(s) per workgroup and 205 workgroup(s)
[INFO] (1743313253) Running with 16 wavefront(s) per workgroup and 206 workgroup(s)
[INFO] (1743313262) Running with 16 wavefront(s) per workgroup and 207 workgroup(s)
[INFO] (1743313270) Running with 16 wavefront(s) per workgroup and 208 workgroup(s)
[INFO] (1743313279) Running with 16 wavefront(s) per workgroup and 209 workgroup(s)
[INFO] (1743313287) Running with 16 wavefront(s) per workgroup and 210 workgroup(s)
[INFO] (1743313295) Running with 16 wavefront(s) per workgroup and 211 workgroup(s)
[INFO] (1743313304) Running with 16 wavefront(s) per workgroup and 212 workgroup(s)
[INFO] (1743313312) Running with 16 wavefront(s) per workgroup and 213 workgroup(s)
[INFO] (1743313321) Running with 16 wavefront(s) per workgroup and 214 workgroup(s)
[INFO] (1743313329) Running with 16 wavefront(s) per workgroup and 215 workgroup(s)
[INFO] (1743313338) Running with 16 wavefront(s) per workgroup and 216 workgroup(s)
[INFO] (1743313346) Running with 16 wavefront(s) per workgroup and 217 workgroup(s)
[INFO] (1743313354) Running with 16 wavefront(s) per workgroup and 218 workgroup(s)
[INFO] (1743313363) Running with 16 wavefront(s) per workgroup and 219 workgroup(s)
[INFO] (1743313371) Running with 16 wavefront(s) per workgroup and 220 workgroup(s)
[INFO] (1743313380) Running with 16 wavefront(s) per workgroup and 221 workgroup(s)
[INFO] (1743313388) Running with 16 wavefront(s) per workgroup and 222 workgroup(s)
[INFO] (1743313396) Running with 16 wavefront(s) per workgroup and 223 workgroup(s)
[INFO] (1743313405) Running with 16 wavefront(s) per workgroup and 224 workgroup(s)
[INFO] (1743313413) Running with 16 wavefront(s) per workgroup and 225 workgroup(s)
[INFO] (1743313422) Running with 16 wavefront(s) per workgroup and 226 workgroup(s)
[INFO] (1743313430) Running with 16 wavefront(s) per workgroup and 227 workgroup(s)
[INFO] (1743313439) Running with 16 wavefront(s) per workgroup and 228 workgroup(s)
[INFO] (1743313447) Running with 16 wavefront(s) per workgroup and 229 workgroup(s)
[INFO] (1743313455) Running with 16 wavefront(s) per workgroup and 230 workgroup(s)
[INFO] (1743313464) Running with 16 wavefront(s) per workgroup and 231 workgroup(s)
[INFO] (1743313472) Running with 16 wavefront(s) per workgroup and 232 workgroup(s)
[INFO] (1743313481) Running with 16 wavefront(s) per workgroup and 233 workgroup(s)
[INFO] (1743313489) Running with 16 wavefront(s) per workgroup and 234 workgroup(s)
[INFO] (1743313498) Running with 16 wavefront(s) per workgroup and 235 workgroup(s)
[INFO] (1743313506) Running with 16 wavefront(s) per workgroup and 236 workgroup(s)
[INFO] (1743313515) Running with 16 wavefront(s) per workgroup and 237 workgroup(s)
[INFO] (1743313523) Running with 16 wavefront(s) per workgroup and 238 workgroup(s)
[INFO] (1743313531) Running with 16 wavefront(s) per workgroup and 239 workgroup(s)
[INFO] (1743313540) Running with 16 wavefront(s) per workgroup and 240 workgroup(s)
[INFO] (1743313548) Running with 16 wavefront(s) per workgroup and 241 workgroup(s)
[INFO] (1743313557) Running with 16 wavefront(s) per workgroup and 242 workgroup(s)
[INFO] (1743313565) Running with 16 wavefront(s) per workgroup and 243 workgroup(s)
[INFO] (1743313574) Running with 16 wavefront(s) per workgroup and 244 workgroup(s)
[INFO] (1743313582) Running with 16 wavefront(s) per workgroup and 245 workgroup(s)
[INFO] (1743313591) Running with 16 wavefront(s) per workgroup and 246 workgroup(s)
[INFO] (1743313599) Running with 16 wavefront(s) per workgroup and 247 workgroup(s)
[INFO] (1743313607) Running with 16 wavefront(s) per workgroup and 248 workgroup(s)
[INFO] (1743313616) Running with 16 wavefront(s) per workgroup and 249 workgroup(s)
[INFO] (1743313624) Running with 16 wavefront(s) per workgroup and 250 workgroup(s)
[INFO] (1743313633) Running with 16 wavefront(s) per workgroup and 251 workgroup(s)
[INFO] (1743313641) Running with 16 wavefront(s) per workgroup and 252 workgroup(s)
[INFO] (1743313650) Running with 16 wavefront(s) per workgroup and 253 workgroup(s)
[INFO] (1743313658) Running with 16 wavefront(s) per workgroup and 254 workgroup(s)
[INFO] (1743313667) Running with 16 wavefront(s) per workgroup and 255 workgroup(s)
[INFO] (1743313675) Running with 16 wavefront(s) per workgroup and 256 workgroup(s)
[INFO] (1743313684) Running with 16 wavefront(s) per workgroup and 257 workgroup(s)
[INFO] (1743313692) Running with 16 wavefront(s) per workgroup and 258 workgroup(s)
[INFO] (1743313701) Running with 16 wavefront(s) per workgroup and 259 workgroup(s)
[INFO] (1743313709) Running with 16 wavefront(s) per workgroup and 260 workgroup(s)
[INFO] (1743313717) Running with 16 wavefront(s) per workgroup and 261 workgroup(s)
[INFO] (1743313726) Running with 16 wavefront(s) per workgroup and 262 workgroup(s)
[INFO] (1743313734) Running with 16 wavefront(s) per workgroup and 263 workgroup(s)
[INFO] (1743313743) Running with 16 wavefront(s) per workgroup and 264 workgroup(s)
[INFO] (1743313751) Running with 16 wavefront(s) per workgroup and 265 workgroup(s)
[INFO] (1743313760) Running with 16 wavefront(s) per workgroup and 266 workgroup(s)
[INFO] (1743313768) Running with 16 wavefront(s) per workgroup and 267 workgroup(s)
[INFO] (1743313777) Running with 16 wavefront(s) per workgroup and 268 workgroup(s)
[INFO] (1743313785) Running with 16 wavefront(s) per workgroup and 269 workgroup(s)
[INFO] (1743313794) Running with 16 wavefront(s) per workgroup and 270 workgroup(s)
[INFO] (1743313802) Running with 16 wavefront(s) per workgroup and 271 workgroup(s)
[INFO] (1743313811) Running with 16 wavefront(s) per workgroup and 272 workgroup(s)
[INFO] (1743313819) Running with 16 wavefront(s) per workgroup and 273 workgroup(s)
[INFO] (1743313828) Running with 16 wavefront(s) per workgroup and 274 workgroup(s)
[INFO] (1743313836) Running with 16 wavefront(s) per workgroup and 275 workgroup(s)
[INFO] (1743313845) Running with 16 wavefront(s) per workgroup and 276 workgroup(s)
[INFO] (1743313853) Running with 16 wavefront(s) per workgroup and 277 workgroup(s)
[INFO] (1743313862) Running with 16 wavefront(s) per workgroup and 278 workgroup(s)
[INFO] (1743313870) Running with 16 wavefront(s) per workgroup and 279 workgroup(s)
[INFO] (1743313879) Running with 16 wavefront(s) per workgroup and 280 workgroup(s)
[INFO] (1743313887) Running with 16 wavefront(s) per workgroup and 281 workgroup(s)
[INFO] (1743313896) Running with 16 wavefront(s) per workgroup and 282 workgroup(s)
[INFO] (1743313904) Running with 16 wavefront(s) per workgroup and 283 workgroup(s)
[INFO] (1743313913) Running with 16 wavefront(s) per workgroup and 284 workgroup(s)
[INFO] (1743313921) Running with 16 wavefront(s) per workgroup and 285 workgroup(s)
[INFO] (1743313930) Running with 16 wavefront(s) per workgroup and 286 workgroup(s)
[INFO] (1743313938) Running with 16 wavefront(s) per workgroup and 287 workgroup(s)
[INFO] (1743313947) Running with 16 wavefront(s) per workgroup and 288 workgroup(s)
[INFO] (1743313955) Running with 16 wavefront(s) per workgroup and 289 workgroup(s)
[INFO] (1743313964) Running with 16 wavefront(s) per workgroup and 290 workgroup(s)
[INFO] (1743313972) Running with 16 wavefront(s) per workgroup and 291 workgroup(s)
[INFO] (1743313981) Running with 16 wavefront(s) per workgroup and 292 workgroup(s)
[INFO] (1743313989) Running with 16 wavefront(s) per workgroup and 293 workgroup(s)
[INFO] (1743313998) Running with 16 wavefront(s) per workgroup and 294 workgroup(s)
[INFO] (1743314006) Running with 16 wavefront(s) per workgroup and 295 workgroup(s)
[INFO] (1743314015) Running with 16 wavefront(s) per workgroup and 296 workgroup(s)
[INFO] (1743314023) Running with 16 wavefront(s) per workgroup and 297 workgroup(s)
[INFO] (1743314032) Running with 16 wavefront(s) per workgroup and 298 workgroup(s)
[INFO] (1743314040) Running with 16 wavefront(s) per workgroup and 299 workgroup(s)
[INFO] (1743314049) Running with 16 wavefront(s) per workgroup and 300 workgroup(s)
[INFO] (1743314057) Running with 16 wavefront(s) per workgroup and 301 workgroup(s)
[INFO] (1743314066) Running with 16 wavefront(s) per workgroup and 302 workgroup(s)
[INFO] (1743314074) Running with 16 wavefront(s) per workgroup and 303 workgroup(s)
[INFO] (1743314083) Running with 16 wavefront(s) per workgroup and 304 workgroup(s)
Result V_ADD1 with fp64
n_iter, n_thread, n_wg, n_wf, wf_size, wg_size, n_flops, n_bytes, time_ms, gflop/s, avg_clock, max_clock, min_clock, stdev_clock 
1073741824, 1024, 1, 16, 64, 1024, 1099511627776, 8192, 8208.73, 133.944, 1.07479e+10, 17190343692, 4305462760, 1.09527 
1073741824, 2048, 2, 16, 64, 1024, 2199023255552, 16384, 8231.62, 267.144, 1.07479e+10, 17190343560, 4305460236, 1.09527 
1073741824, 3072, 3, 16, 64, 1024, 3298534883328, 24576, 8230.05, 400.791, 1.07479e+10, 17190343468, 4305457096, 1.09527 
1073741824, 4096, 4, 16, 64, 1024, 4398046511104, 32768, 8232.54, 534.227, 1.07479e+10, 17190343572, 4305457272, 1.09527 
1073741824, 5120, 5, 16, 64, 1024, 5497558138880, 40960, 8229.72, 668.012, 1.07479e+10, 17190343348, 4305457000, 1.09527 
1073741824, 6144, 6, 16, 64, 1024, 6597069766656, 49152, 8231.85, 801.408, 1.07479e+10, 17190343592, 4305456148, 1.09527 
1073741824, 7168, 7, 16, 64, 1024, 7696581394432, 57344, 8232.02, 934.957, 1.07479e+10, 17190343568, 4305456100, 1.09527 
1073741824, 8192, 8, 16, 64, 1024, 8796093022208, 65536, 8228.08, 1069.03, 1.07479e+10, 17190343424, 4305456068, 1.09527 
1073741824, 9216, 9, 16, 64, 1024, 9895604649984, 73728, 8234.04, 1201.79, 1.07479e+10, 17190343636, 4305456128, 1.09527 
1073741824, 10240, 10, 16, 64, 1024, 10995116277760, 81920, 8233.91, 1335.35, 1.07479e+10, 17190343220, 4305456092, 1.09527 
1073741824, 11264, 11, 16, 64, 1024, 12094627905536, 90112, 8238.22, 1468.11, 1.07479e+10, 17190343320, 4305456112, 1.09527 
1073741824, 12288, 12, 16, 64, 1024, 13194139533312, 98304, 8236.91, 1601.83, 1.07479e+10, 17190343328, 4305456112, 1.09527 
1073741824, 13312, 13, 16, 64, 1024, 14293651161088, 106496, 8234.8, 1735.76, 1.07479e+10, 17190343756, 4305456132, 1.09527 
1073741824, 14336, 14, 16, 64, 1024, 15393162788864, 114688, 8234.31, 1869.39, 1.07479e+10, 17190343784, 4305456224, 1.09527 
1073741824, 15360, 15, 16, 64, 1024, 16492674416640, 122880, 8233.28, 2003.17, 1.07479e+10, 17190343248, 4305456112, 1.09527 
1073741824, 16384, 16, 16, 64, 1024, 17592186044416, 131072, 8233.91, 2136.55, 1.07479e+10, 17190343296, 4305456124, 1.09527 
1073741824, 17408, 17, 16, 64, 1024, 18691697672192, 139264, 8236.15, 2269.47, 1.07479e+10, 17190343316, 4305456148, 1.09527 
1073741824, 18432, 18, 16, 64, 1024, 19791209299968, 147456, 8237.76, 2402.5, 1.07479e+10, 17190343276, 4305456240, 1.09527 
1073741824, 19456, 19, 16, 64, 1024, 20890720927744, 155648, 8229.76, 2538.44, 1.07479e+10, 17190344168, 4305456128, 1.09527 
1073741824, 20480, 20, 16, 64, 1024, 21990232555520, 163840, 8235.95, 2670.03, 1.07479e+10, 17190343284, 4305456104, 1.09527 
1073741824, 21504, 21, 16, 64, 1024, 23089744183296, 172032, 8238.65, 2802.61, 1.07479e+10, 17190344000, 4305456232, 1.09527 
1073741824, 22528, 22, 16, 64, 1024, 24189255811072, 180224, 8238.99, 2935.95, 1.07479e+10, 17190343716, 4305456008, 1.09527 
1073741824, 23552, 23, 16, 64, 1024, 25288767438848, 188416, 8237.23, 3070.06, 1.07479e+10, 17190343360, 4305456028, 1.09527 
1073741824, 24576, 24, 16, 64, 1024, 26388279066624, 196608, 8239.1, 3202.81, 1.07479e+10, 17190343888, 4305455964, 1.09527 
1073741824, 25600, 25, 16, 64, 1024, 27487790694400, 204800, 8240.99, 3335.5, 1.07479e+10, 17190343304, 4305456012, 1.09527 
1073741824, 26624, 26, 16, 64, 1024, 28587302322176, 212992, 8239.9, 3469.37, 1.07479e+10, 17190343156, 4305455968, 1.09527 
1073741824, 27648, 27, 16, 64, 1024, 29686813949952, 221184, 8240.19, 3602.68, 1.07479e+10, 17190343948, 4305455948, 1.09527 
1073741824, 28672, 28, 16, 64, 1024, 30786325577728, 229376, 8244.09, 3734.35, 1.07479e+10, 17190343220, 4305456000, 1.09527 
1073741824, 29696, 29, 16, 64, 1024, 31885837205504, 237568, 8241.3, 3869.03, 1.07479e+10, 17190343304, 4305456020, 1.09527 
1073741824, 30720, 30, 16, 64, 1024, 32985348833280, 245760, 8237.3, 4004.39, 1.07479e+10, 17190343516, 4305456020, 1.09527 
1073741824, 31744, 31, 16, 64, 1024, 34084860461056, 253952, 8231.33, 4140.87, 1.07479e+10, 17190343168, 4305456012, 1.09527 
1073741824, 32768, 32, 16, 64, 1024, 35184372088832, 262144, 8246.44, 4266.61, 1.07479e+10, 17190343216, 4305455976, 1.09527 
1073741824, 33792, 33, 16, 64, 1024, 36283883716608, 270336, 8249.46, 4398.33, 1.07479e+10, 17190343308, 4305456012, 1.09527 
1073741824, 34816, 34, 16, 64, 1024, 37383395344384, 278528, 8238.62, 4537.58, 1.07479e+10, 17190343092, 4305456012, 1.09527 
1073741824, 35840, 35, 16, 64, 1024, 38482906972160, 286720, 8242.41, 4668.89, 1.07479e+10, 17190343936, 4305456016, 1.09527 
1073741824, 36864, 36, 16, 64, 1024, 39582418599936, 294912, 8250.59, 4797.53, 1.07479e+10, 17190343920, 4305456012, 1.09527 
1073741824, 37888, 37, 16, 64, 1024, 40681930227712, 303104, 8249.79, 4931.27, 1.07479e+10, 17190343468, 4305455984, 1.09527 
1073741824, 38912, 38, 16, 64, 1024, 41781441855488, 311296, 8249.14, 5064.95, 1.07479e+10, 17190343288, 4305456008, 1.09527 
1073741824, 39936, 39, 16, 64, 1024, 42880953483264, 319488, 8254.41, 5194.92, 1.07479e+10, 17190343184, 4305456008, 1.09527 
1073741824, 40960, 40, 16, 64, 1024, 43980465111040, 327680, 8234.17, 5341.21, 1.07479e+10, 17190343152, 4305455968, 1.09527 
1073741824, 41984, 41, 16, 64, 1024, 45079976738816, 335872, 8250.47, 5463.93, 1.07479e+10, 17190343204, 4305456008, 1.09527 
1073741824, 43008, 42, 16, 64, 1024, 46179488366592, 344064, 8247.88, 5598.95, 1.07479e+10, 17190343140, 4305456012, 1.09527 
1073741824, 44032, 43, 16, 64, 1024, 47278999994368, 352256, 8253.91, 5728.07, 1.07479e+10, 17190344040, 4305456004, 1.09527 
1073741824, 45056, 44, 16, 64, 1024, 48378511622144, 360448, 8253.75, 5861.4, 1.07479e+10, 17190343444, 4305456016, 1.09527 
1073741824, 46080, 45, 16, 64, 1024, 49478023249920, 368640, 8255.15, 5993.6, 1.07479e+10, 17190344064, 4305456020, 1.09527 
1073741824, 47104, 46, 16, 64, 1024, 50577534877696, 376832, 8249.79, 6130.77, 1.07479e+10, 17190343292, 4305455988, 1.09527 
1073741824, 48128, 47, 16, 64, 1024, 51677046505472, 385024, 8236.96, 6273.8, 1.07479e+10, 17190343236, 4305455960, 1.09527 
1073741824, 49152, 48, 16, 64, 1024, 52776558133248, 393216, 8256.48, 6392.14, 1.07479e+10, 17190343980, 4305455948, 1.09527 
1073741824, 50176, 49, 16, 64, 1024, 53876069761024, 401408, 8255.89, 6525.77, 1.07479e+10, 17190343316, 4305456004, 1.09527 
1073741824, 51200, 50, 16, 64, 1024, 54975581388800, 409600, 8252.73, 6661.51, 1.07479e+10, 17190343108, 4305455988, 1.09527 
1073741824, 52224, 51, 16, 64, 1024, 56075093016576, 417792, 8258.56, 6789.94, 1.07479e+10, 17190343248, 4305455968, 1.09527 
1073741824, 53248, 52, 16, 64, 1024, 57174604644352, 425984, 8261.19, 6920.87, 1.07479e+10, 17190343880, 4305456008, 1.09527 
1073741824, 54272, 53, 16, 64, 1024, 58274116272128, 434176, 8245.6, 7067.3, 1.07479e+10, 17190343764, 4305455984, 1.09527 
1073741824, 55296, 54, 16, 64, 1024, 59373627899904, 442368, 8257.9, 7189.92, 1.07479e+10, 17190343472, 4305456024, 1.09527 
1073741824, 56320, 55, 16, 64, 1024, 60473139527680, 450560, 8258.3, 7322.71, 1.07479e+10, 17190344080, 4305455988, 1.09527 
1073741824, 57344, 56, 16, 64, 1024, 61572651155456, 458752, 8261.12, 7453.3, 1.07479e+10, 17190344032, 4305455900, 1.09527 
1073741824, 58368, 57, 16, 64, 1024, 62672162783232, 466944, 8249.85, 7596.76, 1.07479e+10, 17190343324, 4305455976, 1.09527 
1073741824, 59392, 58, 16, 64, 1024, 63771674411008, 475136, 8252.13, 7727.9, 1.07479e+10, 17190373400, 4305455984, 1.09527 
1073741824, 60416, 59, 16, 64, 1024, 64871186038784, 483328, 8255.57, 7857.87, 1.07479e+10, 17190343972, 4305455960, 1.09527 
1073741824, 61440, 60, 16, 64, 1024, 65970697666560, 491520, 8262.93, 7983.93, 1.07479e+10, 17190343672, 4305455980, 1.09527 
1073741824, 62464, 61, 16, 64, 1024, 67070209294336, 499712, 8261.78, 8118.13, 1.07479e+10, 17190343300, 4305455968, 1.09527 
1073741824, 63488, 62, 16, 64, 1024, 68169720922112, 507904, 8252.13, 8260.86, 1.07479e+10, 17190344208, 4305455980, 1.09527 
1073741824, 64512, 63, 16, 64, 1024, 69269232549888, 516096, 8259.56, 8386.55, 1.07479e+10, 17190349180, 4305455988, 1.09527 
1073741824, 65536, 64, 16, 64, 1024, 70368744177664, 524288, 8253.06, 8526.38, 1.07479e+10, 17190343148, 4305455980, 1.09527 
1073741824, 66560, 65, 16, 64, 1024, 71468255805440, 532480, 8262.21, 8650.01, 1.07479e+10, 17190343372, 4305456016, 1.09527 
1073741824, 67584, 66, 16, 64, 1024, 72567767433216, 540672, 8259.93, 8785.52, 1.07479e+10, 17190343172, 4305455968, 1.09527 
1073741824, 68608, 67, 16, 64, 1024, 73667279060992, 548864, 8261.47, 8916.97, 1.07479e+10, 17190345516, 4305455960, 1.09527 
1073741824, 69632, 68, 16, 64, 1024, 74766790688768, 557056, 8273.44, 9036.96, 1.07479e+10, 17190343192, 4305456008, 1.09527 
1073741824, 70656, 69, 16, 64, 1024, 75866302316544, 565248, 8265.65, 9178.5, 1.07479e+10, 17190343892, 4305455996, 1.09527 
1073741824, 71680, 70, 16, 64, 1024, 76965813944320, 573440, 8265.72, 9311.45, 1.07479e+10, 17190345480, 4305455996, 1.09527 
1073741824, 72704, 71, 16, 64, 1024, 78065325572096, 581632, 8261.02, 9449.84, 1.07479e+10, 17190343964, 4305456004, 1.09527 
1073741824, 73728, 72, 16, 64, 1024, 79164837199872, 589824, 8280.28, 9560.65, 1.07479e+10, 17190344396, 4305455960, 1.09527 
1073741824, 74752, 73, 16, 64, 1024, 80264348827648, 598016, 8269.43, 9706.15, 1.07479e+10, 17190343900, 4305456008, 1.09527 
1073741824, 75776, 74, 16, 64, 1024, 81363860455424, 606208, 8273.66, 9834.08, 1.07479e+10, 17190343180, 4305455988, 1.09527 
1073741824, 76800, 75, 16, 64, 1024, 82463372083200, 614400, 8264.95, 9977.49, 1.07479e+10, 17190343940, 4305455984, 1.09527 
1073741824, 77824, 76, 16, 64, 1024, 83562883710976, 622592, 8288.15, 10082.2, 1.07479e+10, 17190343384, 4305456020, 1.09527 
1073741824, 78848, 77, 16, 64, 1024, 84662395338752, 630784, 8272, 10234.8, 1.07479e+10, 17190343248, 4305455956, 1.09527 
1073741824, 79872, 78, 16, 64, 1024, 85761906966528, 638976, 8272.33, 10367.3, 1.07479e+10, 17190349168, 4305455984, 1.09527 
1073741824, 80896, 79, 16, 64, 1024, 86861418594304, 647168, 8269.16, 10504.3, 1.07479e+10, 17190343664, 4305455968, 1.09527 
1073741824, 81920, 80, 16, 64, 1024, 87960930222080, 655360, 8285.49, 10616.3, 1.07479e+10, 17190343212, 4305455976, 1.09527 
1073741824, 82944, 81, 16, 64, 1024, 89060441849856, 663552, 8276.1, 10761.2, 1.07479e+10, 17190358060, 4305455980, 1.09527 
1073741824, 83968, 82, 16, 64, 1024, 90159953477632, 671744, 8274.64, 10895.9, 1.07479e+10, 17190358176, 4305455980, 1.09527 
1073741824, 84992, 83, 16, 64, 1024, 91259465105408, 679936, 8277.2, 11025.4, 1.07479e+10, 17190343672, 4305455988, 1.09527 
1073741824, 86016, 84, 16, 64, 1024, 92358976733184, 688128, 8299.45, 11128.3, 1.07479e+10, 17190343488, 4305455968, 1.09527 
1073741824, 87040, 85, 16, 64, 1024, 93458488360960, 696320, 8277.79, 11290.3, 1.07479e+10, 17190343416, 4305456016, 1.09527 
1073741824, 88064, 86, 16, 64, 1024, 94557999988736, 704512, 8278.91, 11421.6, 1.07479e+10, 17190343572, 4305455976, 1.09527 
1073741824, 89088, 87, 16, 64, 1024, 95657511616512, 712704, 8290.6, 11538.1, 1.07479e+10, 17190343640, 4305455992, 1.09527 
1073741824, 90112, 88, 16, 64, 1024, 96757023244288, 720896, 8286.46, 11676.5, 1.07479e+10, 17190343176, 4305455916, 1.09527 
1073741824, 91136, 89, 16, 64, 1024, 97856534872064, 729088, 8280.42, 11817.8, 1.07479e+10, 17190343308, 4305455992, 1.09527 
1073741824, 92160, 90, 16, 64, 1024, 98956046499840, 737280, 8287.55, 11940.3, 1.07479e+10, 17190343156, 4305455972, 1.09527 
1073741824, 93184, 91, 16, 64, 1024, 100055558127616, 745472, 8299.1, 12056.2, 1.07479e+10, 17190343384, 4305455948, 1.09527 
1073741824, 94208, 92, 16, 64, 1024, 101155069755392, 753664, 8283.95, 12211, 1.07479e+10, 17190343508, 4305455972, 1.09527 
1073741824, 95232, 93, 16, 64, 1024, 102254581383168, 761856, 8288.62, 12336.7, 1.07479e+10, 17190343300, 4305455984, 1.09527 
1073741824, 96256, 94, 16, 64, 1024, 103354093010944, 770048, 8295.2, 12459.5, 1.07479e+10, 17190343296, 4305455964, 1.09527 
1073741824, 97280, 95, 16, 64, 1024, 104453604638720, 778240, 8286.81, 12604.8, 1.07479e+10, 17190344400, 4305455972, 1.09527 
1073741824, 98304, 96, 16, 64, 1024, 105553116266496, 786432, 8286.12, 12738.5, 1.07479e+10, 17190344320, 4305455992, 1.09527 
1073741824, 99328, 97, 16, 64, 1024, 106652627894272, 794624, 8287.35, 12869.3, 1.07479e+10, 17190343904, 4305455964, 1.09527 
1073741824, 100352, 98, 16, 64, 1024, 107752139522048, 802816, 8296.87, 12987.1, 1.07479e+10, 17190343808, 4305455944, 1.09527 
1073741824, 101376, 99, 16, 64, 1024, 108851651149824, 811008, 8290.41, 13129.8, 1.07479e+10, 17190344084, 4305455924, 1.09527 
1073741824, 102400, 100, 16, 64, 1024, 109951162777600, 819200, 8297.06, 13251.8, 1.07479e+10, 17190353108, 4305456004, 1.09527 
1073741824, 103424, 101, 16, 64, 1024, 111050674405376, 827392, 8295.63, 13386.6, 1.07479e+10, 17190345508, 4305455984, 1.09527 
1073741824, 104448, 102, 16, 64, 1024, 112150186033152, 835584, 8295.25, 13519.8, 1.07479e+10, 17190343652, 4305456008, 1.09527 
1073741824, 105472, 103, 16, 64, 1024, 113249697660928, 843776, 8287.23, 13665.6, 1.07479e+10, 17190343860, 4305455980, 1.09527 
1073741824, 106496, 104, 16, 64, 1024, 114349209288704, 851968, 8296.62, 13782.6, 1.07479e+10, 17190343240, 4305455984, 1.09527 
1073741824, 107520, 105, 16, 64, 1024, 115448720916480, 860160, 8295.32, 13917.3, 1.07479e+10, 17190343272, 4305456012, 1.09527 
1073741824, 108544, 106, 16, 64, 1024, 116548232544256, 868352, 8298.17, 14045.1, 1.07479e+10, 17190344216, 4305455988, 1.09527 
1073741824, 109568, 107, 16, 64, 1024, 117647744172032, 876544, 8301.47, 14171.9, 1.07479e+10, 17190344036, 4305456016, 1.09527 
1073741824, 110592, 108, 16, 64, 1024, 118747255799808, 884736, 8294.59, 14316.2, 1.07479e+10, 17190350552, 4305456008, 1.09527 
1073741824, 111616, 109, 16, 64, 1024, 119846767427584, 892928, 8296.03, 14446.3, 1.07479e+10, 17190343404, 4305455992, 1.09527 
1073741824, 112640, 110, 16, 64, 1024, 120946279055360, 901120, 8317.69, 14540.8, 1.07479e+10, 17190345500, 4305455992, 1.09527 
1073741824, 113664, 111, 16, 64, 1024, 122045790683136, 909312, 8299.85, 14704.6, 1.07479e+10, 17190343740, 4305456000, 1.09527 
1073741824, 114688, 112, 16, 64, 1024, 123145302310912, 917504, 8302.76, 14831.9, 1.07479e+10, 17190343176, 4305455956, 1.09527 
1073741824, 115712, 113, 16, 64, 1024, 124244813938688, 925696, 8311.71, 14948.2, 1.07479e+10, 17190345552, 4305455972, 1.09527 
1073741824, 116736, 114, 16, 64, 1024, 125344325566464, 933888, 8307.34, 15088.4, 1.07479e+10, 17190343956, 4305455972, 1.09527 
1073741824, 117760, 115, 16, 64, 1024, 126443837194240, 942080, 8306.78, 15221.8, 1.07479e+10, 17190353884, 4305455920, 1.09527 
1073741824, 118784, 116, 16, 64, 1024, 127543348822016, 950272, 8311.07, 15346.2, 1.07479e+10, 17190343396, 4305455976, 1.09527 
1073741824, 119808, 117, 16, 64, 1024, 128642860449792, 958464, 8308.9, 15482.5, 1.07479e+10, 17190343660, 4305455972, 1.09527 
1073741824, 120832, 118, 16, 64, 1024, 129742372077568, 966656, 8320.69, 15592.7, 1.07479e+10, 17190343928, 4305455980, 1.09527 
1073741824, 121856, 119, 16, 64, 1024, 130841883705344, 974848, 8306.56, 15751.6, 1.07479e+10, 17190346852, 4305456004, 1.09527 
1073741824, 122880, 120, 16, 64, 1024, 131941395333120, 983040, 8312.69, 15872.3, 1.07479e+10, 17190343808, 4305455960, 1.09527 
1073741824, 123904, 121, 16, 64, 1024, 133040906960896, 991232, 8314.76, 16000.6, 1.07479e+10, 17190343272, 4305455976, 1.09527 
1073741824, 124928, 122, 16, 64, 1024, 134140418588672, 999424, 8321.28, 16120.2, 1.07479e+10, 17190343576, 4305455984, 1.09527 
1073741824, 125952, 123, 16, 64, 1024, 135239930216448, 1007616, 8318.42, 16257.9, 1.07479e+10, 17190344080, 4305455960, 1.09527 
1073741824, 126976, 124, 16, 64, 1024, 136339441844224, 1015808, 8321.79, 16383.4, 1.07479e+10, 17190345752, 4305455972, 1.09527 
1073741824, 128000, 125, 16, 64, 1024, 137438953472000, 1024000, 8317.48, 16524.1, 1.07479e+10, 17190345276, 4305456692, 1.09527 
1073741824, 129024, 126, 16, 64, 1024, 138538465099776, 1032192, 8315.19, 16660.9, 1.07479e+10, 17190353224, 4305456052, 1.09527 
1073741824, 130048, 127, 16, 64, 1024, 139637976727552, 1040384, 8321.24, 16780.9, 1.07479e+10, 17190343972, 4305455996, 1.09527 
1073741824, 131072, 128, 16, 64, 1024, 140737488355328, 1048576, 8314.3, 16927.2, 1.07479e+10, 17190344004, 4305455960, 1.09527 
1073741824, 132096, 129, 16, 64, 1024, 141836999983104, 1056768, 8323.72, 17040.1, 1.07479e+10, 17190343288, 4305455948, 1.09527 
1073741824, 133120, 130, 16, 64, 1024, 142936511610880, 1064960, 8328.82, 17161.7, 1.07479e+10, 17190343616, 4305455976, 1.09527 
1073741824, 134144, 131, 16, 64, 1024, 144036023238656, 1073152, 8330.12, 17291, 1.07479e+10, 17190343620, 4305455968, 1.09527 
1073741824, 135168, 132, 16, 64, 1024, 145135534866432, 1081344, 8327.84, 17427.8, 1.07479e+10, 17190345788, 4305455980, 1.09527 
1073741824, 136192, 133, 16, 64, 1024, 146235046494208, 1089536, 8331.15, 17552.8, 1.07479e+10, 17190343352, 4305455972, 1.09527 
1073741824, 137216, 134, 16, 64, 1024, 147334558121984, 1097728, 8326.78, 17694.1, 1.07479e+10, 17190343324, 4305455952, 1.09527 
1073741824, 138240, 135, 16, 64, 1024, 148434069749760, 1105920, 8332.39, 17814.1, 1.07479e+10, 17190358032, 4305455960, 1.09527 
1073741824, 139264, 136, 16, 64, 1024, 149533581377536, 1114112, 8332.71, 17945.4, 1.07479e+10, 17190343300, 4305455964, 1.09527 
1073741824, 140288, 137, 16, 64, 1024, 150633093005312, 1122304, 8330.69, 18081.7, 1.07479e+10, 17190375948, 4305455972, 1.09527 
1073741824, 141312, 138, 16, 64, 1024, 151732604633088, 1130496, 8347.89, 18176.2, 1.07479e+10, 17190367664, 4305456004, 1.09527 
1073741824, 142336, 139, 16, 64, 1024, 152832116260864, 1138688, 8334.88, 18336.5, 1.07479e+10, 17190343812, 4305455980, 1.09527 
1073741824, 143360, 140, 16, 64, 1024, 153931627888640, 1146880, 8356.7, 18420.2, 1.07479e+10, 17190372816, 4305455920, 1.09527 
1073741824, 144384, 141, 16, 64, 1024, 155031139516416, 1155072, 8332.77, 18605, 1.07479e+10, 17190343532, 4305455988, 1.09527 
1073741824, 145408, 142, 16, 64, 1024, 156130651144192, 1163264, 8342.44, 18715.2, 1.07479e+10, 17190373392, 4305455980, 1.09527 
1073741824, 146432, 143, 16, 64, 1024, 157230162771968, 1171456, 8334.35, 18865.3, 1.07479e+10, 17190343488, 4305455956, 1.09527 
1073741824, 147456, 144, 16, 64, 1024, 158329674399744, 1179648, 8340.72, 18982.7, 1.07479e+10, 17190343444, 4305455936, 1.09527 
1073741824, 148480, 145, 16, 64, 1024, 159429186027520, 1187840, 8341.65, 19112.4, 1.07479e+10, 17190344020, 4305455976, 1.09527 
1073741824, 149504, 146, 16, 64, 1024, 160528697655296, 1196032, 8348.71, 19228, 1.07479e+10, 17190343276, 4305455976, 1.09527 
1073741824, 150528, 147, 16, 64, 1024, 161628209283072, 1204224, 8347.94, 19361.4, 1.07479e+10, 17190343300, 4305455908, 1.09527 
1073741824, 151552, 148, 16, 64, 1024, 162727720910848, 1212416, 8351.9, 19483.9, 1.07479e+10, 17190373096, 4305455972, 1.09527 
1073741824, 152576, 149, 16, 64, 1024, 163827232538624, 1220608, 8346.78, 19627.6, 1.07479e+10, 17190343928, 4305455972, 1.09527 
1073741824, 153600, 150, 16, 64, 1024, 164926744166400, 1228800, 8348.26, 19755.8, 1.07479e+10, 17190344004, 4305455936, 1.09527 
1073741824, 154624, 151, 16, 64, 1024, 166026255794176, 1236992, 8349.76, 19884, 1.07479e+10, 17190345708, 4305455960, 1.09527 
1073741824, 155648, 152, 16, 64, 1024, 167125767421952, 1245184, 8347.12, 20022, 1.07479e+10, 17190343296, 4305455900, 1.09527 
1073741824, 156672, 153, 16, 64, 1024, 168225279049728, 1253376, 8353.42, 20138.5, 1.07479e+10, 17190352996, 4305455972, 1.09527 
1073741824, 157696, 154, 16, 64, 1024, 169324790677504, 1261568, 8352.94, 20271.3, 1.07479e+10, 17190375536, 4305455952, 1.09527 
1073741824, 158720, 155, 16, 64, 1024, 170424302305280, 1269760, 8361.6, 20381.8, 1.07479e+10, 17190344340, 4305455948, 1.09527 
1073741824, 159744, 156, 16, 64, 1024, 171523813933056, 1277952, 8355.33, 20528.7, 1.07479e+10, 17190345492, 4305455932, 1.09527 
1073741824, 160768, 157, 16, 64, 1024, 172623325560832, 1286144, 8360.8, 20646.8, 1.07479e+10, 17190344028, 4305455960, 1.09527 
1073741824, 161792, 158, 16, 64, 1024, 173722837188608, 1294336, 8352.94, 20797.8, 1.07479e+10, 17190345544, 4305455980, 1.09527 
1073741824, 162816, 159, 16, 64, 1024, 174822348816384, 1302528, 8360.36, 20910.9, 1.07479e+10, 17190344552, 4305455960, 1.09527 
1073741824, 163840, 160, 16, 64, 1024, 175921860444160, 1310720, 8348.59, 21072, 1.07479e+10, 17190353004, 4305455968, 1.09527 
1073741824, 164864, 161, 16, 64, 1024, 177021372071936, 1318912, 8369.87, 21149.8, 1.07479e+10, 17190348096, 4305455976, 1.09527 
1073741824, 165888, 162, 16, 64, 1024, 178120883699712, 1327104, 8355.58, 21317.6, 1.07479e+10, 17190343296, 4305455940, 1.09527 
1073741824, 166912, 163, 16, 64, 1024, 179220395327488, 1335296, 8375.5, 21398.2, 1.07479e+10, 17190343300, 4305455916, 1.09527 
1073741824, 167936, 164, 16, 64, 1024, 180319906955264, 1343488, 8355.62, 21580.7, 1.07479e+10, 17190343412, 4305455980, 1.09527 
1073741824, 168960, 165, 16, 64, 1024, 181419418583040, 1351680, 8372.71, 21667.9, 1.07479e+10, 17190354352, 4305455976, 1.09527 
1073741824, 169984, 166, 16, 64, 1024, 182518930210816, 1359872, 8366.19, 21816.3, 1.07479e+10, 17190343328, 4305455976, 1.09527 
1073741824, 171008, 167, 16, 64, 1024, 183618441838592, 1368064, 8366.8, 21946.1, 1.07479e+10, 17190345472, 4305455964, 1.09527 
1073741824, 172032, 168, 16, 64, 1024, 184717953466368, 1376256, 8362.79, 22088.1, 1.07479e+10, 17190350816, 4305455904, 1.09527 
1073741824, 173056, 169, 16, 64, 1024, 185817465094144, 1384448, 8376.79, 22182.4, 1.07479e+10, 17190345456, 4305455956, 1.09527 
1073741824, 174080, 170, 16, 64, 1024, 186916976721920, 1392640, 8369.43, 22333.3, 1.07479e+10, 17190343256, 4305455964, 1.09527 
1073741824, 175104, 171, 16, 64, 1024, 188016488349696, 1400832, 8376.32, 22446.2, 1.07479e+10, 17190343844, 4305455948, 1.09527 
1073741824, 176128, 172, 16, 64, 1024, 189115999977472, 1409024, 8367.73, 22600.6, 1.07479e+10, 17190344156, 4305455956, 1.09527 
1073741824, 177152, 173, 16, 64, 1024, 190215511605248, 1417216, 8374.34, 22714.1, 1.07479e+10, 17190345468, 4305455964, 1.09527 
1073741824, 178176, 174, 16, 64, 1024, 191315023233024, 1425408, 8370.58, 22855.7, 1.07479e+10, 17190343808, 4305455972, 1.09527 
1073741824, 179200, 175, 16, 64, 1024, 192414534860800, 1433600, 8369.73, 22989.3, 1.07479e+10, 17190343520, 4305455972, 1.09527 
1073741824, 180224, 176, 16, 64, 1024, 193514046488576, 1441792, 8381.13, 23089.3, 1.07479e+10, 17190343824, 4305455960, 1.09527 
1073741824, 181248, 177, 16, 64, 1024, 194613558116352, 1449984, 8370.12, 23251, 1.07479e+10, 17190345640, 4305455960, 1.09527 
1073741824, 182272, 178, 16, 64, 1024, 195713069744128, 1458176, 8382.31, 23348.4, 1.07479e+10, 17190345504, 4305455964, 1.09527 
1073741824, 183296, 179, 16, 64, 1024, 196812581371904, 1466368, 8378.11, 23491.3, 1.07479e+10, 17190343444, 4305455964, 1.09527 
1073741824, 184320, 180, 16, 64, 1024, 197912092999680, 1474560, 8382.13, 23611.2, 1.07479e+10, 17190343936, 4305455892, 1.09527 
1073741824, 185344, 181, 16, 64, 1024, 199011604627456, 1482752, 8379.62, 23749.5, 1.07479e+10, 17190343440, 4305455964, 1.09527 
1073741824, 186368, 182, 16, 64, 1024, 200111116255232, 1490944, 8381.19, 23876.2, 1.07479e+10, 17190343740, 4305455960, 1.09527 
1073741824, 187392, 183, 16, 64, 1024, 201210627883008, 1499136, 8380.2, 24010.2, 1.07479e+10, 17190349616, 4305455960, 1.09527 
1073741824, 188416, 184, 16, 64, 1024, 202310139510784, 1507328, 8382.08, 24136, 1.07479e+10, 17190343868, 4305455960, 1.09527 
1073741824, 189440, 185, 16, 64, 1024, 203409651138560, 1515520, 8386.06, 24255.7, 1.07479e+10, 17190343352, 4305455944, 1.09527 
1073741824, 190464, 186, 16, 64, 1024, 204509162766336, 1523712, 8388.3, 24380.3, 1.07479e+10, 17190343388, 4305455972, 1.09527 
1073741824, 191488, 187, 16, 64, 1024, 205608674394112, 1531904, 8392.88, 24498, 1.07479e+10, 17190343804, 4305455956, 1.09527 
1073741824, 192512, 188, 16, 64, 1024, 206708186021888, 1540096, 8388.99, 24640.4, 1.07479e+10, 17190363324, 4305455968, 1.09527 
1073741824, 193536, 189, 16, 64, 1024, 207807697649664, 1548288, 8386.94, 24777.5, 1.07479e+10, 17190350592, 4305455968, 1.09527 
1073741824, 194560, 190, 16, 64, 1024, 208907209277440, 1556480, 8390.98, 24896.7, 1.07479e+10, 17190345532, 4305455976, 1.09527 
1073741824, 195584, 191, 16, 64, 1024, 210006720905216, 1564672, 8387.05, 25039.4, 1.07479e+10, 17190353304, 4305455920, 1.09527 
1073741824, 196608, 192, 16, 64, 1024, 211106232532992, 1572864, 8387.77, 25168.3, 1.07479e+10, 17190344132, 4305455952, 1.09527 
1073741824, 197632, 193, 16, 64, 1024, 212205744160768, 1581056, 8393.68, 25281.6, 1.07479e+10, 17190352976, 4305455916, 1.09527 
1073741824, 198656, 194, 16, 64, 1024, 213305255788544, 1589248, 8397.52, 25401, 1.07479e+10, 17190375928, 4305455968, 1.09527 
1073741824, 199680, 195, 16, 64, 1024, 214404767416320, 1597440, 8399.09, 25527.2, 1.07479e+10, 17190344528, 4305455928, 1.09527 
1073741824, 200704, 196, 16, 64, 1024, 215504279044096, 1605632, 8397.72, 25662.2, 1.07479e+10, 17190360720, 4305455916, 1.09527 
1073741824, 201728, 197, 16, 64, 1024, 216603790671872, 1613824, 8398.79, 25789.9, 1.07479e+10, 17190344056, 4305455968, 1.09527 
1073741824, 202752, 198, 16, 64, 1024, 217703302299648, 1622016, 8400.29, 25916.2, 1.07479e+10, 17190343600, 4305455904, 1.09527 
1073741824, 203776, 199, 16, 64, 1024, 218802813927424, 1630208, 8396.61, 26058.5, 1.07479e+10, 17190344016, 4305455904, 1.09527 
1073741824, 204800, 200, 16, 64, 1024, 219902325555200, 1638400, 8396.59, 26189.5, 1.07479e+10, 17190343380, 4305455920, 1.09527 
1073741824, 205824, 201, 16, 64, 1024, 221001837182976, 1646592, 8400.09, 26309.5, 1.07479e+10, 17190344024, 4305455968, 1.09527 
1073741824, 206848, 202, 16, 64, 1024, 222101348810752, 1654784, 8406.03, 26421.7, 1.07479e+10, 17190343884, 4305455964, 1.09527 
1073741824, 207872, 203, 16, 64, 1024, 223200860438528, 1662976, 8408.56, 26544.5, 1.07479e+10, 17190343392, 4305455928, 1.09527 
1073741824, 208896, 204, 16, 64, 1024, 224300372066304, 1671168, 8405.52, 26684.9, 1.07479e+10, 17190344100, 4305455944, 1.09527 
1073741824, 209920, 205, 16, 64, 1024, 225399883694080, 1679360, 8406.95, 26811.1, 1.07479e+10, 17190343840, 4305455952, 1.09527 
1073741824, 210944, 206, 16, 64, 1024, 226499395321856, 1687552, 8412.63, 26923.7, 1.07479e+10, 17190343340, 4305455928, 1.09527 
1073741824, 211968, 207, 16, 64, 1024, 227598906949632, 1695744, 8407.28, 27071.7, 1.07479e+10, 17190365816, 4305455936, 1.09527 
1073741824, 212992, 208, 16, 64, 1024, 228698418577408, 1703936, 8408.76, 27197.6, 1.07479e+10, 17190343784, 4305455920, 1.09527 
1073741824, 214016, 209, 16, 64, 1024, 229797930205184, 1712128, 8409.33, 27326.5, 1.07479e+10, 17190344012, 4305455996, 1.09527 
1073741824, 215040, 210, 16, 64, 1024, 230897441832960, 1720320, 8414.29, 27441.1, 1.07479e+10, 17190343388, 4305455968, 1.09527 
1073741824, 216064, 211, 16, 64, 1024, 231996953460736, 1728512, 8414.22, 27572, 1.07479e+10, 17190343844, 4305455936, 1.09527 
1073741824, 217088, 212, 16, 64, 1024, 233096465088512, 1736704, 8417.76, 27691, 1.07479e+10, 17190344220, 4305455976, 1.09527 
1073741824, 218112, 213, 16, 64, 1024, 234195976716288, 1744896, 8414.63, 27832, 1.07479e+10, 17190343864, 4305455940, 1.09527 
1073741824, 219136, 214, 16, 64, 1024, 235295488344064, 1753088, 8412.89, 27968.4, 1.07479e+10, 17190344012, 4305455976, 1.09527 
1073741824, 220160, 215, 16, 64, 1024, 236394999971840, 1761280, 8416.01, 28088.7, 1.07479e+10, 17190348224, 4305455920, 1.09527 
1073741824, 221184, 216, 16, 64, 1024, 237494511599616, 1769472, 8416.9, 28216.4, 1.07479e+10, 17190343400, 4305455928, 1.09527 
1073741824, 222208, 217, 16, 64, 1024, 238594023227392, 1777664, 8414.65, 28354.6, 1.07479e+10, 17190373312, 4305455960, 1.09527 
1073741824, 223232, 218, 16, 64, 1024, 239693534855168, 1785856, 8428.7, 28437.8, 1.07479e+10, 17190373060, 4305455968, 1.09527 
1073741824, 224256, 219, 16, 64, 1024, 240793046482944, 1794048, 8423.46, 28586, 1.07479e+10, 17190373468, 4305455904, 1.09527 
1073741824, 225280, 220, 16, 64, 1024, 241892558110720, 1802240, 8424.94, 28711.5, 1.07479e+10, 17190344204, 4305455956, 1.09527 
1073741824, 226304, 221, 16, 64, 1024, 242992069738496, 1810432, 8425.68, 28839.5, 1.07479e+10, 17190343816, 4305455920, 1.09527 
1073741824, 227328, 222, 16, 64, 1024, 244091581366272, 1818624, 8428.64, 28959.8, 1.07479e+10, 17190344032, 4305455952, 1.09527 
1073741824, 228352, 223, 16, 64, 1024, 245191092994048, 1826816, 8422.93, 29110, 1.07479e+10, 17190375956, 4305455952, 1.09527 
1073741824, 229376, 224, 16, 64, 1024, 246290604621824, 1835008, 8425.13, 29232.9, 1.07479e+10, 17190343428, 4305455916, 1.09527 
1073741824, 230400, 225, 16, 64, 1024, 247390116249600, 1843200, 8429.47, 29348.2, 1.07479e+10, 17190360708, 4305455980, 1.09527 
1073741824, 231424, 226, 16, 64, 1024, 248489627877376, 1851392, 8431.06, 29473.1, 1.07479e+10, 17190346344, 4305455924, 1.09527 
1073741824, 232448, 227, 16, 64, 1024, 249589139505152, 1859584, 8433.91, 29593.5, 1.07479e+10, 17190343308, 4305455920, 1.09527 
1073741824, 233472, 228, 16, 64, 1024, 250688651132928, 1867776, 8433.02, 29727, 1.07479e+10, 17190375740, 4305455912, 1.09527 
1073741824, 234496, 229, 16, 64, 1024, 251788162760704, 1875968, 8437.58, 29841.3, 1.07479e+10, 17190343704, 4305455972, 1.09527 
1073741824, 235520, 230, 16, 64, 1024, 252887674388480, 1884160, 8432.86, 29988.4, 1.07479e+10, 17190345492, 4305455912, 1.09527 
1073741824, 236544, 231, 16, 64, 1024, 253987186016256, 1892352, 8430.64, 30126.7, 1.07479e+10, 17190344428, 4305455888, 1.09527 
1073741824, 237568, 232, 16, 64, 1024, 255086697644032, 1900544, 8435.87, 30238.3, 1.07479e+10, 17190350520, 4305455944, 1.09527 
1073741824, 238592, 233, 16, 64, 1024, 256186209271808, 1908736, 8438.26, 30360.1, 1.07479e+10, 17190344024, 4305455924, 1.09527 
1073741824, 239616, 234, 16, 64, 1024, 257285720899584, 1916928, 8443.69, 30470.8, 1.07479e+10, 17190375916, 4305455916, 1.09527 
1073741824, 240640, 235, 16, 64, 1024, 258385232527360, 1925120, 8442.34, 30605.9, 1.07479e+10, 17190343600, 4305455900, 1.09527 
1073741824, 241664, 236, 16, 64, 1024, 259484744155136, 1933312, 8444.89, 30726.8, 1.07479e+10, 17190344308, 4305455960, 1.09527 
1073741824, 242688, 237, 16, 64, 1024, 260584255782912, 1941504, 8441.52, 30869.3, 1.07479e+10, 17190344104, 4305455920, 1.09527 
1073741824, 243712, 238, 16, 64, 1024, 261683767410688, 1949696, 8444.57, 30988.4, 1.07479e+10, 17190373720, 4305455916, 1.09527 
1073741824, 244736, 239, 16, 64, 1024, 262783279038464, 1957888, 8442.02, 31128, 1.07479e+10, 17190353016, 4305455968, 1.09527 
1073741824, 245760, 240, 16, 64, 1024, 263882790666240, 1966080, 8446.13, 31243.1, 1.07479e+10, 17190344224, 4305455948, 1.09527 
1073741824, 246784, 241, 16, 64, 1024, 264982302294016, 1974272, 8447.77, 31367.1, 1.07479e+10, 17190345484, 4305455924, 1.09527 
1073741824, 247808, 242, 16, 64, 1024, 266081813921792, 1982464, 8450.97, 31485.4, 1.07479e+10, 17190358468, 4305455948, 1.09527 
1073741824, 248832, 243, 16, 64, 1024, 267181325549568, 1990656, 8450.28, 31618, 1.07479e+10, 17190343296, 4305455948, 1.09527 
1073741824, 249856, 244, 16, 64, 1024, 268280837177344, 1998848, 8453.71, 31735.3, 1.07479e+10, 17190344032, 4305455932, 1.09527 
1073741824, 250880, 245, 16, 64, 1024, 269380348805120, 2007040, 8450.29, 31878.2, 1.07479e+10, 17190358036, 4305455932, 1.09527 
1073741824, 251904, 246, 16, 64, 1024, 270479860432896, 2015232, 8451.28, 32004.6, 1.07479e+10, 17190358040, 4305455952, 1.09527 
1073741824, 252928, 247, 16, 64, 1024, 271579372060672, 2023424, 8448.27, 32146.1, 1.07479e+10, 17190373388, 4305455960, 1.09527 
1073741824, 253952, 248, 16, 64, 1024, 272678883688448, 2031616, 8453.23, 32257.4, 1.07479e+10, 17190344520, 4305455944, 1.09527 
1073741824, 254976, 249, 16, 64, 1024, 273778395316224, 2039808, 8454.27, 32383.5, 1.07479e+10, 17190344080, 4305455972, 1.09527 
1073741824, 256000, 250, 16, 64, 1024, 274877906944000, 2048000, 8458.69, 32496.5, 1.07479e+10, 17190345552, 4305455928, 1.09527 
1073741824, 257024, 251, 16, 64, 1024, 275977418571776, 2056192, 8458.52, 32627.1, 1.07479e+10, 17190358572, 4305455912, 1.09527 
1073741824, 258048, 252, 16, 64, 1024, 277076930199552, 2064384, 8458.44, 32757.5, 1.07479e+10, 17190343716, 4305455952, 1.09527 
1073741824, 259072, 253, 16, 64, 1024, 278176441827328, 2072576, 8459.62, 32882.8, 1.07479e+10, 17190344680, 4305455944, 1.09527 
1073741824, 260096, 254, 16, 64, 1024, 279275953455104, 2080768, 8460.65, 33008.8, 1.07479e+10, 17190375896, 4305455956, 1.09527 
1073741824, 261120, 255, 16, 64, 1024, 280375465082880, 2088960, 8460.96, 33137.6, 1.07479e+10, 17190373652, 4305455940, 1.09527 
1073741824, 262144, 256, 16, 64, 1024, 281474976710656, 2097152, 8459.68, 33272.5, 1.07479e+10, 17190351464, 4305456500, 1.09527 
1073741824, 263168, 257, 16, 64, 1024, 282574488338432, 2105344, 8463.62, 33387, 1.07479e+10, 17190374260, 4305456564, 1.09527 
1073741824, 264192, 258, 16, 64, 1024, 283673999966208, 2113536, 8470.97, 33487.8, 1.07479e+10, 17190344592, 4305456596, 1.09527 
1073741824, 265216, 259, 16, 64, 1024, 284773511593984, 2121728, 8471.06, 33617.2, 1.07479e+10, 17190347640, 4305456616, 1.09527 
1073741824, 266240, 260, 16, 64, 1024, 285873023221760, 2129920, 8468.31, 33758, 1.07479e+10, 17190344636, 4305456640, 1.09527 
1073741824, 267264, 261, 16, 64, 1024, 286972534849536, 2138112, 8466.25, 33896.1, 1.07479e+10, 17190344956, 4305456676, 1.09527 
1073741824, 268288, 262, 16, 64, 1024, 288072046477312, 2146304, 8467.89, 34019.4, 1.07479e+10, 17190346836, 4305456568, 1.09527 
1073741824, 269312, 263, 16, 64, 1024, 289171558105088, 2154496, 8467.62, 34150.3, 1.07479e+10, 17190344464, 4305456532, 1.09527 
1073741824, 270336, 264, 16, 64, 1024, 290271069732864, 2162688, 8469.97, 34270.6, 1.07479e+10, 17190360328, 4305456584, 1.09527 
1073741824, 271360, 265, 16, 64, 1024, 291370581360640, 2170880, 8474.19, 34383.3, 1.07479e+10, 17190344476, 4305456660, 1.09527 
1073741824, 272384, 266, 16, 64, 1024, 292470092988416, 2179072, 8478.64, 34494.9, 1.07479e+10, 17190344716, 4305456592, 1.09527 
1073741824, 273408, 267, 16, 64, 1024, 293569604616192, 2187264, 8477.23, 34630.4, 1.07479e+10, 17190359308, 4305456552, 1.09527 
1073741824, 274432, 268, 16, 64, 1024, 294669116243968, 2195456, 8479.08, 34752.5, 1.07479e+10, 17190344320, 4305456584, 1.09527 
1073741824, 275456, 269, 16, 64, 1024, 295768627871744, 2203648, 8476.2, 34894, 1.07479e+10, 17190344892, 4305456652, 1.09527 
1073741824, 276480, 270, 16, 64, 1024, 296868139499520, 2211840, 8476.31, 35023.3, 1.07479e+10, 17190374340, 4305456624, 1.09527 
1073741824, 277504, 271, 16, 64, 1024, 297967651127296, 2220032, 8477.58, 35147.7, 1.07479e+10, 17190346724, 4305456592, 1.09527 
1073741824, 278528, 272, 16, 64, 1024, 299067162755072, 2228224, 8477.99, 35275.7, 1.07479e+10, 17190344704, 4305456556, 1.09527 
1073741824, 279552, 273, 16, 64, 1024, 300166674382848, 2236416, 8485.11, 35375.7, 1.07479e+10, 17190377348, 4305456588, 1.09527 
1073741824, 280576, 274, 16, 64, 1024, 301266186010624, 2244608, 8490.06, 35484.6, 1.07479e+10, 17190344572, 4305456632, 1.09527 
1073741824, 281600, 275, 16, 64, 1024, 302365697638400, 2252800, 8487.23, 35626, 1.07479e+10, 17190360296, 4305456580, 1.09527 
1073741824, 282624, 276, 16, 64, 1024, 303465209266176, 2260992, 8487.07, 35756.2, 1.07479e+10, 17190344764, 4305456556, 1.09527 
1073741824, 283648, 277, 16, 64, 1024, 304564720893952, 2269184, 8487.81, 35882.6, 1.07479e+10, 17190345468, 4305456656, 1.09527 
1073741824, 284672, 278, 16, 64, 1024, 305664232521728, 2277376, 8485.39, 36022.4, 1.07479e+10, 17190344488, 4305456628, 1.09527 
1073741824, 285696, 279, 16, 64, 1024, 306763744149504, 2285568, 8489.15, 36136, 1.07479e+10, 17190360776, 4305456576, 1.09527 
1073741824, 286720, 280, 16, 64, 1024, 307863255777280, 2293760, 8488.54, 36268.1, 1.07479e+10, 17190346556, 4305456572, 1.09527 
1073741824, 287744, 281, 16, 64, 1024, 308962767405056, 2301952, 8491.22, 36386.2, 1.07479e+10, 17190345296, 4305456632, 1.09527 
1073741824, 288768, 282, 16, 64, 1024, 310062279032832, 2310144, 8494.96, 36499.5, 1.07479e+10, 17190345196, 4305456596, 1.09527 
1073741824, 289792, 283, 16, 64, 1024, 311161790660608, 2318336, 8496.46, 36622.5, 1.07479e+10, 17190359756, 4305456632, 1.09527 
1073741824, 290816, 284, 16, 64, 1024, 312261302288384, 2326528, 8495.44, 36756.4, 1.07479e+10, 17190344428, 4305456588, 1.09527 
1073741824, 291840, 285, 16, 64, 1024, 313360813916160, 2334720, 8495.06, 36887.4, 1.07479e+10, 17190377716, 4305456624, 1.09527 
1073741824, 292864, 286, 16, 64, 1024, 314460325543936, 2342912, 8497.97, 37004.2, 1.07479e+10, 17190364008, 4305456640, 1.09527 
1073741824, 293888, 287, 16, 64, 1024, 315559837171712, 2351104, 8498.25, 37132.3, 1.07479e+10, 17190346440, 4305456596, 1.09527 
1073741824, 294912, 288, 16, 64, 1024, 316659348799488, 2359296, 8498.04, 37262.7, 1.07479e+10, 17190344412, 4305456612, 1.09527 
1073741824, 295936, 289, 16, 64, 1024, 317758860427264, 2367488, 8501.94, 37374.9, 1.07479e+10, 17190344664, 4305456628, 1.09527 
1073741824, 296960, 290, 16, 64, 1024, 318858372055040, 2375680, 8505.93, 37486.6, 1.07479e+10, 17190374904, 4305456612, 1.09527 
1073741824, 297984, 291, 16, 64, 1024, 319957883682816, 2383872, 8505.19, 37619.1, 1.07479e+10, 17190345648, 4305456580, 1.09527 
1073741824, 299008, 292, 16, 64, 1024, 321057395310592, 2392064, 8505.6, 37746.6, 1.07479e+10, 17190361768, 4305456616, 1.09527 
1073741824, 300032, 293, 16, 64, 1024, 322156906938368, 2400256, 8507.01, 37869.6, 1.07479e+10, 17190344548, 4305456616, 1.09527 
1073741824, 301056, 294, 16, 64, 1024, 323256418566144, 2408448, 8507.18, 37998.1, 1.07479e+10, 17190344440, 4305456552, 1.09527 
1073741824, 302080, 295, 16, 64, 1024, 324355930193920, 2416640, 8506.59, 38129.9, 1.07479e+10, 17190371952, 4305456600, 1.09527 
1073741824, 303104, 296, 16, 64, 1024, 325455441821696, 2424832, 8506.68, 38258.8, 1.07479e+10, 17190349204, 4305456664, 1.09527 
1073741824, 304128, 297, 16, 64, 1024, 326554953449472, 2433024, 8510.35, 38371.5, 1.07479e+10, 17190376616, 4305456620, 1.09527 
1073741824, 305152, 298, 16, 64, 1024, 327654465077248, 2441216, 8516.06, 38474.9, 1.07479e+10, 17190344416, 4305456584, 1.09527 
1073741824, 306176, 299, 16, 64, 1024, 328753976705024, 2449408, 8515.34, 38607.3, 1.07479e+10, 17190344432, 4305456564, 1.09527 
1073741824, 307200, 300, 16, 64, 1024, 329853488332800, 2457600, 8515.88, 38733.9, 1.07479e+10, 17190374556, 4305456644, 1.09527 
1073741824, 308224, 301, 16, 64, 1024, 330952999960576, 2465792, 8513.79, 38872.6, 1.07479e+10, 17190346808, 4305456604, 1.09527 
1073741824, 309248, 302, 16, 64, 1024, 332052511588352, 2473984, 8516.49, 38989.3, 1.07479e+10, 17190344628, 4305456628, 1.09527 
1073741824, 310272, 303, 16, 64, 1024, 333152023216128, 2482176, 8514.62, 39127.1, 1.07479e+10, 17190344860, 4305456656, 1.09527 
1073741824, 311296, 304, 16, 64, 1024, 334251534843904, 2490368, 8514.86, 39255.1, 1.07479e+10, 17190377064, 4305456612, 1.09527 
