[INFO] GPU Roofline Tools 
[INFO] Version 1.0.0 (C)2024 Bagus Hanindhito 
[INFO] Built for AMD Instinct MI300X (gfx942) GPUs
[INFO] Detected 8 HIP-capable device(s)
[INFO] +---+------------------------+----+----+-----------+--------------+--------------+
[INFO] |#  |Device Name             |CC  |#CU |Freq. (MHz)|Mem. Size (MB)|Mem. BW (GB/s)|
[INFO] +---+------------------------+----+----+-----------+--------------+--------------+
[INFO] |0  |AMD Instinct MI325X     |9.4 |304 |2100       |262128        |3072          |
[INFO] +---+------------------------+----+----+-----------+--------------+--------------+
[INFO] |1  |AMD Instinct MI325X     |9.4 |304 |2100       |262128        |3072          |
[INFO] +---+------------------------+----+----+-----------+--------------+--------------+
[INFO] |2  |AMD Instinct MI325X     |9.4 |304 |2100       |262128        |3072          |
[INFO] +---+------------------------+----+----+-----------+--------------+--------------+
[INFO] |3  |AMD Instinct MI325X     |9.4 |304 |2100       |262128        |3072          |
[INFO] +---+------------------------+----+----+-----------+--------------+--------------+
[INFO] |4  |AMD Instinct MI325X     |9.4 |304 |2100       |262128        |3072          |
[INFO] +---+------------------------+----+----+-----------+--------------+--------------+
[INFO] |5  |AMD Instinct MI325X     |9.4 |304 |2100       |262128        |3072          |
[INFO] +---+------------------------+----+----+-----------+--------------+--------------+
[INFO] |6  |AMD Instinct MI325X     |9.4 |304 |2100       |262128        |3072          |
[INFO] +---+------------------------+----+----+-----------+--------------+--------------+
[INFO] |7  |AMD Instinct MI325X     |9.4 |304 |2100       |262128        |3072          |
[INFO] +---+------------------------+----+----+-----------+--------------+--------------+
[WARN] This program does not currently support Multi-GPU run.
[INFO] Set default GPU to GPU index 0
[INFO] (1743315528) Running with 16 wavefront(s) per workgroup and 1 workgroup(s)
[INFO] (1743315533) Running with 16 wavefront(s) per workgroup and 2 workgroup(s)
[INFO] (1743315537) Running with 16 wavefront(s) per workgroup and 3 workgroup(s)
[INFO] (1743315541) Running with 16 wavefront(s) per workgroup and 4 workgroup(s)
[INFO] (1743315545) Running with 16 wavefront(s) per workgroup and 5 workgroup(s)
[INFO] (1743315549) Running with 16 wavefront(s) per workgroup and 6 workgroup(s)
[INFO] (1743315553) Running with 16 wavefront(s) per workgroup and 7 workgroup(s)
[INFO] (1743315557) Running with 16 wavefront(s) per workgroup and 8 workgroup(s)
[INFO] (1743315561) Running with 16 wavefront(s) per workgroup and 9 workgroup(s)
[INFO] (1743315566) Running with 16 wavefront(s) per workgroup and 10 workgroup(s)
[INFO] (1743315570) Running with 16 wavefront(s) per workgroup and 11 workgroup(s)
[INFO] (1743315574) Running with 16 wavefront(s) per workgroup and 12 workgroup(s)
[INFO] (1743315578) Running with 16 wavefront(s) per workgroup and 13 workgroup(s)
[INFO] (1743315582) Running with 16 wavefront(s) per workgroup and 14 workgroup(s)
[INFO] (1743315586) Running with 16 wavefront(s) per workgroup and 15 workgroup(s)
[INFO] (1743315590) Running with 16 wavefront(s) per workgroup and 16 workgroup(s)
[INFO] (1743315594) Running with 16 wavefront(s) per workgroup and 17 workgroup(s)
[INFO] (1743315599) Running with 16 wavefront(s) per workgroup and 18 workgroup(s)
[INFO] (1743315603) Running with 16 wavefront(s) per workgroup and 19 workgroup(s)
[INFO] (1743315607) Running with 16 wavefront(s) per workgroup and 20 workgroup(s)
[INFO] (1743315611) Running with 16 wavefront(s) per workgroup and 21 workgroup(s)
[INFO] (1743315615) Running with 16 wavefront(s) per workgroup and 22 workgroup(s)
[INFO] (1743315619) Running with 16 wavefront(s) per workgroup and 23 workgroup(s)
[INFO] (1743315623) Running with 16 wavefront(s) per workgroup and 24 workgroup(s)
[INFO] (1743315627) Running with 16 wavefront(s) per workgroup and 25 workgroup(s)
[INFO] (1743315632) Running with 16 wavefront(s) per workgroup and 26 workgroup(s)
[INFO] (1743315636) Running with 16 wavefront(s) per workgroup and 27 workgroup(s)
[INFO] (1743315640) Running with 16 wavefront(s) per workgroup and 28 workgroup(s)
[INFO] (1743315644) Running with 16 wavefront(s) per workgroup and 29 workgroup(s)
[INFO] (1743315648) Running with 16 wavefront(s) per workgroup and 30 workgroup(s)
[INFO] (1743315652) Running with 16 wavefront(s) per workgroup and 31 workgroup(s)
[INFO] (1743315656) Running with 16 wavefront(s) per workgroup and 32 workgroup(s)
[INFO] (1743315661) Running with 16 wavefront(s) per workgroup and 33 workgroup(s)
[INFO] (1743315665) Running with 16 wavefront(s) per workgroup and 34 workgroup(s)
[INFO] (1743315669) Running with 16 wavefront(s) per workgroup and 35 workgroup(s)
[INFO] (1743315673) Running with 16 wavefront(s) per workgroup and 36 workgroup(s)
[INFO] (1743315677) Running with 16 wavefront(s) per workgroup and 37 workgroup(s)
[INFO] (1743315681) Running with 16 wavefront(s) per workgroup and 38 workgroup(s)
[INFO] (1743315685) Running with 16 wavefront(s) per workgroup and 39 workgroup(s)
[INFO] (1743315689) Running with 16 wavefront(s) per workgroup and 40 workgroup(s)
[INFO] (1743315694) Running with 16 wavefront(s) per workgroup and 41 workgroup(s)
[INFO] (1743315698) Running with 16 wavefront(s) per workgroup and 42 workgroup(s)
[INFO] (1743315702) Running with 16 wavefront(s) per workgroup and 43 workgroup(s)
[INFO] (1743315706) Running with 16 wavefront(s) per workgroup and 44 workgroup(s)
[INFO] (1743315710) Running with 16 wavefront(s) per workgroup and 45 workgroup(s)
[INFO] (1743315714) Running with 16 wavefront(s) per workgroup and 46 workgroup(s)
[INFO] (1743315718) Running with 16 wavefront(s) per workgroup and 47 workgroup(s)
[INFO] (1743315722) Running with 16 wavefront(s) per workgroup and 48 workgroup(s)
[INFO] (1743315727) Running with 16 wavefront(s) per workgroup and 49 workgroup(s)
[INFO] (1743315731) Running with 16 wavefront(s) per workgroup and 50 workgroup(s)
[INFO] (1743315735) Running with 16 wavefront(s) per workgroup and 51 workgroup(s)
[INFO] (1743315739) Running with 16 wavefront(s) per workgroup and 52 workgroup(s)
[INFO] (1743315743) Running with 16 wavefront(s) per workgroup and 53 workgroup(s)
[INFO] (1743315747) Running with 16 wavefront(s) per workgroup and 54 workgroup(s)
[INFO] (1743315751) Running with 16 wavefront(s) per workgroup and 55 workgroup(s)
[INFO] (1743315756) Running with 16 wavefront(s) per workgroup and 56 workgroup(s)
[INFO] (1743315760) Running with 16 wavefront(s) per workgroup and 57 workgroup(s)
[INFO] (1743315764) Running with 16 wavefront(s) per workgroup and 58 workgroup(s)
[INFO] (1743315768) Running with 16 wavefront(s) per workgroup and 59 workgroup(s)
[INFO] (1743315772) Running with 16 wavefront(s) per workgroup and 60 workgroup(s)
[INFO] (1743315776) Running with 16 wavefront(s) per workgroup and 61 workgroup(s)
[INFO] (1743315780) Running with 16 wavefront(s) per workgroup and 62 workgroup(s)
[INFO] (1743315785) Running with 16 wavefront(s) per workgroup and 63 workgroup(s)
[INFO] (1743315789) Running with 16 wavefront(s) per workgroup and 64 workgroup(s)
[INFO] (1743315793) Running with 16 wavefront(s) per workgroup and 65 workgroup(s)
[INFO] (1743315797) Running with 16 wavefront(s) per workgroup and 66 workgroup(s)
[INFO] (1743315801) Running with 16 wavefront(s) per workgroup and 67 workgroup(s)
[INFO] (1743315805) Running with 16 wavefront(s) per workgroup and 68 workgroup(s)
[INFO] (1743315809) Running with 16 wavefront(s) per workgroup and 69 workgroup(s)
[INFO] (1743315814) Running with 16 wavefront(s) per workgroup and 70 workgroup(s)
[INFO] (1743315818) Running with 16 wavefront(s) per workgroup and 71 workgroup(s)
[INFO] (1743315822) Running with 16 wavefront(s) per workgroup and 72 workgroup(s)
[INFO] (1743315826) Running with 16 wavefront(s) per workgroup and 73 workgroup(s)
[INFO] (1743315830) Running with 16 wavefront(s) per workgroup and 74 workgroup(s)
[INFO] (1743315834) Running with 16 wavefront(s) per workgroup and 75 workgroup(s)
[INFO] (1743315838) Running with 16 wavefront(s) per workgroup and 76 workgroup(s)
[INFO] (1743315843) Running with 16 wavefront(s) per workgroup and 77 workgroup(s)
[INFO] (1743315847) Running with 16 wavefront(s) per workgroup and 78 workgroup(s)
[INFO] (1743315851) Running with 16 wavefront(s) per workgroup and 79 workgroup(s)
[INFO] (1743315855) Running with 16 wavefront(s) per workgroup and 80 workgroup(s)
[INFO] (1743315859) Running with 16 wavefront(s) per workgroup and 81 workgroup(s)
[INFO] (1743315863) Running with 16 wavefront(s) per workgroup and 82 workgroup(s)
[INFO] (1743315867) Running with 16 wavefront(s) per workgroup and 83 workgroup(s)
[INFO] (1743315872) Running with 16 wavefront(s) per workgroup and 84 workgroup(s)
[INFO] (1743315876) Running with 16 wavefront(s) per workgroup and 85 workgroup(s)
[INFO] (1743315880) Running with 16 wavefront(s) per workgroup and 86 workgroup(s)
[INFO] (1743315884) Running with 16 wavefront(s) per workgroup and 87 workgroup(s)
[INFO] (1743315888) Running with 16 wavefront(s) per workgroup and 88 workgroup(s)
[INFO] (1743315892) Running with 16 wavefront(s) per workgroup and 89 workgroup(s)
[INFO] (1743315897) Running with 16 wavefront(s) per workgroup and 90 workgroup(s)
[INFO] (1743315901) Running with 16 wavefront(s) per workgroup and 91 workgroup(s)
[INFO] (1743315905) Running with 16 wavefront(s) per workgroup and 92 workgroup(s)
[INFO] (1743315909) Running with 16 wavefront(s) per workgroup and 93 workgroup(s)
[INFO] (1743315913) Running with 16 wavefront(s) per workgroup and 94 workgroup(s)
[INFO] (1743315917) Running with 16 wavefront(s) per workgroup and 95 workgroup(s)
[INFO] (1743315921) Running with 16 wavefront(s) per workgroup and 96 workgroup(s)
[INFO] (1743315926) Running with 16 wavefront(s) per workgroup and 97 workgroup(s)
[INFO] (1743315930) Running with 16 wavefront(s) per workgroup and 98 workgroup(s)
[INFO] (1743315934) Running with 16 wavefront(s) per workgroup and 99 workgroup(s)
[INFO] (1743315938) Running with 16 wavefront(s) per workgroup and 100 workgroup(s)
[INFO] (1743315942) Running with 16 wavefront(s) per workgroup and 101 workgroup(s)
[INFO] (1743315946) Running with 16 wavefront(s) per workgroup and 102 workgroup(s)
[INFO] (1743315951) Running with 16 wavefront(s) per workgroup and 103 workgroup(s)
[INFO] (1743315955) Running with 16 wavefront(s) per workgroup and 104 workgroup(s)
[INFO] (1743315959) Running with 16 wavefront(s) per workgroup and 105 workgroup(s)
[INFO] (1743315963) Running with 16 wavefront(s) per workgroup and 106 workgroup(s)
[INFO] (1743315967) Running with 16 wavefront(s) per workgroup and 107 workgroup(s)
[INFO] (1743315971) Running with 16 wavefront(s) per workgroup and 108 workgroup(s)
[INFO] (1743315976) Running with 16 wavefront(s) per workgroup and 109 workgroup(s)
[INFO] (1743315980) Running with 16 wavefront(s) per workgroup and 110 workgroup(s)
[INFO] (1743315984) Running with 16 wavefront(s) per workgroup and 111 workgroup(s)
[INFO] (1743315988) Running with 16 wavefront(s) per workgroup and 112 workgroup(s)
[INFO] (1743315992) Running with 16 wavefront(s) per workgroup and 113 workgroup(s)
[INFO] (1743315996) Running with 16 wavefront(s) per workgroup and 114 workgroup(s)
[INFO] (1743316001) Running with 16 wavefront(s) per workgroup and 115 workgroup(s)
[INFO] (1743316005) Running with 16 wavefront(s) per workgroup and 116 workgroup(s)
[INFO] (1743316009) Running with 16 wavefront(s) per workgroup and 117 workgroup(s)
[INFO] (1743316013) Running with 16 wavefront(s) per workgroup and 118 workgroup(s)
[INFO] (1743316017) Running with 16 wavefront(s) per workgroup and 119 workgroup(s)
[INFO] (1743316021) Running with 16 wavefront(s) per workgroup and 120 workgroup(s)
[INFO] (1743316026) Running with 16 wavefront(s) per workgroup and 121 workgroup(s)
[INFO] (1743316030) Running with 16 wavefront(s) per workgroup and 122 workgroup(s)
[INFO] (1743316034) Running with 16 wavefront(s) per workgroup and 123 workgroup(s)
[INFO] (1743316038) Running with 16 wavefront(s) per workgroup and 124 workgroup(s)
[INFO] (1743316042) Running with 16 wavefront(s) per workgroup and 125 workgroup(s)
[INFO] (1743316046) Running with 16 wavefront(s) per workgroup and 126 workgroup(s)
[INFO] (1743316051) Running with 16 wavefront(s) per workgroup and 127 workgroup(s)
[INFO] (1743316055) Running with 16 wavefront(s) per workgroup and 128 workgroup(s)
[INFO] (1743316059) Running with 16 wavefront(s) per workgroup and 129 workgroup(s)
[INFO] (1743316063) Running with 16 wavefront(s) per workgroup and 130 workgroup(s)
[INFO] (1743316067) Running with 16 wavefront(s) per workgroup and 131 workgroup(s)
[INFO] (1743316072) Running with 16 wavefront(s) per workgroup and 132 workgroup(s)
[INFO] (1743316076) Running with 16 wavefront(s) per workgroup and 133 workgroup(s)
[INFO] (1743316080) Running with 16 wavefront(s) per workgroup and 134 workgroup(s)
[INFO] (1743316084) Running with 16 wavefront(s) per workgroup and 135 workgroup(s)
[INFO] (1743316088) Running with 16 wavefront(s) per workgroup and 136 workgroup(s)
[INFO] (1743316092) Running with 16 wavefront(s) per workgroup and 137 workgroup(s)
[INFO] (1743316097) Running with 16 wavefront(s) per workgroup and 138 workgroup(s)
[INFO] (1743316101) Running with 16 wavefront(s) per workgroup and 139 workgroup(s)
[INFO] (1743316105) Running with 16 wavefront(s) per workgroup and 140 workgroup(s)
[INFO] (1743316109) Running with 16 wavefront(s) per workgroup and 141 workgroup(s)
[INFO] (1743316113) Running with 16 wavefront(s) per workgroup and 142 workgroup(s)
[INFO] (1743316118) Running with 16 wavefront(s) per workgroup and 143 workgroup(s)
[INFO] (1743316122) Running with 16 wavefront(s) per workgroup and 144 workgroup(s)
[INFO] (1743316126) Running with 16 wavefront(s) per workgroup and 145 workgroup(s)
[INFO] (1743316130) Running with 16 wavefront(s) per workgroup and 146 workgroup(s)
[INFO] (1743316134) Running with 16 wavefront(s) per workgroup and 147 workgroup(s)
[INFO] (1743316138) Running with 16 wavefront(s) per workgroup and 148 workgroup(s)
[INFO] (1743316143) Running with 16 wavefront(s) per workgroup and 149 workgroup(s)
[INFO] (1743316147) Running with 16 wavefront(s) per workgroup and 150 workgroup(s)
[INFO] (1743316151) Running with 16 wavefront(s) per workgroup and 151 workgroup(s)
[INFO] (1743316155) Running with 16 wavefront(s) per workgroup and 152 workgroup(s)
[INFO] (1743316159) Running with 16 wavefront(s) per workgroup and 153 workgroup(s)
[INFO] (1743316164) Running with 16 wavefront(s) per workgroup and 154 workgroup(s)
[INFO] (1743316168) Running with 16 wavefront(s) per workgroup and 155 workgroup(s)
[INFO] (1743316172) Running with 16 wavefront(s) per workgroup and 156 workgroup(s)
[INFO] (1743316176) Running with 16 wavefront(s) per workgroup and 157 workgroup(s)
[INFO] (1743316180) Running with 16 wavefront(s) per workgroup and 158 workgroup(s)
[INFO] (1743316185) Running with 16 wavefront(s) per workgroup and 159 workgroup(s)
[INFO] (1743316189) Running with 16 wavefront(s) per workgroup and 160 workgroup(s)
[INFO] (1743316193) Running with 16 wavefront(s) per workgroup and 161 workgroup(s)
[INFO] (1743316197) Running with 16 wavefront(s) per workgroup and 162 workgroup(s)
[INFO] (1743316201) Running with 16 wavefront(s) per workgroup and 163 workgroup(s)
[INFO] (1743316206) Running with 16 wavefront(s) per workgroup and 164 workgroup(s)
[INFO] (1743316210) Running with 16 wavefront(s) per workgroup and 165 workgroup(s)
[INFO] (1743316214) Running with 16 wavefront(s) per workgroup and 166 workgroup(s)
[INFO] (1743316218) Running with 16 wavefront(s) per workgroup and 167 workgroup(s)
[INFO] (1743316222) Running with 16 wavefront(s) per workgroup and 168 workgroup(s)
[INFO] (1743316227) Running with 16 wavefront(s) per workgroup and 169 workgroup(s)
[INFO] (1743316231) Running with 16 wavefront(s) per workgroup and 170 workgroup(s)
[INFO] (1743316235) Running with 16 wavefront(s) per workgroup and 171 workgroup(s)
[INFO] (1743316239) Running with 16 wavefront(s) per workgroup and 172 workgroup(s)
[INFO] (1743316243) Running with 16 wavefront(s) per workgroup and 173 workgroup(s)
[INFO] (1743316248) Running with 16 wavefront(s) per workgroup and 174 workgroup(s)
[INFO] (1743316252) Running with 16 wavefront(s) per workgroup and 175 workgroup(s)
[INFO] (1743316256) Running with 16 wavefront(s) per workgroup and 176 workgroup(s)
[INFO] (1743316260) Running with 16 wavefront(s) per workgroup and 177 workgroup(s)
[INFO] (1743316264) Running with 16 wavefront(s) per workgroup and 178 workgroup(s)
[INFO] (1743316269) Running with 16 wavefront(s) per workgroup and 179 workgroup(s)
[INFO] (1743316273) Running with 16 wavefront(s) per workgroup and 180 workgroup(s)
[INFO] (1743316277) Running with 16 wavefront(s) per workgroup and 181 workgroup(s)
[INFO] (1743316281) Running with 16 wavefront(s) per workgroup and 182 workgroup(s)
[INFO] (1743316285) Running with 16 wavefront(s) per workgroup and 183 workgroup(s)
[INFO] (1743316290) Running with 16 wavefront(s) per workgroup and 184 workgroup(s)
[INFO] (1743316294) Running with 16 wavefront(s) per workgroup and 185 workgroup(s)
[INFO] (1743316298) Running with 16 wavefront(s) per workgroup and 186 workgroup(s)
[INFO] (1743316302) Running with 16 wavefront(s) per workgroup and 187 workgroup(s)
[INFO] (1743316306) Running with 16 wavefront(s) per workgroup and 188 workgroup(s)
[INFO] (1743316311) Running with 16 wavefront(s) per workgroup and 189 workgroup(s)
[INFO] (1743316315) Running with 16 wavefront(s) per workgroup and 190 workgroup(s)
[INFO] (1743316319) Running with 16 wavefront(s) per workgroup and 191 workgroup(s)
[INFO] (1743316323) Running with 16 wavefront(s) per workgroup and 192 workgroup(s)
[INFO] (1743316328) Running with 16 wavefront(s) per workgroup and 193 workgroup(s)
[INFO] (1743316332) Running with 16 wavefront(s) per workgroup and 194 workgroup(s)
[INFO] (1743316336) Running with 16 wavefront(s) per workgroup and 195 workgroup(s)
[INFO] (1743316340) Running with 16 wavefront(s) per workgroup and 196 workgroup(s)
[INFO] (1743316344) Running with 16 wavefront(s) per workgroup and 197 workgroup(s)
[INFO] (1743316349) Running with 16 wavefront(s) per workgroup and 198 workgroup(s)
[INFO] (1743316353) Running with 16 wavefront(s) per workgroup and 199 workgroup(s)
[INFO] (1743316357) Running with 16 wavefront(s) per workgroup and 200 workgroup(s)
[INFO] (1743316361) Running with 16 wavefront(s) per workgroup and 201 workgroup(s)
[INFO] (1743316365) Running with 16 wavefront(s) per workgroup and 202 workgroup(s)
[INFO] (1743316370) Running with 16 wavefront(s) per workgroup and 203 workgroup(s)
[INFO] (1743316374) Running with 16 wavefront(s) per workgroup and 204 workgroup(s)
[INFO] (1743316378) Running with 16 wavefront(s) per workgroup and 205 workgroup(s)
[INFO] (1743316382) Running with 16 wavefront(s) per workgroup and 206 workgroup(s)
[INFO] (1743316387) Running with 16 wavefront(s) per workgroup and 207 workgroup(s)
[INFO] (1743316391) Running with 16 wavefront(s) per workgroup and 208 workgroup(s)
[INFO] (1743316395) Running with 16 wavefront(s) per workgroup and 209 workgroup(s)
[INFO] (1743316399) Running with 16 wavefront(s) per workgroup and 210 workgroup(s)
[INFO] (1743316403) Running with 16 wavefront(s) per workgroup and 211 workgroup(s)
[INFO] (1743316408) Running with 16 wavefront(s) per workgroup and 212 workgroup(s)
[INFO] (1743316412) Running with 16 wavefront(s) per workgroup and 213 workgroup(s)
[INFO] (1743316416) Running with 16 wavefront(s) per workgroup and 214 workgroup(s)
[INFO] (1743316420) Running with 16 wavefront(s) per workgroup and 215 workgroup(s)
[INFO] (1743316425) Running with 16 wavefront(s) per workgroup and 216 workgroup(s)
[INFO] (1743316429) Running with 16 wavefront(s) per workgroup and 217 workgroup(s)
[INFO] (1743316433) Running with 16 wavefront(s) per workgroup and 218 workgroup(s)
[INFO] (1743316437) Running with 16 wavefront(s) per workgroup and 219 workgroup(s)
[INFO] (1743316442) Running with 16 wavefront(s) per workgroup and 220 workgroup(s)
[INFO] (1743316446) Running with 16 wavefront(s) per workgroup and 221 workgroup(s)
[INFO] (1743316450) Running with 16 wavefront(s) per workgroup and 222 workgroup(s)
[INFO] (1743316454) Running with 16 wavefront(s) per workgroup and 223 workgroup(s)
[INFO] (1743316458) Running with 16 wavefront(s) per workgroup and 224 workgroup(s)
[INFO] (1743316463) Running with 16 wavefront(s) per workgroup and 225 workgroup(s)
[INFO] (1743316467) Running with 16 wavefront(s) per workgroup and 226 workgroup(s)
[INFO] (1743316471) Running with 16 wavefront(s) per workgroup and 227 workgroup(s)
[INFO] (1743316475) Running with 16 wavefront(s) per workgroup and 228 workgroup(s)
[INFO] (1743316480) Running with 16 wavefront(s) per workgroup and 229 workgroup(s)
[INFO] (1743316484) Running with 16 wavefront(s) per workgroup and 230 workgroup(s)
[INFO] (1743316488) Running with 16 wavefront(s) per workgroup and 231 workgroup(s)
[INFO] (1743316492) Running with 16 wavefront(s) per workgroup and 232 workgroup(s)
[INFO] (1743316497) Running with 16 wavefront(s) per workgroup and 233 workgroup(s)
[INFO] (1743316501) Running with 16 wavefront(s) per workgroup and 234 workgroup(s)
[INFO] (1743316505) Running with 16 wavefront(s) per workgroup and 235 workgroup(s)
[INFO] (1743316509) Running with 16 wavefront(s) per workgroup and 236 workgroup(s)
[INFO] (1743316514) Running with 16 wavefront(s) per workgroup and 237 workgroup(s)
[INFO] (1743316518) Running with 16 wavefront(s) per workgroup and 238 workgroup(s)
[INFO] (1743316522) Running with 16 wavefront(s) per workgroup and 239 workgroup(s)
[INFO] (1743316526) Running with 16 wavefront(s) per workgroup and 240 workgroup(s)
[INFO] (1743316531) Running with 16 wavefront(s) per workgroup and 241 workgroup(s)
[INFO] (1743316535) Running with 16 wavefront(s) per workgroup and 242 workgroup(s)
[INFO] (1743316539) Running with 16 wavefront(s) per workgroup and 243 workgroup(s)
[INFO] (1743316543) Running with 16 wavefront(s) per workgroup and 244 workgroup(s)
[INFO] (1743316548) Running with 16 wavefront(s) per workgroup and 245 workgroup(s)
[INFO] (1743316552) Running with 16 wavefront(s) per workgroup and 246 workgroup(s)
[INFO] (1743316556) Running with 16 wavefront(s) per workgroup and 247 workgroup(s)
[INFO] (1743316560) Running with 16 wavefront(s) per workgroup and 248 workgroup(s)
[INFO] (1743316565) Running with 16 wavefront(s) per workgroup and 249 workgroup(s)
[INFO] (1743316569) Running with 16 wavefront(s) per workgroup and 250 workgroup(s)
[INFO] (1743316573) Running with 16 wavefront(s) per workgroup and 251 workgroup(s)
[INFO] (1743316577) Running with 16 wavefront(s) per workgroup and 252 workgroup(s)
[INFO] (1743316582) Running with 16 wavefront(s) per workgroup and 253 workgroup(s)
[INFO] (1743316586) Running with 16 wavefront(s) per workgroup and 254 workgroup(s)
[INFO] (1743316590) Running with 16 wavefront(s) per workgroup and 255 workgroup(s)
[INFO] (1743316594) Running with 16 wavefront(s) per workgroup and 256 workgroup(s)
[INFO] (1743316599) Running with 16 wavefront(s) per workgroup and 257 workgroup(s)
[INFO] (1743316603) Running with 16 wavefront(s) per workgroup and 258 workgroup(s)
[INFO] (1743316607) Running with 16 wavefront(s) per workgroup and 259 workgroup(s)
[INFO] (1743316611) Running with 16 wavefront(s) per workgroup and 260 workgroup(s)
[INFO] (1743316616) Running with 16 wavefront(s) per workgroup and 261 workgroup(s)
[INFO] (1743316620) Running with 16 wavefront(s) per workgroup and 262 workgroup(s)
[INFO] (1743316624) Running with 16 wavefront(s) per workgroup and 263 workgroup(s)
[INFO] (1743316628) Running with 16 wavefront(s) per workgroup and 264 workgroup(s)
[INFO] (1743316633) Running with 16 wavefront(s) per workgroup and 265 workgroup(s)
[INFO] (1743316637) Running with 16 wavefront(s) per workgroup and 266 workgroup(s)
[INFO] (1743316641) Running with 16 wavefront(s) per workgroup and 267 workgroup(s)
[INFO] (1743316645) Running with 16 wavefront(s) per workgroup and 268 workgroup(s)
[INFO] (1743316650) Running with 16 wavefront(s) per workgroup and 269 workgroup(s)
[INFO] (1743316654) Running with 16 wavefront(s) per workgroup and 270 workgroup(s)
[INFO] (1743316658) Running with 16 wavefront(s) per workgroup and 271 workgroup(s)
[INFO] (1743316662) Running with 16 wavefront(s) per workgroup and 272 workgroup(s)
[INFO] (1743316667) Running with 16 wavefront(s) per workgroup and 273 workgroup(s)
[INFO] (1743316671) Running with 16 wavefront(s) per workgroup and 274 workgroup(s)
[INFO] (1743316675) Running with 16 wavefront(s) per workgroup and 275 workgroup(s)
[INFO] (1743316680) Running with 16 wavefront(s) per workgroup and 276 workgroup(s)
[INFO] (1743316684) Running with 16 wavefront(s) per workgroup and 277 workgroup(s)
[INFO] (1743316688) Running with 16 wavefront(s) per workgroup and 278 workgroup(s)
[INFO] (1743316692) Running with 16 wavefront(s) per workgroup and 279 workgroup(s)
[INFO] (1743316697) Running with 16 wavefront(s) per workgroup and 280 workgroup(s)
[INFO] (1743316701) Running with 16 wavefront(s) per workgroup and 281 workgroup(s)
[INFO] (1743316705) Running with 16 wavefront(s) per workgroup and 282 workgroup(s)
[INFO] (1743316709) Running with 16 wavefront(s) per workgroup and 283 workgroup(s)
[INFO] (1743316714) Running with 16 wavefront(s) per workgroup and 284 workgroup(s)
[INFO] (1743316718) Running with 16 wavefront(s) per workgroup and 285 workgroup(s)
[INFO] (1743316722) Running with 16 wavefront(s) per workgroup and 286 workgroup(s)
[INFO] (1743316727) Running with 16 wavefront(s) per workgroup and 287 workgroup(s)
[INFO] (1743316731) Running with 16 wavefront(s) per workgroup and 288 workgroup(s)
[INFO] (1743316735) Running with 16 wavefront(s) per workgroup and 289 workgroup(s)
[INFO] (1743316739) Running with 16 wavefront(s) per workgroup and 290 workgroup(s)
[INFO] (1743316744) Running with 16 wavefront(s) per workgroup and 291 workgroup(s)
[INFO] (1743316748) Running with 16 wavefront(s) per workgroup and 292 workgroup(s)
[INFO] (1743316752) Running with 16 wavefront(s) per workgroup and 293 workgroup(s)
[INFO] (1743316756) Running with 16 wavefront(s) per workgroup and 294 workgroup(s)
[INFO] (1743316761) Running with 16 wavefront(s) per workgroup and 295 workgroup(s)
[INFO] (1743316765) Running with 16 wavefront(s) per workgroup and 296 workgroup(s)
[INFO] (1743316769) Running with 16 wavefront(s) per workgroup and 297 workgroup(s)
[INFO] (1743316774) Running with 16 wavefront(s) per workgroup and 298 workgroup(s)
[INFO] (1743316778) Running with 16 wavefront(s) per workgroup and 299 workgroup(s)
[INFO] (1743316782) Running with 16 wavefront(s) per workgroup and 300 workgroup(s)
[INFO] (1743316786) Running with 16 wavefront(s) per workgroup and 301 workgroup(s)
[INFO] (1743316791) Running with 16 wavefront(s) per workgroup and 302 workgroup(s)
[INFO] (1743316795) Running with 16 wavefront(s) per workgroup and 303 workgroup(s)
[INFO] (1743316799) Running with 16 wavefront(s) per workgroup and 304 workgroup(s)
Result V_ADD2 with fp32
n_iter, n_thread, n_wg, n_wf, wf_size, wg_size, n_flops, n_bytes, time_ms, gflop/s, avg_clock, max_clock, min_clock, stdev_clock 
1073741824, 1024, 1, 16, 64, 1024, 1099511627776, 8192, 4113.08, 267.321, 6.45084e+09, 8606692024, 4303358652, 1.05396 
1073741824, 2048, 2, 16, 64, 1024, 2199023255552, 16384, 4119.41, 533.82, 6.45084e+09, 8606691792, 4303358068, 1.05396 
1073741824, 3072, 3, 16, 64, 1024, 3298534883328, 24576, 4120.73, 800.473, 6.45083e+09, 8606691168, 4303356940, 1.05396 
1073741824, 4096, 4, 16, 64, 1024, 4398046511104, 32768, 4120.8, 1067.28, 6.45083e+09, 8606690892, 4303356680, 1.05396 
1073741824, 5120, 5, 16, 64, 1024, 5497558138880, 40960, 4120.28, 1334.27, 6.45084e+09, 8606691260, 4303356744, 1.05396 
1073741824, 6144, 6, 16, 64, 1024, 6597069766656, 49152, 4121.95, 1600.47, 6.45083e+09, 8606696280, 4303356520, 1.05396 
1073741824, 7168, 7, 16, 64, 1024, 7696581394432, 57344, 4122.03, 1867.18, 6.45083e+09, 8606696200, 4303356420, 1.05396 
1073741824, 8192, 8, 16, 64, 1024, 8796093022208, 65536, 4122.12, 2133.88, 6.45083e+09, 8606696124, 4303356400, 1.05396 
1073741824, 9216, 9, 16, 64, 1024, 9895604649984, 73728, 4121.74, 2400.83, 6.45083e+09, 8606696236, 4303356440, 1.05396 
1073741824, 10240, 10, 16, 64, 1024, 10995116277760, 81920, 4123.44, 2666.49, 6.45083e+09, 8606696152, 4303356504, 1.05396 
1073741824, 11264, 11, 16, 64, 1024, 12094627905536, 90112, 4125.56, 2931.63, 6.45083e+09, 8606696172, 4303356484, 1.05396 
1073741824, 12288, 12, 16, 64, 1024, 13194139533312, 98304, 4124.85, 3198.69, 6.45083e+09, 8606696244, 4303356408, 1.05396 
1073741824, 13312, 13, 16, 64, 1024, 14293651161088, 106496, 4123.39, 3466.48, 6.45083e+09, 8606696728, 4303356432, 1.05396 
1073741824, 14336, 14, 16, 64, 1024, 15393162788864, 114688, 4124.84, 3731.82, 6.45083e+09, 8606696272, 4303356516, 1.05396 
1073741824, 15360, 15, 16, 64, 1024, 16492674416640, 122880, 4123.67, 3999.52, 6.45083e+09, 8606696248, 4303356504, 1.05396 
1073741824, 16384, 16, 16, 64, 1024, 17592186044416, 131072, 4124.22, 4265.58, 6.45083e+09, 8606697164, 4303356428, 1.05396 
1073741824, 17408, 17, 16, 64, 1024, 18691697672192, 139264, 4125.9, 4530.33, 6.45083e+09, 8606696740, 4303356444, 1.05396 
1073741824, 18432, 18, 16, 64, 1024, 19791209299968, 147456, 4125.71, 4797.04, 6.45083e+09, 8606696940, 4303356328, 1.05396 
1073741824, 19456, 19, 16, 64, 1024, 20890720927744, 155648, 4127.52, 5061.32, 6.45083e+09, 8606696276, 4303356376, 1.05396 
1073741824, 20480, 20, 16, 64, 1024, 21990232555520, 163840, 4128.01, 5327.08, 6.45083e+09, 8606696172, 4303356356, 1.05396 
1073741824, 21504, 21, 16, 64, 1024, 23089744183296, 172032, 4126.24, 5595.84, 6.45083e+09, 8606697080, 4303356356, 1.05396 
1073741824, 22528, 22, 16, 64, 1024, 24189255811072, 180224, 4127.9, 5859.95, 6.45083e+09, 8606696892, 4303356244, 1.05396 
1073741824, 23552, 23, 16, 64, 1024, 25288767438848, 188416, 4126.24, 6128.77, 6.45083e+09, 8606696292, 4303356268, 1.05396 
1073741824, 24576, 24, 16, 64, 1024, 26388279066624, 196608, 4127.54, 6393.22, 6.45083e+09, 8606696420, 4303356256, 1.05396 
1073741824, 25600, 25, 16, 64, 1024, 27487790694400, 204800, 4129.91, 6655.79, 6.45083e+09, 8606696716, 4303356236, 1.05396 
1073741824, 26624, 26, 16, 64, 1024, 28587302322176, 212992, 4130.09, 6921.71, 6.45083e+09, 8606696440, 4303356232, 1.05396 
1073741824, 27648, 27, 16, 64, 1024, 29686813949952, 221184, 4131.68, 7185.16, 6.45083e+09, 8606696636, 4303356240, 1.05396 
1073741824, 28672, 28, 16, 64, 1024, 30786325577728, 229376, 4127.06, 7459.62, 6.45083e+09, 8606696196, 4303356236, 1.05396 
1073741824, 29696, 29, 16, 64, 1024, 31885837205504, 237568, 4127.88, 7724.51, 6.45083e+09, 8606696700, 4303356240, 1.05396 
1073741824, 30720, 30, 16, 64, 1024, 32985348833280, 245760, 4127.42, 7991.76, 6.45083e+09, 8606696892, 4303356240, 1.05396 
1073741824, 31744, 31, 16, 64, 1024, 34084860461056, 253952, 4126.17, 8260.66, 6.45083e+09, 8606696996, 4303356244, 1.05396 
1073741824, 32768, 32, 16, 64, 1024, 35184372088832, 262144, 4130.48, 8518.23, 6.45083e+09, 8606696576, 4303356252, 1.05396 
1073741824, 33792, 33, 16, 64, 1024, 36283883716608, 270336, 4123.14, 8800.05, 6.45083e+09, 8606696740, 4303356236, 1.05396 
1073741824, 34816, 34, 16, 64, 1024, 37383395344384, 278528, 4131, 9049.48, 6.45083e+09, 8606697004, 4303356268, 1.05396 
1073741824, 35840, 35, 16, 64, 1024, 38482906972160, 286720, 4128.01, 9322.38, 6.45083e+09, 8606696896, 4303356208, 1.05396 
1073741824, 36864, 36, 16, 64, 1024, 39582418599936, 294912, 4134.31, 9574.12, 6.45083e+09, 8606696744, 4303356188, 1.05396 
1073741824, 37888, 37, 16, 64, 1024, 40681930227712, 303104, 4133.61, 9841.73, 6.45083e+09, 8606696564, 4303356240, 1.05396 
1073741824, 38912, 38, 16, 64, 1024, 41781441855488, 311296, 4131.39, 10113.2, 6.45083e+09, 8606696836, 4303356192, 1.05396 
1073741824, 39936, 39, 16, 64, 1024, 42880953483264, 319488, 4128.75, 10385.9, 6.45083e+09, 8606696412, 4303356232, 1.05396 
1073741824, 40960, 40, 16, 64, 1024, 43980465111040, 327680, 4130.77, 10647, 6.45083e+09, 8606696296, 4303356240, 1.05396 
1073741824, 41984, 41, 16, 64, 1024, 45079976738816, 335872, 4128.5, 10919.2, 6.45083e+09, 8606697028, 4303356204, 1.05396 
1073741824, 43008, 42, 16, 64, 1024, 46179488366592, 344064, 4134.28, 11169.9, 6.45083e+09, 8606696320, 4303356248, 1.05396 
1073741824, 44032, 43, 16, 64, 1024, 47278999994368, 352256, 4128.71, 11451.3, 6.45083e+09, 8606696528, 4303356232, 1.05396 
1073741824, 45056, 44, 16, 64, 1024, 48378511622144, 360448, 4136.5, 11695.5, 6.45083e+09, 8606696316, 4303356204, 1.05396 
1073741824, 46080, 45, 16, 64, 1024, 49478023249920, 368640, 4134.32, 11967.6, 6.45083e+09, 8606696332, 4303356228, 1.05396 
1073741824, 47104, 46, 16, 64, 1024, 50577534877696, 376832, 4133.81, 12235.1, 6.45083e+09, 8606696856, 4303356236, 1.05396 
1073741824, 48128, 47, 16, 64, 1024, 51677046505472, 385024, 4126.59, 12522.9, 6.45083e+09, 8606696484, 4303356196, 1.05396 
1073741824, 49152, 48, 16, 64, 1024, 52776558133248, 393216, 4135.17, 12762.8, 6.45083e+09, 8606696536, 4303356256, 1.05396 
1073741824, 50176, 49, 16, 64, 1024, 53876069761024, 401408, 4135.85, 13026.6, 6.45083e+09, 8606696440, 4303356180, 1.05396 
1073741824, 51200, 50, 16, 64, 1024, 54975581388800, 409600, 4132.18, 13304.2, 6.45083e+09, 8606696296, 4303356232, 1.05396 
1073741824, 52224, 51, 16, 64, 1024, 56075093016576, 417792, 4136.63, 13555.8, 6.45083e+09, 8606697972, 4303356236, 1.05396 
1073741824, 53248, 52, 16, 64, 1024, 57174604644352, 425984, 4137.21, 13819.6, 6.45083e+09, 8606696276, 4303356216, 1.05396 
1073741824, 54272, 53, 16, 64, 1024, 58274116272128, 434176, 4127.53, 14118.4, 6.45083e+09, 8606696368, 4303356244, 1.05396 
1073741824, 55296, 54, 16, 64, 1024, 59373627899904, 442368, 4141.59, 14336, 6.45083e+09, 8606696580, 4303356228, 1.05396 
1073741824, 56320, 55, 16, 64, 1024, 60473139527680, 450560, 4138.35, 14612.9, 6.45083e+09, 8606696996, 4303356196, 1.05396 
1073741824, 57344, 56, 16, 64, 1024, 61572651155456, 458752, 4135.45, 14889, 6.45083e+09, 8606696496, 4303356256, 1.05396 
1073741824, 58368, 57, 16, 64, 1024, 62672162783232, 466944, 4134.31, 15159, 6.45083e+09, 8606696564, 4303356196, 1.05396 
1073741824, 59392, 58, 16, 64, 1024, 63771674411008, 475136, 4134.08, 15425.9, 6.45083e+09, 8606696476, 4303356192, 1.05396 
1073741824, 60416, 59, 16, 64, 1024, 64871186038784, 483328, 4144.41, 15652.7, 6.45083e+09, 8606696484, 4303356236, 1.05396 
1073741824, 61440, 60, 16, 64, 1024, 65970697666560, 491520, 4144.9, 15916.1, 6.45083e+09, 8606696400, 4303356180, 1.05396 
1073741824, 62464, 61, 16, 64, 1024, 67070209294336, 499712, 4137.85, 16209, 6.45083e+09, 8606696312, 4303356216, 1.05396 
1073741824, 63488, 62, 16, 64, 1024, 68169720922112, 507904, 4136.39, 16480.5, 6.45083e+09, 8606696852, 4303356220, 1.05396 
1073741824, 64512, 63, 16, 64, 1024, 69269232549888, 516096, 4134.77, 16752.9, 6.45083e+09, 8606696284, 4303356236, 1.05396 
1073741824, 65536, 64, 16, 64, 1024, 70368744177664, 524288, 4144.54, 16978.6, 6.45083e+09, 8606697024, 4303356204, 1.05396 
1073741824, 66560, 65, 16, 64, 1024, 71468255805440, 532480, 4144.61, 17243.7, 6.45083e+09, 8606696372, 4303356220, 1.05396 
1073741824, 67584, 66, 16, 64, 1024, 72567767433216, 540672, 4141.4, 17522.5, 6.45083e+09, 8606696788, 4303356192, 1.05396 
1073741824, 68608, 67, 16, 64, 1024, 73667279060992, 548864, 4141.08, 17789.4, 6.45083e+09, 8606696300, 4303356212, 1.05396 
1073741824, 69632, 68, 16, 64, 1024, 74766790688768, 557056, 4147.46, 18027.1, 6.45083e+09, 8606696324, 4303356216, 1.05396 
1073741824, 70656, 69, 16, 64, 1024, 75866302316544, 565248, 4152.02, 18272.2, 6.45083e+09, 8606697072, 4303356236, 1.05396 
1073741824, 71680, 70, 16, 64, 1024, 76965813944320, 573440, 4143.73, 18574, 6.45083e+09, 8606696308, 4303356208, 1.05396 
1073741824, 72704, 71, 16, 64, 1024, 78065325572096, 581632, 4140.67, 18853.3, 6.45083e+09, 8606696316, 4303356264, 1.05396 
1073741824, 73728, 72, 16, 64, 1024, 79164837199872, 589824, 4150.48, 19073.7, 6.45083e+09, 8606696876, 4303356232, 1.05396 
1073741824, 74752, 73, 16, 64, 1024, 80264348827648, 598016, 4148.61, 19347.3, 6.45083e+09, 8606696324, 4303356240, 1.05396 
1073741824, 75776, 74, 16, 64, 1024, 81363860455424, 606208, 4149.76, 19606.9, 6.45083e+09, 8606697812, 4303356244, 1.05396 
1073741824, 76800, 75, 16, 64, 1024, 82463372083200, 614400, 4143.09, 19903.8, 6.45083e+09, 8606696316, 4303356188, 1.05396 
1073741824, 77824, 76, 16, 64, 1024, 83562883710976, 622592, 4152.64, 20122.8, 6.45083e+09, 8606696368, 4303356208, 1.05396 
1073741824, 78848, 77, 16, 64, 1024, 84662395338752, 630784, 4152.96, 20386.1, 6.45083e+09, 8606696324, 4303356232, 1.05396 
1073741824, 79872, 78, 16, 64, 1024, 85761906966528, 638976, 4148.67, 20672.1, 6.45083e+09, 8606696356, 4303356212, 1.05396 
1073741824, 80896, 79, 16, 64, 1024, 86861418594304, 647168, 4145.93, 20951, 6.45083e+09, 8606696324, 4303356240, 1.05396 
1073741824, 81920, 80, 16, 64, 1024, 87960930222080, 655360, 4153.26, 21178.8, 6.45083e+09, 8606696588, 4303356228, 1.05396 
1073741824, 82944, 81, 16, 64, 1024, 89060441849856, 663552, 4152.48, 21447.5, 6.45083e+09, 8606696808, 4303356196, 1.05396 
1073741824, 83968, 82, 16, 64, 1024, 90159953477632, 671744, 4151.29, 21718.5, 6.45083e+09, 8606696476, 4303356240, 1.05396 
1073741824, 84992, 83, 16, 64, 1024, 91259465105408, 679936, 4147.87, 22001.6, 6.45083e+09, 8606696664, 4303356204, 1.05396 
1073741824, 86016, 84, 16, 64, 1024, 92358976733184, 688128, 4157.11, 22217.1, 6.45083e+09, 8606696644, 4303356188, 1.05396 
1073741824, 87040, 85, 16, 64, 1024, 93458488360960, 696320, 4150.37, 22518.1, 6.45083e+09, 8606696352, 4303356236, 1.05396 
1073741824, 88064, 86, 16, 64, 1024, 94557999988736, 704512, 4152.25, 22772.7, 6.45083e+09, 8606696392, 4303356216, 1.05396 
1073741824, 89088, 87, 16, 64, 1024, 95657511616512, 712704, 4151.59, 23041.2, 6.45083e+09, 8606696588, 4303356216, 1.05396 
1073741824, 90112, 88, 16, 64, 1024, 96757023244288, 720896, 4155.69, 23283, 6.45083e+09, 8606696412, 4303356256, 1.05396 
1073741824, 91136, 89, 16, 64, 1024, 97856534872064, 729088, 4150.11, 23579.2, 6.45083e+09, 8606696364, 4303356188, 1.05396 
1073741824, 92160, 90, 16, 64, 1024, 98956046499840, 737280, 4153.58, 23824.3, 6.45083e+09, 8606696500, 4303356240, 1.05396 
1073741824, 93184, 91, 16, 64, 1024, 100055558127616, 745472, 4154.71, 24082.5, 6.45083e+09, 8606696844, 4303356204, 1.05396 
1073741824, 94208, 92, 16, 64, 1024, 101155069755392, 753664, 4153.11, 24356.4, 6.45083e+09, 8606696384, 4303356220, 1.05396 
1073741824, 95232, 93, 16, 64, 1024, 102254581383168, 761856, 4160.03, 24580.3, 6.45083e+09, 8606697128, 4303356232, 1.05396 
1073741824, 96256, 94, 16, 64, 1024, 103354093010944, 770048, 4151.21, 24897.3, 6.45083e+09, 8606696420, 4303356192, 1.05396 
1073741824, 97280, 95, 16, 64, 1024, 104453604638720, 778240, 4156.87, 25127.9, 6.45083e+09, 8606696360, 4303356184, 1.05396 
1073741824, 98304, 96, 16, 64, 1024, 105553116266496, 786432, 4164.06, 25348.6, 6.45083e+09, 8606696648, 4303356216, 1.05396 
1073741824, 99328, 97, 16, 64, 1024, 106652627894272, 794624, 4155.79, 25663.6, 6.45083e+09, 8606696512, 4303356196, 1.05396 
1073741824, 100352, 98, 16, 64, 1024, 107752139522048, 802816, 4157.19, 25919.5, 6.45083e+09, 8606696424, 4303356232, 1.05396 
1073741824, 101376, 99, 16, 64, 1024, 108851651149824, 811008, 4164.69, 26136.8, 6.45083e+09, 8606696528, 4303356236, 1.05396 
1073741824, 102400, 100, 16, 64, 1024, 109951162777600, 819200, 4158.95, 26437.2, 6.45083e+09, 8606696364, 4303356228, 1.05396 
1073741824, 103424, 101, 16, 64, 1024, 111050674405376, 827392, 4157.88, 26708.5, 6.45083e+09, 8606697896, 4303356236, 1.05396 
1073741824, 104448, 102, 16, 64, 1024, 112150186033152, 835584, 4168.44, 26904.6, 6.45083e+09, 8606696468, 4303356232, 1.05396 
1073741824, 105472, 103, 16, 64, 1024, 113249697660928, 843776, 4158.47, 27233.5, 6.45083e+09, 8606696584, 4303356236, 1.05396 
1073741824, 106496, 104, 16, 64, 1024, 114349209288704, 851968, 4157.35, 27505.3, 6.45083e+09, 8606696356, 4303356196, 1.05396 
1073741824, 107520, 105, 16, 64, 1024, 115448720916480, 860160, 4169.65, 27687.9, 6.45083e+09, 8606696424, 4303356220, 1.05396 
1073741824, 108544, 106, 16, 64, 1024, 116548232544256, 868352, 4163.32, 27994, 6.45083e+09, 8606696440, 4303356228, 1.05396 
1073741824, 109568, 107, 16, 64, 1024, 117647744172032, 876544, 4164.51, 28250.1, 6.45083e+09, 8606696468, 4303356204, 1.05396 
1073741824, 110592, 108, 16, 64, 1024, 118747255799808, 884736, 4172.57, 28459, 6.45083e+09, 8606696412, 4303356180, 1.05396 
1073741824, 111616, 109, 16, 64, 1024, 119846767427584, 892928, 4160.81, 28803.7, 6.45083e+09, 8606696352, 4303356240, 1.05396 
1073741824, 112640, 110, 16, 64, 1024, 120946279055360, 901120, 4166.22, 29030.2, 6.45083e+09, 8606696416, 4303356256, 1.05396 
1073741824, 113664, 111, 16, 64, 1024, 122045790683136, 909312, 4168.74, 29276.4, 6.45083e+09, 8606696520, 4303356208, 1.05396 
1073741824, 114688, 112, 16, 64, 1024, 123145302310912, 917504, 4166.79, 29554, 6.45083e+09, 8606696684, 4303356220, 1.05396 
1073741824, 115712, 113, 16, 64, 1024, 124244813938688, 925696, 4168.95, 29802.4, 6.45083e+09, 8606696364, 4303356188, 1.05396 
1073741824, 116736, 114, 16, 64, 1024, 125344325566464, 933888, 4165.43, 30091.6, 6.45083e+09, 8606696848, 4303356208, 1.05396 
1073741824, 117760, 115, 16, 64, 1024, 126443837194240, 942080, 4169.22, 30328, 6.45083e+09, 8606696404, 4303356232, 1.05396 
1073741824, 118784, 116, 16, 64, 1024, 127543348822016, 950272, 4172.82, 30565.2, 6.45083e+09, 8606696896, 4303356196, 1.05396 
1073741824, 119808, 117, 16, 64, 1024, 128642860449792, 958464, 4170.38, 30846.8, 6.45083e+09, 8606696428, 4303356240, 1.05396 
1073741824, 120832, 118, 16, 64, 1024, 129742372077568, 966656, 4171.04, 31105.5, 6.45083e+09, 8606696412, 4303356256, 1.05396 
1073741824, 121856, 119, 16, 64, 1024, 130841883705344, 974848, 4167.07, 31399, 6.45083e+09, 8606696432, 4303356216, 1.05396 
1073741824, 122880, 120, 16, 64, 1024, 131941395333120, 983040, 4170.72, 31635.2, 6.45083e+09, 8606696884, 4303356204, 1.05396 
1073741824, 123904, 121, 16, 64, 1024, 133040906960896, 991232, 4170.19, 31902.8, 6.45083e+09, 8606696392, 4303356208, 1.05396 
1073741824, 124928, 122, 16, 64, 1024, 134140418588672, 999424, 4176.23, 32120, 6.45083e+09, 8606696380, 4303356236, 1.05396 
1073741824, 125952, 123, 16, 64, 1024, 135239930216448, 1007616, 4171.14, 32422.7, 6.45083e+09, 8606696604, 4303356196, 1.05396 
1073741824, 126976, 124, 16, 64, 1024, 136339441844224, 1015808, 4173.89, 32664.9, 6.45083e+09, 8606696844, 4303356192, 1.05396 
1073741824, 128000, 125, 16, 64, 1024, 137438953472000, 1024000, 4173.15, 32934.1, 6.45083e+09, 8606697752, 4303356832, 1.05396 
1073741824, 129024, 126, 16, 64, 1024, 138538465099776, 1032192, 4173.33, 33196.2, 6.45083e+09, 8606697832, 4303356220, 1.05396 
1073741824, 130048, 127, 16, 64, 1024, 139637976727552, 1040384, 4186.54, 33354, 6.45083e+09, 8606696404, 4303356232, 1.05396 
1073741824, 131072, 128, 16, 64, 1024, 140737488355328, 1048576, 4173.47, 33721.9, 6.45083e+09, 8606696384, 4303356200, 1.05396 
1073741824, 132096, 129, 16, 64, 1024, 141836999983104, 1056768, 4179.97, 33932.5, 6.45083e+09, 8606696460, 4303356124, 1.05396 
1073741824, 133120, 130, 16, 64, 1024, 142936511610880, 1064960, 4177.16, 34218.6, 6.45083e+09, 8606696408, 4303356236, 1.05396 
1073741824, 134144, 131, 16, 64, 1024, 144036023238656, 1073152, 4179.04, 34466.3, 6.45083e+09, 8606696404, 4303356224, 1.05396 
1073741824, 135168, 132, 16, 64, 1024, 145135534866432, 1081344, 4181.13, 34712.1, 6.45083e+09, 8606696444, 4303356244, 1.05396 
1073741824, 136192, 133, 16, 64, 1024, 146235046494208, 1089536, 4178.72, 34995.2, 6.45083e+09, 8606697496, 4303356228, 1.05396 
1073741824, 137216, 134, 16, 64, 1024, 147334558121984, 1097728, 4185.73, 35199.2, 6.45083e+09, 8606696464, 4303356224, 1.05396 
1073741824, 138240, 135, 16, 64, 1024, 148434069749760, 1105920, 4176.07, 35544, 6.45083e+09, 8606696396, 4303356224, 1.05396 
1073741824, 139264, 136, 16, 64, 1024, 149533581377536, 1114112, 4181.72, 35758.9, 6.45083e+09, 8606696412, 4303356240, 1.05396 
1073741824, 140288, 137, 16, 64, 1024, 150633093005312, 1122304, 4180.89, 36029, 6.45083e+09, 8606696424, 4303356184, 1.05396 
1073741824, 141312, 138, 16, 64, 1024, 151732604633088, 1130496, 4187.16, 36237.6, 6.45083e+09, 8606696396, 4303356236, 1.05396 
1073741824, 142336, 139, 16, 64, 1024, 152832116260864, 1138688, 4183.45, 36532.6, 6.45083e+09, 8606696376, 4303356232, 1.05396 
1073741824, 143360, 140, 16, 64, 1024, 153931627888640, 1146880, 4184.23, 36788.5, 6.45083e+09, 8606696392, 4303356204, 1.05396 
1073741824, 144384, 141, 16, 64, 1024, 155031139516416, 1155072, 4182.46, 37067, 6.45083e+09, 8606696868, 4303356224, 1.05396 
1073741824, 145408, 142, 16, 64, 1024, 156130651144192, 1163264, 4185.31, 37304.4, 6.45083e+09, 8606696968, 4303356244, 1.05396 
1073741824, 146432, 143, 16, 64, 1024, 157230162771968, 1171456, 4181.69, 37599.7, 6.45083e+09, 8606696532, 4303356256, 1.05396 
1073741824, 147456, 144, 16, 64, 1024, 158329674399744, 1179648, 4185.98, 37823.8, 6.45083e+09, 8606696452, 4303356196, 1.05396 
1073741824, 148480, 145, 16, 64, 1024, 159429186027520, 1187840, 4182.98, 38113.8, 6.45083e+09, 8606696424, 4303356220, 1.05396 
1073741824, 149504, 146, 16, 64, 1024, 160528697655296, 1196032, 4191.8, 38295.9, 6.45083e+09, 8606696352, 4303356196, 1.05396 
1073741824, 150528, 147, 16, 64, 1024, 161628209283072, 1204224, 4186.49, 38607.1, 6.45083e+09, 8606696636, 4303356228, 1.05396 
1073741824, 151552, 148, 16, 64, 1024, 162727720910848, 1212416, 4194.07, 38799.5, 6.45083e+09, 8606696528, 4303356188, 1.05396 
1073741824, 152576, 149, 16, 64, 1024, 163827232538624, 1220608, 4185.75, 39139.3, 6.45083e+09, 8606697120, 4303356220, 1.05396 
1073741824, 153600, 150, 16, 64, 1024, 164926744166400, 1228800, 4194.9, 39316, 6.45083e+09, 8606696388, 4303356228, 1.05396 
1073741824, 154624, 151, 16, 64, 1024, 166026255794176, 1236992, 4183.91, 39682.1, 6.45083e+09, 8606696416, 4303356228, 1.05396 
1073741824, 155648, 152, 16, 64, 1024, 167125767421952, 1245184, 4196.23, 39827.6, 6.45083e+09, 8606696876, 4303356208, 1.05396 
1073741824, 156672, 153, 16, 64, 1024, 168225279049728, 1253376, 4186.43, 40183.4, 6.45083e+09, 8606696428, 4303356232, 1.05396 
1073741824, 157696, 154, 16, 64, 1024, 169324790677504, 1261568, 4199.6, 40319.2, 6.45083e+09, 8606696376, 4303356236, 1.05396 
1073741824, 158720, 155, 16, 64, 1024, 170424302305280, 1269760, 4189.75, 40676.5, 6.45083e+09, 8606696388, 4303356244, 1.05396 
1073741824, 159744, 156, 16, 64, 1024, 171523813933056, 1277952, 4194.83, 40889.3, 6.45083e+09, 8606697792, 4303356216, 1.05396 
1073741824, 160768, 157, 16, 64, 1024, 172623325560832, 1286144, 4190.24, 41196.5, 6.45083e+09, 8606696524, 4303356232, 1.05396 
1073741824, 161792, 158, 16, 64, 1024, 173722837188608, 1294336, 4196.56, 41396.5, 6.45083e+09, 8606697732, 4303356248, 1.05396 
1073741824, 162816, 159, 16, 64, 1024, 174822348816384, 1302528, 4190.47, 41719.1, 6.45083e+09, 8606696484, 4303356232, 1.05396 
1073741824, 163840, 160, 16, 64, 1024, 175921860444160, 1310720, 4195.25, 41933.6, 6.45083e+09, 8606697004, 4303356192, 1.05396 
1073741824, 164864, 161, 16, 64, 1024, 177021372071936, 1318912, 4192.21, 42226.2, 6.45083e+09, 8606696392, 4303356104, 1.05396 
1073741824, 165888, 162, 16, 64, 1024, 178120883699712, 1327104, 4200.09, 42408.9, 6.45083e+09, 8606697072, 4303356252, 1.05396 
1073741824, 166912, 163, 16, 64, 1024, 179220395327488, 1335296, 4196.8, 42704, 6.45083e+09, 8606696396, 4303356228, 1.05396 
1073741824, 167936, 164, 16, 64, 1024, 180319906955264, 1343488, 4199.48, 42938.6, 6.45083e+09, 8606697232, 4303356192, 1.05396 
1073741824, 168960, 165, 16, 64, 1024, 181419418583040, 1351680, 4195.79, 43238.4, 6.45083e+09, 8606696948, 4303356208, 1.05396 
1073741824, 169984, 166, 16, 64, 1024, 182518930210816, 1359872, 4198.66, 43470.7, 6.45083e+09, 8606696412, 4303356268, 1.05396 
1073741824, 171008, 167, 16, 64, 1024, 183618441838592, 1368064, 4196.55, 43754.7, 6.45083e+09, 8606696672, 4303356192, 1.05396 
1073741824, 172032, 168, 16, 64, 1024, 184717953466368, 1376256, 4200.92, 43970.8, 6.45083e+09, 8606696376, 4303356236, 1.05396 
1073741824, 173056, 169, 16, 64, 1024, 185817465094144, 1384448, 4199.91, 44243.2, 6.45083e+09, 8606696408, 4303356244, 1.05396 
1073741824, 174080, 170, 16, 64, 1024, 186916976721920, 1392640, 4203.48, 44467.2, 6.45083e+09, 8606697036, 4303356196, 1.05396 
1073741824, 175104, 171, 16, 64, 1024, 188016488349696, 1400832, 4202.65, 44737.6, 6.45083e+09, 8606696412, 4303356232, 1.05396 
1073741824, 176128, 172, 16, 64, 1024, 189115999977472, 1409024, 4200.93, 45017.6, 6.45083e+09, 8606696792, 4303356232, 1.05396 
1073741824, 177152, 173, 16, 64, 1024, 190215511605248, 1417216, 4202.91, 45258.1, 6.45083e+09, 8606696396, 4303356232, 1.05396 
1073741824, 178176, 174, 16, 64, 1024, 191315023233024, 1425408, 4201.1, 45539.3, 6.45083e+09, 8606696896, 4303356236, 1.05396 
1073741824, 179200, 175, 16, 64, 1024, 192414534860800, 1433600, 4203.53, 45774.5, 6.45083e+09, 8606696388, 4303356244, 1.05396 
1073741824, 180224, 176, 16, 64, 1024, 193514046488576, 1441792, 4201.71, 46056, 6.45083e+09, 8606696388, 4303356196, 1.05396 
1073741824, 181248, 177, 16, 64, 1024, 194613558116352, 1449984, 4205.1, 46280.4, 6.45083e+09, 8606697032, 4303356204, 1.05396 
1073741824, 182272, 178, 16, 64, 1024, 195713069744128, 1458176, 4205.77, 46534.4, 6.45083e+09, 8606696400, 4303356196, 1.05396 
1073741824, 183296, 179, 16, 64, 1024, 196812581371904, 1466368, 4208.12, 46769.7, 6.45083e+09, 8606696372, 4303356192, 1.05396 
1073741824, 184320, 180, 16, 64, 1024, 197912092999680, 1474560, 4207.46, 47038.4, 6.45083e+09, 8606697196, 4303356228, 1.05396 
1073741824, 185344, 181, 16, 64, 1024, 199011604627456, 1482752, 4207.22, 47302.4, 6.45083e+09, 8606696376, 4303356216, 1.05396 
1073741824, 186368, 182, 16, 64, 1024, 200111116255232, 1490944, 4206.56, 47571.2, 6.45083e+09, 8606697088, 4303356220, 1.05396 
1073741824, 187392, 183, 16, 64, 1024, 201210627883008, 1499136, 4207.08, 47826.7, 6.45083e+09, 8606696420, 4303356204, 1.05396 
1073741824, 188416, 184, 16, 64, 1024, 202310139510784, 1507328, 4209.6, 48059.2, 6.45083e+09, 8606697720, 4303356240, 1.05396 
1073741824, 189440, 185, 16, 64, 1024, 203409651138560, 1515520, 4210.6, 48308.9, 6.45083e+09, 8606696384, 4303356208, 1.05396 
1073741824, 190464, 186, 16, 64, 1024, 204509162766336, 1523712, 4213.87, 48532.4, 6.45083e+09, 8606697000, 4303356248, 1.05396 
1073741824, 191488, 187, 16, 64, 1024, 205608674394112, 1531904, 4213.05, 48802.8, 6.45083e+09, 8606696884, 4303356236, 1.05396 
1073741824, 192512, 188, 16, 64, 1024, 206708186021888, 1540096, 4210.63, 49091.9, 6.45083e+09, 8606697092, 4303356208, 1.05396 
1073741824, 193536, 189, 16, 64, 1024, 207807697649664, 1548288, 4212.94, 49326.1, 6.45083e+09, 8606696824, 4303356216, 1.05396 
1073741824, 194560, 190, 16, 64, 1024, 208907209277440, 1556480, 4212.29, 49594.7, 6.45083e+09, 8606696952, 4303356204, 1.05396 
1073741824, 195584, 191, 16, 64, 1024, 210006720905216, 1564672, 4212.9, 49848.5, 6.45083e+09, 8606696768, 4303356216, 1.05396 
1073741824, 196608, 192, 16, 64, 1024, 211106232532992, 1572864, 4210.82, 50134.2, 6.45083e+09, 8606696384, 4303356236, 1.05396 
1073741824, 197632, 193, 16, 64, 1024, 212205744160768, 1581056, 4212.08, 50380.3, 6.45083e+09, 8606696540, 4303356132, 1.05396 
1073741824, 198656, 194, 16, 64, 1024, 213305255788544, 1589248, 4218.43, 50565.1, 6.45083e+09, 8606696528, 4303356220, 1.05396 
1073741824, 199680, 195, 16, 64, 1024, 214404767416320, 1597440, 4218.3, 50827.3, 6.45083e+09, 8606697120, 4303356208, 1.05396 
1073741824, 200704, 196, 16, 64, 1024, 215504279044096, 1605632, 4218.73, 51082.7, 6.45083e+09, 8606697180, 4303356196, 1.05396 
1073741824, 201728, 197, 16, 64, 1024, 216603790671872, 1613824, 4218.48, 51346.4, 6.45083e+09, 8606697040, 4303356192, 1.05396 
1073741824, 202752, 198, 16, 64, 1024, 217703302299648, 1622016, 4217.36, 51620.7, 6.45083e+09, 8606696596, 4303356248, 1.05396 
1073741824, 203776, 199, 16, 64, 1024, 218802813927424, 1630208, 4215.8, 51900.7, 6.45083e+09, 8606696908, 4303356180, 1.05396 
1073741824, 204800, 200, 16, 64, 1024, 219902325555200, 1638400, 4217.69, 52138.1, 6.45083e+09, 8606696500, 4303356196, 1.05396 
1073741824, 205824, 201, 16, 64, 1024, 221001837182976, 1646592, 4218.86, 52384.3, 6.45083e+09, 8606696508, 4303356224, 1.05396 
1073741824, 206848, 202, 16, 64, 1024, 222101348810752, 1654784, 4223.93, 52581.7, 6.45083e+09, 8606696484, 4303356228, 1.05396 
1073741824, 207872, 203, 16, 64, 1024, 223200860438528, 1662976, 4223.68, 52845.1, 6.45083e+09, 8606697040, 4303356224, 1.05396 
1073741824, 208896, 204, 16, 64, 1024, 224300372066304, 1671168, 4220.67, 53143.3, 6.45083e+09, 8606697172, 4303356220, 1.05396 
1073741824, 209920, 205, 16, 64, 1024, 225399883694080, 1679360, 4223.27, 53370.9, 6.45083e+09, 8606696704, 4303356220, 1.05396 
1073741824, 210944, 206, 16, 64, 1024, 226499395321856, 1687552, 4222.81, 53637.1, 6.45083e+09, 8606696580, 4303356236, 1.05396 
1073741824, 211968, 207, 16, 64, 1024, 227598906949632, 1695744, 4222.43, 53902.3, 6.45083e+09, 8606696560, 4303356228, 1.05396 
1073741824, 212992, 208, 16, 64, 1024, 228698418577408, 1703936, 4223.47, 54149.4, 6.45083e+09, 8606696560, 4303356200, 1.05396 
1073741824, 214016, 209, 16, 64, 1024, 229797930205184, 1712128, 4224.5, 54396.5, 6.45083e+09, 8606696592, 4303356200, 1.05396 
1073741824, 215040, 210, 16, 64, 1024, 230897441832960, 1720320, 4225.86, 54639.1, 6.45083e+09, 8606696536, 4303356224, 1.05396 
1073741824, 216064, 211, 16, 64, 1024, 231996953460736, 1728512, 4227.7, 54875.5, 6.45083e+09, 8606697184, 4303356192, 1.05396 
1073741824, 217088, 212, 16, 64, 1024, 233096465088512, 1736704, 4228.07, 55130.8, 6.45083e+09, 8606697116, 4303356220, 1.05396 
1073741824, 218112, 213, 16, 64, 1024, 234195976716288, 1744896, 4224.88, 55432.6, 6.45083e+09, 8606697520, 4303356192, 1.05396 
1073741824, 219136, 214, 16, 64, 1024, 235295488344064, 1753088, 4228.12, 55650.1, 6.45083e+09, 8606697352, 4303356216, 1.05396 
1073741824, 220160, 215, 16, 64, 1024, 236394999971840, 1761280, 4224.06, 55963.9, 6.45083e+09, 8606696628, 4303356204, 1.05396 
1073741824, 221184, 216, 16, 64, 1024, 237494511599616, 1769472, 4226.48, 56192, 6.45083e+09, 8606696680, 4303356244, 1.05396 
1073741824, 222208, 217, 16, 64, 1024, 238594023227392, 1777664, 4228.97, 56419, 6.45083e+09, 8606696528, 4303356248, 1.05396 
1073741824, 223232, 218, 16, 64, 1024, 239693534855168, 1785856, 4230.74, 56655.3, 6.45083e+09, 8606696856, 4303356208, 1.05396 
1073741824, 224256, 219, 16, 64, 1024, 240793046482944, 1794048, 4230.42, 56919.4, 6.45083e+09, 8606696436, 4303356196, 1.05396 
1073741824, 225280, 220, 16, 64, 1024, 241892558110720, 1802240, 4235.56, 57109.9, 6.45083e+09, 8606696488, 4303356212, 1.05396 
1073741824, 226304, 221, 16, 64, 1024, 242992069738496, 1810432, 4230.67, 57435.8, 6.45083e+09, 8606696496, 4303356216, 1.05396 
1073741824, 227328, 222, 16, 64, 1024, 244091581366272, 1818624, 4232.86, 57665.9, 6.45083e+09, 8606696544, 4303356188, 1.05396 
1073741824, 228352, 223, 16, 64, 1024, 245191092994048, 1826816, 4232.2, 57934.6, 6.45083e+09, 8606697040, 4303356196, 1.05396 
1073741824, 229376, 224, 16, 64, 1024, 246290604621824, 1835008, 4232.33, 58192.6, 6.45083e+09, 8606696860, 4303356212, 1.05396 
1073741824, 230400, 225, 16, 64, 1024, 247390116249600, 1843200, 4233.99, 58429.5, 6.45083e+09, 8606696416, 4303356132, 1.05396 
1073741824, 231424, 226, 16, 64, 1024, 248489627877376, 1851392, 4235.62, 58666.7, 6.45083e+09, 8606696408, 4303356228, 1.05396 
1073741824, 232448, 227, 16, 64, 1024, 249589139505152, 1859584, 4238.42, 58887.2, 6.45083e+09, 8606697028, 4303356200, 1.05396 
1073741824, 233472, 228, 16, 64, 1024, 250688651132928, 1867776, 4236.27, 59176.7, 6.45083e+09, 8606696916, 4303356184, 1.05396 
1073741824, 234496, 229, 16, 64, 1024, 251788162760704, 1875968, 4238.38, 59406.8, 6.45083e+09, 8606696580, 4303356196, 1.05396 
1073741824, 235520, 230, 16, 64, 1024, 252887674388480, 1884160, 4237.31, 59681.1, 6.45083e+09, 8606696608, 4303356188, 1.05396 
1073741824, 236544, 231, 16, 64, 1024, 253987186016256, 1892352, 4236.29, 59955.1, 6.45083e+09, 8606696400, 4303356208, 1.05396 
1073741824, 237568, 232, 16, 64, 1024, 255086697644032, 1900544, 4236.22, 60215.6, 6.45083e+09, 8606696628, 4303356176, 1.05396 
1073741824, 238592, 233, 16, 64, 1024, 256186209271808, 1908736, 4238.99, 60435.6, 6.45083e+09, 8606696376, 4303356180, 1.05396 
1073741824, 239616, 234, 16, 64, 1024, 257285720899584, 1916928, 4244.8, 60611.9, 6.45083e+09, 8606696420, 4303356204, 1.05396 
1073741824, 240640, 235, 16, 64, 1024, 258385232527360, 1925120, 4242.47, 60904.5, 6.45083e+09, 8606697120, 4303356192, 1.05396 
1073741824, 241664, 236, 16, 64, 1024, 259484744155136, 1933312, 4243.29, 61151.8, 6.45083e+09, 8606696408, 4303356200, 1.05396 
1073741824, 242688, 237, 16, 64, 1024, 260584255782912, 1941504, 4241, 61444.1, 6.45083e+09, 8606696668, 4303356212, 1.05396 
1073741824, 243712, 238, 16, 64, 1024, 261683767410688, 1949696, 4244.13, 61657.9, 6.45083e+09, 8606696520, 4303356220, 1.05396 
1073741824, 244736, 239, 16, 64, 1024, 262783279038464, 1957888, 4242.04, 61947.4, 6.45083e+09, 8606696508, 4303356192, 1.05396 
1073741824, 245760, 240, 16, 64, 1024, 263882790666240, 1966080, 4244.65, 62168.3, 6.45083e+09, 8606696504, 4303356180, 1.05396 
1073741824, 246784, 241, 16, 64, 1024, 264982302294016, 1974272, 4244.87, 62424.1, 6.45083e+09, 8606696392, 4303356212, 1.05396 
1073741824, 247808, 242, 16, 64, 1024, 266081813921792, 1982464, 4250.01, 62607.4, 6.45083e+09, 8606696684, 4303356196, 1.05396 
1073741824, 248832, 243, 16, 64, 1024, 267181325549568, 1990656, 4247.38, 62905, 6.45083e+09, 8606696968, 4303356200, 1.05396 
1073741824, 249856, 244, 16, 64, 1024, 268280837177344, 1998848, 4248.83, 63142.3, 6.45083e+09, 8606697396, 4303356208, 1.05396 
1073741824, 250880, 245, 16, 64, 1024, 269380348805120, 2007040, 4246.9, 63429.9, 6.45083e+09, 8606696396, 4303356192, 1.05396 
1073741824, 251904, 246, 16, 64, 1024, 270479860432896, 2015232, 4248.55, 63664.1, 6.45083e+09, 8606697272, 4303356416, 1.05396 
1073741824, 252928, 247, 16, 64, 1024, 271579372060672, 2023424, 4248.64, 63921.5, 6.45083e+09, 8606696912, 4303356288, 1.05396 
1073741824, 253952, 248, 16, 64, 1024, 272678883688448, 2031616, 4250.72, 64148.9, 6.45083e+09, 8606697176, 4303356316, 1.05396 
1073741824, 254976, 249, 16, 64, 1024, 273778395316224, 2039808, 4250.74, 64407.2, 6.45083e+09, 8606696964, 4303356280, 1.05396 
1073741824, 256000, 250, 16, 64, 1024, 274877906944000, 2048000, 4252.81, 64634.4, 6.45083e+09, 8606696620, 4303356292, 1.05396 
1073741824, 257024, 251, 16, 64, 1024, 275977418571776, 2056192, 4255.2, 64856.5, 6.45083e+09, 8606696972, 4303356236, 1.05396 
1073741824, 258048, 252, 16, 64, 1024, 277076930199552, 2064384, 4254.62, 65123.8, 6.45083e+09, 8606697144, 4303356284, 1.05396 
1073741824, 259072, 253, 16, 64, 1024, 278176441827328, 2072576, 4254.19, 65388.8, 6.45083e+09, 8606697204, 4303356260, 1.05396 
1073741824, 260096, 254, 16, 64, 1024, 279275953455104, 2080768, 4252.57, 65672.2, 6.45083e+09, 8606697576, 4303356208, 1.05396 
1073741824, 261120, 255, 16, 64, 1024, 280375465082880, 2088960, 4252.77, 65927.8, 6.45083e+09, 8606696536, 4303356204, 1.05396 
1073741824, 262144, 256, 16, 64, 1024, 281474976710656, 2097152, 4254.74, 66155.7, 6.45083e+09, 8606696604, 4303356180, 1.05396 
1073741824, 263168, 257, 16, 64, 1024, 282574488338432, 2105344, 4256.65, 66384.3, 6.45083e+09, 8606698560, 4303356788, 1.05396 
1073741824, 264192, 258, 16, 64, 1024, 283673999966208, 2113536, 4259.19, 66602.9, 6.45083e+09, 8606696556, 4303356212, 1.05396 
1073741824, 265216, 259, 16, 64, 1024, 284773511593984, 2121728, 4258.9, 66865.5, 6.45083e+09, 8606696644, 4303356196, 1.05396 
1073741824, 266240, 260, 16, 64, 1024, 285873023221760, 2129920, 4258.26, 67133.7, 6.45083e+09, 8606696596, 4303356204, 1.05396 
1073741824, 267264, 261, 16, 64, 1024, 286972534849536, 2138112, 4258.62, 67386.3, 6.45083e+09, 8606697008, 4303356184, 1.05396 
1073741824, 268288, 262, 16, 64, 1024, 288072046477312, 2146304, 4259.48, 67630.8, 6.45083e+09, 8606696768, 4303356188, 1.05396 
1073741824, 269312, 263, 16, 64, 1024, 289171558105088, 2154496, 4259.21, 67893.3, 6.45083e+09, 8606696864, 4303356220, 1.05396 
1073741824, 270336, 264, 16, 64, 1024, 290271069732864, 2162688, 4257.37, 68180.9, 6.45083e+09, 8606696976, 4303356188, 1.05396 
1073741824, 271360, 265, 16, 64, 1024, 291370581360640, 2170880, 4260.59, 68387.4, 6.45083e+09, 8606696716, 4303356188, 1.05396 
1073741824, 272384, 266, 16, 64, 1024, 292470092988416, 2179072, 4264.85, 68576.9, 6.45083e+09, 8606696544, 4303356184, 1.05396 
1073741824, 273408, 267, 16, 64, 1024, 293569604616192, 2187264, 4263.65, 68854.1, 6.45083e+09, 8606696696, 4303356192, 1.05396 
1073741824, 274432, 268, 16, 64, 1024, 294669116243968, 2195456, 4264.95, 69090.9, 6.45083e+09, 8606696528, 4303356216, 1.05396 
1073741824, 275456, 269, 16, 64, 1024, 295768627871744, 2203648, 4264.7, 69352.7, 6.45083e+09, 8606696672, 4303356184, 1.05396 
1073741824, 276480, 270, 16, 64, 1024, 296868139499520, 2211840, 4263.82, 69625, 6.45083e+09, 8606696556, 4303356200, 1.05396 
1073741824, 277504, 271, 16, 64, 1024, 297967651127296, 2220032, 4263.92, 69881.1, 6.45083e+09, 8606696720, 4303356192, 1.05396 
1073741824, 278528, 272, 16, 64, 1024, 299067162755072, 2228224, 4264.19, 70134.5, 6.45083e+09, 8606696568, 4303356192, 1.05396 
1073741824, 279552, 273, 16, 64, 1024, 300166674382848, 2236416, 4266.85, 70348.5, 6.45083e+09, 8606696732, 4303356192, 1.05396 
1073741824, 280576, 274, 16, 64, 1024, 301266186010624, 2244608, 4269.72, 70558.7, 6.45083e+09, 8606697136, 4303356184, 1.05396 
1073741824, 281600, 275, 16, 64, 1024, 302365697638400, 2252800, 4270.21, 70808.2, 6.45083e+09, 8606696700, 4303356184, 1.05396 
1073741824, 282624, 276, 16, 64, 1024, 303465209266176, 2260992, 4269.68, 71074.5, 6.45083e+09, 8606697672, 4303356184, 1.05396 
1073741824, 283648, 277, 16, 64, 1024, 304564720893952, 2269184, 4269.36, 71337.4, 6.45083e+09, 8606696552, 4303356184, 1.05396 
1073741824, 284672, 278, 16, 64, 1024, 305664232521728, 2277376, 4268.4, 71611, 6.45083e+09, 8606696712, 4303356188, 1.05396 
1073741824, 285696, 279, 16, 64, 1024, 306763744149504, 2285568, 4269.13, 71856.3, 6.45083e+09, 8606696672, 4303356192, 1.05396 
1073741824, 286720, 280, 16, 64, 1024, 307863255777280, 2293760, 4268.75, 72120.2, 6.45083e+09, 8606696984, 4303356200, 1.05396 
1073741824, 287744, 281, 16, 64, 1024, 308962767405056, 2301952, 4270.99, 72339.8, 6.45083e+09, 8606696740, 4303356160, 1.05396 
1073741824, 288768, 282, 16, 64, 1024, 310062279032832, 2310144, 4274.28, 72541.4, 6.45083e+09, 8606697224, 4303356192, 1.05396 
1073741824, 289792, 283, 16, 64, 1024, 311161790660608, 2318336, 4273.3, 72815.3, 6.45083e+09, 8606696712, 4303356184, 1.05396 
1073741824, 290816, 284, 16, 64, 1024, 312261302288384, 2326528, 4273.69, 73066, 6.45083e+09, 8606697248, 4303356192, 1.05396 
1073741824, 291840, 285, 16, 64, 1024, 313360813916160, 2334720, 4273.98, 73318.3, 6.45083e+09, 8606696716, 4303356200, 1.05396 
1073741824, 292864, 286, 16, 64, 1024, 314460325543936, 2342912, 4273.52, 73583.5, 6.45083e+09, 8606696908, 4303356200, 1.05396 
1073741824, 293888, 287, 16, 64, 1024, 315559837171712, 2351104, 4274.08, 73831, 6.45083e+09, 8606696648, 4303356192, 1.05396 
1073741824, 294912, 288, 16, 64, 1024, 316659348799488, 2359296, 4274.18, 74086.5, 6.45083e+09, 8606696640, 4303356184, 1.05396 
1073741824, 295936, 289, 16, 64, 1024, 317758860427264, 2367488, 4278.44, 74269.8, 6.45083e+09, 8606696664, 4303356188, 1.05396 
1073741824, 296960, 290, 16, 64, 1024, 318858372055040, 2375680, 4280.81, 74485.5, 6.45083e+09, 8606696608, 4303356184, 1.05396 
1073741824, 297984, 291, 16, 64, 1024, 319957883682816, 2383872, 4280.74, 74743.6, 6.45083e+09, 8606696744, 4303356192, 1.05396 
1073741824, 299008, 292, 16, 64, 1024, 321057395310592, 2392064, 4280.63, 75002.3, 6.45083e+09, 8606696576, 4303356208, 1.05396 
1073741824, 300032, 293, 16, 64, 1024, 322156906938368, 2400256, 4280.68, 75258.3, 6.45083e+09, 8606696712, 4303356184, 1.05396 
1073741824, 301056, 294, 16, 64, 1024, 323256418566144, 2408448, 4280.62, 75516.3, 6.45083e+09, 8606696964, 4303356216, 1.05396 
1073741824, 302080, 295, 16, 64, 1024, 324355930193920, 2416640, 4281.75, 75753.1, 6.45083e+09, 8606696768, 4303356188, 1.05396 
1073741824, 303104, 296, 16, 64, 1024, 325455441821696, 2424832, 4281, 76023.3, 6.45083e+09, 8606697064, 4303356196, 1.05396 
1073741824, 304128, 297, 16, 64, 1024, 326554953449472, 2433024, 4282.56, 76252.3, 6.45083e+09, 8606696732, 4303356188, 1.05396 
1073741824, 305152, 298, 16, 64, 1024, 327654465077248, 2441216, 4285.17, 76462.4, 6.45083e+09, 8606696588, 4303356188, 1.05396 
1073741824, 306176, 299, 16, 64, 1024, 328753976705024, 2449408, 4285.95, 76705.1, 6.45083e+09, 8606696724, 4303356176, 1.05396 
1073741824, 307200, 300, 16, 64, 1024, 329853488332800, 2457600, 4285.42, 76971.1, 6.45083e+09, 8606696816, 4303356172, 1.05396 
1073741824, 308224, 301, 16, 64, 1024, 330952999960576, 2465792, 4285.27, 77230.3, 6.45083e+09, 8606696768, 4303356196, 1.05396 
1073741824, 309248, 302, 16, 64, 1024, 332052511588352, 2473984, 4282.87, 77530.4, 6.45083e+09, 8606696588, 4303356216, 1.05396 
1073741824, 310272, 303, 16, 64, 1024, 333152023216128, 2482176, 4283.54, 77774.9, 6.45083e+09, 8606696884, 4303356192, 1.05396 
1073741824, 311296, 304, 16, 64, 1024, 334251534843904, 2490368, 4283.6, 78030.5, 6.45083e+09, 8606696584, 4303356188, 1.05396 
