     data set   exec time     spread       Eff. bw
       512 kB      1536 kB         5ms       3.5%   19523.4 GB/s        0 GB/s      0 GB/s      0 GB/s      0 GB/s 
       512 kB      2048 kB         5ms       0.2%   19520.0 GB/s        0 GB/s      0 GB/s      0 GB/s      0 GB/s 
       512 kB      2560 kB         5ms       0.1%   19497.5 GB/s        0 GB/s      0 GB/s      0 GB/s      0 GB/s 
       512 kB      3072 kB         5ms       0.3%   19505.3 GB/s        0 GB/s      0 GB/s      0 GB/s      0 GB/s 
       512 kB      3584 kB         5ms       0.4%   19504.4 GB/s        0 GB/s      0 GB/s      0 GB/s      0 GB/s 
       512 kB      4096 kB         5ms       0.2%   19515.6 GB/s        0 GB/s      0 GB/s      0 GB/s      0 GB/s 
       512 kB      4608 kB         6ms       1.2%   17963.7 GB/s        0 GB/s      0 GB/s      0 GB/s      0 GB/s 
       512 kB      5120 kB         5ms       2.3%   19501.8 GB/s        0 GB/s      0 GB/s      0 GB/s      0 GB/s 
       512 kB      5632 kB         6ms       1.9%   17300.2 GB/s        0 GB/s      0 GB/s      0 GB/s      0 GB/s 
       512 kB      6144 kB         5ms       3.0%   19512.2 GB/s        0 GB/s      0 GB/s      0 GB/s      0 GB/s 
       512 kB      6656 kB         6ms       1.3%   16654.2 GB/s        0 GB/s      0 GB/s      0 GB/s      0 GB/s 
       512 kB      7168 kB         5ms       3.3%   19500.9 GB/s        0 GB/s      0 GB/s      0 GB/s      0 GB/s 
       512 kB      7680 kB         7ms       0.2%   14547.2 GB/s        0 GB/s      0 GB/s      0 GB/s      0 GB/s 
       512 kB      8192 kB         5ms       1.7%   19515.6 GB/s        0 GB/s      0 GB/s      0 GB/s      0 GB/s 
       512 kB      8704 kB         8ms       0.8%   12713.3 GB/s        0 GB/s      0 GB/s      0 GB/s      0 GB/s 
       512 kB      9216 kB         6ms       2.6%   17915.4 GB/s        0 GB/s      0 GB/s      0 GB/s      0 GB/s 
       512 kB      9728 kB        10ms       1.1%   10687.6 GB/s        0 GB/s      0 GB/s      0 GB/s      0 GB/s 
       512 kB     10240 kB         5ms       0.7%   19519.1 GB/s        0 GB/s      0 GB/s      0 GB/s      0 GB/s 
       512 kB     11264 kB         6ms       2.4%   17464.3 GB/s        0 GB/s      0 GB/s      0 GB/s      0 GB/s 
       512 kB     12288 kB         5ms       2.9%   19479.3 GB/s        0 GB/s      0 GB/s      0 GB/s      0 GB/s 
       512 kB     13312 kB         6ms      10.0%   16417.4 GB/s        0 GB/s      0 GB/s      0 GB/s      0 GB/s 
       512 kB     14336 kB         5ms       9.1%   19472.4 GB/s        0 GB/s      0 GB/s      0 GB/s      0 GB/s 
       512 kB     15360 kB         7ms       0.3%   14264.1 GB/s        0 GB/s      0 GB/s      0 GB/s      0 GB/s 
       512 kB     16896 kB        18ms       3.4%    5702.2 GB/s        0 GB/s      0 GB/s      0 GB/s      0 GB/s 
       512 kB     18432 kB         6ms       1.4%   18386.5 GB/s        0 GB/s      0 GB/s      0 GB/s      0 GB/s 
       512 kB     19968 kB        20ms       1.1%    5281.2 GB/s        0 GB/s      0 GB/s      0 GB/s      0 GB/s 
       512 kB     21504 kB        11ms       4.4%    9280.3 GB/s        0 GB/s      0 GB/s      0 GB/s      0 GB/s 
       512 kB     23552 kB        13ms       3.4%    8279.9 GB/s        0 GB/s      0 GB/s      0 GB/s      0 GB/s 
       512 kB     25600 kB        12ms      11.7%    8938.4 GB/s        0 GB/s      0 GB/s      0 GB/s      0 GB/s 
       512 kB     28160 kB        21ms       0.3%    5055.1 GB/s        0 GB/s      0 GB/s      0 GB/s      0 GB/s 
       512 kB     30720 kB         7ms       0.2%   14427.4 GB/s        0 GB/s      0 GB/s      0 GB/s      0 GB/s 
       512 kB     33792 kB        17ms       7.0%    6128.1 GB/s        0 GB/s      0 GB/s      0 GB/s      0 GB/s 
       512 kB     36864 kB         6ms       0.9%   18667.4 GB/s        0 GB/s      0 GB/s      0 GB/s      0 GB/s 
       512 kB     40448 kB        21ms       0.7%    5035.9 GB/s        0 GB/s      0 GB/s      0 GB/s      0 GB/s 
       512 kB     44032 kB        20ms       1.1%    5217.1 GB/s        0 GB/s      0 GB/s      0 GB/s      0 GB/s 
       512 kB     48128 kB        21ms       0.5%    5051.9 GB/s        0 GB/s      0 GB/s      0 GB/s      0 GB/s 
       512 kB     52736 kB        21ms       0.4%    5065.8 GB/s        0 GB/s      0 GB/s      0 GB/s      0 GB/s 
       512 kB     57856 kB        21ms       0.3%    5020.5 GB/s        0 GB/s      0 GB/s      0 GB/s      0 GB/s 
       512 kB     63488 kB        15ms      11.8%    6834.1 GB/s        0 GB/s      0 GB/s      0 GB/s      0 GB/s 
       512 kB     69632 kB         8ms       1.1%   12505.5 GB/s        0 GB/s      0 GB/s      0 GB/s      0 GB/s 
       512 kB     76288 kB        21ms       0.4%    5032.3 GB/s        0 GB/s      0 GB/s      0 GB/s      0 GB/s 
       512 kB     83456 kB        21ms       0.5%    5070.0 GB/s        0 GB/s      0 GB/s      0 GB/s      0 GB/s 
       512 kB     91648 kB        21ms       0.3%    5020.9 GB/s        0 GB/s      0 GB/s      0 GB/s      0 GB/s 
       512 kB    100352 kB        21ms       0.7%    5078.1 GB/s        0 GB/s      0 GB/s      0 GB/s      0 GB/s 
       512 kB    110080 kB        21ms       0.8%    5039.3 GB/s        0 GB/s      0 GB/s      0 GB/s      0 GB/s 
       512 kB    120832 kB        21ms       0.4%    5011.1 GB/s        0 GB/s      0 GB/s      0 GB/s      0 GB/s 
       512 kB    132608 kB        21ms       0.4%    4978.0 GB/s        0 GB/s      0 GB/s      0 GB/s      0 GB/s 
       512 kB    145408 kB        21ms       0.3%    4998.7 GB/s        0 GB/s      0 GB/s      0 GB/s      0 GB/s 
       512 kB    159744 kB        20ms       1.1%    5271.4 GB/s        0 GB/s      0 GB/s      0 GB/s      0 GB/s 
       512 kB    175616 kB        21ms       0.5%    5025.3 GB/s        0 GB/s      0 GB/s      0 GB/s      0 GB/s 
       512 kB    193024 kB        21ms       0.3%    4986.6 GB/s        0 GB/s      0 GB/s      0 GB/s      0 GB/s 
       512 kB    211968 kB        21ms       0.3%    4976.6 GB/s        0 GB/s      0 GB/s      0 GB/s      0 GB/s 
       512 kB    232960 kB        21ms       0.5%    4990.8 GB/s        0 GB/s      0 GB/s      0 GB/s      0 GB/s 
       512 kB    256000 kB        21ms       0.6%    5011.6 GB/s        0 GB/s      0 GB/s      0 GB/s      0 GB/s 
       512 kB    281600 kB        21ms       1.0%    4976.6 GB/s        0 GB/s      0 GB/s      0 GB/s      0 GB/s 
       512 kB    309760 kB        21ms       1.2%    5085.2 GB/s        0 GB/s      0 GB/s      0 GB/s      0 GB/s 
       512 kB    340480 kB        21ms       2.2%    5104.3 GB/s        0 GB/s      0 GB/s      0 GB/s      0 GB/s 
       512 kB    374272 kB        21ms       2.2%    5067.0 GB/s        0 GB/s      0 GB/s      0 GB/s      0 GB/s 
       512 kB    411648 kB        22ms       1.2%    4788.0 GB/s        0 GB/s      0 GB/s      0 GB/s      0 GB/s 
       512 kB    452608 kB        22ms       1.4%    4764.1 GB/s        0 GB/s      0 GB/s      0 GB/s      0 GB/s 
       512 kB    497664 kB        22ms       3.4%    4748.5 GB/s        0 GB/s      0 GB/s      0 GB/s      0 GB/s 
       512 kB    547328 kB        21ms       3.8%    4956.4 GB/s        0 GB/s      0 GB/s      0 GB/s      0 GB/s 
       512 kB    601600 kB        21ms       6.4%    4890.8 GB/s        0 GB/s      0 GB/s      0 GB/s      0 GB/s 
       512 kB    661504 kB        22ms       5.5%    4668.4 GB/s        0 GB/s      0 GB/s      0 GB/s      0 GB/s 
       512 kB    727552 kB        22ms       6.1%    4865.1 GB/s        0 GB/s      0 GB/s      0 GB/s      0 GB/s 
       512 kB    800256 kB        22ms       9.4%    4744.9 GB/s        0 GB/s      0 GB/s      0 GB/s      0 GB/s 
       512 kB    880128 kB        23ms       8.3%    4556.4 GB/s        0 GB/s      0 GB/s      0 GB/s      0 GB/s 
       512 kB    967680 kB        23ms      11.9%    4657.5 GB/s        0 GB/s      0 GB/s      0 GB/s      0 GB/s 
       512 kB   1064448 kB        26ms       1.6%    4047.6 GB/s        0 GB/s      0 GB/s      0 GB/s      0 GB/s 
       512 kB   1170432 kB        26ms       1.6%    3984.1 GB/s        0 GB/s      0 GB/s      0 GB/s      0 GB/s 
       512 kB   1287168 kB        25ms       5.9%    4167.5 GB/s        0 GB/s      0 GB/s      0 GB/s      0 GB/s 
       512 kB   1415680 kB        26ms       5.3%    4079.9 GB/s        0 GB/s      0 GB/s      0 GB/s      0 GB/s 
       512 kB   1556992 kB        27ms       2.2%    3954.1 GB/s        0 GB/s      0 GB/s      0 GB/s      0 GB/s 
       512 kB   1712640 kB        26ms       2.6%    3993.1 GB/s        0 GB/s      0 GB/s      0 GB/s      0 GB/s 
       512 kB   1883648 kB        26ms       6.8%    4039.2 GB/s        0 GB/s      0 GB/s      0 GB/s      0 GB/s 
       512 kB   2071552 kB        27ms       5.1%    3880.0 GB/s        0 GB/s      0 GB/s      0 GB/s      0 GB/s 
       512 kB   2278400 kB        27ms       5.9%    3894.8 GB/s        0 GB/s      0 GB/s      0 GB/s      0 GB/s 
       512 kB   2506240 kB        27ms       4.5%    3863.6 GB/s        0 GB/s      0 GB/s      0 GB/s      0 GB/s 
       512 kB   2756608 kB        27ms       4.2%    3889.8 GB/s        0 GB/s      0 GB/s      0 GB/s      0 GB/s 
       512 kB   3032064 kB        27ms       3.4%    3871.3 GB/s        0 GB/s      0 GB/s      0 GB/s      0 GB/s 
       512 kB   3335168 kB        27ms       5.0%    3897.8 GB/s        0 GB/s      0 GB/s      0 GB/s      0 GB/s 
       512 kB   3668480 kB        26ms       6.0%    3969.8 GB/s        0 GB/s      0 GB/s      0 GB/s      0 GB/s 
       512 kB   4035072 kB        27ms       2.7%    3815.4 GB/s        0 GB/s      0 GB/s      0 GB/s      0 GB/s 
       512 kB   4438528 kB        27ms       4.9%    3924.9 GB/s        0 GB/s      0 GB/s      0 GB/s      0 GB/s 
       512 kB   4881920 kB        26ms       6.0%    3971.3 GB/s        0 GB/s      0 GB/s      0 GB/s      0 GB/s 
