clock: 2100 2100 2100 2100 2100 2100 2100 2100 2100 2100 2100 2100 2097 2087 2074 2063 2051 2036 2028 2035 2051 
   100000  2051        2      5.7   116.3 113.6 113.6 125.3
   100000  2051      3.1      5.6   115.7 113.7 113.6 125.4
   100000  2051      4.1      5.8   119.0 117.5 113.6 125.4
   100000  2051      5.2      5.8   118.8 117.6 113.6 125.4
   100000  2051      6.5      5.6   115.3 113.7 113.7 125.4
   100000  2051      7.8      5.6   115.3 113.7 113.6 125.4
   100000  2051      8.6      5.8   119.7 117.6 113.7 125.5
   100000  2051      9.8      5.8   118.4 117.6 113.7 125.5
   100000  2051     11.2      5.6   115.6 113.7 113.7 125.5
   100000  2051     12.5      5.7   117.8 113.7 113.7 125.5
   100000  2051     13.6      5.8   119.5 117.7 113.7 125.5
   100000  2051     15.2      5.7   116.8 117.6 113.7 125.5
   100000  2051     16.8      5.6   115.4 113.8 113.8 125.5
   100000  2051     18.0      5.7   116.9 113.8 113.7 125.5
   100000  2051     20.1      5.8   119.5 117.7 113.8 125.6
   100000  2051     21.4      5.7   117.9 113.8 113.8 125.5
   100000  2051     23.5      5.6   115.4 113.8 113.8 125.5
   100000  2051     25.8      5.8   118.7 117.7 113.8 125.6
   100000  2051     27.6      5.8   119.0 117.7 113.8 125.6
   100000  2051     29.2      5.7   116.7 113.8 113.8 125.6
   100000  2051     31.5      5.6   115.3 113.9 113.8 125.6
   100000  2051     33.9     10.2   209.1 209.4 198.6 219.8
   100000  2051     35.4     10.2   210.1 209.0 198.9 223.5
   100000  2051     37.1     10.1   207.3 207.5 197.4 222.5
   100000  2051     39.2     10.1   207.9 208.6 197.2 220.6
   100000  2051     41.0     10.3   210.9 210.8 198.0 224.0
   100000  2051     42.8     10.2   208.2 208.4 198.8 220.1
   100000  2051     45.1     10.1   206.5 207.4 196.6 214.6
   100000  2051     48.1     10.1   207.8 208.0 199.1 219.7
   100000  2051     50.8     10.2   209.3 209.0 197.9 219.4
   100000  2051     53.1     10.2   209.6 209.0 198.0 222.5
   100000  2051     56.4     10.1   206.3 207.1 197.1 214.8
   100000  2051     58.9     10.2   209.0 209.7 197.2 222.4
   100000  2051     62.0     10.2   210.2 209.6 197.8 222.1
   100000  2051     65.0     10.1   206.7 207.8 196.5 215.7
   100000  2051     68.6     10.1   206.7 208.1 196.3 220.5
   100000  2051     71.8     10.2   208.7 208.8 199.1 216.5
   100000  2051     75.8     10.2   210.0 208.8 198.2 224.3
   100000  2051     79.0     10.2   208.3 208.0 197.1 220.5
   100000  2051     83.2     10.1   206.2 206.9 197.2 214.9
   100000  2051     86.8     10.3   210.2 209.8 198.0 224.5
   100000  2051     91.0     10.2   209.4 209.8 198.0 221.5
   100000  2051     95.2     10.0   205.9 207.8 197.0 213.9
   100000  2051    100.2     10.1   206.8 207.0 197.2 214.9
   100000  2051    105.2     10.3   210.6 210.1 200.3 222.6
   100000  2051    109.8     10.2   208.9 208.9 199.0 217.7
   100000  2051    115.4     10.1   207.0 207.2 196.9 221.7
   100000  2051    120.5     10.1   207.9 207.9 197.2 219.9
   100000  2051    126.9     10.3   210.6 210.9 200.1 222.7
   100000  2051    132.8     10.2   208.3 208.7 199.1 219.8
   100000  2051    139.0     10.0   205.6 205.0 197.1 213.8
   100000  2051    145.6     10.1   207.7 207.9 197.1 220.6
   100000  2051    153.0     10.3   210.8 210.1 202.3 220.4
   100000  2051    160.0     10.1   207.8 208.1 197.0 222.7
   100000  2051    167.5     10.1   206.9 207.2 196.4 215.8
   100000  2051    174.8     10.2   208.9 209.8 199.2 221.6
   100000  2051    182.4     10.3   211.2 210.8 202.2 222.8
   100000  2051    191.0     10.1   206.6 206.1 197.1 215.8
   100000  2051    199.6     10.0   206.0 207.1 197.1 213.9
   100000  2051    209.4     10.2   208.4 208.8 199.1 215.8
   100000  2051    219.4     10.3   210.7 209.9 200.2 223.7
   100000  2051    229.0     10.1   207.5 208.0 197.1 215.7
   100000  2051    239.6     10.1   206.6 206.0 197.0 219.8
   100000  2051    250.8     10.2   209.9 210.9 199.2 224.4
   100000  2051    262.1     10.2   209.9 208.6 202.0 221.6
   100000  2051    274.4     10.1   206.7 207.0 197.1 214.9
   100000  2051    286.4     10.1   206.2 206.0 196.9 216.6
   100000  2051    299.1     10.2   210.1 210.0 198.2 221.7
   100000  2051    312.1     10.3   210.6 210.8 200.1 221.7
   100000  2051    325.6     10.0   204.9 204.1 196.9 213.9
   100000  2051    339.5     10.2   209.1 209.9 197.0 220.5
   100000  2051    354.4     10.2   209.7 210.1 199.2 221.8
   100000  2051    370.1     10.1   207.8 208.1 197.0 216.6
   100000  2051    386.2     10.1   207.0 206.9 198.2 216.5
   100000  2051    403.6     10.1   206.6 207.9 196.2 217.7
   100000  2051    420.8     10.2   210.0 210.8 199.1 220.5
   100000  2051    438.8     10.2   209.3 208.6 199.1 222.7
   100000  2051    458.0     10.1   206.7 208.0 196.2 214.9
   100000  2051    477.8     10.2   209.7 208.2 198.4 223.6
   100000  2051    498.1     10.2   209.7 210.0 199.2 220.5
   100000  2051    520.4     10.1   207.7 208.0 197.0 215.9
   100000  2051    543.1     10.0   205.5 206.0 196.3 213.9
   100000  2051    566.8     10.2   208.6 208.0 199.2 218.8
   100000  2051    591.5     10.2   210.1 209.9 198.2 224.3
   100000  2051    617.5     10.1   208.1 208.0 198.3 216.4
   100000  2051    643.6     10.1   206.2 204.8 196.2 219.8
   100000  2051    671.9     10.3   211.5 211.0 199.3 224.4
   100000  2051    700.2     10.1   208.1 208.1 198.3 221.8
   100000  2051    730.5     10.1   206.7 207.1 197.2 213.9
   100000  2051    761.2     10.1   207.7 208.0 197.1 218.8
   100000  2051    794.4     10.2   209.2 208.8 198.3 220.5
   100000  2051    828.0     10.2   209.4 208.8 199.3 222.7
   100000  2051    863.2     10.1   207.1 207.0 198.3 219.8
   100000  2051    900.1     10.1   208.1 208.8 197.1 220.5
   100000  2051    938.0     10.3   210.3 209.9 198.3 221.8
   100000  2051    978.6     10.1   207.0 208.0 197.0 215.9
   100000  2051   1020.0     10.1   207.3 208.1 197.1 215.8
   100000  2051   1063.2     10.1   207.7 208.1 199.3 218.8
   100000  2051   1108.4     10.2   209.8 208.8 199.3 223.7
   100000  2051   1155.8     10.2   208.7 208.9 196.4 221.8
   100000  2051   1204.9     10.1   207.2 208.2 198.3 215.0
   100000  2051   1255.8     10.2   209.8 208.9 199.3 224.4
   100000  2051   1309.8     10.2   209.8 208.8 198.2 219.8
   100000  2051   1366.1     10.1   206.2 207.0 197.0 214.8
   100000  2051   1424.2     10.1   207.1 207.1 197.1 215.0
   100000  2051   1485.1     10.3   210.6 210.9 198.3 222.7
   100000  2051   1548.9     10.2   209.1 208.7 198.2 220.5
   100000  2051   1614.9     10.1   206.7 207.0 197.1 216.6
   100000  2051   1683.1     10.2   209.0 208.8 198.2 222.6
   100000  2051   1754.0     10.2   209.6 209.9 199.2 218.8
   100000  2051   1828.6     10.2   208.3 208.8 199.2 221.8
   100000  2051   1905.6     10.1   206.5 207.0 197.1 215.0
   100000  2051   1986.5     10.1   208.0 208.0 196.2 218.8
   100000  2051   2070.2     10.2   210.2 209.9 198.2 220.5
   100000  2051   2158.0     10.1   207.7 208.7 196.3 222.6
   100000  2051   2249.4     10.1   206.7 208.0 197.2 220.0
   100000  2051   2344.1     10.2   209.8 210.0 199.2 219.9
   100000  2051   2443.1     10.2   210.1 210.1 198.3 222.8
   100000  2051   2546.5     10.1   207.1 207.9 197.2 215.8
   100000  2051   2654.5     10.0   205.9 206.1 197.2 213.9
   100000  2051   2766.2     10.2   209.6 210.0 198.4 220.5
   100000  2051   2883.0     10.2   209.9 211.1 198.2 223.7
   100000  2051   3004.1     10.1   207.0 208.1 196.4 219.9
   100000  2051   3131.0     10.1   207.4 208.0 196.4 216.7
   100000  2051   3263.8     10.3   211.1 211.0 200.3 224.6
   100000  2051   3402.0     10.2   208.3 208.1 198.2 216.8
   100000  2051   3545.1     10.1   206.6 207.1 196.4 214.9
   100000  2051   3695.2     10.1   207.2 207.1 197.1 218.8
   100000  2051   3850.6     10.3   210.7 210.0 202.2 222.8
   100000  2051   4012.6     10.2   210.0 210.2 199.5 222.9
   100000  2051   4181.8     14.0   287.9 287.8 279.6 297.0
   100000  2051   4357.9     18.7   384.1 385.0 372.4 396.5
   100000  2051   4541.6     18.9   387.2 386.9 377.0 398.8
   100000  2051   4732.5     18.9   388.1 389.5 377.9 398.3
   100000  2051   4931.8     19.3   395.4 395.3 385.6 404.6
   100000  2051   5140.0     19.7   403.8 404.6 394.9 414.8
   100000  2051   5357.1     20.3   416.2 415.3 405.6 429.2
   100000  2051   5582.1     20.5   421.2 421.3 410.1 435.5
   100000  2051   5817.1     20.9   428.8 430.4 419.3 436.8
   100000  2051   6061.5     21.5   440.9 440.4 430.4 456.2
   100000  2051   6316.2     21.9   448.9 448.9 439.6 460.7
   100000  2051   6582.9     21.8   446.1 447.5 435.1 453.3
   100000  2051   6859.5     21.7   444.3 445.2 435.4 452.9
   100000  2051   7148.5     21.7   445.7 445.7 435.2 456.5
   100000  2051   7448.9     21.6   442.2 442.6 431.1 455.6
   100000  2051   7762.6     20.9   429.5 429.4 419.2 441.3
   100000  2051   8090.0     20.4   417.9 417.6 407.9 430.6
   100000  2051   8430.2     20.0   409.9 409.5 398.1 422.7
   100000  2051   8785.6     19.5   399.5 399.1 392.7 407.4
   100000  2051   9155.2     19.1   391.0 390.1 383.3 401.2
   100000  2051   9541.1     19.2   394.4 395.4 383.5 405.1
   100000  2051   9942.0     19.5   400.7 401.4 389.7 413.3
   100000  2051  10360.6     19.9   407.4 406.9 395.0 420.6
   100000  2051  10797.1     20.2   413.3 412.9 404.8 422.1
   100000  2051  11251.2     20.6   422.9 423.6 411.9 435.5
   100000  2051  11724.4     21.2   433.9 434.4 422.7 446.4
   100000  2051  12217.9     21.5   441.1 442.0 432.2 453.5
   101855  2051  12731.9     22.1   445.6 446.8 435.6 453.0
   106135  2051  13266.9     23.1   446.8 447.4 437.1 456.9
   110600  2051  13825.0     24.2   448.7 447.4 437.6 463.1
   115253  2051  14406.6     25.2   447.8 447.7 435.7 460.9
   120101  2051  15012.6     26.0   444.7 445.0 435.6 453.3
   125156  2051  15644.5     27.4   448.3 448.9 437.1 463.2
   130414  2051  16301.8     28.5   448.4 447.5 437.5 461.1
   135898  2051  16987.2     29.6   446.4 447.4 437.1 453.4
   141606  2051  17700.8     30.7   444.3 443.6 435.6 453.0
   147561  2051  18445.1     32.3   449.5 449.4 437.4 459.4
   153764  2051  19220.5     33.6   448.0 448.9 437.6 460.8
   160232  2051  20029.0     34.8   445.5 445.2 435.6 459.1
   166962  2051  20870.2     36.4   447.5 449.0 435.6 460.9
   173980  2051  21747.5     38.1   448.6 448.9 437.5 460.7
   181298  2051  22662.2     39.5   446.6 446.8 437.1 455.3
   188923  2051  23615.4     41.0   445.6 445.5 437.0 459.0
   196862  2051  24607.8     42.8   445.7 446.8 434.9 454.7
   205136  2051  25642.0     44.9   448.7 449.4 437.5 461.2
   213762  2051  26720.2     46.6   447.1 446.7 435.6 461.2
   222750  2051  27843.8     48.4   446.0 446.8 435.5 454.7
   232110  2051  29013.8     50.6   447.2 447.4 437.1 458.6
   241859  2051  30232.4     52.9   448.5 448.9 437.6 460.7
   252024  2051  31503.0     54.8   446.2 447.4 435.0 459.1
   262618  2051  32827.2     57.0   445.2 445.0 437.0 453.2
   273658  2051  34207.2     59.7   447.8 447.4 437.1 459.3
   285160  2051  35645.0     62.4   448.7 447.4 437.1 463.1
   297140  2051  37142.5     64.6   445.7 444.9 435.5 460.8
   309627  2051  38703.4     67.4   446.5 446.8 435.0 458.6
   322632  2051  40329.0     70.7   449.4 448.9 437.1 462.6
   336190  2051  42023.8     73.3   447.0 446.8 437.5 459.2
   350312  2051  43789.0     76.0   445.2 445.4 435.5 453.4
   365030  2051  45628.8     79.5   446.5 447.3 437.4 459.2
   380369  2051  47546.1     83.1   448.0 447.4 437.5 458.7
   396352  2051  49544.0     86.6   448.0 446.9 437.4 461.1
   412999  2051  51624.9     89.6   444.9 445.4 435.5 452.8
   430346  2051  53793.2     93.9   447.6 448.8 435.5 461.1
   448426  2051  56053.2     98.1   448.9 449.2 437.0 461.0
   467270  2051  58408.8    101.5   445.3 446.7 435.5 454.6
   486904  2051  60863.0    105.8   445.5 446.8 435.6 458.6
   507357  2051  63419.6    110.6   447.1 446.9 437.4 454.3
   528672  2051  66084.0    116.2   450.6 449.5 438.8 465.5
   550879  2051  68859.9    121.5   452.3 452.6 440.1 464.5
   574018  2051  71752.2    127.0   453.8 454.2 442.9 463.2
   598132  2051  74766.5    134.8   462.1 460.7 448.9 477.5
   623259  2051  77907.4    140.9   463.8 462.4 450.9 478.5
   649446  2051  81180.8    147.0   464.4 466.6 452.0 476.5
   676725  2051  84590.6    154.5   468.3 467.6 454.5 478.9
   705155  2051  88144.4    163.3   475.1 475.1 460.5 489.8
   734776  2051  91847.0    170.4   475.7 475.5 462.1 486.8
   765638  2051  95704.8    178.1   477.1 478.0 461.9 496.4
   797800  2051  99725.0    187.0   480.6 479.0 463.8 496.0
   831315  2051 103914.4    197.2   486.6 488.1 469.9 502.3
   866231  2051 108278.9    205.6   486.8 487.0 472.1 501.1
   902614  2051 112826.8    213.5   485.1 484.6 470.0 498.6
   940526  2051 117565.8    224.9   490.4 491.4 472.3 509.3
   980039  2051 122504.9    237.1   496.3 496.8 480.7 509.0
  1123328  2051 140416.0    272.9   498.3 496.3 479.6 520.7
  1287564  2051 160945.5    316.4   504.0 502.3 484.6 522.2
  1475811  2051 184476.4    367.9   511.3 513.5 492.9 532.8
  1691583  2051 211447.9    428.7   519.8 520.8 504.4 539.2
  1938904  2051 242363.0    488.5   516.7 516.1 496.0 539.5
  2222379  2051 277797.4    901.1   831.6 830.7 807.8 853.0
  2547290  2051 318411.2   1056.6   850.7 854.2 830.3 871.2
  2919711  2051 364963.9   1219.5   856.6 856.1 831.0 883.2
  3346575  2051 418321.9   1397.1   856.2 857.8 829.7 878.5
  3835856  2051 479482.0   1600.0   855.5 859.9 830.7 880.9
  4396667  2051 549583.4   1846.2   861.2 857.7 837.1 887.7
  5039468  2051 629933.5   2124.8   864.8 868.8 844.2 885.8
  5776248  2051 722031.0   2426.1   861.5 861.1 835.1 885.1
  6620739  2051 827592.4   2781.1   861.6 862.2 835.8 883.3
  7588703  2051 948587.9   3206.5   866.6 868.1 840.8 890.0
  8698177  2051 1087272.1   3691.3   870.4 874.2 844.7 890.0
  9969856  2051 1246232.0   4192.0   862.4 863.3 839.2 890.0
 11427450  2051 1428431.2   4839.1   868.5 870.2 839.0 886.7
 13098152  2051 1637269.0   5551.0   869.2 871.6 843.2 894.4
 15013111  2051 1876638.9   6360.4   868.9 870.7 841.1 890.5
 17208029  2051 2151003.6   7287.7   868.6 870.5 845.0 891.9

